[2025-02-22T17:05:28.399+0000] {processor.py:186} INFO - Started process (PID=96) to work on /home/airflow/.local/lib/python3.12/site-packages/airflow/example_dags/example_kubernetes_executor.py
[2025-02-22T17:05:28.400+0000] {processor.py:914} INFO - Processing file /home/airflow/.local/lib/python3.12/site-packages/airflow/example_dags/example_kubernetes_executor.py for tasks to queue
[2025-02-22T17:05:28.401+0000] {logging_mixin.py:190} INFO - [2025-02-22T17:05:28.401+0000] {dagbag.py:588} INFO - Filling up the DagBag from /home/airflow/.local/lib/python3.12/site-packages/airflow/example_dags/example_kubernetes_executor.py
[2025-02-22T17:05:28.408+0000] {processor.py:925} INFO - DAG(s) 'example_kubernetes_executor' retrieved from /home/airflow/.local/lib/python3.12/site-packages/airflow/example_dags/example_kubernetes_executor.py
[2025-02-22T17:05:28.447+0000] {logging_mixin.py:190} INFO - [2025-02-22T17:05:28.447+0000] {override.py:1912} INFO - Created Permission View: can edit on DAG:example_kubernetes_executor
[2025-02-22T17:05:28.451+0000] {logging_mixin.py:190} INFO - [2025-02-22T17:05:28.450+0000] {override.py:1912} INFO - Created Permission View: can delete on DAG:example_kubernetes_executor
[2025-02-22T17:05:28.454+0000] {logging_mixin.py:190} INFO - [2025-02-22T17:05:28.454+0000] {override.py:1912} INFO - Created Permission View: can read on DAG:example_kubernetes_executor
[2025-02-22T17:05:28.456+0000] {logging_mixin.py:190} INFO - [2025-02-22T17:05:28.456+0000] {override.py:1912} INFO - Created Permission View: menu access on DAG Run:example_kubernetes_executor
[2025-02-22T17:05:28.460+0000] {logging_mixin.py:190} INFO - [2025-02-22T17:05:28.460+0000] {override.py:1912} INFO - Created Permission View: can create on DAG Run:example_kubernetes_executor
[2025-02-22T17:05:28.462+0000] {logging_mixin.py:190} INFO - [2025-02-22T17:05:28.462+0000] {override.py:1912} INFO - Created Permission View: can delete on DAG Run:example_kubernetes_executor
[2025-02-22T17:05:28.464+0000] {logging_mixin.py:190} INFO - [2025-02-22T17:05:28.464+0000] {override.py:1912} INFO - Created Permission View: can read on DAG Run:example_kubernetes_executor
[2025-02-22T17:05:28.464+0000] {logging_mixin.py:190} INFO - [2025-02-22T17:05:28.464+0000] {dag.py:3239} INFO - Sync 1 DAGs
[2025-02-22T17:05:28.469+0000] {logging_mixin.py:190} INFO - [2025-02-22T17:05:28.469+0000] {dag.py:3262} INFO - Creating ORM DAG for example_kubernetes_executor
[2025-02-22T17:05:28.469+0000] {logging_mixin.py:190} INFO - [2025-02-22T17:05:28.469+0000] {dag.py:4180} INFO - Setting next_dagrun for example_kubernetes_executor to None, run_after=None
[2025-02-22T17:05:28.474+0000] {processor.py:208} INFO - Processing /home/airflow/.local/lib/python3.12/site-packages/airflow/example_dags/example_kubernetes_executor.py took 0.077 seconds
[2025-02-22T17:05:58.525+0000] {processor.py:186} INFO - Started process (PID=159) to work on /home/airflow/.local/lib/python3.12/site-packages/airflow/example_dags/example_kubernetes_executor.py
[2025-02-22T17:05:58.526+0000] {processor.py:914} INFO - Processing file /home/airflow/.local/lib/python3.12/site-packages/airflow/example_dags/example_kubernetes_executor.py for tasks to queue
[2025-02-22T17:05:58.527+0000] {logging_mixin.py:190} INFO - [2025-02-22T17:05:58.527+0000] {dagbag.py:588} INFO - Filling up the DagBag from /home/airflow/.local/lib/python3.12/site-packages/airflow/example_dags/example_kubernetes_executor.py
[2025-02-22T17:05:58.532+0000] {processor.py:925} INFO - DAG(s) 'example_kubernetes_executor' retrieved from /home/airflow/.local/lib/python3.12/site-packages/airflow/example_dags/example_kubernetes_executor.py
[2025-02-22T17:05:58.542+0000] {logging_mixin.py:190} INFO - [2025-02-22T17:05:58.542+0000] {dag.py:3239} INFO - Sync 1 DAGs
[2025-02-22T17:05:58.547+0000] {logging_mixin.py:190} INFO - [2025-02-22T17:05:58.547+0000] {dag.py:4180} INFO - Setting next_dagrun for example_kubernetes_executor to None, run_after=None
[2025-02-22T17:05:58.553+0000] {processor.py:208} INFO - Processing /home/airflow/.local/lib/python3.12/site-packages/airflow/example_dags/example_kubernetes_executor.py took 0.030 seconds
[2025-02-22T17:06:28.805+0000] {processor.py:186} INFO - Started process (PID=222) to work on /home/airflow/.local/lib/python3.12/site-packages/airflow/example_dags/example_kubernetes_executor.py
[2025-02-22T17:06:28.805+0000] {processor.py:914} INFO - Processing file /home/airflow/.local/lib/python3.12/site-packages/airflow/example_dags/example_kubernetes_executor.py for tasks to queue
[2025-02-22T17:06:28.806+0000] {logging_mixin.py:190} INFO - [2025-02-22T17:06:28.806+0000] {dagbag.py:588} INFO - Filling up the DagBag from /home/airflow/.local/lib/python3.12/site-packages/airflow/example_dags/example_kubernetes_executor.py
[2025-02-22T17:06:28.811+0000] {processor.py:925} INFO - DAG(s) 'example_kubernetes_executor' retrieved from /home/airflow/.local/lib/python3.12/site-packages/airflow/example_dags/example_kubernetes_executor.py
[2025-02-22T17:06:28.822+0000] {logging_mixin.py:190} INFO - [2025-02-22T17:06:28.822+0000] {dag.py:3239} INFO - Sync 1 DAGs
[2025-02-22T17:06:28.828+0000] {logging_mixin.py:190} INFO - [2025-02-22T17:06:28.828+0000] {dag.py:4180} INFO - Setting next_dagrun for example_kubernetes_executor to None, run_after=None
[2025-02-22T17:06:28.834+0000] {processor.py:208} INFO - Processing /home/airflow/.local/lib/python3.12/site-packages/airflow/example_dags/example_kubernetes_executor.py took 0.032 seconds
[2025-02-22T17:06:59.850+0000] {processor.py:186} INFO - Started process (PID=284) to work on /home/airflow/.local/lib/python3.12/site-packages/airflow/example_dags/example_kubernetes_executor.py
[2025-02-22T17:06:59.850+0000] {processor.py:914} INFO - Processing file /home/airflow/.local/lib/python3.12/site-packages/airflow/example_dags/example_kubernetes_executor.py for tasks to queue
[2025-02-22T17:06:59.851+0000] {logging_mixin.py:190} INFO - [2025-02-22T17:06:59.851+0000] {dagbag.py:588} INFO - Filling up the DagBag from /home/airflow/.local/lib/python3.12/site-packages/airflow/example_dags/example_kubernetes_executor.py
[2025-02-22T17:06:59.857+0000] {processor.py:925} INFO - DAG(s) 'example_kubernetes_executor' retrieved from /home/airflow/.local/lib/python3.12/site-packages/airflow/example_dags/example_kubernetes_executor.py
[2025-02-22T17:06:59.866+0000] {logging_mixin.py:190} INFO - [2025-02-22T17:06:59.865+0000] {dag.py:3239} INFO - Sync 1 DAGs
[2025-02-22T17:06:59.871+0000] {logging_mixin.py:190} INFO - [2025-02-22T17:06:59.871+0000] {dag.py:4180} INFO - Setting next_dagrun for example_kubernetes_executor to None, run_after=None
[2025-02-22T17:06:59.878+0000] {processor.py:208} INFO - Processing /home/airflow/.local/lib/python3.12/site-packages/airflow/example_dags/example_kubernetes_executor.py took 0.030 seconds
[2025-02-22T17:07:30.957+0000] {processor.py:186} INFO - Started process (PID=347) to work on /home/airflow/.local/lib/python3.12/site-packages/airflow/example_dags/example_kubernetes_executor.py
[2025-02-22T17:07:30.957+0000] {processor.py:914} INFO - Processing file /home/airflow/.local/lib/python3.12/site-packages/airflow/example_dags/example_kubernetes_executor.py for tasks to queue
[2025-02-22T17:07:30.959+0000] {logging_mixin.py:190} INFO - [2025-02-22T17:07:30.958+0000] {dagbag.py:588} INFO - Filling up the DagBag from /home/airflow/.local/lib/python3.12/site-packages/airflow/example_dags/example_kubernetes_executor.py
[2025-02-22T17:07:30.964+0000] {processor.py:925} INFO - DAG(s) 'example_kubernetes_executor' retrieved from /home/airflow/.local/lib/python3.12/site-packages/airflow/example_dags/example_kubernetes_executor.py
[2025-02-22T17:07:30.974+0000] {logging_mixin.py:190} INFO - [2025-02-22T17:07:30.974+0000] {dag.py:3239} INFO - Sync 1 DAGs
[2025-02-22T17:07:30.980+0000] {logging_mixin.py:190} INFO - [2025-02-22T17:07:30.980+0000] {dag.py:4180} INFO - Setting next_dagrun for example_kubernetes_executor to None, run_after=None
[2025-02-22T17:07:30.989+0000] {processor.py:208} INFO - Processing /home/airflow/.local/lib/python3.12/site-packages/airflow/example_dags/example_kubernetes_executor.py took 0.035 seconds
[2025-02-22T17:08:01.972+0000] {processor.py:186} INFO - Started process (PID=409) to work on /home/airflow/.local/lib/python3.12/site-packages/airflow/example_dags/example_kubernetes_executor.py
[2025-02-22T17:08:01.973+0000] {processor.py:914} INFO - Processing file /home/airflow/.local/lib/python3.12/site-packages/airflow/example_dags/example_kubernetes_executor.py for tasks to queue
[2025-02-22T17:08:01.974+0000] {logging_mixin.py:190} INFO - [2025-02-22T17:08:01.974+0000] {dagbag.py:588} INFO - Filling up the DagBag from /home/airflow/.local/lib/python3.12/site-packages/airflow/example_dags/example_kubernetes_executor.py
[2025-02-22T17:08:01.979+0000] {processor.py:925} INFO - DAG(s) 'example_kubernetes_executor' retrieved from /home/airflow/.local/lib/python3.12/site-packages/airflow/example_dags/example_kubernetes_executor.py
[2025-02-22T17:08:01.988+0000] {logging_mixin.py:190} INFO - [2025-02-22T17:08:01.988+0000] {dag.py:3239} INFO - Sync 1 DAGs
[2025-02-22T17:08:01.992+0000] {logging_mixin.py:190} INFO - [2025-02-22T17:08:01.992+0000] {dag.py:4180} INFO - Setting next_dagrun for example_kubernetes_executor to None, run_after=None
[2025-02-22T17:08:01.998+0000] {processor.py:208} INFO - Processing /home/airflow/.local/lib/python3.12/site-packages/airflow/example_dags/example_kubernetes_executor.py took 0.028 seconds
[2025-02-22T17:08:32.988+0000] {processor.py:186} INFO - Started process (PID=472) to work on /home/airflow/.local/lib/python3.12/site-packages/airflow/example_dags/example_kubernetes_executor.py
[2025-02-22T17:08:32.989+0000] {processor.py:914} INFO - Processing file /home/airflow/.local/lib/python3.12/site-packages/airflow/example_dags/example_kubernetes_executor.py for tasks to queue
[2025-02-22T17:08:32.990+0000] {logging_mixin.py:190} INFO - [2025-02-22T17:08:32.989+0000] {dagbag.py:588} INFO - Filling up the DagBag from /home/airflow/.local/lib/python3.12/site-packages/airflow/example_dags/example_kubernetes_executor.py
[2025-02-22T17:08:32.995+0000] {processor.py:925} INFO - DAG(s) 'example_kubernetes_executor' retrieved from /home/airflow/.local/lib/python3.12/site-packages/airflow/example_dags/example_kubernetes_executor.py
[2025-02-22T17:08:33.005+0000] {logging_mixin.py:190} INFO - [2025-02-22T17:08:33.005+0000] {dag.py:3239} INFO - Sync 1 DAGs
[2025-02-22T17:08:33.011+0000] {logging_mixin.py:190} INFO - [2025-02-22T17:08:33.011+0000] {dag.py:4180} INFO - Setting next_dagrun for example_kubernetes_executor to None, run_after=None
[2025-02-22T17:08:33.017+0000] {processor.py:208} INFO - Processing /home/airflow/.local/lib/python3.12/site-packages/airflow/example_dags/example_kubernetes_executor.py took 0.031 seconds
[2025-02-22T17:09:03.956+0000] {processor.py:186} INFO - Started process (PID=535) to work on /home/airflow/.local/lib/python3.12/site-packages/airflow/example_dags/example_kubernetes_executor.py
[2025-02-22T17:09:03.956+0000] {processor.py:914} INFO - Processing file /home/airflow/.local/lib/python3.12/site-packages/airflow/example_dags/example_kubernetes_executor.py for tasks to queue
[2025-02-22T17:09:03.957+0000] {logging_mixin.py:190} INFO - [2025-02-22T17:09:03.957+0000] {dagbag.py:588} INFO - Filling up the DagBag from /home/airflow/.local/lib/python3.12/site-packages/airflow/example_dags/example_kubernetes_executor.py
[2025-02-22T17:09:03.962+0000] {processor.py:925} INFO - DAG(s) 'example_kubernetes_executor' retrieved from /home/airflow/.local/lib/python3.12/site-packages/airflow/example_dags/example_kubernetes_executor.py
[2025-02-22T17:09:03.972+0000] {logging_mixin.py:190} INFO - [2025-02-22T17:09:03.972+0000] {dag.py:3239} INFO - Sync 1 DAGs
[2025-02-22T17:09:03.978+0000] {logging_mixin.py:190} INFO - [2025-02-22T17:09:03.978+0000] {dag.py:4180} INFO - Setting next_dagrun for example_kubernetes_executor to None, run_after=None
[2025-02-22T17:09:03.984+0000] {processor.py:208} INFO - Processing /home/airflow/.local/lib/python3.12/site-packages/airflow/example_dags/example_kubernetes_executor.py took 0.030 seconds
[2025-02-22T17:09:34.954+0000] {processor.py:186} INFO - Started process (PID=598) to work on /home/airflow/.local/lib/python3.12/site-packages/airflow/example_dags/example_kubernetes_executor.py
[2025-02-22T17:09:34.954+0000] {processor.py:914} INFO - Processing file /home/airflow/.local/lib/python3.12/site-packages/airflow/example_dags/example_kubernetes_executor.py for tasks to queue
[2025-02-22T17:09:34.955+0000] {logging_mixin.py:190} INFO - [2025-02-22T17:09:34.955+0000] {dagbag.py:588} INFO - Filling up the DagBag from /home/airflow/.local/lib/python3.12/site-packages/airflow/example_dags/example_kubernetes_executor.py
[2025-02-22T17:09:34.960+0000] {processor.py:925} INFO - DAG(s) 'example_kubernetes_executor' retrieved from /home/airflow/.local/lib/python3.12/site-packages/airflow/example_dags/example_kubernetes_executor.py
[2025-02-22T17:09:34.970+0000] {logging_mixin.py:190} INFO - [2025-02-22T17:09:34.970+0000] {dag.py:3239} INFO - Sync 1 DAGs
[2025-02-22T17:09:34.975+0000] {logging_mixin.py:190} INFO - [2025-02-22T17:09:34.975+0000] {dag.py:4180} INFO - Setting next_dagrun for example_kubernetes_executor to None, run_after=None
[2025-02-22T17:09:34.981+0000] {processor.py:208} INFO - Processing /home/airflow/.local/lib/python3.12/site-packages/airflow/example_dags/example_kubernetes_executor.py took 0.030 seconds
[2025-02-22T17:10:05.935+0000] {processor.py:186} INFO - Started process (PID=661) to work on /home/airflow/.local/lib/python3.12/site-packages/airflow/example_dags/example_kubernetes_executor.py
[2025-02-22T17:10:05.935+0000] {processor.py:914} INFO - Processing file /home/airflow/.local/lib/python3.12/site-packages/airflow/example_dags/example_kubernetes_executor.py for tasks to queue
[2025-02-22T17:10:05.936+0000] {logging_mixin.py:190} INFO - [2025-02-22T17:10:05.936+0000] {dagbag.py:588} INFO - Filling up the DagBag from /home/airflow/.local/lib/python3.12/site-packages/airflow/example_dags/example_kubernetes_executor.py
[2025-02-22T17:10:05.942+0000] {processor.py:925} INFO - DAG(s) 'example_kubernetes_executor' retrieved from /home/airflow/.local/lib/python3.12/site-packages/airflow/example_dags/example_kubernetes_executor.py
[2025-02-22T17:10:05.953+0000] {logging_mixin.py:190} INFO - [2025-02-22T17:10:05.953+0000] {dag.py:3239} INFO - Sync 1 DAGs
[2025-02-22T17:10:05.958+0000] {logging_mixin.py:190} INFO - [2025-02-22T17:10:05.958+0000] {dag.py:4180} INFO - Setting next_dagrun for example_kubernetes_executor to None, run_after=None
[2025-02-22T17:10:05.966+0000] {processor.py:208} INFO - Processing /home/airflow/.local/lib/python3.12/site-packages/airflow/example_dags/example_kubernetes_executor.py took 0.033 seconds
[2025-02-22T17:10:37.004+0000] {processor.py:186} INFO - Started process (PID=724) to work on /home/airflow/.local/lib/python3.12/site-packages/airflow/example_dags/example_kubernetes_executor.py
[2025-02-22T17:10:37.004+0000] {processor.py:914} INFO - Processing file /home/airflow/.local/lib/python3.12/site-packages/airflow/example_dags/example_kubernetes_executor.py for tasks to queue
[2025-02-22T17:10:37.005+0000] {logging_mixin.py:190} INFO - [2025-02-22T17:10:37.005+0000] {dagbag.py:588} INFO - Filling up the DagBag from /home/airflow/.local/lib/python3.12/site-packages/airflow/example_dags/example_kubernetes_executor.py
[2025-02-22T17:10:37.010+0000] {processor.py:925} INFO - DAG(s) 'example_kubernetes_executor' retrieved from /home/airflow/.local/lib/python3.12/site-packages/airflow/example_dags/example_kubernetes_executor.py
[2025-02-22T17:10:37.019+0000] {logging_mixin.py:190} INFO - [2025-02-22T17:10:37.019+0000] {dag.py:3239} INFO - Sync 1 DAGs
[2025-02-22T17:10:37.025+0000] {logging_mixin.py:190} INFO - [2025-02-22T17:10:37.025+0000] {dag.py:4180} INFO - Setting next_dagrun for example_kubernetes_executor to None, run_after=None
[2025-02-22T17:10:37.031+0000] {processor.py:208} INFO - Processing /home/airflow/.local/lib/python3.12/site-packages/airflow/example_dags/example_kubernetes_executor.py took 0.030 seconds
[2025-02-22T17:11:07.982+0000] {processor.py:186} INFO - Started process (PID=787) to work on /home/airflow/.local/lib/python3.12/site-packages/airflow/example_dags/example_kubernetes_executor.py
[2025-02-22T17:11:07.984+0000] {processor.py:914} INFO - Processing file /home/airflow/.local/lib/python3.12/site-packages/airflow/example_dags/example_kubernetes_executor.py for tasks to queue
[2025-02-22T17:11:07.985+0000] {logging_mixin.py:190} INFO - [2025-02-22T17:11:07.985+0000] {dagbag.py:588} INFO - Filling up the DagBag from /home/airflow/.local/lib/python3.12/site-packages/airflow/example_dags/example_kubernetes_executor.py
[2025-02-22T17:11:07.991+0000] {processor.py:925} INFO - DAG(s) 'example_kubernetes_executor' retrieved from /home/airflow/.local/lib/python3.12/site-packages/airflow/example_dags/example_kubernetes_executor.py
[2025-02-22T17:11:08.001+0000] {logging_mixin.py:190} INFO - [2025-02-22T17:11:08.001+0000] {dag.py:3239} INFO - Sync 1 DAGs
[2025-02-22T17:11:08.006+0000] {logging_mixin.py:190} INFO - [2025-02-22T17:11:08.006+0000] {dag.py:4180} INFO - Setting next_dagrun for example_kubernetes_executor to None, run_after=None
[2025-02-22T17:11:08.015+0000] {processor.py:208} INFO - Processing /home/airflow/.local/lib/python3.12/site-packages/airflow/example_dags/example_kubernetes_executor.py took 0.035 seconds
[2025-02-22T17:11:38.964+0000] {processor.py:186} INFO - Started process (PID=850) to work on /home/airflow/.local/lib/python3.12/site-packages/airflow/example_dags/example_kubernetes_executor.py
[2025-02-22T17:11:38.965+0000] {processor.py:914} INFO - Processing file /home/airflow/.local/lib/python3.12/site-packages/airflow/example_dags/example_kubernetes_executor.py for tasks to queue
[2025-02-22T17:11:38.966+0000] {logging_mixin.py:190} INFO - [2025-02-22T17:11:38.965+0000] {dagbag.py:588} INFO - Filling up the DagBag from /home/airflow/.local/lib/python3.12/site-packages/airflow/example_dags/example_kubernetes_executor.py
[2025-02-22T17:11:38.971+0000] {processor.py:925} INFO - DAG(s) 'example_kubernetes_executor' retrieved from /home/airflow/.local/lib/python3.12/site-packages/airflow/example_dags/example_kubernetes_executor.py
[2025-02-22T17:11:38.981+0000] {logging_mixin.py:190} INFO - [2025-02-22T17:11:38.981+0000] {dag.py:3239} INFO - Sync 1 DAGs
[2025-02-22T17:11:38.986+0000] {logging_mixin.py:190} INFO - [2025-02-22T17:11:38.986+0000] {dag.py:4180} INFO - Setting next_dagrun for example_kubernetes_executor to None, run_after=None
[2025-02-22T17:11:38.992+0000] {processor.py:208} INFO - Processing /home/airflow/.local/lib/python3.12/site-packages/airflow/example_dags/example_kubernetes_executor.py took 0.030 seconds
[2025-02-22T17:12:09.972+0000] {processor.py:186} INFO - Started process (PID=913) to work on /home/airflow/.local/lib/python3.12/site-packages/airflow/example_dags/example_kubernetes_executor.py
[2025-02-22T17:12:09.972+0000] {processor.py:914} INFO - Processing file /home/airflow/.local/lib/python3.12/site-packages/airflow/example_dags/example_kubernetes_executor.py for tasks to queue
[2025-02-22T17:12:09.973+0000] {logging_mixin.py:190} INFO - [2025-02-22T17:12:09.973+0000] {dagbag.py:588} INFO - Filling up the DagBag from /home/airflow/.local/lib/python3.12/site-packages/airflow/example_dags/example_kubernetes_executor.py
[2025-02-22T17:12:09.979+0000] {processor.py:925} INFO - DAG(s) 'example_kubernetes_executor' retrieved from /home/airflow/.local/lib/python3.12/site-packages/airflow/example_dags/example_kubernetes_executor.py
[2025-02-22T17:12:09.988+0000] {logging_mixin.py:190} INFO - [2025-02-22T17:12:09.988+0000] {dag.py:3239} INFO - Sync 1 DAGs
[2025-02-22T17:12:09.995+0000] {logging_mixin.py:190} INFO - [2025-02-22T17:12:09.995+0000] {dag.py:4180} INFO - Setting next_dagrun for example_kubernetes_executor to None, run_after=None
[2025-02-22T17:12:10.005+0000] {processor.py:208} INFO - Processing /home/airflow/.local/lib/python3.12/site-packages/airflow/example_dags/example_kubernetes_executor.py took 0.035 seconds
[2025-02-22T17:12:41.003+0000] {processor.py:186} INFO - Started process (PID=976) to work on /home/airflow/.local/lib/python3.12/site-packages/airflow/example_dags/example_kubernetes_executor.py
[2025-02-22T17:12:41.004+0000] {processor.py:914} INFO - Processing file /home/airflow/.local/lib/python3.12/site-packages/airflow/example_dags/example_kubernetes_executor.py for tasks to queue
[2025-02-22T17:12:41.004+0000] {logging_mixin.py:190} INFO - [2025-02-22T17:12:41.004+0000] {dagbag.py:588} INFO - Filling up the DagBag from /home/airflow/.local/lib/python3.12/site-packages/airflow/example_dags/example_kubernetes_executor.py
[2025-02-22T17:12:41.010+0000] {processor.py:925} INFO - DAG(s) 'example_kubernetes_executor' retrieved from /home/airflow/.local/lib/python3.12/site-packages/airflow/example_dags/example_kubernetes_executor.py
[2025-02-22T17:12:41.020+0000] {logging_mixin.py:190} INFO - [2025-02-22T17:12:41.020+0000] {dag.py:3239} INFO - Sync 1 DAGs
[2025-02-22T17:12:41.025+0000] {logging_mixin.py:190} INFO - [2025-02-22T17:12:41.025+0000] {dag.py:4180} INFO - Setting next_dagrun for example_kubernetes_executor to None, run_after=None
[2025-02-22T17:12:41.032+0000] {processor.py:208} INFO - Processing /home/airflow/.local/lib/python3.12/site-packages/airflow/example_dags/example_kubernetes_executor.py took 0.031 seconds
[2025-02-22T17:13:12.028+0000] {processor.py:186} INFO - Started process (PID=1039) to work on /home/airflow/.local/lib/python3.12/site-packages/airflow/example_dags/example_kubernetes_executor.py
[2025-02-22T17:13:12.029+0000] {processor.py:914} INFO - Processing file /home/airflow/.local/lib/python3.12/site-packages/airflow/example_dags/example_kubernetes_executor.py for tasks to queue
[2025-02-22T17:13:12.030+0000] {logging_mixin.py:190} INFO - [2025-02-22T17:13:12.029+0000] {dagbag.py:588} INFO - Filling up the DagBag from /home/airflow/.local/lib/python3.12/site-packages/airflow/example_dags/example_kubernetes_executor.py
[2025-02-22T17:13:12.035+0000] {processor.py:925} INFO - DAG(s) 'example_kubernetes_executor' retrieved from /home/airflow/.local/lib/python3.12/site-packages/airflow/example_dags/example_kubernetes_executor.py
[2025-02-22T17:13:12.044+0000] {logging_mixin.py:190} INFO - [2025-02-22T17:13:12.044+0000] {dag.py:3239} INFO - Sync 1 DAGs
[2025-02-22T17:13:12.049+0000] {logging_mixin.py:190} INFO - [2025-02-22T17:13:12.049+0000] {dag.py:4180} INFO - Setting next_dagrun for example_kubernetes_executor to None, run_after=None
[2025-02-22T17:13:12.055+0000] {processor.py:208} INFO - Processing /home/airflow/.local/lib/python3.12/site-packages/airflow/example_dags/example_kubernetes_executor.py took 0.028 seconds
[2025-02-22T17:15:56.174+0000] {processor.py:186} INFO - Started process (PID=90) to work on /home/airflow/.local/lib/python3.12/site-packages/airflow/example_dags/example_kubernetes_executor.py
[2025-02-22T17:15:56.175+0000] {processor.py:914} INFO - Processing file /home/airflow/.local/lib/python3.12/site-packages/airflow/example_dags/example_kubernetes_executor.py for tasks to queue
[2025-02-22T17:15:56.176+0000] {logging_mixin.py:190} INFO - [2025-02-22T17:15:56.176+0000] {dagbag.py:588} INFO - Filling up the DagBag from /home/airflow/.local/lib/python3.12/site-packages/airflow/example_dags/example_kubernetes_executor.py
[2025-02-22T17:15:56.182+0000] {processor.py:925} INFO - DAG(s) 'example_kubernetes_executor' retrieved from /home/airflow/.local/lib/python3.12/site-packages/airflow/example_dags/example_kubernetes_executor.py
[2025-02-22T17:15:56.192+0000] {logging_mixin.py:190} INFO - [2025-02-22T17:15:56.192+0000] {dag.py:3239} INFO - Sync 1 DAGs
[2025-02-22T17:15:56.198+0000] {logging_mixin.py:190} INFO - [2025-02-22T17:15:56.198+0000] {dag.py:4180} INFO - Setting next_dagrun for example_kubernetes_executor to None, run_after=None
[2025-02-22T17:15:56.208+0000] {processor.py:208} INFO - Processing /home/airflow/.local/lib/python3.12/site-packages/airflow/example_dags/example_kubernetes_executor.py took 0.037 seconds
[2025-02-22T17:16:26.479+0000] {processor.py:186} INFO - Started process (PID=153) to work on /home/airflow/.local/lib/python3.12/site-packages/airflow/example_dags/example_kubernetes_executor.py
[2025-02-22T17:16:26.480+0000] {processor.py:914} INFO - Processing file /home/airflow/.local/lib/python3.12/site-packages/airflow/example_dags/example_kubernetes_executor.py for tasks to queue
[2025-02-22T17:16:26.481+0000] {logging_mixin.py:190} INFO - [2025-02-22T17:16:26.481+0000] {dagbag.py:588} INFO - Filling up the DagBag from /home/airflow/.local/lib/python3.12/site-packages/airflow/example_dags/example_kubernetes_executor.py
[2025-02-22T17:16:26.486+0000] {processor.py:925} INFO - DAG(s) 'example_kubernetes_executor' retrieved from /home/airflow/.local/lib/python3.12/site-packages/airflow/example_dags/example_kubernetes_executor.py
[2025-02-22T17:16:26.496+0000] {logging_mixin.py:190} INFO - [2025-02-22T17:16:26.496+0000] {dag.py:3239} INFO - Sync 1 DAGs
[2025-02-22T17:16:26.502+0000] {logging_mixin.py:190} INFO - [2025-02-22T17:16:26.502+0000] {dag.py:4180} INFO - Setting next_dagrun for example_kubernetes_executor to None, run_after=None
[2025-02-22T17:16:26.511+0000] {processor.py:208} INFO - Processing /home/airflow/.local/lib/python3.12/site-packages/airflow/example_dags/example_kubernetes_executor.py took 0.034 seconds
[2025-02-22T17:16:57.552+0000] {processor.py:186} INFO - Started process (PID=216) to work on /home/airflow/.local/lib/python3.12/site-packages/airflow/example_dags/example_kubernetes_executor.py
[2025-02-22T17:16:57.553+0000] {processor.py:914} INFO - Processing file /home/airflow/.local/lib/python3.12/site-packages/airflow/example_dags/example_kubernetes_executor.py for tasks to queue
[2025-02-22T17:16:57.555+0000] {logging_mixin.py:190} INFO - [2025-02-22T17:16:57.555+0000] {dagbag.py:588} INFO - Filling up the DagBag from /home/airflow/.local/lib/python3.12/site-packages/airflow/example_dags/example_kubernetes_executor.py
[2025-02-22T17:16:57.562+0000] {processor.py:925} INFO - DAG(s) 'example_kubernetes_executor' retrieved from /home/airflow/.local/lib/python3.12/site-packages/airflow/example_dags/example_kubernetes_executor.py
[2025-02-22T17:16:57.572+0000] {logging_mixin.py:190} INFO - [2025-02-22T17:16:57.572+0000] {dag.py:3239} INFO - Sync 1 DAGs
[2025-02-22T17:16:57.578+0000] {logging_mixin.py:190} INFO - [2025-02-22T17:16:57.578+0000] {dag.py:4180} INFO - Setting next_dagrun for example_kubernetes_executor to None, run_after=None
[2025-02-22T17:16:57.584+0000] {processor.py:208} INFO - Processing /home/airflow/.local/lib/python3.12/site-packages/airflow/example_dags/example_kubernetes_executor.py took 0.034 seconds
[2025-02-22T17:17:28.796+0000] {processor.py:186} INFO - Started process (PID=285) to work on /home/airflow/.local/lib/python3.12/site-packages/airflow/example_dags/example_kubernetes_executor.py
[2025-02-22T17:17:28.797+0000] {processor.py:914} INFO - Processing file /home/airflow/.local/lib/python3.12/site-packages/airflow/example_dags/example_kubernetes_executor.py for tasks to queue
[2025-02-22T17:17:28.798+0000] {logging_mixin.py:190} INFO - [2025-02-22T17:17:28.798+0000] {dagbag.py:588} INFO - Filling up the DagBag from /home/airflow/.local/lib/python3.12/site-packages/airflow/example_dags/example_kubernetes_executor.py
[2025-02-22T17:17:28.804+0000] {processor.py:925} INFO - DAG(s) 'example_kubernetes_executor' retrieved from /home/airflow/.local/lib/python3.12/site-packages/airflow/example_dags/example_kubernetes_executor.py
[2025-02-22T17:17:28.814+0000] {logging_mixin.py:190} INFO - [2025-02-22T17:17:28.814+0000] {dag.py:3239} INFO - Sync 1 DAGs
[2025-02-22T17:17:28.821+0000] {logging_mixin.py:190} INFO - [2025-02-22T17:17:28.821+0000] {dag.py:4180} INFO - Setting next_dagrun for example_kubernetes_executor to None, run_after=None
[2025-02-22T17:17:28.828+0000] {processor.py:208} INFO - Processing /home/airflow/.local/lib/python3.12/site-packages/airflow/example_dags/example_kubernetes_executor.py took 0.034 seconds
[2025-02-22T17:17:59.042+0000] {processor.py:186} INFO - Started process (PID=348) to work on /home/airflow/.local/lib/python3.12/site-packages/airflow/example_dags/example_kubernetes_executor.py
[2025-02-22T17:17:59.044+0000] {processor.py:914} INFO - Processing file /home/airflow/.local/lib/python3.12/site-packages/airflow/example_dags/example_kubernetes_executor.py for tasks to queue
[2025-02-22T17:17:59.045+0000] {logging_mixin.py:190} INFO - [2025-02-22T17:17:59.045+0000] {dagbag.py:588} INFO - Filling up the DagBag from /home/airflow/.local/lib/python3.12/site-packages/airflow/example_dags/example_kubernetes_executor.py
[2025-02-22T17:17:59.050+0000] {processor.py:925} INFO - DAG(s) 'example_kubernetes_executor' retrieved from /home/airflow/.local/lib/python3.12/site-packages/airflow/example_dags/example_kubernetes_executor.py
[2025-02-22T17:17:59.060+0000] {logging_mixin.py:190} INFO - [2025-02-22T17:17:59.060+0000] {dag.py:3239} INFO - Sync 1 DAGs
[2025-02-22T17:17:59.067+0000] {logging_mixin.py:190} INFO - [2025-02-22T17:17:59.067+0000] {dag.py:4180} INFO - Setting next_dagrun for example_kubernetes_executor to None, run_after=None
[2025-02-22T17:17:59.075+0000] {processor.py:208} INFO - Processing /home/airflow/.local/lib/python3.12/site-packages/airflow/example_dags/example_kubernetes_executor.py took 0.035 seconds
[2025-02-22T17:18:30.139+0000] {processor.py:186} INFO - Started process (PID=411) to work on /home/airflow/.local/lib/python3.12/site-packages/airflow/example_dags/example_kubernetes_executor.py
[2025-02-22T17:18:30.141+0000] {processor.py:914} INFO - Processing file /home/airflow/.local/lib/python3.12/site-packages/airflow/example_dags/example_kubernetes_executor.py for tasks to queue
[2025-02-22T17:18:30.141+0000] {logging_mixin.py:190} INFO - [2025-02-22T17:18:30.141+0000] {dagbag.py:588} INFO - Filling up the DagBag from /home/airflow/.local/lib/python3.12/site-packages/airflow/example_dags/example_kubernetes_executor.py
[2025-02-22T17:18:30.147+0000] {processor.py:925} INFO - DAG(s) 'example_kubernetes_executor' retrieved from /home/airflow/.local/lib/python3.12/site-packages/airflow/example_dags/example_kubernetes_executor.py
[2025-02-22T17:18:30.159+0000] {logging_mixin.py:190} INFO - [2025-02-22T17:18:30.159+0000] {dag.py:3239} INFO - Sync 1 DAGs
[2025-02-22T17:18:30.166+0000] {logging_mixin.py:190} INFO - [2025-02-22T17:18:30.166+0000] {dag.py:4180} INFO - Setting next_dagrun for example_kubernetes_executor to None, run_after=None
[2025-02-22T17:18:30.172+0000] {processor.py:208} INFO - Processing /home/airflow/.local/lib/python3.12/site-packages/airflow/example_dags/example_kubernetes_executor.py took 0.035 seconds
[2025-02-22T17:19:01.307+0000] {processor.py:186} INFO - Started process (PID=474) to work on /home/airflow/.local/lib/python3.12/site-packages/airflow/example_dags/example_kubernetes_executor.py
[2025-02-22T17:19:01.308+0000] {processor.py:914} INFO - Processing file /home/airflow/.local/lib/python3.12/site-packages/airflow/example_dags/example_kubernetes_executor.py for tasks to queue
[2025-02-22T17:19:01.308+0000] {logging_mixin.py:190} INFO - [2025-02-22T17:19:01.308+0000] {dagbag.py:588} INFO - Filling up the DagBag from /home/airflow/.local/lib/python3.12/site-packages/airflow/example_dags/example_kubernetes_executor.py
[2025-02-22T17:19:01.315+0000] {processor.py:925} INFO - DAG(s) 'example_kubernetes_executor' retrieved from /home/airflow/.local/lib/python3.12/site-packages/airflow/example_dags/example_kubernetes_executor.py
[2025-02-22T17:19:01.325+0000] {logging_mixin.py:190} INFO - [2025-02-22T17:19:01.325+0000] {dag.py:3239} INFO - Sync 1 DAGs
[2025-02-22T17:19:01.331+0000] {logging_mixin.py:190} INFO - [2025-02-22T17:19:01.331+0000] {dag.py:4180} INFO - Setting next_dagrun for example_kubernetes_executor to None, run_after=None
[2025-02-22T17:19:01.339+0000] {processor.py:208} INFO - Processing /home/airflow/.local/lib/python3.12/site-packages/airflow/example_dags/example_kubernetes_executor.py took 0.034 seconds
[2025-02-22T17:19:32.384+0000] {processor.py:186} INFO - Started process (PID=537) to work on /home/airflow/.local/lib/python3.12/site-packages/airflow/example_dags/example_kubernetes_executor.py
[2025-02-22T17:19:32.384+0000] {processor.py:914} INFO - Processing file /home/airflow/.local/lib/python3.12/site-packages/airflow/example_dags/example_kubernetes_executor.py for tasks to queue
[2025-02-22T17:19:32.386+0000] {logging_mixin.py:190} INFO - [2025-02-22T17:19:32.386+0000] {dagbag.py:588} INFO - Filling up the DagBag from /home/airflow/.local/lib/python3.12/site-packages/airflow/example_dags/example_kubernetes_executor.py
[2025-02-22T17:19:32.393+0000] {processor.py:925} INFO - DAG(s) 'example_kubernetes_executor' retrieved from /home/airflow/.local/lib/python3.12/site-packages/airflow/example_dags/example_kubernetes_executor.py
[2025-02-22T17:19:32.402+0000] {logging_mixin.py:190} INFO - [2025-02-22T17:19:32.401+0000] {dag.py:3239} INFO - Sync 1 DAGs
[2025-02-22T17:19:32.407+0000] {logging_mixin.py:190} INFO - [2025-02-22T17:19:32.407+0000] {dag.py:4180} INFO - Setting next_dagrun for example_kubernetes_executor to None, run_after=None
[2025-02-22T17:19:32.414+0000] {processor.py:208} INFO - Processing /home/airflow/.local/lib/python3.12/site-packages/airflow/example_dags/example_kubernetes_executor.py took 0.032 seconds
[2025-02-22T17:20:03.554+0000] {processor.py:186} INFO - Started process (PID=600) to work on /home/airflow/.local/lib/python3.12/site-packages/airflow/example_dags/example_kubernetes_executor.py
[2025-02-22T17:20:03.554+0000] {processor.py:914} INFO - Processing file /home/airflow/.local/lib/python3.12/site-packages/airflow/example_dags/example_kubernetes_executor.py for tasks to queue
[2025-02-22T17:20:03.555+0000] {logging_mixin.py:190} INFO - [2025-02-22T17:20:03.555+0000] {dagbag.py:588} INFO - Filling up the DagBag from /home/airflow/.local/lib/python3.12/site-packages/airflow/example_dags/example_kubernetes_executor.py
[2025-02-22T17:20:03.562+0000] {processor.py:925} INFO - DAG(s) 'example_kubernetes_executor' retrieved from /home/airflow/.local/lib/python3.12/site-packages/airflow/example_dags/example_kubernetes_executor.py
[2025-02-22T17:20:03.573+0000] {logging_mixin.py:190} INFO - [2025-02-22T17:20:03.573+0000] {dag.py:3239} INFO - Sync 1 DAGs
[2025-02-22T17:20:03.578+0000] {logging_mixin.py:190} INFO - [2025-02-22T17:20:03.578+0000] {dag.py:4180} INFO - Setting next_dagrun for example_kubernetes_executor to None, run_after=None
[2025-02-22T17:20:03.587+0000] {processor.py:208} INFO - Processing /home/airflow/.local/lib/python3.12/site-packages/airflow/example_dags/example_kubernetes_executor.py took 0.035 seconds
[2025-02-22T17:20:34.683+0000] {processor.py:186} INFO - Started process (PID=662) to work on /home/airflow/.local/lib/python3.12/site-packages/airflow/example_dags/example_kubernetes_executor.py
[2025-02-22T17:20:34.684+0000] {processor.py:914} INFO - Processing file /home/airflow/.local/lib/python3.12/site-packages/airflow/example_dags/example_kubernetes_executor.py for tasks to queue
[2025-02-22T17:20:34.685+0000] {logging_mixin.py:190} INFO - [2025-02-22T17:20:34.685+0000] {dagbag.py:588} INFO - Filling up the DagBag from /home/airflow/.local/lib/python3.12/site-packages/airflow/example_dags/example_kubernetes_executor.py
[2025-02-22T17:20:34.694+0000] {processor.py:925} INFO - DAG(s) 'example_kubernetes_executor' retrieved from /home/airflow/.local/lib/python3.12/site-packages/airflow/example_dags/example_kubernetes_executor.py
[2025-02-22T17:20:34.707+0000] {logging_mixin.py:190} INFO - [2025-02-22T17:20:34.706+0000] {dag.py:3239} INFO - Sync 1 DAGs
[2025-02-22T17:20:34.712+0000] {logging_mixin.py:190} INFO - [2025-02-22T17:20:34.712+0000] {dag.py:4180} INFO - Setting next_dagrun for example_kubernetes_executor to None, run_after=None
[2025-02-22T17:20:34.720+0000] {processor.py:208} INFO - Processing /home/airflow/.local/lib/python3.12/site-packages/airflow/example_dags/example_kubernetes_executor.py took 0.039 seconds
[2025-02-22T17:21:05.882+0000] {processor.py:186} INFO - Started process (PID=725) to work on /home/airflow/.local/lib/python3.12/site-packages/airflow/example_dags/example_kubernetes_executor.py
[2025-02-22T17:21:05.883+0000] {processor.py:914} INFO - Processing file /home/airflow/.local/lib/python3.12/site-packages/airflow/example_dags/example_kubernetes_executor.py for tasks to queue
[2025-02-22T17:21:05.884+0000] {logging_mixin.py:190} INFO - [2025-02-22T17:21:05.884+0000] {dagbag.py:588} INFO - Filling up the DagBag from /home/airflow/.local/lib/python3.12/site-packages/airflow/example_dags/example_kubernetes_executor.py
[2025-02-22T17:21:05.890+0000] {processor.py:925} INFO - DAG(s) 'example_kubernetes_executor' retrieved from /home/airflow/.local/lib/python3.12/site-packages/airflow/example_dags/example_kubernetes_executor.py
[2025-02-22T17:21:05.902+0000] {logging_mixin.py:190} INFO - [2025-02-22T17:21:05.902+0000] {dag.py:3239} INFO - Sync 1 DAGs
[2025-02-22T17:21:05.909+0000] {logging_mixin.py:190} INFO - [2025-02-22T17:21:05.909+0000] {dag.py:4180} INFO - Setting next_dagrun for example_kubernetes_executor to None, run_after=None
[2025-02-22T17:21:05.916+0000] {processor.py:208} INFO - Processing /home/airflow/.local/lib/python3.12/site-packages/airflow/example_dags/example_kubernetes_executor.py took 0.037 seconds
[2025-02-22T17:21:37.177+0000] {processor.py:186} INFO - Started process (PID=788) to work on /home/airflow/.local/lib/python3.12/site-packages/airflow/example_dags/example_kubernetes_executor.py
[2025-02-22T17:21:37.178+0000] {processor.py:914} INFO - Processing file /home/airflow/.local/lib/python3.12/site-packages/airflow/example_dags/example_kubernetes_executor.py for tasks to queue
[2025-02-22T17:21:37.180+0000] {logging_mixin.py:190} INFO - [2025-02-22T17:21:37.180+0000] {dagbag.py:588} INFO - Filling up the DagBag from /home/airflow/.local/lib/python3.12/site-packages/airflow/example_dags/example_kubernetes_executor.py
[2025-02-22T17:21:37.186+0000] {processor.py:925} INFO - DAG(s) 'example_kubernetes_executor' retrieved from /home/airflow/.local/lib/python3.12/site-packages/airflow/example_dags/example_kubernetes_executor.py
[2025-02-22T17:21:37.200+0000] {logging_mixin.py:190} INFO - [2025-02-22T17:21:37.200+0000] {dag.py:3239} INFO - Sync 1 DAGs
[2025-02-22T17:21:37.206+0000] {logging_mixin.py:190} INFO - [2025-02-22T17:21:37.206+0000] {dag.py:4180} INFO - Setting next_dagrun for example_kubernetes_executor to None, run_after=None
[2025-02-22T17:21:37.214+0000] {processor.py:208} INFO - Processing /home/airflow/.local/lib/python3.12/site-packages/airflow/example_dags/example_kubernetes_executor.py took 0.040 seconds
[2025-02-22T17:22:08.414+0000] {processor.py:186} INFO - Started process (PID=851) to work on /home/airflow/.local/lib/python3.12/site-packages/airflow/example_dags/example_kubernetes_executor.py
[2025-02-22T17:22:08.415+0000] {processor.py:914} INFO - Processing file /home/airflow/.local/lib/python3.12/site-packages/airflow/example_dags/example_kubernetes_executor.py for tasks to queue
[2025-02-22T17:22:08.416+0000] {logging_mixin.py:190} INFO - [2025-02-22T17:22:08.416+0000] {dagbag.py:588} INFO - Filling up the DagBag from /home/airflow/.local/lib/python3.12/site-packages/airflow/example_dags/example_kubernetes_executor.py
[2025-02-22T17:22:08.422+0000] {processor.py:925} INFO - DAG(s) 'example_kubernetes_executor' retrieved from /home/airflow/.local/lib/python3.12/site-packages/airflow/example_dags/example_kubernetes_executor.py
[2025-02-22T17:22:08.433+0000] {logging_mixin.py:190} INFO - [2025-02-22T17:22:08.433+0000] {dag.py:3239} INFO - Sync 1 DAGs
[2025-02-22T17:22:08.440+0000] {logging_mixin.py:190} INFO - [2025-02-22T17:22:08.440+0000] {dag.py:4180} INFO - Setting next_dagrun for example_kubernetes_executor to None, run_after=None
[2025-02-22T17:22:08.449+0000] {processor.py:208} INFO - Processing /home/airflow/.local/lib/python3.12/site-packages/airflow/example_dags/example_kubernetes_executor.py took 0.037 seconds
[2025-02-22T17:22:39.661+0000] {processor.py:186} INFO - Started process (PID=914) to work on /home/airflow/.local/lib/python3.12/site-packages/airflow/example_dags/example_kubernetes_executor.py
[2025-02-22T17:22:39.661+0000] {processor.py:914} INFO - Processing file /home/airflow/.local/lib/python3.12/site-packages/airflow/example_dags/example_kubernetes_executor.py for tasks to queue
[2025-02-22T17:22:39.662+0000] {logging_mixin.py:190} INFO - [2025-02-22T17:22:39.662+0000] {dagbag.py:588} INFO - Filling up the DagBag from /home/airflow/.local/lib/python3.12/site-packages/airflow/example_dags/example_kubernetes_executor.py
[2025-02-22T17:22:39.669+0000] {processor.py:925} INFO - DAG(s) 'example_kubernetes_executor' retrieved from /home/airflow/.local/lib/python3.12/site-packages/airflow/example_dags/example_kubernetes_executor.py
[2025-02-22T17:22:39.681+0000] {logging_mixin.py:190} INFO - [2025-02-22T17:22:39.681+0000] {dag.py:3239} INFO - Sync 1 DAGs
[2025-02-22T17:22:39.687+0000] {logging_mixin.py:190} INFO - [2025-02-22T17:22:39.687+0000] {dag.py:4180} INFO - Setting next_dagrun for example_kubernetes_executor to None, run_after=None
[2025-02-22T17:22:39.696+0000] {processor.py:208} INFO - Processing /home/airflow/.local/lib/python3.12/site-packages/airflow/example_dags/example_kubernetes_executor.py took 0.038 seconds
[2025-02-22T17:23:10.879+0000] {processor.py:186} INFO - Started process (PID=977) to work on /home/airflow/.local/lib/python3.12/site-packages/airflow/example_dags/example_kubernetes_executor.py
[2025-02-22T17:23:10.882+0000] {processor.py:914} INFO - Processing file /home/airflow/.local/lib/python3.12/site-packages/airflow/example_dags/example_kubernetes_executor.py for tasks to queue
[2025-02-22T17:23:10.883+0000] {logging_mixin.py:190} INFO - [2025-02-22T17:23:10.883+0000] {dagbag.py:588} INFO - Filling up the DagBag from /home/airflow/.local/lib/python3.12/site-packages/airflow/example_dags/example_kubernetes_executor.py
[2025-02-22T17:23:10.888+0000] {processor.py:925} INFO - DAG(s) 'example_kubernetes_executor' retrieved from /home/airflow/.local/lib/python3.12/site-packages/airflow/example_dags/example_kubernetes_executor.py
[2025-02-22T17:23:10.901+0000] {logging_mixin.py:190} INFO - [2025-02-22T17:23:10.901+0000] {dag.py:3239} INFO - Sync 1 DAGs
[2025-02-22T17:23:10.907+0000] {logging_mixin.py:190} INFO - [2025-02-22T17:23:10.906+0000] {dag.py:4180} INFO - Setting next_dagrun for example_kubernetes_executor to None, run_after=None
[2025-02-22T17:23:10.915+0000] {processor.py:208} INFO - Processing /home/airflow/.local/lib/python3.12/site-packages/airflow/example_dags/example_kubernetes_executor.py took 0.038 seconds
[2025-02-22T17:23:42.213+0000] {processor.py:186} INFO - Started process (PID=1040) to work on /home/airflow/.local/lib/python3.12/site-packages/airflow/example_dags/example_kubernetes_executor.py
[2025-02-22T17:23:42.214+0000] {processor.py:914} INFO - Processing file /home/airflow/.local/lib/python3.12/site-packages/airflow/example_dags/example_kubernetes_executor.py for tasks to queue
[2025-02-22T17:23:42.215+0000] {logging_mixin.py:190} INFO - [2025-02-22T17:23:42.215+0000] {dagbag.py:588} INFO - Filling up the DagBag from /home/airflow/.local/lib/python3.12/site-packages/airflow/example_dags/example_kubernetes_executor.py
[2025-02-22T17:23:42.221+0000] {processor.py:925} INFO - DAG(s) 'example_kubernetes_executor' retrieved from /home/airflow/.local/lib/python3.12/site-packages/airflow/example_dags/example_kubernetes_executor.py
[2025-02-22T17:23:42.231+0000] {logging_mixin.py:190} INFO - [2025-02-22T17:23:42.231+0000] {dag.py:3239} INFO - Sync 1 DAGs
[2025-02-22T17:23:42.237+0000] {logging_mixin.py:190} INFO - [2025-02-22T17:23:42.237+0000] {dag.py:4180} INFO - Setting next_dagrun for example_kubernetes_executor to None, run_after=None
[2025-02-22T17:23:42.248+0000] {processor.py:208} INFO - Processing /home/airflow/.local/lib/python3.12/site-packages/airflow/example_dags/example_kubernetes_executor.py took 0.037 seconds
[2025-02-22T17:24:13.415+0000] {processor.py:186} INFO - Started process (PID=1103) to work on /home/airflow/.local/lib/python3.12/site-packages/airflow/example_dags/example_kubernetes_executor.py
[2025-02-22T17:24:13.415+0000] {processor.py:914} INFO - Processing file /home/airflow/.local/lib/python3.12/site-packages/airflow/example_dags/example_kubernetes_executor.py for tasks to queue
[2025-02-22T17:24:13.416+0000] {logging_mixin.py:190} INFO - [2025-02-22T17:24:13.416+0000] {dagbag.py:588} INFO - Filling up the DagBag from /home/airflow/.local/lib/python3.12/site-packages/airflow/example_dags/example_kubernetes_executor.py
[2025-02-22T17:24:13.423+0000] {processor.py:925} INFO - DAG(s) 'example_kubernetes_executor' retrieved from /home/airflow/.local/lib/python3.12/site-packages/airflow/example_dags/example_kubernetes_executor.py
[2025-02-22T17:24:13.435+0000] {logging_mixin.py:190} INFO - [2025-02-22T17:24:13.435+0000] {dag.py:3239} INFO - Sync 1 DAGs
[2025-02-22T17:24:13.441+0000] {logging_mixin.py:190} INFO - [2025-02-22T17:24:13.441+0000] {dag.py:4180} INFO - Setting next_dagrun for example_kubernetes_executor to None, run_after=None
[2025-02-22T17:24:13.449+0000] {processor.py:208} INFO - Processing /home/airflow/.local/lib/python3.12/site-packages/airflow/example_dags/example_kubernetes_executor.py took 0.037 seconds
[2025-02-22T17:24:44.649+0000] {processor.py:186} INFO - Started process (PID=1165) to work on /home/airflow/.local/lib/python3.12/site-packages/airflow/example_dags/example_kubernetes_executor.py
[2025-02-22T17:24:44.649+0000] {processor.py:914} INFO - Processing file /home/airflow/.local/lib/python3.12/site-packages/airflow/example_dags/example_kubernetes_executor.py for tasks to queue
[2025-02-22T17:24:44.650+0000] {logging_mixin.py:190} INFO - [2025-02-22T17:24:44.650+0000] {dagbag.py:588} INFO - Filling up the DagBag from /home/airflow/.local/lib/python3.12/site-packages/airflow/example_dags/example_kubernetes_executor.py
[2025-02-22T17:24:44.656+0000] {processor.py:925} INFO - DAG(s) 'example_kubernetes_executor' retrieved from /home/airflow/.local/lib/python3.12/site-packages/airflow/example_dags/example_kubernetes_executor.py
[2025-02-22T17:24:44.669+0000] {logging_mixin.py:190} INFO - [2025-02-22T17:24:44.669+0000] {dag.py:3239} INFO - Sync 1 DAGs
[2025-02-22T17:24:44.675+0000] {logging_mixin.py:190} INFO - [2025-02-22T17:24:44.675+0000] {dag.py:4180} INFO - Setting next_dagrun for example_kubernetes_executor to None, run_after=None
[2025-02-22T17:24:44.682+0000] {processor.py:208} INFO - Processing /home/airflow/.local/lib/python3.12/site-packages/airflow/example_dags/example_kubernetes_executor.py took 0.036 seconds
[2025-02-22T17:25:15.912+0000] {processor.py:186} INFO - Started process (PID=1228) to work on /home/airflow/.local/lib/python3.12/site-packages/airflow/example_dags/example_kubernetes_executor.py
[2025-02-22T17:25:15.912+0000] {processor.py:914} INFO - Processing file /home/airflow/.local/lib/python3.12/site-packages/airflow/example_dags/example_kubernetes_executor.py for tasks to queue
[2025-02-22T17:25:15.914+0000] {logging_mixin.py:190} INFO - [2025-02-22T17:25:15.914+0000] {dagbag.py:588} INFO - Filling up the DagBag from /home/airflow/.local/lib/python3.12/site-packages/airflow/example_dags/example_kubernetes_executor.py
[2025-02-22T17:25:15.924+0000] {processor.py:925} INFO - DAG(s) 'example_kubernetes_executor' retrieved from /home/airflow/.local/lib/python3.12/site-packages/airflow/example_dags/example_kubernetes_executor.py
[2025-02-22T17:25:15.940+0000] {logging_mixin.py:190} INFO - [2025-02-22T17:25:15.940+0000] {dag.py:3239} INFO - Sync 1 DAGs
[2025-02-22T17:25:15.947+0000] {logging_mixin.py:190} INFO - [2025-02-22T17:25:15.947+0000] {dag.py:4180} INFO - Setting next_dagrun for example_kubernetes_executor to None, run_after=None
[2025-02-22T17:25:15.957+0000] {processor.py:208} INFO - Processing /home/airflow/.local/lib/python3.12/site-packages/airflow/example_dags/example_kubernetes_executor.py took 0.048 seconds
[2025-02-22T17:25:47.182+0000] {processor.py:186} INFO - Started process (PID=1291) to work on /home/airflow/.local/lib/python3.12/site-packages/airflow/example_dags/example_kubernetes_executor.py
[2025-02-22T17:25:47.182+0000] {processor.py:914} INFO - Processing file /home/airflow/.local/lib/python3.12/site-packages/airflow/example_dags/example_kubernetes_executor.py for tasks to queue
[2025-02-22T17:25:47.184+0000] {logging_mixin.py:190} INFO - [2025-02-22T17:25:47.184+0000] {dagbag.py:588} INFO - Filling up the DagBag from /home/airflow/.local/lib/python3.12/site-packages/airflow/example_dags/example_kubernetes_executor.py
[2025-02-22T17:25:47.190+0000] {processor.py:925} INFO - DAG(s) 'example_kubernetes_executor' retrieved from /home/airflow/.local/lib/python3.12/site-packages/airflow/example_dags/example_kubernetes_executor.py
[2025-02-22T17:25:47.202+0000] {logging_mixin.py:190} INFO - [2025-02-22T17:25:47.202+0000] {dag.py:3239} INFO - Sync 1 DAGs
[2025-02-22T17:25:47.208+0000] {logging_mixin.py:190} INFO - [2025-02-22T17:25:47.208+0000] {dag.py:4180} INFO - Setting next_dagrun for example_kubernetes_executor to None, run_after=None
[2025-02-22T17:25:47.218+0000] {processor.py:208} INFO - Processing /home/airflow/.local/lib/python3.12/site-packages/airflow/example_dags/example_kubernetes_executor.py took 0.039 seconds
[2025-02-22T17:26:17.388+0000] {processor.py:186} INFO - Started process (PID=1354) to work on /home/airflow/.local/lib/python3.12/site-packages/airflow/example_dags/example_kubernetes_executor.py
[2025-02-22T17:26:17.389+0000] {processor.py:914} INFO - Processing file /home/airflow/.local/lib/python3.12/site-packages/airflow/example_dags/example_kubernetes_executor.py for tasks to queue
[2025-02-22T17:26:17.390+0000] {logging_mixin.py:190} INFO - [2025-02-22T17:26:17.390+0000] {dagbag.py:588} INFO - Filling up the DagBag from /home/airflow/.local/lib/python3.12/site-packages/airflow/example_dags/example_kubernetes_executor.py
[2025-02-22T17:26:17.396+0000] {processor.py:925} INFO - DAG(s) 'example_kubernetes_executor' retrieved from /home/airflow/.local/lib/python3.12/site-packages/airflow/example_dags/example_kubernetes_executor.py
[2025-02-22T17:26:17.406+0000] {logging_mixin.py:190} INFO - [2025-02-22T17:26:17.406+0000] {dag.py:3239} INFO - Sync 1 DAGs
[2025-02-22T17:26:17.411+0000] {logging_mixin.py:190} INFO - [2025-02-22T17:26:17.411+0000] {dag.py:4180} INFO - Setting next_dagrun for example_kubernetes_executor to None, run_after=None
[2025-02-22T17:26:17.417+0000] {processor.py:208} INFO - Processing /home/airflow/.local/lib/python3.12/site-packages/airflow/example_dags/example_kubernetes_executor.py took 0.030 seconds
