[2025-02-22T17:05:26.553+0000] {processor.py:186} INFO - Started process (PID=68) to work on /home/airflow/.local/lib/python3.12/site-packages/airflow/example_dags/example_setup_teardown.py
[2025-02-22T17:05:26.553+0000] {processor.py:914} INFO - Processing file /home/airflow/.local/lib/python3.12/site-packages/airflow/example_dags/example_setup_teardown.py for tasks to queue
[2025-02-22T17:05:26.554+0000] {logging_mixin.py:190} INFO - [2025-02-22T17:05:26.554+0000] {dagbag.py:588} INFO - Filling up the DagBag from /home/airflow/.local/lib/python3.12/site-packages/airflow/example_dags/example_setup_teardown.py
[2025-02-22T17:05:26.558+0000] {processor.py:925} INFO - DAG(s) 'example_setup_teardown' retrieved from /home/airflow/.local/lib/python3.12/site-packages/airflow/example_dags/example_setup_teardown.py
[2025-02-22T17:05:26.595+0000] {logging_mixin.py:190} INFO - [2025-02-22T17:05:26.595+0000] {override.py:1912} INFO - Created Permission View: can edit on DAG:example_setup_teardown
[2025-02-22T17:05:26.599+0000] {logging_mixin.py:190} INFO - [2025-02-22T17:05:26.599+0000] {override.py:1912} INFO - Created Permission View: can delete on DAG:example_setup_teardown
[2025-02-22T17:05:26.602+0000] {logging_mixin.py:190} INFO - [2025-02-22T17:05:26.602+0000] {override.py:1912} INFO - Created Permission View: can read on DAG:example_setup_teardown
[2025-02-22T17:05:26.604+0000] {logging_mixin.py:190} INFO - [2025-02-22T17:05:26.604+0000] {override.py:1912} INFO - Created Permission View: menu access on DAG Run:example_setup_teardown
[2025-02-22T17:05:26.609+0000] {logging_mixin.py:190} INFO - [2025-02-22T17:05:26.609+0000] {override.py:1912} INFO - Created Permission View: can create on DAG Run:example_setup_teardown
[2025-02-22T17:05:26.613+0000] {logging_mixin.py:190} INFO - [2025-02-22T17:05:26.613+0000] {override.py:1912} INFO - Created Permission View: can delete on DAG Run:example_setup_teardown
[2025-02-22T17:05:26.619+0000] {logging_mixin.py:190} INFO - [2025-02-22T17:05:26.619+0000] {override.py:1912} INFO - Created Permission View: can read on DAG Run:example_setup_teardown
[2025-02-22T17:05:26.619+0000] {logging_mixin.py:190} INFO - [2025-02-22T17:05:26.619+0000] {dag.py:3239} INFO - Sync 1 DAGs
[2025-02-22T17:05:26.625+0000] {logging_mixin.py:190} INFO - [2025-02-22T17:05:26.625+0000] {dag.py:3262} INFO - Creating ORM DAG for example_setup_teardown
[2025-02-22T17:05:26.625+0000] {logging_mixin.py:190} INFO - [2025-02-22T17:05:26.625+0000] {dag.py:4180} INFO - Setting next_dagrun for example_setup_teardown to None, run_after=None
[2025-02-22T17:05:26.630+0000] {processor.py:208} INFO - Processing /home/airflow/.local/lib/python3.12/site-packages/airflow/example_dags/example_setup_teardown.py took 0.081 seconds
[2025-02-22T17:05:57.472+0000] {processor.py:186} INFO - Started process (PID=131) to work on /home/airflow/.local/lib/python3.12/site-packages/airflow/example_dags/example_setup_teardown.py
[2025-02-22T17:05:57.473+0000] {processor.py:914} INFO - Processing file /home/airflow/.local/lib/python3.12/site-packages/airflow/example_dags/example_setup_teardown.py for tasks to queue
[2025-02-22T17:05:57.474+0000] {logging_mixin.py:190} INFO - [2025-02-22T17:05:57.473+0000] {dagbag.py:588} INFO - Filling up the DagBag from /home/airflow/.local/lib/python3.12/site-packages/airflow/example_dags/example_setup_teardown.py
[2025-02-22T17:05:57.478+0000] {processor.py:925} INFO - DAG(s) 'example_setup_teardown' retrieved from /home/airflow/.local/lib/python3.12/site-packages/airflow/example_dags/example_setup_teardown.py
[2025-02-22T17:05:57.487+0000] {logging_mixin.py:190} INFO - [2025-02-22T17:05:57.487+0000] {dag.py:3239} INFO - Sync 1 DAGs
[2025-02-22T17:05:57.492+0000] {logging_mixin.py:190} INFO - [2025-02-22T17:05:57.492+0000] {dag.py:4180} INFO - Setting next_dagrun for example_setup_teardown to None, run_after=None
[2025-02-22T17:05:57.498+0000] {processor.py:208} INFO - Processing /home/airflow/.local/lib/python3.12/site-packages/airflow/example_dags/example_setup_teardown.py took 0.029 seconds
[2025-02-22T17:06:27.536+0000] {processor.py:186} INFO - Started process (PID=194) to work on /home/airflow/.local/lib/python3.12/site-packages/airflow/example_dags/example_setup_teardown.py
[2025-02-22T17:06:27.536+0000] {processor.py:914} INFO - Processing file /home/airflow/.local/lib/python3.12/site-packages/airflow/example_dags/example_setup_teardown.py for tasks to queue
[2025-02-22T17:06:27.537+0000] {logging_mixin.py:190} INFO - [2025-02-22T17:06:27.537+0000] {dagbag.py:588} INFO - Filling up the DagBag from /home/airflow/.local/lib/python3.12/site-packages/airflow/example_dags/example_setup_teardown.py
[2025-02-22T17:06:27.541+0000] {processor.py:925} INFO - DAG(s) 'example_setup_teardown' retrieved from /home/airflow/.local/lib/python3.12/site-packages/airflow/example_dags/example_setup_teardown.py
[2025-02-22T17:06:27.551+0000] {logging_mixin.py:190} INFO - [2025-02-22T17:06:27.551+0000] {dag.py:3239} INFO - Sync 1 DAGs
[2025-02-22T17:06:27.558+0000] {logging_mixin.py:190} INFO - [2025-02-22T17:06:27.558+0000] {dag.py:4180} INFO - Setting next_dagrun for example_setup_teardown to None, run_after=None
[2025-02-22T17:06:27.564+0000] {processor.py:208} INFO - Processing /home/airflow/.local/lib/python3.12/site-packages/airflow/example_dags/example_setup_teardown.py took 0.031 seconds
[2025-02-22T17:06:57.598+0000] {processor.py:186} INFO - Started process (PID=255) to work on /home/airflow/.local/lib/python3.12/site-packages/airflow/example_dags/example_setup_teardown.py
[2025-02-22T17:06:57.598+0000] {processor.py:914} INFO - Processing file /home/airflow/.local/lib/python3.12/site-packages/airflow/example_dags/example_setup_teardown.py for tasks to queue
[2025-02-22T17:06:57.599+0000] {logging_mixin.py:190} INFO - [2025-02-22T17:06:57.599+0000] {dagbag.py:588} INFO - Filling up the DagBag from /home/airflow/.local/lib/python3.12/site-packages/airflow/example_dags/example_setup_teardown.py
[2025-02-22T17:06:57.602+0000] {processor.py:925} INFO - DAG(s) 'example_setup_teardown' retrieved from /home/airflow/.local/lib/python3.12/site-packages/airflow/example_dags/example_setup_teardown.py
[2025-02-22T17:06:57.609+0000] {logging_mixin.py:190} INFO - [2025-02-22T17:06:57.609+0000] {dag.py:3239} INFO - Sync 1 DAGs
[2025-02-22T17:06:57.613+0000] {logging_mixin.py:190} INFO - [2025-02-22T17:06:57.613+0000] {dag.py:4180} INFO - Setting next_dagrun for example_setup_teardown to None, run_after=None
[2025-02-22T17:06:57.618+0000] {processor.py:208} INFO - Processing /home/airflow/.local/lib/python3.12/site-packages/airflow/example_dags/example_setup_teardown.py took 0.023 seconds
[2025-02-22T17:07:27.704+0000] {processor.py:186} INFO - Started process (PID=318) to work on /home/airflow/.local/lib/python3.12/site-packages/airflow/example_dags/example_setup_teardown.py
[2025-02-22T17:07:27.704+0000] {processor.py:914} INFO - Processing file /home/airflow/.local/lib/python3.12/site-packages/airflow/example_dags/example_setup_teardown.py for tasks to queue
[2025-02-22T17:07:27.705+0000] {logging_mixin.py:190} INFO - [2025-02-22T17:07:27.705+0000] {dagbag.py:588} INFO - Filling up the DagBag from /home/airflow/.local/lib/python3.12/site-packages/airflow/example_dags/example_setup_teardown.py
[2025-02-22T17:07:27.710+0000] {processor.py:925} INFO - DAG(s) 'example_setup_teardown' retrieved from /home/airflow/.local/lib/python3.12/site-packages/airflow/example_dags/example_setup_teardown.py
[2025-02-22T17:07:27.717+0000] {logging_mixin.py:190} INFO - [2025-02-22T17:07:27.717+0000] {dag.py:3239} INFO - Sync 1 DAGs
[2025-02-22T17:07:27.721+0000] {logging_mixin.py:190} INFO - [2025-02-22T17:07:27.721+0000] {dag.py:4180} INFO - Setting next_dagrun for example_setup_teardown to None, run_after=None
[2025-02-22T17:07:27.727+0000] {processor.py:208} INFO - Processing /home/airflow/.local/lib/python3.12/site-packages/airflow/example_dags/example_setup_teardown.py took 0.025 seconds
[2025-02-22T17:07:57.759+0000] {processor.py:186} INFO - Started process (PID=380) to work on /home/airflow/.local/lib/python3.12/site-packages/airflow/example_dags/example_setup_teardown.py
[2025-02-22T17:07:57.759+0000] {processor.py:914} INFO - Processing file /home/airflow/.local/lib/python3.12/site-packages/airflow/example_dags/example_setup_teardown.py for tasks to queue
[2025-02-22T17:07:57.764+0000] {logging_mixin.py:190} INFO - [2025-02-22T17:07:57.763+0000] {dagbag.py:588} INFO - Filling up the DagBag from /home/airflow/.local/lib/python3.12/site-packages/airflow/example_dags/example_setup_teardown.py
[2025-02-22T17:07:57.767+0000] {processor.py:925} INFO - DAG(s) 'example_setup_teardown' retrieved from /home/airflow/.local/lib/python3.12/site-packages/airflow/example_dags/example_setup_teardown.py
[2025-02-22T17:07:57.776+0000] {logging_mixin.py:190} INFO - [2025-02-22T17:07:57.776+0000] {dag.py:3239} INFO - Sync 1 DAGs
[2025-02-22T17:07:57.782+0000] {logging_mixin.py:190} INFO - [2025-02-22T17:07:57.782+0000] {dag.py:4180} INFO - Setting next_dagrun for example_setup_teardown to None, run_after=None
[2025-02-22T17:07:57.787+0000] {processor.py:208} INFO - Processing /home/airflow/.local/lib/python3.12/site-packages/airflow/example_dags/example_setup_teardown.py took 0.032 seconds
[2025-02-22T17:08:27.811+0000] {processor.py:186} INFO - Started process (PID=443) to work on /home/airflow/.local/lib/python3.12/site-packages/airflow/example_dags/example_setup_teardown.py
[2025-02-22T17:08:27.815+0000] {processor.py:914} INFO - Processing file /home/airflow/.local/lib/python3.12/site-packages/airflow/example_dags/example_setup_teardown.py for tasks to queue
[2025-02-22T17:08:27.816+0000] {logging_mixin.py:190} INFO - [2025-02-22T17:08:27.816+0000] {dagbag.py:588} INFO - Filling up the DagBag from /home/airflow/.local/lib/python3.12/site-packages/airflow/example_dags/example_setup_teardown.py
[2025-02-22T17:08:27.822+0000] {processor.py:925} INFO - DAG(s) 'example_setup_teardown' retrieved from /home/airflow/.local/lib/python3.12/site-packages/airflow/example_dags/example_setup_teardown.py
[2025-02-22T17:08:27.830+0000] {logging_mixin.py:190} INFO - [2025-02-22T17:08:27.830+0000] {dag.py:3239} INFO - Sync 1 DAGs
[2025-02-22T17:08:27.834+0000] {logging_mixin.py:190} INFO - [2025-02-22T17:08:27.834+0000] {dag.py:4180} INFO - Setting next_dagrun for example_setup_teardown to None, run_after=None
[2025-02-22T17:08:27.839+0000] {processor.py:208} INFO - Processing /home/airflow/.local/lib/python3.12/site-packages/airflow/example_dags/example_setup_teardown.py took 0.031 seconds
[2025-02-22T17:08:58.840+0000] {processor.py:186} INFO - Started process (PID=506) to work on /home/airflow/.local/lib/python3.12/site-packages/airflow/example_dags/example_setup_teardown.py
[2025-02-22T17:08:58.840+0000] {processor.py:914} INFO - Processing file /home/airflow/.local/lib/python3.12/site-packages/airflow/example_dags/example_setup_teardown.py for tasks to queue
[2025-02-22T17:08:58.841+0000] {logging_mixin.py:190} INFO - [2025-02-22T17:08:58.841+0000] {dagbag.py:588} INFO - Filling up the DagBag from /home/airflow/.local/lib/python3.12/site-packages/airflow/example_dags/example_setup_teardown.py
[2025-02-22T17:08:58.846+0000] {processor.py:925} INFO - DAG(s) 'example_setup_teardown' retrieved from /home/airflow/.local/lib/python3.12/site-packages/airflow/example_dags/example_setup_teardown.py
[2025-02-22T17:08:58.853+0000] {logging_mixin.py:190} INFO - [2025-02-22T17:08:58.853+0000] {dag.py:3239} INFO - Sync 1 DAGs
[2025-02-22T17:08:58.857+0000] {logging_mixin.py:190} INFO - [2025-02-22T17:08:58.857+0000] {dag.py:4180} INFO - Setting next_dagrun for example_setup_teardown to None, run_after=None
[2025-02-22T17:08:58.862+0000] {processor.py:208} INFO - Processing /home/airflow/.local/lib/python3.12/site-packages/airflow/example_dags/example_setup_teardown.py took 0.025 seconds
[2025-02-22T17:09:29.855+0000] {processor.py:186} INFO - Started process (PID=569) to work on /home/airflow/.local/lib/python3.12/site-packages/airflow/example_dags/example_setup_teardown.py
[2025-02-22T17:09:29.858+0000] {processor.py:914} INFO - Processing file /home/airflow/.local/lib/python3.12/site-packages/airflow/example_dags/example_setup_teardown.py for tasks to queue
[2025-02-22T17:09:29.859+0000] {logging_mixin.py:190} INFO - [2025-02-22T17:09:29.859+0000] {dagbag.py:588} INFO - Filling up the DagBag from /home/airflow/.local/lib/python3.12/site-packages/airflow/example_dags/example_setup_teardown.py
[2025-02-22T17:09:29.862+0000] {processor.py:925} INFO - DAG(s) 'example_setup_teardown' retrieved from /home/airflow/.local/lib/python3.12/site-packages/airflow/example_dags/example_setup_teardown.py
[2025-02-22T17:09:29.869+0000] {logging_mixin.py:190} INFO - [2025-02-22T17:09:29.869+0000] {dag.py:3239} INFO - Sync 1 DAGs
[2025-02-22T17:09:29.873+0000] {logging_mixin.py:190} INFO - [2025-02-22T17:09:29.873+0000] {dag.py:4180} INFO - Setting next_dagrun for example_setup_teardown to None, run_after=None
[2025-02-22T17:09:29.879+0000] {processor.py:208} INFO - Processing /home/airflow/.local/lib/python3.12/site-packages/airflow/example_dags/example_setup_teardown.py took 0.026 seconds
[2025-02-22T17:10:00.837+0000] {processor.py:186} INFO - Started process (PID=632) to work on /home/airflow/.local/lib/python3.12/site-packages/airflow/example_dags/example_setup_teardown.py
[2025-02-22T17:10:00.838+0000] {processor.py:914} INFO - Processing file /home/airflow/.local/lib/python3.12/site-packages/airflow/example_dags/example_setup_teardown.py for tasks to queue
[2025-02-22T17:10:00.839+0000] {logging_mixin.py:190} INFO - [2025-02-22T17:10:00.839+0000] {dagbag.py:588} INFO - Filling up the DagBag from /home/airflow/.local/lib/python3.12/site-packages/airflow/example_dags/example_setup_teardown.py
[2025-02-22T17:10:00.844+0000] {processor.py:925} INFO - DAG(s) 'example_setup_teardown' retrieved from /home/airflow/.local/lib/python3.12/site-packages/airflow/example_dags/example_setup_teardown.py
[2025-02-22T17:10:00.850+0000] {logging_mixin.py:190} INFO - [2025-02-22T17:10:00.850+0000] {dag.py:3239} INFO - Sync 1 DAGs
[2025-02-22T17:10:00.855+0000] {logging_mixin.py:190} INFO - [2025-02-22T17:10:00.855+0000] {dag.py:4180} INFO - Setting next_dagrun for example_setup_teardown to None, run_after=None
[2025-02-22T17:10:00.860+0000] {processor.py:208} INFO - Processing /home/airflow/.local/lib/python3.12/site-packages/airflow/example_dags/example_setup_teardown.py took 0.026 seconds
[2025-02-22T17:10:31.869+0000] {processor.py:186} INFO - Started process (PID=695) to work on /home/airflow/.local/lib/python3.12/site-packages/airflow/example_dags/example_setup_teardown.py
[2025-02-22T17:10:31.872+0000] {processor.py:914} INFO - Processing file /home/airflow/.local/lib/python3.12/site-packages/airflow/example_dags/example_setup_teardown.py for tasks to queue
[2025-02-22T17:10:31.873+0000] {logging_mixin.py:190} INFO - [2025-02-22T17:10:31.873+0000] {dagbag.py:588} INFO - Filling up the DagBag from /home/airflow/.local/lib/python3.12/site-packages/airflow/example_dags/example_setup_teardown.py
[2025-02-22T17:10:31.876+0000] {processor.py:925} INFO - DAG(s) 'example_setup_teardown' retrieved from /home/airflow/.local/lib/python3.12/site-packages/airflow/example_dags/example_setup_teardown.py
[2025-02-22T17:10:31.883+0000] {logging_mixin.py:190} INFO - [2025-02-22T17:10:31.883+0000] {dag.py:3239} INFO - Sync 1 DAGs
[2025-02-22T17:10:31.887+0000] {logging_mixin.py:190} INFO - [2025-02-22T17:10:31.887+0000] {dag.py:4180} INFO - Setting next_dagrun for example_setup_teardown to None, run_after=None
[2025-02-22T17:10:31.893+0000] {processor.py:208} INFO - Processing /home/airflow/.local/lib/python3.12/site-packages/airflow/example_dags/example_setup_teardown.py took 0.025 seconds
[2025-02-22T17:11:02.880+0000] {processor.py:186} INFO - Started process (PID=758) to work on /home/airflow/.local/lib/python3.12/site-packages/airflow/example_dags/example_setup_teardown.py
[2025-02-22T17:11:02.881+0000] {processor.py:914} INFO - Processing file /home/airflow/.local/lib/python3.12/site-packages/airflow/example_dags/example_setup_teardown.py for tasks to queue
[2025-02-22T17:11:02.882+0000] {logging_mixin.py:190} INFO - [2025-02-22T17:11:02.881+0000] {dagbag.py:588} INFO - Filling up the DagBag from /home/airflow/.local/lib/python3.12/site-packages/airflow/example_dags/example_setup_teardown.py
[2025-02-22T17:11:02.886+0000] {processor.py:925} INFO - DAG(s) 'example_setup_teardown' retrieved from /home/airflow/.local/lib/python3.12/site-packages/airflow/example_dags/example_setup_teardown.py
[2025-02-22T17:11:02.893+0000] {logging_mixin.py:190} INFO - [2025-02-22T17:11:02.893+0000] {dag.py:3239} INFO - Sync 1 DAGs
[2025-02-22T17:11:02.897+0000] {logging_mixin.py:190} INFO - [2025-02-22T17:11:02.897+0000] {dag.py:4180} INFO - Setting next_dagrun for example_setup_teardown to None, run_after=None
[2025-02-22T17:11:02.903+0000] {processor.py:208} INFO - Processing /home/airflow/.local/lib/python3.12/site-packages/airflow/example_dags/example_setup_teardown.py took 0.026 seconds
[2025-02-22T17:11:33.858+0000] {processor.py:186} INFO - Started process (PID=821) to work on /home/airflow/.local/lib/python3.12/site-packages/airflow/example_dags/example_setup_teardown.py
[2025-02-22T17:11:33.859+0000] {processor.py:914} INFO - Processing file /home/airflow/.local/lib/python3.12/site-packages/airflow/example_dags/example_setup_teardown.py for tasks to queue
[2025-02-22T17:11:33.860+0000] {logging_mixin.py:190} INFO - [2025-02-22T17:11:33.860+0000] {dagbag.py:588} INFO - Filling up the DagBag from /home/airflow/.local/lib/python3.12/site-packages/airflow/example_dags/example_setup_teardown.py
[2025-02-22T17:11:33.864+0000] {processor.py:925} INFO - DAG(s) 'example_setup_teardown' retrieved from /home/airflow/.local/lib/python3.12/site-packages/airflow/example_dags/example_setup_teardown.py
[2025-02-22T17:11:33.872+0000] {logging_mixin.py:190} INFO - [2025-02-22T17:11:33.872+0000] {dag.py:3239} INFO - Sync 1 DAGs
[2025-02-22T17:11:33.876+0000] {logging_mixin.py:190} INFO - [2025-02-22T17:11:33.876+0000] {dag.py:4180} INFO - Setting next_dagrun for example_setup_teardown to None, run_after=None
[2025-02-22T17:11:33.882+0000] {processor.py:208} INFO - Processing /home/airflow/.local/lib/python3.12/site-packages/airflow/example_dags/example_setup_teardown.py took 0.025 seconds
[2025-02-22T17:12:04.822+0000] {processor.py:186} INFO - Started process (PID=884) to work on /home/airflow/.local/lib/python3.12/site-packages/airflow/example_dags/example_setup_teardown.py
[2025-02-22T17:12:04.823+0000] {processor.py:914} INFO - Processing file /home/airflow/.local/lib/python3.12/site-packages/airflow/example_dags/example_setup_teardown.py for tasks to queue
[2025-02-22T17:12:04.823+0000] {logging_mixin.py:190} INFO - [2025-02-22T17:12:04.823+0000] {dagbag.py:588} INFO - Filling up the DagBag from /home/airflow/.local/lib/python3.12/site-packages/airflow/example_dags/example_setup_teardown.py
[2025-02-22T17:12:04.827+0000] {processor.py:925} INFO - DAG(s) 'example_setup_teardown' retrieved from /home/airflow/.local/lib/python3.12/site-packages/airflow/example_dags/example_setup_teardown.py
[2025-02-22T17:12:04.834+0000] {logging_mixin.py:190} INFO - [2025-02-22T17:12:04.834+0000] {dag.py:3239} INFO - Sync 1 DAGs
[2025-02-22T17:12:04.838+0000] {logging_mixin.py:190} INFO - [2025-02-22T17:12:04.838+0000] {dag.py:4180} INFO - Setting next_dagrun for example_setup_teardown to None, run_after=None
[2025-02-22T17:12:04.844+0000] {processor.py:208} INFO - Processing /home/airflow/.local/lib/python3.12/site-packages/airflow/example_dags/example_setup_teardown.py took 0.024 seconds
[2025-02-22T17:12:35.891+0000] {processor.py:186} INFO - Started process (PID=947) to work on /home/airflow/.local/lib/python3.12/site-packages/airflow/example_dags/example_setup_teardown.py
[2025-02-22T17:12:35.892+0000] {processor.py:914} INFO - Processing file /home/airflow/.local/lib/python3.12/site-packages/airflow/example_dags/example_setup_teardown.py for tasks to queue
[2025-02-22T17:12:35.893+0000] {logging_mixin.py:190} INFO - [2025-02-22T17:12:35.893+0000] {dagbag.py:588} INFO - Filling up the DagBag from /home/airflow/.local/lib/python3.12/site-packages/airflow/example_dags/example_setup_teardown.py
[2025-02-22T17:12:35.896+0000] {processor.py:925} INFO - DAG(s) 'example_setup_teardown' retrieved from /home/airflow/.local/lib/python3.12/site-packages/airflow/example_dags/example_setup_teardown.py
[2025-02-22T17:12:35.902+0000] {logging_mixin.py:190} INFO - [2025-02-22T17:12:35.902+0000] {dag.py:3239} INFO - Sync 1 DAGs
[2025-02-22T17:12:35.907+0000] {logging_mixin.py:190} INFO - [2025-02-22T17:12:35.907+0000] {dag.py:4180} INFO - Setting next_dagrun for example_setup_teardown to None, run_after=None
[2025-02-22T17:12:35.912+0000] {processor.py:208} INFO - Processing /home/airflow/.local/lib/python3.12/site-packages/airflow/example_dags/example_setup_teardown.py took 0.024 seconds
[2025-02-22T17:13:06.832+0000] {processor.py:186} INFO - Started process (PID=1010) to work on /home/airflow/.local/lib/python3.12/site-packages/airflow/example_dags/example_setup_teardown.py
[2025-02-22T17:13:06.833+0000] {processor.py:914} INFO - Processing file /home/airflow/.local/lib/python3.12/site-packages/airflow/example_dags/example_setup_teardown.py for tasks to queue
[2025-02-22T17:13:06.834+0000] {logging_mixin.py:190} INFO - [2025-02-22T17:13:06.833+0000] {dagbag.py:588} INFO - Filling up the DagBag from /home/airflow/.local/lib/python3.12/site-packages/airflow/example_dags/example_setup_teardown.py
[2025-02-22T17:13:06.837+0000] {processor.py:925} INFO - DAG(s) 'example_setup_teardown' retrieved from /home/airflow/.local/lib/python3.12/site-packages/airflow/example_dags/example_setup_teardown.py
[2025-02-22T17:13:06.844+0000] {logging_mixin.py:190} INFO - [2025-02-22T17:13:06.844+0000] {dag.py:3239} INFO - Sync 1 DAGs
[2025-02-22T17:13:06.849+0000] {logging_mixin.py:190} INFO - [2025-02-22T17:13:06.849+0000] {dag.py:4180} INFO - Setting next_dagrun for example_setup_teardown to None, run_after=None
[2025-02-22T17:13:06.856+0000] {processor.py:208} INFO - Processing /home/airflow/.local/lib/python3.12/site-packages/airflow/example_dags/example_setup_teardown.py took 0.025 seconds
[2025-02-22T17:15:54.932+0000] {processor.py:186} INFO - Started process (PID=62) to work on /home/airflow/.local/lib/python3.12/site-packages/airflow/example_dags/example_setup_teardown.py
[2025-02-22T17:15:54.933+0000] {processor.py:914} INFO - Processing file /home/airflow/.local/lib/python3.12/site-packages/airflow/example_dags/example_setup_teardown.py for tasks to queue
[2025-02-22T17:15:54.934+0000] {logging_mixin.py:190} INFO - [2025-02-22T17:15:54.934+0000] {dagbag.py:588} INFO - Filling up the DagBag from /home/airflow/.local/lib/python3.12/site-packages/airflow/example_dags/example_setup_teardown.py
[2025-02-22T17:15:54.938+0000] {processor.py:925} INFO - DAG(s) 'example_setup_teardown' retrieved from /home/airflow/.local/lib/python3.12/site-packages/airflow/example_dags/example_setup_teardown.py
[2025-02-22T17:15:54.947+0000] {logging_mixin.py:190} INFO - [2025-02-22T17:15:54.947+0000] {dag.py:3239} INFO - Sync 1 DAGs
[2025-02-22T17:15:54.953+0000] {logging_mixin.py:190} INFO - [2025-02-22T17:15:54.953+0000] {dag.py:4180} INFO - Setting next_dagrun for example_setup_teardown to None, run_after=None
[2025-02-22T17:15:54.961+0000] {processor.py:208} INFO - Processing /home/airflow/.local/lib/python3.12/site-packages/airflow/example_dags/example_setup_teardown.py took 0.032 seconds
[2025-02-22T17:16:25.245+0000] {processor.py:186} INFO - Started process (PID=125) to work on /home/airflow/.local/lib/python3.12/site-packages/airflow/example_dags/example_setup_teardown.py
[2025-02-22T17:16:25.246+0000] {processor.py:914} INFO - Processing file /home/airflow/.local/lib/python3.12/site-packages/airflow/example_dags/example_setup_teardown.py for tasks to queue
[2025-02-22T17:16:25.247+0000] {logging_mixin.py:190} INFO - [2025-02-22T17:16:25.246+0000] {dagbag.py:588} INFO - Filling up the DagBag from /home/airflow/.local/lib/python3.12/site-packages/airflow/example_dags/example_setup_teardown.py
[2025-02-22T17:16:25.250+0000] {processor.py:925} INFO - DAG(s) 'example_setup_teardown' retrieved from /home/airflow/.local/lib/python3.12/site-packages/airflow/example_dags/example_setup_teardown.py
[2025-02-22T17:16:25.258+0000] {logging_mixin.py:190} INFO - [2025-02-22T17:16:25.258+0000] {dag.py:3239} INFO - Sync 1 DAGs
[2025-02-22T17:16:25.264+0000] {logging_mixin.py:190} INFO - [2025-02-22T17:16:25.264+0000] {dag.py:4180} INFO - Setting next_dagrun for example_setup_teardown to None, run_after=None
[2025-02-22T17:16:25.272+0000] {processor.py:208} INFO - Processing /home/airflow/.local/lib/python3.12/site-packages/airflow/example_dags/example_setup_teardown.py took 0.030 seconds
[2025-02-22T17:16:55.517+0000] {processor.py:186} INFO - Started process (PID=188) to work on /home/airflow/.local/lib/python3.12/site-packages/airflow/example_dags/example_setup_teardown.py
[2025-02-22T17:16:55.518+0000] {processor.py:914} INFO - Processing file /home/airflow/.local/lib/python3.12/site-packages/airflow/example_dags/example_setup_teardown.py for tasks to queue
[2025-02-22T17:16:55.520+0000] {logging_mixin.py:190} INFO - [2025-02-22T17:16:55.520+0000] {dagbag.py:588} INFO - Filling up the DagBag from /home/airflow/.local/lib/python3.12/site-packages/airflow/example_dags/example_setup_teardown.py
[2025-02-22T17:16:55.523+0000] {processor.py:925} INFO - DAG(s) 'example_setup_teardown' retrieved from /home/airflow/.local/lib/python3.12/site-packages/airflow/example_dags/example_setup_teardown.py
[2025-02-22T17:16:55.533+0000] {logging_mixin.py:190} INFO - [2025-02-22T17:16:55.532+0000] {dag.py:3239} INFO - Sync 1 DAGs
[2025-02-22T17:16:55.537+0000] {logging_mixin.py:190} INFO - [2025-02-22T17:16:55.537+0000] {dag.py:4180} INFO - Setting next_dagrun for example_setup_teardown to None, run_after=None
[2025-02-22T17:16:55.546+0000] {processor.py:208} INFO - Processing /home/airflow/.local/lib/python3.12/site-packages/airflow/example_dags/example_setup_teardown.py took 0.032 seconds
[2025-02-22T17:17:26.633+0000] {processor.py:186} INFO - Started process (PID=251) to work on /home/airflow/.local/lib/python3.12/site-packages/airflow/example_dags/example_setup_teardown.py
[2025-02-22T17:17:26.633+0000] {processor.py:914} INFO - Processing file /home/airflow/.local/lib/python3.12/site-packages/airflow/example_dags/example_setup_teardown.py for tasks to queue
[2025-02-22T17:17:26.634+0000] {logging_mixin.py:190} INFO - [2025-02-22T17:17:26.634+0000] {dagbag.py:588} INFO - Filling up the DagBag from /home/airflow/.local/lib/python3.12/site-packages/airflow/example_dags/example_setup_teardown.py
[2025-02-22T17:17:26.637+0000] {processor.py:925} INFO - DAG(s) 'example_setup_teardown' retrieved from /home/airflow/.local/lib/python3.12/site-packages/airflow/example_dags/example_setup_teardown.py
[2025-02-22T17:17:26.644+0000] {logging_mixin.py:190} INFO - [2025-02-22T17:17:26.644+0000] {dag.py:3239} INFO - Sync 1 DAGs
[2025-02-22T17:17:26.648+0000] {logging_mixin.py:190} INFO - [2025-02-22T17:17:26.648+0000] {dag.py:4180} INFO - Setting next_dagrun for example_setup_teardown to None, run_after=None
[2025-02-22T17:17:26.654+0000] {processor.py:208} INFO - Processing /home/airflow/.local/lib/python3.12/site-packages/airflow/example_dags/example_setup_teardown.py took 0.023 seconds
[2025-02-22T17:17:56.788+0000] {processor.py:186} INFO - Started process (PID=314) to work on /home/airflow/.local/lib/python3.12/site-packages/airflow/example_dags/example_setup_teardown.py
[2025-02-22T17:17:56.789+0000] {processor.py:914} INFO - Processing file /home/airflow/.local/lib/python3.12/site-packages/airflow/example_dags/example_setup_teardown.py for tasks to queue
[2025-02-22T17:17:56.791+0000] {logging_mixin.py:190} INFO - [2025-02-22T17:17:56.791+0000] {dagbag.py:588} INFO - Filling up the DagBag from /home/airflow/.local/lib/python3.12/site-packages/airflow/example_dags/example_setup_teardown.py
[2025-02-22T17:17:56.795+0000] {processor.py:925} INFO - DAG(s) 'example_setup_teardown' retrieved from /home/airflow/.local/lib/python3.12/site-packages/airflow/example_dags/example_setup_teardown.py
[2025-02-22T17:17:56.805+0000] {logging_mixin.py:190} INFO - [2025-02-22T17:17:56.805+0000] {dag.py:3239} INFO - Sync 1 DAGs
[2025-02-22T17:17:56.811+0000] {logging_mixin.py:190} INFO - [2025-02-22T17:17:56.811+0000] {dag.py:4180} INFO - Setting next_dagrun for example_setup_teardown to None, run_after=None
[2025-02-22T17:17:56.822+0000] {processor.py:208} INFO - Processing /home/airflow/.local/lib/python3.12/site-packages/airflow/example_dags/example_setup_teardown.py took 0.036 seconds
[2025-02-22T17:18:26.968+0000] {processor.py:186} INFO - Started process (PID=376) to work on /home/airflow/.local/lib/python3.12/site-packages/airflow/example_dags/example_setup_teardown.py
[2025-02-22T17:18:26.969+0000] {processor.py:914} INFO - Processing file /home/airflow/.local/lib/python3.12/site-packages/airflow/example_dags/example_setup_teardown.py for tasks to queue
[2025-02-22T17:18:26.970+0000] {logging_mixin.py:190} INFO - [2025-02-22T17:18:26.969+0000] {dagbag.py:588} INFO - Filling up the DagBag from /home/airflow/.local/lib/python3.12/site-packages/airflow/example_dags/example_setup_teardown.py
[2025-02-22T17:18:26.973+0000] {processor.py:925} INFO - DAG(s) 'example_setup_teardown' retrieved from /home/airflow/.local/lib/python3.12/site-packages/airflow/example_dags/example_setup_teardown.py
[2025-02-22T17:18:26.980+0000] {logging_mixin.py:190} INFO - [2025-02-22T17:18:26.980+0000] {dag.py:3239} INFO - Sync 1 DAGs
[2025-02-22T17:18:26.987+0000] {logging_mixin.py:190} INFO - [2025-02-22T17:18:26.986+0000] {dag.py:4180} INFO - Setting next_dagrun for example_setup_teardown to None, run_after=None
[2025-02-22T17:18:26.992+0000] {processor.py:208} INFO - Processing /home/airflow/.local/lib/python3.12/site-packages/airflow/example_dags/example_setup_teardown.py took 0.026 seconds
[2025-02-22T17:18:57.050+0000] {processor.py:186} INFO - Started process (PID=439) to work on /home/airflow/.local/lib/python3.12/site-packages/airflow/example_dags/example_setup_teardown.py
[2025-02-22T17:18:57.051+0000] {processor.py:914} INFO - Processing file /home/airflow/.local/lib/python3.12/site-packages/airflow/example_dags/example_setup_teardown.py for tasks to queue
[2025-02-22T17:18:57.052+0000] {logging_mixin.py:190} INFO - [2025-02-22T17:18:57.051+0000] {dagbag.py:588} INFO - Filling up the DagBag from /home/airflow/.local/lib/python3.12/site-packages/airflow/example_dags/example_setup_teardown.py
[2025-02-22T17:18:57.055+0000] {processor.py:925} INFO - DAG(s) 'example_setup_teardown' retrieved from /home/airflow/.local/lib/python3.12/site-packages/airflow/example_dags/example_setup_teardown.py
[2025-02-22T17:18:57.063+0000] {logging_mixin.py:190} INFO - [2025-02-22T17:18:57.063+0000] {dag.py:3239} INFO - Sync 1 DAGs
[2025-02-22T17:18:57.068+0000] {logging_mixin.py:190} INFO - [2025-02-22T17:18:57.068+0000] {dag.py:4180} INFO - Setting next_dagrun for example_setup_teardown to None, run_after=None
[2025-02-22T17:18:57.078+0000] {processor.py:208} INFO - Processing /home/airflow/.local/lib/python3.12/site-packages/airflow/example_dags/example_setup_teardown.py took 0.030 seconds
[2025-02-22T17:19:27.144+0000] {processor.py:186} INFO - Started process (PID=502) to work on /home/airflow/.local/lib/python3.12/site-packages/airflow/example_dags/example_setup_teardown.py
[2025-02-22T17:19:27.144+0000] {processor.py:914} INFO - Processing file /home/airflow/.local/lib/python3.12/site-packages/airflow/example_dags/example_setup_teardown.py for tasks to queue
[2025-02-22T17:19:27.145+0000] {logging_mixin.py:190} INFO - [2025-02-22T17:19:27.145+0000] {dagbag.py:588} INFO - Filling up the DagBag from /home/airflow/.local/lib/python3.12/site-packages/airflow/example_dags/example_setup_teardown.py
[2025-02-22T17:19:27.148+0000] {processor.py:925} INFO - DAG(s) 'example_setup_teardown' retrieved from /home/airflow/.local/lib/python3.12/site-packages/airflow/example_dags/example_setup_teardown.py
[2025-02-22T17:19:27.156+0000] {logging_mixin.py:190} INFO - [2025-02-22T17:19:27.156+0000] {dag.py:3239} INFO - Sync 1 DAGs
[2025-02-22T17:19:27.160+0000] {logging_mixin.py:190} INFO - [2025-02-22T17:19:27.160+0000] {dag.py:4180} INFO - Setting next_dagrun for example_setup_teardown to None, run_after=None
[2025-02-22T17:19:27.168+0000] {processor.py:208} INFO - Processing /home/airflow/.local/lib/python3.12/site-packages/airflow/example_dags/example_setup_teardown.py took 0.027 seconds
[2025-02-22T17:19:57.267+0000] {processor.py:186} INFO - Started process (PID=565) to work on /home/airflow/.local/lib/python3.12/site-packages/airflow/example_dags/example_setup_teardown.py
[2025-02-22T17:19:57.271+0000] {processor.py:914} INFO - Processing file /home/airflow/.local/lib/python3.12/site-packages/airflow/example_dags/example_setup_teardown.py for tasks to queue
[2025-02-22T17:19:57.273+0000] {logging_mixin.py:190} INFO - [2025-02-22T17:19:57.273+0000] {dagbag.py:588} INFO - Filling up the DagBag from /home/airflow/.local/lib/python3.12/site-packages/airflow/example_dags/example_setup_teardown.py
[2025-02-22T17:19:57.276+0000] {processor.py:925} INFO - DAG(s) 'example_setup_teardown' retrieved from /home/airflow/.local/lib/python3.12/site-packages/airflow/example_dags/example_setup_teardown.py
[2025-02-22T17:19:57.286+0000] {logging_mixin.py:190} INFO - [2025-02-22T17:19:57.286+0000] {dag.py:3239} INFO - Sync 1 DAGs
[2025-02-22T17:19:57.290+0000] {logging_mixin.py:190} INFO - [2025-02-22T17:19:57.290+0000] {dag.py:4180} INFO - Setting next_dagrun for example_setup_teardown to None, run_after=None
[2025-02-22T17:19:57.297+0000] {processor.py:208} INFO - Processing /home/airflow/.local/lib/python3.12/site-packages/airflow/example_dags/example_setup_teardown.py took 0.032 seconds
[2025-02-22T17:20:27.395+0000] {processor.py:186} INFO - Started process (PID=628) to work on /home/airflow/.local/lib/python3.12/site-packages/airflow/example_dags/example_setup_teardown.py
[2025-02-22T17:20:27.398+0000] {processor.py:914} INFO - Processing file /home/airflow/.local/lib/python3.12/site-packages/airflow/example_dags/example_setup_teardown.py for tasks to queue
[2025-02-22T17:20:27.399+0000] {logging_mixin.py:190} INFO - [2025-02-22T17:20:27.399+0000] {dagbag.py:588} INFO - Filling up the DagBag from /home/airflow/.local/lib/python3.12/site-packages/airflow/example_dags/example_setup_teardown.py
[2025-02-22T17:20:27.402+0000] {processor.py:925} INFO - DAG(s) 'example_setup_teardown' retrieved from /home/airflow/.local/lib/python3.12/site-packages/airflow/example_dags/example_setup_teardown.py
[2025-02-22T17:20:27.410+0000] {logging_mixin.py:190} INFO - [2025-02-22T17:20:27.410+0000] {dag.py:3239} INFO - Sync 1 DAGs
[2025-02-22T17:20:27.415+0000] {logging_mixin.py:190} INFO - [2025-02-22T17:20:27.415+0000] {dag.py:4180} INFO - Setting next_dagrun for example_setup_teardown to None, run_after=None
[2025-02-22T17:20:27.423+0000] {processor.py:208} INFO - Processing /home/airflow/.local/lib/python3.12/site-packages/airflow/example_dags/example_setup_teardown.py took 0.030 seconds
[2025-02-22T17:20:57.569+0000] {processor.py:186} INFO - Started process (PID=690) to work on /home/airflow/.local/lib/python3.12/site-packages/airflow/example_dags/example_setup_teardown.py
[2025-02-22T17:20:57.569+0000] {processor.py:914} INFO - Processing file /home/airflow/.local/lib/python3.12/site-packages/airflow/example_dags/example_setup_teardown.py for tasks to queue
[2025-02-22T17:20:57.570+0000] {logging_mixin.py:190} INFO - [2025-02-22T17:20:57.570+0000] {dagbag.py:588} INFO - Filling up the DagBag from /home/airflow/.local/lib/python3.12/site-packages/airflow/example_dags/example_setup_teardown.py
[2025-02-22T17:20:57.574+0000] {processor.py:925} INFO - DAG(s) 'example_setup_teardown' retrieved from /home/airflow/.local/lib/python3.12/site-packages/airflow/example_dags/example_setup_teardown.py
[2025-02-22T17:20:57.582+0000] {logging_mixin.py:190} INFO - [2025-02-22T17:20:57.582+0000] {dag.py:3239} INFO - Sync 1 DAGs
[2025-02-22T17:20:57.587+0000] {logging_mixin.py:190} INFO - [2025-02-22T17:20:57.587+0000] {dag.py:4180} INFO - Setting next_dagrun for example_setup_teardown to None, run_after=None
[2025-02-22T17:20:57.597+0000] {processor.py:208} INFO - Processing /home/airflow/.local/lib/python3.12/site-packages/airflow/example_dags/example_setup_teardown.py took 0.031 seconds
[2025-02-22T17:21:27.773+0000] {processor.py:186} INFO - Started process (PID=753) to work on /home/airflow/.local/lib/python3.12/site-packages/airflow/example_dags/example_setup_teardown.py
[2025-02-22T17:21:27.774+0000] {processor.py:914} INFO - Processing file /home/airflow/.local/lib/python3.12/site-packages/airflow/example_dags/example_setup_teardown.py for tasks to queue
[2025-02-22T17:21:27.775+0000] {logging_mixin.py:190} INFO - [2025-02-22T17:21:27.775+0000] {dagbag.py:588} INFO - Filling up the DagBag from /home/airflow/.local/lib/python3.12/site-packages/airflow/example_dags/example_setup_teardown.py
[2025-02-22T17:21:27.778+0000] {processor.py:925} INFO - DAG(s) 'example_setup_teardown' retrieved from /home/airflow/.local/lib/python3.12/site-packages/airflow/example_dags/example_setup_teardown.py
[2025-02-22T17:21:27.787+0000] {logging_mixin.py:190} INFO - [2025-02-22T17:21:27.787+0000] {dag.py:3239} INFO - Sync 1 DAGs
[2025-02-22T17:21:27.792+0000] {logging_mixin.py:190} INFO - [2025-02-22T17:21:27.792+0000] {dag.py:4180} INFO - Setting next_dagrun for example_setup_teardown to None, run_after=None
[2025-02-22T17:21:27.800+0000] {processor.py:208} INFO - Processing /home/airflow/.local/lib/python3.12/site-packages/airflow/example_dags/example_setup_teardown.py took 0.029 seconds
[2025-02-22T17:21:58.012+0000] {processor.py:186} INFO - Started process (PID=816) to work on /home/airflow/.local/lib/python3.12/site-packages/airflow/example_dags/example_setup_teardown.py
[2025-02-22T17:21:58.015+0000] {processor.py:914} INFO - Processing file /home/airflow/.local/lib/python3.12/site-packages/airflow/example_dags/example_setup_teardown.py for tasks to queue
[2025-02-22T17:21:58.016+0000] {logging_mixin.py:190} INFO - [2025-02-22T17:21:58.016+0000] {dagbag.py:588} INFO - Filling up the DagBag from /home/airflow/.local/lib/python3.12/site-packages/airflow/example_dags/example_setup_teardown.py
[2025-02-22T17:21:58.021+0000] {processor.py:925} INFO - DAG(s) 'example_setup_teardown' retrieved from /home/airflow/.local/lib/python3.12/site-packages/airflow/example_dags/example_setup_teardown.py
[2025-02-22T17:21:58.030+0000] {logging_mixin.py:190} INFO - [2025-02-22T17:21:58.030+0000] {dag.py:3239} INFO - Sync 1 DAGs
[2025-02-22T17:21:58.037+0000] {logging_mixin.py:190} INFO - [2025-02-22T17:21:58.037+0000] {dag.py:4180} INFO - Setting next_dagrun for example_setup_teardown to None, run_after=None
[2025-02-22T17:21:58.045+0000] {processor.py:208} INFO - Processing /home/airflow/.local/lib/python3.12/site-packages/airflow/example_dags/example_setup_teardown.py took 0.035 seconds
[2025-02-22T17:22:28.229+0000] {processor.py:186} INFO - Started process (PID=879) to work on /home/airflow/.local/lib/python3.12/site-packages/airflow/example_dags/example_setup_teardown.py
[2025-02-22T17:22:28.231+0000] {processor.py:914} INFO - Processing file /home/airflow/.local/lib/python3.12/site-packages/airflow/example_dags/example_setup_teardown.py for tasks to queue
[2025-02-22T17:22:28.233+0000] {logging_mixin.py:190} INFO - [2025-02-22T17:22:28.233+0000] {dagbag.py:588} INFO - Filling up the DagBag from /home/airflow/.local/lib/python3.12/site-packages/airflow/example_dags/example_setup_teardown.py
[2025-02-22T17:22:28.236+0000] {processor.py:925} INFO - DAG(s) 'example_setup_teardown' retrieved from /home/airflow/.local/lib/python3.12/site-packages/airflow/example_dags/example_setup_teardown.py
[2025-02-22T17:22:28.243+0000] {logging_mixin.py:190} INFO - [2025-02-22T17:22:28.243+0000] {dag.py:3239} INFO - Sync 1 DAGs
[2025-02-22T17:22:28.248+0000] {logging_mixin.py:190} INFO - [2025-02-22T17:22:28.248+0000] {dag.py:4180} INFO - Setting next_dagrun for example_setup_teardown to None, run_after=None
[2025-02-22T17:22:28.257+0000] {processor.py:208} INFO - Processing /home/airflow/.local/lib/python3.12/site-packages/airflow/example_dags/example_setup_teardown.py took 0.031 seconds
[2025-02-22T17:22:58.457+0000] {processor.py:186} INFO - Started process (PID=942) to work on /home/airflow/.local/lib/python3.12/site-packages/airflow/example_dags/example_setup_teardown.py
[2025-02-22T17:22:58.460+0000] {processor.py:914} INFO - Processing file /home/airflow/.local/lib/python3.12/site-packages/airflow/example_dags/example_setup_teardown.py for tasks to queue
[2025-02-22T17:22:58.461+0000] {logging_mixin.py:190} INFO - [2025-02-22T17:22:58.461+0000] {dagbag.py:588} INFO - Filling up the DagBag from /home/airflow/.local/lib/python3.12/site-packages/airflow/example_dags/example_setup_teardown.py
[2025-02-22T17:22:58.464+0000] {processor.py:925} INFO - DAG(s) 'example_setup_teardown' retrieved from /home/airflow/.local/lib/python3.12/site-packages/airflow/example_dags/example_setup_teardown.py
[2025-02-22T17:22:58.472+0000] {logging_mixin.py:190} INFO - [2025-02-22T17:22:58.472+0000] {dag.py:3239} INFO - Sync 1 DAGs
[2025-02-22T17:22:58.477+0000] {logging_mixin.py:190} INFO - [2025-02-22T17:22:58.477+0000] {dag.py:4180} INFO - Setting next_dagrun for example_setup_teardown to None, run_after=None
[2025-02-22T17:22:58.486+0000] {processor.py:208} INFO - Processing /home/airflow/.local/lib/python3.12/site-packages/airflow/example_dags/example_setup_teardown.py took 0.031 seconds
[2025-02-22T17:23:28.679+0000] {processor.py:186} INFO - Started process (PID=1011) to work on /home/airflow/.local/lib/python3.12/site-packages/airflow/example_dags/example_setup_teardown.py
[2025-02-22T17:23:28.680+0000] {processor.py:914} INFO - Processing file /home/airflow/.local/lib/python3.12/site-packages/airflow/example_dags/example_setup_teardown.py for tasks to queue
[2025-02-22T17:23:28.681+0000] {logging_mixin.py:190} INFO - [2025-02-22T17:23:28.681+0000] {dagbag.py:588} INFO - Filling up the DagBag from /home/airflow/.local/lib/python3.12/site-packages/airflow/example_dags/example_setup_teardown.py
[2025-02-22T17:23:28.685+0000] {processor.py:925} INFO - DAG(s) 'example_setup_teardown' retrieved from /home/airflow/.local/lib/python3.12/site-packages/airflow/example_dags/example_setup_teardown.py
[2025-02-22T17:23:28.695+0000] {logging_mixin.py:190} INFO - [2025-02-22T17:23:28.695+0000] {dag.py:3239} INFO - Sync 1 DAGs
[2025-02-22T17:23:28.701+0000] {logging_mixin.py:190} INFO - [2025-02-22T17:23:28.701+0000] {dag.py:4180} INFO - Setting next_dagrun for example_setup_teardown to None, run_after=None
[2025-02-22T17:23:28.712+0000] {processor.py:208} INFO - Processing /home/airflow/.local/lib/python3.12/site-packages/airflow/example_dags/example_setup_teardown.py took 0.035 seconds
[2025-02-22T17:23:58.979+0000] {processor.py:186} INFO - Started process (PID=1074) to work on /home/airflow/.local/lib/python3.12/site-packages/airflow/example_dags/example_setup_teardown.py
[2025-02-22T17:23:58.981+0000] {processor.py:914} INFO - Processing file /home/airflow/.local/lib/python3.12/site-packages/airflow/example_dags/example_setup_teardown.py for tasks to queue
[2025-02-22T17:23:58.982+0000] {logging_mixin.py:190} INFO - [2025-02-22T17:23:58.982+0000] {dagbag.py:588} INFO - Filling up the DagBag from /home/airflow/.local/lib/python3.12/site-packages/airflow/example_dags/example_setup_teardown.py
[2025-02-22T17:23:58.985+0000] {processor.py:925} INFO - DAG(s) 'example_setup_teardown' retrieved from /home/airflow/.local/lib/python3.12/site-packages/airflow/example_dags/example_setup_teardown.py
[2025-02-22T17:23:58.993+0000] {logging_mixin.py:190} INFO - [2025-02-22T17:23:58.993+0000] {dag.py:3239} INFO - Sync 1 DAGs
[2025-02-22T17:23:58.999+0000] {logging_mixin.py:190} INFO - [2025-02-22T17:23:58.999+0000] {dag.py:4180} INFO - Setting next_dagrun for example_setup_teardown to None, run_after=None
[2025-02-22T17:23:59.005+0000] {processor.py:208} INFO - Processing /home/airflow/.local/lib/python3.12/site-packages/airflow/example_dags/example_setup_teardown.py took 0.028 seconds
[2025-02-22T17:24:29.196+0000] {processor.py:186} INFO - Started process (PID=1136) to work on /home/airflow/.local/lib/python3.12/site-packages/airflow/example_dags/example_setup_teardown.py
[2025-02-22T17:24:29.197+0000] {processor.py:914} INFO - Processing file /home/airflow/.local/lib/python3.12/site-packages/airflow/example_dags/example_setup_teardown.py for tasks to queue
[2025-02-22T17:24:29.197+0000] {logging_mixin.py:190} INFO - [2025-02-22T17:24:29.197+0000] {dagbag.py:588} INFO - Filling up the DagBag from /home/airflow/.local/lib/python3.12/site-packages/airflow/example_dags/example_setup_teardown.py
[2025-02-22T17:24:29.201+0000] {processor.py:925} INFO - DAG(s) 'example_setup_teardown' retrieved from /home/airflow/.local/lib/python3.12/site-packages/airflow/example_dags/example_setup_teardown.py
[2025-02-22T17:24:29.208+0000] {logging_mixin.py:190} INFO - [2025-02-22T17:24:29.208+0000] {dag.py:3239} INFO - Sync 1 DAGs
[2025-02-22T17:24:29.213+0000] {logging_mixin.py:190} INFO - [2025-02-22T17:24:29.213+0000] {dag.py:4180} INFO - Setting next_dagrun for example_setup_teardown to None, run_after=None
[2025-02-22T17:24:29.220+0000] {processor.py:208} INFO - Processing /home/airflow/.local/lib/python3.12/site-packages/airflow/example_dags/example_setup_teardown.py took 0.026 seconds
[2025-02-22T17:24:59.426+0000] {processor.py:186} INFO - Started process (PID=1199) to work on /home/airflow/.local/lib/python3.12/site-packages/airflow/example_dags/example_setup_teardown.py
[2025-02-22T17:24:59.426+0000] {processor.py:914} INFO - Processing file /home/airflow/.local/lib/python3.12/site-packages/airflow/example_dags/example_setup_teardown.py for tasks to queue
[2025-02-22T17:24:59.427+0000] {logging_mixin.py:190} INFO - [2025-02-22T17:24:59.427+0000] {dagbag.py:588} INFO - Filling up the DagBag from /home/airflow/.local/lib/python3.12/site-packages/airflow/example_dags/example_setup_teardown.py
[2025-02-22T17:24:59.430+0000] {processor.py:925} INFO - DAG(s) 'example_setup_teardown' retrieved from /home/airflow/.local/lib/python3.12/site-packages/airflow/example_dags/example_setup_teardown.py
[2025-02-22T17:24:59.437+0000] {logging_mixin.py:190} INFO - [2025-02-22T17:24:59.437+0000] {dag.py:3239} INFO - Sync 1 DAGs
[2025-02-22T17:24:59.442+0000] {logging_mixin.py:190} INFO - [2025-02-22T17:24:59.441+0000] {dag.py:4180} INFO - Setting next_dagrun for example_setup_teardown to None, run_after=None
[2025-02-22T17:24:59.447+0000] {processor.py:208} INFO - Processing /home/airflow/.local/lib/python3.12/site-packages/airflow/example_dags/example_setup_teardown.py took 0.023 seconds
[2025-02-22T17:25:29.696+0000] {processor.py:186} INFO - Started process (PID=1262) to work on /home/airflow/.local/lib/python3.12/site-packages/airflow/example_dags/example_setup_teardown.py
[2025-02-22T17:25:29.697+0000] {processor.py:914} INFO - Processing file /home/airflow/.local/lib/python3.12/site-packages/airflow/example_dags/example_setup_teardown.py for tasks to queue
[2025-02-22T17:25:29.698+0000] {logging_mixin.py:190} INFO - [2025-02-22T17:25:29.698+0000] {dagbag.py:588} INFO - Filling up the DagBag from /home/airflow/.local/lib/python3.12/site-packages/airflow/example_dags/example_setup_teardown.py
[2025-02-22T17:25:29.701+0000] {processor.py:925} INFO - DAG(s) 'example_setup_teardown' retrieved from /home/airflow/.local/lib/python3.12/site-packages/airflow/example_dags/example_setup_teardown.py
[2025-02-22T17:25:29.710+0000] {logging_mixin.py:190} INFO - [2025-02-22T17:25:29.710+0000] {dag.py:3239} INFO - Sync 1 DAGs
[2025-02-22T17:25:29.715+0000] {logging_mixin.py:190} INFO - [2025-02-22T17:25:29.715+0000] {dag.py:4180} INFO - Setting next_dagrun for example_setup_teardown to None, run_after=None
[2025-02-22T17:25:29.721+0000] {processor.py:208} INFO - Processing /home/airflow/.local/lib/python3.12/site-packages/airflow/example_dags/example_setup_teardown.py took 0.027 seconds
[2025-02-22T17:25:59.957+0000] {processor.py:186} INFO - Started process (PID=1325) to work on /home/airflow/.local/lib/python3.12/site-packages/airflow/example_dags/example_setup_teardown.py
[2025-02-22T17:25:59.959+0000] {processor.py:914} INFO - Processing file /home/airflow/.local/lib/python3.12/site-packages/airflow/example_dags/example_setup_teardown.py for tasks to queue
[2025-02-22T17:25:59.960+0000] {logging_mixin.py:190} INFO - [2025-02-22T17:25:59.960+0000] {dagbag.py:588} INFO - Filling up the DagBag from /home/airflow/.local/lib/python3.12/site-packages/airflow/example_dags/example_setup_teardown.py
[2025-02-22T17:25:59.964+0000] {processor.py:925} INFO - DAG(s) 'example_setup_teardown' retrieved from /home/airflow/.local/lib/python3.12/site-packages/airflow/example_dags/example_setup_teardown.py
[2025-02-22T17:25:59.971+0000] {logging_mixin.py:190} INFO - [2025-02-22T17:25:59.971+0000] {dag.py:3239} INFO - Sync 1 DAGs
[2025-02-22T17:25:59.980+0000] {logging_mixin.py:190} INFO - [2025-02-22T17:25:59.979+0000] {dag.py:4180} INFO - Setting next_dagrun for example_setup_teardown to None, run_after=None
[2025-02-22T17:25:59.988+0000] {processor.py:208} INFO - Processing /home/airflow/.local/lib/python3.12/site-packages/airflow/example_dags/example_setup_teardown.py took 0.033 seconds
[2025-02-22T17:26:30.134+0000] {processor.py:186} INFO - Started process (PID=1388) to work on /home/airflow/.local/lib/python3.12/site-packages/airflow/example_dags/example_setup_teardown.py
[2025-02-22T17:26:30.134+0000] {processor.py:914} INFO - Processing file /home/airflow/.local/lib/python3.12/site-packages/airflow/example_dags/example_setup_teardown.py for tasks to queue
[2025-02-22T17:26:30.135+0000] {logging_mixin.py:190} INFO - [2025-02-22T17:26:30.135+0000] {dagbag.py:588} INFO - Filling up the DagBag from /home/airflow/.local/lib/python3.12/site-packages/airflow/example_dags/example_setup_teardown.py
[2025-02-22T17:26:30.138+0000] {processor.py:925} INFO - DAG(s) 'example_setup_teardown' retrieved from /home/airflow/.local/lib/python3.12/site-packages/airflow/example_dags/example_setup_teardown.py
[2025-02-22T17:26:30.146+0000] {logging_mixin.py:190} INFO - [2025-02-22T17:26:30.146+0000] {dag.py:3239} INFO - Sync 1 DAGs
[2025-02-22T17:26:30.151+0000] {logging_mixin.py:190} INFO - [2025-02-22T17:26:30.151+0000] {dag.py:4180} INFO - Setting next_dagrun for example_setup_teardown to None, run_after=None
[2025-02-22T17:26:30.160+0000] {processor.py:208} INFO - Processing /home/airflow/.local/lib/python3.12/site-packages/airflow/example_dags/example_setup_teardown.py took 0.028 seconds
