[2025-02-22T17:05:27.505+0000] {processor.py:186} INFO - Started process (PID=80) to work on /home/airflow/.local/lib/python3.12/site-packages/airflow/example_dags/example_xcomargs.py
[2025-02-22T17:05:27.505+0000] {processor.py:914} INFO - Processing file /home/airflow/.local/lib/python3.12/site-packages/airflow/example_dags/example_xcomargs.py for tasks to queue
[2025-02-22T17:05:27.506+0000] {logging_mixin.py:190} INFO - [2025-02-22T17:05:27.506+0000] {dagbag.py:588} INFO - Filling up the DagBag from /home/airflow/.local/lib/python3.12/site-packages/airflow/example_dags/example_xcomargs.py
[2025-02-22T17:05:27.511+0000] {processor.py:925} INFO - DAG(s) 'example_xcom_args_with_operators', 'example_xcom_args' retrieved from /home/airflow/.local/lib/python3.12/site-packages/airflow/example_dags/example_xcomargs.py
[2025-02-22T17:05:27.550+0000] {logging_mixin.py:190} INFO - [2025-02-22T17:05:27.549+0000] {override.py:1912} INFO - Created Permission View: can edit on DAG:example_xcom_args_with_operators
[2025-02-22T17:05:27.553+0000] {logging_mixin.py:190} INFO - [2025-02-22T17:05:27.553+0000] {override.py:1912} INFO - Created Permission View: can delete on DAG:example_xcom_args_with_operators
[2025-02-22T17:05:27.555+0000] {logging_mixin.py:190} INFO - [2025-02-22T17:05:27.555+0000] {override.py:1912} INFO - Created Permission View: can read on DAG:example_xcom_args_with_operators
[2025-02-22T17:05:27.556+0000] {logging_mixin.py:190} INFO - [2025-02-22T17:05:27.556+0000] {override.py:1912} INFO - Created Permission View: menu access on DAG Run:example_xcom_args_with_operators
[2025-02-22T17:05:27.558+0000] {logging_mixin.py:190} INFO - [2025-02-22T17:05:27.558+0000] {override.py:1912} INFO - Created Permission View: can create on DAG Run:example_xcom_args_with_operators
[2025-02-22T17:05:27.560+0000] {logging_mixin.py:190} INFO - [2025-02-22T17:05:27.560+0000] {override.py:1912} INFO - Created Permission View: can delete on DAG Run:example_xcom_args_with_operators
[2025-02-22T17:05:27.561+0000] {logging_mixin.py:190} INFO - [2025-02-22T17:05:27.561+0000] {override.py:1912} INFO - Created Permission View: can read on DAG Run:example_xcom_args_with_operators
[2025-02-22T17:05:27.565+0000] {logging_mixin.py:190} INFO - [2025-02-22T17:05:27.565+0000] {override.py:1912} INFO - Created Permission View: can edit on DAG:example_xcom_args
[2025-02-22T17:05:27.567+0000] {logging_mixin.py:190} INFO - [2025-02-22T17:05:27.567+0000] {override.py:1912} INFO - Created Permission View: can delete on DAG:example_xcom_args
[2025-02-22T17:05:27.568+0000] {logging_mixin.py:190} INFO - [2025-02-22T17:05:27.568+0000] {override.py:1912} INFO - Created Permission View: can read on DAG:example_xcom_args
[2025-02-22T17:05:27.570+0000] {logging_mixin.py:190} INFO - [2025-02-22T17:05:27.570+0000] {override.py:1912} INFO - Created Permission View: menu access on DAG Run:example_xcom_args
[2025-02-22T17:05:27.572+0000] {logging_mixin.py:190} INFO - [2025-02-22T17:05:27.572+0000] {override.py:1912} INFO - Created Permission View: can create on DAG Run:example_xcom_args
[2025-02-22T17:05:27.573+0000] {logging_mixin.py:190} INFO - [2025-02-22T17:05:27.573+0000] {override.py:1912} INFO - Created Permission View: can delete on DAG Run:example_xcom_args
[2025-02-22T17:05:27.575+0000] {logging_mixin.py:190} INFO - [2025-02-22T17:05:27.575+0000] {override.py:1912} INFO - Created Permission View: can read on DAG Run:example_xcom_args
[2025-02-22T17:05:27.575+0000] {logging_mixin.py:190} INFO - [2025-02-22T17:05:27.575+0000] {dag.py:3239} INFO - Sync 2 DAGs
[2025-02-22T17:05:27.580+0000] {logging_mixin.py:190} INFO - [2025-02-22T17:05:27.580+0000] {dag.py:3262} INFO - Creating ORM DAG for example_xcom_args
[2025-02-22T17:05:27.580+0000] {logging_mixin.py:190} INFO - [2025-02-22T17:05:27.580+0000] {dag.py:3262} INFO - Creating ORM DAG for example_xcom_args_with_operators
[2025-02-22T17:05:27.580+0000] {logging_mixin.py:190} INFO - [2025-02-22T17:05:27.580+0000] {dag.py:4180} INFO - Setting next_dagrun for example_xcom_args to None, run_after=None
[2025-02-22T17:05:27.580+0000] {logging_mixin.py:190} INFO - [2025-02-22T17:05:27.580+0000] {dag.py:4180} INFO - Setting next_dagrun for example_xcom_args_with_operators to None, run_after=None
[2025-02-22T17:05:27.586+0000] {processor.py:208} INFO - Processing /home/airflow/.local/lib/python3.12/site-packages/airflow/example_dags/example_xcomargs.py took 0.084 seconds
[2025-02-22T17:05:58.058+0000] {processor.py:186} INFO - Started process (PID=143) to work on /home/airflow/.local/lib/python3.12/site-packages/airflow/example_dags/example_xcomargs.py
[2025-02-22T17:05:58.059+0000] {processor.py:914} INFO - Processing file /home/airflow/.local/lib/python3.12/site-packages/airflow/example_dags/example_xcomargs.py for tasks to queue
[2025-02-22T17:05:58.060+0000] {logging_mixin.py:190} INFO - [2025-02-22T17:05:58.060+0000] {dagbag.py:588} INFO - Filling up the DagBag from /home/airflow/.local/lib/python3.12/site-packages/airflow/example_dags/example_xcomargs.py
[2025-02-22T17:05:58.064+0000] {processor.py:925} INFO - DAG(s) 'example_xcom_args_with_operators', 'example_xcom_args' retrieved from /home/airflow/.local/lib/python3.12/site-packages/airflow/example_dags/example_xcomargs.py
[2025-02-22T17:05:58.073+0000] {logging_mixin.py:190} INFO - [2025-02-22T17:05:58.073+0000] {dag.py:3239} INFO - Sync 2 DAGs
[2025-02-22T17:05:58.078+0000] {logging_mixin.py:190} INFO - [2025-02-22T17:05:58.078+0000] {dag.py:4180} INFO - Setting next_dagrun for example_xcom_args to None, run_after=None
[2025-02-22T17:05:58.080+0000] {logging_mixin.py:190} INFO - [2025-02-22T17:05:58.080+0000] {dag.py:4180} INFO - Setting next_dagrun for example_xcom_args_with_operators to None, run_after=None
[2025-02-22T17:05:58.086+0000] {processor.py:208} INFO - Processing /home/airflow/.local/lib/python3.12/site-packages/airflow/example_dags/example_xcomargs.py took 0.030 seconds
[2025-02-22T17:06:28.343+0000] {processor.py:186} INFO - Started process (PID=206) to work on /home/airflow/.local/lib/python3.12/site-packages/airflow/example_dags/example_xcomargs.py
[2025-02-22T17:06:28.344+0000] {processor.py:914} INFO - Processing file /home/airflow/.local/lib/python3.12/site-packages/airflow/example_dags/example_xcomargs.py for tasks to queue
[2025-02-22T17:06:28.345+0000] {logging_mixin.py:190} INFO - [2025-02-22T17:06:28.345+0000] {dagbag.py:588} INFO - Filling up the DagBag from /home/airflow/.local/lib/python3.12/site-packages/airflow/example_dags/example_xcomargs.py
[2025-02-22T17:06:28.350+0000] {processor.py:925} INFO - DAG(s) 'example_xcom_args', 'example_xcom_args_with_operators' retrieved from /home/airflow/.local/lib/python3.12/site-packages/airflow/example_dags/example_xcomargs.py
[2025-02-22T17:06:28.360+0000] {logging_mixin.py:190} INFO - [2025-02-22T17:06:28.360+0000] {dag.py:3239} INFO - Sync 2 DAGs
[2025-02-22T17:06:28.365+0000] {logging_mixin.py:190} INFO - [2025-02-22T17:06:28.365+0000] {dag.py:4180} INFO - Setting next_dagrun for example_xcom_args to None, run_after=None
[2025-02-22T17:06:28.367+0000] {logging_mixin.py:190} INFO - [2025-02-22T17:06:28.367+0000] {dag.py:4180} INFO - Setting next_dagrun for example_xcom_args_with_operators to None, run_after=None
[2025-02-22T17:06:28.373+0000] {processor.py:208} INFO - Processing /home/airflow/.local/lib/python3.12/site-packages/airflow/example_dags/example_xcomargs.py took 0.032 seconds
[2025-02-22T17:06:59.314+0000] {processor.py:186} INFO - Started process (PID=268) to work on /home/airflow/.local/lib/python3.12/site-packages/airflow/example_dags/example_xcomargs.py
[2025-02-22T17:06:59.315+0000] {processor.py:914} INFO - Processing file /home/airflow/.local/lib/python3.12/site-packages/airflow/example_dags/example_xcomargs.py for tasks to queue
[2025-02-22T17:06:59.316+0000] {logging_mixin.py:190} INFO - [2025-02-22T17:06:59.316+0000] {dagbag.py:588} INFO - Filling up the DagBag from /home/airflow/.local/lib/python3.12/site-packages/airflow/example_dags/example_xcomargs.py
[2025-02-22T17:06:59.320+0000] {processor.py:925} INFO - DAG(s) 'example_xcom_args_with_operators', 'example_xcom_args' retrieved from /home/airflow/.local/lib/python3.12/site-packages/airflow/example_dags/example_xcomargs.py
[2025-02-22T17:06:59.329+0000] {logging_mixin.py:190} INFO - [2025-02-22T17:06:59.329+0000] {dag.py:3239} INFO - Sync 2 DAGs
[2025-02-22T17:06:59.333+0000] {logging_mixin.py:190} INFO - [2025-02-22T17:06:59.333+0000] {dag.py:4180} INFO - Setting next_dagrun for example_xcom_args to None, run_after=None
[2025-02-22T17:06:59.335+0000] {logging_mixin.py:190} INFO - [2025-02-22T17:06:59.334+0000] {dag.py:4180} INFO - Setting next_dagrun for example_xcom_args_with_operators to None, run_after=None
[2025-02-22T17:06:59.340+0000] {processor.py:208} INFO - Processing /home/airflow/.local/lib/python3.12/site-packages/airflow/example_dags/example_xcomargs.py took 0.028 seconds
[2025-02-22T17:07:30.477+0000] {processor.py:186} INFO - Started process (PID=331) to work on /home/airflow/.local/lib/python3.12/site-packages/airflow/example_dags/example_xcomargs.py
[2025-02-22T17:07:30.478+0000] {processor.py:914} INFO - Processing file /home/airflow/.local/lib/python3.12/site-packages/airflow/example_dags/example_xcomargs.py for tasks to queue
[2025-02-22T17:07:30.479+0000] {logging_mixin.py:190} INFO - [2025-02-22T17:07:30.478+0000] {dagbag.py:588} INFO - Filling up the DagBag from /home/airflow/.local/lib/python3.12/site-packages/airflow/example_dags/example_xcomargs.py
[2025-02-22T17:07:30.483+0000] {processor.py:925} INFO - DAG(s) 'example_xcom_args_with_operators', 'example_xcom_args' retrieved from /home/airflow/.local/lib/python3.12/site-packages/airflow/example_dags/example_xcomargs.py
[2025-02-22T17:07:30.492+0000] {logging_mixin.py:190} INFO - [2025-02-22T17:07:30.491+0000] {dag.py:3239} INFO - Sync 2 DAGs
[2025-02-22T17:07:30.498+0000] {logging_mixin.py:190} INFO - [2025-02-22T17:07:30.498+0000] {dag.py:4180} INFO - Setting next_dagrun for example_xcom_args to None, run_after=None
[2025-02-22T17:07:30.500+0000] {logging_mixin.py:190} INFO - [2025-02-22T17:07:30.500+0000] {dag.py:4180} INFO - Setting next_dagrun for example_xcom_args_with_operators to None, run_after=None
[2025-02-22T17:07:30.506+0000] {processor.py:208} INFO - Processing /home/airflow/.local/lib/python3.12/site-packages/airflow/example_dags/example_xcomargs.py took 0.031 seconds
[2025-02-22T17:08:01.536+0000] {processor.py:186} INFO - Started process (PID=393) to work on /home/airflow/.local/lib/python3.12/site-packages/airflow/example_dags/example_xcomargs.py
[2025-02-22T17:08:01.538+0000] {processor.py:914} INFO - Processing file /home/airflow/.local/lib/python3.12/site-packages/airflow/example_dags/example_xcomargs.py for tasks to queue
[2025-02-22T17:08:01.538+0000] {logging_mixin.py:190} INFO - [2025-02-22T17:08:01.538+0000] {dagbag.py:588} INFO - Filling up the DagBag from /home/airflow/.local/lib/python3.12/site-packages/airflow/example_dags/example_xcomargs.py
[2025-02-22T17:08:01.543+0000] {processor.py:925} INFO - DAG(s) 'example_xcom_args', 'example_xcom_args_with_operators' retrieved from /home/airflow/.local/lib/python3.12/site-packages/airflow/example_dags/example_xcomargs.py
[2025-02-22T17:08:01.551+0000] {logging_mixin.py:190} INFO - [2025-02-22T17:08:01.551+0000] {dag.py:3239} INFO - Sync 2 DAGs
[2025-02-22T17:08:01.556+0000] {logging_mixin.py:190} INFO - [2025-02-22T17:08:01.556+0000] {dag.py:4180} INFO - Setting next_dagrun for example_xcom_args to None, run_after=None
[2025-02-22T17:08:01.557+0000] {logging_mixin.py:190} INFO - [2025-02-22T17:08:01.557+0000] {dag.py:4180} INFO - Setting next_dagrun for example_xcom_args_with_operators to None, run_after=None
[2025-02-22T17:08:01.563+0000] {processor.py:208} INFO - Processing /home/airflow/.local/lib/python3.12/site-packages/airflow/example_dags/example_xcomargs.py took 0.029 seconds
[2025-02-22T17:08:32.590+0000] {processor.py:186} INFO - Started process (PID=456) to work on /home/airflow/.local/lib/python3.12/site-packages/airflow/example_dags/example_xcomargs.py
[2025-02-22T17:08:32.591+0000] {processor.py:914} INFO - Processing file /home/airflow/.local/lib/python3.12/site-packages/airflow/example_dags/example_xcomargs.py for tasks to queue
[2025-02-22T17:08:32.592+0000] {logging_mixin.py:190} INFO - [2025-02-22T17:08:32.592+0000] {dagbag.py:588} INFO - Filling up the DagBag from /home/airflow/.local/lib/python3.12/site-packages/airflow/example_dags/example_xcomargs.py
[2025-02-22T17:08:32.596+0000] {processor.py:925} INFO - DAG(s) 'example_xcom_args', 'example_xcom_args_with_operators' retrieved from /home/airflow/.local/lib/python3.12/site-packages/airflow/example_dags/example_xcomargs.py
[2025-02-22T17:08:32.604+0000] {logging_mixin.py:190} INFO - [2025-02-22T17:08:32.604+0000] {dag.py:3239} INFO - Sync 2 DAGs
[2025-02-22T17:08:32.609+0000] {logging_mixin.py:190} INFO - [2025-02-22T17:08:32.609+0000] {dag.py:4180} INFO - Setting next_dagrun for example_xcom_args to None, run_after=None
[2025-02-22T17:08:32.610+0000] {logging_mixin.py:190} INFO - [2025-02-22T17:08:32.610+0000] {dag.py:4180} INFO - Setting next_dagrun for example_xcom_args_with_operators to None, run_after=None
[2025-02-22T17:08:32.616+0000] {processor.py:208} INFO - Processing /home/airflow/.local/lib/python3.12/site-packages/airflow/example_dags/example_xcomargs.py took 0.028 seconds
[2025-02-22T17:09:03.562+0000] {processor.py:186} INFO - Started process (PID=519) to work on /home/airflow/.local/lib/python3.12/site-packages/airflow/example_dags/example_xcomargs.py
[2025-02-22T17:09:03.563+0000] {processor.py:914} INFO - Processing file /home/airflow/.local/lib/python3.12/site-packages/airflow/example_dags/example_xcomargs.py for tasks to queue
[2025-02-22T17:09:03.563+0000] {logging_mixin.py:190} INFO - [2025-02-22T17:09:03.563+0000] {dagbag.py:588} INFO - Filling up the DagBag from /home/airflow/.local/lib/python3.12/site-packages/airflow/example_dags/example_xcomargs.py
[2025-02-22T17:09:03.568+0000] {processor.py:925} INFO - DAG(s) 'example_xcom_args', 'example_xcom_args_with_operators' retrieved from /home/airflow/.local/lib/python3.12/site-packages/airflow/example_dags/example_xcomargs.py
[2025-02-22T17:09:03.577+0000] {logging_mixin.py:190} INFO - [2025-02-22T17:09:03.577+0000] {dag.py:3239} INFO - Sync 2 DAGs
[2025-02-22T17:09:03.582+0000] {logging_mixin.py:190} INFO - [2025-02-22T17:09:03.582+0000] {dag.py:4180} INFO - Setting next_dagrun for example_xcom_args to None, run_after=None
[2025-02-22T17:09:03.584+0000] {logging_mixin.py:190} INFO - [2025-02-22T17:09:03.584+0000] {dag.py:4180} INFO - Setting next_dagrun for example_xcom_args_with_operators to None, run_after=None
[2025-02-22T17:09:03.590+0000] {processor.py:208} INFO - Processing /home/airflow/.local/lib/python3.12/site-packages/airflow/example_dags/example_xcomargs.py took 0.030 seconds
[2025-02-22T17:09:34.587+0000] {processor.py:186} INFO - Started process (PID=582) to work on /home/airflow/.local/lib/python3.12/site-packages/airflow/example_dags/example_xcomargs.py
[2025-02-22T17:09:34.588+0000] {processor.py:914} INFO - Processing file /home/airflow/.local/lib/python3.12/site-packages/airflow/example_dags/example_xcomargs.py for tasks to queue
[2025-02-22T17:09:34.589+0000] {logging_mixin.py:190} INFO - [2025-02-22T17:09:34.589+0000] {dagbag.py:588} INFO - Filling up the DagBag from /home/airflow/.local/lib/python3.12/site-packages/airflow/example_dags/example_xcomargs.py
[2025-02-22T17:09:34.593+0000] {processor.py:925} INFO - DAG(s) 'example_xcom_args', 'example_xcom_args_with_operators' retrieved from /home/airflow/.local/lib/python3.12/site-packages/airflow/example_dags/example_xcomargs.py
[2025-02-22T17:09:34.602+0000] {logging_mixin.py:190} INFO - [2025-02-22T17:09:34.601+0000] {dag.py:3239} INFO - Sync 2 DAGs
[2025-02-22T17:09:34.607+0000] {logging_mixin.py:190} INFO - [2025-02-22T17:09:34.607+0000] {dag.py:4180} INFO - Setting next_dagrun for example_xcom_args to None, run_after=None
[2025-02-22T17:09:34.608+0000] {logging_mixin.py:190} INFO - [2025-02-22T17:09:34.608+0000] {dag.py:4180} INFO - Setting next_dagrun for example_xcom_args_with_operators to None, run_after=None
[2025-02-22T17:09:34.616+0000] {processor.py:208} INFO - Processing /home/airflow/.local/lib/python3.12/site-packages/airflow/example_dags/example_xcomargs.py took 0.031 seconds
[2025-02-22T17:10:05.567+0000] {processor.py:186} INFO - Started process (PID=645) to work on /home/airflow/.local/lib/python3.12/site-packages/airflow/example_dags/example_xcomargs.py
[2025-02-22T17:10:05.568+0000] {processor.py:914} INFO - Processing file /home/airflow/.local/lib/python3.12/site-packages/airflow/example_dags/example_xcomargs.py for tasks to queue
[2025-02-22T17:10:05.569+0000] {logging_mixin.py:190} INFO - [2025-02-22T17:10:05.569+0000] {dagbag.py:588} INFO - Filling up the DagBag from /home/airflow/.local/lib/python3.12/site-packages/airflow/example_dags/example_xcomargs.py
[2025-02-22T17:10:05.573+0000] {processor.py:925} INFO - DAG(s) 'example_xcom_args', 'example_xcom_args_with_operators' retrieved from /home/airflow/.local/lib/python3.12/site-packages/airflow/example_dags/example_xcomargs.py
[2025-02-22T17:10:05.581+0000] {logging_mixin.py:190} INFO - [2025-02-22T17:10:05.581+0000] {dag.py:3239} INFO - Sync 2 DAGs
[2025-02-22T17:10:05.586+0000] {logging_mixin.py:190} INFO - [2025-02-22T17:10:05.585+0000] {dag.py:4180} INFO - Setting next_dagrun for example_xcom_args to None, run_after=None
[2025-02-22T17:10:05.587+0000] {logging_mixin.py:190} INFO - [2025-02-22T17:10:05.587+0000] {dag.py:4180} INFO - Setting next_dagrun for example_xcom_args_with_operators to None, run_after=None
[2025-02-22T17:10:05.593+0000] {processor.py:208} INFO - Processing /home/airflow/.local/lib/python3.12/site-packages/airflow/example_dags/example_xcomargs.py took 0.028 seconds
[2025-02-22T17:10:36.612+0000] {processor.py:186} INFO - Started process (PID=708) to work on /home/airflow/.local/lib/python3.12/site-packages/airflow/example_dags/example_xcomargs.py
[2025-02-22T17:10:36.612+0000] {processor.py:914} INFO - Processing file /home/airflow/.local/lib/python3.12/site-packages/airflow/example_dags/example_xcomargs.py for tasks to queue
[2025-02-22T17:10:36.614+0000] {logging_mixin.py:190} INFO - [2025-02-22T17:10:36.614+0000] {dagbag.py:588} INFO - Filling up the DagBag from /home/airflow/.local/lib/python3.12/site-packages/airflow/example_dags/example_xcomargs.py
[2025-02-22T17:10:36.618+0000] {processor.py:925} INFO - DAG(s) 'example_xcom_args', 'example_xcom_args_with_operators' retrieved from /home/airflow/.local/lib/python3.12/site-packages/airflow/example_dags/example_xcomargs.py
[2025-02-22T17:10:36.626+0000] {logging_mixin.py:190} INFO - [2025-02-22T17:10:36.626+0000] {dag.py:3239} INFO - Sync 2 DAGs
[2025-02-22T17:10:36.633+0000] {logging_mixin.py:190} INFO - [2025-02-22T17:10:36.633+0000] {dag.py:4180} INFO - Setting next_dagrun for example_xcom_args to None, run_after=None
[2025-02-22T17:10:36.634+0000] {logging_mixin.py:190} INFO - [2025-02-22T17:10:36.634+0000] {dag.py:4180} INFO - Setting next_dagrun for example_xcom_args_with_operators to None, run_after=None
[2025-02-22T17:10:36.639+0000] {processor.py:208} INFO - Processing /home/airflow/.local/lib/python3.12/site-packages/airflow/example_dags/example_xcomargs.py took 0.030 seconds
[2025-02-22T17:11:07.616+0000] {processor.py:186} INFO - Started process (PID=771) to work on /home/airflow/.local/lib/python3.12/site-packages/airflow/example_dags/example_xcomargs.py
[2025-02-22T17:11:07.617+0000] {processor.py:914} INFO - Processing file /home/airflow/.local/lib/python3.12/site-packages/airflow/example_dags/example_xcomargs.py for tasks to queue
[2025-02-22T17:11:07.618+0000] {logging_mixin.py:190} INFO - [2025-02-22T17:11:07.618+0000] {dagbag.py:588} INFO - Filling up the DagBag from /home/airflow/.local/lib/python3.12/site-packages/airflow/example_dags/example_xcomargs.py
[2025-02-22T17:11:07.623+0000] {processor.py:925} INFO - DAG(s) 'example_xcom_args_with_operators', 'example_xcom_args' retrieved from /home/airflow/.local/lib/python3.12/site-packages/airflow/example_dags/example_xcomargs.py
[2025-02-22T17:11:07.631+0000] {logging_mixin.py:190} INFO - [2025-02-22T17:11:07.631+0000] {dag.py:3239} INFO - Sync 2 DAGs
[2025-02-22T17:11:07.636+0000] {logging_mixin.py:190} INFO - [2025-02-22T17:11:07.636+0000] {dag.py:4180} INFO - Setting next_dagrun for example_xcom_args to None, run_after=None
[2025-02-22T17:11:07.637+0000] {logging_mixin.py:190} INFO - [2025-02-22T17:11:07.637+0000] {dag.py:4180} INFO - Setting next_dagrun for example_xcom_args_with_operators to None, run_after=None
[2025-02-22T17:11:07.642+0000] {processor.py:208} INFO - Processing /home/airflow/.local/lib/python3.12/site-packages/airflow/example_dags/example_xcomargs.py took 0.029 seconds
[2025-02-22T17:11:38.590+0000] {processor.py:186} INFO - Started process (PID=834) to work on /home/airflow/.local/lib/python3.12/site-packages/airflow/example_dags/example_xcomargs.py
[2025-02-22T17:11:38.591+0000] {processor.py:914} INFO - Processing file /home/airflow/.local/lib/python3.12/site-packages/airflow/example_dags/example_xcomargs.py for tasks to queue
[2025-02-22T17:11:38.591+0000] {logging_mixin.py:190} INFO - [2025-02-22T17:11:38.591+0000] {dagbag.py:588} INFO - Filling up the DagBag from /home/airflow/.local/lib/python3.12/site-packages/airflow/example_dags/example_xcomargs.py
[2025-02-22T17:11:38.597+0000] {processor.py:925} INFO - DAG(s) 'example_xcom_args', 'example_xcom_args_with_operators' retrieved from /home/airflow/.local/lib/python3.12/site-packages/airflow/example_dags/example_xcomargs.py
[2025-02-22T17:11:38.605+0000] {logging_mixin.py:190} INFO - [2025-02-22T17:11:38.605+0000] {dag.py:3239} INFO - Sync 2 DAGs
[2025-02-22T17:11:38.610+0000] {logging_mixin.py:190} INFO - [2025-02-22T17:11:38.610+0000] {dag.py:4180} INFO - Setting next_dagrun for example_xcom_args to None, run_after=None
[2025-02-22T17:11:38.611+0000] {logging_mixin.py:190} INFO - [2025-02-22T17:11:38.611+0000] {dag.py:4180} INFO - Setting next_dagrun for example_xcom_args_with_operators to None, run_after=None
[2025-02-22T17:11:38.617+0000] {processor.py:208} INFO - Processing /home/airflow/.local/lib/python3.12/site-packages/airflow/example_dags/example_xcomargs.py took 0.029 seconds
[2025-02-22T17:12:09.570+0000] {processor.py:186} INFO - Started process (PID=897) to work on /home/airflow/.local/lib/python3.12/site-packages/airflow/example_dags/example_xcomargs.py
[2025-02-22T17:12:09.571+0000] {processor.py:914} INFO - Processing file /home/airflow/.local/lib/python3.12/site-packages/airflow/example_dags/example_xcomargs.py for tasks to queue
[2025-02-22T17:12:09.572+0000] {logging_mixin.py:190} INFO - [2025-02-22T17:12:09.571+0000] {dagbag.py:588} INFO - Filling up the DagBag from /home/airflow/.local/lib/python3.12/site-packages/airflow/example_dags/example_xcomargs.py
[2025-02-22T17:12:09.576+0000] {processor.py:925} INFO - DAG(s) 'example_xcom_args_with_operators', 'example_xcom_args' retrieved from /home/airflow/.local/lib/python3.12/site-packages/airflow/example_dags/example_xcomargs.py
[2025-02-22T17:12:09.585+0000] {logging_mixin.py:190} INFO - [2025-02-22T17:12:09.584+0000] {dag.py:3239} INFO - Sync 2 DAGs
[2025-02-22T17:12:09.590+0000] {logging_mixin.py:190} INFO - [2025-02-22T17:12:09.590+0000] {dag.py:4180} INFO - Setting next_dagrun for example_xcom_args to None, run_after=None
[2025-02-22T17:12:09.591+0000] {logging_mixin.py:190} INFO - [2025-02-22T17:12:09.591+0000] {dag.py:4180} INFO - Setting next_dagrun for example_xcom_args_with_operators to None, run_after=None
[2025-02-22T17:12:09.597+0000] {processor.py:208} INFO - Processing /home/airflow/.local/lib/python3.12/site-packages/airflow/example_dags/example_xcomargs.py took 0.028 seconds
[2025-02-22T17:12:40.647+0000] {processor.py:186} INFO - Started process (PID=960) to work on /home/airflow/.local/lib/python3.12/site-packages/airflow/example_dags/example_xcomargs.py
[2025-02-22T17:12:40.647+0000] {processor.py:914} INFO - Processing file /home/airflow/.local/lib/python3.12/site-packages/airflow/example_dags/example_xcomargs.py for tasks to queue
[2025-02-22T17:12:40.649+0000] {logging_mixin.py:190} INFO - [2025-02-22T17:12:40.649+0000] {dagbag.py:588} INFO - Filling up the DagBag from /home/airflow/.local/lib/python3.12/site-packages/airflow/example_dags/example_xcomargs.py
[2025-02-22T17:12:40.653+0000] {processor.py:925} INFO - DAG(s) 'example_xcom_args', 'example_xcom_args_with_operators' retrieved from /home/airflow/.local/lib/python3.12/site-packages/airflow/example_dags/example_xcomargs.py
[2025-02-22T17:12:40.661+0000] {logging_mixin.py:190} INFO - [2025-02-22T17:12:40.661+0000] {dag.py:3239} INFO - Sync 2 DAGs
[2025-02-22T17:12:40.666+0000] {logging_mixin.py:190} INFO - [2025-02-22T17:12:40.666+0000] {dag.py:4180} INFO - Setting next_dagrun for example_xcom_args to None, run_after=None
[2025-02-22T17:12:40.668+0000] {logging_mixin.py:190} INFO - [2025-02-22T17:12:40.667+0000] {dag.py:4180} INFO - Setting next_dagrun for example_xcom_args_with_operators to None, run_after=None
[2025-02-22T17:12:40.673+0000] {processor.py:208} INFO - Processing /home/airflow/.local/lib/python3.12/site-packages/airflow/example_dags/example_xcomargs.py took 0.028 seconds
[2025-02-22T17:13:11.611+0000] {processor.py:186} INFO - Started process (PID=1023) to work on /home/airflow/.local/lib/python3.12/site-packages/airflow/example_dags/example_xcomargs.py
[2025-02-22T17:13:11.612+0000] {processor.py:914} INFO - Processing file /home/airflow/.local/lib/python3.12/site-packages/airflow/example_dags/example_xcomargs.py for tasks to queue
[2025-02-22T17:13:11.613+0000] {logging_mixin.py:190} INFO - [2025-02-22T17:13:11.612+0000] {dagbag.py:588} INFO - Filling up the DagBag from /home/airflow/.local/lib/python3.12/site-packages/airflow/example_dags/example_xcomargs.py
[2025-02-22T17:13:11.617+0000] {processor.py:925} INFO - DAG(s) 'example_xcom_args', 'example_xcom_args_with_operators' retrieved from /home/airflow/.local/lib/python3.12/site-packages/airflow/example_dags/example_xcomargs.py
[2025-02-22T17:13:11.626+0000] {logging_mixin.py:190} INFO - [2025-02-22T17:13:11.626+0000] {dag.py:3239} INFO - Sync 2 DAGs
[2025-02-22T17:13:11.632+0000] {logging_mixin.py:190} INFO - [2025-02-22T17:13:11.632+0000] {dag.py:4180} INFO - Setting next_dagrun for example_xcom_args to None, run_after=None
[2025-02-22T17:13:11.633+0000] {logging_mixin.py:190} INFO - [2025-02-22T17:13:11.633+0000] {dag.py:4180} INFO - Setting next_dagrun for example_xcom_args_with_operators to None, run_after=None
[2025-02-22T17:13:11.638+0000] {processor.py:208} INFO - Processing /home/airflow/.local/lib/python3.12/site-packages/airflow/example_dags/example_xcomargs.py took 0.029 seconds
[2025-02-22T17:15:55.647+0000] {processor.py:186} INFO - Started process (PID=74) to work on /home/airflow/.local/lib/python3.12/site-packages/airflow/example_dags/example_xcomargs.py
[2025-02-22T17:15:55.648+0000] {processor.py:914} INFO - Processing file /home/airflow/.local/lib/python3.12/site-packages/airflow/example_dags/example_xcomargs.py for tasks to queue
[2025-02-22T17:15:55.649+0000] {logging_mixin.py:190} INFO - [2025-02-22T17:15:55.649+0000] {dagbag.py:588} INFO - Filling up the DagBag from /home/airflow/.local/lib/python3.12/site-packages/airflow/example_dags/example_xcomargs.py
[2025-02-22T17:15:55.653+0000] {processor.py:925} INFO - DAG(s) 'example_xcom_args_with_operators', 'example_xcom_args' retrieved from /home/airflow/.local/lib/python3.12/site-packages/airflow/example_dags/example_xcomargs.py
[2025-02-22T17:15:55.664+0000] {logging_mixin.py:190} INFO - [2025-02-22T17:15:55.664+0000] {dag.py:3239} INFO - Sync 2 DAGs
[2025-02-22T17:15:55.670+0000] {logging_mixin.py:190} INFO - [2025-02-22T17:15:55.670+0000] {dag.py:4180} INFO - Setting next_dagrun for example_xcom_args to None, run_after=None
[2025-02-22T17:15:55.671+0000] {logging_mixin.py:190} INFO - [2025-02-22T17:15:55.671+0000] {dag.py:4180} INFO - Setting next_dagrun for example_xcom_args_with_operators to None, run_after=None
[2025-02-22T17:15:55.677+0000] {processor.py:208} INFO - Processing /home/airflow/.local/lib/python3.12/site-packages/airflow/example_dags/example_xcomargs.py took 0.032 seconds
[2025-02-22T17:16:25.957+0000] {processor.py:186} INFO - Started process (PID=137) to work on /home/airflow/.local/lib/python3.12/site-packages/airflow/example_dags/example_xcomargs.py
[2025-02-22T17:16:25.958+0000] {processor.py:914} INFO - Processing file /home/airflow/.local/lib/python3.12/site-packages/airflow/example_dags/example_xcomargs.py for tasks to queue
[2025-02-22T17:16:25.959+0000] {logging_mixin.py:190} INFO - [2025-02-22T17:16:25.959+0000] {dagbag.py:588} INFO - Filling up the DagBag from /home/airflow/.local/lib/python3.12/site-packages/airflow/example_dags/example_xcomargs.py
[2025-02-22T17:16:25.963+0000] {processor.py:925} INFO - DAG(s) 'example_xcom_args_with_operators', 'example_xcom_args' retrieved from /home/airflow/.local/lib/python3.12/site-packages/airflow/example_dags/example_xcomargs.py
[2025-02-22T17:16:25.972+0000] {logging_mixin.py:190} INFO - [2025-02-22T17:16:25.972+0000] {dag.py:3239} INFO - Sync 2 DAGs
[2025-02-22T17:16:25.978+0000] {logging_mixin.py:190} INFO - [2025-02-22T17:16:25.977+0000] {dag.py:4180} INFO - Setting next_dagrun for example_xcom_args to None, run_after=None
[2025-02-22T17:16:25.979+0000] {logging_mixin.py:190} INFO - [2025-02-22T17:16:25.979+0000] {dag.py:4180} INFO - Setting next_dagrun for example_xcom_args_with_operators to None, run_after=None
[2025-02-22T17:16:25.985+0000] {processor.py:208} INFO - Processing /home/airflow/.local/lib/python3.12/site-packages/airflow/example_dags/example_xcomargs.py took 0.030 seconds
[2025-02-22T17:16:57.048+0000] {processor.py:186} INFO - Started process (PID=200) to work on /home/airflow/.local/lib/python3.12/site-packages/airflow/example_dags/example_xcomargs.py
[2025-02-22T17:16:57.048+0000] {processor.py:914} INFO - Processing file /home/airflow/.local/lib/python3.12/site-packages/airflow/example_dags/example_xcomargs.py for tasks to queue
[2025-02-22T17:16:57.049+0000] {logging_mixin.py:190} INFO - [2025-02-22T17:16:57.049+0000] {dagbag.py:588} INFO - Filling up the DagBag from /home/airflow/.local/lib/python3.12/site-packages/airflow/example_dags/example_xcomargs.py
[2025-02-22T17:16:57.052+0000] {processor.py:925} INFO - DAG(s) 'example_xcom_args', 'example_xcom_args_with_operators' retrieved from /home/airflow/.local/lib/python3.12/site-packages/airflow/example_dags/example_xcomargs.py
[2025-02-22T17:16:57.061+0000] {logging_mixin.py:190} INFO - [2025-02-22T17:16:57.061+0000] {dag.py:3239} INFO - Sync 2 DAGs
[2025-02-22T17:16:57.066+0000] {logging_mixin.py:190} INFO - [2025-02-22T17:16:57.066+0000] {dag.py:4180} INFO - Setting next_dagrun for example_xcom_args to None, run_after=None
[2025-02-22T17:16:57.067+0000] {logging_mixin.py:190} INFO - [2025-02-22T17:16:57.067+0000] {dag.py:4180} INFO - Setting next_dagrun for example_xcom_args_with_operators to None, run_after=None
[2025-02-22T17:16:57.072+0000] {processor.py:208} INFO - Processing /home/airflow/.local/lib/python3.12/site-packages/airflow/example_dags/example_xcomargs.py took 0.026 seconds
[2025-02-22T17:17:28.238+0000] {processor.py:186} INFO - Started process (PID=269) to work on /home/airflow/.local/lib/python3.12/site-packages/airflow/example_dags/example_xcomargs.py
[2025-02-22T17:17:28.240+0000] {processor.py:914} INFO - Processing file /home/airflow/.local/lib/python3.12/site-packages/airflow/example_dags/example_xcomargs.py for tasks to queue
[2025-02-22T17:17:28.241+0000] {logging_mixin.py:190} INFO - [2025-02-22T17:17:28.241+0000] {dagbag.py:588} INFO - Filling up the DagBag from /home/airflow/.local/lib/python3.12/site-packages/airflow/example_dags/example_xcomargs.py
[2025-02-22T17:17:28.245+0000] {processor.py:925} INFO - DAG(s) 'example_xcom_args', 'example_xcom_args_with_operators' retrieved from /home/airflow/.local/lib/python3.12/site-packages/airflow/example_dags/example_xcomargs.py
[2025-02-22T17:17:28.255+0000] {logging_mixin.py:190} INFO - [2025-02-22T17:17:28.255+0000] {dag.py:3239} INFO - Sync 2 DAGs
[2025-02-22T17:17:28.263+0000] {logging_mixin.py:190} INFO - [2025-02-22T17:17:28.263+0000] {dag.py:4180} INFO - Setting next_dagrun for example_xcom_args to None, run_after=None
[2025-02-22T17:17:28.265+0000] {logging_mixin.py:190} INFO - [2025-02-22T17:17:28.264+0000] {dag.py:4180} INFO - Setting next_dagrun for example_xcom_args_with_operators to None, run_after=None
[2025-02-22T17:17:28.272+0000] {processor.py:208} INFO - Processing /home/airflow/.local/lib/python3.12/site-packages/airflow/example_dags/example_xcomargs.py took 0.036 seconds
[2025-02-22T17:17:58.561+0000] {processor.py:186} INFO - Started process (PID=332) to work on /home/airflow/.local/lib/python3.12/site-packages/airflow/example_dags/example_xcomargs.py
[2025-02-22T17:17:58.565+0000] {processor.py:914} INFO - Processing file /home/airflow/.local/lib/python3.12/site-packages/airflow/example_dags/example_xcomargs.py for tasks to queue
[2025-02-22T17:17:58.566+0000] {logging_mixin.py:190} INFO - [2025-02-22T17:17:58.566+0000] {dagbag.py:588} INFO - Filling up the DagBag from /home/airflow/.local/lib/python3.12/site-packages/airflow/example_dags/example_xcomargs.py
[2025-02-22T17:17:58.570+0000] {processor.py:925} INFO - DAG(s) 'example_xcom_args_with_operators', 'example_xcom_args' retrieved from /home/airflow/.local/lib/python3.12/site-packages/airflow/example_dags/example_xcomargs.py
[2025-02-22T17:17:58.579+0000] {logging_mixin.py:190} INFO - [2025-02-22T17:17:58.579+0000] {dag.py:3239} INFO - Sync 2 DAGs
[2025-02-22T17:17:58.585+0000] {logging_mixin.py:190} INFO - [2025-02-22T17:17:58.585+0000] {dag.py:4180} INFO - Setting next_dagrun for example_xcom_args to None, run_after=None
[2025-02-22T17:17:58.587+0000] {logging_mixin.py:190} INFO - [2025-02-22T17:17:58.587+0000] {dag.py:4180} INFO - Setting next_dagrun for example_xcom_args_with_operators to None, run_after=None
[2025-02-22T17:17:58.594+0000] {processor.py:208} INFO - Processing /home/airflow/.local/lib/python3.12/site-packages/airflow/example_dags/example_xcomargs.py took 0.035 seconds
[2025-02-22T17:18:29.624+0000] {processor.py:186} INFO - Started process (PID=395) to work on /home/airflow/.local/lib/python3.12/site-packages/airflow/example_dags/example_xcomargs.py
[2025-02-22T17:18:29.624+0000] {processor.py:914} INFO - Processing file /home/airflow/.local/lib/python3.12/site-packages/airflow/example_dags/example_xcomargs.py for tasks to queue
[2025-02-22T17:18:29.625+0000] {logging_mixin.py:190} INFO - [2025-02-22T17:18:29.625+0000] {dagbag.py:588} INFO - Filling up the DagBag from /home/airflow/.local/lib/python3.12/site-packages/airflow/example_dags/example_xcomargs.py
[2025-02-22T17:18:29.628+0000] {processor.py:925} INFO - DAG(s) 'example_xcom_args_with_operators', 'example_xcom_args' retrieved from /home/airflow/.local/lib/python3.12/site-packages/airflow/example_dags/example_xcomargs.py
[2025-02-22T17:18:29.636+0000] {logging_mixin.py:190} INFO - [2025-02-22T17:18:29.636+0000] {dag.py:3239} INFO - Sync 2 DAGs
[2025-02-22T17:18:29.641+0000] {logging_mixin.py:190} INFO - [2025-02-22T17:18:29.641+0000] {dag.py:4180} INFO - Setting next_dagrun for example_xcom_args to None, run_after=None
[2025-02-22T17:18:29.643+0000] {logging_mixin.py:190} INFO - [2025-02-22T17:18:29.643+0000] {dag.py:4180} INFO - Setting next_dagrun for example_xcom_args_with_operators to None, run_after=None
[2025-02-22T17:18:29.647+0000] {processor.py:208} INFO - Processing /home/airflow/.local/lib/python3.12/site-packages/airflow/example_dags/example_xcomargs.py took 0.026 seconds
[2025-02-22T17:19:00.846+0000] {processor.py:186} INFO - Started process (PID=458) to work on /home/airflow/.local/lib/python3.12/site-packages/airflow/example_dags/example_xcomargs.py
[2025-02-22T17:19:00.846+0000] {processor.py:914} INFO - Processing file /home/airflow/.local/lib/python3.12/site-packages/airflow/example_dags/example_xcomargs.py for tasks to queue
[2025-02-22T17:19:00.847+0000] {logging_mixin.py:190} INFO - [2025-02-22T17:19:00.847+0000] {dagbag.py:588} INFO - Filling up the DagBag from /home/airflow/.local/lib/python3.12/site-packages/airflow/example_dags/example_xcomargs.py
[2025-02-22T17:19:00.851+0000] {processor.py:925} INFO - DAG(s) 'example_xcom_args_with_operators', 'example_xcom_args' retrieved from /home/airflow/.local/lib/python3.12/site-packages/airflow/example_dags/example_xcomargs.py
[2025-02-22T17:19:00.860+0000] {logging_mixin.py:190} INFO - [2025-02-22T17:19:00.860+0000] {dag.py:3239} INFO - Sync 2 DAGs
[2025-02-22T17:19:00.865+0000] {logging_mixin.py:190} INFO - [2025-02-22T17:19:00.865+0000] {dag.py:4180} INFO - Setting next_dagrun for example_xcom_args to None, run_after=None
[2025-02-22T17:19:00.866+0000] {logging_mixin.py:190} INFO - [2025-02-22T17:19:00.866+0000] {dag.py:4180} INFO - Setting next_dagrun for example_xcom_args_with_operators to None, run_after=None
[2025-02-22T17:19:00.873+0000] {processor.py:208} INFO - Processing /home/airflow/.local/lib/python3.12/site-packages/airflow/example_dags/example_xcomargs.py took 0.029 seconds
[2025-02-22T17:19:31.878+0000] {processor.py:186} INFO - Started process (PID=521) to work on /home/airflow/.local/lib/python3.12/site-packages/airflow/example_dags/example_xcomargs.py
[2025-02-22T17:19:31.882+0000] {processor.py:914} INFO - Processing file /home/airflow/.local/lib/python3.12/site-packages/airflow/example_dags/example_xcomargs.py for tasks to queue
[2025-02-22T17:19:31.884+0000] {logging_mixin.py:190} INFO - [2025-02-22T17:19:31.884+0000] {dagbag.py:588} INFO - Filling up the DagBag from /home/airflow/.local/lib/python3.12/site-packages/airflow/example_dags/example_xcomargs.py
[2025-02-22T17:19:31.888+0000] {processor.py:925} INFO - DAG(s) 'example_xcom_args', 'example_xcom_args_with_operators' retrieved from /home/airflow/.local/lib/python3.12/site-packages/airflow/example_dags/example_xcomargs.py
[2025-02-22T17:19:31.895+0000] {logging_mixin.py:190} INFO - [2025-02-22T17:19:31.895+0000] {dag.py:3239} INFO - Sync 2 DAGs
[2025-02-22T17:19:31.900+0000] {logging_mixin.py:190} INFO - [2025-02-22T17:19:31.900+0000] {dag.py:4180} INFO - Setting next_dagrun for example_xcom_args to None, run_after=None
[2025-02-22T17:19:31.902+0000] {logging_mixin.py:190} INFO - [2025-02-22T17:19:31.902+0000] {dag.py:4180} INFO - Setting next_dagrun for example_xcom_args_with_operators to None, run_after=None
[2025-02-22T17:19:31.909+0000] {processor.py:208} INFO - Processing /home/airflow/.local/lib/python3.12/site-packages/airflow/example_dags/example_xcomargs.py took 0.033 seconds
[2025-02-22T17:20:03.094+0000] {processor.py:186} INFO - Started process (PID=584) to work on /home/airflow/.local/lib/python3.12/site-packages/airflow/example_dags/example_xcomargs.py
[2025-02-22T17:20:03.095+0000] {processor.py:914} INFO - Processing file /home/airflow/.local/lib/python3.12/site-packages/airflow/example_dags/example_xcomargs.py for tasks to queue
[2025-02-22T17:20:03.096+0000] {logging_mixin.py:190} INFO - [2025-02-22T17:20:03.096+0000] {dagbag.py:588} INFO - Filling up the DagBag from /home/airflow/.local/lib/python3.12/site-packages/airflow/example_dags/example_xcomargs.py
[2025-02-22T17:20:03.100+0000] {processor.py:925} INFO - DAG(s) 'example_xcom_args_with_operators', 'example_xcom_args' retrieved from /home/airflow/.local/lib/python3.12/site-packages/airflow/example_dags/example_xcomargs.py
[2025-02-22T17:20:03.110+0000] {logging_mixin.py:190} INFO - [2025-02-22T17:20:03.110+0000] {dag.py:3239} INFO - Sync 2 DAGs
[2025-02-22T17:20:03.116+0000] {logging_mixin.py:190} INFO - [2025-02-22T17:20:03.116+0000] {dag.py:4180} INFO - Setting next_dagrun for example_xcom_args to None, run_after=None
[2025-02-22T17:20:03.117+0000] {logging_mixin.py:190} INFO - [2025-02-22T17:20:03.117+0000] {dag.py:4180} INFO - Setting next_dagrun for example_xcom_args_with_operators to None, run_after=None
[2025-02-22T17:20:03.123+0000] {processor.py:208} INFO - Processing /home/airflow/.local/lib/python3.12/site-packages/airflow/example_dags/example_xcomargs.py took 0.032 seconds
[2025-02-22T17:20:34.208+0000] {processor.py:186} INFO - Started process (PID=646) to work on /home/airflow/.local/lib/python3.12/site-packages/airflow/example_dags/example_xcomargs.py
[2025-02-22T17:20:34.209+0000] {processor.py:914} INFO - Processing file /home/airflow/.local/lib/python3.12/site-packages/airflow/example_dags/example_xcomargs.py for tasks to queue
[2025-02-22T17:20:34.210+0000] {logging_mixin.py:190} INFO - [2025-02-22T17:20:34.209+0000] {dagbag.py:588} INFO - Filling up the DagBag from /home/airflow/.local/lib/python3.12/site-packages/airflow/example_dags/example_xcomargs.py
[2025-02-22T17:20:34.214+0000] {processor.py:925} INFO - DAG(s) 'example_xcom_args', 'example_xcom_args_with_operators' retrieved from /home/airflow/.local/lib/python3.12/site-packages/airflow/example_dags/example_xcomargs.py
[2025-02-22T17:20:34.221+0000] {logging_mixin.py:190} INFO - [2025-02-22T17:20:34.221+0000] {dag.py:3239} INFO - Sync 2 DAGs
[2025-02-22T17:20:34.226+0000] {logging_mixin.py:190} INFO - [2025-02-22T17:20:34.226+0000] {dag.py:4180} INFO - Setting next_dagrun for example_xcom_args to None, run_after=None
[2025-02-22T17:20:34.227+0000] {logging_mixin.py:190} INFO - [2025-02-22T17:20:34.227+0000] {dag.py:4180} INFO - Setting next_dagrun for example_xcom_args_with_operators to None, run_after=None
[2025-02-22T17:20:34.232+0000] {processor.py:208} INFO - Processing /home/airflow/.local/lib/python3.12/site-packages/airflow/example_dags/example_xcomargs.py took 0.026 seconds
[2025-02-22T17:21:05.407+0000] {processor.py:186} INFO - Started process (PID=709) to work on /home/airflow/.local/lib/python3.12/site-packages/airflow/example_dags/example_xcomargs.py
[2025-02-22T17:21:05.407+0000] {processor.py:914} INFO - Processing file /home/airflow/.local/lib/python3.12/site-packages/airflow/example_dags/example_xcomargs.py for tasks to queue
[2025-02-22T17:21:05.408+0000] {logging_mixin.py:190} INFO - [2025-02-22T17:21:05.408+0000] {dagbag.py:588} INFO - Filling up the DagBag from /home/airflow/.local/lib/python3.12/site-packages/airflow/example_dags/example_xcomargs.py
[2025-02-22T17:21:05.411+0000] {processor.py:925} INFO - DAG(s) 'example_xcom_args_with_operators', 'example_xcom_args' retrieved from /home/airflow/.local/lib/python3.12/site-packages/airflow/example_dags/example_xcomargs.py
[2025-02-22T17:21:05.420+0000] {logging_mixin.py:190} INFO - [2025-02-22T17:21:05.420+0000] {dag.py:3239} INFO - Sync 2 DAGs
[2025-02-22T17:21:05.424+0000] {logging_mixin.py:190} INFO - [2025-02-22T17:21:05.424+0000] {dag.py:4180} INFO - Setting next_dagrun for example_xcom_args to None, run_after=None
[2025-02-22T17:21:05.425+0000] {logging_mixin.py:190} INFO - [2025-02-22T17:21:05.425+0000] {dag.py:4180} INFO - Setting next_dagrun for example_xcom_args_with_operators to None, run_after=None
[2025-02-22T17:21:05.430+0000] {processor.py:208} INFO - Processing /home/airflow/.local/lib/python3.12/site-packages/airflow/example_dags/example_xcomargs.py took 0.026 seconds
[2025-02-22T17:21:36.628+0000] {processor.py:186} INFO - Started process (PID=772) to work on /home/airflow/.local/lib/python3.12/site-packages/airflow/example_dags/example_xcomargs.py
[2025-02-22T17:21:36.628+0000] {processor.py:914} INFO - Processing file /home/airflow/.local/lib/python3.12/site-packages/airflow/example_dags/example_xcomargs.py for tasks to queue
[2025-02-22T17:21:36.629+0000] {logging_mixin.py:190} INFO - [2025-02-22T17:21:36.629+0000] {dagbag.py:588} INFO - Filling up the DagBag from /home/airflow/.local/lib/python3.12/site-packages/airflow/example_dags/example_xcomargs.py
[2025-02-22T17:21:36.632+0000] {processor.py:925} INFO - DAG(s) 'example_xcom_args_with_operators', 'example_xcom_args' retrieved from /home/airflow/.local/lib/python3.12/site-packages/airflow/example_dags/example_xcomargs.py
[2025-02-22T17:21:36.640+0000] {logging_mixin.py:190} INFO - [2025-02-22T17:21:36.640+0000] {dag.py:3239} INFO - Sync 2 DAGs
[2025-02-22T17:21:36.645+0000] {logging_mixin.py:190} INFO - [2025-02-22T17:21:36.645+0000] {dag.py:4180} INFO - Setting next_dagrun for example_xcom_args to None, run_after=None
[2025-02-22T17:21:36.646+0000] {logging_mixin.py:190} INFO - [2025-02-22T17:21:36.646+0000] {dag.py:4180} INFO - Setting next_dagrun for example_xcom_args_with_operators to None, run_after=None
[2025-02-22T17:21:36.651+0000] {processor.py:208} INFO - Processing /home/airflow/.local/lib/python3.12/site-packages/airflow/example_dags/example_xcomargs.py took 0.025 seconds
[2025-02-22T17:22:07.892+0000] {processor.py:186} INFO - Started process (PID=835) to work on /home/airflow/.local/lib/python3.12/site-packages/airflow/example_dags/example_xcomargs.py
[2025-02-22T17:22:07.894+0000] {processor.py:914} INFO - Processing file /home/airflow/.local/lib/python3.12/site-packages/airflow/example_dags/example_xcomargs.py for tasks to queue
[2025-02-22T17:22:07.895+0000] {logging_mixin.py:190} INFO - [2025-02-22T17:22:07.895+0000] {dagbag.py:588} INFO - Filling up the DagBag from /home/airflow/.local/lib/python3.12/site-packages/airflow/example_dags/example_xcomargs.py
[2025-02-22T17:22:07.899+0000] {processor.py:925} INFO - DAG(s) 'example_xcom_args', 'example_xcom_args_with_operators' retrieved from /home/airflow/.local/lib/python3.12/site-packages/airflow/example_dags/example_xcomargs.py
[2025-02-22T17:22:07.908+0000] {logging_mixin.py:190} INFO - [2025-02-22T17:22:07.908+0000] {dag.py:3239} INFO - Sync 2 DAGs
[2025-02-22T17:22:07.913+0000] {logging_mixin.py:190} INFO - [2025-02-22T17:22:07.913+0000] {dag.py:4180} INFO - Setting next_dagrun for example_xcom_args to None, run_after=None
[2025-02-22T17:22:07.915+0000] {logging_mixin.py:190} INFO - [2025-02-22T17:22:07.915+0000] {dag.py:4180} INFO - Setting next_dagrun for example_xcom_args_with_operators to None, run_after=None
[2025-02-22T17:22:07.922+0000] {processor.py:208} INFO - Processing /home/airflow/.local/lib/python3.12/site-packages/airflow/example_dags/example_xcomargs.py took 0.031 seconds
[2025-02-22T17:22:39.117+0000] {processor.py:186} INFO - Started process (PID=898) to work on /home/airflow/.local/lib/python3.12/site-packages/airflow/example_dags/example_xcomargs.py
[2025-02-22T17:22:39.121+0000] {processor.py:914} INFO - Processing file /home/airflow/.local/lib/python3.12/site-packages/airflow/example_dags/example_xcomargs.py for tasks to queue
[2025-02-22T17:22:39.122+0000] {logging_mixin.py:190} INFO - [2025-02-22T17:22:39.122+0000] {dagbag.py:588} INFO - Filling up the DagBag from /home/airflow/.local/lib/python3.12/site-packages/airflow/example_dags/example_xcomargs.py
[2025-02-22T17:22:39.126+0000] {processor.py:925} INFO - DAG(s) 'example_xcom_args', 'example_xcom_args_with_operators' retrieved from /home/airflow/.local/lib/python3.12/site-packages/airflow/example_dags/example_xcomargs.py
[2025-02-22T17:22:39.136+0000] {logging_mixin.py:190} INFO - [2025-02-22T17:22:39.136+0000] {dag.py:3239} INFO - Sync 2 DAGs
[2025-02-22T17:22:39.141+0000] {logging_mixin.py:190} INFO - [2025-02-22T17:22:39.141+0000] {dag.py:4180} INFO - Setting next_dagrun for example_xcom_args to None, run_after=None
[2025-02-22T17:22:39.144+0000] {logging_mixin.py:190} INFO - [2025-02-22T17:22:39.144+0000] {dag.py:4180} INFO - Setting next_dagrun for example_xcom_args_with_operators to None, run_after=None
[2025-02-22T17:22:39.151+0000] {processor.py:208} INFO - Processing /home/airflow/.local/lib/python3.12/site-packages/airflow/example_dags/example_xcomargs.py took 0.037 seconds
[2025-02-22T17:23:10.369+0000] {processor.py:186} INFO - Started process (PID=961) to work on /home/airflow/.local/lib/python3.12/site-packages/airflow/example_dags/example_xcomargs.py
[2025-02-22T17:23:10.369+0000] {processor.py:914} INFO - Processing file /home/airflow/.local/lib/python3.12/site-packages/airflow/example_dags/example_xcomargs.py for tasks to queue
[2025-02-22T17:23:10.370+0000] {logging_mixin.py:190} INFO - [2025-02-22T17:23:10.370+0000] {dagbag.py:588} INFO - Filling up the DagBag from /home/airflow/.local/lib/python3.12/site-packages/airflow/example_dags/example_xcomargs.py
[2025-02-22T17:23:10.375+0000] {processor.py:925} INFO - DAG(s) 'example_xcom_args_with_operators', 'example_xcom_args' retrieved from /home/airflow/.local/lib/python3.12/site-packages/airflow/example_dags/example_xcomargs.py
[2025-02-22T17:23:10.387+0000] {logging_mixin.py:190} INFO - [2025-02-22T17:23:10.387+0000] {dag.py:3239} INFO - Sync 2 DAGs
[2025-02-22T17:23:10.392+0000] {logging_mixin.py:190} INFO - [2025-02-22T17:23:10.392+0000] {dag.py:4180} INFO - Setting next_dagrun for example_xcom_args to None, run_after=None
[2025-02-22T17:23:10.396+0000] {logging_mixin.py:190} INFO - [2025-02-22T17:23:10.396+0000] {dag.py:4180} INFO - Setting next_dagrun for example_xcom_args_with_operators to None, run_after=None
[2025-02-22T17:23:10.404+0000] {processor.py:208} INFO - Processing /home/airflow/.local/lib/python3.12/site-packages/airflow/example_dags/example_xcomargs.py took 0.038 seconds
[2025-02-22T17:23:41.644+0000] {processor.py:186} INFO - Started process (PID=1024) to work on /home/airflow/.local/lib/python3.12/site-packages/airflow/example_dags/example_xcomargs.py
[2025-02-22T17:23:41.645+0000] {processor.py:914} INFO - Processing file /home/airflow/.local/lib/python3.12/site-packages/airflow/example_dags/example_xcomargs.py for tasks to queue
[2025-02-22T17:23:41.650+0000] {logging_mixin.py:190} INFO - [2025-02-22T17:23:41.650+0000] {dagbag.py:588} INFO - Filling up the DagBag from /home/airflow/.local/lib/python3.12/site-packages/airflow/example_dags/example_xcomargs.py
[2025-02-22T17:23:41.654+0000] {processor.py:925} INFO - DAG(s) 'example_xcom_args', 'example_xcom_args_with_operators' retrieved from /home/airflow/.local/lib/python3.12/site-packages/airflow/example_dags/example_xcomargs.py
[2025-02-22T17:23:41.664+0000] {logging_mixin.py:190} INFO - [2025-02-22T17:23:41.664+0000] {dag.py:3239} INFO - Sync 2 DAGs
[2025-02-22T17:23:41.669+0000] {logging_mixin.py:190} INFO - [2025-02-22T17:23:41.669+0000] {dag.py:4180} INFO - Setting next_dagrun for example_xcom_args to None, run_after=None
[2025-02-22T17:23:41.672+0000] {logging_mixin.py:190} INFO - [2025-02-22T17:23:41.672+0000] {dag.py:4180} INFO - Setting next_dagrun for example_xcom_args_with_operators to None, run_after=None
[2025-02-22T17:23:41.681+0000] {processor.py:208} INFO - Processing /home/airflow/.local/lib/python3.12/site-packages/airflow/example_dags/example_xcomargs.py took 0.039 seconds
[2025-02-22T17:24:12.892+0000] {processor.py:186} INFO - Started process (PID=1087) to work on /home/airflow/.local/lib/python3.12/site-packages/airflow/example_dags/example_xcomargs.py
[2025-02-22T17:24:12.892+0000] {processor.py:914} INFO - Processing file /home/airflow/.local/lib/python3.12/site-packages/airflow/example_dags/example_xcomargs.py for tasks to queue
[2025-02-22T17:24:12.895+0000] {logging_mixin.py:190} INFO - [2025-02-22T17:24:12.895+0000] {dagbag.py:588} INFO - Filling up the DagBag from /home/airflow/.local/lib/python3.12/site-packages/airflow/example_dags/example_xcomargs.py
[2025-02-22T17:24:12.899+0000] {processor.py:925} INFO - DAG(s) 'example_xcom_args', 'example_xcom_args_with_operators' retrieved from /home/airflow/.local/lib/python3.12/site-packages/airflow/example_dags/example_xcomargs.py
[2025-02-22T17:24:12.908+0000] {logging_mixin.py:190} INFO - [2025-02-22T17:24:12.908+0000] {dag.py:3239} INFO - Sync 2 DAGs
[2025-02-22T17:24:12.914+0000] {logging_mixin.py:190} INFO - [2025-02-22T17:24:12.914+0000] {dag.py:4180} INFO - Setting next_dagrun for example_xcom_args to None, run_after=None
[2025-02-22T17:24:12.915+0000] {logging_mixin.py:190} INFO - [2025-02-22T17:24:12.915+0000] {dag.py:4180} INFO - Setting next_dagrun for example_xcom_args_with_operators to None, run_after=None
[2025-02-22T17:24:12.922+0000] {processor.py:208} INFO - Processing /home/airflow/.local/lib/python3.12/site-packages/airflow/example_dags/example_xcomargs.py took 0.032 seconds
[2025-02-22T17:24:44.113+0000] {processor.py:186} INFO - Started process (PID=1149) to work on /home/airflow/.local/lib/python3.12/site-packages/airflow/example_dags/example_xcomargs.py
[2025-02-22T17:24:44.114+0000] {processor.py:914} INFO - Processing file /home/airflow/.local/lib/python3.12/site-packages/airflow/example_dags/example_xcomargs.py for tasks to queue
[2025-02-22T17:24:44.114+0000] {logging_mixin.py:190} INFO - [2025-02-22T17:24:44.114+0000] {dagbag.py:588} INFO - Filling up the DagBag from /home/airflow/.local/lib/python3.12/site-packages/airflow/example_dags/example_xcomargs.py
[2025-02-22T17:24:44.118+0000] {processor.py:925} INFO - DAG(s) 'example_xcom_args', 'example_xcom_args_with_operators' retrieved from /home/airflow/.local/lib/python3.12/site-packages/airflow/example_dags/example_xcomargs.py
[2025-02-22T17:24:44.126+0000] {logging_mixin.py:190} INFO - [2025-02-22T17:24:44.126+0000] {dag.py:3239} INFO - Sync 2 DAGs
[2025-02-22T17:24:44.131+0000] {logging_mixin.py:190} INFO - [2025-02-22T17:24:44.131+0000] {dag.py:4180} INFO - Setting next_dagrun for example_xcom_args to None, run_after=None
[2025-02-22T17:24:44.132+0000] {logging_mixin.py:190} INFO - [2025-02-22T17:24:44.132+0000] {dag.py:4180} INFO - Setting next_dagrun for example_xcom_args_with_operators to None, run_after=None
[2025-02-22T17:24:44.138+0000] {processor.py:208} INFO - Processing /home/airflow/.local/lib/python3.12/site-packages/airflow/example_dags/example_xcomargs.py took 0.026 seconds
[2025-02-22T17:25:15.355+0000] {processor.py:186} INFO - Started process (PID=1212) to work on /home/airflow/.local/lib/python3.12/site-packages/airflow/example_dags/example_xcomargs.py
[2025-02-22T17:25:15.357+0000] {processor.py:914} INFO - Processing file /home/airflow/.local/lib/python3.12/site-packages/airflow/example_dags/example_xcomargs.py for tasks to queue
[2025-02-22T17:25:15.359+0000] {logging_mixin.py:190} INFO - [2025-02-22T17:25:15.359+0000] {dagbag.py:588} INFO - Filling up the DagBag from /home/airflow/.local/lib/python3.12/site-packages/airflow/example_dags/example_xcomargs.py
[2025-02-22T17:25:15.363+0000] {processor.py:925} INFO - DAG(s) 'example_xcom_args_with_operators', 'example_xcom_args' retrieved from /home/airflow/.local/lib/python3.12/site-packages/airflow/example_dags/example_xcomargs.py
[2025-02-22T17:25:15.372+0000] {logging_mixin.py:190} INFO - [2025-02-22T17:25:15.372+0000] {dag.py:3239} INFO - Sync 2 DAGs
[2025-02-22T17:25:15.377+0000] {logging_mixin.py:190} INFO - [2025-02-22T17:25:15.377+0000] {dag.py:4180} INFO - Setting next_dagrun for example_xcom_args to None, run_after=None
[2025-02-22T17:25:15.379+0000] {logging_mixin.py:190} INFO - [2025-02-22T17:25:15.379+0000] {dag.py:4180} INFO - Setting next_dagrun for example_xcom_args_with_operators to None, run_after=None
[2025-02-22T17:25:15.387+0000] {processor.py:208} INFO - Processing /home/airflow/.local/lib/python3.12/site-packages/airflow/example_dags/example_xcomargs.py took 0.034 seconds
[2025-02-22T17:25:46.621+0000] {processor.py:186} INFO - Started process (PID=1275) to work on /home/airflow/.local/lib/python3.12/site-packages/airflow/example_dags/example_xcomargs.py
[2025-02-22T17:25:46.622+0000] {processor.py:914} INFO - Processing file /home/airflow/.local/lib/python3.12/site-packages/airflow/example_dags/example_xcomargs.py for tasks to queue
[2025-02-22T17:25:46.623+0000] {logging_mixin.py:190} INFO - [2025-02-22T17:25:46.623+0000] {dagbag.py:588} INFO - Filling up the DagBag from /home/airflow/.local/lib/python3.12/site-packages/airflow/example_dags/example_xcomargs.py
[2025-02-22T17:25:46.628+0000] {processor.py:925} INFO - DAG(s) 'example_xcom_args', 'example_xcom_args_with_operators' retrieved from /home/airflow/.local/lib/python3.12/site-packages/airflow/example_dags/example_xcomargs.py
[2025-02-22T17:25:46.639+0000] {logging_mixin.py:190} INFO - [2025-02-22T17:25:46.639+0000] {dag.py:3239} INFO - Sync 2 DAGs
[2025-02-22T17:25:46.645+0000] {logging_mixin.py:190} INFO - [2025-02-22T17:25:46.644+0000] {dag.py:4180} INFO - Setting next_dagrun for example_xcom_args to None, run_after=None
[2025-02-22T17:25:46.646+0000] {logging_mixin.py:190} INFO - [2025-02-22T17:25:46.646+0000] {dag.py:4180} INFO - Setting next_dagrun for example_xcom_args_with_operators to None, run_after=None
[2025-02-22T17:25:46.655+0000] {processor.py:208} INFO - Processing /home/airflow/.local/lib/python3.12/site-packages/airflow/example_dags/example_xcomargs.py took 0.036 seconds
[2025-02-22T17:26:16.913+0000] {processor.py:186} INFO - Started process (PID=1338) to work on /home/airflow/.local/lib/python3.12/site-packages/airflow/example_dags/example_xcomargs.py
[2025-02-22T17:26:16.913+0000] {processor.py:914} INFO - Processing file /home/airflow/.local/lib/python3.12/site-packages/airflow/example_dags/example_xcomargs.py for tasks to queue
[2025-02-22T17:26:16.914+0000] {logging_mixin.py:190} INFO - [2025-02-22T17:26:16.914+0000] {dagbag.py:588} INFO - Filling up the DagBag from /home/airflow/.local/lib/python3.12/site-packages/airflow/example_dags/example_xcomargs.py
[2025-02-22T17:26:16.918+0000] {processor.py:925} INFO - DAG(s) 'example_xcom_args_with_operators', 'example_xcom_args' retrieved from /home/airflow/.local/lib/python3.12/site-packages/airflow/example_dags/example_xcomargs.py
[2025-02-22T17:26:16.926+0000] {logging_mixin.py:190} INFO - [2025-02-22T17:26:16.926+0000] {dag.py:3239} INFO - Sync 2 DAGs
[2025-02-22T17:26:16.932+0000] {logging_mixin.py:190} INFO - [2025-02-22T17:26:16.932+0000] {dag.py:4180} INFO - Setting next_dagrun for example_xcom_args to None, run_after=None
[2025-02-22T17:26:16.934+0000] {logging_mixin.py:190} INFO - [2025-02-22T17:26:16.934+0000] {dag.py:4180} INFO - Setting next_dagrun for example_xcom_args_with_operators to None, run_after=None
[2025-02-22T17:26:16.944+0000] {processor.py:208} INFO - Processing /home/airflow/.local/lib/python3.12/site-packages/airflow/example_dags/example_xcomargs.py took 0.034 seconds
