[2025-02-22T17:05:26.142+0000] {processor.py:186} INFO - Started process (PID=60) to work on /home/airflow/.local/lib/python3.12/site-packages/airflow/example_dags/example_branch_labels.py
[2025-02-22T17:05:26.142+0000] {processor.py:914} INFO - Processing file /home/airflow/.local/lib/python3.12/site-packages/airflow/example_dags/example_branch_labels.py for tasks to queue
[2025-02-22T17:05:26.143+0000] {logging_mixin.py:190} INFO - [2025-02-22T17:05:26.143+0000] {dagbag.py:588} INFO - Filling up the DagBag from /home/airflow/.local/lib/python3.12/site-packages/airflow/example_dags/example_branch_labels.py
[2025-02-22T17:05:26.148+0000] {processor.py:925} INFO - DAG(s) 'example_branch_labels' retrieved from /home/airflow/.local/lib/python3.12/site-packages/airflow/example_dags/example_branch_labels.py
[2025-02-22T17:05:26.187+0000] {logging_mixin.py:190} INFO - [2025-02-22T17:05:26.187+0000] {override.py:1912} INFO - Created Permission View: can edit on DAG:example_branch_labels
[2025-02-22T17:05:26.190+0000] {logging_mixin.py:190} INFO - [2025-02-22T17:05:26.190+0000] {override.py:1912} INFO - Created Permission View: can delete on DAG:example_branch_labels
[2025-02-22T17:05:26.191+0000] {logging_mixin.py:190} INFO - [2025-02-22T17:05:26.191+0000] {override.py:1912} INFO - Created Permission View: can read on DAG:example_branch_labels
[2025-02-22T17:05:26.193+0000] {logging_mixin.py:190} INFO - [2025-02-22T17:05:26.193+0000] {override.py:1912} INFO - Created Permission View: menu access on DAG Run:example_branch_labels
[2025-02-22T17:05:26.195+0000] {logging_mixin.py:190} INFO - [2025-02-22T17:05:26.195+0000] {override.py:1912} INFO - Created Permission View: can create on DAG Run:example_branch_labels
[2025-02-22T17:05:26.197+0000] {logging_mixin.py:190} INFO - [2025-02-22T17:05:26.197+0000] {override.py:1912} INFO - Created Permission View: can delete on DAG Run:example_branch_labels
[2025-02-22T17:05:26.199+0000] {logging_mixin.py:190} INFO - [2025-02-22T17:05:26.199+0000] {override.py:1912} INFO - Created Permission View: can read on DAG Run:example_branch_labels
[2025-02-22T17:05:26.199+0000] {logging_mixin.py:190} INFO - [2025-02-22T17:05:26.199+0000] {dag.py:3239} INFO - Sync 1 DAGs
[2025-02-22T17:05:26.205+0000] {logging_mixin.py:190} INFO - [2025-02-22T17:05:26.205+0000] {dag.py:3262} INFO - Creating ORM DAG for example_branch_labels
[2025-02-22T17:05:26.209+0000] {logging_mixin.py:190} INFO - [2025-02-22T17:05:26.209+0000] {dag.py:4180} INFO - Setting next_dagrun for example_branch_labels to 2025-02-21 00:00:00+00:00, run_after=2025-02-22 00:00:00+00:00
[2025-02-22T17:05:26.214+0000] {processor.py:208} INFO - Processing /home/airflow/.local/lib/python3.12/site-packages/airflow/example_dags/example_branch_labels.py took 0.074 seconds
[2025-02-22T17:05:57.171+0000] {processor.py:186} INFO - Started process (PID=123) to work on /home/airflow/.local/lib/python3.12/site-packages/airflow/example_dags/example_branch_labels.py
[2025-02-22T17:05:57.172+0000] {processor.py:914} INFO - Processing file /home/airflow/.local/lib/python3.12/site-packages/airflow/example_dags/example_branch_labels.py for tasks to queue
[2025-02-22T17:05:57.174+0000] {logging_mixin.py:190} INFO - [2025-02-22T17:05:57.174+0000] {dagbag.py:588} INFO - Filling up the DagBag from /home/airflow/.local/lib/python3.12/site-packages/airflow/example_dags/example_branch_labels.py
[2025-02-22T17:05:57.180+0000] {processor.py:925} INFO - DAG(s) 'example_branch_labels' retrieved from /home/airflow/.local/lib/python3.12/site-packages/airflow/example_dags/example_branch_labels.py
[2025-02-22T17:05:57.190+0000] {logging_mixin.py:190} INFO - [2025-02-22T17:05:57.190+0000] {dag.py:3239} INFO - Sync 1 DAGs
[2025-02-22T17:05:57.200+0000] {logging_mixin.py:190} INFO - [2025-02-22T17:05:57.200+0000] {dag.py:4180} INFO - Setting next_dagrun for example_branch_labels to 2025-02-21 00:00:00+00:00, run_after=2025-02-22 00:00:00+00:00
[2025-02-22T17:05:57.207+0000] {processor.py:208} INFO - Processing /home/airflow/.local/lib/python3.12/site-packages/airflow/example_dags/example_branch_labels.py took 0.040 seconds
[2025-02-22T17:06:27.264+0000] {processor.py:186} INFO - Started process (PID=185) to work on /home/airflow/.local/lib/python3.12/site-packages/airflow/example_dags/example_branch_labels.py
[2025-02-22T17:06:27.265+0000] {processor.py:914} INFO - Processing file /home/airflow/.local/lib/python3.12/site-packages/airflow/example_dags/example_branch_labels.py for tasks to queue
[2025-02-22T17:06:27.271+0000] {logging_mixin.py:190} INFO - [2025-02-22T17:06:27.271+0000] {dagbag.py:588} INFO - Filling up the DagBag from /home/airflow/.local/lib/python3.12/site-packages/airflow/example_dags/example_branch_labels.py
[2025-02-22T17:06:27.279+0000] {processor.py:925} INFO - DAG(s) 'example_branch_labels' retrieved from /home/airflow/.local/lib/python3.12/site-packages/airflow/example_dags/example_branch_labels.py
[2025-02-22T17:06:27.291+0000] {logging_mixin.py:190} INFO - [2025-02-22T17:06:27.291+0000] {dag.py:3239} INFO - Sync 1 DAGs
[2025-02-22T17:06:27.302+0000] {logging_mixin.py:190} INFO - [2025-02-22T17:06:27.302+0000] {dag.py:4180} INFO - Setting next_dagrun for example_branch_labels to 2025-02-21 00:00:00+00:00, run_after=2025-02-22 00:00:00+00:00
[2025-02-22T17:06:27.310+0000] {processor.py:208} INFO - Processing /home/airflow/.local/lib/python3.12/site-packages/airflow/example_dags/example_branch_labels.py took 0.052 seconds
[2025-02-22T17:06:57.414+0000] {processor.py:186} INFO - Started process (PID=247) to work on /home/airflow/.local/lib/python3.12/site-packages/airflow/example_dags/example_branch_labels.py
[2025-02-22T17:06:57.415+0000] {processor.py:914} INFO - Processing file /home/airflow/.local/lib/python3.12/site-packages/airflow/example_dags/example_branch_labels.py for tasks to queue
[2025-02-22T17:06:57.417+0000] {logging_mixin.py:190} INFO - [2025-02-22T17:06:57.417+0000] {dagbag.py:588} INFO - Filling up the DagBag from /home/airflow/.local/lib/python3.12/site-packages/airflow/example_dags/example_branch_labels.py
[2025-02-22T17:06:57.425+0000] {processor.py:925} INFO - DAG(s) 'example_branch_labels' retrieved from /home/airflow/.local/lib/python3.12/site-packages/airflow/example_dags/example_branch_labels.py
[2025-02-22T17:06:57.439+0000] {logging_mixin.py:190} INFO - [2025-02-22T17:06:57.439+0000] {dag.py:3239} INFO - Sync 1 DAGs
[2025-02-22T17:06:57.450+0000] {logging_mixin.py:190} INFO - [2025-02-22T17:06:57.449+0000] {dag.py:4180} INFO - Setting next_dagrun for example_branch_labels to 2025-02-21 00:00:00+00:00, run_after=2025-02-22 00:00:00+00:00
[2025-02-22T17:06:57.457+0000] {processor.py:208} INFO - Processing /home/airflow/.local/lib/python3.12/site-packages/airflow/example_dags/example_branch_labels.py took 0.049 seconds
[2025-02-22T17:07:27.523+0000] {processor.py:186} INFO - Started process (PID=310) to work on /home/airflow/.local/lib/python3.12/site-packages/airflow/example_dags/example_branch_labels.py
[2025-02-22T17:07:27.525+0000] {processor.py:914} INFO - Processing file /home/airflow/.local/lib/python3.12/site-packages/airflow/example_dags/example_branch_labels.py for tasks to queue
[2025-02-22T17:07:27.528+0000] {logging_mixin.py:190} INFO - [2025-02-22T17:07:27.528+0000] {dagbag.py:588} INFO - Filling up the DagBag from /home/airflow/.local/lib/python3.12/site-packages/airflow/example_dags/example_branch_labels.py
[2025-02-22T17:07:27.536+0000] {processor.py:925} INFO - DAG(s) 'example_branch_labels' retrieved from /home/airflow/.local/lib/python3.12/site-packages/airflow/example_dags/example_branch_labels.py
[2025-02-22T17:07:27.548+0000] {logging_mixin.py:190} INFO - [2025-02-22T17:07:27.548+0000] {dag.py:3239} INFO - Sync 1 DAGs
[2025-02-22T17:07:27.558+0000] {logging_mixin.py:190} INFO - [2025-02-22T17:07:27.558+0000] {dag.py:4180} INFO - Setting next_dagrun for example_branch_labels to 2025-02-21 00:00:00+00:00, run_after=2025-02-22 00:00:00+00:00
[2025-02-22T17:07:27.565+0000] {processor.py:208} INFO - Processing /home/airflow/.local/lib/python3.12/site-packages/airflow/example_dags/example_branch_labels.py took 0.048 seconds
[2025-02-22T17:07:57.598+0000] {processor.py:186} INFO - Started process (PID=372) to work on /home/airflow/.local/lib/python3.12/site-packages/airflow/example_dags/example_branch_labels.py
[2025-02-22T17:07:57.598+0000] {processor.py:914} INFO - Processing file /home/airflow/.local/lib/python3.12/site-packages/airflow/example_dags/example_branch_labels.py for tasks to queue
[2025-02-22T17:07:57.599+0000] {logging_mixin.py:190} INFO - [2025-02-22T17:07:57.599+0000] {dagbag.py:588} INFO - Filling up the DagBag from /home/airflow/.local/lib/python3.12/site-packages/airflow/example_dags/example_branch_labels.py
[2025-02-22T17:07:57.603+0000] {processor.py:925} INFO - DAG(s) 'example_branch_labels' retrieved from /home/airflow/.local/lib/python3.12/site-packages/airflow/example_dags/example_branch_labels.py
[2025-02-22T17:07:57.612+0000] {logging_mixin.py:190} INFO - [2025-02-22T17:07:57.612+0000] {dag.py:3239} INFO - Sync 1 DAGs
[2025-02-22T17:07:57.621+0000] {logging_mixin.py:190} INFO - [2025-02-22T17:07:57.621+0000] {dag.py:4180} INFO - Setting next_dagrun for example_branch_labels to 2025-02-21 00:00:00+00:00, run_after=2025-02-22 00:00:00+00:00
[2025-02-22T17:07:57.627+0000] {processor.py:208} INFO - Processing /home/airflow/.local/lib/python3.12/site-packages/airflow/example_dags/example_branch_labels.py took 0.032 seconds
[2025-02-22T17:08:27.641+0000] {processor.py:186} INFO - Started process (PID=435) to work on /home/airflow/.local/lib/python3.12/site-packages/airflow/example_dags/example_branch_labels.py
[2025-02-22T17:08:27.642+0000] {processor.py:914} INFO - Processing file /home/airflow/.local/lib/python3.12/site-packages/airflow/example_dags/example_branch_labels.py for tasks to queue
[2025-02-22T17:08:27.643+0000] {logging_mixin.py:190} INFO - [2025-02-22T17:08:27.642+0000] {dagbag.py:588} INFO - Filling up the DagBag from /home/airflow/.local/lib/python3.12/site-packages/airflow/example_dags/example_branch_labels.py
[2025-02-22T17:08:27.646+0000] {processor.py:925} INFO - DAG(s) 'example_branch_labels' retrieved from /home/airflow/.local/lib/python3.12/site-packages/airflow/example_dags/example_branch_labels.py
[2025-02-22T17:08:27.654+0000] {logging_mixin.py:190} INFO - [2025-02-22T17:08:27.654+0000] {dag.py:3239} INFO - Sync 1 DAGs
[2025-02-22T17:08:27.662+0000] {logging_mixin.py:190} INFO - [2025-02-22T17:08:27.662+0000] {dag.py:4180} INFO - Setting next_dagrun for example_branch_labels to 2025-02-21 00:00:00+00:00, run_after=2025-02-22 00:00:00+00:00
[2025-02-22T17:08:27.668+0000] {processor.py:208} INFO - Processing /home/airflow/.local/lib/python3.12/site-packages/airflow/example_dags/example_branch_labels.py took 0.029 seconds
[2025-02-22T17:08:58.676+0000] {processor.py:186} INFO - Started process (PID=498) to work on /home/airflow/.local/lib/python3.12/site-packages/airflow/example_dags/example_branch_labels.py
[2025-02-22T17:08:58.677+0000] {processor.py:914} INFO - Processing file /home/airflow/.local/lib/python3.12/site-packages/airflow/example_dags/example_branch_labels.py for tasks to queue
[2025-02-22T17:08:58.677+0000] {logging_mixin.py:190} INFO - [2025-02-22T17:08:58.677+0000] {dagbag.py:588} INFO - Filling up the DagBag from /home/airflow/.local/lib/python3.12/site-packages/airflow/example_dags/example_branch_labels.py
[2025-02-22T17:08:58.681+0000] {processor.py:925} INFO - DAG(s) 'example_branch_labels' retrieved from /home/airflow/.local/lib/python3.12/site-packages/airflow/example_dags/example_branch_labels.py
[2025-02-22T17:08:58.687+0000] {logging_mixin.py:190} INFO - [2025-02-22T17:08:58.687+0000] {dag.py:3239} INFO - Sync 1 DAGs
[2025-02-22T17:08:58.694+0000] {logging_mixin.py:190} INFO - [2025-02-22T17:08:58.694+0000] {dag.py:4180} INFO - Setting next_dagrun for example_branch_labels to 2025-02-21 00:00:00+00:00, run_after=2025-02-22 00:00:00+00:00
[2025-02-22T17:08:58.700+0000] {processor.py:208} INFO - Processing /home/airflow/.local/lib/python3.12/site-packages/airflow/example_dags/example_branch_labels.py took 0.026 seconds
[2025-02-22T17:09:29.697+0000] {processor.py:186} INFO - Started process (PID=561) to work on /home/airflow/.local/lib/python3.12/site-packages/airflow/example_dags/example_branch_labels.py
[2025-02-22T17:09:29.698+0000] {processor.py:914} INFO - Processing file /home/airflow/.local/lib/python3.12/site-packages/airflow/example_dags/example_branch_labels.py for tasks to queue
[2025-02-22T17:09:29.699+0000] {logging_mixin.py:190} INFO - [2025-02-22T17:09:29.699+0000] {dagbag.py:588} INFO - Filling up the DagBag from /home/airflow/.local/lib/python3.12/site-packages/airflow/example_dags/example_branch_labels.py
[2025-02-22T17:09:29.704+0000] {processor.py:925} INFO - DAG(s) 'example_branch_labels' retrieved from /home/airflow/.local/lib/python3.12/site-packages/airflow/example_dags/example_branch_labels.py
[2025-02-22T17:09:29.711+0000] {logging_mixin.py:190} INFO - [2025-02-22T17:09:29.711+0000] {dag.py:3239} INFO - Sync 1 DAGs
[2025-02-22T17:09:29.718+0000] {logging_mixin.py:190} INFO - [2025-02-22T17:09:29.718+0000] {dag.py:4180} INFO - Setting next_dagrun for example_branch_labels to 2025-02-21 00:00:00+00:00, run_after=2025-02-22 00:00:00+00:00
[2025-02-22T17:09:29.724+0000] {processor.py:208} INFO - Processing /home/airflow/.local/lib/python3.12/site-packages/airflow/example_dags/example_branch_labels.py took 0.030 seconds
[2025-02-22T17:10:00.681+0000] {processor.py:186} INFO - Started process (PID=624) to work on /home/airflow/.local/lib/python3.12/site-packages/airflow/example_dags/example_branch_labels.py
[2025-02-22T17:10:00.682+0000] {processor.py:914} INFO - Processing file /home/airflow/.local/lib/python3.12/site-packages/airflow/example_dags/example_branch_labels.py for tasks to queue
[2025-02-22T17:10:00.683+0000] {logging_mixin.py:190} INFO - [2025-02-22T17:10:00.683+0000] {dagbag.py:588} INFO - Filling up the DagBag from /home/airflow/.local/lib/python3.12/site-packages/airflow/example_dags/example_branch_labels.py
[2025-02-22T17:10:00.687+0000] {processor.py:925} INFO - DAG(s) 'example_branch_labels' retrieved from /home/airflow/.local/lib/python3.12/site-packages/airflow/example_dags/example_branch_labels.py
[2025-02-22T17:10:00.696+0000] {logging_mixin.py:190} INFO - [2025-02-22T17:10:00.696+0000] {dag.py:3239} INFO - Sync 1 DAGs
[2025-02-22T17:10:00.704+0000] {logging_mixin.py:190} INFO - [2025-02-22T17:10:00.704+0000] {dag.py:4180} INFO - Setting next_dagrun for example_branch_labels to 2025-02-21 00:00:00+00:00, run_after=2025-02-22 00:00:00+00:00
[2025-02-22T17:10:00.710+0000] {processor.py:208} INFO - Processing /home/airflow/.local/lib/python3.12/site-packages/airflow/example_dags/example_branch_labels.py took 0.031 seconds
[2025-02-22T17:10:31.721+0000] {processor.py:186} INFO - Started process (PID=687) to work on /home/airflow/.local/lib/python3.12/site-packages/airflow/example_dags/example_branch_labels.py
[2025-02-22T17:10:31.721+0000] {processor.py:914} INFO - Processing file /home/airflow/.local/lib/python3.12/site-packages/airflow/example_dags/example_branch_labels.py for tasks to queue
[2025-02-22T17:10:31.722+0000] {logging_mixin.py:190} INFO - [2025-02-22T17:10:31.722+0000] {dagbag.py:588} INFO - Filling up the DagBag from /home/airflow/.local/lib/python3.12/site-packages/airflow/example_dags/example_branch_labels.py
[2025-02-22T17:10:31.725+0000] {processor.py:925} INFO - DAG(s) 'example_branch_labels' retrieved from /home/airflow/.local/lib/python3.12/site-packages/airflow/example_dags/example_branch_labels.py
[2025-02-22T17:10:31.734+0000] {logging_mixin.py:190} INFO - [2025-02-22T17:10:31.734+0000] {dag.py:3239} INFO - Sync 1 DAGs
[2025-02-22T17:10:31.742+0000] {logging_mixin.py:190} INFO - [2025-02-22T17:10:31.742+0000] {dag.py:4180} INFO - Setting next_dagrun for example_branch_labels to 2025-02-21 00:00:00+00:00, run_after=2025-02-22 00:00:00+00:00
[2025-02-22T17:10:31.748+0000] {processor.py:208} INFO - Processing /home/airflow/.local/lib/python3.12/site-packages/airflow/example_dags/example_branch_labels.py took 0.029 seconds
[2025-02-22T17:11:02.725+0000] {processor.py:186} INFO - Started process (PID=750) to work on /home/airflow/.local/lib/python3.12/site-packages/airflow/example_dags/example_branch_labels.py
[2025-02-22T17:11:02.725+0000] {processor.py:914} INFO - Processing file /home/airflow/.local/lib/python3.12/site-packages/airflow/example_dags/example_branch_labels.py for tasks to queue
[2025-02-22T17:11:02.726+0000] {logging_mixin.py:190} INFO - [2025-02-22T17:11:02.726+0000] {dagbag.py:588} INFO - Filling up the DagBag from /home/airflow/.local/lib/python3.12/site-packages/airflow/example_dags/example_branch_labels.py
[2025-02-22T17:11:02.729+0000] {processor.py:925} INFO - DAG(s) 'example_branch_labels' retrieved from /home/airflow/.local/lib/python3.12/site-packages/airflow/example_dags/example_branch_labels.py
[2025-02-22T17:11:02.736+0000] {logging_mixin.py:190} INFO - [2025-02-22T17:11:02.736+0000] {dag.py:3239} INFO - Sync 1 DAGs
[2025-02-22T17:11:02.743+0000] {logging_mixin.py:190} INFO - [2025-02-22T17:11:02.743+0000] {dag.py:4180} INFO - Setting next_dagrun for example_branch_labels to 2025-02-21 00:00:00+00:00, run_after=2025-02-22 00:00:00+00:00
[2025-02-22T17:11:02.749+0000] {processor.py:208} INFO - Processing /home/airflow/.local/lib/python3.12/site-packages/airflow/example_dags/example_branch_labels.py took 0.026 seconds
[2025-02-22T17:11:33.703+0000] {processor.py:186} INFO - Started process (PID=813) to work on /home/airflow/.local/lib/python3.12/site-packages/airflow/example_dags/example_branch_labels.py
[2025-02-22T17:11:33.704+0000] {processor.py:914} INFO - Processing file /home/airflow/.local/lib/python3.12/site-packages/airflow/example_dags/example_branch_labels.py for tasks to queue
[2025-02-22T17:11:33.705+0000] {logging_mixin.py:190} INFO - [2025-02-22T17:11:33.705+0000] {dagbag.py:588} INFO - Filling up the DagBag from /home/airflow/.local/lib/python3.12/site-packages/airflow/example_dags/example_branch_labels.py
[2025-02-22T17:11:33.710+0000] {processor.py:925} INFO - DAG(s) 'example_branch_labels' retrieved from /home/airflow/.local/lib/python3.12/site-packages/airflow/example_dags/example_branch_labels.py
[2025-02-22T17:11:33.717+0000] {logging_mixin.py:190} INFO - [2025-02-22T17:11:33.717+0000] {dag.py:3239} INFO - Sync 1 DAGs
[2025-02-22T17:11:33.724+0000] {logging_mixin.py:190} INFO - [2025-02-22T17:11:33.724+0000] {dag.py:4180} INFO - Setting next_dagrun for example_branch_labels to 2025-02-21 00:00:00+00:00, run_after=2025-02-22 00:00:00+00:00
[2025-02-22T17:11:33.730+0000] {processor.py:208} INFO - Processing /home/airflow/.local/lib/python3.12/site-packages/airflow/example_dags/example_branch_labels.py took 0.029 seconds
[2025-02-22T17:12:04.668+0000] {processor.py:186} INFO - Started process (PID=876) to work on /home/airflow/.local/lib/python3.12/site-packages/airflow/example_dags/example_branch_labels.py
[2025-02-22T17:12:04.669+0000] {processor.py:914} INFO - Processing file /home/airflow/.local/lib/python3.12/site-packages/airflow/example_dags/example_branch_labels.py for tasks to queue
[2025-02-22T17:12:04.670+0000] {logging_mixin.py:190} INFO - [2025-02-22T17:12:04.670+0000] {dagbag.py:588} INFO - Filling up the DagBag from /home/airflow/.local/lib/python3.12/site-packages/airflow/example_dags/example_branch_labels.py
[2025-02-22T17:12:04.674+0000] {processor.py:925} INFO - DAG(s) 'example_branch_labels' retrieved from /home/airflow/.local/lib/python3.12/site-packages/airflow/example_dags/example_branch_labels.py
[2025-02-22T17:12:04.683+0000] {logging_mixin.py:190} INFO - [2025-02-22T17:12:04.683+0000] {dag.py:3239} INFO - Sync 1 DAGs
[2025-02-22T17:12:04.690+0000] {logging_mixin.py:190} INFO - [2025-02-22T17:12:04.690+0000] {dag.py:4180} INFO - Setting next_dagrun for example_branch_labels to 2025-02-21 00:00:00+00:00, run_after=2025-02-22 00:00:00+00:00
[2025-02-22T17:12:04.696+0000] {processor.py:208} INFO - Processing /home/airflow/.local/lib/python3.12/site-packages/airflow/example_dags/example_branch_labels.py took 0.030 seconds
[2025-02-22T17:12:35.724+0000] {processor.py:186} INFO - Started process (PID=939) to work on /home/airflow/.local/lib/python3.12/site-packages/airflow/example_dags/example_branch_labels.py
[2025-02-22T17:12:35.726+0000] {processor.py:914} INFO - Processing file /home/airflow/.local/lib/python3.12/site-packages/airflow/example_dags/example_branch_labels.py for tasks to queue
[2025-02-22T17:12:35.727+0000] {logging_mixin.py:190} INFO - [2025-02-22T17:12:35.727+0000] {dagbag.py:588} INFO - Filling up the DagBag from /home/airflow/.local/lib/python3.12/site-packages/airflow/example_dags/example_branch_labels.py
[2025-02-22T17:12:35.731+0000] {processor.py:925} INFO - DAG(s) 'example_branch_labels' retrieved from /home/airflow/.local/lib/python3.12/site-packages/airflow/example_dags/example_branch_labels.py
[2025-02-22T17:12:35.739+0000] {logging_mixin.py:190} INFO - [2025-02-22T17:12:35.738+0000] {dag.py:3239} INFO - Sync 1 DAGs
[2025-02-22T17:12:35.746+0000] {logging_mixin.py:190} INFO - [2025-02-22T17:12:35.746+0000] {dag.py:4180} INFO - Setting next_dagrun for example_branch_labels to 2025-02-21 00:00:00+00:00, run_after=2025-02-22 00:00:00+00:00
[2025-02-22T17:12:35.752+0000] {processor.py:208} INFO - Processing /home/airflow/.local/lib/python3.12/site-packages/airflow/example_dags/example_branch_labels.py took 0.030 seconds
[2025-02-22T17:13:06.685+0000] {processor.py:186} INFO - Started process (PID=1002) to work on /home/airflow/.local/lib/python3.12/site-packages/airflow/example_dags/example_branch_labels.py
[2025-02-22T17:13:06.686+0000] {processor.py:914} INFO - Processing file /home/airflow/.local/lib/python3.12/site-packages/airflow/example_dags/example_branch_labels.py for tasks to queue
[2025-02-22T17:13:06.687+0000] {logging_mixin.py:190} INFO - [2025-02-22T17:13:06.687+0000] {dagbag.py:588} INFO - Filling up the DagBag from /home/airflow/.local/lib/python3.12/site-packages/airflow/example_dags/example_branch_labels.py
[2025-02-22T17:13:06.691+0000] {processor.py:925} INFO - DAG(s) 'example_branch_labels' retrieved from /home/airflow/.local/lib/python3.12/site-packages/airflow/example_dags/example_branch_labels.py
[2025-02-22T17:13:06.699+0000] {logging_mixin.py:190} INFO - [2025-02-22T17:13:06.699+0000] {dag.py:3239} INFO - Sync 1 DAGs
[2025-02-22T17:13:06.707+0000] {logging_mixin.py:190} INFO - [2025-02-22T17:13:06.707+0000] {dag.py:4180} INFO - Setting next_dagrun for example_branch_labels to 2025-02-21 00:00:00+00:00, run_after=2025-02-22 00:00:00+00:00
[2025-02-22T17:13:06.713+0000] {processor.py:208} INFO - Processing /home/airflow/.local/lib/python3.12/site-packages/airflow/example_dags/example_branch_labels.py took 0.031 seconds
[2025-02-22T17:15:54.718+0000] {processor.py:186} INFO - Started process (PID=54) to work on /home/airflow/.local/lib/python3.12/site-packages/airflow/example_dags/example_branch_labels.py
[2025-02-22T17:15:54.719+0000] {processor.py:914} INFO - Processing file /home/airflow/.local/lib/python3.12/site-packages/airflow/example_dags/example_branch_labels.py for tasks to queue
[2025-02-22T17:15:54.721+0000] {logging_mixin.py:190} INFO - [2025-02-22T17:15:54.721+0000] {dagbag.py:588} INFO - Filling up the DagBag from /home/airflow/.local/lib/python3.12/site-packages/airflow/example_dags/example_branch_labels.py
[2025-02-22T17:15:54.726+0000] {processor.py:925} INFO - DAG(s) 'example_branch_labels' retrieved from /home/airflow/.local/lib/python3.12/site-packages/airflow/example_dags/example_branch_labels.py
[2025-02-22T17:15:54.746+0000] {logging_mixin.py:190} INFO - [2025-02-22T17:15:54.746+0000] {dag.py:3239} INFO - Sync 1 DAGs
[2025-02-22T17:15:54.760+0000] {logging_mixin.py:190} INFO - [2025-02-22T17:15:54.760+0000] {dag.py:4180} INFO - Setting next_dagrun for example_branch_labels to 2025-02-21 00:00:00+00:00, run_after=2025-02-22 00:00:00+00:00
[2025-02-22T17:15:54.775+0000] {processor.py:208} INFO - Processing /home/airflow/.local/lib/python3.12/site-packages/airflow/example_dags/example_branch_labels.py took 0.061 seconds
[2025-02-22T17:16:25.039+0000] {processor.py:186} INFO - Started process (PID=117) to work on /home/airflow/.local/lib/python3.12/site-packages/airflow/example_dags/example_branch_labels.py
[2025-02-22T17:16:25.039+0000] {processor.py:914} INFO - Processing file /home/airflow/.local/lib/python3.12/site-packages/airflow/example_dags/example_branch_labels.py for tasks to queue
[2025-02-22T17:16:25.040+0000] {logging_mixin.py:190} INFO - [2025-02-22T17:16:25.040+0000] {dagbag.py:588} INFO - Filling up the DagBag from /home/airflow/.local/lib/python3.12/site-packages/airflow/example_dags/example_branch_labels.py
[2025-02-22T17:16:25.044+0000] {processor.py:925} INFO - DAG(s) 'example_branch_labels' retrieved from /home/airflow/.local/lib/python3.12/site-packages/airflow/example_dags/example_branch_labels.py
[2025-02-22T17:16:25.053+0000] {logging_mixin.py:190} INFO - [2025-02-22T17:16:25.053+0000] {dag.py:3239} INFO - Sync 1 DAGs
[2025-02-22T17:16:25.065+0000] {logging_mixin.py:190} INFO - [2025-02-22T17:16:25.064+0000] {dag.py:4180} INFO - Setting next_dagrun for example_branch_labels to 2025-02-21 00:00:00+00:00, run_after=2025-02-22 00:00:00+00:00
[2025-02-22T17:16:25.071+0000] {processor.py:208} INFO - Processing /home/airflow/.local/lib/python3.12/site-packages/airflow/example_dags/example_branch_labels.py took 0.035 seconds
[2025-02-22T17:16:55.271+0000] {processor.py:186} INFO - Started process (PID=180) to work on /home/airflow/.local/lib/python3.12/site-packages/airflow/example_dags/example_branch_labels.py
[2025-02-22T17:16:55.271+0000] {processor.py:914} INFO - Processing file /home/airflow/.local/lib/python3.12/site-packages/airflow/example_dags/example_branch_labels.py for tasks to queue
[2025-02-22T17:16:55.272+0000] {logging_mixin.py:190} INFO - [2025-02-22T17:16:55.272+0000] {dagbag.py:588} INFO - Filling up the DagBag from /home/airflow/.local/lib/python3.12/site-packages/airflow/example_dags/example_branch_labels.py
[2025-02-22T17:16:55.276+0000] {processor.py:925} INFO - DAG(s) 'example_branch_labels' retrieved from /home/airflow/.local/lib/python3.12/site-packages/airflow/example_dags/example_branch_labels.py
[2025-02-22T17:16:55.285+0000] {logging_mixin.py:190} INFO - [2025-02-22T17:16:55.285+0000] {dag.py:3239} INFO - Sync 1 DAGs
[2025-02-22T17:16:55.295+0000] {logging_mixin.py:190} INFO - [2025-02-22T17:16:55.295+0000] {dag.py:4180} INFO - Setting next_dagrun for example_branch_labels to 2025-02-21 00:00:00+00:00, run_after=2025-02-22 00:00:00+00:00
[2025-02-22T17:16:55.301+0000] {processor.py:208} INFO - Processing /home/airflow/.local/lib/python3.12/site-packages/airflow/example_dags/example_branch_labels.py took 0.032 seconds
[2025-02-22T17:17:25.312+0000] {processor.py:186} INFO - Started process (PID=242) to work on /home/airflow/.local/lib/python3.12/site-packages/airflow/example_dags/example_branch_labels.py
[2025-02-22T17:17:25.312+0000] {processor.py:914} INFO - Processing file /home/airflow/.local/lib/python3.12/site-packages/airflow/example_dags/example_branch_labels.py for tasks to queue
[2025-02-22T17:17:25.313+0000] {logging_mixin.py:190} INFO - [2025-02-22T17:17:25.313+0000] {dagbag.py:588} INFO - Filling up the DagBag from /home/airflow/.local/lib/python3.12/site-packages/airflow/example_dags/example_branch_labels.py
[2025-02-22T17:17:25.316+0000] {processor.py:925} INFO - DAG(s) 'example_branch_labels' retrieved from /home/airflow/.local/lib/python3.12/site-packages/airflow/example_dags/example_branch_labels.py
[2025-02-22T17:17:25.323+0000] {logging_mixin.py:190} INFO - [2025-02-22T17:17:25.323+0000] {dag.py:3239} INFO - Sync 1 DAGs
[2025-02-22T17:17:25.331+0000] {logging_mixin.py:190} INFO - [2025-02-22T17:17:25.331+0000] {dag.py:4180} INFO - Setting next_dagrun for example_branch_labels to 2025-02-21 00:00:00+00:00, run_after=2025-02-22 00:00:00+00:00
[2025-02-22T17:17:25.336+0000] {processor.py:208} INFO - Processing /home/airflow/.local/lib/python3.12/site-packages/airflow/example_dags/example_branch_labels.py took 0.026 seconds
[2025-02-22T17:17:55.506+0000] {processor.py:186} INFO - Started process (PID=305) to work on /home/airflow/.local/lib/python3.12/site-packages/airflow/example_dags/example_branch_labels.py
[2025-02-22T17:17:55.507+0000] {processor.py:914} INFO - Processing file /home/airflow/.local/lib/python3.12/site-packages/airflow/example_dags/example_branch_labels.py for tasks to queue
[2025-02-22T17:17:55.509+0000] {logging_mixin.py:190} INFO - [2025-02-22T17:17:55.509+0000] {dagbag.py:588} INFO - Filling up the DagBag from /home/airflow/.local/lib/python3.12/site-packages/airflow/example_dags/example_branch_labels.py
[2025-02-22T17:17:55.513+0000] {processor.py:925} INFO - DAG(s) 'example_branch_labels' retrieved from /home/airflow/.local/lib/python3.12/site-packages/airflow/example_dags/example_branch_labels.py
[2025-02-22T17:17:55.520+0000] {logging_mixin.py:190} INFO - [2025-02-22T17:17:55.520+0000] {dag.py:3239} INFO - Sync 1 DAGs
[2025-02-22T17:17:55.528+0000] {logging_mixin.py:190} INFO - [2025-02-22T17:17:55.528+0000] {dag.py:4180} INFO - Setting next_dagrun for example_branch_labels to 2025-02-21 00:00:00+00:00, run_after=2025-02-22 00:00:00+00:00
[2025-02-22T17:17:55.533+0000] {processor.py:208} INFO - Processing /home/airflow/.local/lib/python3.12/site-packages/airflow/example_dags/example_branch_labels.py took 0.029 seconds
[2025-02-22T17:18:25.768+0000] {processor.py:186} INFO - Started process (PID=368) to work on /home/airflow/.local/lib/python3.12/site-packages/airflow/example_dags/example_branch_labels.py
[2025-02-22T17:18:25.768+0000] {processor.py:914} INFO - Processing file /home/airflow/.local/lib/python3.12/site-packages/airflow/example_dags/example_branch_labels.py for tasks to queue
[2025-02-22T17:18:25.770+0000] {logging_mixin.py:190} INFO - [2025-02-22T17:18:25.770+0000] {dagbag.py:588} INFO - Filling up the DagBag from /home/airflow/.local/lib/python3.12/site-packages/airflow/example_dags/example_branch_labels.py
[2025-02-22T17:18:25.774+0000] {processor.py:925} INFO - DAG(s) 'example_branch_labels' retrieved from /home/airflow/.local/lib/python3.12/site-packages/airflow/example_dags/example_branch_labels.py
[2025-02-22T17:18:25.781+0000] {logging_mixin.py:190} INFO - [2025-02-22T17:18:25.781+0000] {dag.py:3239} INFO - Sync 1 DAGs
[2025-02-22T17:18:25.788+0000] {logging_mixin.py:190} INFO - [2025-02-22T17:18:25.788+0000] {dag.py:4180} INFO - Setting next_dagrun for example_branch_labels to 2025-02-21 00:00:00+00:00, run_after=2025-02-22 00:00:00+00:00
[2025-02-22T17:18:25.793+0000] {processor.py:208} INFO - Processing /home/airflow/.local/lib/python3.12/site-packages/airflow/example_dags/example_branch_labels.py took 0.028 seconds
[2025-02-22T17:18:55.840+0000] {processor.py:186} INFO - Started process (PID=431) to work on /home/airflow/.local/lib/python3.12/site-packages/airflow/example_dags/example_branch_labels.py
[2025-02-22T17:18:55.842+0000] {processor.py:914} INFO - Processing file /home/airflow/.local/lib/python3.12/site-packages/airflow/example_dags/example_branch_labels.py for tasks to queue
[2025-02-22T17:18:55.843+0000] {logging_mixin.py:190} INFO - [2025-02-22T17:18:55.842+0000] {dagbag.py:588} INFO - Filling up the DagBag from /home/airflow/.local/lib/python3.12/site-packages/airflow/example_dags/example_branch_labels.py
[2025-02-22T17:18:55.846+0000] {processor.py:925} INFO - DAG(s) 'example_branch_labels' retrieved from /home/airflow/.local/lib/python3.12/site-packages/airflow/example_dags/example_branch_labels.py
[2025-02-22T17:18:55.856+0000] {logging_mixin.py:190} INFO - [2025-02-22T17:18:55.856+0000] {dag.py:3239} INFO - Sync 1 DAGs
[2025-02-22T17:18:55.864+0000] {logging_mixin.py:190} INFO - [2025-02-22T17:18:55.864+0000] {dag.py:4180} INFO - Setting next_dagrun for example_branch_labels to 2025-02-21 00:00:00+00:00, run_after=2025-02-22 00:00:00+00:00
[2025-02-22T17:18:55.869+0000] {processor.py:208} INFO - Processing /home/airflow/.local/lib/python3.12/site-packages/airflow/example_dags/example_branch_labels.py took 0.030 seconds
[2025-02-22T17:19:25.934+0000] {processor.py:186} INFO - Started process (PID=494) to work on /home/airflow/.local/lib/python3.12/site-packages/airflow/example_dags/example_branch_labels.py
[2025-02-22T17:19:25.935+0000] {processor.py:914} INFO - Processing file /home/airflow/.local/lib/python3.12/site-packages/airflow/example_dags/example_branch_labels.py for tasks to queue
[2025-02-22T17:19:25.936+0000] {logging_mixin.py:190} INFO - [2025-02-22T17:19:25.936+0000] {dagbag.py:588} INFO - Filling up the DagBag from /home/airflow/.local/lib/python3.12/site-packages/airflow/example_dags/example_branch_labels.py
[2025-02-22T17:19:25.941+0000] {processor.py:925} INFO - DAG(s) 'example_branch_labels' retrieved from /home/airflow/.local/lib/python3.12/site-packages/airflow/example_dags/example_branch_labels.py
[2025-02-22T17:19:25.950+0000] {logging_mixin.py:190} INFO - [2025-02-22T17:19:25.950+0000] {dag.py:3239} INFO - Sync 1 DAGs
[2025-02-22T17:19:25.957+0000] {logging_mixin.py:190} INFO - [2025-02-22T17:19:25.957+0000] {dag.py:4180} INFO - Setting next_dagrun for example_branch_labels to 2025-02-21 00:00:00+00:00, run_after=2025-02-22 00:00:00+00:00
[2025-02-22T17:19:25.962+0000] {processor.py:208} INFO - Processing /home/airflow/.local/lib/python3.12/site-packages/airflow/example_dags/example_branch_labels.py took 0.031 seconds
[2025-02-22T17:19:56.071+0000] {processor.py:186} INFO - Started process (PID=557) to work on /home/airflow/.local/lib/python3.12/site-packages/airflow/example_dags/example_branch_labels.py
[2025-02-22T17:19:56.071+0000] {processor.py:914} INFO - Processing file /home/airflow/.local/lib/python3.12/site-packages/airflow/example_dags/example_branch_labels.py for tasks to queue
[2025-02-22T17:19:56.073+0000] {logging_mixin.py:190} INFO - [2025-02-22T17:19:56.073+0000] {dagbag.py:588} INFO - Filling up the DagBag from /home/airflow/.local/lib/python3.12/site-packages/airflow/example_dags/example_branch_labels.py
[2025-02-22T17:19:56.079+0000] {processor.py:925} INFO - DAG(s) 'example_branch_labels' retrieved from /home/airflow/.local/lib/python3.12/site-packages/airflow/example_dags/example_branch_labels.py
[2025-02-22T17:19:56.086+0000] {logging_mixin.py:190} INFO - [2025-02-22T17:19:56.086+0000] {dag.py:3239} INFO - Sync 1 DAGs
[2025-02-22T17:19:56.094+0000] {logging_mixin.py:190} INFO - [2025-02-22T17:19:56.094+0000] {dag.py:4180} INFO - Setting next_dagrun for example_branch_labels to 2025-02-21 00:00:00+00:00, run_after=2025-02-22 00:00:00+00:00
[2025-02-22T17:19:56.099+0000] {processor.py:208} INFO - Processing /home/airflow/.local/lib/python3.12/site-packages/airflow/example_dags/example_branch_labels.py took 0.036 seconds
[2025-02-22T17:20:26.202+0000] {processor.py:186} INFO - Started process (PID=620) to work on /home/airflow/.local/lib/python3.12/site-packages/airflow/example_dags/example_branch_labels.py
[2025-02-22T17:20:26.202+0000] {processor.py:914} INFO - Processing file /home/airflow/.local/lib/python3.12/site-packages/airflow/example_dags/example_branch_labels.py for tasks to queue
[2025-02-22T17:20:26.204+0000] {logging_mixin.py:190} INFO - [2025-02-22T17:20:26.204+0000] {dagbag.py:588} INFO - Filling up the DagBag from /home/airflow/.local/lib/python3.12/site-packages/airflow/example_dags/example_branch_labels.py
[2025-02-22T17:20:26.208+0000] {processor.py:925} INFO - DAG(s) 'example_branch_labels' retrieved from /home/airflow/.local/lib/python3.12/site-packages/airflow/example_dags/example_branch_labels.py
[2025-02-22T17:20:26.215+0000] {logging_mixin.py:190} INFO - [2025-02-22T17:20:26.215+0000] {dag.py:3239} INFO - Sync 1 DAGs
[2025-02-22T17:20:26.222+0000] {logging_mixin.py:190} INFO - [2025-02-22T17:20:26.222+0000] {dag.py:4180} INFO - Setting next_dagrun for example_branch_labels to 2025-02-21 00:00:00+00:00, run_after=2025-02-22 00:00:00+00:00
[2025-02-22T17:20:26.227+0000] {processor.py:208} INFO - Processing /home/airflow/.local/lib/python3.12/site-packages/airflow/example_dags/example_branch_labels.py took 0.028 seconds
[2025-02-22T17:20:56.386+0000] {processor.py:186} INFO - Started process (PID=682) to work on /home/airflow/.local/lib/python3.12/site-packages/airflow/example_dags/example_branch_labels.py
[2025-02-22T17:20:56.386+0000] {processor.py:914} INFO - Processing file /home/airflow/.local/lib/python3.12/site-packages/airflow/example_dags/example_branch_labels.py for tasks to queue
[2025-02-22T17:20:56.387+0000] {logging_mixin.py:190} INFO - [2025-02-22T17:20:56.387+0000] {dagbag.py:588} INFO - Filling up the DagBag from /home/airflow/.local/lib/python3.12/site-packages/airflow/example_dags/example_branch_labels.py
[2025-02-22T17:20:56.391+0000] {processor.py:925} INFO - DAG(s) 'example_branch_labels' retrieved from /home/airflow/.local/lib/python3.12/site-packages/airflow/example_dags/example_branch_labels.py
[2025-02-22T17:20:56.399+0000] {logging_mixin.py:190} INFO - [2025-02-22T17:20:56.399+0000] {dag.py:3239} INFO - Sync 1 DAGs
[2025-02-22T17:20:56.406+0000] {logging_mixin.py:190} INFO - [2025-02-22T17:20:56.406+0000] {dag.py:4180} INFO - Setting next_dagrun for example_branch_labels to 2025-02-21 00:00:00+00:00, run_after=2025-02-22 00:00:00+00:00
[2025-02-22T17:20:56.411+0000] {processor.py:208} INFO - Processing /home/airflow/.local/lib/python3.12/site-packages/airflow/example_dags/example_branch_labels.py took 0.027 seconds
[2025-02-22T17:21:26.588+0000] {processor.py:186} INFO - Started process (PID=745) to work on /home/airflow/.local/lib/python3.12/site-packages/airflow/example_dags/example_branch_labels.py
[2025-02-22T17:21:26.588+0000] {processor.py:914} INFO - Processing file /home/airflow/.local/lib/python3.12/site-packages/airflow/example_dags/example_branch_labels.py for tasks to queue
[2025-02-22T17:21:26.589+0000] {logging_mixin.py:190} INFO - [2025-02-22T17:21:26.589+0000] {dagbag.py:588} INFO - Filling up the DagBag from /home/airflow/.local/lib/python3.12/site-packages/airflow/example_dags/example_branch_labels.py
[2025-02-22T17:21:26.594+0000] {processor.py:925} INFO - DAG(s) 'example_branch_labels' retrieved from /home/airflow/.local/lib/python3.12/site-packages/airflow/example_dags/example_branch_labels.py
[2025-02-22T17:21:26.601+0000] {logging_mixin.py:190} INFO - [2025-02-22T17:21:26.601+0000] {dag.py:3239} INFO - Sync 1 DAGs
[2025-02-22T17:21:26.609+0000] {logging_mixin.py:190} INFO - [2025-02-22T17:21:26.609+0000] {dag.py:4180} INFO - Setting next_dagrun for example_branch_labels to 2025-02-21 00:00:00+00:00, run_after=2025-02-22 00:00:00+00:00
[2025-02-22T17:21:26.615+0000] {processor.py:208} INFO - Processing /home/airflow/.local/lib/python3.12/site-packages/airflow/example_dags/example_branch_labels.py took 0.029 seconds
[2025-02-22T17:21:56.818+0000] {processor.py:186} INFO - Started process (PID=808) to work on /home/airflow/.local/lib/python3.12/site-packages/airflow/example_dags/example_branch_labels.py
[2025-02-22T17:21:56.820+0000] {processor.py:914} INFO - Processing file /home/airflow/.local/lib/python3.12/site-packages/airflow/example_dags/example_branch_labels.py for tasks to queue
[2025-02-22T17:21:56.821+0000] {logging_mixin.py:190} INFO - [2025-02-22T17:21:56.820+0000] {dagbag.py:588} INFO - Filling up the DagBag from /home/airflow/.local/lib/python3.12/site-packages/airflow/example_dags/example_branch_labels.py
[2025-02-22T17:21:56.824+0000] {processor.py:925} INFO - DAG(s) 'example_branch_labels' retrieved from /home/airflow/.local/lib/python3.12/site-packages/airflow/example_dags/example_branch_labels.py
[2025-02-22T17:21:56.831+0000] {logging_mixin.py:190} INFO - [2025-02-22T17:21:56.831+0000] {dag.py:3239} INFO - Sync 1 DAGs
[2025-02-22T17:21:56.838+0000] {logging_mixin.py:190} INFO - [2025-02-22T17:21:56.838+0000] {dag.py:4180} INFO - Setting next_dagrun for example_branch_labels to 2025-02-21 00:00:00+00:00, run_after=2025-02-22 00:00:00+00:00
[2025-02-22T17:21:56.843+0000] {processor.py:208} INFO - Processing /home/airflow/.local/lib/python3.12/site-packages/airflow/example_dags/example_branch_labels.py took 0.027 seconds
[2025-02-22T17:22:27.037+0000] {processor.py:186} INFO - Started process (PID=871) to work on /home/airflow/.local/lib/python3.12/site-packages/airflow/example_dags/example_branch_labels.py
[2025-02-22T17:22:27.038+0000] {processor.py:914} INFO - Processing file /home/airflow/.local/lib/python3.12/site-packages/airflow/example_dags/example_branch_labels.py for tasks to queue
[2025-02-22T17:22:27.039+0000] {logging_mixin.py:190} INFO - [2025-02-22T17:22:27.039+0000] {dagbag.py:588} INFO - Filling up the DagBag from /home/airflow/.local/lib/python3.12/site-packages/airflow/example_dags/example_branch_labels.py
[2025-02-22T17:22:27.043+0000] {processor.py:925} INFO - DAG(s) 'example_branch_labels' retrieved from /home/airflow/.local/lib/python3.12/site-packages/airflow/example_dags/example_branch_labels.py
[2025-02-22T17:22:27.049+0000] {logging_mixin.py:190} INFO - [2025-02-22T17:22:27.049+0000] {dag.py:3239} INFO - Sync 1 DAGs
[2025-02-22T17:22:27.056+0000] {logging_mixin.py:190} INFO - [2025-02-22T17:22:27.056+0000] {dag.py:4180} INFO - Setting next_dagrun for example_branch_labels to 2025-02-21 00:00:00+00:00, run_after=2025-02-22 00:00:00+00:00
[2025-02-22T17:22:27.062+0000] {processor.py:208} INFO - Processing /home/airflow/.local/lib/python3.12/site-packages/airflow/example_dags/example_branch_labels.py took 0.027 seconds
[2025-02-22T17:22:57.287+0000] {processor.py:186} INFO - Started process (PID=934) to work on /home/airflow/.local/lib/python3.12/site-packages/airflow/example_dags/example_branch_labels.py
[2025-02-22T17:22:57.288+0000] {processor.py:914} INFO - Processing file /home/airflow/.local/lib/python3.12/site-packages/airflow/example_dags/example_branch_labels.py for tasks to queue
[2025-02-22T17:22:57.290+0000] {logging_mixin.py:190} INFO - [2025-02-22T17:22:57.290+0000] {dagbag.py:588} INFO - Filling up the DagBag from /home/airflow/.local/lib/python3.12/site-packages/airflow/example_dags/example_branch_labels.py
[2025-02-22T17:22:57.294+0000] {processor.py:925} INFO - DAG(s) 'example_branch_labels' retrieved from /home/airflow/.local/lib/python3.12/site-packages/airflow/example_dags/example_branch_labels.py
[2025-02-22T17:22:57.300+0000] {logging_mixin.py:190} INFO - [2025-02-22T17:22:57.300+0000] {dag.py:3239} INFO - Sync 1 DAGs
[2025-02-22T17:22:57.307+0000] {logging_mixin.py:190} INFO - [2025-02-22T17:22:57.307+0000] {dag.py:4180} INFO - Setting next_dagrun for example_branch_labels to 2025-02-21 00:00:00+00:00, run_after=2025-02-22 00:00:00+00:00
[2025-02-22T17:22:57.313+0000] {processor.py:208} INFO - Processing /home/airflow/.local/lib/python3.12/site-packages/airflow/example_dags/example_branch_labels.py took 0.027 seconds
[2025-02-22T17:23:27.483+0000] {processor.py:186} INFO - Started process (PID=997) to work on /home/airflow/.local/lib/python3.12/site-packages/airflow/example_dags/example_branch_labels.py
[2025-02-22T17:23:27.483+0000] {processor.py:914} INFO - Processing file /home/airflow/.local/lib/python3.12/site-packages/airflow/example_dags/example_branch_labels.py for tasks to queue
[2025-02-22T17:23:27.485+0000] {logging_mixin.py:190} INFO - [2025-02-22T17:23:27.485+0000] {dagbag.py:588} INFO - Filling up the DagBag from /home/airflow/.local/lib/python3.12/site-packages/airflow/example_dags/example_branch_labels.py
[2025-02-22T17:23:27.489+0000] {processor.py:925} INFO - DAG(s) 'example_branch_labels' retrieved from /home/airflow/.local/lib/python3.12/site-packages/airflow/example_dags/example_branch_labels.py
[2025-02-22T17:23:27.496+0000] {logging_mixin.py:190} INFO - [2025-02-22T17:23:27.496+0000] {dag.py:3239} INFO - Sync 1 DAGs
[2025-02-22T17:23:27.503+0000] {logging_mixin.py:190} INFO - [2025-02-22T17:23:27.503+0000] {dag.py:4180} INFO - Setting next_dagrun for example_branch_labels to 2025-02-21 00:00:00+00:00, run_after=2025-02-22 00:00:00+00:00
[2025-02-22T17:23:27.508+0000] {processor.py:208} INFO - Processing /home/airflow/.local/lib/python3.12/site-packages/airflow/example_dags/example_branch_labels.py took 0.028 seconds
[2025-02-22T17:23:57.796+0000] {processor.py:186} INFO - Started process (PID=1060) to work on /home/airflow/.local/lib/python3.12/site-packages/airflow/example_dags/example_branch_labels.py
[2025-02-22T17:23:57.799+0000] {processor.py:914} INFO - Processing file /home/airflow/.local/lib/python3.12/site-packages/airflow/example_dags/example_branch_labels.py for tasks to queue
[2025-02-22T17:23:57.799+0000] {logging_mixin.py:190} INFO - [2025-02-22T17:23:57.799+0000] {dagbag.py:588} INFO - Filling up the DagBag from /home/airflow/.local/lib/python3.12/site-packages/airflow/example_dags/example_branch_labels.py
[2025-02-22T17:23:57.803+0000] {processor.py:925} INFO - DAG(s) 'example_branch_labels' retrieved from /home/airflow/.local/lib/python3.12/site-packages/airflow/example_dags/example_branch_labels.py
[2025-02-22T17:23:57.813+0000] {logging_mixin.py:190} INFO - [2025-02-22T17:23:57.813+0000] {dag.py:3239} INFO - Sync 1 DAGs
[2025-02-22T17:23:57.820+0000] {logging_mixin.py:190} INFO - [2025-02-22T17:23:57.820+0000] {dag.py:4180} INFO - Setting next_dagrun for example_branch_labels to 2025-02-21 00:00:00+00:00, run_after=2025-02-22 00:00:00+00:00
[2025-02-22T17:23:57.825+0000] {processor.py:208} INFO - Processing /home/airflow/.local/lib/python3.12/site-packages/airflow/example_dags/example_branch_labels.py took 0.031 seconds
[2025-02-22T17:24:27.997+0000] {processor.py:186} INFO - Started process (PID=1123) to work on /home/airflow/.local/lib/python3.12/site-packages/airflow/example_dags/example_branch_labels.py
[2025-02-22T17:24:27.997+0000] {processor.py:914} INFO - Processing file /home/airflow/.local/lib/python3.12/site-packages/airflow/example_dags/example_branch_labels.py for tasks to queue
[2025-02-22T17:24:27.998+0000] {logging_mixin.py:190} INFO - [2025-02-22T17:24:27.998+0000] {dagbag.py:588} INFO - Filling up the DagBag from /home/airflow/.local/lib/python3.12/site-packages/airflow/example_dags/example_branch_labels.py
[2025-02-22T17:24:28.004+0000] {processor.py:925} INFO - DAG(s) 'example_branch_labels' retrieved from /home/airflow/.local/lib/python3.12/site-packages/airflow/example_dags/example_branch_labels.py
[2025-02-22T17:24:28.011+0000] {logging_mixin.py:190} INFO - [2025-02-22T17:24:28.011+0000] {dag.py:3239} INFO - Sync 1 DAGs
[2025-02-22T17:24:28.019+0000] {logging_mixin.py:190} INFO - [2025-02-22T17:24:28.019+0000] {dag.py:4180} INFO - Setting next_dagrun for example_branch_labels to 2025-02-21 00:00:00+00:00, run_after=2025-02-22 00:00:00+00:00
[2025-02-22T17:24:28.024+0000] {processor.py:208} INFO - Processing /home/airflow/.local/lib/python3.12/site-packages/airflow/example_dags/example_branch_labels.py took 0.030 seconds
[2025-02-22T17:24:58.212+0000] {processor.py:186} INFO - Started process (PID=1185) to work on /home/airflow/.local/lib/python3.12/site-packages/airflow/example_dags/example_branch_labels.py
[2025-02-22T17:24:58.213+0000] {processor.py:914} INFO - Processing file /home/airflow/.local/lib/python3.12/site-packages/airflow/example_dags/example_branch_labels.py for tasks to queue
[2025-02-22T17:24:58.214+0000] {logging_mixin.py:190} INFO - [2025-02-22T17:24:58.214+0000] {dagbag.py:588} INFO - Filling up the DagBag from /home/airflow/.local/lib/python3.12/site-packages/airflow/example_dags/example_branch_labels.py
[2025-02-22T17:24:58.219+0000] {processor.py:925} INFO - DAG(s) 'example_branch_labels' retrieved from /home/airflow/.local/lib/python3.12/site-packages/airflow/example_dags/example_branch_labels.py
[2025-02-22T17:24:58.227+0000] {logging_mixin.py:190} INFO - [2025-02-22T17:24:58.227+0000] {dag.py:3239} INFO - Sync 1 DAGs
[2025-02-22T17:24:58.235+0000] {logging_mixin.py:190} INFO - [2025-02-22T17:24:58.234+0000] {dag.py:4180} INFO - Setting next_dagrun for example_branch_labels to 2025-02-21 00:00:00+00:00, run_after=2025-02-22 00:00:00+00:00
[2025-02-22T17:24:58.240+0000] {processor.py:208} INFO - Processing /home/airflow/.local/lib/python3.12/site-packages/airflow/example_dags/example_branch_labels.py took 0.030 seconds
[2025-02-22T17:25:28.500+0000] {processor.py:186} INFO - Started process (PID=1248) to work on /home/airflow/.local/lib/python3.12/site-packages/airflow/example_dags/example_branch_labels.py
[2025-02-22T17:25:28.501+0000] {processor.py:914} INFO - Processing file /home/airflow/.local/lib/python3.12/site-packages/airflow/example_dags/example_branch_labels.py for tasks to queue
[2025-02-22T17:25:28.502+0000] {logging_mixin.py:190} INFO - [2025-02-22T17:25:28.502+0000] {dagbag.py:588} INFO - Filling up the DagBag from /home/airflow/.local/lib/python3.12/site-packages/airflow/example_dags/example_branch_labels.py
[2025-02-22T17:25:28.508+0000] {processor.py:925} INFO - DAG(s) 'example_branch_labels' retrieved from /home/airflow/.local/lib/python3.12/site-packages/airflow/example_dags/example_branch_labels.py
[2025-02-22T17:25:28.516+0000] {logging_mixin.py:190} INFO - [2025-02-22T17:25:28.516+0000] {dag.py:3239} INFO - Sync 1 DAGs
[2025-02-22T17:25:28.523+0000] {logging_mixin.py:190} INFO - [2025-02-22T17:25:28.523+0000] {dag.py:4180} INFO - Setting next_dagrun for example_branch_labels to 2025-02-21 00:00:00+00:00, run_after=2025-02-22 00:00:00+00:00
[2025-02-22T17:25:28.529+0000] {processor.py:208} INFO - Processing /home/airflow/.local/lib/python3.12/site-packages/airflow/example_dags/example_branch_labels.py took 0.031 seconds
[2025-02-22T17:25:58.756+0000] {processor.py:186} INFO - Started process (PID=1311) to work on /home/airflow/.local/lib/python3.12/site-packages/airflow/example_dags/example_branch_labels.py
[2025-02-22T17:25:58.757+0000] {processor.py:914} INFO - Processing file /home/airflow/.local/lib/python3.12/site-packages/airflow/example_dags/example_branch_labels.py for tasks to queue
[2025-02-22T17:25:58.758+0000] {logging_mixin.py:190} INFO - [2025-02-22T17:25:58.757+0000] {dagbag.py:588} INFO - Filling up the DagBag from /home/airflow/.local/lib/python3.12/site-packages/airflow/example_dags/example_branch_labels.py
[2025-02-22T17:25:58.761+0000] {processor.py:925} INFO - DAG(s) 'example_branch_labels' retrieved from /home/airflow/.local/lib/python3.12/site-packages/airflow/example_dags/example_branch_labels.py
[2025-02-22T17:25:58.769+0000] {logging_mixin.py:190} INFO - [2025-02-22T17:25:58.769+0000] {dag.py:3239} INFO - Sync 1 DAGs
[2025-02-22T17:25:58.776+0000] {logging_mixin.py:190} INFO - [2025-02-22T17:25:58.776+0000] {dag.py:4180} INFO - Setting next_dagrun for example_branch_labels to 2025-02-21 00:00:00+00:00, run_after=2025-02-22 00:00:00+00:00
[2025-02-22T17:25:58.782+0000] {processor.py:208} INFO - Processing /home/airflow/.local/lib/python3.12/site-packages/airflow/example_dags/example_branch_labels.py took 0.028 seconds
[2025-02-22T17:26:28.934+0000] {processor.py:186} INFO - Started process (PID=1374) to work on /home/airflow/.local/lib/python3.12/site-packages/airflow/example_dags/example_branch_labels.py
[2025-02-22T17:26:28.935+0000] {processor.py:914} INFO - Processing file /home/airflow/.local/lib/python3.12/site-packages/airflow/example_dags/example_branch_labels.py for tasks to queue
[2025-02-22T17:26:28.936+0000] {logging_mixin.py:190} INFO - [2025-02-22T17:26:28.936+0000] {dagbag.py:588} INFO - Filling up the DagBag from /home/airflow/.local/lib/python3.12/site-packages/airflow/example_dags/example_branch_labels.py
[2025-02-22T17:26:28.940+0000] {processor.py:925} INFO - DAG(s) 'example_branch_labels' retrieved from /home/airflow/.local/lib/python3.12/site-packages/airflow/example_dags/example_branch_labels.py
[2025-02-22T17:26:28.946+0000] {logging_mixin.py:190} INFO - [2025-02-22T17:26:28.946+0000] {dag.py:3239} INFO - Sync 1 DAGs
[2025-02-22T17:26:28.957+0000] {logging_mixin.py:190} INFO - [2025-02-22T17:26:28.957+0000] {dag.py:4180} INFO - Setting next_dagrun for example_branch_labels to 2025-02-21 00:00:00+00:00, run_after=2025-02-22 00:00:00+00:00
[2025-02-22T17:26:28.965+0000] {processor.py:208} INFO - Processing /home/airflow/.local/lib/python3.12/site-packages/airflow/example_dags/example_branch_labels.py took 0.033 seconds
