[2025-02-22T17:05:25.659+0000] {processor.py:186} INFO - Started process (PID=55) to work on /home/airflow/.local/lib/python3.12/site-packages/airflow/example_dags/example_python_operator.py
[2025-02-22T17:05:25.660+0000] {processor.py:914} INFO - Processing file /home/airflow/.local/lib/python3.12/site-packages/airflow/example_dags/example_python_operator.py for tasks to queue
[2025-02-22T17:05:25.661+0000] {logging_mixin.py:190} INFO - [2025-02-22T17:05:25.660+0000] {dagbag.py:588} INFO - Filling up the DagBag from /home/airflow/.local/lib/python3.12/site-packages/airflow/example_dags/example_python_operator.py
[2025-02-22T17:05:25.669+0000] {processor.py:925} INFO - DAG(s) 'example_python_operator' retrieved from /home/airflow/.local/lib/python3.12/site-packages/airflow/example_dags/example_python_operator.py
[2025-02-22T17:05:25.716+0000] {logging_mixin.py:190} INFO - [2025-02-22T17:05:25.715+0000] {override.py:1912} INFO - Created Permission View: can edit on DAG:example_python_operator
[2025-02-22T17:05:25.719+0000] {logging_mixin.py:190} INFO - [2025-02-22T17:05:25.719+0000] {override.py:1912} INFO - Created Permission View: can delete on DAG:example_python_operator
[2025-02-22T17:05:25.721+0000] {logging_mixin.py:190} INFO - [2025-02-22T17:05:25.721+0000] {override.py:1912} INFO - Created Permission View: can read on DAG:example_python_operator
[2025-02-22T17:05:25.723+0000] {logging_mixin.py:190} INFO - [2025-02-22T17:05:25.723+0000] {override.py:1912} INFO - Created Permission View: menu access on DAG Run:example_python_operator
[2025-02-22T17:05:25.725+0000] {logging_mixin.py:190} INFO - [2025-02-22T17:05:25.725+0000] {override.py:1912} INFO - Created Permission View: can create on DAG Run:example_python_operator
[2025-02-22T17:05:25.727+0000] {logging_mixin.py:190} INFO - [2025-02-22T17:05:25.727+0000] {override.py:1912} INFO - Created Permission View: can delete on DAG Run:example_python_operator
[2025-02-22T17:05:25.729+0000] {logging_mixin.py:190} INFO - [2025-02-22T17:05:25.729+0000] {override.py:1912} INFO - Created Permission View: can read on DAG Run:example_python_operator
[2025-02-22T17:05:25.729+0000] {logging_mixin.py:190} INFO - [2025-02-22T17:05:25.729+0000] {dag.py:3239} INFO - Sync 1 DAGs
[2025-02-22T17:05:25.734+0000] {logging_mixin.py:190} INFO - [2025-02-22T17:05:25.734+0000] {dag.py:3262} INFO - Creating ORM DAG for example_python_operator
[2025-02-22T17:05:25.735+0000] {logging_mixin.py:190} INFO - [2025-02-22T17:05:25.735+0000] {dag.py:4180} INFO - Setting next_dagrun for example_python_operator to None, run_after=None
[2025-02-22T17:05:25.742+0000] {processor.py:208} INFO - Processing /home/airflow/.local/lib/python3.12/site-packages/airflow/example_dags/example_python_operator.py took 0.085 seconds
[2025-02-22T17:05:56.036+0000] {processor.py:186} INFO - Started process (PID=117) to work on /home/airflow/.local/lib/python3.12/site-packages/airflow/example_dags/example_python_operator.py
[2025-02-22T17:05:56.039+0000] {processor.py:914} INFO - Processing file /home/airflow/.local/lib/python3.12/site-packages/airflow/example_dags/example_python_operator.py for tasks to queue
[2025-02-22T17:05:56.043+0000] {logging_mixin.py:190} INFO - [2025-02-22T17:05:56.042+0000] {dagbag.py:588} INFO - Filling up the DagBag from /home/airflow/.local/lib/python3.12/site-packages/airflow/example_dags/example_python_operator.py
[2025-02-22T17:05:56.047+0000] {processor.py:925} INFO - DAG(s) 'example_python_operator' retrieved from /home/airflow/.local/lib/python3.12/site-packages/airflow/example_dags/example_python_operator.py
[2025-02-22T17:05:56.056+0000] {logging_mixin.py:190} INFO - [2025-02-22T17:05:56.056+0000] {dag.py:3239} INFO - Sync 1 DAGs
[2025-02-22T17:05:56.060+0000] {logging_mixin.py:190} INFO - [2025-02-22T17:05:56.060+0000] {dag.py:4180} INFO - Setting next_dagrun for example_python_operator to None, run_after=None
[2025-02-22T17:05:56.066+0000] {processor.py:208} INFO - Processing /home/airflow/.local/lib/python3.12/site-packages/airflow/example_dags/example_python_operator.py took 0.032 seconds
[2025-02-22T17:06:26.145+0000] {processor.py:186} INFO - Started process (PID=180) to work on /home/airflow/.local/lib/python3.12/site-packages/airflow/example_dags/example_python_operator.py
[2025-02-22T17:06:26.147+0000] {processor.py:914} INFO - Processing file /home/airflow/.local/lib/python3.12/site-packages/airflow/example_dags/example_python_operator.py for tasks to queue
[2025-02-22T17:06:26.148+0000] {logging_mixin.py:190} INFO - [2025-02-22T17:06:26.148+0000] {dagbag.py:588} INFO - Filling up the DagBag from /home/airflow/.local/lib/python3.12/site-packages/airflow/example_dags/example_python_operator.py
[2025-02-22T17:06:26.153+0000] {processor.py:925} INFO - DAG(s) 'example_python_operator' retrieved from /home/airflow/.local/lib/python3.12/site-packages/airflow/example_dags/example_python_operator.py
[2025-02-22T17:06:26.162+0000] {logging_mixin.py:190} INFO - [2025-02-22T17:06:26.162+0000] {dag.py:3239} INFO - Sync 1 DAGs
[2025-02-22T17:06:26.167+0000] {logging_mixin.py:190} INFO - [2025-02-22T17:06:26.167+0000] {dag.py:4180} INFO - Setting next_dagrun for example_python_operator to None, run_after=None
[2025-02-22T17:06:26.173+0000] {processor.py:208} INFO - Processing /home/airflow/.local/lib/python3.12/site-packages/airflow/example_dags/example_python_operator.py took 0.030 seconds
[2025-02-22T17:06:56.311+0000] {processor.py:186} INFO - Started process (PID=242) to work on /home/airflow/.local/lib/python3.12/site-packages/airflow/example_dags/example_python_operator.py
[2025-02-22T17:06:56.314+0000] {processor.py:914} INFO - Processing file /home/airflow/.local/lib/python3.12/site-packages/airflow/example_dags/example_python_operator.py for tasks to queue
[2025-02-22T17:06:56.318+0000] {logging_mixin.py:190} INFO - [2025-02-22T17:06:56.318+0000] {dagbag.py:588} INFO - Filling up the DagBag from /home/airflow/.local/lib/python3.12/site-packages/airflow/example_dags/example_python_operator.py
[2025-02-22T17:06:56.323+0000] {processor.py:925} INFO - DAG(s) 'example_python_operator' retrieved from /home/airflow/.local/lib/python3.12/site-packages/airflow/example_dags/example_python_operator.py
[2025-02-22T17:06:56.331+0000] {logging_mixin.py:190} INFO - [2025-02-22T17:06:56.331+0000] {dag.py:3239} INFO - Sync 1 DAGs
[2025-02-22T17:06:56.336+0000] {logging_mixin.py:190} INFO - [2025-02-22T17:06:56.336+0000] {dag.py:4180} INFO - Setting next_dagrun for example_python_operator to None, run_after=None
[2025-02-22T17:06:56.342+0000] {processor.py:208} INFO - Processing /home/airflow/.local/lib/python3.12/site-packages/airflow/example_dags/example_python_operator.py took 0.033 seconds
[2025-02-22T17:07:26.385+0000] {processor.py:186} INFO - Started process (PID=305) to work on /home/airflow/.local/lib/python3.12/site-packages/airflow/example_dags/example_python_operator.py
[2025-02-22T17:07:26.386+0000] {processor.py:914} INFO - Processing file /home/airflow/.local/lib/python3.12/site-packages/airflow/example_dags/example_python_operator.py for tasks to queue
[2025-02-22T17:07:26.388+0000] {logging_mixin.py:190} INFO - [2025-02-22T17:07:26.388+0000] {dagbag.py:588} INFO - Filling up the DagBag from /home/airflow/.local/lib/python3.12/site-packages/airflow/example_dags/example_python_operator.py
[2025-02-22T17:07:26.393+0000] {processor.py:925} INFO - DAG(s) 'example_python_operator' retrieved from /home/airflow/.local/lib/python3.12/site-packages/airflow/example_dags/example_python_operator.py
[2025-02-22T17:07:26.403+0000] {logging_mixin.py:190} INFO - [2025-02-22T17:07:26.403+0000] {dag.py:3239} INFO - Sync 1 DAGs
[2025-02-22T17:07:26.408+0000] {logging_mixin.py:190} INFO - [2025-02-22T17:07:26.408+0000] {dag.py:4180} INFO - Setting next_dagrun for example_python_operator to None, run_after=None
[2025-02-22T17:07:26.414+0000] {processor.py:208} INFO - Processing /home/airflow/.local/lib/python3.12/site-packages/airflow/example_dags/example_python_operator.py took 0.032 seconds
[2025-02-22T17:07:56.481+0000] {processor.py:186} INFO - Started process (PID=367) to work on /home/airflow/.local/lib/python3.12/site-packages/airflow/example_dags/example_python_operator.py
[2025-02-22T17:07:56.483+0000] {processor.py:914} INFO - Processing file /home/airflow/.local/lib/python3.12/site-packages/airflow/example_dags/example_python_operator.py for tasks to queue
[2025-02-22T17:07:56.484+0000] {logging_mixin.py:190} INFO - [2025-02-22T17:07:56.484+0000] {dagbag.py:588} INFO - Filling up the DagBag from /home/airflow/.local/lib/python3.12/site-packages/airflow/example_dags/example_python_operator.py
[2025-02-22T17:07:56.489+0000] {processor.py:925} INFO - DAG(s) 'example_python_operator' retrieved from /home/airflow/.local/lib/python3.12/site-packages/airflow/example_dags/example_python_operator.py
[2025-02-22T17:07:56.497+0000] {logging_mixin.py:190} INFO - [2025-02-22T17:07:56.497+0000] {dag.py:3239} INFO - Sync 1 DAGs
[2025-02-22T17:07:56.502+0000] {logging_mixin.py:190} INFO - [2025-02-22T17:07:56.502+0000] {dag.py:4180} INFO - Setting next_dagrun for example_python_operator to None, run_after=None
[2025-02-22T17:07:56.509+0000] {processor.py:208} INFO - Processing /home/airflow/.local/lib/python3.12/site-packages/airflow/example_dags/example_python_operator.py took 0.030 seconds
[2025-02-22T17:08:27.519+0000] {processor.py:186} INFO - Started process (PID=430) to work on /home/airflow/.local/lib/python3.12/site-packages/airflow/example_dags/example_python_operator.py
[2025-02-22T17:08:27.523+0000] {processor.py:914} INFO - Processing file /home/airflow/.local/lib/python3.12/site-packages/airflow/example_dags/example_python_operator.py for tasks to queue
[2025-02-22T17:08:27.524+0000] {logging_mixin.py:190} INFO - [2025-02-22T17:08:27.524+0000] {dagbag.py:588} INFO - Filling up the DagBag from /home/airflow/.local/lib/python3.12/site-packages/airflow/example_dags/example_python_operator.py
[2025-02-22T17:08:27.528+0000] {processor.py:925} INFO - DAG(s) 'example_python_operator' retrieved from /home/airflow/.local/lib/python3.12/site-packages/airflow/example_dags/example_python_operator.py
[2025-02-22T17:08:27.537+0000] {logging_mixin.py:190} INFO - [2025-02-22T17:08:27.537+0000] {dag.py:3239} INFO - Sync 1 DAGs
[2025-02-22T17:08:27.541+0000] {logging_mixin.py:190} INFO - [2025-02-22T17:08:27.541+0000] {dag.py:4180} INFO - Setting next_dagrun for example_python_operator to None, run_after=None
[2025-02-22T17:08:27.549+0000] {processor.py:208} INFO - Processing /home/airflow/.local/lib/python3.12/site-packages/airflow/example_dags/example_python_operator.py took 0.032 seconds
[2025-02-22T17:08:58.569+0000] {processor.py:186} INFO - Started process (PID=493) to work on /home/airflow/.local/lib/python3.12/site-packages/airflow/example_dags/example_python_operator.py
[2025-02-22T17:08:58.571+0000] {processor.py:914} INFO - Processing file /home/airflow/.local/lib/python3.12/site-packages/airflow/example_dags/example_python_operator.py for tasks to queue
[2025-02-22T17:08:58.575+0000] {logging_mixin.py:190} INFO - [2025-02-22T17:08:58.575+0000] {dagbag.py:588} INFO - Filling up the DagBag from /home/airflow/.local/lib/python3.12/site-packages/airflow/example_dags/example_python_operator.py
[2025-02-22T17:08:58.580+0000] {processor.py:925} INFO - DAG(s) 'example_python_operator' retrieved from /home/airflow/.local/lib/python3.12/site-packages/airflow/example_dags/example_python_operator.py
[2025-02-22T17:08:58.588+0000] {logging_mixin.py:190} INFO - [2025-02-22T17:08:58.588+0000] {dag.py:3239} INFO - Sync 1 DAGs
[2025-02-22T17:08:58.593+0000] {logging_mixin.py:190} INFO - [2025-02-22T17:08:58.593+0000] {dag.py:4180} INFO - Setting next_dagrun for example_python_operator to None, run_after=None
[2025-02-22T17:08:58.599+0000] {processor.py:208} INFO - Processing /home/airflow/.local/lib/python3.12/site-packages/airflow/example_dags/example_python_operator.py took 0.032 seconds
[2025-02-22T17:09:29.586+0000] {processor.py:186} INFO - Started process (PID=556) to work on /home/airflow/.local/lib/python3.12/site-packages/airflow/example_dags/example_python_operator.py
[2025-02-22T17:09:29.588+0000] {processor.py:914} INFO - Processing file /home/airflow/.local/lib/python3.12/site-packages/airflow/example_dags/example_python_operator.py for tasks to queue
[2025-02-22T17:09:29.592+0000] {logging_mixin.py:190} INFO - [2025-02-22T17:09:29.592+0000] {dagbag.py:588} INFO - Filling up the DagBag from /home/airflow/.local/lib/python3.12/site-packages/airflow/example_dags/example_python_operator.py
[2025-02-22T17:09:29.598+0000] {processor.py:925} INFO - DAG(s) 'example_python_operator' retrieved from /home/airflow/.local/lib/python3.12/site-packages/airflow/example_dags/example_python_operator.py
[2025-02-22T17:09:29.606+0000] {logging_mixin.py:190} INFO - [2025-02-22T17:09:29.606+0000] {dag.py:3239} INFO - Sync 1 DAGs
[2025-02-22T17:09:29.611+0000] {logging_mixin.py:190} INFO - [2025-02-22T17:09:29.611+0000] {dag.py:4180} INFO - Setting next_dagrun for example_python_operator to None, run_after=None
[2025-02-22T17:09:29.617+0000] {processor.py:208} INFO - Processing /home/airflow/.local/lib/python3.12/site-packages/airflow/example_dags/example_python_operator.py took 0.034 seconds
[2025-02-22T17:10:00.580+0000] {processor.py:186} INFO - Started process (PID=619) to work on /home/airflow/.local/lib/python3.12/site-packages/airflow/example_dags/example_python_operator.py
[2025-02-22T17:10:00.580+0000] {processor.py:914} INFO - Processing file /home/airflow/.local/lib/python3.12/site-packages/airflow/example_dags/example_python_operator.py for tasks to queue
[2025-02-22T17:10:00.581+0000] {logging_mixin.py:190} INFO - [2025-02-22T17:10:00.581+0000] {dagbag.py:588} INFO - Filling up the DagBag from /home/airflow/.local/lib/python3.12/site-packages/airflow/example_dags/example_python_operator.py
[2025-02-22T17:10:00.586+0000] {processor.py:925} INFO - DAG(s) 'example_python_operator' retrieved from /home/airflow/.local/lib/python3.12/site-packages/airflow/example_dags/example_python_operator.py
[2025-02-22T17:10:00.594+0000] {logging_mixin.py:190} INFO - [2025-02-22T17:10:00.594+0000] {dag.py:3239} INFO - Sync 1 DAGs
[2025-02-22T17:10:00.599+0000] {logging_mixin.py:190} INFO - [2025-02-22T17:10:00.599+0000] {dag.py:4180} INFO - Setting next_dagrun for example_python_operator to None, run_after=None
[2025-02-22T17:10:00.605+0000] {processor.py:208} INFO - Processing /home/airflow/.local/lib/python3.12/site-packages/airflow/example_dags/example_python_operator.py took 0.028 seconds
[2025-02-22T17:10:31.612+0000] {processor.py:186} INFO - Started process (PID=682) to work on /home/airflow/.local/lib/python3.12/site-packages/airflow/example_dags/example_python_operator.py
[2025-02-22T17:10:31.613+0000] {processor.py:914} INFO - Processing file /home/airflow/.local/lib/python3.12/site-packages/airflow/example_dags/example_python_operator.py for tasks to queue
[2025-02-22T17:10:31.617+0000] {logging_mixin.py:190} INFO - [2025-02-22T17:10:31.617+0000] {dagbag.py:588} INFO - Filling up the DagBag from /home/airflow/.local/lib/python3.12/site-packages/airflow/example_dags/example_python_operator.py
[2025-02-22T17:10:31.622+0000] {processor.py:925} INFO - DAG(s) 'example_python_operator' retrieved from /home/airflow/.local/lib/python3.12/site-packages/airflow/example_dags/example_python_operator.py
[2025-02-22T17:10:31.630+0000] {logging_mixin.py:190} INFO - [2025-02-22T17:10:31.630+0000] {dag.py:3239} INFO - Sync 1 DAGs
[2025-02-22T17:10:31.635+0000] {logging_mixin.py:190} INFO - [2025-02-22T17:10:31.635+0000] {dag.py:4180} INFO - Setting next_dagrun for example_python_operator to None, run_after=None
[2025-02-22T17:10:31.641+0000] {processor.py:208} INFO - Processing /home/airflow/.local/lib/python3.12/site-packages/airflow/example_dags/example_python_operator.py took 0.031 seconds
[2025-02-22T17:11:02.611+0000] {processor.py:186} INFO - Started process (PID=745) to work on /home/airflow/.local/lib/python3.12/site-packages/airflow/example_dags/example_python_operator.py
[2025-02-22T17:11:02.615+0000] {processor.py:914} INFO - Processing file /home/airflow/.local/lib/python3.12/site-packages/airflow/example_dags/example_python_operator.py for tasks to queue
[2025-02-22T17:11:02.616+0000] {logging_mixin.py:190} INFO - [2025-02-22T17:11:02.616+0000] {dagbag.py:588} INFO - Filling up the DagBag from /home/airflow/.local/lib/python3.12/site-packages/airflow/example_dags/example_python_operator.py
[2025-02-22T17:11:02.622+0000] {processor.py:925} INFO - DAG(s) 'example_python_operator' retrieved from /home/airflow/.local/lib/python3.12/site-packages/airflow/example_dags/example_python_operator.py
[2025-02-22T17:11:02.631+0000] {logging_mixin.py:190} INFO - [2025-02-22T17:11:02.631+0000] {dag.py:3239} INFO - Sync 1 DAGs
[2025-02-22T17:11:02.636+0000] {logging_mixin.py:190} INFO - [2025-02-22T17:11:02.636+0000] {dag.py:4180} INFO - Setting next_dagrun for example_python_operator to None, run_after=None
[2025-02-22T17:11:02.645+0000] {processor.py:208} INFO - Processing /home/airflow/.local/lib/python3.12/site-packages/airflow/example_dags/example_python_operator.py took 0.036 seconds
[2025-02-22T17:11:33.596+0000] {processor.py:186} INFO - Started process (PID=808) to work on /home/airflow/.local/lib/python3.12/site-packages/airflow/example_dags/example_python_operator.py
[2025-02-22T17:11:33.597+0000] {processor.py:914} INFO - Processing file /home/airflow/.local/lib/python3.12/site-packages/airflow/example_dags/example_python_operator.py for tasks to queue
[2025-02-22T17:11:33.601+0000] {logging_mixin.py:190} INFO - [2025-02-22T17:11:33.601+0000] {dagbag.py:588} INFO - Filling up the DagBag from /home/airflow/.local/lib/python3.12/site-packages/airflow/example_dags/example_python_operator.py
[2025-02-22T17:11:33.606+0000] {processor.py:925} INFO - DAG(s) 'example_python_operator' retrieved from /home/airflow/.local/lib/python3.12/site-packages/airflow/example_dags/example_python_operator.py
[2025-02-22T17:11:33.614+0000] {logging_mixin.py:190} INFO - [2025-02-22T17:11:33.614+0000] {dag.py:3239} INFO - Sync 1 DAGs
[2025-02-22T17:11:33.619+0000] {logging_mixin.py:190} INFO - [2025-02-22T17:11:33.618+0000] {dag.py:4180} INFO - Setting next_dagrun for example_python_operator to None, run_after=None
[2025-02-22T17:11:33.625+0000] {processor.py:208} INFO - Processing /home/airflow/.local/lib/python3.12/site-packages/airflow/example_dags/example_python_operator.py took 0.031 seconds
[2025-02-22T17:12:04.558+0000] {processor.py:186} INFO - Started process (PID=871) to work on /home/airflow/.local/lib/python3.12/site-packages/airflow/example_dags/example_python_operator.py
[2025-02-22T17:12:04.560+0000] {processor.py:914} INFO - Processing file /home/airflow/.local/lib/python3.12/site-packages/airflow/example_dags/example_python_operator.py for tasks to queue
[2025-02-22T17:12:04.561+0000] {logging_mixin.py:190} INFO - [2025-02-22T17:12:04.561+0000] {dagbag.py:588} INFO - Filling up the DagBag from /home/airflow/.local/lib/python3.12/site-packages/airflow/example_dags/example_python_operator.py
[2025-02-22T17:12:04.566+0000] {processor.py:925} INFO - DAG(s) 'example_python_operator' retrieved from /home/airflow/.local/lib/python3.12/site-packages/airflow/example_dags/example_python_operator.py
[2025-02-22T17:12:04.576+0000] {logging_mixin.py:190} INFO - [2025-02-22T17:12:04.576+0000] {dag.py:3239} INFO - Sync 1 DAGs
[2025-02-22T17:12:04.580+0000] {logging_mixin.py:190} INFO - [2025-02-22T17:12:04.580+0000] {dag.py:4180} INFO - Setting next_dagrun for example_python_operator to None, run_after=None
[2025-02-22T17:12:04.587+0000] {processor.py:208} INFO - Processing /home/airflow/.local/lib/python3.12/site-packages/airflow/example_dags/example_python_operator.py took 0.032 seconds
[2025-02-22T17:12:35.614+0000] {processor.py:186} INFO - Started process (PID=934) to work on /home/airflow/.local/lib/python3.12/site-packages/airflow/example_dags/example_python_operator.py
[2025-02-22T17:12:35.616+0000] {processor.py:914} INFO - Processing file /home/airflow/.local/lib/python3.12/site-packages/airflow/example_dags/example_python_operator.py for tasks to queue
[2025-02-22T17:12:35.620+0000] {logging_mixin.py:190} INFO - [2025-02-22T17:12:35.620+0000] {dagbag.py:588} INFO - Filling up the DagBag from /home/airflow/.local/lib/python3.12/site-packages/airflow/example_dags/example_python_operator.py
[2025-02-22T17:12:35.625+0000] {processor.py:925} INFO - DAG(s) 'example_python_operator' retrieved from /home/airflow/.local/lib/python3.12/site-packages/airflow/example_dags/example_python_operator.py
[2025-02-22T17:12:35.634+0000] {logging_mixin.py:190} INFO - [2025-02-22T17:12:35.633+0000] {dag.py:3239} INFO - Sync 1 DAGs
[2025-02-22T17:12:35.638+0000] {logging_mixin.py:190} INFO - [2025-02-22T17:12:35.638+0000] {dag.py:4180} INFO - Setting next_dagrun for example_python_operator to None, run_after=None
[2025-02-22T17:12:35.644+0000] {processor.py:208} INFO - Processing /home/airflow/.local/lib/python3.12/site-packages/airflow/example_dags/example_python_operator.py took 0.032 seconds
[2025-02-22T17:13:06.585+0000] {processor.py:186} INFO - Started process (PID=997) to work on /home/airflow/.local/lib/python3.12/site-packages/airflow/example_dags/example_python_operator.py
[2025-02-22T17:13:06.585+0000] {processor.py:914} INFO - Processing file /home/airflow/.local/lib/python3.12/site-packages/airflow/example_dags/example_python_operator.py for tasks to queue
[2025-02-22T17:13:06.587+0000] {logging_mixin.py:190} INFO - [2025-02-22T17:13:06.587+0000] {dagbag.py:588} INFO - Filling up the DagBag from /home/airflow/.local/lib/python3.12/site-packages/airflow/example_dags/example_python_operator.py
[2025-02-22T17:13:06.592+0000] {processor.py:925} INFO - DAG(s) 'example_python_operator' retrieved from /home/airflow/.local/lib/python3.12/site-packages/airflow/example_dags/example_python_operator.py
[2025-02-22T17:13:06.600+0000] {logging_mixin.py:190} INFO - [2025-02-22T17:13:06.600+0000] {dag.py:3239} INFO - Sync 1 DAGs
[2025-02-22T17:13:06.606+0000] {logging_mixin.py:190} INFO - [2025-02-22T17:13:06.605+0000] {dag.py:4180} INFO - Setting next_dagrun for example_python_operator to None, run_after=None
[2025-02-22T17:13:06.611+0000] {processor.py:208} INFO - Processing /home/airflow/.local/lib/python3.12/site-packages/airflow/example_dags/example_python_operator.py took 0.029 seconds
[2025-02-22T17:15:54.477+0000] {processor.py:186} INFO - Started process (PID=49) to work on /home/airflow/.local/lib/python3.12/site-packages/airflow/example_dags/example_python_operator.py
[2025-02-22T17:15:54.478+0000] {processor.py:914} INFO - Processing file /home/airflow/.local/lib/python3.12/site-packages/airflow/example_dags/example_python_operator.py for tasks to queue
[2025-02-22T17:15:54.479+0000] {logging_mixin.py:190} INFO - [2025-02-22T17:15:54.479+0000] {dagbag.py:588} INFO - Filling up the DagBag from /home/airflow/.local/lib/python3.12/site-packages/airflow/example_dags/example_python_operator.py
[2025-02-22T17:15:54.493+0000] {processor.py:925} INFO - DAG(s) 'example_python_operator' retrieved from /home/airflow/.local/lib/python3.12/site-packages/airflow/example_dags/example_python_operator.py
[2025-02-22T17:15:54.551+0000] {logging_mixin.py:190} INFO - [2025-02-22T17:15:54.551+0000] {dag.py:3239} INFO - Sync 1 DAGs
[2025-02-22T17:15:54.560+0000] {logging_mixin.py:190} INFO - [2025-02-22T17:15:54.560+0000] {dag.py:4180} INFO - Setting next_dagrun for example_python_operator to None, run_after=None
[2025-02-22T17:15:54.576+0000] {processor.py:208} INFO - Processing /home/airflow/.local/lib/python3.12/site-packages/airflow/example_dags/example_python_operator.py took 0.106 seconds
[2025-02-22T17:16:24.869+0000] {processor.py:186} INFO - Started process (PID=112) to work on /home/airflow/.local/lib/python3.12/site-packages/airflow/example_dags/example_python_operator.py
[2025-02-22T17:16:24.870+0000] {processor.py:914} INFO - Processing file /home/airflow/.local/lib/python3.12/site-packages/airflow/example_dags/example_python_operator.py for tasks to queue
[2025-02-22T17:16:24.871+0000] {logging_mixin.py:190} INFO - [2025-02-22T17:16:24.871+0000] {dagbag.py:588} INFO - Filling up the DagBag from /home/airflow/.local/lib/python3.12/site-packages/airflow/example_dags/example_python_operator.py
[2025-02-22T17:16:24.877+0000] {processor.py:925} INFO - DAG(s) 'example_python_operator' retrieved from /home/airflow/.local/lib/python3.12/site-packages/airflow/example_dags/example_python_operator.py
[2025-02-22T17:16:24.886+0000] {logging_mixin.py:190} INFO - [2025-02-22T17:16:24.886+0000] {dag.py:3239} INFO - Sync 1 DAGs
[2025-02-22T17:16:24.892+0000] {logging_mixin.py:190} INFO - [2025-02-22T17:16:24.892+0000] {dag.py:4180} INFO - Setting next_dagrun for example_python_operator to None, run_after=None
[2025-02-22T17:16:24.899+0000] {processor.py:208} INFO - Processing /home/airflow/.local/lib/python3.12/site-packages/airflow/example_dags/example_python_operator.py took 0.032 seconds
[2025-02-22T17:16:55.099+0000] {processor.py:186} INFO - Started process (PID=174) to work on /home/airflow/.local/lib/python3.12/site-packages/airflow/example_dags/example_python_operator.py
[2025-02-22T17:16:55.100+0000] {processor.py:914} INFO - Processing file /home/airflow/.local/lib/python3.12/site-packages/airflow/example_dags/example_python_operator.py for tasks to queue
[2025-02-22T17:16:55.101+0000] {logging_mixin.py:190} INFO - [2025-02-22T17:16:55.101+0000] {dagbag.py:588} INFO - Filling up the DagBag from /home/airflow/.local/lib/python3.12/site-packages/airflow/example_dags/example_python_operator.py
[2025-02-22T17:16:55.107+0000] {processor.py:925} INFO - DAG(s) 'example_python_operator' retrieved from /home/airflow/.local/lib/python3.12/site-packages/airflow/example_dags/example_python_operator.py
[2025-02-22T17:16:55.114+0000] {logging_mixin.py:190} INFO - [2025-02-22T17:16:55.114+0000] {dag.py:3239} INFO - Sync 1 DAGs
[2025-02-22T17:16:55.120+0000] {logging_mixin.py:190} INFO - [2025-02-22T17:16:55.119+0000] {dag.py:4180} INFO - Setting next_dagrun for example_python_operator to None, run_after=None
[2025-02-22T17:16:55.127+0000] {processor.py:208} INFO - Processing /home/airflow/.local/lib/python3.12/site-packages/airflow/example_dags/example_python_operator.py took 0.030 seconds
[2025-02-22T17:17:25.175+0000] {processor.py:186} INFO - Started process (PID=237) to work on /home/airflow/.local/lib/python3.12/site-packages/airflow/example_dags/example_python_operator.py
[2025-02-22T17:17:25.175+0000] {processor.py:914} INFO - Processing file /home/airflow/.local/lib/python3.12/site-packages/airflow/example_dags/example_python_operator.py for tasks to queue
[2025-02-22T17:17:25.176+0000] {logging_mixin.py:190} INFO - [2025-02-22T17:17:25.176+0000] {dagbag.py:588} INFO - Filling up the DagBag from /home/airflow/.local/lib/python3.12/site-packages/airflow/example_dags/example_python_operator.py
[2025-02-22T17:17:25.180+0000] {processor.py:925} INFO - DAG(s) 'example_python_operator' retrieved from /home/airflow/.local/lib/python3.12/site-packages/airflow/example_dags/example_python_operator.py
[2025-02-22T17:17:25.188+0000] {logging_mixin.py:190} INFO - [2025-02-22T17:17:25.188+0000] {dag.py:3239} INFO - Sync 1 DAGs
[2025-02-22T17:17:25.193+0000] {logging_mixin.py:190} INFO - [2025-02-22T17:17:25.193+0000] {dag.py:4180} INFO - Setting next_dagrun for example_python_operator to None, run_after=None
[2025-02-22T17:17:25.200+0000] {processor.py:208} INFO - Processing /home/airflow/.local/lib/python3.12/site-packages/airflow/example_dags/example_python_operator.py took 0.027 seconds
[2025-02-22T17:17:55.404+0000] {processor.py:186} INFO - Started process (PID=300) to work on /home/airflow/.local/lib/python3.12/site-packages/airflow/example_dags/example_python_operator.py
[2025-02-22T17:17:55.404+0000] {processor.py:914} INFO - Processing file /home/airflow/.local/lib/python3.12/site-packages/airflow/example_dags/example_python_operator.py for tasks to queue
[2025-02-22T17:17:55.405+0000] {logging_mixin.py:190} INFO - [2025-02-22T17:17:55.405+0000] {dagbag.py:588} INFO - Filling up the DagBag from /home/airflow/.local/lib/python3.12/site-packages/airflow/example_dags/example_python_operator.py
[2025-02-22T17:17:55.410+0000] {processor.py:925} INFO - DAG(s) 'example_python_operator' retrieved from /home/airflow/.local/lib/python3.12/site-packages/airflow/example_dags/example_python_operator.py
[2025-02-22T17:17:55.419+0000] {logging_mixin.py:190} INFO - [2025-02-22T17:17:55.419+0000] {dag.py:3239} INFO - Sync 1 DAGs
[2025-02-22T17:17:55.424+0000] {logging_mixin.py:190} INFO - [2025-02-22T17:17:55.423+0000] {dag.py:4180} INFO - Setting next_dagrun for example_python_operator to None, run_after=None
[2025-02-22T17:17:55.432+0000] {processor.py:208} INFO - Processing /home/airflow/.local/lib/python3.12/site-packages/airflow/example_dags/example_python_operator.py took 0.030 seconds
[2025-02-22T17:18:25.665+0000] {processor.py:186} INFO - Started process (PID=363) to work on /home/airflow/.local/lib/python3.12/site-packages/airflow/example_dags/example_python_operator.py
[2025-02-22T17:18:25.667+0000] {processor.py:914} INFO - Processing file /home/airflow/.local/lib/python3.12/site-packages/airflow/example_dags/example_python_operator.py for tasks to queue
[2025-02-22T17:18:25.668+0000] {logging_mixin.py:190} INFO - [2025-02-22T17:18:25.668+0000] {dagbag.py:588} INFO - Filling up the DagBag from /home/airflow/.local/lib/python3.12/site-packages/airflow/example_dags/example_python_operator.py
[2025-02-22T17:18:25.673+0000] {processor.py:925} INFO - DAG(s) 'example_python_operator' retrieved from /home/airflow/.local/lib/python3.12/site-packages/airflow/example_dags/example_python_operator.py
[2025-02-22T17:18:25.681+0000] {logging_mixin.py:190} INFO - [2025-02-22T17:18:25.681+0000] {dag.py:3239} INFO - Sync 1 DAGs
[2025-02-22T17:18:25.686+0000] {logging_mixin.py:190} INFO - [2025-02-22T17:18:25.686+0000] {dag.py:4180} INFO - Setting next_dagrun for example_python_operator to None, run_after=None
[2025-02-22T17:18:25.697+0000] {processor.py:208} INFO - Processing /home/airflow/.local/lib/python3.12/site-packages/airflow/example_dags/example_python_operator.py took 0.034 seconds
[2025-02-22T17:18:55.742+0000] {processor.py:186} INFO - Started process (PID=426) to work on /home/airflow/.local/lib/python3.12/site-packages/airflow/example_dags/example_python_operator.py
[2025-02-22T17:18:55.743+0000] {processor.py:914} INFO - Processing file /home/airflow/.local/lib/python3.12/site-packages/airflow/example_dags/example_python_operator.py for tasks to queue
[2025-02-22T17:18:55.744+0000] {logging_mixin.py:190} INFO - [2025-02-22T17:18:55.744+0000] {dagbag.py:588} INFO - Filling up the DagBag from /home/airflow/.local/lib/python3.12/site-packages/airflow/example_dags/example_python_operator.py
[2025-02-22T17:18:55.749+0000] {processor.py:925} INFO - DAG(s) 'example_python_operator' retrieved from /home/airflow/.local/lib/python3.12/site-packages/airflow/example_dags/example_python_operator.py
[2025-02-22T17:18:55.759+0000] {logging_mixin.py:190} INFO - [2025-02-22T17:18:55.759+0000] {dag.py:3239} INFO - Sync 1 DAGs
[2025-02-22T17:18:55.764+0000] {logging_mixin.py:190} INFO - [2025-02-22T17:18:55.764+0000] {dag.py:4180} INFO - Setting next_dagrun for example_python_operator to None, run_after=None
[2025-02-22T17:18:55.770+0000] {processor.py:208} INFO - Processing /home/airflow/.local/lib/python3.12/site-packages/airflow/example_dags/example_python_operator.py took 0.031 seconds
[2025-02-22T17:19:25.839+0000] {processor.py:186} INFO - Started process (PID=489) to work on /home/airflow/.local/lib/python3.12/site-packages/airflow/example_dags/example_python_operator.py
[2025-02-22T17:19:25.839+0000] {processor.py:914} INFO - Processing file /home/airflow/.local/lib/python3.12/site-packages/airflow/example_dags/example_python_operator.py for tasks to queue
[2025-02-22T17:19:25.840+0000] {logging_mixin.py:190} INFO - [2025-02-22T17:19:25.840+0000] {dagbag.py:588} INFO - Filling up the DagBag from /home/airflow/.local/lib/python3.12/site-packages/airflow/example_dags/example_python_operator.py
[2025-02-22T17:19:25.845+0000] {processor.py:925} INFO - DAG(s) 'example_python_operator' retrieved from /home/airflow/.local/lib/python3.12/site-packages/airflow/example_dags/example_python_operator.py
[2025-02-22T17:19:25.853+0000] {logging_mixin.py:190} INFO - [2025-02-22T17:19:25.853+0000] {dag.py:3239} INFO - Sync 1 DAGs
[2025-02-22T17:19:25.858+0000] {logging_mixin.py:190} INFO - [2025-02-22T17:19:25.858+0000] {dag.py:4180} INFO - Setting next_dagrun for example_python_operator to None, run_after=None
[2025-02-22T17:19:25.866+0000] {processor.py:208} INFO - Processing /home/airflow/.local/lib/python3.12/site-packages/airflow/example_dags/example_python_operator.py took 0.030 seconds
[2025-02-22T17:19:55.943+0000] {processor.py:186} INFO - Started process (PID=552) to work on /home/airflow/.local/lib/python3.12/site-packages/airflow/example_dags/example_python_operator.py
[2025-02-22T17:19:55.944+0000] {processor.py:914} INFO - Processing file /home/airflow/.local/lib/python3.12/site-packages/airflow/example_dags/example_python_operator.py for tasks to queue
[2025-02-22T17:19:55.945+0000] {logging_mixin.py:190} INFO - [2025-02-22T17:19:55.945+0000] {dagbag.py:588} INFO - Filling up the DagBag from /home/airflow/.local/lib/python3.12/site-packages/airflow/example_dags/example_python_operator.py
[2025-02-22T17:19:55.950+0000] {processor.py:925} INFO - DAG(s) 'example_python_operator' retrieved from /home/airflow/.local/lib/python3.12/site-packages/airflow/example_dags/example_python_operator.py
[2025-02-22T17:19:55.961+0000] {logging_mixin.py:190} INFO - [2025-02-22T17:19:55.961+0000] {dag.py:3239} INFO - Sync 1 DAGs
[2025-02-22T17:19:55.966+0000] {logging_mixin.py:190} INFO - [2025-02-22T17:19:55.966+0000] {dag.py:4180} INFO - Setting next_dagrun for example_python_operator to None, run_after=None
[2025-02-22T17:19:55.973+0000] {processor.py:208} INFO - Processing /home/airflow/.local/lib/python3.12/site-packages/airflow/example_dags/example_python_operator.py took 0.033 seconds
[2025-02-22T17:20:26.098+0000] {processor.py:186} INFO - Started process (PID=615) to work on /home/airflow/.local/lib/python3.12/site-packages/airflow/example_dags/example_python_operator.py
[2025-02-22T17:20:26.099+0000] {processor.py:914} INFO - Processing file /home/airflow/.local/lib/python3.12/site-packages/airflow/example_dags/example_python_operator.py for tasks to queue
[2025-02-22T17:20:26.100+0000] {logging_mixin.py:190} INFO - [2025-02-22T17:20:26.100+0000] {dagbag.py:588} INFO - Filling up the DagBag from /home/airflow/.local/lib/python3.12/site-packages/airflow/example_dags/example_python_operator.py
[2025-02-22T17:20:26.105+0000] {processor.py:925} INFO - DAG(s) 'example_python_operator' retrieved from /home/airflow/.local/lib/python3.12/site-packages/airflow/example_dags/example_python_operator.py
[2025-02-22T17:20:26.114+0000] {logging_mixin.py:190} INFO - [2025-02-22T17:20:26.113+0000] {dag.py:3239} INFO - Sync 1 DAGs
[2025-02-22T17:20:26.118+0000] {logging_mixin.py:190} INFO - [2025-02-22T17:20:26.118+0000] {dag.py:4180} INFO - Setting next_dagrun for example_python_operator to None, run_after=None
[2025-02-22T17:20:26.126+0000] {processor.py:208} INFO - Processing /home/airflow/.local/lib/python3.12/site-packages/airflow/example_dags/example_python_operator.py took 0.030 seconds
[2025-02-22T17:20:56.270+0000] {processor.py:186} INFO - Started process (PID=677) to work on /home/airflow/.local/lib/python3.12/site-packages/airflow/example_dags/example_python_operator.py
[2025-02-22T17:20:56.270+0000] {processor.py:914} INFO - Processing file /home/airflow/.local/lib/python3.12/site-packages/airflow/example_dags/example_python_operator.py for tasks to queue
[2025-02-22T17:20:56.271+0000] {logging_mixin.py:190} INFO - [2025-02-22T17:20:56.271+0000] {dagbag.py:588} INFO - Filling up the DagBag from /home/airflow/.local/lib/python3.12/site-packages/airflow/example_dags/example_python_operator.py
[2025-02-22T17:20:56.276+0000] {processor.py:925} INFO - DAG(s) 'example_python_operator' retrieved from /home/airflow/.local/lib/python3.12/site-packages/airflow/example_dags/example_python_operator.py
[2025-02-22T17:20:56.285+0000] {logging_mixin.py:190} INFO - [2025-02-22T17:20:56.285+0000] {dag.py:3239} INFO - Sync 1 DAGs
[2025-02-22T17:20:56.292+0000] {logging_mixin.py:190} INFO - [2025-02-22T17:20:56.292+0000] {dag.py:4180} INFO - Setting next_dagrun for example_python_operator to None, run_after=None
[2025-02-22T17:20:56.301+0000] {processor.py:208} INFO - Processing /home/airflow/.local/lib/python3.12/site-packages/airflow/example_dags/example_python_operator.py took 0.034 seconds
[2025-02-22T17:21:26.454+0000] {processor.py:186} INFO - Started process (PID=740) to work on /home/airflow/.local/lib/python3.12/site-packages/airflow/example_dags/example_python_operator.py
[2025-02-22T17:21:26.457+0000] {processor.py:914} INFO - Processing file /home/airflow/.local/lib/python3.12/site-packages/airflow/example_dags/example_python_operator.py for tasks to queue
[2025-02-22T17:21:26.458+0000] {logging_mixin.py:190} INFO - [2025-02-22T17:21:26.458+0000] {dagbag.py:588} INFO - Filling up the DagBag from /home/airflow/.local/lib/python3.12/site-packages/airflow/example_dags/example_python_operator.py
[2025-02-22T17:21:26.463+0000] {processor.py:925} INFO - DAG(s) 'example_python_operator' retrieved from /home/airflow/.local/lib/python3.12/site-packages/airflow/example_dags/example_python_operator.py
[2025-02-22T17:21:26.475+0000] {logging_mixin.py:190} INFO - [2025-02-22T17:21:26.475+0000] {dag.py:3239} INFO - Sync 1 DAGs
[2025-02-22T17:21:26.481+0000] {logging_mixin.py:190} INFO - [2025-02-22T17:21:26.481+0000] {dag.py:4180} INFO - Setting next_dagrun for example_python_operator to None, run_after=None
[2025-02-22T17:21:26.490+0000] {processor.py:208} INFO - Processing /home/airflow/.local/lib/python3.12/site-packages/airflow/example_dags/example_python_operator.py took 0.038 seconds
[2025-02-22T17:21:56.710+0000] {processor.py:186} INFO - Started process (PID=803) to work on /home/airflow/.local/lib/python3.12/site-packages/airflow/example_dags/example_python_operator.py
[2025-02-22T17:21:56.711+0000] {processor.py:914} INFO - Processing file /home/airflow/.local/lib/python3.12/site-packages/airflow/example_dags/example_python_operator.py for tasks to queue
[2025-02-22T17:21:56.712+0000] {logging_mixin.py:190} INFO - [2025-02-22T17:21:56.711+0000] {dagbag.py:588} INFO - Filling up the DagBag from /home/airflow/.local/lib/python3.12/site-packages/airflow/example_dags/example_python_operator.py
[2025-02-22T17:21:56.717+0000] {processor.py:925} INFO - DAG(s) 'example_python_operator' retrieved from /home/airflow/.local/lib/python3.12/site-packages/airflow/example_dags/example_python_operator.py
[2025-02-22T17:21:56.724+0000] {logging_mixin.py:190} INFO - [2025-02-22T17:21:56.724+0000] {dag.py:3239} INFO - Sync 1 DAGs
[2025-02-22T17:21:56.730+0000] {logging_mixin.py:190} INFO - [2025-02-22T17:21:56.730+0000] {dag.py:4180} INFO - Setting next_dagrun for example_python_operator to None, run_after=None
[2025-02-22T17:21:56.740+0000] {processor.py:208} INFO - Processing /home/airflow/.local/lib/python3.12/site-packages/airflow/example_dags/example_python_operator.py took 0.033 seconds
[2025-02-22T17:22:26.919+0000] {processor.py:186} INFO - Started process (PID=866) to work on /home/airflow/.local/lib/python3.12/site-packages/airflow/example_dags/example_python_operator.py
[2025-02-22T17:22:26.922+0000] {processor.py:914} INFO - Processing file /home/airflow/.local/lib/python3.12/site-packages/airflow/example_dags/example_python_operator.py for tasks to queue
[2025-02-22T17:22:26.923+0000] {logging_mixin.py:190} INFO - [2025-02-22T17:22:26.923+0000] {dagbag.py:588} INFO - Filling up the DagBag from /home/airflow/.local/lib/python3.12/site-packages/airflow/example_dags/example_python_operator.py
[2025-02-22T17:22:26.928+0000] {processor.py:925} INFO - DAG(s) 'example_python_operator' retrieved from /home/airflow/.local/lib/python3.12/site-packages/airflow/example_dags/example_python_operator.py
[2025-02-22T17:22:26.938+0000] {logging_mixin.py:190} INFO - [2025-02-22T17:22:26.938+0000] {dag.py:3239} INFO - Sync 1 DAGs
[2025-02-22T17:22:26.944+0000] {logging_mixin.py:190} INFO - [2025-02-22T17:22:26.944+0000] {dag.py:4180} INFO - Setting next_dagrun for example_python_operator to None, run_after=None
[2025-02-22T17:22:26.950+0000] {processor.py:208} INFO - Processing /home/airflow/.local/lib/python3.12/site-packages/airflow/example_dags/example_python_operator.py took 0.033 seconds
[2025-02-22T17:22:57.179+0000] {processor.py:186} INFO - Started process (PID=929) to work on /home/airflow/.local/lib/python3.12/site-packages/airflow/example_dags/example_python_operator.py
[2025-02-22T17:22:57.179+0000] {processor.py:914} INFO - Processing file /home/airflow/.local/lib/python3.12/site-packages/airflow/example_dags/example_python_operator.py for tasks to queue
[2025-02-22T17:22:57.180+0000] {logging_mixin.py:190} INFO - [2025-02-22T17:22:57.180+0000] {dagbag.py:588} INFO - Filling up the DagBag from /home/airflow/.local/lib/python3.12/site-packages/airflow/example_dags/example_python_operator.py
[2025-02-22T17:22:57.186+0000] {processor.py:925} INFO - DAG(s) 'example_python_operator' retrieved from /home/airflow/.local/lib/python3.12/site-packages/airflow/example_dags/example_python_operator.py
[2025-02-22T17:22:57.194+0000] {logging_mixin.py:190} INFO - [2025-02-22T17:22:57.194+0000] {dag.py:3239} INFO - Sync 1 DAGs
[2025-02-22T17:22:57.199+0000] {logging_mixin.py:190} INFO - [2025-02-22T17:22:57.199+0000] {dag.py:4180} INFO - Setting next_dagrun for example_python_operator to None, run_after=None
[2025-02-22T17:22:57.207+0000] {processor.py:208} INFO - Processing /home/airflow/.local/lib/python3.12/site-packages/airflow/example_dags/example_python_operator.py took 0.031 seconds
[2025-02-22T17:23:27.383+0000] {processor.py:186} INFO - Started process (PID=992) to work on /home/airflow/.local/lib/python3.12/site-packages/airflow/example_dags/example_python_operator.py
[2025-02-22T17:23:27.383+0000] {processor.py:914} INFO - Processing file /home/airflow/.local/lib/python3.12/site-packages/airflow/example_dags/example_python_operator.py for tasks to queue
[2025-02-22T17:23:27.384+0000] {logging_mixin.py:190} INFO - [2025-02-22T17:23:27.384+0000] {dagbag.py:588} INFO - Filling up the DagBag from /home/airflow/.local/lib/python3.12/site-packages/airflow/example_dags/example_python_operator.py
[2025-02-22T17:23:27.389+0000] {processor.py:925} INFO - DAG(s) 'example_python_operator' retrieved from /home/airflow/.local/lib/python3.12/site-packages/airflow/example_dags/example_python_operator.py
[2025-02-22T17:23:27.397+0000] {logging_mixin.py:190} INFO - [2025-02-22T17:23:27.397+0000] {dag.py:3239} INFO - Sync 1 DAGs
[2025-02-22T17:23:27.402+0000] {logging_mixin.py:190} INFO - [2025-02-22T17:23:27.402+0000] {dag.py:4180} INFO - Setting next_dagrun for example_python_operator to None, run_after=None
[2025-02-22T17:23:27.409+0000] {processor.py:208} INFO - Processing /home/airflow/.local/lib/python3.12/site-packages/airflow/example_dags/example_python_operator.py took 0.029 seconds
[2025-02-22T17:23:57.701+0000] {processor.py:186} INFO - Started process (PID=1055) to work on /home/airflow/.local/lib/python3.12/site-packages/airflow/example_dags/example_python_operator.py
[2025-02-22T17:23:57.701+0000] {processor.py:914} INFO - Processing file /home/airflow/.local/lib/python3.12/site-packages/airflow/example_dags/example_python_operator.py for tasks to queue
[2025-02-22T17:23:57.702+0000] {logging_mixin.py:190} INFO - [2025-02-22T17:23:57.702+0000] {dagbag.py:588} INFO - Filling up the DagBag from /home/airflow/.local/lib/python3.12/site-packages/airflow/example_dags/example_python_operator.py
[2025-02-22T17:23:57.707+0000] {processor.py:925} INFO - DAG(s) 'example_python_operator' retrieved from /home/airflow/.local/lib/python3.12/site-packages/airflow/example_dags/example_python_operator.py
[2025-02-22T17:23:57.716+0000] {logging_mixin.py:190} INFO - [2025-02-22T17:23:57.716+0000] {dag.py:3239} INFO - Sync 1 DAGs
[2025-02-22T17:23:57.721+0000] {logging_mixin.py:190} INFO - [2025-02-22T17:23:57.721+0000] {dag.py:4180} INFO - Setting next_dagrun for example_python_operator to None, run_after=None
[2025-02-22T17:23:57.729+0000] {processor.py:208} INFO - Processing /home/airflow/.local/lib/python3.12/site-packages/airflow/example_dags/example_python_operator.py took 0.030 seconds
[2025-02-22T17:24:27.898+0000] {processor.py:186} INFO - Started process (PID=1118) to work on /home/airflow/.local/lib/python3.12/site-packages/airflow/example_dags/example_python_operator.py
[2025-02-22T17:24:27.900+0000] {processor.py:914} INFO - Processing file /home/airflow/.local/lib/python3.12/site-packages/airflow/example_dags/example_python_operator.py for tasks to queue
[2025-02-22T17:24:27.901+0000] {logging_mixin.py:190} INFO - [2025-02-22T17:24:27.901+0000] {dagbag.py:588} INFO - Filling up the DagBag from /home/airflow/.local/lib/python3.12/site-packages/airflow/example_dags/example_python_operator.py
[2025-02-22T17:24:27.905+0000] {processor.py:925} INFO - DAG(s) 'example_python_operator' retrieved from /home/airflow/.local/lib/python3.12/site-packages/airflow/example_dags/example_python_operator.py
[2025-02-22T17:24:27.913+0000] {logging_mixin.py:190} INFO - [2025-02-22T17:24:27.913+0000] {dag.py:3239} INFO - Sync 1 DAGs
[2025-02-22T17:24:27.919+0000] {logging_mixin.py:190} INFO - [2025-02-22T17:24:27.919+0000] {dag.py:4180} INFO - Setting next_dagrun for example_python_operator to None, run_after=None
[2025-02-22T17:24:27.925+0000] {processor.py:208} INFO - Processing /home/airflow/.local/lib/python3.12/site-packages/airflow/example_dags/example_python_operator.py took 0.029 seconds
[2025-02-22T17:24:58.107+0000] {processor.py:186} INFO - Started process (PID=1180) to work on /home/airflow/.local/lib/python3.12/site-packages/airflow/example_dags/example_python_operator.py
[2025-02-22T17:24:58.108+0000] {processor.py:914} INFO - Processing file /home/airflow/.local/lib/python3.12/site-packages/airflow/example_dags/example_python_operator.py for tasks to queue
[2025-02-22T17:24:58.109+0000] {logging_mixin.py:190} INFO - [2025-02-22T17:24:58.109+0000] {dagbag.py:588} INFO - Filling up the DagBag from /home/airflow/.local/lib/python3.12/site-packages/airflow/example_dags/example_python_operator.py
[2025-02-22T17:24:58.114+0000] {processor.py:925} INFO - DAG(s) 'example_python_operator' retrieved from /home/airflow/.local/lib/python3.12/site-packages/airflow/example_dags/example_python_operator.py
[2025-02-22T17:24:58.122+0000] {logging_mixin.py:190} INFO - [2025-02-22T17:24:58.122+0000] {dag.py:3239} INFO - Sync 1 DAGs
[2025-02-22T17:24:58.128+0000] {logging_mixin.py:190} INFO - [2025-02-22T17:24:58.128+0000] {dag.py:4180} INFO - Setting next_dagrun for example_python_operator to None, run_after=None
[2025-02-22T17:24:58.138+0000] {processor.py:208} INFO - Processing /home/airflow/.local/lib/python3.12/site-packages/airflow/example_dags/example_python_operator.py took 0.033 seconds
[2025-02-22T17:25:28.388+0000] {processor.py:186} INFO - Started process (PID=1243) to work on /home/airflow/.local/lib/python3.12/site-packages/airflow/example_dags/example_python_operator.py
[2025-02-22T17:25:28.390+0000] {processor.py:914} INFO - Processing file /home/airflow/.local/lib/python3.12/site-packages/airflow/example_dags/example_python_operator.py for tasks to queue
[2025-02-22T17:25:28.391+0000] {logging_mixin.py:190} INFO - [2025-02-22T17:25:28.391+0000] {dagbag.py:588} INFO - Filling up the DagBag from /home/airflow/.local/lib/python3.12/site-packages/airflow/example_dags/example_python_operator.py
[2025-02-22T17:25:28.395+0000] {processor.py:925} INFO - DAG(s) 'example_python_operator' retrieved from /home/airflow/.local/lib/python3.12/site-packages/airflow/example_dags/example_python_operator.py
[2025-02-22T17:25:28.404+0000] {logging_mixin.py:190} INFO - [2025-02-22T17:25:28.404+0000] {dag.py:3239} INFO - Sync 1 DAGs
[2025-02-22T17:25:28.412+0000] {logging_mixin.py:190} INFO - [2025-02-22T17:25:28.412+0000] {dag.py:4180} INFO - Setting next_dagrun for example_python_operator to None, run_after=None
[2025-02-22T17:25:28.419+0000] {processor.py:208} INFO - Processing /home/airflow/.local/lib/python3.12/site-packages/airflow/example_dags/example_python_operator.py took 0.034 seconds
[2025-02-22T17:25:58.656+0000] {processor.py:186} INFO - Started process (PID=1306) to work on /home/airflow/.local/lib/python3.12/site-packages/airflow/example_dags/example_python_operator.py
[2025-02-22T17:25:58.658+0000] {processor.py:914} INFO - Processing file /home/airflow/.local/lib/python3.12/site-packages/airflow/example_dags/example_python_operator.py for tasks to queue
[2025-02-22T17:25:58.659+0000] {logging_mixin.py:190} INFO - [2025-02-22T17:25:58.659+0000] {dagbag.py:588} INFO - Filling up the DagBag from /home/airflow/.local/lib/python3.12/site-packages/airflow/example_dags/example_python_operator.py
[2025-02-22T17:25:58.664+0000] {processor.py:925} INFO - DAG(s) 'example_python_operator' retrieved from /home/airflow/.local/lib/python3.12/site-packages/airflow/example_dags/example_python_operator.py
[2025-02-22T17:25:58.672+0000] {logging_mixin.py:190} INFO - [2025-02-22T17:25:58.672+0000] {dag.py:3239} INFO - Sync 1 DAGs
[2025-02-22T17:25:58.678+0000] {logging_mixin.py:190} INFO - [2025-02-22T17:25:58.677+0000] {dag.py:4180} INFO - Setting next_dagrun for example_python_operator to None, run_after=None
[2025-02-22T17:25:58.684+0000] {processor.py:208} INFO - Processing /home/airflow/.local/lib/python3.12/site-packages/airflow/example_dags/example_python_operator.py took 0.030 seconds
[2025-02-22T17:26:28.820+0000] {processor.py:186} INFO - Started process (PID=1369) to work on /home/airflow/.local/lib/python3.12/site-packages/airflow/example_dags/example_python_operator.py
[2025-02-22T17:26:28.820+0000] {processor.py:914} INFO - Processing file /home/airflow/.local/lib/python3.12/site-packages/airflow/example_dags/example_python_operator.py for tasks to queue
[2025-02-22T17:26:28.821+0000] {logging_mixin.py:190} INFO - [2025-02-22T17:26:28.821+0000] {dagbag.py:588} INFO - Filling up the DagBag from /home/airflow/.local/lib/python3.12/site-packages/airflow/example_dags/example_python_operator.py
[2025-02-22T17:26:28.826+0000] {processor.py:925} INFO - DAG(s) 'example_python_operator' retrieved from /home/airflow/.local/lib/python3.12/site-packages/airflow/example_dags/example_python_operator.py
[2025-02-22T17:26:28.834+0000] {logging_mixin.py:190} INFO - [2025-02-22T17:26:28.834+0000] {dag.py:3239} INFO - Sync 1 DAGs
[2025-02-22T17:26:28.840+0000] {logging_mixin.py:190} INFO - [2025-02-22T17:26:28.840+0000] {dag.py:4180} INFO - Setting next_dagrun for example_python_operator to None, run_after=None
[2025-02-22T17:26:28.850+0000] {processor.py:208} INFO - Processing /home/airflow/.local/lib/python3.12/site-packages/airflow/example_dags/example_python_operator.py took 0.032 seconds
