[2025-02-22T17:05:26.644+0000] {processor.py:186} INFO - Started process (PID=70) to work on /home/airflow/.local/lib/python3.12/site-packages/airflow/example_dags/example_inlet_event_extra.py
[2025-02-22T17:05:26.644+0000] {processor.py:914} INFO - Processing file /home/airflow/.local/lib/python3.12/site-packages/airflow/example_dags/example_inlet_event_extra.py for tasks to queue
[2025-02-22T17:05:26.645+0000] {logging_mixin.py:190} INFO - [2025-02-22T17:05:26.645+0000] {dagbag.py:588} INFO - Filling up the DagBag from /home/airflow/.local/lib/python3.12/site-packages/airflow/example_dags/example_inlet_event_extra.py
[2025-02-22T17:05:26.892+0000] {processor.py:925} INFO - DAG(s) 'read_dataset_event', 'read_dataset_event_from_classic' retrieved from /home/airflow/.local/lib/python3.12/site-packages/airflow/example_dags/example_inlet_event_extra.py
[2025-02-22T17:05:26.931+0000] {logging_mixin.py:190} INFO - [2025-02-22T17:05:26.931+0000] {override.py:1912} INFO - Created Permission View: can edit on DAG:read_dataset_event
[2025-02-22T17:05:26.935+0000] {logging_mixin.py:190} INFO - [2025-02-22T17:05:26.935+0000] {override.py:1912} INFO - Created Permission View: can delete on DAG:read_dataset_event
[2025-02-22T17:05:26.937+0000] {logging_mixin.py:190} INFO - [2025-02-22T17:05:26.937+0000] {override.py:1912} INFO - Created Permission View: can read on DAG:read_dataset_event
[2025-02-22T17:05:26.939+0000] {logging_mixin.py:190} INFO - [2025-02-22T17:05:26.939+0000] {override.py:1912} INFO - Created Permission View: menu access on DAG Run:read_dataset_event
[2025-02-22T17:05:26.941+0000] {logging_mixin.py:190} INFO - [2025-02-22T17:05:26.941+0000] {override.py:1912} INFO - Created Permission View: can create on DAG Run:read_dataset_event
[2025-02-22T17:05:26.944+0000] {logging_mixin.py:190} INFO - [2025-02-22T17:05:26.944+0000] {override.py:1912} INFO - Created Permission View: can delete on DAG Run:read_dataset_event
[2025-02-22T17:05:26.948+0000] {logging_mixin.py:190} INFO - [2025-02-22T17:05:26.948+0000] {override.py:1912} INFO - Created Permission View: can read on DAG Run:read_dataset_event
[2025-02-22T17:05:26.951+0000] {logging_mixin.py:190} INFO - [2025-02-22T17:05:26.951+0000] {override.py:1912} INFO - Created Permission View: can edit on DAG:read_dataset_event_from_classic
[2025-02-22T17:05:26.953+0000] {logging_mixin.py:190} INFO - [2025-02-22T17:05:26.953+0000] {override.py:1912} INFO - Created Permission View: can delete on DAG:read_dataset_event_from_classic
[2025-02-22T17:05:26.955+0000] {logging_mixin.py:190} INFO - [2025-02-22T17:05:26.955+0000] {override.py:1912} INFO - Created Permission View: can read on DAG:read_dataset_event_from_classic
[2025-02-22T17:05:26.957+0000] {logging_mixin.py:190} INFO - [2025-02-22T17:05:26.957+0000] {override.py:1912} INFO - Created Permission View: menu access on DAG Run:read_dataset_event_from_classic
[2025-02-22T17:05:26.958+0000] {logging_mixin.py:190} INFO - [2025-02-22T17:05:26.958+0000] {override.py:1912} INFO - Created Permission View: can create on DAG Run:read_dataset_event_from_classic
[2025-02-22T17:05:26.960+0000] {logging_mixin.py:190} INFO - [2025-02-22T17:05:26.960+0000] {override.py:1912} INFO - Created Permission View: can delete on DAG Run:read_dataset_event_from_classic
[2025-02-22T17:05:26.962+0000] {logging_mixin.py:190} INFO - [2025-02-22T17:05:26.962+0000] {override.py:1912} INFO - Created Permission View: can read on DAG Run:read_dataset_event_from_classic
[2025-02-22T17:05:26.962+0000] {logging_mixin.py:190} INFO - [2025-02-22T17:05:26.962+0000] {dag.py:3239} INFO - Sync 2 DAGs
[2025-02-22T17:05:26.967+0000] {logging_mixin.py:190} INFO - [2025-02-22T17:05:26.967+0000] {dag.py:3262} INFO - Creating ORM DAG for read_dataset_event
[2025-02-22T17:05:26.967+0000] {logging_mixin.py:190} INFO - [2025-02-22T17:05:26.967+0000] {dag.py:3262} INFO - Creating ORM DAG for read_dataset_event_from_classic
[2025-02-22T17:05:26.970+0000] {logging_mixin.py:190} INFO - [2025-02-22T17:05:26.970+0000] {dag.py:4180} INFO - Setting next_dagrun for read_dataset_event to 2025-02-21 00:00:00+00:00, run_after=2025-02-22 00:00:00+00:00
[2025-02-22T17:05:26.971+0000] {logging_mixin.py:190} INFO - [2025-02-22T17:05:26.971+0000] {dag.py:4180} INFO - Setting next_dagrun for read_dataset_event_from_classic to 2025-02-21 00:00:00+00:00, run_after=2025-02-22 00:00:00+00:00
[2025-02-22T17:05:26.977+0000] {processor.py:208} INFO - Processing /home/airflow/.local/lib/python3.12/site-packages/airflow/example_dags/example_inlet_event_extra.py took 0.336 seconds
[2025-02-22T17:05:57.508+0000] {processor.py:186} INFO - Started process (PID=133) to work on /home/airflow/.local/lib/python3.12/site-packages/airflow/example_dags/example_inlet_event_extra.py
[2025-02-22T17:05:57.509+0000] {processor.py:914} INFO - Processing file /home/airflow/.local/lib/python3.12/site-packages/airflow/example_dags/example_inlet_event_extra.py for tasks to queue
[2025-02-22T17:05:57.510+0000] {logging_mixin.py:190} INFO - [2025-02-22T17:05:57.509+0000] {dagbag.py:588} INFO - Filling up the DagBag from /home/airflow/.local/lib/python3.12/site-packages/airflow/example_dags/example_inlet_event_extra.py
[2025-02-22T17:05:57.723+0000] {processor.py:925} INFO - DAG(s) 'read_dataset_event_from_classic', 'read_dataset_event' retrieved from /home/airflow/.local/lib/python3.12/site-packages/airflow/example_dags/example_inlet_event_extra.py
[2025-02-22T17:05:57.730+0000] {logging_mixin.py:190} INFO - [2025-02-22T17:05:57.730+0000] {dag.py:3239} INFO - Sync 2 DAGs
[2025-02-22T17:05:57.737+0000] {logging_mixin.py:190} INFO - [2025-02-22T17:05:57.737+0000] {dag.py:4180} INFO - Setting next_dagrun for read_dataset_event to 2025-02-21 00:00:00+00:00, run_after=2025-02-22 00:00:00+00:00
[2025-02-22T17:05:57.739+0000] {logging_mixin.py:190} INFO - [2025-02-22T17:05:57.739+0000] {dag.py:4180} INFO - Setting next_dagrun for read_dataset_event_from_classic to 2025-02-21 00:00:00+00:00, run_after=2025-02-22 00:00:00+00:00
[2025-02-22T17:05:57.744+0000] {processor.py:208} INFO - Processing /home/airflow/.local/lib/python3.12/site-packages/airflow/example_dags/example_inlet_event_extra.py took 0.238 seconds
[2025-02-22T17:06:27.760+0000] {processor.py:186} INFO - Started process (PID=199) to work on /home/airflow/.local/lib/python3.12/site-packages/airflow/example_dags/example_inlet_event_extra.py
[2025-02-22T17:06:27.762+0000] {processor.py:914} INFO - Processing file /home/airflow/.local/lib/python3.12/site-packages/airflow/example_dags/example_inlet_event_extra.py for tasks to queue
[2025-02-22T17:06:27.762+0000] {logging_mixin.py:190} INFO - [2025-02-22T17:06:27.762+0000] {dagbag.py:588} INFO - Filling up the DagBag from /home/airflow/.local/lib/python3.12/site-packages/airflow/example_dags/example_inlet_event_extra.py
[2025-02-22T17:06:27.961+0000] {processor.py:925} INFO - DAG(s) 'read_dataset_event', 'read_dataset_event_from_classic' retrieved from /home/airflow/.local/lib/python3.12/site-packages/airflow/example_dags/example_inlet_event_extra.py
[2025-02-22T17:06:27.968+0000] {logging_mixin.py:190} INFO - [2025-02-22T17:06:27.968+0000] {dag.py:3239} INFO - Sync 2 DAGs
[2025-02-22T17:06:27.975+0000] {logging_mixin.py:190} INFO - [2025-02-22T17:06:27.975+0000] {dag.py:4180} INFO - Setting next_dagrun for read_dataset_event to 2025-02-21 00:00:00+00:00, run_after=2025-02-22 00:00:00+00:00
[2025-02-22T17:06:27.976+0000] {logging_mixin.py:190} INFO - [2025-02-22T17:06:27.976+0000] {dag.py:4180} INFO - Setting next_dagrun for read_dataset_event_from_classic to 2025-02-21 00:00:00+00:00, run_after=2025-02-22 00:00:00+00:00
[2025-02-22T17:06:27.981+0000] {processor.py:208} INFO - Processing /home/airflow/.local/lib/python3.12/site-packages/airflow/example_dags/example_inlet_event_extra.py took 0.223 seconds
[2025-02-22T17:06:58.677+0000] {processor.py:186} INFO - Started process (PID=258) to work on /home/airflow/.local/lib/python3.12/site-packages/airflow/example_dags/example_inlet_event_extra.py
[2025-02-22T17:06:58.677+0000] {processor.py:914} INFO - Processing file /home/airflow/.local/lib/python3.12/site-packages/airflow/example_dags/example_inlet_event_extra.py for tasks to queue
[2025-02-22T17:06:58.678+0000] {logging_mixin.py:190} INFO - [2025-02-22T17:06:58.678+0000] {dagbag.py:588} INFO - Filling up the DagBag from /home/airflow/.local/lib/python3.12/site-packages/airflow/example_dags/example_inlet_event_extra.py
[2025-02-22T17:06:58.895+0000] {processor.py:925} INFO - DAG(s) 'read_dataset_event_from_classic', 'read_dataset_event' retrieved from /home/airflow/.local/lib/python3.12/site-packages/airflow/example_dags/example_inlet_event_extra.py
[2025-02-22T17:06:58.904+0000] {logging_mixin.py:190} INFO - [2025-02-22T17:06:58.903+0000] {dag.py:3239} INFO - Sync 2 DAGs
[2025-02-22T17:06:58.912+0000] {logging_mixin.py:190} INFO - [2025-02-22T17:06:58.912+0000] {dag.py:4180} INFO - Setting next_dagrun for read_dataset_event to 2025-02-21 00:00:00+00:00, run_after=2025-02-22 00:00:00+00:00
[2025-02-22T17:06:58.914+0000] {logging_mixin.py:190} INFO - [2025-02-22T17:06:58.914+0000] {dag.py:4180} INFO - Setting next_dagrun for read_dataset_event_from_classic to 2025-02-21 00:00:00+00:00, run_after=2025-02-22 00:00:00+00:00
[2025-02-22T17:06:58.918+0000] {processor.py:208} INFO - Processing /home/airflow/.local/lib/python3.12/site-packages/airflow/example_dags/example_inlet_event_extra.py took 0.245 seconds
[2025-02-22T17:07:29.786+0000] {processor.py:186} INFO - Started process (PID=321) to work on /home/airflow/.local/lib/python3.12/site-packages/airflow/example_dags/example_inlet_event_extra.py
[2025-02-22T17:07:29.789+0000] {processor.py:914} INFO - Processing file /home/airflow/.local/lib/python3.12/site-packages/airflow/example_dags/example_inlet_event_extra.py for tasks to queue
[2025-02-22T17:07:29.790+0000] {logging_mixin.py:190} INFO - [2025-02-22T17:07:29.790+0000] {dagbag.py:588} INFO - Filling up the DagBag from /home/airflow/.local/lib/python3.12/site-packages/airflow/example_dags/example_inlet_event_extra.py
[2025-02-22T17:07:30.019+0000] {processor.py:925} INFO - DAG(s) 'read_dataset_event', 'read_dataset_event_from_classic' retrieved from /home/airflow/.local/lib/python3.12/site-packages/airflow/example_dags/example_inlet_event_extra.py
[2025-02-22T17:07:30.028+0000] {logging_mixin.py:190} INFO - [2025-02-22T17:07:30.028+0000] {dag.py:3239} INFO - Sync 2 DAGs
[2025-02-22T17:07:30.035+0000] {logging_mixin.py:190} INFO - [2025-02-22T17:07:30.035+0000] {dag.py:4180} INFO - Setting next_dagrun for read_dataset_event to 2025-02-21 00:00:00+00:00, run_after=2025-02-22 00:00:00+00:00
[2025-02-22T17:07:30.037+0000] {logging_mixin.py:190} INFO - [2025-02-22T17:07:30.037+0000] {dag.py:4180} INFO - Setting next_dagrun for read_dataset_event_from_classic to 2025-02-21 00:00:00+00:00, run_after=2025-02-22 00:00:00+00:00
[2025-02-22T17:07:30.042+0000] {processor.py:208} INFO - Processing /home/airflow/.local/lib/python3.12/site-packages/airflow/example_dags/example_inlet_event_extra.py took 0.261 seconds
[2025-02-22T17:08:00.862+0000] {processor.py:186} INFO - Started process (PID=383) to work on /home/airflow/.local/lib/python3.12/site-packages/airflow/example_dags/example_inlet_event_extra.py
[2025-02-22T17:08:00.863+0000] {processor.py:914} INFO - Processing file /home/airflow/.local/lib/python3.12/site-packages/airflow/example_dags/example_inlet_event_extra.py for tasks to queue
[2025-02-22T17:08:00.865+0000] {logging_mixin.py:190} INFO - [2025-02-22T17:08:00.865+0000] {dagbag.py:588} INFO - Filling up the DagBag from /home/airflow/.local/lib/python3.12/site-packages/airflow/example_dags/example_inlet_event_extra.py
[2025-02-22T17:08:01.100+0000] {processor.py:925} INFO - DAG(s) 'read_dataset_event', 'read_dataset_event_from_classic' retrieved from /home/airflow/.local/lib/python3.12/site-packages/airflow/example_dags/example_inlet_event_extra.py
[2025-02-22T17:08:01.108+0000] {logging_mixin.py:190} INFO - [2025-02-22T17:08:01.108+0000] {dag.py:3239} INFO - Sync 2 DAGs
[2025-02-22T17:08:01.115+0000] {logging_mixin.py:190} INFO - [2025-02-22T17:08:01.115+0000] {dag.py:4180} INFO - Setting next_dagrun for read_dataset_event to 2025-02-21 00:00:00+00:00, run_after=2025-02-22 00:00:00+00:00
[2025-02-22T17:08:01.117+0000] {logging_mixin.py:190} INFO - [2025-02-22T17:08:01.117+0000] {dag.py:4180} INFO - Setting next_dagrun for read_dataset_event_from_classic to 2025-02-21 00:00:00+00:00, run_after=2025-02-22 00:00:00+00:00
[2025-02-22T17:08:01.123+0000] {processor.py:208} INFO - Processing /home/airflow/.local/lib/python3.12/site-packages/airflow/example_dags/example_inlet_event_extra.py took 0.267 seconds
[2025-02-22T17:08:31.909+0000] {processor.py:186} INFO - Started process (PID=446) to work on /home/airflow/.local/lib/python3.12/site-packages/airflow/example_dags/example_inlet_event_extra.py
[2025-02-22T17:08:31.911+0000] {processor.py:914} INFO - Processing file /home/airflow/.local/lib/python3.12/site-packages/airflow/example_dags/example_inlet_event_extra.py for tasks to queue
[2025-02-22T17:08:31.912+0000] {logging_mixin.py:190} INFO - [2025-02-22T17:08:31.912+0000] {dagbag.py:588} INFO - Filling up the DagBag from /home/airflow/.local/lib/python3.12/site-packages/airflow/example_dags/example_inlet_event_extra.py
[2025-02-22T17:08:32.140+0000] {processor.py:925} INFO - DAG(s) 'read_dataset_event', 'read_dataset_event_from_classic' retrieved from /home/airflow/.local/lib/python3.12/site-packages/airflow/example_dags/example_inlet_event_extra.py
[2025-02-22T17:08:32.148+0000] {logging_mixin.py:190} INFO - [2025-02-22T17:08:32.148+0000] {dag.py:3239} INFO - Sync 2 DAGs
[2025-02-22T17:08:32.155+0000] {logging_mixin.py:190} INFO - [2025-02-22T17:08:32.155+0000] {dag.py:4180} INFO - Setting next_dagrun for read_dataset_event to 2025-02-21 00:00:00+00:00, run_after=2025-02-22 00:00:00+00:00
[2025-02-22T17:08:32.156+0000] {logging_mixin.py:190} INFO - [2025-02-22T17:08:32.156+0000] {dag.py:4180} INFO - Setting next_dagrun for read_dataset_event_from_classic to 2025-02-21 00:00:00+00:00, run_after=2025-02-22 00:00:00+00:00
[2025-02-22T17:08:32.161+0000] {processor.py:208} INFO - Processing /home/airflow/.local/lib/python3.12/site-packages/airflow/example_dags/example_inlet_event_extra.py took 0.256 seconds
[2025-02-22T17:09:02.900+0000] {processor.py:186} INFO - Started process (PID=509) to work on /home/airflow/.local/lib/python3.12/site-packages/airflow/example_dags/example_inlet_event_extra.py
[2025-02-22T17:09:02.901+0000] {processor.py:914} INFO - Processing file /home/airflow/.local/lib/python3.12/site-packages/airflow/example_dags/example_inlet_event_extra.py for tasks to queue
[2025-02-22T17:09:02.902+0000] {logging_mixin.py:190} INFO - [2025-02-22T17:09:02.902+0000] {dagbag.py:588} INFO - Filling up the DagBag from /home/airflow/.local/lib/python3.12/site-packages/airflow/example_dags/example_inlet_event_extra.py
[2025-02-22T17:09:03.118+0000] {processor.py:925} INFO - DAG(s) 'read_dataset_event_from_classic', 'read_dataset_event' retrieved from /home/airflow/.local/lib/python3.12/site-packages/airflow/example_dags/example_inlet_event_extra.py
[2025-02-22T17:09:03.126+0000] {logging_mixin.py:190} INFO - [2025-02-22T17:09:03.126+0000] {dag.py:3239} INFO - Sync 2 DAGs
[2025-02-22T17:09:03.133+0000] {logging_mixin.py:190} INFO - [2025-02-22T17:09:03.133+0000] {dag.py:4180} INFO - Setting next_dagrun for read_dataset_event to 2025-02-21 00:00:00+00:00, run_after=2025-02-22 00:00:00+00:00
[2025-02-22T17:09:03.134+0000] {logging_mixin.py:190} INFO - [2025-02-22T17:09:03.134+0000] {dag.py:4180} INFO - Setting next_dagrun for read_dataset_event_from_classic to 2025-02-21 00:00:00+00:00, run_after=2025-02-22 00:00:00+00:00
[2025-02-22T17:09:03.140+0000] {processor.py:208} INFO - Processing /home/airflow/.local/lib/python3.12/site-packages/airflow/example_dags/example_inlet_event_extra.py took 0.242 seconds
[2025-02-22T17:09:33.941+0000] {processor.py:186} INFO - Started process (PID=572) to work on /home/airflow/.local/lib/python3.12/site-packages/airflow/example_dags/example_inlet_event_extra.py
[2025-02-22T17:09:33.942+0000] {processor.py:914} INFO - Processing file /home/airflow/.local/lib/python3.12/site-packages/airflow/example_dags/example_inlet_event_extra.py for tasks to queue
[2025-02-22T17:09:33.944+0000] {logging_mixin.py:190} INFO - [2025-02-22T17:09:33.943+0000] {dagbag.py:588} INFO - Filling up the DagBag from /home/airflow/.local/lib/python3.12/site-packages/airflow/example_dags/example_inlet_event_extra.py
[2025-02-22T17:09:34.166+0000] {processor.py:925} INFO - DAG(s) 'read_dataset_event', 'read_dataset_event_from_classic' retrieved from /home/airflow/.local/lib/python3.12/site-packages/airflow/example_dags/example_inlet_event_extra.py
[2025-02-22T17:09:34.173+0000] {logging_mixin.py:190} INFO - [2025-02-22T17:09:34.173+0000] {dag.py:3239} INFO - Sync 2 DAGs
[2025-02-22T17:09:34.180+0000] {logging_mixin.py:190} INFO - [2025-02-22T17:09:34.180+0000] {dag.py:4180} INFO - Setting next_dagrun for read_dataset_event to 2025-02-21 00:00:00+00:00, run_after=2025-02-22 00:00:00+00:00
[2025-02-22T17:09:34.184+0000] {logging_mixin.py:190} INFO - [2025-02-22T17:09:34.183+0000] {dag.py:4180} INFO - Setting next_dagrun for read_dataset_event_from_classic to 2025-02-21 00:00:00+00:00, run_after=2025-02-22 00:00:00+00:00
[2025-02-22T17:09:34.191+0000] {processor.py:208} INFO - Processing /home/airflow/.local/lib/python3.12/site-packages/airflow/example_dags/example_inlet_event_extra.py took 0.254 seconds
[2025-02-22T17:10:04.910+0000] {processor.py:186} INFO - Started process (PID=635) to work on /home/airflow/.local/lib/python3.12/site-packages/airflow/example_dags/example_inlet_event_extra.py
[2025-02-22T17:10:04.912+0000] {processor.py:914} INFO - Processing file /home/airflow/.local/lib/python3.12/site-packages/airflow/example_dags/example_inlet_event_extra.py for tasks to queue
[2025-02-22T17:10:04.914+0000] {logging_mixin.py:190} INFO - [2025-02-22T17:10:04.914+0000] {dagbag.py:588} INFO - Filling up the DagBag from /home/airflow/.local/lib/python3.12/site-packages/airflow/example_dags/example_inlet_event_extra.py
[2025-02-22T17:10:05.136+0000] {processor.py:925} INFO - DAG(s) 'read_dataset_event', 'read_dataset_event_from_classic' retrieved from /home/airflow/.local/lib/python3.12/site-packages/airflow/example_dags/example_inlet_event_extra.py
[2025-02-22T17:10:05.144+0000] {logging_mixin.py:190} INFO - [2025-02-22T17:10:05.144+0000] {dag.py:3239} INFO - Sync 2 DAGs
[2025-02-22T17:10:05.151+0000] {logging_mixin.py:190} INFO - [2025-02-22T17:10:05.151+0000] {dag.py:4180} INFO - Setting next_dagrun for read_dataset_event to 2025-02-21 00:00:00+00:00, run_after=2025-02-22 00:00:00+00:00
[2025-02-22T17:10:05.153+0000] {logging_mixin.py:190} INFO - [2025-02-22T17:10:05.153+0000] {dag.py:4180} INFO - Setting next_dagrun for read_dataset_event_from_classic to 2025-02-21 00:00:00+00:00, run_after=2025-02-22 00:00:00+00:00
[2025-02-22T17:10:05.158+0000] {processor.py:208} INFO - Processing /home/airflow/.local/lib/python3.12/site-packages/airflow/example_dags/example_inlet_event_extra.py took 0.252 seconds
[2025-02-22T17:10:35.944+0000] {processor.py:186} INFO - Started process (PID=698) to work on /home/airflow/.local/lib/python3.12/site-packages/airflow/example_dags/example_inlet_event_extra.py
[2025-02-22T17:10:35.945+0000] {processor.py:914} INFO - Processing file /home/airflow/.local/lib/python3.12/site-packages/airflow/example_dags/example_inlet_event_extra.py for tasks to queue
[2025-02-22T17:10:35.946+0000] {logging_mixin.py:190} INFO - [2025-02-22T17:10:35.946+0000] {dagbag.py:588} INFO - Filling up the DagBag from /home/airflow/.local/lib/python3.12/site-packages/airflow/example_dags/example_inlet_event_extra.py
[2025-02-22T17:10:36.180+0000] {processor.py:925} INFO - DAG(s) 'read_dataset_event', 'read_dataset_event_from_classic' retrieved from /home/airflow/.local/lib/python3.12/site-packages/airflow/example_dags/example_inlet_event_extra.py
[2025-02-22T17:10:36.190+0000] {logging_mixin.py:190} INFO - [2025-02-22T17:10:36.190+0000] {dag.py:3239} INFO - Sync 2 DAGs
[2025-02-22T17:10:36.197+0000] {logging_mixin.py:190} INFO - [2025-02-22T17:10:36.197+0000] {dag.py:4180} INFO - Setting next_dagrun for read_dataset_event to 2025-02-21 00:00:00+00:00, run_after=2025-02-22 00:00:00+00:00
[2025-02-22T17:10:36.199+0000] {logging_mixin.py:190} INFO - [2025-02-22T17:10:36.199+0000] {dag.py:4180} INFO - Setting next_dagrun for read_dataset_event_from_classic to 2025-02-21 00:00:00+00:00, run_after=2025-02-22 00:00:00+00:00
[2025-02-22T17:10:36.204+0000] {processor.py:208} INFO - Processing /home/airflow/.local/lib/python3.12/site-packages/airflow/example_dags/example_inlet_event_extra.py took 0.264 seconds
[2025-02-22T17:11:06.969+0000] {processor.py:186} INFO - Started process (PID=761) to work on /home/airflow/.local/lib/python3.12/site-packages/airflow/example_dags/example_inlet_event_extra.py
[2025-02-22T17:11:06.971+0000] {processor.py:914} INFO - Processing file /home/airflow/.local/lib/python3.12/site-packages/airflow/example_dags/example_inlet_event_extra.py for tasks to queue
[2025-02-22T17:11:06.973+0000] {logging_mixin.py:190} INFO - [2025-02-22T17:11:06.973+0000] {dagbag.py:588} INFO - Filling up the DagBag from /home/airflow/.local/lib/python3.12/site-packages/airflow/example_dags/example_inlet_event_extra.py
[2025-02-22T17:11:07.185+0000] {processor.py:925} INFO - DAG(s) 'read_dataset_event', 'read_dataset_event_from_classic' retrieved from /home/airflow/.local/lib/python3.12/site-packages/airflow/example_dags/example_inlet_event_extra.py
[2025-02-22T17:11:07.193+0000] {logging_mixin.py:190} INFO - [2025-02-22T17:11:07.193+0000] {dag.py:3239} INFO - Sync 2 DAGs
[2025-02-22T17:11:07.200+0000] {logging_mixin.py:190} INFO - [2025-02-22T17:11:07.200+0000] {dag.py:4180} INFO - Setting next_dagrun for read_dataset_event to 2025-02-21 00:00:00+00:00, run_after=2025-02-22 00:00:00+00:00
[2025-02-22T17:11:07.201+0000] {logging_mixin.py:190} INFO - [2025-02-22T17:11:07.201+0000] {dag.py:4180} INFO - Setting next_dagrun for read_dataset_event_from_classic to 2025-02-21 00:00:00+00:00, run_after=2025-02-22 00:00:00+00:00
[2025-02-22T17:11:07.206+0000] {processor.py:208} INFO - Processing /home/airflow/.local/lib/python3.12/site-packages/airflow/example_dags/example_inlet_event_extra.py took 0.241 seconds
[2025-02-22T17:11:37.943+0000] {processor.py:186} INFO - Started process (PID=824) to work on /home/airflow/.local/lib/python3.12/site-packages/airflow/example_dags/example_inlet_event_extra.py
[2025-02-22T17:11:37.945+0000] {processor.py:914} INFO - Processing file /home/airflow/.local/lib/python3.12/site-packages/airflow/example_dags/example_inlet_event_extra.py for tasks to queue
[2025-02-22T17:11:37.949+0000] {logging_mixin.py:190} INFO - [2025-02-22T17:11:37.949+0000] {dagbag.py:588} INFO - Filling up the DagBag from /home/airflow/.local/lib/python3.12/site-packages/airflow/example_dags/example_inlet_event_extra.py
[2025-02-22T17:11:38.161+0000] {processor.py:925} INFO - DAG(s) 'read_dataset_event', 'read_dataset_event_from_classic' retrieved from /home/airflow/.local/lib/python3.12/site-packages/airflow/example_dags/example_inlet_event_extra.py
[2025-02-22T17:11:38.169+0000] {logging_mixin.py:190} INFO - [2025-02-22T17:11:38.169+0000] {dag.py:3239} INFO - Sync 2 DAGs
[2025-02-22T17:11:38.175+0000] {logging_mixin.py:190} INFO - [2025-02-22T17:11:38.175+0000] {dag.py:4180} INFO - Setting next_dagrun for read_dataset_event to 2025-02-21 00:00:00+00:00, run_after=2025-02-22 00:00:00+00:00
[2025-02-22T17:11:38.177+0000] {logging_mixin.py:190} INFO - [2025-02-22T17:11:38.177+0000] {dag.py:4180} INFO - Setting next_dagrun for read_dataset_event_from_classic to 2025-02-21 00:00:00+00:00, run_after=2025-02-22 00:00:00+00:00
[2025-02-22T17:11:38.182+0000] {processor.py:208} INFO - Processing /home/airflow/.local/lib/python3.12/site-packages/airflow/example_dags/example_inlet_event_extra.py took 0.243 seconds
[2025-02-22T17:12:08.913+0000] {processor.py:186} INFO - Started process (PID=887) to work on /home/airflow/.local/lib/python3.12/site-packages/airflow/example_dags/example_inlet_event_extra.py
[2025-02-22T17:12:08.914+0000] {processor.py:914} INFO - Processing file /home/airflow/.local/lib/python3.12/site-packages/airflow/example_dags/example_inlet_event_extra.py for tasks to queue
[2025-02-22T17:12:08.916+0000] {logging_mixin.py:190} INFO - [2025-02-22T17:12:08.916+0000] {dagbag.py:588} INFO - Filling up the DagBag from /home/airflow/.local/lib/python3.12/site-packages/airflow/example_dags/example_inlet_event_extra.py
[2025-02-22T17:12:09.129+0000] {processor.py:925} INFO - DAG(s) 'read_dataset_event', 'read_dataset_event_from_classic' retrieved from /home/airflow/.local/lib/python3.12/site-packages/airflow/example_dags/example_inlet_event_extra.py
[2025-02-22T17:12:09.138+0000] {logging_mixin.py:190} INFO - [2025-02-22T17:12:09.137+0000] {dag.py:3239} INFO - Sync 2 DAGs
[2025-02-22T17:12:09.145+0000] {logging_mixin.py:190} INFO - [2025-02-22T17:12:09.145+0000] {dag.py:4180} INFO - Setting next_dagrun for read_dataset_event to 2025-02-21 00:00:00+00:00, run_after=2025-02-22 00:00:00+00:00
[2025-02-22T17:12:09.146+0000] {logging_mixin.py:190} INFO - [2025-02-22T17:12:09.146+0000] {dag.py:4180} INFO - Setting next_dagrun for read_dataset_event_from_classic to 2025-02-21 00:00:00+00:00, run_after=2025-02-22 00:00:00+00:00
[2025-02-22T17:12:09.151+0000] {processor.py:208} INFO - Processing /home/airflow/.local/lib/python3.12/site-packages/airflow/example_dags/example_inlet_event_extra.py took 0.243 seconds
[2025-02-22T17:12:39.974+0000] {processor.py:186} INFO - Started process (PID=950) to work on /home/airflow/.local/lib/python3.12/site-packages/airflow/example_dags/example_inlet_event_extra.py
[2025-02-22T17:12:39.978+0000] {processor.py:914} INFO - Processing file /home/airflow/.local/lib/python3.12/site-packages/airflow/example_dags/example_inlet_event_extra.py for tasks to queue
[2025-02-22T17:12:39.980+0000] {logging_mixin.py:190} INFO - [2025-02-22T17:12:39.980+0000] {dagbag.py:588} INFO - Filling up the DagBag from /home/airflow/.local/lib/python3.12/site-packages/airflow/example_dags/example_inlet_event_extra.py
[2025-02-22T17:12:40.206+0000] {processor.py:925} INFO - DAG(s) 'read_dataset_event', 'read_dataset_event_from_classic' retrieved from /home/airflow/.local/lib/python3.12/site-packages/airflow/example_dags/example_inlet_event_extra.py
[2025-02-22T17:12:40.214+0000] {logging_mixin.py:190} INFO - [2025-02-22T17:12:40.214+0000] {dag.py:3239} INFO - Sync 2 DAGs
[2025-02-22T17:12:40.221+0000] {logging_mixin.py:190} INFO - [2025-02-22T17:12:40.221+0000] {dag.py:4180} INFO - Setting next_dagrun for read_dataset_event to 2025-02-21 00:00:00+00:00, run_after=2025-02-22 00:00:00+00:00
[2025-02-22T17:12:40.223+0000] {logging_mixin.py:190} INFO - [2025-02-22T17:12:40.223+0000] {dag.py:4180} INFO - Setting next_dagrun for read_dataset_event_from_classic to 2025-02-21 00:00:00+00:00, run_after=2025-02-22 00:00:00+00:00
[2025-02-22T17:12:40.227+0000] {processor.py:208} INFO - Processing /home/airflow/.local/lib/python3.12/site-packages/airflow/example_dags/example_inlet_event_extra.py took 0.259 seconds
[2025-02-22T17:13:10.921+0000] {processor.py:186} INFO - Started process (PID=1013) to work on /home/airflow/.local/lib/python3.12/site-packages/airflow/example_dags/example_inlet_event_extra.py
[2025-02-22T17:13:10.924+0000] {processor.py:914} INFO - Processing file /home/airflow/.local/lib/python3.12/site-packages/airflow/example_dags/example_inlet_event_extra.py for tasks to queue
[2025-02-22T17:13:10.926+0000] {logging_mixin.py:190} INFO - [2025-02-22T17:13:10.925+0000] {dagbag.py:588} INFO - Filling up the DagBag from /home/airflow/.local/lib/python3.12/site-packages/airflow/example_dags/example_inlet_event_extra.py
[2025-02-22T17:13:11.151+0000] {processor.py:925} INFO - DAG(s) 'read_dataset_event', 'read_dataset_event_from_classic' retrieved from /home/airflow/.local/lib/python3.12/site-packages/airflow/example_dags/example_inlet_event_extra.py
[2025-02-22T17:13:11.160+0000] {logging_mixin.py:190} INFO - [2025-02-22T17:13:11.160+0000] {dag.py:3239} INFO - Sync 2 DAGs
[2025-02-22T17:13:11.167+0000] {logging_mixin.py:190} INFO - [2025-02-22T17:13:11.167+0000] {dag.py:4180} INFO - Setting next_dagrun for read_dataset_event to 2025-02-21 00:00:00+00:00, run_after=2025-02-22 00:00:00+00:00
[2025-02-22T17:13:11.169+0000] {logging_mixin.py:190} INFO - [2025-02-22T17:13:11.169+0000] {dag.py:4180} INFO - Setting next_dagrun for read_dataset_event_from_classic to 2025-02-21 00:00:00+00:00, run_after=2025-02-22 00:00:00+00:00
[2025-02-22T17:13:11.174+0000] {processor.py:208} INFO - Processing /home/airflow/.local/lib/python3.12/site-packages/airflow/example_dags/example_inlet_event_extra.py took 0.258 seconds
[2025-02-22T17:15:54.976+0000] {processor.py:186} INFO - Started process (PID=64) to work on /home/airflow/.local/lib/python3.12/site-packages/airflow/example_dags/example_inlet_event_extra.py
[2025-02-22T17:15:54.977+0000] {processor.py:914} INFO - Processing file /home/airflow/.local/lib/python3.12/site-packages/airflow/example_dags/example_inlet_event_extra.py for tasks to queue
[2025-02-22T17:15:54.978+0000] {logging_mixin.py:190} INFO - [2025-02-22T17:15:54.978+0000] {dagbag.py:588} INFO - Filling up the DagBag from /home/airflow/.local/lib/python3.12/site-packages/airflow/example_dags/example_inlet_event_extra.py
[2025-02-22T17:15:55.270+0000] {processor.py:925} INFO - DAG(s) 'read_dataset_event', 'read_dataset_event_from_classic' retrieved from /home/airflow/.local/lib/python3.12/site-packages/airflow/example_dags/example_inlet_event_extra.py
[2025-02-22T17:15:55.281+0000] {logging_mixin.py:190} INFO - [2025-02-22T17:15:55.281+0000] {dag.py:3239} INFO - Sync 2 DAGs
[2025-02-22T17:15:55.294+0000] {logging_mixin.py:190} INFO - [2025-02-22T17:15:55.294+0000] {dag.py:4180} INFO - Setting next_dagrun for read_dataset_event to 2025-02-21 00:00:00+00:00, run_after=2025-02-22 00:00:00+00:00
[2025-02-22T17:15:55.296+0000] {logging_mixin.py:190} INFO - [2025-02-22T17:15:55.296+0000] {dag.py:4180} INFO - Setting next_dagrun for read_dataset_event_from_classic to 2025-02-21 00:00:00+00:00, run_after=2025-02-22 00:00:00+00:00
[2025-02-22T17:15:55.302+0000] {processor.py:208} INFO - Processing /home/airflow/.local/lib/python3.12/site-packages/airflow/example_dags/example_inlet_event_extra.py took 0.330 seconds
[2025-02-22T17:16:25.331+0000] {processor.py:186} INFO - Started process (PID=129) to work on /home/airflow/.local/lib/python3.12/site-packages/airflow/example_dags/example_inlet_event_extra.py
[2025-02-22T17:16:25.334+0000] {processor.py:914} INFO - Processing file /home/airflow/.local/lib/python3.12/site-packages/airflow/example_dags/example_inlet_event_extra.py for tasks to queue
[2025-02-22T17:16:25.335+0000] {logging_mixin.py:190} INFO - [2025-02-22T17:16:25.335+0000] {dagbag.py:588} INFO - Filling up the DagBag from /home/airflow/.local/lib/python3.12/site-packages/airflow/example_dags/example_inlet_event_extra.py
[2025-02-22T17:16:25.545+0000] {processor.py:925} INFO - DAG(s) 'read_dataset_event', 'read_dataset_event_from_classic' retrieved from /home/airflow/.local/lib/python3.12/site-packages/airflow/example_dags/example_inlet_event_extra.py
[2025-02-22T17:16:25.551+0000] {logging_mixin.py:190} INFO - [2025-02-22T17:16:25.551+0000] {dag.py:3239} INFO - Sync 2 DAGs
[2025-02-22T17:16:25.559+0000] {logging_mixin.py:190} INFO - [2025-02-22T17:16:25.559+0000] {dag.py:4180} INFO - Setting next_dagrun for read_dataset_event to 2025-02-21 00:00:00+00:00, run_after=2025-02-22 00:00:00+00:00
[2025-02-22T17:16:25.560+0000] {logging_mixin.py:190} INFO - [2025-02-22T17:16:25.560+0000] {dag.py:4180} INFO - Setting next_dagrun for read_dataset_event_from_classic to 2025-02-21 00:00:00+00:00, run_after=2025-02-22 00:00:00+00:00
[2025-02-22T17:16:25.565+0000] {processor.py:208} INFO - Processing /home/airflow/.local/lib/python3.12/site-packages/airflow/example_dags/example_inlet_event_extra.py took 0.236 seconds
[2025-02-22T17:16:55.595+0000] {processor.py:186} INFO - Started process (PID=192) to work on /home/airflow/.local/lib/python3.12/site-packages/airflow/example_dags/example_inlet_event_extra.py
[2025-02-22T17:16:55.595+0000] {processor.py:914} INFO - Processing file /home/airflow/.local/lib/python3.12/site-packages/airflow/example_dags/example_inlet_event_extra.py for tasks to queue
[2025-02-22T17:16:55.596+0000] {logging_mixin.py:190} INFO - [2025-02-22T17:16:55.596+0000] {dagbag.py:588} INFO - Filling up the DagBag from /home/airflow/.local/lib/python3.12/site-packages/airflow/example_dags/example_inlet_event_extra.py
[2025-02-22T17:16:55.794+0000] {processor.py:925} INFO - DAG(s) 'read_dataset_event_from_classic', 'read_dataset_event' retrieved from /home/airflow/.local/lib/python3.12/site-packages/airflow/example_dags/example_inlet_event_extra.py
[2025-02-22T17:16:55.801+0000] {logging_mixin.py:190} INFO - [2025-02-22T17:16:55.801+0000] {dag.py:3239} INFO - Sync 2 DAGs
[2025-02-22T17:16:55.807+0000] {logging_mixin.py:190} INFO - [2025-02-22T17:16:55.807+0000] {dag.py:4180} INFO - Setting next_dagrun for read_dataset_event to 2025-02-21 00:00:00+00:00, run_after=2025-02-22 00:00:00+00:00
[2025-02-22T17:16:55.809+0000] {logging_mixin.py:190} INFO - [2025-02-22T17:16:55.809+0000] {dag.py:4180} INFO - Setting next_dagrun for read_dataset_event_from_classic to 2025-02-21 00:00:00+00:00, run_after=2025-02-22 00:00:00+00:00
[2025-02-22T17:16:55.814+0000] {processor.py:208} INFO - Processing /home/airflow/.local/lib/python3.12/site-packages/airflow/example_dags/example_inlet_event_extra.py took 0.221 seconds
[2025-02-22T17:17:26.664+0000] {processor.py:186} INFO - Started process (PID=253) to work on /home/airflow/.local/lib/python3.12/site-packages/airflow/example_dags/example_inlet_event_extra.py
[2025-02-22T17:17:26.664+0000] {processor.py:914} INFO - Processing file /home/airflow/.local/lib/python3.12/site-packages/airflow/example_dags/example_inlet_event_extra.py for tasks to queue
[2025-02-22T17:17:26.665+0000] {logging_mixin.py:190} INFO - [2025-02-22T17:17:26.665+0000] {dagbag.py:588} INFO - Filling up the DagBag from /home/airflow/.local/lib/python3.12/site-packages/airflow/example_dags/example_inlet_event_extra.py
[2025-02-22T17:17:26.877+0000] {processor.py:925} INFO - DAG(s) 'read_dataset_event_from_classic', 'read_dataset_event' retrieved from /home/airflow/.local/lib/python3.12/site-packages/airflow/example_dags/example_inlet_event_extra.py
[2025-02-22T17:17:26.884+0000] {logging_mixin.py:190} INFO - [2025-02-22T17:17:26.884+0000] {dag.py:3239} INFO - Sync 2 DAGs
[2025-02-22T17:17:26.890+0000] {logging_mixin.py:190} INFO - [2025-02-22T17:17:26.890+0000] {dag.py:4180} INFO - Setting next_dagrun for read_dataset_event to 2025-02-21 00:00:00+00:00, run_after=2025-02-22 00:00:00+00:00
[2025-02-22T17:17:26.892+0000] {logging_mixin.py:190} INFO - [2025-02-22T17:17:26.892+0000] {dag.py:4180} INFO - Setting next_dagrun for read_dataset_event_from_classic to 2025-02-21 00:00:00+00:00, run_after=2025-02-22 00:00:00+00:00
[2025-02-22T17:17:26.896+0000] {processor.py:208} INFO - Processing /home/airflow/.local/lib/python3.12/site-packages/airflow/example_dags/example_inlet_event_extra.py took 0.235 seconds
[2025-02-22T17:17:57.001+0000] {processor.py:186} INFO - Started process (PID=319) to work on /home/airflow/.local/lib/python3.12/site-packages/airflow/example_dags/example_inlet_event_extra.py
[2025-02-22T17:17:57.002+0000] {processor.py:914} INFO - Processing file /home/airflow/.local/lib/python3.12/site-packages/airflow/example_dags/example_inlet_event_extra.py for tasks to queue
[2025-02-22T17:17:57.003+0000] {logging_mixin.py:190} INFO - [2025-02-22T17:17:57.003+0000] {dagbag.py:588} INFO - Filling up the DagBag from /home/airflow/.local/lib/python3.12/site-packages/airflow/example_dags/example_inlet_event_extra.py
[2025-02-22T17:17:57.199+0000] {processor.py:925} INFO - DAG(s) 'read_dataset_event_from_classic', 'read_dataset_event' retrieved from /home/airflow/.local/lib/python3.12/site-packages/airflow/example_dags/example_inlet_event_extra.py
[2025-02-22T17:17:57.205+0000] {logging_mixin.py:190} INFO - [2025-02-22T17:17:57.205+0000] {dag.py:3239} INFO - Sync 2 DAGs
[2025-02-22T17:17:57.212+0000] {logging_mixin.py:190} INFO - [2025-02-22T17:17:57.212+0000] {dag.py:4180} INFO - Setting next_dagrun for read_dataset_event to 2025-02-21 00:00:00+00:00, run_after=2025-02-22 00:00:00+00:00
[2025-02-22T17:17:57.213+0000] {logging_mixin.py:190} INFO - [2025-02-22T17:17:57.213+0000] {dag.py:4180} INFO - Setting next_dagrun for read_dataset_event_from_classic to 2025-02-21 00:00:00+00:00, run_after=2025-02-22 00:00:00+00:00
[2025-02-22T17:17:57.218+0000] {processor.py:208} INFO - Processing /home/airflow/.local/lib/python3.12/site-packages/airflow/example_dags/example_inlet_event_extra.py took 0.219 seconds
[2025-02-22T17:18:27.293+0000] {processor.py:186} INFO - Started process (PID=384) to work on /home/airflow/.local/lib/python3.12/site-packages/airflow/example_dags/example_inlet_event_extra.py
[2025-02-22T17:18:27.293+0000] {processor.py:914} INFO - Processing file /home/airflow/.local/lib/python3.12/site-packages/airflow/example_dags/example_inlet_event_extra.py for tasks to queue
[2025-02-22T17:18:27.294+0000] {logging_mixin.py:190} INFO - [2025-02-22T17:18:27.294+0000] {dagbag.py:588} INFO - Filling up the DagBag from /home/airflow/.local/lib/python3.12/site-packages/airflow/example_dags/example_inlet_event_extra.py
[2025-02-22T17:18:27.478+0000] {processor.py:925} INFO - DAG(s) 'read_dataset_event', 'read_dataset_event_from_classic' retrieved from /home/airflow/.local/lib/python3.12/site-packages/airflow/example_dags/example_inlet_event_extra.py
[2025-02-22T17:18:27.484+0000] {logging_mixin.py:190} INFO - [2025-02-22T17:18:27.484+0000] {dag.py:3239} INFO - Sync 2 DAGs
[2025-02-22T17:18:27.491+0000] {logging_mixin.py:190} INFO - [2025-02-22T17:18:27.491+0000] {dag.py:4180} INFO - Setting next_dagrun for read_dataset_event to 2025-02-21 00:00:00+00:00, run_after=2025-02-22 00:00:00+00:00
[2025-02-22T17:18:27.492+0000] {logging_mixin.py:190} INFO - [2025-02-22T17:18:27.492+0000] {dag.py:4180} INFO - Setting next_dagrun for read_dataset_event_from_classic to 2025-02-21 00:00:00+00:00, run_after=2025-02-22 00:00:00+00:00
[2025-02-22T17:18:27.497+0000] {processor.py:208} INFO - Processing /home/airflow/.local/lib/python3.12/site-packages/airflow/example_dags/example_inlet_event_extra.py took 0.206 seconds
[2025-02-22T17:18:58.215+0000] {processor.py:186} INFO - Started process (PID=447) to work on /home/airflow/.local/lib/python3.12/site-packages/airflow/example_dags/example_inlet_event_extra.py
[2025-02-22T17:18:58.218+0000] {processor.py:914} INFO - Processing file /home/airflow/.local/lib/python3.12/site-packages/airflow/example_dags/example_inlet_event_extra.py for tasks to queue
[2025-02-22T17:18:58.220+0000] {logging_mixin.py:190} INFO - [2025-02-22T17:18:58.220+0000] {dagbag.py:588} INFO - Filling up the DagBag from /home/airflow/.local/lib/python3.12/site-packages/airflow/example_dags/example_inlet_event_extra.py
[2025-02-22T17:18:58.455+0000] {processor.py:925} INFO - DAG(s) 'read_dataset_event_from_classic', 'read_dataset_event' retrieved from /home/airflow/.local/lib/python3.12/site-packages/airflow/example_dags/example_inlet_event_extra.py
[2025-02-22T17:18:58.464+0000] {logging_mixin.py:190} INFO - [2025-02-22T17:18:58.463+0000] {dag.py:3239} INFO - Sync 2 DAGs
[2025-02-22T17:18:58.471+0000] {logging_mixin.py:190} INFO - [2025-02-22T17:18:58.471+0000] {dag.py:4180} INFO - Setting next_dagrun for read_dataset_event to 2025-02-21 00:00:00+00:00, run_after=2025-02-22 00:00:00+00:00
[2025-02-22T17:18:58.473+0000] {logging_mixin.py:190} INFO - [2025-02-22T17:18:58.473+0000] {dag.py:4180} INFO - Setting next_dagrun for read_dataset_event_from_classic to 2025-02-21 00:00:00+00:00, run_after=2025-02-22 00:00:00+00:00
[2025-02-22T17:18:58.480+0000] {processor.py:208} INFO - Processing /home/airflow/.local/lib/python3.12/site-packages/airflow/example_dags/example_inlet_event_extra.py took 0.269 seconds
[2025-02-22T17:19:29.311+0000] {processor.py:186} INFO - Started process (PID=516) to work on /home/airflow/.local/lib/python3.12/site-packages/airflow/example_dags/example_inlet_event_extra.py
[2025-02-22T17:19:29.312+0000] {processor.py:914} INFO - Processing file /home/airflow/.local/lib/python3.12/site-packages/airflow/example_dags/example_inlet_event_extra.py for tasks to queue
[2025-02-22T17:19:29.315+0000] {logging_mixin.py:190} INFO - [2025-02-22T17:19:29.315+0000] {dagbag.py:588} INFO - Filling up the DagBag from /home/airflow/.local/lib/python3.12/site-packages/airflow/example_dags/example_inlet_event_extra.py
[2025-02-22T17:19:29.527+0000] {processor.py:925} INFO - DAG(s) 'read_dataset_event', 'read_dataset_event_from_classic' retrieved from /home/airflow/.local/lib/python3.12/site-packages/airflow/example_dags/example_inlet_event_extra.py
[2025-02-22T17:19:29.536+0000] {logging_mixin.py:190} INFO - [2025-02-22T17:19:29.536+0000] {dag.py:3239} INFO - Sync 2 DAGs
[2025-02-22T17:19:29.543+0000] {logging_mixin.py:190} INFO - [2025-02-22T17:19:29.543+0000] {dag.py:4180} INFO - Setting next_dagrun for read_dataset_event to 2025-02-21 00:00:00+00:00, run_after=2025-02-22 00:00:00+00:00
[2025-02-22T17:19:29.546+0000] {logging_mixin.py:190} INFO - [2025-02-22T17:19:29.546+0000] {dag.py:4180} INFO - Setting next_dagrun for read_dataset_event_from_classic to 2025-02-21 00:00:00+00:00, run_after=2025-02-22 00:00:00+00:00
[2025-02-22T17:19:29.553+0000] {processor.py:208} INFO - Processing /home/airflow/.local/lib/python3.12/site-packages/airflow/example_dags/example_inlet_event_extra.py took 0.246 seconds
[2025-02-22T17:20:00.470+0000] {processor.py:186} INFO - Started process (PID=579) to work on /home/airflow/.local/lib/python3.12/site-packages/airflow/example_dags/example_inlet_event_extra.py
[2025-02-22T17:20:00.474+0000] {processor.py:914} INFO - Processing file /home/airflow/.local/lib/python3.12/site-packages/airflow/example_dags/example_inlet_event_extra.py for tasks to queue
[2025-02-22T17:20:00.476+0000] {logging_mixin.py:190} INFO - [2025-02-22T17:20:00.475+0000] {dagbag.py:588} INFO - Filling up the DagBag from /home/airflow/.local/lib/python3.12/site-packages/airflow/example_dags/example_inlet_event_extra.py
[2025-02-22T17:20:00.711+0000] {processor.py:925} INFO - DAG(s) 'read_dataset_event_from_classic', 'read_dataset_event' retrieved from /home/airflow/.local/lib/python3.12/site-packages/airflow/example_dags/example_inlet_event_extra.py
[2025-02-22T17:20:00.720+0000] {logging_mixin.py:190} INFO - [2025-02-22T17:20:00.720+0000] {dag.py:3239} INFO - Sync 2 DAGs
[2025-02-22T17:20:00.728+0000] {logging_mixin.py:190} INFO - [2025-02-22T17:20:00.728+0000] {dag.py:4180} INFO - Setting next_dagrun for read_dataset_event to 2025-02-21 00:00:00+00:00, run_after=2025-02-22 00:00:00+00:00
[2025-02-22T17:20:00.730+0000] {logging_mixin.py:190} INFO - [2025-02-22T17:20:00.729+0000] {dag.py:4180} INFO - Setting next_dagrun for read_dataset_event_from_classic to 2025-02-21 00:00:00+00:00, run_after=2025-02-22 00:00:00+00:00
[2025-02-22T17:20:00.735+0000] {processor.py:208} INFO - Processing /home/airflow/.local/lib/python3.12/site-packages/airflow/example_dags/example_inlet_event_extra.py took 0.271 seconds
[2025-02-22T17:20:31.587+0000] {processor.py:186} INFO - Started process (PID=641) to work on /home/airflow/.local/lib/python3.12/site-packages/airflow/example_dags/example_inlet_event_extra.py
[2025-02-22T17:20:31.591+0000] {processor.py:914} INFO - Processing file /home/airflow/.local/lib/python3.12/site-packages/airflow/example_dags/example_inlet_event_extra.py for tasks to queue
[2025-02-22T17:20:31.592+0000] {logging_mixin.py:190} INFO - [2025-02-22T17:20:31.592+0000] {dagbag.py:588} INFO - Filling up the DagBag from /home/airflow/.local/lib/python3.12/site-packages/airflow/example_dags/example_inlet_event_extra.py
[2025-02-22T17:20:31.812+0000] {processor.py:925} INFO - DAG(s) 'read_dataset_event_from_classic', 'read_dataset_event' retrieved from /home/airflow/.local/lib/python3.12/site-packages/airflow/example_dags/example_inlet_event_extra.py
[2025-02-22T17:20:31.822+0000] {logging_mixin.py:190} INFO - [2025-02-22T17:20:31.822+0000] {dag.py:3239} INFO - Sync 2 DAGs
[2025-02-22T17:20:31.830+0000] {logging_mixin.py:190} INFO - [2025-02-22T17:20:31.829+0000] {dag.py:4180} INFO - Setting next_dagrun for read_dataset_event to 2025-02-21 00:00:00+00:00, run_after=2025-02-22 00:00:00+00:00
[2025-02-22T17:20:31.832+0000] {logging_mixin.py:190} INFO - [2025-02-22T17:20:31.832+0000] {dag.py:4180} INFO - Setting next_dagrun for read_dataset_event_from_classic to 2025-02-21 00:00:00+00:00, run_after=2025-02-22 00:00:00+00:00
[2025-02-22T17:20:31.843+0000] {processor.py:208} INFO - Processing /home/airflow/.local/lib/python3.12/site-packages/airflow/example_dags/example_inlet_event_extra.py took 0.259 seconds
[2025-02-22T17:21:02.784+0000] {processor.py:186} INFO - Started process (PID=704) to work on /home/airflow/.local/lib/python3.12/site-packages/airflow/example_dags/example_inlet_event_extra.py
[2025-02-22T17:21:02.786+0000] {processor.py:914} INFO - Processing file /home/airflow/.local/lib/python3.12/site-packages/airflow/example_dags/example_inlet_event_extra.py for tasks to queue
[2025-02-22T17:21:02.790+0000] {logging_mixin.py:190} INFO - [2025-02-22T17:21:02.790+0000] {dagbag.py:588} INFO - Filling up the DagBag from /home/airflow/.local/lib/python3.12/site-packages/airflow/example_dags/example_inlet_event_extra.py
[2025-02-22T17:21:03.014+0000] {processor.py:925} INFO - DAG(s) 'read_dataset_event', 'read_dataset_event_from_classic' retrieved from /home/airflow/.local/lib/python3.12/site-packages/airflow/example_dags/example_inlet_event_extra.py
[2025-02-22T17:21:03.023+0000] {logging_mixin.py:190} INFO - [2025-02-22T17:21:03.023+0000] {dag.py:3239} INFO - Sync 2 DAGs
[2025-02-22T17:21:03.031+0000] {logging_mixin.py:190} INFO - [2025-02-22T17:21:03.030+0000] {dag.py:4180} INFO - Setting next_dagrun for read_dataset_event to 2025-02-21 00:00:00+00:00, run_after=2025-02-22 00:00:00+00:00
[2025-02-22T17:21:03.032+0000] {logging_mixin.py:190} INFO - [2025-02-22T17:21:03.032+0000] {dag.py:4180} INFO - Setting next_dagrun for read_dataset_event_from_classic to 2025-02-21 00:00:00+00:00, run_after=2025-02-22 00:00:00+00:00
[2025-02-22T17:21:03.039+0000] {processor.py:208} INFO - Processing /home/airflow/.local/lib/python3.12/site-packages/airflow/example_dags/example_inlet_event_extra.py took 0.259 seconds
[2025-02-22T17:21:34.022+0000] {processor.py:186} INFO - Started process (PID=767) to work on /home/airflow/.local/lib/python3.12/site-packages/airflow/example_dags/example_inlet_event_extra.py
[2025-02-22T17:21:34.027+0000] {processor.py:914} INFO - Processing file /home/airflow/.local/lib/python3.12/site-packages/airflow/example_dags/example_inlet_event_extra.py for tasks to queue
[2025-02-22T17:21:34.030+0000] {logging_mixin.py:190} INFO - [2025-02-22T17:21:34.029+0000] {dagbag.py:588} INFO - Filling up the DagBag from /home/airflow/.local/lib/python3.12/site-packages/airflow/example_dags/example_inlet_event_extra.py
[2025-02-22T17:21:34.252+0000] {processor.py:925} INFO - DAG(s) 'read_dataset_event', 'read_dataset_event_from_classic' retrieved from /home/airflow/.local/lib/python3.12/site-packages/airflow/example_dags/example_inlet_event_extra.py
[2025-02-22T17:21:34.261+0000] {logging_mixin.py:190} INFO - [2025-02-22T17:21:34.261+0000] {dag.py:3239} INFO - Sync 2 DAGs
[2025-02-22T17:21:34.269+0000] {logging_mixin.py:190} INFO - [2025-02-22T17:21:34.269+0000] {dag.py:4180} INFO - Setting next_dagrun for read_dataset_event to 2025-02-21 00:00:00+00:00, run_after=2025-02-22 00:00:00+00:00
[2025-02-22T17:21:34.273+0000] {logging_mixin.py:190} INFO - [2025-02-22T17:21:34.273+0000] {dag.py:4180} INFO - Setting next_dagrun for read_dataset_event_from_classic to 2025-02-21 00:00:00+00:00, run_after=2025-02-22 00:00:00+00:00
[2025-02-22T17:21:34.279+0000] {processor.py:208} INFO - Processing /home/airflow/.local/lib/python3.12/site-packages/airflow/example_dags/example_inlet_event_extra.py took 0.262 seconds
[2025-02-22T17:22:05.290+0000] {processor.py:186} INFO - Started process (PID=830) to work on /home/airflow/.local/lib/python3.12/site-packages/airflow/example_dags/example_inlet_event_extra.py
[2025-02-22T17:22:05.291+0000] {processor.py:914} INFO - Processing file /home/airflow/.local/lib/python3.12/site-packages/airflow/example_dags/example_inlet_event_extra.py for tasks to queue
[2025-02-22T17:22:05.293+0000] {logging_mixin.py:190} INFO - [2025-02-22T17:22:05.292+0000] {dagbag.py:588} INFO - Filling up the DagBag from /home/airflow/.local/lib/python3.12/site-packages/airflow/example_dags/example_inlet_event_extra.py
[2025-02-22T17:22:05.518+0000] {processor.py:925} INFO - DAG(s) 'read_dataset_event', 'read_dataset_event_from_classic' retrieved from /home/airflow/.local/lib/python3.12/site-packages/airflow/example_dags/example_inlet_event_extra.py
[2025-02-22T17:22:05.525+0000] {logging_mixin.py:190} INFO - [2025-02-22T17:22:05.525+0000] {dag.py:3239} INFO - Sync 2 DAGs
[2025-02-22T17:22:05.533+0000] {logging_mixin.py:190} INFO - [2025-02-22T17:22:05.533+0000] {dag.py:4180} INFO - Setting next_dagrun for read_dataset_event to 2025-02-21 00:00:00+00:00, run_after=2025-02-22 00:00:00+00:00
[2025-02-22T17:22:05.535+0000] {logging_mixin.py:190} INFO - [2025-02-22T17:22:05.535+0000] {dag.py:4180} INFO - Setting next_dagrun for read_dataset_event_from_classic to 2025-02-21 00:00:00+00:00, run_after=2025-02-22 00:00:00+00:00
[2025-02-22T17:22:05.543+0000] {processor.py:208} INFO - Processing /home/airflow/.local/lib/python3.12/site-packages/airflow/example_dags/example_inlet_event_extra.py took 0.257 seconds
[2025-02-22T17:22:36.516+0000] {processor.py:186} INFO - Started process (PID=893) to work on /home/airflow/.local/lib/python3.12/site-packages/airflow/example_dags/example_inlet_event_extra.py
[2025-02-22T17:22:36.521+0000] {processor.py:914} INFO - Processing file /home/airflow/.local/lib/python3.12/site-packages/airflow/example_dags/example_inlet_event_extra.py for tasks to queue
[2025-02-22T17:22:36.524+0000] {logging_mixin.py:190} INFO - [2025-02-22T17:22:36.524+0000] {dagbag.py:588} INFO - Filling up the DagBag from /home/airflow/.local/lib/python3.12/site-packages/airflow/example_dags/example_inlet_event_extra.py
[2025-02-22T17:22:36.735+0000] {processor.py:925} INFO - DAG(s) 'read_dataset_event_from_classic', 'read_dataset_event' retrieved from /home/airflow/.local/lib/python3.12/site-packages/airflow/example_dags/example_inlet_event_extra.py
[2025-02-22T17:22:36.743+0000] {logging_mixin.py:190} INFO - [2025-02-22T17:22:36.743+0000] {dag.py:3239} INFO - Sync 2 DAGs
[2025-02-22T17:22:36.752+0000] {logging_mixin.py:190} INFO - [2025-02-22T17:22:36.752+0000] {dag.py:4180} INFO - Setting next_dagrun for read_dataset_event to 2025-02-21 00:00:00+00:00, run_after=2025-02-22 00:00:00+00:00
[2025-02-22T17:22:36.756+0000] {logging_mixin.py:190} INFO - [2025-02-22T17:22:36.756+0000] {dag.py:4180} INFO - Setting next_dagrun for read_dataset_event_from_classic to 2025-02-21 00:00:00+00:00, run_after=2025-02-22 00:00:00+00:00
[2025-02-22T17:22:36.764+0000] {processor.py:208} INFO - Processing /home/airflow/.local/lib/python3.12/site-packages/airflow/example_dags/example_inlet_event_extra.py took 0.253 seconds
[2025-02-22T17:23:07.749+0000] {processor.py:186} INFO - Started process (PID=956) to work on /home/airflow/.local/lib/python3.12/site-packages/airflow/example_dags/example_inlet_event_extra.py
[2025-02-22T17:23:07.751+0000] {processor.py:914} INFO - Processing file /home/airflow/.local/lib/python3.12/site-packages/airflow/example_dags/example_inlet_event_extra.py for tasks to queue
[2025-02-22T17:23:07.753+0000] {logging_mixin.py:190} INFO - [2025-02-22T17:23:07.753+0000] {dagbag.py:588} INFO - Filling up the DagBag from /home/airflow/.local/lib/python3.12/site-packages/airflow/example_dags/example_inlet_event_extra.py
[2025-02-22T17:23:07.966+0000] {processor.py:925} INFO - DAG(s) 'read_dataset_event', 'read_dataset_event_from_classic' retrieved from /home/airflow/.local/lib/python3.12/site-packages/airflow/example_dags/example_inlet_event_extra.py
[2025-02-22T17:23:07.976+0000] {logging_mixin.py:190} INFO - [2025-02-22T17:23:07.976+0000] {dag.py:3239} INFO - Sync 2 DAGs
[2025-02-22T17:23:07.983+0000] {logging_mixin.py:190} INFO - [2025-02-22T17:23:07.983+0000] {dag.py:4180} INFO - Setting next_dagrun for read_dataset_event to 2025-02-21 00:00:00+00:00, run_after=2025-02-22 00:00:00+00:00
[2025-02-22T17:23:07.986+0000] {logging_mixin.py:190} INFO - [2025-02-22T17:23:07.986+0000] {dag.py:4180} INFO - Setting next_dagrun for read_dataset_event_from_classic to 2025-02-21 00:00:00+00:00, run_after=2025-02-22 00:00:00+00:00
[2025-02-22T17:23:07.995+0000] {processor.py:208} INFO - Processing /home/airflow/.local/lib/python3.12/site-packages/airflow/example_dags/example_inlet_event_extra.py took 0.251 seconds
[2025-02-22T17:23:39.023+0000] {processor.py:186} INFO - Started process (PID=1019) to work on /home/airflow/.local/lib/python3.12/site-packages/airflow/example_dags/example_inlet_event_extra.py
[2025-02-22T17:23:39.026+0000] {processor.py:914} INFO - Processing file /home/airflow/.local/lib/python3.12/site-packages/airflow/example_dags/example_inlet_event_extra.py for tasks to queue
[2025-02-22T17:23:39.030+0000] {logging_mixin.py:190} INFO - [2025-02-22T17:23:39.029+0000] {dagbag.py:588} INFO - Filling up the DagBag from /home/airflow/.local/lib/python3.12/site-packages/airflow/example_dags/example_inlet_event_extra.py
[2025-02-22T17:23:39.245+0000] {processor.py:925} INFO - DAG(s) 'read_dataset_event', 'read_dataset_event_from_classic' retrieved from /home/airflow/.local/lib/python3.12/site-packages/airflow/example_dags/example_inlet_event_extra.py
[2025-02-22T17:23:39.253+0000] {logging_mixin.py:190} INFO - [2025-02-22T17:23:39.253+0000] {dag.py:3239} INFO - Sync 2 DAGs
[2025-02-22T17:23:39.260+0000] {logging_mixin.py:190} INFO - [2025-02-22T17:23:39.260+0000] {dag.py:4180} INFO - Setting next_dagrun for read_dataset_event to 2025-02-21 00:00:00+00:00, run_after=2025-02-22 00:00:00+00:00
[2025-02-22T17:23:39.262+0000] {logging_mixin.py:190} INFO - [2025-02-22T17:23:39.261+0000] {dag.py:4180} INFO - Setting next_dagrun for read_dataset_event_from_classic to 2025-02-21 00:00:00+00:00, run_after=2025-02-22 00:00:00+00:00
[2025-02-22T17:23:39.269+0000] {processor.py:208} INFO - Processing /home/airflow/.local/lib/python3.12/site-packages/airflow/example_dags/example_inlet_event_extra.py took 0.251 seconds
[2025-02-22T17:24:10.269+0000] {processor.py:186} INFO - Started process (PID=1082) to work on /home/airflow/.local/lib/python3.12/site-packages/airflow/example_dags/example_inlet_event_extra.py
[2025-02-22T17:24:10.271+0000] {processor.py:914} INFO - Processing file /home/airflow/.local/lib/python3.12/site-packages/airflow/example_dags/example_inlet_event_extra.py for tasks to queue
[2025-02-22T17:24:10.272+0000] {logging_mixin.py:190} INFO - [2025-02-22T17:24:10.272+0000] {dagbag.py:588} INFO - Filling up the DagBag from /home/airflow/.local/lib/python3.12/site-packages/airflow/example_dags/example_inlet_event_extra.py
[2025-02-22T17:24:10.496+0000] {processor.py:925} INFO - DAG(s) 'read_dataset_event_from_classic', 'read_dataset_event' retrieved from /home/airflow/.local/lib/python3.12/site-packages/airflow/example_dags/example_inlet_event_extra.py
[2025-02-22T17:24:10.504+0000] {logging_mixin.py:190} INFO - [2025-02-22T17:24:10.504+0000] {dag.py:3239} INFO - Sync 2 DAGs
[2025-02-22T17:24:10.511+0000] {logging_mixin.py:190} INFO - [2025-02-22T17:24:10.511+0000] {dag.py:4180} INFO - Setting next_dagrun for read_dataset_event to 2025-02-21 00:00:00+00:00, run_after=2025-02-22 00:00:00+00:00
[2025-02-22T17:24:10.516+0000] {logging_mixin.py:190} INFO - [2025-02-22T17:24:10.516+0000] {dag.py:4180} INFO - Setting next_dagrun for read_dataset_event_from_classic to 2025-02-21 00:00:00+00:00, run_after=2025-02-22 00:00:00+00:00
[2025-02-22T17:24:10.522+0000] {processor.py:208} INFO - Processing /home/airflow/.local/lib/python3.12/site-packages/airflow/example_dags/example_inlet_event_extra.py took 0.258 seconds
[2025-02-22T17:24:41.507+0000] {processor.py:186} INFO - Started process (PID=1144) to work on /home/airflow/.local/lib/python3.12/site-packages/airflow/example_dags/example_inlet_event_extra.py
[2025-02-22T17:24:41.512+0000] {processor.py:914} INFO - Processing file /home/airflow/.local/lib/python3.12/site-packages/airflow/example_dags/example_inlet_event_extra.py for tasks to queue
[2025-02-22T17:24:41.515+0000] {logging_mixin.py:190} INFO - [2025-02-22T17:24:41.515+0000] {dagbag.py:588} INFO - Filling up the DagBag from /home/airflow/.local/lib/python3.12/site-packages/airflow/example_dags/example_inlet_event_extra.py
[2025-02-22T17:24:41.727+0000] {processor.py:925} INFO - DAG(s) 'read_dataset_event', 'read_dataset_event_from_classic' retrieved from /home/airflow/.local/lib/python3.12/site-packages/airflow/example_dags/example_inlet_event_extra.py
[2025-02-22T17:24:41.735+0000] {logging_mixin.py:190} INFO - [2025-02-22T17:24:41.735+0000] {dag.py:3239} INFO - Sync 2 DAGs
[2025-02-22T17:24:41.742+0000] {logging_mixin.py:190} INFO - [2025-02-22T17:24:41.742+0000] {dag.py:4180} INFO - Setting next_dagrun for read_dataset_event to 2025-02-21 00:00:00+00:00, run_after=2025-02-22 00:00:00+00:00
[2025-02-22T17:24:41.746+0000] {logging_mixin.py:190} INFO - [2025-02-22T17:24:41.746+0000] {dag.py:4180} INFO - Setting next_dagrun for read_dataset_event_from_classic to 2025-02-21 00:00:00+00:00, run_after=2025-02-22 00:00:00+00:00
[2025-02-22T17:24:41.752+0000] {processor.py:208} INFO - Processing /home/airflow/.local/lib/python3.12/site-packages/airflow/example_dags/example_inlet_event_extra.py took 0.250 seconds
[2025-02-22T17:25:12.757+0000] {processor.py:186} INFO - Started process (PID=1207) to work on /home/airflow/.local/lib/python3.12/site-packages/airflow/example_dags/example_inlet_event_extra.py
[2025-02-22T17:25:12.761+0000] {processor.py:914} INFO - Processing file /home/airflow/.local/lib/python3.12/site-packages/airflow/example_dags/example_inlet_event_extra.py for tasks to queue
[2025-02-22T17:25:12.766+0000] {logging_mixin.py:190} INFO - [2025-02-22T17:25:12.765+0000] {dagbag.py:588} INFO - Filling up the DagBag from /home/airflow/.local/lib/python3.12/site-packages/airflow/example_dags/example_inlet_event_extra.py
[2025-02-22T17:25:12.981+0000] {processor.py:925} INFO - DAG(s) 'read_dataset_event_from_classic', 'read_dataset_event' retrieved from /home/airflow/.local/lib/python3.12/site-packages/airflow/example_dags/example_inlet_event_extra.py
[2025-02-22T17:25:12.990+0000] {logging_mixin.py:190} INFO - [2025-02-22T17:25:12.990+0000] {dag.py:3239} INFO - Sync 2 DAGs
[2025-02-22T17:25:12.998+0000] {logging_mixin.py:190} INFO - [2025-02-22T17:25:12.998+0000] {dag.py:4180} INFO - Setting next_dagrun for read_dataset_event to 2025-02-21 00:00:00+00:00, run_after=2025-02-22 00:00:00+00:00
[2025-02-22T17:25:13.002+0000] {logging_mixin.py:190} INFO - [2025-02-22T17:25:13.002+0000] {dag.py:4180} INFO - Setting next_dagrun for read_dataset_event_from_classic to 2025-02-21 00:00:00+00:00, run_after=2025-02-22 00:00:00+00:00
[2025-02-22T17:25:13.009+0000] {processor.py:208} INFO - Processing /home/airflow/.local/lib/python3.12/site-packages/airflow/example_dags/example_inlet_event_extra.py took 0.257 seconds
[2025-02-22T17:25:44.034+0000] {processor.py:186} INFO - Started process (PID=1270) to work on /home/airflow/.local/lib/python3.12/site-packages/airflow/example_dags/example_inlet_event_extra.py
[2025-02-22T17:25:44.034+0000] {processor.py:914} INFO - Processing file /home/airflow/.local/lib/python3.12/site-packages/airflow/example_dags/example_inlet_event_extra.py for tasks to queue
[2025-02-22T17:25:44.039+0000] {logging_mixin.py:190} INFO - [2025-02-22T17:25:44.039+0000] {dagbag.py:588} INFO - Filling up the DagBag from /home/airflow/.local/lib/python3.12/site-packages/airflow/example_dags/example_inlet_event_extra.py
[2025-02-22T17:25:44.249+0000] {processor.py:925} INFO - DAG(s) 'read_dataset_event', 'read_dataset_event_from_classic' retrieved from /home/airflow/.local/lib/python3.12/site-packages/airflow/example_dags/example_inlet_event_extra.py
[2025-02-22T17:25:44.258+0000] {logging_mixin.py:190} INFO - [2025-02-22T17:25:44.257+0000] {dag.py:3239} INFO - Sync 2 DAGs
[2025-02-22T17:25:44.266+0000] {logging_mixin.py:190} INFO - [2025-02-22T17:25:44.266+0000] {dag.py:4180} INFO - Setting next_dagrun for read_dataset_event to 2025-02-21 00:00:00+00:00, run_after=2025-02-22 00:00:00+00:00
[2025-02-22T17:25:44.271+0000] {logging_mixin.py:190} INFO - [2025-02-22T17:25:44.271+0000] {dag.py:4180} INFO - Setting next_dagrun for read_dataset_event_from_classic to 2025-02-21 00:00:00+00:00, run_after=2025-02-22 00:00:00+00:00
[2025-02-22T17:25:44.278+0000] {processor.py:208} INFO - Processing /home/airflow/.local/lib/python3.12/site-packages/airflow/example_dags/example_inlet_event_extra.py took 0.250 seconds
[2025-02-22T17:26:15.313+0000] {processor.py:186} INFO - Started process (PID=1333) to work on /home/airflow/.local/lib/python3.12/site-packages/airflow/example_dags/example_inlet_event_extra.py
[2025-02-22T17:26:15.315+0000] {processor.py:914} INFO - Processing file /home/airflow/.local/lib/python3.12/site-packages/airflow/example_dags/example_inlet_event_extra.py for tasks to queue
[2025-02-22T17:26:15.320+0000] {logging_mixin.py:190} INFO - [2025-02-22T17:26:15.319+0000] {dagbag.py:588} INFO - Filling up the DagBag from /home/airflow/.local/lib/python3.12/site-packages/airflow/example_dags/example_inlet_event_extra.py
[2025-02-22T17:26:15.530+0000] {processor.py:925} INFO - DAG(s) 'read_dataset_event_from_classic', 'read_dataset_event' retrieved from /home/airflow/.local/lib/python3.12/site-packages/airflow/example_dags/example_inlet_event_extra.py
[2025-02-22T17:26:15.542+0000] {logging_mixin.py:190} INFO - [2025-02-22T17:26:15.542+0000] {dag.py:3239} INFO - Sync 2 DAGs
[2025-02-22T17:26:15.550+0000] {logging_mixin.py:190} INFO - [2025-02-22T17:26:15.549+0000] {dag.py:4180} INFO - Setting next_dagrun for read_dataset_event to 2025-02-21 00:00:00+00:00, run_after=2025-02-22 00:00:00+00:00
[2025-02-22T17:26:15.551+0000] {logging_mixin.py:190} INFO - [2025-02-22T17:26:15.551+0000] {dag.py:4180} INFO - Setting next_dagrun for read_dataset_event_from_classic to 2025-02-21 00:00:00+00:00, run_after=2025-02-22 00:00:00+00:00
[2025-02-22T17:26:15.559+0000] {processor.py:208} INFO - Processing /home/airflow/.local/lib/python3.12/site-packages/airflow/example_dags/example_inlet_event_extra.py took 0.251 seconds
