[2025-02-22T17:05:28.489+0000] {processor.py:186} INFO - Started process (PID=98) to work on /home/airflow/.local/lib/python3.12/site-packages/airflow/example_dags/example_latest_only.py
[2025-02-22T17:05:28.489+0000] {processor.py:914} INFO - Processing file /home/airflow/.local/lib/python3.12/site-packages/airflow/example_dags/example_latest_only.py for tasks to queue
[2025-02-22T17:05:28.490+0000] {logging_mixin.py:190} INFO - [2025-02-22T17:05:28.490+0000] {dagbag.py:588} INFO - Filling up the DagBag from /home/airflow/.local/lib/python3.12/site-packages/airflow/example_dags/example_latest_only.py
[2025-02-22T17:05:28.495+0000] {processor.py:925} INFO - DAG(s) 'latest_only' retrieved from /home/airflow/.local/lib/python3.12/site-packages/airflow/example_dags/example_latest_only.py
[2025-02-22T17:05:28.533+0000] {logging_mixin.py:190} INFO - [2025-02-22T17:05:28.532+0000] {override.py:1912} INFO - Created Permission View: can edit on DAG:latest_only
[2025-02-22T17:05:28.536+0000] {logging_mixin.py:190} INFO - [2025-02-22T17:05:28.536+0000] {override.py:1912} INFO - Created Permission View: can delete on DAG:latest_only
[2025-02-22T17:05:28.540+0000] {logging_mixin.py:190} INFO - [2025-02-22T17:05:28.540+0000] {override.py:1912} INFO - Created Permission View: can read on DAG:latest_only
[2025-02-22T17:05:28.542+0000] {logging_mixin.py:190} INFO - [2025-02-22T17:05:28.542+0000] {override.py:1912} INFO - Created Permission View: menu access on DAG Run:latest_only
[2025-02-22T17:05:28.544+0000] {logging_mixin.py:190} INFO - [2025-02-22T17:05:28.544+0000] {override.py:1912} INFO - Created Permission View: can create on DAG Run:latest_only
[2025-02-22T17:05:28.545+0000] {logging_mixin.py:190} INFO - [2025-02-22T17:05:28.545+0000] {override.py:1912} INFO - Created Permission View: can delete on DAG Run:latest_only
[2025-02-22T17:05:28.547+0000] {logging_mixin.py:190} INFO - [2025-02-22T17:05:28.547+0000] {override.py:1912} INFO - Created Permission View: can read on DAG Run:latest_only
[2025-02-22T17:05:28.547+0000] {logging_mixin.py:190} INFO - [2025-02-22T17:05:28.547+0000] {dag.py:3239} INFO - Sync 1 DAGs
[2025-02-22T17:05:28.551+0000] {logging_mixin.py:190} INFO - [2025-02-22T17:05:28.551+0000] {dag.py:3262} INFO - Creating ORM DAG for latest_only
[2025-02-22T17:05:28.555+0000] {logging_mixin.py:190} INFO - [2025-02-22T17:05:28.554+0000] {dag.py:4180} INFO - Setting next_dagrun for latest_only to 2025-02-22 12:00:00+00:00, run_after=2025-02-22 16:00:00+00:00
[2025-02-22T17:05:28.560+0000] {processor.py:208} INFO - Processing /home/airflow/.local/lib/python3.12/site-packages/airflow/example_dags/example_latest_only.py took 0.073 seconds
[2025-02-22T17:05:58.571+0000] {processor.py:186} INFO - Started process (PID=161) to work on /home/airflow/.local/lib/python3.12/site-packages/airflow/example_dags/example_latest_only.py
[2025-02-22T17:05:58.571+0000] {processor.py:914} INFO - Processing file /home/airflow/.local/lib/python3.12/site-packages/airflow/example_dags/example_latest_only.py for tasks to queue
[2025-02-22T17:05:58.572+0000] {logging_mixin.py:190} INFO - [2025-02-22T17:05:58.572+0000] {dagbag.py:588} INFO - Filling up the DagBag from /home/airflow/.local/lib/python3.12/site-packages/airflow/example_dags/example_latest_only.py
[2025-02-22T17:05:58.574+0000] {processor.py:925} INFO - DAG(s) 'latest_only' retrieved from /home/airflow/.local/lib/python3.12/site-packages/airflow/example_dags/example_latest_only.py
[2025-02-22T17:05:58.581+0000] {logging_mixin.py:190} INFO - [2025-02-22T17:05:58.581+0000] {dag.py:3239} INFO - Sync 1 DAGs
[2025-02-22T17:05:58.587+0000] {logging_mixin.py:190} INFO - [2025-02-22T17:05:58.587+0000] {dag.py:4180} INFO - Setting next_dagrun for latest_only to 2025-02-22 12:00:00+00:00, run_after=2025-02-22 16:00:00+00:00
[2025-02-22T17:05:58.592+0000] {processor.py:208} INFO - Processing /home/airflow/.local/lib/python3.12/site-packages/airflow/example_dags/example_latest_only.py took 0.024 seconds
[2025-02-22T17:06:28.873+0000] {processor.py:186} INFO - Started process (PID=224) to work on /home/airflow/.local/lib/python3.12/site-packages/airflow/example_dags/example_latest_only.py
[2025-02-22T17:06:28.874+0000] {processor.py:914} INFO - Processing file /home/airflow/.local/lib/python3.12/site-packages/airflow/example_dags/example_latest_only.py for tasks to queue
[2025-02-22T17:06:28.875+0000] {logging_mixin.py:190} INFO - [2025-02-22T17:06:28.875+0000] {dagbag.py:588} INFO - Filling up the DagBag from /home/airflow/.local/lib/python3.12/site-packages/airflow/example_dags/example_latest_only.py
[2025-02-22T17:06:28.878+0000] {processor.py:925} INFO - DAG(s) 'latest_only' retrieved from /home/airflow/.local/lib/python3.12/site-packages/airflow/example_dags/example_latest_only.py
[2025-02-22T17:06:28.886+0000] {logging_mixin.py:190} INFO - [2025-02-22T17:06:28.886+0000] {dag.py:3239} INFO - Sync 1 DAGs
[2025-02-22T17:06:28.894+0000] {logging_mixin.py:190} INFO - [2025-02-22T17:06:28.894+0000] {dag.py:4180} INFO - Setting next_dagrun for latest_only to 2025-02-22 12:00:00+00:00, run_after=2025-02-22 16:00:00+00:00
[2025-02-22T17:06:28.901+0000] {processor.py:208} INFO - Processing /home/airflow/.local/lib/python3.12/site-packages/airflow/example_dags/example_latest_only.py took 0.030 seconds
[2025-02-22T17:06:59.890+0000] {processor.py:186} INFO - Started process (PID=286) to work on /home/airflow/.local/lib/python3.12/site-packages/airflow/example_dags/example_latest_only.py
[2025-02-22T17:06:59.892+0000] {processor.py:914} INFO - Processing file /home/airflow/.local/lib/python3.12/site-packages/airflow/example_dags/example_latest_only.py for tasks to queue
[2025-02-22T17:06:59.896+0000] {logging_mixin.py:190} INFO - [2025-02-22T17:06:59.896+0000] {dagbag.py:588} INFO - Filling up the DagBag from /home/airflow/.local/lib/python3.12/site-packages/airflow/example_dags/example_latest_only.py
[2025-02-22T17:06:59.898+0000] {processor.py:925} INFO - DAG(s) 'latest_only' retrieved from /home/airflow/.local/lib/python3.12/site-packages/airflow/example_dags/example_latest_only.py
[2025-02-22T17:06:59.907+0000] {logging_mixin.py:190} INFO - [2025-02-22T17:06:59.907+0000] {dag.py:3239} INFO - Sync 1 DAGs
[2025-02-22T17:06:59.916+0000] {logging_mixin.py:190} INFO - [2025-02-22T17:06:59.916+0000] {dag.py:4180} INFO - Setting next_dagrun for latest_only to 2025-02-22 12:00:00+00:00, run_after=2025-02-22 16:00:00+00:00
[2025-02-22T17:06:59.922+0000] {processor.py:208} INFO - Processing /home/airflow/.local/lib/python3.12/site-packages/airflow/example_dags/example_latest_only.py took 0.034 seconds
[2025-02-22T17:07:31.002+0000] {processor.py:186} INFO - Started process (PID=349) to work on /home/airflow/.local/lib/python3.12/site-packages/airflow/example_dags/example_latest_only.py
[2025-02-22T17:07:31.004+0000] {processor.py:914} INFO - Processing file /home/airflow/.local/lib/python3.12/site-packages/airflow/example_dags/example_latest_only.py for tasks to queue
[2025-02-22T17:07:31.005+0000] {logging_mixin.py:190} INFO - [2025-02-22T17:07:31.005+0000] {dagbag.py:588} INFO - Filling up the DagBag from /home/airflow/.local/lib/python3.12/site-packages/airflow/example_dags/example_latest_only.py
[2025-02-22T17:07:31.009+0000] {processor.py:925} INFO - DAG(s) 'latest_only' retrieved from /home/airflow/.local/lib/python3.12/site-packages/airflow/example_dags/example_latest_only.py
[2025-02-22T17:07:31.017+0000] {logging_mixin.py:190} INFO - [2025-02-22T17:07:31.017+0000] {dag.py:3239} INFO - Sync 1 DAGs
[2025-02-22T17:07:31.025+0000] {logging_mixin.py:190} INFO - [2025-02-22T17:07:31.025+0000] {dag.py:4180} INFO - Setting next_dagrun for latest_only to 2025-02-22 12:00:00+00:00, run_after=2025-02-22 16:00:00+00:00
[2025-02-22T17:07:31.031+0000] {processor.py:208} INFO - Processing /home/airflow/.local/lib/python3.12/site-packages/airflow/example_dags/example_latest_only.py took 0.031 seconds
[2025-02-22T17:08:02.012+0000] {processor.py:186} INFO - Started process (PID=411) to work on /home/airflow/.local/lib/python3.12/site-packages/airflow/example_dags/example_latest_only.py
[2025-02-22T17:08:02.013+0000] {processor.py:914} INFO - Processing file /home/airflow/.local/lib/python3.12/site-packages/airflow/example_dags/example_latest_only.py for tasks to queue
[2025-02-22T17:08:02.013+0000] {logging_mixin.py:190} INFO - [2025-02-22T17:08:02.013+0000] {dagbag.py:588} INFO - Filling up the DagBag from /home/airflow/.local/lib/python3.12/site-packages/airflow/example_dags/example_latest_only.py
[2025-02-22T17:08:02.016+0000] {processor.py:925} INFO - DAG(s) 'latest_only' retrieved from /home/airflow/.local/lib/python3.12/site-packages/airflow/example_dags/example_latest_only.py
[2025-02-22T17:08:02.023+0000] {logging_mixin.py:190} INFO - [2025-02-22T17:08:02.023+0000] {dag.py:3239} INFO - Sync 1 DAGs
[2025-02-22T17:08:02.032+0000] {logging_mixin.py:190} INFO - [2025-02-22T17:08:02.032+0000] {dag.py:4180} INFO - Setting next_dagrun for latest_only to 2025-02-22 12:00:00+00:00, run_after=2025-02-22 16:00:00+00:00
[2025-02-22T17:08:02.039+0000] {processor.py:208} INFO - Processing /home/airflow/.local/lib/python3.12/site-packages/airflow/example_dags/example_latest_only.py took 0.029 seconds
[2025-02-22T17:08:33.061+0000] {processor.py:186} INFO - Started process (PID=474) to work on /home/airflow/.local/lib/python3.12/site-packages/airflow/example_dags/example_latest_only.py
[2025-02-22T17:08:33.061+0000] {processor.py:914} INFO - Processing file /home/airflow/.local/lib/python3.12/site-packages/airflow/example_dags/example_latest_only.py for tasks to queue
[2025-02-22T17:08:33.062+0000] {logging_mixin.py:190} INFO - [2025-02-22T17:08:33.062+0000] {dagbag.py:588} INFO - Filling up the DagBag from /home/airflow/.local/lib/python3.12/site-packages/airflow/example_dags/example_latest_only.py
[2025-02-22T17:08:33.065+0000] {processor.py:925} INFO - DAG(s) 'latest_only' retrieved from /home/airflow/.local/lib/python3.12/site-packages/airflow/example_dags/example_latest_only.py
[2025-02-22T17:08:33.073+0000] {logging_mixin.py:190} INFO - [2025-02-22T17:08:33.073+0000] {dag.py:3239} INFO - Sync 1 DAGs
[2025-02-22T17:08:33.081+0000] {logging_mixin.py:190} INFO - [2025-02-22T17:08:33.081+0000] {dag.py:4180} INFO - Setting next_dagrun for latest_only to 2025-02-22 12:00:00+00:00, run_after=2025-02-22 16:00:00+00:00
[2025-02-22T17:08:33.087+0000] {processor.py:208} INFO - Processing /home/airflow/.local/lib/python3.12/site-packages/airflow/example_dags/example_latest_only.py took 0.028 seconds
[2025-02-22T17:09:04.025+0000] {processor.py:186} INFO - Started process (PID=537) to work on /home/airflow/.local/lib/python3.12/site-packages/airflow/example_dags/example_latest_only.py
[2025-02-22T17:09:04.026+0000] {processor.py:914} INFO - Processing file /home/airflow/.local/lib/python3.12/site-packages/airflow/example_dags/example_latest_only.py for tasks to queue
[2025-02-22T17:09:04.026+0000] {logging_mixin.py:190} INFO - [2025-02-22T17:09:04.026+0000] {dagbag.py:588} INFO - Filling up the DagBag from /home/airflow/.local/lib/python3.12/site-packages/airflow/example_dags/example_latest_only.py
[2025-02-22T17:09:04.029+0000] {processor.py:925} INFO - DAG(s) 'latest_only' retrieved from /home/airflow/.local/lib/python3.12/site-packages/airflow/example_dags/example_latest_only.py
[2025-02-22T17:09:04.037+0000] {logging_mixin.py:190} INFO - [2025-02-22T17:09:04.037+0000] {dag.py:3239} INFO - Sync 1 DAGs
[2025-02-22T17:09:04.044+0000] {logging_mixin.py:190} INFO - [2025-02-22T17:09:04.044+0000] {dag.py:4180} INFO - Setting next_dagrun for latest_only to 2025-02-22 12:00:00+00:00, run_after=2025-02-22 16:00:00+00:00
[2025-02-22T17:09:04.050+0000] {processor.py:208} INFO - Processing /home/airflow/.local/lib/python3.12/site-packages/airflow/example_dags/example_latest_only.py took 0.027 seconds
[2025-02-22T17:09:35.023+0000] {processor.py:186} INFO - Started process (PID=600) to work on /home/airflow/.local/lib/python3.12/site-packages/airflow/example_dags/example_latest_only.py
[2025-02-22T17:09:35.023+0000] {processor.py:914} INFO - Processing file /home/airflow/.local/lib/python3.12/site-packages/airflow/example_dags/example_latest_only.py for tasks to queue
[2025-02-22T17:09:35.024+0000] {logging_mixin.py:190} INFO - [2025-02-22T17:09:35.024+0000] {dagbag.py:588} INFO - Filling up the DagBag from /home/airflow/.local/lib/python3.12/site-packages/airflow/example_dags/example_latest_only.py
[2025-02-22T17:09:35.027+0000] {processor.py:925} INFO - DAG(s) 'latest_only' retrieved from /home/airflow/.local/lib/python3.12/site-packages/airflow/example_dags/example_latest_only.py
[2025-02-22T17:09:35.035+0000] {logging_mixin.py:190} INFO - [2025-02-22T17:09:35.034+0000] {dag.py:3239} INFO - Sync 1 DAGs
[2025-02-22T17:09:35.043+0000] {logging_mixin.py:190} INFO - [2025-02-22T17:09:35.042+0000] {dag.py:4180} INFO - Setting next_dagrun for latest_only to 2025-02-22 12:00:00+00:00, run_after=2025-02-22 16:00:00+00:00
[2025-02-22T17:09:35.048+0000] {processor.py:208} INFO - Processing /home/airflow/.local/lib/python3.12/site-packages/airflow/example_dags/example_latest_only.py took 0.028 seconds
[2025-02-22T17:10:06.015+0000] {processor.py:186} INFO - Started process (PID=663) to work on /home/airflow/.local/lib/python3.12/site-packages/airflow/example_dags/example_latest_only.py
[2025-02-22T17:10:06.016+0000] {processor.py:914} INFO - Processing file /home/airflow/.local/lib/python3.12/site-packages/airflow/example_dags/example_latest_only.py for tasks to queue
[2025-02-22T17:10:06.017+0000] {logging_mixin.py:190} INFO - [2025-02-22T17:10:06.017+0000] {dagbag.py:588} INFO - Filling up the DagBag from /home/airflow/.local/lib/python3.12/site-packages/airflow/example_dags/example_latest_only.py
[2025-02-22T17:10:06.020+0000] {processor.py:925} INFO - DAG(s) 'latest_only' retrieved from /home/airflow/.local/lib/python3.12/site-packages/airflow/example_dags/example_latest_only.py
[2025-02-22T17:10:06.028+0000] {logging_mixin.py:190} INFO - [2025-02-22T17:10:06.027+0000] {dag.py:3239} INFO - Sync 1 DAGs
[2025-02-22T17:10:06.036+0000] {logging_mixin.py:190} INFO - [2025-02-22T17:10:06.036+0000] {dag.py:4180} INFO - Setting next_dagrun for latest_only to 2025-02-22 12:00:00+00:00, run_after=2025-02-22 16:00:00+00:00
[2025-02-22T17:10:06.041+0000] {processor.py:208} INFO - Processing /home/airflow/.local/lib/python3.12/site-packages/airflow/example_dags/example_latest_only.py took 0.028 seconds
[2025-02-22T17:10:37.077+0000] {processor.py:186} INFO - Started process (PID=726) to work on /home/airflow/.local/lib/python3.12/site-packages/airflow/example_dags/example_latest_only.py
[2025-02-22T17:10:37.078+0000] {processor.py:914} INFO - Processing file /home/airflow/.local/lib/python3.12/site-packages/airflow/example_dags/example_latest_only.py for tasks to queue
[2025-02-22T17:10:37.080+0000] {logging_mixin.py:190} INFO - [2025-02-22T17:10:37.080+0000] {dagbag.py:588} INFO - Filling up the DagBag from /home/airflow/.local/lib/python3.12/site-packages/airflow/example_dags/example_latest_only.py
[2025-02-22T17:10:37.084+0000] {processor.py:925} INFO - DAG(s) 'latest_only' retrieved from /home/airflow/.local/lib/python3.12/site-packages/airflow/example_dags/example_latest_only.py
[2025-02-22T17:10:37.092+0000] {logging_mixin.py:190} INFO - [2025-02-22T17:10:37.092+0000] {dag.py:3239} INFO - Sync 1 DAGs
[2025-02-22T17:10:37.100+0000] {logging_mixin.py:190} INFO - [2025-02-22T17:10:37.100+0000] {dag.py:4180} INFO - Setting next_dagrun for latest_only to 2025-02-22 12:00:00+00:00, run_after=2025-02-22 16:00:00+00:00
[2025-02-22T17:10:37.106+0000] {processor.py:208} INFO - Processing /home/airflow/.local/lib/python3.12/site-packages/airflow/example_dags/example_latest_only.py took 0.031 seconds
[2025-02-22T17:11:08.061+0000] {processor.py:186} INFO - Started process (PID=789) to work on /home/airflow/.local/lib/python3.12/site-packages/airflow/example_dags/example_latest_only.py
[2025-02-22T17:11:08.062+0000] {processor.py:914} INFO - Processing file /home/airflow/.local/lib/python3.12/site-packages/airflow/example_dags/example_latest_only.py for tasks to queue
[2025-02-22T17:11:08.063+0000] {logging_mixin.py:190} INFO - [2025-02-22T17:11:08.062+0000] {dagbag.py:588} INFO - Filling up the DagBag from /home/airflow/.local/lib/python3.12/site-packages/airflow/example_dags/example_latest_only.py
[2025-02-22T17:11:08.065+0000] {processor.py:925} INFO - DAG(s) 'latest_only' retrieved from /home/airflow/.local/lib/python3.12/site-packages/airflow/example_dags/example_latest_only.py
[2025-02-22T17:11:08.073+0000] {logging_mixin.py:190} INFO - [2025-02-22T17:11:08.073+0000] {dag.py:3239} INFO - Sync 1 DAGs
[2025-02-22T17:11:08.081+0000] {logging_mixin.py:190} INFO - [2025-02-22T17:11:08.081+0000] {dag.py:4180} INFO - Setting next_dagrun for latest_only to 2025-02-22 12:00:00+00:00, run_after=2025-02-22 16:00:00+00:00
[2025-02-22T17:11:08.086+0000] {processor.py:208} INFO - Processing /home/airflow/.local/lib/python3.12/site-packages/airflow/example_dags/example_latest_only.py took 0.027 seconds
[2025-02-22T17:11:39.036+0000] {processor.py:186} INFO - Started process (PID=852) to work on /home/airflow/.local/lib/python3.12/site-packages/airflow/example_dags/example_latest_only.py
[2025-02-22T17:11:39.036+0000] {processor.py:914} INFO - Processing file /home/airflow/.local/lib/python3.12/site-packages/airflow/example_dags/example_latest_only.py for tasks to queue
[2025-02-22T17:11:39.037+0000] {logging_mixin.py:190} INFO - [2025-02-22T17:11:39.037+0000] {dagbag.py:588} INFO - Filling up the DagBag from /home/airflow/.local/lib/python3.12/site-packages/airflow/example_dags/example_latest_only.py
[2025-02-22T17:11:39.040+0000] {processor.py:925} INFO - DAG(s) 'latest_only' retrieved from /home/airflow/.local/lib/python3.12/site-packages/airflow/example_dags/example_latest_only.py
[2025-02-22T17:11:39.047+0000] {logging_mixin.py:190} INFO - [2025-02-22T17:11:39.047+0000] {dag.py:3239} INFO - Sync 1 DAGs
[2025-02-22T17:11:39.055+0000] {logging_mixin.py:190} INFO - [2025-02-22T17:11:39.055+0000] {dag.py:4180} INFO - Setting next_dagrun for latest_only to 2025-02-22 12:00:00+00:00, run_after=2025-02-22 16:00:00+00:00
[2025-02-22T17:11:39.060+0000] {processor.py:208} INFO - Processing /home/airflow/.local/lib/python3.12/site-packages/airflow/example_dags/example_latest_only.py took 0.027 seconds
[2025-02-22T17:12:10.052+0000] {processor.py:186} INFO - Started process (PID=915) to work on /home/airflow/.local/lib/python3.12/site-packages/airflow/example_dags/example_latest_only.py
[2025-02-22T17:12:10.052+0000] {processor.py:914} INFO - Processing file /home/airflow/.local/lib/python3.12/site-packages/airflow/example_dags/example_latest_only.py for tasks to queue
[2025-02-22T17:12:10.053+0000] {logging_mixin.py:190} INFO - [2025-02-22T17:12:10.053+0000] {dagbag.py:588} INFO - Filling up the DagBag from /home/airflow/.local/lib/python3.12/site-packages/airflow/example_dags/example_latest_only.py
[2025-02-22T17:12:10.057+0000] {processor.py:925} INFO - DAG(s) 'latest_only' retrieved from /home/airflow/.local/lib/python3.12/site-packages/airflow/example_dags/example_latest_only.py
[2025-02-22T17:12:10.067+0000] {logging_mixin.py:190} INFO - [2025-02-22T17:12:10.067+0000] {dag.py:3239} INFO - Sync 1 DAGs
[2025-02-22T17:12:10.076+0000] {logging_mixin.py:190} INFO - [2025-02-22T17:12:10.076+0000] {dag.py:4180} INFO - Setting next_dagrun for latest_only to 2025-02-22 12:00:00+00:00, run_after=2025-02-22 16:00:00+00:00
[2025-02-22T17:12:10.083+0000] {processor.py:208} INFO - Processing /home/airflow/.local/lib/python3.12/site-packages/airflow/example_dags/example_latest_only.py took 0.034 seconds
[2025-02-22T17:12:41.086+0000] {processor.py:186} INFO - Started process (PID=978) to work on /home/airflow/.local/lib/python3.12/site-packages/airflow/example_dags/example_latest_only.py
[2025-02-22T17:12:41.087+0000] {processor.py:914} INFO - Processing file /home/airflow/.local/lib/python3.12/site-packages/airflow/example_dags/example_latest_only.py for tasks to queue
[2025-02-22T17:12:41.088+0000] {logging_mixin.py:190} INFO - [2025-02-22T17:12:41.088+0000] {dagbag.py:588} INFO - Filling up the DagBag from /home/airflow/.local/lib/python3.12/site-packages/airflow/example_dags/example_latest_only.py
[2025-02-22T17:12:41.091+0000] {processor.py:925} INFO - DAG(s) 'latest_only' retrieved from /home/airflow/.local/lib/python3.12/site-packages/airflow/example_dags/example_latest_only.py
[2025-02-22T17:12:41.100+0000] {logging_mixin.py:190} INFO - [2025-02-22T17:12:41.099+0000] {dag.py:3239} INFO - Sync 1 DAGs
[2025-02-22T17:12:41.109+0000] {logging_mixin.py:190} INFO - [2025-02-22T17:12:41.109+0000] {dag.py:4180} INFO - Setting next_dagrun for latest_only to 2025-02-22 12:00:00+00:00, run_after=2025-02-22 16:00:00+00:00
[2025-02-22T17:12:41.115+0000] {processor.py:208} INFO - Processing /home/airflow/.local/lib/python3.12/site-packages/airflow/example_dags/example_latest_only.py took 0.031 seconds
[2025-02-22T17:13:12.096+0000] {processor.py:186} INFO - Started process (PID=1041) to work on /home/airflow/.local/lib/python3.12/site-packages/airflow/example_dags/example_latest_only.py
[2025-02-22T17:13:12.096+0000] {processor.py:914} INFO - Processing file /home/airflow/.local/lib/python3.12/site-packages/airflow/example_dags/example_latest_only.py for tasks to queue
[2025-02-22T17:13:12.097+0000] {logging_mixin.py:190} INFO - [2025-02-22T17:13:12.097+0000] {dagbag.py:588} INFO - Filling up the DagBag from /home/airflow/.local/lib/python3.12/site-packages/airflow/example_dags/example_latest_only.py
[2025-02-22T17:13:12.104+0000] {processor.py:925} INFO - DAG(s) 'latest_only' retrieved from /home/airflow/.local/lib/python3.12/site-packages/airflow/example_dags/example_latest_only.py
[2025-02-22T17:13:12.112+0000] {logging_mixin.py:190} INFO - [2025-02-22T17:13:12.111+0000] {dag.py:3239} INFO - Sync 1 DAGs
[2025-02-22T17:13:12.120+0000] {logging_mixin.py:190} INFO - [2025-02-22T17:13:12.120+0000] {dag.py:4180} INFO - Setting next_dagrun for latest_only to 2025-02-22 12:00:00+00:00, run_after=2025-02-22 16:00:00+00:00
[2025-02-22T17:13:12.126+0000] {processor.py:208} INFO - Processing /home/airflow/.local/lib/python3.12/site-packages/airflow/example_dags/example_latest_only.py took 0.032 seconds
[2025-02-22T17:15:56.218+0000] {processor.py:186} INFO - Started process (PID=92) to work on /home/airflow/.local/lib/python3.12/site-packages/airflow/example_dags/example_latest_only.py
[2025-02-22T17:15:56.218+0000] {processor.py:914} INFO - Processing file /home/airflow/.local/lib/python3.12/site-packages/airflow/example_dags/example_latest_only.py for tasks to queue
[2025-02-22T17:15:56.219+0000] {logging_mixin.py:190} INFO - [2025-02-22T17:15:56.219+0000] {dagbag.py:588} INFO - Filling up the DagBag from /home/airflow/.local/lib/python3.12/site-packages/airflow/example_dags/example_latest_only.py
[2025-02-22T17:15:56.222+0000] {processor.py:925} INFO - DAG(s) 'latest_only' retrieved from /home/airflow/.local/lib/python3.12/site-packages/airflow/example_dags/example_latest_only.py
[2025-02-22T17:15:56.233+0000] {logging_mixin.py:190} INFO - [2025-02-22T17:15:56.233+0000] {dag.py:3239} INFO - Sync 1 DAGs
[2025-02-22T17:15:56.242+0000] {logging_mixin.py:190} INFO - [2025-02-22T17:15:56.242+0000] {dag.py:4180} INFO - Setting next_dagrun for latest_only to 2025-02-22 12:00:00+00:00, run_after=2025-02-22 16:00:00+00:00
[2025-02-22T17:15:56.251+0000] {processor.py:208} INFO - Processing /home/airflow/.local/lib/python3.12/site-packages/airflow/example_dags/example_latest_only.py took 0.035 seconds
[2025-02-22T17:16:26.521+0000] {processor.py:186} INFO - Started process (PID=155) to work on /home/airflow/.local/lib/python3.12/site-packages/airflow/example_dags/example_latest_only.py
[2025-02-22T17:16:26.521+0000] {processor.py:914} INFO - Processing file /home/airflow/.local/lib/python3.12/site-packages/airflow/example_dags/example_latest_only.py for tasks to queue
[2025-02-22T17:16:26.522+0000] {logging_mixin.py:190} INFO - [2025-02-22T17:16:26.522+0000] {dagbag.py:588} INFO - Filling up the DagBag from /home/airflow/.local/lib/python3.12/site-packages/airflow/example_dags/example_latest_only.py
[2025-02-22T17:16:26.525+0000] {processor.py:925} INFO - DAG(s) 'latest_only' retrieved from /home/airflow/.local/lib/python3.12/site-packages/airflow/example_dags/example_latest_only.py
[2025-02-22T17:16:26.531+0000] {logging_mixin.py:190} INFO - [2025-02-22T17:16:26.531+0000] {dag.py:3239} INFO - Sync 1 DAGs
[2025-02-22T17:16:26.538+0000] {logging_mixin.py:190} INFO - [2025-02-22T17:16:26.538+0000] {dag.py:4180} INFO - Setting next_dagrun for latest_only to 2025-02-22 12:00:00+00:00, run_after=2025-02-22 16:00:00+00:00
[2025-02-22T17:16:26.544+0000] {processor.py:208} INFO - Processing /home/airflow/.local/lib/python3.12/site-packages/airflow/example_dags/example_latest_only.py took 0.025 seconds
[2025-02-22T17:16:57.595+0000] {processor.py:186} INFO - Started process (PID=218) to work on /home/airflow/.local/lib/python3.12/site-packages/airflow/example_dags/example_latest_only.py
[2025-02-22T17:16:57.596+0000] {processor.py:914} INFO - Processing file /home/airflow/.local/lib/python3.12/site-packages/airflow/example_dags/example_latest_only.py for tasks to queue
[2025-02-22T17:16:57.598+0000] {logging_mixin.py:190} INFO - [2025-02-22T17:16:57.598+0000] {dagbag.py:588} INFO - Filling up the DagBag from /home/airflow/.local/lib/python3.12/site-packages/airflow/example_dags/example_latest_only.py
[2025-02-22T17:16:57.602+0000] {processor.py:925} INFO - DAG(s) 'latest_only' retrieved from /home/airflow/.local/lib/python3.12/site-packages/airflow/example_dags/example_latest_only.py
[2025-02-22T17:16:57.610+0000] {logging_mixin.py:190} INFO - [2025-02-22T17:16:57.609+0000] {dag.py:3239} INFO - Sync 1 DAGs
[2025-02-22T17:16:57.619+0000] {logging_mixin.py:190} INFO - [2025-02-22T17:16:57.619+0000] {dag.py:4180} INFO - Setting next_dagrun for latest_only to 2025-02-22 12:00:00+00:00, run_after=2025-02-22 16:00:00+00:00
[2025-02-22T17:16:57.625+0000] {processor.py:208} INFO - Processing /home/airflow/.local/lib/python3.12/site-packages/airflow/example_dags/example_latest_only.py took 0.032 seconds
[2025-02-22T17:17:28.841+0000] {processor.py:186} INFO - Started process (PID=287) to work on /home/airflow/.local/lib/python3.12/site-packages/airflow/example_dags/example_latest_only.py
[2025-02-22T17:17:28.841+0000] {processor.py:914} INFO - Processing file /home/airflow/.local/lib/python3.12/site-packages/airflow/example_dags/example_latest_only.py for tasks to queue
[2025-02-22T17:17:28.842+0000] {logging_mixin.py:190} INFO - [2025-02-22T17:17:28.842+0000] {dagbag.py:588} INFO - Filling up the DagBag from /home/airflow/.local/lib/python3.12/site-packages/airflow/example_dags/example_latest_only.py
[2025-02-22T17:17:28.845+0000] {processor.py:925} INFO - DAG(s) 'latest_only' retrieved from /home/airflow/.local/lib/python3.12/site-packages/airflow/example_dags/example_latest_only.py
[2025-02-22T17:17:28.853+0000] {logging_mixin.py:190} INFO - [2025-02-22T17:17:28.853+0000] {dag.py:3239} INFO - Sync 1 DAGs
[2025-02-22T17:17:28.862+0000] {logging_mixin.py:190} INFO - [2025-02-22T17:17:28.862+0000] {dag.py:4180} INFO - Setting next_dagrun for latest_only to 2025-02-22 12:00:00+00:00, run_after=2025-02-22 16:00:00+00:00
[2025-02-22T17:17:28.871+0000] {processor.py:208} INFO - Processing /home/airflow/.local/lib/python3.12/site-packages/airflow/example_dags/example_latest_only.py took 0.033 seconds
[2025-02-22T17:17:59.116+0000] {processor.py:186} INFO - Started process (PID=350) to work on /home/airflow/.local/lib/python3.12/site-packages/airflow/example_dags/example_latest_only.py
[2025-02-22T17:17:59.116+0000] {processor.py:914} INFO - Processing file /home/airflow/.local/lib/python3.12/site-packages/airflow/example_dags/example_latest_only.py for tasks to queue
[2025-02-22T17:17:59.117+0000] {logging_mixin.py:190} INFO - [2025-02-22T17:17:59.117+0000] {dagbag.py:588} INFO - Filling up the DagBag from /home/airflow/.local/lib/python3.12/site-packages/airflow/example_dags/example_latest_only.py
[2025-02-22T17:17:59.120+0000] {processor.py:925} INFO - DAG(s) 'latest_only' retrieved from /home/airflow/.local/lib/python3.12/site-packages/airflow/example_dags/example_latest_only.py
[2025-02-22T17:17:59.130+0000] {logging_mixin.py:190} INFO - [2025-02-22T17:17:59.130+0000] {dag.py:3239} INFO - Sync 1 DAGs
[2025-02-22T17:17:59.138+0000] {logging_mixin.py:190} INFO - [2025-02-22T17:17:59.138+0000] {dag.py:4180} INFO - Setting next_dagrun for latest_only to 2025-02-22 12:00:00+00:00, run_after=2025-02-22 16:00:00+00:00
[2025-02-22T17:17:59.146+0000] {processor.py:208} INFO - Processing /home/airflow/.local/lib/python3.12/site-packages/airflow/example_dags/example_latest_only.py took 0.033 seconds
[2025-02-22T17:18:30.183+0000] {processor.py:186} INFO - Started process (PID=413) to work on /home/airflow/.local/lib/python3.12/site-packages/airflow/example_dags/example_latest_only.py
[2025-02-22T17:18:30.184+0000] {processor.py:914} INFO - Processing file /home/airflow/.local/lib/python3.12/site-packages/airflow/example_dags/example_latest_only.py for tasks to queue
[2025-02-22T17:18:30.186+0000] {logging_mixin.py:190} INFO - [2025-02-22T17:18:30.186+0000] {dagbag.py:588} INFO - Filling up the DagBag from /home/airflow/.local/lib/python3.12/site-packages/airflow/example_dags/example_latest_only.py
[2025-02-22T17:18:30.191+0000] {processor.py:925} INFO - DAG(s) 'latest_only' retrieved from /home/airflow/.local/lib/python3.12/site-packages/airflow/example_dags/example_latest_only.py
[2025-02-22T17:18:30.201+0000] {logging_mixin.py:190} INFO - [2025-02-22T17:18:30.201+0000] {dag.py:3239} INFO - Sync 1 DAGs
[2025-02-22T17:18:30.209+0000] {logging_mixin.py:190} INFO - [2025-02-22T17:18:30.209+0000] {dag.py:4180} INFO - Setting next_dagrun for latest_only to 2025-02-22 12:00:00+00:00, run_after=2025-02-22 16:00:00+00:00
[2025-02-22T17:18:30.215+0000] {processor.py:208} INFO - Processing /home/airflow/.local/lib/python3.12/site-packages/airflow/example_dags/example_latest_only.py took 0.034 seconds
[2025-02-22T17:19:01.353+0000] {processor.py:186} INFO - Started process (PID=476) to work on /home/airflow/.local/lib/python3.12/site-packages/airflow/example_dags/example_latest_only.py
[2025-02-22T17:19:01.354+0000] {processor.py:914} INFO - Processing file /home/airflow/.local/lib/python3.12/site-packages/airflow/example_dags/example_latest_only.py for tasks to queue
[2025-02-22T17:19:01.355+0000] {logging_mixin.py:190} INFO - [2025-02-22T17:19:01.355+0000] {dagbag.py:588} INFO - Filling up the DagBag from /home/airflow/.local/lib/python3.12/site-packages/airflow/example_dags/example_latest_only.py
[2025-02-22T17:19:01.358+0000] {processor.py:925} INFO - DAG(s) 'latest_only' retrieved from /home/airflow/.local/lib/python3.12/site-packages/airflow/example_dags/example_latest_only.py
[2025-02-22T17:19:01.366+0000] {logging_mixin.py:190} INFO - [2025-02-22T17:19:01.366+0000] {dag.py:3239} INFO - Sync 1 DAGs
[2025-02-22T17:19:01.375+0000] {logging_mixin.py:190} INFO - [2025-02-22T17:19:01.375+0000] {dag.py:4180} INFO - Setting next_dagrun for latest_only to 2025-02-22 12:00:00+00:00, run_after=2025-02-22 16:00:00+00:00
[2025-02-22T17:19:01.382+0000] {processor.py:208} INFO - Processing /home/airflow/.local/lib/python3.12/site-packages/airflow/example_dags/example_latest_only.py took 0.032 seconds
[2025-02-22T17:19:32.425+0000] {processor.py:186} INFO - Started process (PID=539) to work on /home/airflow/.local/lib/python3.12/site-packages/airflow/example_dags/example_latest_only.py
[2025-02-22T17:19:32.427+0000] {processor.py:914} INFO - Processing file /home/airflow/.local/lib/python3.12/site-packages/airflow/example_dags/example_latest_only.py for tasks to queue
[2025-02-22T17:19:32.428+0000] {logging_mixin.py:190} INFO - [2025-02-22T17:19:32.428+0000] {dagbag.py:588} INFO - Filling up the DagBag from /home/airflow/.local/lib/python3.12/site-packages/airflow/example_dags/example_latest_only.py
[2025-02-22T17:19:32.431+0000] {processor.py:925} INFO - DAG(s) 'latest_only' retrieved from /home/airflow/.local/lib/python3.12/site-packages/airflow/example_dags/example_latest_only.py
[2025-02-22T17:19:32.439+0000] {logging_mixin.py:190} INFO - [2025-02-22T17:19:32.439+0000] {dag.py:3239} INFO - Sync 1 DAGs
[2025-02-22T17:19:32.448+0000] {logging_mixin.py:190} INFO - [2025-02-22T17:19:32.448+0000] {dag.py:4180} INFO - Setting next_dagrun for latest_only to 2025-02-22 12:00:00+00:00, run_after=2025-02-22 16:00:00+00:00
[2025-02-22T17:19:32.458+0000] {processor.py:208} INFO - Processing /home/airflow/.local/lib/python3.12/site-packages/airflow/example_dags/example_latest_only.py took 0.035 seconds
[2025-02-22T17:20:03.605+0000] {processor.py:186} INFO - Started process (PID=602) to work on /home/airflow/.local/lib/python3.12/site-packages/airflow/example_dags/example_latest_only.py
[2025-02-22T17:20:03.605+0000] {processor.py:914} INFO - Processing file /home/airflow/.local/lib/python3.12/site-packages/airflow/example_dags/example_latest_only.py for tasks to queue
[2025-02-22T17:20:03.607+0000] {logging_mixin.py:190} INFO - [2025-02-22T17:20:03.607+0000] {dagbag.py:588} INFO - Filling up the DagBag from /home/airflow/.local/lib/python3.12/site-packages/airflow/example_dags/example_latest_only.py
[2025-02-22T17:20:03.612+0000] {processor.py:925} INFO - DAG(s) 'latest_only' retrieved from /home/airflow/.local/lib/python3.12/site-packages/airflow/example_dags/example_latest_only.py
[2025-02-22T17:20:03.622+0000] {logging_mixin.py:190} INFO - [2025-02-22T17:20:03.622+0000] {dag.py:3239} INFO - Sync 1 DAGs
[2025-02-22T17:20:03.631+0000] {logging_mixin.py:190} INFO - [2025-02-22T17:20:03.631+0000] {dag.py:4180} INFO - Setting next_dagrun for latest_only to 2025-02-22 12:00:00+00:00, run_after=2025-02-22 16:00:00+00:00
[2025-02-22T17:20:03.637+0000] {processor.py:208} INFO - Processing /home/airflow/.local/lib/python3.12/site-packages/airflow/example_dags/example_latest_only.py took 0.035 seconds
[2025-02-22T17:20:34.732+0000] {processor.py:186} INFO - Started process (PID=664) to work on /home/airflow/.local/lib/python3.12/site-packages/airflow/example_dags/example_latest_only.py
[2025-02-22T17:20:34.732+0000] {processor.py:914} INFO - Processing file /home/airflow/.local/lib/python3.12/site-packages/airflow/example_dags/example_latest_only.py for tasks to queue
[2025-02-22T17:20:34.735+0000] {logging_mixin.py:190} INFO - [2025-02-22T17:20:34.734+0000] {dagbag.py:588} INFO - Filling up the DagBag from /home/airflow/.local/lib/python3.12/site-packages/airflow/example_dags/example_latest_only.py
[2025-02-22T17:20:34.739+0000] {processor.py:925} INFO - DAG(s) 'latest_only' retrieved from /home/airflow/.local/lib/python3.12/site-packages/airflow/example_dags/example_latest_only.py
[2025-02-22T17:20:34.748+0000] {logging_mixin.py:190} INFO - [2025-02-22T17:20:34.748+0000] {dag.py:3239} INFO - Sync 1 DAGs
[2025-02-22T17:20:34.757+0000] {logging_mixin.py:190} INFO - [2025-02-22T17:20:34.757+0000] {dag.py:4180} INFO - Setting next_dagrun for latest_only to 2025-02-22 12:00:00+00:00, run_after=2025-02-22 16:00:00+00:00
[2025-02-22T17:20:34.766+0000] {processor.py:208} INFO - Processing /home/airflow/.local/lib/python3.12/site-packages/airflow/example_dags/example_latest_only.py took 0.036 seconds
[2025-02-22T17:21:05.929+0000] {processor.py:186} INFO - Started process (PID=727) to work on /home/airflow/.local/lib/python3.12/site-packages/airflow/example_dags/example_latest_only.py
[2025-02-22T17:21:05.932+0000] {processor.py:914} INFO - Processing file /home/airflow/.local/lib/python3.12/site-packages/airflow/example_dags/example_latest_only.py for tasks to queue
[2025-02-22T17:21:05.933+0000] {logging_mixin.py:190} INFO - [2025-02-22T17:21:05.933+0000] {dagbag.py:588} INFO - Filling up the DagBag from /home/airflow/.local/lib/python3.12/site-packages/airflow/example_dags/example_latest_only.py
[2025-02-22T17:21:05.937+0000] {processor.py:925} INFO - DAG(s) 'latest_only' retrieved from /home/airflow/.local/lib/python3.12/site-packages/airflow/example_dags/example_latest_only.py
[2025-02-22T17:21:05.945+0000] {logging_mixin.py:190} INFO - [2025-02-22T17:21:05.945+0000] {dag.py:3239} INFO - Sync 1 DAGs
[2025-02-22T17:21:05.954+0000] {logging_mixin.py:190} INFO - [2025-02-22T17:21:05.954+0000] {dag.py:4180} INFO - Setting next_dagrun for latest_only to 2025-02-22 12:00:00+00:00, run_after=2025-02-22 16:00:00+00:00
[2025-02-22T17:21:05.961+0000] {processor.py:208} INFO - Processing /home/airflow/.local/lib/python3.12/site-packages/airflow/example_dags/example_latest_only.py took 0.035 seconds
[2025-02-22T17:21:37.230+0000] {processor.py:186} INFO - Started process (PID=790) to work on /home/airflow/.local/lib/python3.12/site-packages/airflow/example_dags/example_latest_only.py
[2025-02-22T17:21:37.231+0000] {processor.py:914} INFO - Processing file /home/airflow/.local/lib/python3.12/site-packages/airflow/example_dags/example_latest_only.py for tasks to queue
[2025-02-22T17:21:37.232+0000] {logging_mixin.py:190} INFO - [2025-02-22T17:21:37.232+0000] {dagbag.py:588} INFO - Filling up the DagBag from /home/airflow/.local/lib/python3.12/site-packages/airflow/example_dags/example_latest_only.py
[2025-02-22T17:21:37.237+0000] {processor.py:925} INFO - DAG(s) 'latest_only' retrieved from /home/airflow/.local/lib/python3.12/site-packages/airflow/example_dags/example_latest_only.py
[2025-02-22T17:21:37.246+0000] {logging_mixin.py:190} INFO - [2025-02-22T17:21:37.246+0000] {dag.py:3239} INFO - Sync 1 DAGs
[2025-02-22T17:21:37.255+0000] {logging_mixin.py:190} INFO - [2025-02-22T17:21:37.255+0000] {dag.py:4180} INFO - Setting next_dagrun for latest_only to 2025-02-22 12:00:00+00:00, run_after=2025-02-22 16:00:00+00:00
[2025-02-22T17:21:37.262+0000] {processor.py:208} INFO - Processing /home/airflow/.local/lib/python3.12/site-packages/airflow/example_dags/example_latest_only.py took 0.035 seconds
[2025-02-22T17:22:08.460+0000] {processor.py:186} INFO - Started process (PID=853) to work on /home/airflow/.local/lib/python3.12/site-packages/airflow/example_dags/example_latest_only.py
[2025-02-22T17:22:08.460+0000] {processor.py:914} INFO - Processing file /home/airflow/.local/lib/python3.12/site-packages/airflow/example_dags/example_latest_only.py for tasks to queue
[2025-02-22T17:22:08.461+0000] {logging_mixin.py:190} INFO - [2025-02-22T17:22:08.461+0000] {dagbag.py:588} INFO - Filling up the DagBag from /home/airflow/.local/lib/python3.12/site-packages/airflow/example_dags/example_latest_only.py
[2025-02-22T17:22:08.464+0000] {processor.py:925} INFO - DAG(s) 'latest_only' retrieved from /home/airflow/.local/lib/python3.12/site-packages/airflow/example_dags/example_latest_only.py
[2025-02-22T17:22:08.474+0000] {logging_mixin.py:190} INFO - [2025-02-22T17:22:08.474+0000] {dag.py:3239} INFO - Sync 1 DAGs
[2025-02-22T17:22:08.484+0000] {logging_mixin.py:190} INFO - [2025-02-22T17:22:08.484+0000] {dag.py:4180} INFO - Setting next_dagrun for latest_only to 2025-02-22 12:00:00+00:00, run_after=2025-02-22 16:00:00+00:00
[2025-02-22T17:22:08.493+0000] {processor.py:208} INFO - Processing /home/airflow/.local/lib/python3.12/site-packages/airflow/example_dags/example_latest_only.py took 0.035 seconds
[2025-02-22T17:22:39.707+0000] {processor.py:186} INFO - Started process (PID=916) to work on /home/airflow/.local/lib/python3.12/site-packages/airflow/example_dags/example_latest_only.py
[2025-02-22T17:22:39.707+0000] {processor.py:914} INFO - Processing file /home/airflow/.local/lib/python3.12/site-packages/airflow/example_dags/example_latest_only.py for tasks to queue
[2025-02-22T17:22:39.708+0000] {logging_mixin.py:190} INFO - [2025-02-22T17:22:39.708+0000] {dagbag.py:588} INFO - Filling up the DagBag from /home/airflow/.local/lib/python3.12/site-packages/airflow/example_dags/example_latest_only.py
[2025-02-22T17:22:39.711+0000] {processor.py:925} INFO - DAG(s) 'latest_only' retrieved from /home/airflow/.local/lib/python3.12/site-packages/airflow/example_dags/example_latest_only.py
[2025-02-22T17:22:39.720+0000] {logging_mixin.py:190} INFO - [2025-02-22T17:22:39.720+0000] {dag.py:3239} INFO - Sync 1 DAGs
[2025-02-22T17:22:39.728+0000] {logging_mixin.py:190} INFO - [2025-02-22T17:22:39.728+0000] {dag.py:4180} INFO - Setting next_dagrun for latest_only to 2025-02-22 12:00:00+00:00, run_after=2025-02-22 16:00:00+00:00
[2025-02-22T17:22:39.734+0000] {processor.py:208} INFO - Processing /home/airflow/.local/lib/python3.12/site-packages/airflow/example_dags/example_latest_only.py took 0.030 seconds
[2025-02-22T17:23:10.929+0000] {processor.py:186} INFO - Started process (PID=979) to work on /home/airflow/.local/lib/python3.12/site-packages/airflow/example_dags/example_latest_only.py
[2025-02-22T17:23:10.929+0000] {processor.py:914} INFO - Processing file /home/airflow/.local/lib/python3.12/site-packages/airflow/example_dags/example_latest_only.py for tasks to queue
[2025-02-22T17:23:10.931+0000] {logging_mixin.py:190} INFO - [2025-02-22T17:23:10.931+0000] {dagbag.py:588} INFO - Filling up the DagBag from /home/airflow/.local/lib/python3.12/site-packages/airflow/example_dags/example_latest_only.py
[2025-02-22T17:23:10.935+0000] {processor.py:925} INFO - DAG(s) 'latest_only' retrieved from /home/airflow/.local/lib/python3.12/site-packages/airflow/example_dags/example_latest_only.py
[2025-02-22T17:23:10.946+0000] {logging_mixin.py:190} INFO - [2025-02-22T17:23:10.945+0000] {dag.py:3239} INFO - Sync 1 DAGs
[2025-02-22T17:23:10.957+0000] {logging_mixin.py:190} INFO - [2025-02-22T17:23:10.957+0000] {dag.py:4180} INFO - Setting next_dagrun for latest_only to 2025-02-22 12:00:00+00:00, run_after=2025-02-22 16:00:00+00:00
[2025-02-22T17:23:10.968+0000] {processor.py:208} INFO - Processing /home/airflow/.local/lib/python3.12/site-packages/airflow/example_dags/example_latest_only.py took 0.042 seconds
[2025-02-22T17:23:42.263+0000] {processor.py:186} INFO - Started process (PID=1042) to work on /home/airflow/.local/lib/python3.12/site-packages/airflow/example_dags/example_latest_only.py
[2025-02-22T17:23:42.264+0000] {processor.py:914} INFO - Processing file /home/airflow/.local/lib/python3.12/site-packages/airflow/example_dags/example_latest_only.py for tasks to queue
[2025-02-22T17:23:42.265+0000] {logging_mixin.py:190} INFO - [2025-02-22T17:23:42.265+0000] {dagbag.py:588} INFO - Filling up the DagBag from /home/airflow/.local/lib/python3.12/site-packages/airflow/example_dags/example_latest_only.py
[2025-02-22T17:23:42.268+0000] {processor.py:925} INFO - DAG(s) 'latest_only' retrieved from /home/airflow/.local/lib/python3.12/site-packages/airflow/example_dags/example_latest_only.py
[2025-02-22T17:23:42.276+0000] {logging_mixin.py:190} INFO - [2025-02-22T17:23:42.276+0000] {dag.py:3239} INFO - Sync 1 DAGs
[2025-02-22T17:23:42.286+0000] {logging_mixin.py:190} INFO - [2025-02-22T17:23:42.286+0000] {dag.py:4180} INFO - Setting next_dagrun for latest_only to 2025-02-22 12:00:00+00:00, run_after=2025-02-22 16:00:00+00:00
[2025-02-22T17:23:42.294+0000] {processor.py:208} INFO - Processing /home/airflow/.local/lib/python3.12/site-packages/airflow/example_dags/example_latest_only.py took 0.033 seconds
[2025-02-22T17:24:13.462+0000] {processor.py:186} INFO - Started process (PID=1105) to work on /home/airflow/.local/lib/python3.12/site-packages/airflow/example_dags/example_latest_only.py
[2025-02-22T17:24:13.462+0000] {processor.py:914} INFO - Processing file /home/airflow/.local/lib/python3.12/site-packages/airflow/example_dags/example_latest_only.py for tasks to queue
[2025-02-22T17:24:13.463+0000] {logging_mixin.py:190} INFO - [2025-02-22T17:24:13.463+0000] {dagbag.py:588} INFO - Filling up the DagBag from /home/airflow/.local/lib/python3.12/site-packages/airflow/example_dags/example_latest_only.py
[2025-02-22T17:24:13.466+0000] {processor.py:925} INFO - DAG(s) 'latest_only' retrieved from /home/airflow/.local/lib/python3.12/site-packages/airflow/example_dags/example_latest_only.py
[2025-02-22T17:24:13.477+0000] {logging_mixin.py:190} INFO - [2025-02-22T17:24:13.477+0000] {dag.py:3239} INFO - Sync 1 DAGs
[2025-02-22T17:24:13.488+0000] {logging_mixin.py:190} INFO - [2025-02-22T17:24:13.488+0000] {dag.py:4180} INFO - Setting next_dagrun for latest_only to 2025-02-22 12:00:00+00:00, run_after=2025-02-22 16:00:00+00:00
[2025-02-22T17:24:13.499+0000] {processor.py:208} INFO - Processing /home/airflow/.local/lib/python3.12/site-packages/airflow/example_dags/example_latest_only.py took 0.040 seconds
[2025-02-22T17:24:44.695+0000] {processor.py:186} INFO - Started process (PID=1167) to work on /home/airflow/.local/lib/python3.12/site-packages/airflow/example_dags/example_latest_only.py
[2025-02-22T17:24:44.696+0000] {processor.py:914} INFO - Processing file /home/airflow/.local/lib/python3.12/site-packages/airflow/example_dags/example_latest_only.py for tasks to queue
[2025-02-22T17:24:44.698+0000] {logging_mixin.py:190} INFO - [2025-02-22T17:24:44.698+0000] {dagbag.py:588} INFO - Filling up the DagBag from /home/airflow/.local/lib/python3.12/site-packages/airflow/example_dags/example_latest_only.py
[2025-02-22T17:24:44.702+0000] {processor.py:925} INFO - DAG(s) 'latest_only' retrieved from /home/airflow/.local/lib/python3.12/site-packages/airflow/example_dags/example_latest_only.py
[2025-02-22T17:24:44.711+0000] {logging_mixin.py:190} INFO - [2025-02-22T17:24:44.711+0000] {dag.py:3239} INFO - Sync 1 DAGs
[2025-02-22T17:24:44.725+0000] {logging_mixin.py:190} INFO - [2025-02-22T17:24:44.725+0000] {dag.py:4180} INFO - Setting next_dagrun for latest_only to 2025-02-22 12:00:00+00:00, run_after=2025-02-22 16:00:00+00:00
[2025-02-22T17:24:44.734+0000] {processor.py:208} INFO - Processing /home/airflow/.local/lib/python3.12/site-packages/airflow/example_dags/example_latest_only.py took 0.042 seconds
[2025-02-22T17:25:15.971+0000] {processor.py:186} INFO - Started process (PID=1230) to work on /home/airflow/.local/lib/python3.12/site-packages/airflow/example_dags/example_latest_only.py
[2025-02-22T17:25:15.971+0000] {processor.py:914} INFO - Processing file /home/airflow/.local/lib/python3.12/site-packages/airflow/example_dags/example_latest_only.py for tasks to queue
[2025-02-22T17:25:15.972+0000] {logging_mixin.py:190} INFO - [2025-02-22T17:25:15.972+0000] {dagbag.py:588} INFO - Filling up the DagBag from /home/airflow/.local/lib/python3.12/site-packages/airflow/example_dags/example_latest_only.py
[2025-02-22T17:25:15.976+0000] {processor.py:925} INFO - DAG(s) 'latest_only' retrieved from /home/airflow/.local/lib/python3.12/site-packages/airflow/example_dags/example_latest_only.py
[2025-02-22T17:25:15.986+0000] {logging_mixin.py:190} INFO - [2025-02-22T17:25:15.986+0000] {dag.py:3239} INFO - Sync 1 DAGs
[2025-02-22T17:25:15.995+0000] {logging_mixin.py:190} INFO - [2025-02-22T17:25:15.995+0000] {dag.py:4180} INFO - Setting next_dagrun for latest_only to 2025-02-22 12:00:00+00:00, run_after=2025-02-22 16:00:00+00:00
[2025-02-22T17:25:16.003+0000] {processor.py:208} INFO - Processing /home/airflow/.local/lib/python3.12/site-packages/airflow/example_dags/example_latest_only.py took 0.035 seconds
[2025-02-22T17:25:47.263+0000] {processor.py:186} INFO - Started process (PID=1293) to work on /home/airflow/.local/lib/python3.12/site-packages/airflow/example_dags/example_latest_only.py
[2025-02-22T17:25:47.265+0000] {processor.py:914} INFO - Processing file /home/airflow/.local/lib/python3.12/site-packages/airflow/example_dags/example_latest_only.py for tasks to queue
[2025-02-22T17:25:47.267+0000] {logging_mixin.py:190} INFO - [2025-02-22T17:25:47.267+0000] {dagbag.py:588} INFO - Filling up the DagBag from /home/airflow/.local/lib/python3.12/site-packages/airflow/example_dags/example_latest_only.py
[2025-02-22T17:25:47.271+0000] {processor.py:925} INFO - DAG(s) 'latest_only' retrieved from /home/airflow/.local/lib/python3.12/site-packages/airflow/example_dags/example_latest_only.py
[2025-02-22T17:25:47.281+0000] {logging_mixin.py:190} INFO - [2025-02-22T17:25:47.281+0000] {dag.py:3239} INFO - Sync 1 DAGs
[2025-02-22T17:25:47.293+0000] {logging_mixin.py:190} INFO - [2025-02-22T17:25:47.292+0000] {dag.py:4180} INFO - Setting next_dagrun for latest_only to 2025-02-22 12:00:00+00:00, run_after=2025-02-22 16:00:00+00:00
[2025-02-22T17:25:47.301+0000] {processor.py:208} INFO - Processing /home/airflow/.local/lib/python3.12/site-packages/airflow/example_dags/example_latest_only.py took 0.041 seconds
[2025-02-22T17:26:17.430+0000] {processor.py:186} INFO - Started process (PID=1356) to work on /home/airflow/.local/lib/python3.12/site-packages/airflow/example_dags/example_latest_only.py
[2025-02-22T17:26:17.431+0000] {processor.py:914} INFO - Processing file /home/airflow/.local/lib/python3.12/site-packages/airflow/example_dags/example_latest_only.py for tasks to queue
[2025-02-22T17:26:17.433+0000] {logging_mixin.py:190} INFO - [2025-02-22T17:26:17.433+0000] {dagbag.py:588} INFO - Filling up the DagBag from /home/airflow/.local/lib/python3.12/site-packages/airflow/example_dags/example_latest_only.py
[2025-02-22T17:26:17.436+0000] {processor.py:925} INFO - DAG(s) 'latest_only' retrieved from /home/airflow/.local/lib/python3.12/site-packages/airflow/example_dags/example_latest_only.py
[2025-02-22T17:26:17.444+0000] {logging_mixin.py:190} INFO - [2025-02-22T17:26:17.444+0000] {dag.py:3239} INFO - Sync 1 DAGs
[2025-02-22T17:26:17.453+0000] {logging_mixin.py:190} INFO - [2025-02-22T17:26:17.453+0000] {dag.py:4180} INFO - Setting next_dagrun for latest_only to 2025-02-22 12:00:00+00:00, run_after=2025-02-22 16:00:00+00:00
[2025-02-22T17:26:17.463+0000] {processor.py:208} INFO - Processing /home/airflow/.local/lib/python3.12/site-packages/airflow/example_dags/example_latest_only.py took 0.036 seconds
