[2025-02-22T17:05:26.460+0000] {processor.py:186} INFO - Started process (PID=66) to work on /home/airflow/.local/lib/python3.12/site-packages/airflow/example_dags/example_branch_python_dop_operator_3.py
[2025-02-22T17:05:26.460+0000] {processor.py:914} INFO - Processing file /home/airflow/.local/lib/python3.12/site-packages/airflow/example_dags/example_branch_python_dop_operator_3.py for tasks to queue
[2025-02-22T17:05:26.461+0000] {logging_mixin.py:190} INFO - [2025-02-22T17:05:26.461+0000] {dagbag.py:588} INFO - Filling up the DagBag from /home/airflow/.local/lib/python3.12/site-packages/airflow/example_dags/example_branch_python_dop_operator_3.py
[2025-02-22T17:05:26.466+0000] {processor.py:925} INFO - DAG(s) 'example_branch_dop_operator_v3' retrieved from /home/airflow/.local/lib/python3.12/site-packages/airflow/example_dags/example_branch_python_dop_operator_3.py
[2025-02-22T17:05:26.504+0000] {logging_mixin.py:190} INFO - [2025-02-22T17:05:26.503+0000] {override.py:1912} INFO - Created Permission View: can edit on DAG:example_branch_dop_operator_v3
[2025-02-22T17:05:26.508+0000] {logging_mixin.py:190} INFO - [2025-02-22T17:05:26.508+0000] {override.py:1912} INFO - Created Permission View: can delete on DAG:example_branch_dop_operator_v3
[2025-02-22T17:05:26.510+0000] {logging_mixin.py:190} INFO - [2025-02-22T17:05:26.510+0000] {override.py:1912} INFO - Created Permission View: can read on DAG:example_branch_dop_operator_v3
[2025-02-22T17:05:26.512+0000] {logging_mixin.py:190} INFO - [2025-02-22T17:05:26.512+0000] {override.py:1912} INFO - Created Permission View: menu access on DAG Run:example_branch_dop_operator_v3
[2025-02-22T17:05:26.514+0000] {logging_mixin.py:190} INFO - [2025-02-22T17:05:26.514+0000] {override.py:1912} INFO - Created Permission View: can create on DAG Run:example_branch_dop_operator_v3
[2025-02-22T17:05:26.516+0000] {logging_mixin.py:190} INFO - [2025-02-22T17:05:26.516+0000] {override.py:1912} INFO - Created Permission View: can delete on DAG Run:example_branch_dop_operator_v3
[2025-02-22T17:05:26.521+0000] {logging_mixin.py:190} INFO - [2025-02-22T17:05:26.521+0000] {override.py:1912} INFO - Created Permission View: can read on DAG Run:example_branch_dop_operator_v3
[2025-02-22T17:05:26.521+0000] {logging_mixin.py:190} INFO - [2025-02-22T17:05:26.521+0000] {dag.py:3239} INFO - Sync 1 DAGs
[2025-02-22T17:05:26.526+0000] {logging_mixin.py:190} INFO - [2025-02-22T17:05:26.526+0000] {dag.py:3262} INFO - Creating ORM DAG for example_branch_dop_operator_v3
[2025-02-22T17:05:26.530+0000] {logging_mixin.py:190} INFO - [2025-02-22T17:05:26.530+0000] {dag.py:4180} INFO - Setting next_dagrun for example_branch_dop_operator_v3 to 2025-02-22 17:04:00+00:00, run_after=2025-02-22 17:05:00+00:00
[2025-02-22T17:05:26.536+0000] {processor.py:208} INFO - Processing /home/airflow/.local/lib/python3.12/site-packages/airflow/example_dags/example_branch_python_dop_operator_3.py took 0.079 seconds
[2025-02-22T17:05:57.405+0000] {processor.py:186} INFO - Started process (PID=129) to work on /home/airflow/.local/lib/python3.12/site-packages/airflow/example_dags/example_branch_python_dop_operator_3.py
[2025-02-22T17:05:57.405+0000] {processor.py:914} INFO - Processing file /home/airflow/.local/lib/python3.12/site-packages/airflow/example_dags/example_branch_python_dop_operator_3.py for tasks to queue
[2025-02-22T17:05:57.406+0000] {logging_mixin.py:190} INFO - [2025-02-22T17:05:57.406+0000] {dagbag.py:588} INFO - Filling up the DagBag from /home/airflow/.local/lib/python3.12/site-packages/airflow/example_dags/example_branch_python_dop_operator_3.py
[2025-02-22T17:05:57.411+0000] {processor.py:925} INFO - DAG(s) 'example_branch_dop_operator_v3' retrieved from /home/airflow/.local/lib/python3.12/site-packages/airflow/example_dags/example_branch_python_dop_operator_3.py
[2025-02-22T17:05:57.418+0000] {logging_mixin.py:190} INFO - [2025-02-22T17:05:57.418+0000] {dag.py:3239} INFO - Sync 1 DAGs
[2025-02-22T17:05:57.427+0000] {logging_mixin.py:190} INFO - [2025-02-22T17:05:57.427+0000] {dag.py:4180} INFO - Setting next_dagrun for example_branch_dop_operator_v3 to 2025-02-22 17:04:00+00:00, run_after=2025-02-22 17:05:00+00:00
[2025-02-22T17:05:57.433+0000] {processor.py:208} INFO - Processing /home/airflow/.local/lib/python3.12/site-packages/airflow/example_dags/example_branch_python_dop_operator_3.py took 0.030 seconds
[2025-02-22T17:06:27.449+0000] {processor.py:186} INFO - Started process (PID=191) to work on /home/airflow/.local/lib/python3.12/site-packages/airflow/example_dags/example_branch_python_dop_operator_3.py
[2025-02-22T17:06:27.450+0000] {processor.py:914} INFO - Processing file /home/airflow/.local/lib/python3.12/site-packages/airflow/example_dags/example_branch_python_dop_operator_3.py for tasks to queue
[2025-02-22T17:06:27.451+0000] {logging_mixin.py:190} INFO - [2025-02-22T17:06:27.450+0000] {dagbag.py:588} INFO - Filling up the DagBag from /home/airflow/.local/lib/python3.12/site-packages/airflow/example_dags/example_branch_python_dop_operator_3.py
[2025-02-22T17:06:27.455+0000] {processor.py:925} INFO - DAG(s) 'example_branch_dop_operator_v3' retrieved from /home/airflow/.local/lib/python3.12/site-packages/airflow/example_dags/example_branch_python_dop_operator_3.py
[2025-02-22T17:06:27.462+0000] {logging_mixin.py:190} INFO - [2025-02-22T17:06:27.461+0000] {dag.py:3239} INFO - Sync 1 DAGs
[2025-02-22T17:06:27.470+0000] {logging_mixin.py:190} INFO - [2025-02-22T17:06:27.470+0000] {dag.py:4180} INFO - Setting next_dagrun for example_branch_dop_operator_v3 to 2025-02-22 17:05:00+00:00, run_after=2025-02-22 17:06:00+00:00
[2025-02-22T17:06:27.476+0000] {processor.py:208} INFO - Processing /home/airflow/.local/lib/python3.12/site-packages/airflow/example_dags/example_branch_python_dop_operator_3.py took 0.028 seconds
[2025-02-22T17:06:57.559+0000] {processor.py:186} INFO - Started process (PID=253) to work on /home/airflow/.local/lib/python3.12/site-packages/airflow/example_dags/example_branch_python_dop_operator_3.py
[2025-02-22T17:06:57.561+0000] {processor.py:914} INFO - Processing file /home/airflow/.local/lib/python3.12/site-packages/airflow/example_dags/example_branch_python_dop_operator_3.py for tasks to queue
[2025-02-22T17:06:57.562+0000] {logging_mixin.py:190} INFO - [2025-02-22T17:06:57.562+0000] {dagbag.py:588} INFO - Filling up the DagBag from /home/airflow/.local/lib/python3.12/site-packages/airflow/example_dags/example_branch_python_dop_operator_3.py
[2025-02-22T17:06:57.566+0000] {processor.py:925} INFO - DAG(s) 'example_branch_dop_operator_v3' retrieved from /home/airflow/.local/lib/python3.12/site-packages/airflow/example_dags/example_branch_python_dop_operator_3.py
[2025-02-22T17:06:57.574+0000] {logging_mixin.py:190} INFO - [2025-02-22T17:06:57.574+0000] {dag.py:3239} INFO - Sync 1 DAGs
[2025-02-22T17:06:57.582+0000] {logging_mixin.py:190} INFO - [2025-02-22T17:06:57.582+0000] {dag.py:4180} INFO - Setting next_dagrun for example_branch_dop_operator_v3 to 2025-02-22 17:05:00+00:00, run_after=2025-02-22 17:06:00+00:00
[2025-02-22T17:06:57.588+0000] {processor.py:208} INFO - Processing /home/airflow/.local/lib/python3.12/site-packages/airflow/example_dags/example_branch_python_dop_operator_3.py took 0.031 seconds
[2025-02-22T17:07:27.651+0000] {processor.py:186} INFO - Started process (PID=316) to work on /home/airflow/.local/lib/python3.12/site-packages/airflow/example_dags/example_branch_python_dop_operator_3.py
[2025-02-22T17:07:27.652+0000] {processor.py:914} INFO - Processing file /home/airflow/.local/lib/python3.12/site-packages/airflow/example_dags/example_branch_python_dop_operator_3.py for tasks to queue
[2025-02-22T17:07:27.653+0000] {logging_mixin.py:190} INFO - [2025-02-22T17:07:27.653+0000] {dagbag.py:588} INFO - Filling up the DagBag from /home/airflow/.local/lib/python3.12/site-packages/airflow/example_dags/example_branch_python_dop_operator_3.py
[2025-02-22T17:07:27.660+0000] {processor.py:925} INFO - DAG(s) 'example_branch_dop_operator_v3' retrieved from /home/airflow/.local/lib/python3.12/site-packages/airflow/example_dags/example_branch_python_dop_operator_3.py
[2025-02-22T17:07:27.667+0000] {logging_mixin.py:190} INFO - [2025-02-22T17:07:27.667+0000] {dag.py:3239} INFO - Sync 1 DAGs
[2025-02-22T17:07:27.679+0000] {logging_mixin.py:190} INFO - [2025-02-22T17:07:27.678+0000] {dag.py:4180} INFO - Setting next_dagrun for example_branch_dop_operator_v3 to 2025-02-22 17:06:00+00:00, run_after=2025-02-22 17:07:00+00:00
[2025-02-22T17:07:27.689+0000] {processor.py:208} INFO - Processing /home/airflow/.local/lib/python3.12/site-packages/airflow/example_dags/example_branch_python_dop_operator_3.py took 0.040 seconds
[2025-02-22T17:07:57.715+0000] {processor.py:186} INFO - Started process (PID=378) to work on /home/airflow/.local/lib/python3.12/site-packages/airflow/example_dags/example_branch_python_dop_operator_3.py
[2025-02-22T17:07:57.715+0000] {processor.py:914} INFO - Processing file /home/airflow/.local/lib/python3.12/site-packages/airflow/example_dags/example_branch_python_dop_operator_3.py for tasks to queue
[2025-02-22T17:07:57.716+0000] {logging_mixin.py:190} INFO - [2025-02-22T17:07:57.716+0000] {dagbag.py:588} INFO - Filling up the DagBag from /home/airflow/.local/lib/python3.12/site-packages/airflow/example_dags/example_branch_python_dop_operator_3.py
[2025-02-22T17:07:57.721+0000] {processor.py:925} INFO - DAG(s) 'example_branch_dop_operator_v3' retrieved from /home/airflow/.local/lib/python3.12/site-packages/airflow/example_dags/example_branch_python_dop_operator_3.py
[2025-02-22T17:07:57.729+0000] {logging_mixin.py:190} INFO - [2025-02-22T17:07:57.729+0000] {dag.py:3239} INFO - Sync 1 DAGs
[2025-02-22T17:07:57.738+0000] {logging_mixin.py:190} INFO - [2025-02-22T17:07:57.738+0000] {dag.py:4180} INFO - Setting next_dagrun for example_branch_dop_operator_v3 to 2025-02-22 17:06:00+00:00, run_after=2025-02-22 17:07:00+00:00
[2025-02-22T17:07:57.746+0000] {processor.py:208} INFO - Processing /home/airflow/.local/lib/python3.12/site-packages/airflow/example_dags/example_branch_python_dop_operator_3.py took 0.034 seconds
[2025-02-22T17:08:27.767+0000] {processor.py:186} INFO - Started process (PID=441) to work on /home/airflow/.local/lib/python3.12/site-packages/airflow/example_dags/example_branch_python_dop_operator_3.py
[2025-02-22T17:08:27.769+0000] {processor.py:914} INFO - Processing file /home/airflow/.local/lib/python3.12/site-packages/airflow/example_dags/example_branch_python_dop_operator_3.py for tasks to queue
[2025-02-22T17:08:27.770+0000] {logging_mixin.py:190} INFO - [2025-02-22T17:08:27.770+0000] {dagbag.py:588} INFO - Filling up the DagBag from /home/airflow/.local/lib/python3.12/site-packages/airflow/example_dags/example_branch_python_dop_operator_3.py
[2025-02-22T17:08:27.775+0000] {processor.py:925} INFO - DAG(s) 'example_branch_dop_operator_v3' retrieved from /home/airflow/.local/lib/python3.12/site-packages/airflow/example_dags/example_branch_python_dop_operator_3.py
[2025-02-22T17:08:27.782+0000] {logging_mixin.py:190} INFO - [2025-02-22T17:08:27.782+0000] {dag.py:3239} INFO - Sync 1 DAGs
[2025-02-22T17:08:27.791+0000] {logging_mixin.py:190} INFO - [2025-02-22T17:08:27.791+0000] {dag.py:4180} INFO - Setting next_dagrun for example_branch_dop_operator_v3 to 2025-02-22 17:07:00+00:00, run_after=2025-02-22 17:08:00+00:00
[2025-02-22T17:08:27.799+0000] {processor.py:208} INFO - Processing /home/airflow/.local/lib/python3.12/site-packages/airflow/example_dags/example_branch_python_dop_operator_3.py took 0.035 seconds
[2025-02-22T17:08:58.802+0000] {processor.py:186} INFO - Started process (PID=504) to work on /home/airflow/.local/lib/python3.12/site-packages/airflow/example_dags/example_branch_python_dop_operator_3.py
[2025-02-22T17:08:58.802+0000] {processor.py:914} INFO - Processing file /home/airflow/.local/lib/python3.12/site-packages/airflow/example_dags/example_branch_python_dop_operator_3.py for tasks to queue
[2025-02-22T17:08:58.805+0000] {logging_mixin.py:190} INFO - [2025-02-22T17:08:58.805+0000] {dagbag.py:588} INFO - Filling up the DagBag from /home/airflow/.local/lib/python3.12/site-packages/airflow/example_dags/example_branch_python_dop_operator_3.py
[2025-02-22T17:08:58.809+0000] {processor.py:925} INFO - DAG(s) 'example_branch_dop_operator_v3' retrieved from /home/airflow/.local/lib/python3.12/site-packages/airflow/example_dags/example_branch_python_dop_operator_3.py
[2025-02-22T17:08:58.816+0000] {logging_mixin.py:190} INFO - [2025-02-22T17:08:58.816+0000] {dag.py:3239} INFO - Sync 1 DAGs
[2025-02-22T17:08:58.824+0000] {logging_mixin.py:190} INFO - [2025-02-22T17:08:58.824+0000] {dag.py:4180} INFO - Setting next_dagrun for example_branch_dop_operator_v3 to 2025-02-22 17:07:00+00:00, run_after=2025-02-22 17:08:00+00:00
[2025-02-22T17:08:58.830+0000] {processor.py:208} INFO - Processing /home/airflow/.local/lib/python3.12/site-packages/airflow/example_dags/example_branch_python_dop_operator_3.py took 0.030 seconds
[2025-02-22T17:09:29.808+0000] {processor.py:186} INFO - Started process (PID=567) to work on /home/airflow/.local/lib/python3.12/site-packages/airflow/example_dags/example_branch_python_dop_operator_3.py
[2025-02-22T17:09:29.809+0000] {processor.py:914} INFO - Processing file /home/airflow/.local/lib/python3.12/site-packages/airflow/example_dags/example_branch_python_dop_operator_3.py for tasks to queue
[2025-02-22T17:09:29.810+0000] {logging_mixin.py:190} INFO - [2025-02-22T17:09:29.810+0000] {dagbag.py:588} INFO - Filling up the DagBag from /home/airflow/.local/lib/python3.12/site-packages/airflow/example_dags/example_branch_python_dop_operator_3.py
[2025-02-22T17:09:29.814+0000] {processor.py:925} INFO - DAG(s) 'example_branch_dop_operator_v3' retrieved from /home/airflow/.local/lib/python3.12/site-packages/airflow/example_dags/example_branch_python_dop_operator_3.py
[2025-02-22T17:09:29.823+0000] {logging_mixin.py:190} INFO - [2025-02-22T17:09:29.822+0000] {dag.py:3239} INFO - Sync 1 DAGs
[2025-02-22T17:09:29.831+0000] {logging_mixin.py:190} INFO - [2025-02-22T17:09:29.831+0000] {dag.py:4180} INFO - Setting next_dagrun for example_branch_dop_operator_v3 to 2025-02-22 17:08:00+00:00, run_after=2025-02-22 17:09:00+00:00
[2025-02-22T17:09:29.840+0000] {processor.py:208} INFO - Processing /home/airflow/.local/lib/python3.12/site-packages/airflow/example_dags/example_branch_python_dop_operator_3.py took 0.034 seconds
[2025-02-22T17:10:00.786+0000] {processor.py:186} INFO - Started process (PID=630) to work on /home/airflow/.local/lib/python3.12/site-packages/airflow/example_dags/example_branch_python_dop_operator_3.py
[2025-02-22T17:10:00.789+0000] {processor.py:914} INFO - Processing file /home/airflow/.local/lib/python3.12/site-packages/airflow/example_dags/example_branch_python_dop_operator_3.py for tasks to queue
[2025-02-22T17:10:00.793+0000] {logging_mixin.py:190} INFO - [2025-02-22T17:10:00.793+0000] {dagbag.py:588} INFO - Filling up the DagBag from /home/airflow/.local/lib/python3.12/site-packages/airflow/example_dags/example_branch_python_dop_operator_3.py
[2025-02-22T17:10:00.797+0000] {processor.py:925} INFO - DAG(s) 'example_branch_dop_operator_v3' retrieved from /home/airflow/.local/lib/python3.12/site-packages/airflow/example_dags/example_branch_python_dop_operator_3.py
[2025-02-22T17:10:00.805+0000] {logging_mixin.py:190} INFO - [2025-02-22T17:10:00.805+0000] {dag.py:3239} INFO - Sync 1 DAGs
[2025-02-22T17:10:00.814+0000] {logging_mixin.py:190} INFO - [2025-02-22T17:10:00.813+0000] {dag.py:4180} INFO - Setting next_dagrun for example_branch_dop_operator_v3 to 2025-02-22 17:09:00+00:00, run_after=2025-02-22 17:10:00+00:00
[2025-02-22T17:10:00.822+0000] {processor.py:208} INFO - Processing /home/airflow/.local/lib/python3.12/site-packages/airflow/example_dags/example_branch_python_dop_operator_3.py took 0.038 seconds
[2025-02-22T17:10:31.826+0000] {processor.py:186} INFO - Started process (PID=693) to work on /home/airflow/.local/lib/python3.12/site-packages/airflow/example_dags/example_branch_python_dop_operator_3.py
[2025-02-22T17:10:31.827+0000] {processor.py:914} INFO - Processing file /home/airflow/.local/lib/python3.12/site-packages/airflow/example_dags/example_branch_python_dop_operator_3.py for tasks to queue
[2025-02-22T17:10:31.828+0000] {logging_mixin.py:190} INFO - [2025-02-22T17:10:31.828+0000] {dagbag.py:588} INFO - Filling up the DagBag from /home/airflow/.local/lib/python3.12/site-packages/airflow/example_dags/example_branch_python_dop_operator_3.py
[2025-02-22T17:10:31.833+0000] {processor.py:925} INFO - DAG(s) 'example_branch_dop_operator_v3' retrieved from /home/airflow/.local/lib/python3.12/site-packages/airflow/example_dags/example_branch_python_dop_operator_3.py
[2025-02-22T17:10:31.840+0000] {logging_mixin.py:190} INFO - [2025-02-22T17:10:31.840+0000] {dag.py:3239} INFO - Sync 1 DAGs
[2025-02-22T17:10:31.849+0000] {logging_mixin.py:190} INFO - [2025-02-22T17:10:31.849+0000] {dag.py:4180} INFO - Setting next_dagrun for example_branch_dop_operator_v3 to 2025-02-22 17:09:00+00:00, run_after=2025-02-22 17:10:00+00:00
[2025-02-22T17:10:31.856+0000] {processor.py:208} INFO - Processing /home/airflow/.local/lib/python3.12/site-packages/airflow/example_dags/example_branch_python_dop_operator_3.py took 0.032 seconds
[2025-02-22T17:11:02.835+0000] {processor.py:186} INFO - Started process (PID=756) to work on /home/airflow/.local/lib/python3.12/site-packages/airflow/example_dags/example_branch_python_dop_operator_3.py
[2025-02-22T17:11:02.838+0000] {processor.py:914} INFO - Processing file /home/airflow/.local/lib/python3.12/site-packages/airflow/example_dags/example_branch_python_dop_operator_3.py for tasks to queue
[2025-02-22T17:11:02.839+0000] {logging_mixin.py:190} INFO - [2025-02-22T17:11:02.838+0000] {dagbag.py:588} INFO - Filling up the DagBag from /home/airflow/.local/lib/python3.12/site-packages/airflow/example_dags/example_branch_python_dop_operator_3.py
[2025-02-22T17:11:02.845+0000] {processor.py:925} INFO - DAG(s) 'example_branch_dop_operator_v3' retrieved from /home/airflow/.local/lib/python3.12/site-packages/airflow/example_dags/example_branch_python_dop_operator_3.py
[2025-02-22T17:11:02.853+0000] {logging_mixin.py:190} INFO - [2025-02-22T17:11:02.853+0000] {dag.py:3239} INFO - Sync 1 DAGs
[2025-02-22T17:11:02.863+0000] {logging_mixin.py:190} INFO - [2025-02-22T17:11:02.863+0000] {dag.py:4180} INFO - Setting next_dagrun for example_branch_dop_operator_v3 to 2025-02-22 17:10:00+00:00, run_after=2025-02-22 17:11:00+00:00
[2025-02-22T17:11:02.869+0000] {processor.py:208} INFO - Processing /home/airflow/.local/lib/python3.12/site-packages/airflow/example_dags/example_branch_python_dop_operator_3.py took 0.037 seconds
[2025-02-22T17:11:33.819+0000] {processor.py:186} INFO - Started process (PID=819) to work on /home/airflow/.local/lib/python3.12/site-packages/airflow/example_dags/example_branch_python_dop_operator_3.py
[2025-02-22T17:11:33.819+0000] {processor.py:914} INFO - Processing file /home/airflow/.local/lib/python3.12/site-packages/airflow/example_dags/example_branch_python_dop_operator_3.py for tasks to queue
[2025-02-22T17:11:33.820+0000] {logging_mixin.py:190} INFO - [2025-02-22T17:11:33.820+0000] {dagbag.py:588} INFO - Filling up the DagBag from /home/airflow/.local/lib/python3.12/site-packages/airflow/example_dags/example_branch_python_dop_operator_3.py
[2025-02-22T17:11:33.825+0000] {processor.py:925} INFO - DAG(s) 'example_branch_dop_operator_v3' retrieved from /home/airflow/.local/lib/python3.12/site-packages/airflow/example_dags/example_branch_python_dop_operator_3.py
[2025-02-22T17:11:33.832+0000] {logging_mixin.py:190} INFO - [2025-02-22T17:11:33.832+0000] {dag.py:3239} INFO - Sync 1 DAGs
[2025-02-22T17:11:33.840+0000] {logging_mixin.py:190} INFO - [2025-02-22T17:11:33.840+0000] {dag.py:4180} INFO - Setting next_dagrun for example_branch_dop_operator_v3 to 2025-02-22 17:10:00+00:00, run_after=2025-02-22 17:11:00+00:00
[2025-02-22T17:11:33.846+0000] {processor.py:208} INFO - Processing /home/airflow/.local/lib/python3.12/site-packages/airflow/example_dags/example_branch_python_dop_operator_3.py took 0.030 seconds
[2025-02-22T17:12:04.781+0000] {processor.py:186} INFO - Started process (PID=882) to work on /home/airflow/.local/lib/python3.12/site-packages/airflow/example_dags/example_branch_python_dop_operator_3.py
[2025-02-22T17:12:04.782+0000] {processor.py:914} INFO - Processing file /home/airflow/.local/lib/python3.12/site-packages/airflow/example_dags/example_branch_python_dop_operator_3.py for tasks to queue
[2025-02-22T17:12:04.783+0000] {logging_mixin.py:190} INFO - [2025-02-22T17:12:04.783+0000] {dagbag.py:588} INFO - Filling up the DagBag from /home/airflow/.local/lib/python3.12/site-packages/airflow/example_dags/example_branch_python_dop_operator_3.py
[2025-02-22T17:12:04.787+0000] {processor.py:925} INFO - DAG(s) 'example_branch_dop_operator_v3' retrieved from /home/airflow/.local/lib/python3.12/site-packages/airflow/example_dags/example_branch_python_dop_operator_3.py
[2025-02-22T17:12:04.795+0000] {logging_mixin.py:190} INFO - [2025-02-22T17:12:04.795+0000] {dag.py:3239} INFO - Sync 1 DAGs
[2025-02-22T17:12:04.805+0000] {logging_mixin.py:190} INFO - [2025-02-22T17:12:04.804+0000] {dag.py:4180} INFO - Setting next_dagrun for example_branch_dop_operator_v3 to 2025-02-22 17:11:00+00:00, run_after=2025-02-22 17:12:00+00:00
[2025-02-22T17:12:04.811+0000] {processor.py:208} INFO - Processing /home/airflow/.local/lib/python3.12/site-packages/airflow/example_dags/example_branch_python_dop_operator_3.py took 0.032 seconds
[2025-02-22T17:12:35.854+0000] {processor.py:186} INFO - Started process (PID=945) to work on /home/airflow/.local/lib/python3.12/site-packages/airflow/example_dags/example_branch_python_dop_operator_3.py
[2025-02-22T17:12:35.854+0000] {processor.py:914} INFO - Processing file /home/airflow/.local/lib/python3.12/site-packages/airflow/example_dags/example_branch_python_dop_operator_3.py for tasks to queue
[2025-02-22T17:12:35.855+0000] {logging_mixin.py:190} INFO - [2025-02-22T17:12:35.855+0000] {dagbag.py:588} INFO - Filling up the DagBag from /home/airflow/.local/lib/python3.12/site-packages/airflow/example_dags/example_branch_python_dop_operator_3.py
[2025-02-22T17:12:35.859+0000] {processor.py:925} INFO - DAG(s) 'example_branch_dop_operator_v3' retrieved from /home/airflow/.local/lib/python3.12/site-packages/airflow/example_dags/example_branch_python_dop_operator_3.py
[2025-02-22T17:12:35.867+0000] {logging_mixin.py:190} INFO - [2025-02-22T17:12:35.867+0000] {dag.py:3239} INFO - Sync 1 DAGs
[2025-02-22T17:12:35.876+0000] {logging_mixin.py:190} INFO - [2025-02-22T17:12:35.876+0000] {dag.py:4180} INFO - Setting next_dagrun for example_branch_dop_operator_v3 to 2025-02-22 17:11:00+00:00, run_after=2025-02-22 17:12:00+00:00
[2025-02-22T17:12:35.881+0000] {processor.py:208} INFO - Processing /home/airflow/.local/lib/python3.12/site-packages/airflow/example_dags/example_branch_python_dop_operator_3.py took 0.030 seconds
[2025-02-22T17:13:06.796+0000] {processor.py:186} INFO - Started process (PID=1008) to work on /home/airflow/.local/lib/python3.12/site-packages/airflow/example_dags/example_branch_python_dop_operator_3.py
[2025-02-22T17:13:06.796+0000] {processor.py:914} INFO - Processing file /home/airflow/.local/lib/python3.12/site-packages/airflow/example_dags/example_branch_python_dop_operator_3.py for tasks to queue
[2025-02-22T17:13:06.797+0000] {logging_mixin.py:190} INFO - [2025-02-22T17:13:06.797+0000] {dagbag.py:588} INFO - Filling up the DagBag from /home/airflow/.local/lib/python3.12/site-packages/airflow/example_dags/example_branch_python_dop_operator_3.py
[2025-02-22T17:13:06.801+0000] {processor.py:925} INFO - DAG(s) 'example_branch_dop_operator_v3' retrieved from /home/airflow/.local/lib/python3.12/site-packages/airflow/example_dags/example_branch_python_dop_operator_3.py
[2025-02-22T17:13:06.808+0000] {logging_mixin.py:190} INFO - [2025-02-22T17:13:06.808+0000] {dag.py:3239} INFO - Sync 1 DAGs
[2025-02-22T17:13:06.817+0000] {logging_mixin.py:190} INFO - [2025-02-22T17:13:06.817+0000] {dag.py:4180} INFO - Setting next_dagrun for example_branch_dop_operator_v3 to 2025-02-22 17:12:00+00:00, run_after=2025-02-22 17:13:00+00:00
[2025-02-22T17:13:06.823+0000] {processor.py:208} INFO - Processing /home/airflow/.local/lib/python3.12/site-packages/airflow/example_dags/example_branch_python_dop_operator_3.py took 0.029 seconds
[2025-02-22T17:15:54.874+0000] {processor.py:186} INFO - Started process (PID=60) to work on /home/airflow/.local/lib/python3.12/site-packages/airflow/example_dags/example_branch_python_dop_operator_3.py
[2025-02-22T17:15:54.875+0000] {processor.py:914} INFO - Processing file /home/airflow/.local/lib/python3.12/site-packages/airflow/example_dags/example_branch_python_dop_operator_3.py for tasks to queue
[2025-02-22T17:15:54.876+0000] {logging_mixin.py:190} INFO - [2025-02-22T17:15:54.876+0000] {dagbag.py:588} INFO - Filling up the DagBag from /home/airflow/.local/lib/python3.12/site-packages/airflow/example_dags/example_branch_python_dop_operator_3.py
[2025-02-22T17:15:54.884+0000] {processor.py:925} INFO - DAG(s) 'example_branch_dop_operator_v3' retrieved from /home/airflow/.local/lib/python3.12/site-packages/airflow/example_dags/example_branch_python_dop_operator_3.py
[2025-02-22T17:15:54.897+0000] {logging_mixin.py:190} INFO - [2025-02-22T17:15:54.897+0000] {dag.py:3239} INFO - Sync 1 DAGs
[2025-02-22T17:15:54.910+0000] {logging_mixin.py:190} INFO - [2025-02-22T17:15:54.910+0000] {dag.py:4180} INFO - Setting next_dagrun for example_branch_dop_operator_v3 to 2025-02-22 17:14:00+00:00, run_after=2025-02-22 17:15:00+00:00
[2025-02-22T17:15:54.920+0000] {processor.py:208} INFO - Processing /home/airflow/.local/lib/python3.12/site-packages/airflow/example_dags/example_branch_python_dop_operator_3.py took 0.049 seconds
[2025-02-22T17:16:25.199+0000] {processor.py:186} INFO - Started process (PID=123) to work on /home/airflow/.local/lib/python3.12/site-packages/airflow/example_dags/example_branch_python_dop_operator_3.py
[2025-02-22T17:16:25.199+0000] {processor.py:914} INFO - Processing file /home/airflow/.local/lib/python3.12/site-packages/airflow/example_dags/example_branch_python_dop_operator_3.py for tasks to queue
[2025-02-22T17:16:25.200+0000] {logging_mixin.py:190} INFO - [2025-02-22T17:16:25.200+0000] {dagbag.py:588} INFO - Filling up the DagBag from /home/airflow/.local/lib/python3.12/site-packages/airflow/example_dags/example_branch_python_dop_operator_3.py
[2025-02-22T17:16:25.205+0000] {processor.py:925} INFO - DAG(s) 'example_branch_dop_operator_v3' retrieved from /home/airflow/.local/lib/python3.12/site-packages/airflow/example_dags/example_branch_python_dop_operator_3.py
[2025-02-22T17:16:25.213+0000] {logging_mixin.py:190} INFO - [2025-02-22T17:16:25.212+0000] {dag.py:3239} INFO - Sync 1 DAGs
[2025-02-22T17:16:25.223+0000] {logging_mixin.py:190} INFO - [2025-02-22T17:16:25.223+0000] {dag.py:4180} INFO - Setting next_dagrun for example_branch_dop_operator_v3 to 2025-02-22 17:15:00+00:00, run_after=2025-02-22 17:16:00+00:00
[2025-02-22T17:16:25.232+0000] {processor.py:208} INFO - Processing /home/airflow/.local/lib/python3.12/site-packages/airflow/example_dags/example_branch_python_dop_operator_3.py took 0.036 seconds
[2025-02-22T17:16:55.448+0000] {processor.py:186} INFO - Started process (PID=186) to work on /home/airflow/.local/lib/python3.12/site-packages/airflow/example_dags/example_branch_python_dop_operator_3.py
[2025-02-22T17:16:55.449+0000] {processor.py:914} INFO - Processing file /home/airflow/.local/lib/python3.12/site-packages/airflow/example_dags/example_branch_python_dop_operator_3.py for tasks to queue
[2025-02-22T17:16:55.450+0000] {logging_mixin.py:190} INFO - [2025-02-22T17:16:55.450+0000] {dagbag.py:588} INFO - Filling up the DagBag from /home/airflow/.local/lib/python3.12/site-packages/airflow/example_dags/example_branch_python_dop_operator_3.py
[2025-02-22T17:16:55.454+0000] {processor.py:925} INFO - DAG(s) 'example_branch_dop_operator_v3' retrieved from /home/airflow/.local/lib/python3.12/site-packages/airflow/example_dags/example_branch_python_dop_operator_3.py
[2025-02-22T17:16:55.463+0000] {logging_mixin.py:190} INFO - [2025-02-22T17:16:55.463+0000] {dag.py:3239} INFO - Sync 1 DAGs
[2025-02-22T17:16:55.472+0000] {logging_mixin.py:190} INFO - [2025-02-22T17:16:55.472+0000] {dag.py:4180} INFO - Setting next_dagrun for example_branch_dop_operator_v3 to 2025-02-22 17:15:00+00:00, run_after=2025-02-22 17:16:00+00:00
[2025-02-22T17:16:55.479+0000] {processor.py:208} INFO - Processing /home/airflow/.local/lib/python3.12/site-packages/airflow/example_dags/example_branch_python_dop_operator_3.py took 0.033 seconds
[2025-02-22T17:17:26.554+0000] {processor.py:186} INFO - Started process (PID=249) to work on /home/airflow/.local/lib/python3.12/site-packages/airflow/example_dags/example_branch_python_dop_operator_3.py
[2025-02-22T17:17:26.554+0000] {processor.py:914} INFO - Processing file /home/airflow/.local/lib/python3.12/site-packages/airflow/example_dags/example_branch_python_dop_operator_3.py for tasks to queue
[2025-02-22T17:17:26.555+0000] {logging_mixin.py:190} INFO - [2025-02-22T17:17:26.555+0000] {dagbag.py:588} INFO - Filling up the DagBag from /home/airflow/.local/lib/python3.12/site-packages/airflow/example_dags/example_branch_python_dop_operator_3.py
[2025-02-22T17:17:26.559+0000] {processor.py:925} INFO - DAG(s) 'example_branch_dop_operator_v3' retrieved from /home/airflow/.local/lib/python3.12/site-packages/airflow/example_dags/example_branch_python_dop_operator_3.py
[2025-02-22T17:17:26.567+0000] {logging_mixin.py:190} INFO - [2025-02-22T17:17:26.567+0000] {dag.py:3239} INFO - Sync 1 DAGs
[2025-02-22T17:17:26.576+0000] {logging_mixin.py:190} INFO - [2025-02-22T17:17:26.576+0000] {dag.py:4180} INFO - Setting next_dagrun for example_branch_dop_operator_v3 to 2025-02-22 17:16:00+00:00, run_after=2025-02-22 17:17:00+00:00
[2025-02-22T17:17:26.583+0000] {processor.py:208} INFO - Processing /home/airflow/.local/lib/python3.12/site-packages/airflow/example_dags/example_branch_python_dop_operator_3.py took 0.031 seconds
[2025-02-22T17:17:56.709+0000] {processor.py:186} INFO - Started process (PID=312) to work on /home/airflow/.local/lib/python3.12/site-packages/airflow/example_dags/example_branch_python_dop_operator_3.py
[2025-02-22T17:17:56.709+0000] {processor.py:914} INFO - Processing file /home/airflow/.local/lib/python3.12/site-packages/airflow/example_dags/example_branch_python_dop_operator_3.py for tasks to queue
[2025-02-22T17:17:56.710+0000] {logging_mixin.py:190} INFO - [2025-02-22T17:17:56.710+0000] {dagbag.py:588} INFO - Filling up the DagBag from /home/airflow/.local/lib/python3.12/site-packages/airflow/example_dags/example_branch_python_dop_operator_3.py
[2025-02-22T17:17:56.715+0000] {processor.py:925} INFO - DAG(s) 'example_branch_dop_operator_v3' retrieved from /home/airflow/.local/lib/python3.12/site-packages/airflow/example_dags/example_branch_python_dop_operator_3.py
[2025-02-22T17:17:56.722+0000] {logging_mixin.py:190} INFO - [2025-02-22T17:17:56.722+0000] {dag.py:3239} INFO - Sync 1 DAGs
[2025-02-22T17:17:56.731+0000] {logging_mixin.py:190} INFO - [2025-02-22T17:17:56.731+0000] {dag.py:4180} INFO - Setting next_dagrun for example_branch_dop_operator_v3 to 2025-02-22 17:16:00+00:00, run_after=2025-02-22 17:17:00+00:00
[2025-02-22T17:17:56.738+0000] {processor.py:208} INFO - Processing /home/airflow/.local/lib/python3.12/site-packages/airflow/example_dags/example_branch_python_dop_operator_3.py took 0.031 seconds
[2025-02-22T17:18:26.927+0000] {processor.py:186} INFO - Started process (PID=374) to work on /home/airflow/.local/lib/python3.12/site-packages/airflow/example_dags/example_branch_python_dop_operator_3.py
[2025-02-22T17:18:26.928+0000] {processor.py:914} INFO - Processing file /home/airflow/.local/lib/python3.12/site-packages/airflow/example_dags/example_branch_python_dop_operator_3.py for tasks to queue
[2025-02-22T17:18:26.929+0000] {logging_mixin.py:190} INFO - [2025-02-22T17:18:26.929+0000] {dagbag.py:588} INFO - Filling up the DagBag from /home/airflow/.local/lib/python3.12/site-packages/airflow/example_dags/example_branch_python_dop_operator_3.py
[2025-02-22T17:18:26.932+0000] {processor.py:925} INFO - DAG(s) 'example_branch_dop_operator_v3' retrieved from /home/airflow/.local/lib/python3.12/site-packages/airflow/example_dags/example_branch_python_dop_operator_3.py
[2025-02-22T17:18:26.941+0000] {logging_mixin.py:190} INFO - [2025-02-22T17:18:26.941+0000] {dag.py:3239} INFO - Sync 1 DAGs
[2025-02-22T17:18:26.950+0000] {logging_mixin.py:190} INFO - [2025-02-22T17:18:26.950+0000] {dag.py:4180} INFO - Setting next_dagrun for example_branch_dop_operator_v3 to 2025-02-22 17:17:00+00:00, run_after=2025-02-22 17:18:00+00:00
[2025-02-22T17:18:26.958+0000] {processor.py:208} INFO - Processing /home/airflow/.local/lib/python3.12/site-packages/airflow/example_dags/example_branch_python_dop_operator_3.py took 0.033 seconds
[2025-02-22T17:18:57.013+0000] {processor.py:186} INFO - Started process (PID=437) to work on /home/airflow/.local/lib/python3.12/site-packages/airflow/example_dags/example_branch_python_dop_operator_3.py
[2025-02-22T17:18:57.013+0000] {processor.py:914} INFO - Processing file /home/airflow/.local/lib/python3.12/site-packages/airflow/example_dags/example_branch_python_dop_operator_3.py for tasks to queue
[2025-02-22T17:18:57.014+0000] {logging_mixin.py:190} INFO - [2025-02-22T17:18:57.014+0000] {dagbag.py:588} INFO - Filling up the DagBag from /home/airflow/.local/lib/python3.12/site-packages/airflow/example_dags/example_branch_python_dop_operator_3.py
[2025-02-22T17:18:57.018+0000] {processor.py:925} INFO - DAG(s) 'example_branch_dop_operator_v3' retrieved from /home/airflow/.local/lib/python3.12/site-packages/airflow/example_dags/example_branch_python_dop_operator_3.py
[2025-02-22T17:18:57.026+0000] {logging_mixin.py:190} INFO - [2025-02-22T17:18:57.026+0000] {dag.py:3239} INFO - Sync 1 DAGs
[2025-02-22T17:18:57.035+0000] {logging_mixin.py:190} INFO - [2025-02-22T17:18:57.035+0000] {dag.py:4180} INFO - Setting next_dagrun for example_branch_dop_operator_v3 to 2025-02-22 17:17:00+00:00, run_after=2025-02-22 17:18:00+00:00
[2025-02-22T17:18:57.041+0000] {processor.py:208} INFO - Processing /home/airflow/.local/lib/python3.12/site-packages/airflow/example_dags/example_branch_python_dop_operator_3.py took 0.030 seconds
[2025-02-22T17:19:27.103+0000] {processor.py:186} INFO - Started process (PID=500) to work on /home/airflow/.local/lib/python3.12/site-packages/airflow/example_dags/example_branch_python_dop_operator_3.py
[2025-02-22T17:19:27.103+0000] {processor.py:914} INFO - Processing file /home/airflow/.local/lib/python3.12/site-packages/airflow/example_dags/example_branch_python_dop_operator_3.py for tasks to queue
[2025-02-22T17:19:27.104+0000] {logging_mixin.py:190} INFO - [2025-02-22T17:19:27.104+0000] {dagbag.py:588} INFO - Filling up the DagBag from /home/airflow/.local/lib/python3.12/site-packages/airflow/example_dags/example_branch_python_dop_operator_3.py
[2025-02-22T17:19:27.108+0000] {processor.py:925} INFO - DAG(s) 'example_branch_dop_operator_v3' retrieved from /home/airflow/.local/lib/python3.12/site-packages/airflow/example_dags/example_branch_python_dop_operator_3.py
[2025-02-22T17:19:27.116+0000] {logging_mixin.py:190} INFO - [2025-02-22T17:19:27.115+0000] {dag.py:3239} INFO - Sync 1 DAGs
[2025-02-22T17:19:27.124+0000] {logging_mixin.py:190} INFO - [2025-02-22T17:19:27.124+0000] {dag.py:4180} INFO - Setting next_dagrun for example_branch_dop_operator_v3 to 2025-02-22 17:18:00+00:00, run_after=2025-02-22 17:19:00+00:00
[2025-02-22T17:19:27.133+0000] {processor.py:208} INFO - Processing /home/airflow/.local/lib/python3.12/site-packages/airflow/example_dags/example_branch_python_dop_operator_3.py took 0.033 seconds
[2025-02-22T17:19:57.230+0000] {processor.py:186} INFO - Started process (PID=563) to work on /home/airflow/.local/lib/python3.12/site-packages/airflow/example_dags/example_branch_python_dop_operator_3.py
[2025-02-22T17:19:57.231+0000] {processor.py:914} INFO - Processing file /home/airflow/.local/lib/python3.12/site-packages/airflow/example_dags/example_branch_python_dop_operator_3.py for tasks to queue
[2025-02-22T17:19:57.232+0000] {logging_mixin.py:190} INFO - [2025-02-22T17:19:57.231+0000] {dagbag.py:588} INFO - Filling up the DagBag from /home/airflow/.local/lib/python3.12/site-packages/airflow/example_dags/example_branch_python_dop_operator_3.py
[2025-02-22T17:19:57.236+0000] {processor.py:925} INFO - DAG(s) 'example_branch_dop_operator_v3' retrieved from /home/airflow/.local/lib/python3.12/site-packages/airflow/example_dags/example_branch_python_dop_operator_3.py
[2025-02-22T17:19:57.243+0000] {logging_mixin.py:190} INFO - [2025-02-22T17:19:57.243+0000] {dag.py:3239} INFO - Sync 1 DAGs
[2025-02-22T17:19:57.251+0000] {logging_mixin.py:190} INFO - [2025-02-22T17:19:57.251+0000] {dag.py:4180} INFO - Setting next_dagrun for example_branch_dop_operator_v3 to 2025-02-22 17:18:00+00:00, run_after=2025-02-22 17:19:00+00:00
[2025-02-22T17:19:57.257+0000] {processor.py:208} INFO - Processing /home/airflow/.local/lib/python3.12/site-packages/airflow/example_dags/example_branch_python_dop_operator_3.py took 0.028 seconds
[2025-02-22T17:20:27.359+0000] {processor.py:186} INFO - Started process (PID=626) to work on /home/airflow/.local/lib/python3.12/site-packages/airflow/example_dags/example_branch_python_dop_operator_3.py
[2025-02-22T17:20:27.359+0000] {processor.py:914} INFO - Processing file /home/airflow/.local/lib/python3.12/site-packages/airflow/example_dags/example_branch_python_dop_operator_3.py for tasks to queue
[2025-02-22T17:20:27.360+0000] {logging_mixin.py:190} INFO - [2025-02-22T17:20:27.360+0000] {dagbag.py:588} INFO - Filling up the DagBag from /home/airflow/.local/lib/python3.12/site-packages/airflow/example_dags/example_branch_python_dop_operator_3.py
[2025-02-22T17:20:27.364+0000] {processor.py:925} INFO - DAG(s) 'example_branch_dop_operator_v3' retrieved from /home/airflow/.local/lib/python3.12/site-packages/airflow/example_dags/example_branch_python_dop_operator_3.py
[2025-02-22T17:20:27.371+0000] {logging_mixin.py:190} INFO - [2025-02-22T17:20:27.371+0000] {dag.py:3239} INFO - Sync 1 DAGs
[2025-02-22T17:20:27.378+0000] {logging_mixin.py:190} INFO - [2025-02-22T17:20:27.378+0000] {dag.py:4180} INFO - Setting next_dagrun for example_branch_dop_operator_v3 to 2025-02-22 17:19:00+00:00, run_after=2025-02-22 17:20:00+00:00
[2025-02-22T17:20:27.384+0000] {processor.py:208} INFO - Processing /home/airflow/.local/lib/python3.12/site-packages/airflow/example_dags/example_branch_python_dop_operator_3.py took 0.027 seconds
[2025-02-22T17:20:57.530+0000] {processor.py:186} INFO - Started process (PID=688) to work on /home/airflow/.local/lib/python3.12/site-packages/airflow/example_dags/example_branch_python_dop_operator_3.py
[2025-02-22T17:20:57.530+0000] {processor.py:914} INFO - Processing file /home/airflow/.local/lib/python3.12/site-packages/airflow/example_dags/example_branch_python_dop_operator_3.py for tasks to queue
[2025-02-22T17:20:57.531+0000] {logging_mixin.py:190} INFO - [2025-02-22T17:20:57.531+0000] {dagbag.py:588} INFO - Filling up the DagBag from /home/airflow/.local/lib/python3.12/site-packages/airflow/example_dags/example_branch_python_dop_operator_3.py
[2025-02-22T17:20:57.534+0000] {processor.py:925} INFO - DAG(s) 'example_branch_dop_operator_v3' retrieved from /home/airflow/.local/lib/python3.12/site-packages/airflow/example_dags/example_branch_python_dop_operator_3.py
[2025-02-22T17:20:57.542+0000] {logging_mixin.py:190} INFO - [2025-02-22T17:20:57.542+0000] {dag.py:3239} INFO - Sync 1 DAGs
[2025-02-22T17:20:57.551+0000] {logging_mixin.py:190} INFO - [2025-02-22T17:20:57.551+0000] {dag.py:4180} INFO - Setting next_dagrun for example_branch_dop_operator_v3 to 2025-02-22 17:19:00+00:00, run_after=2025-02-22 17:20:00+00:00
[2025-02-22T17:20:57.558+0000] {processor.py:208} INFO - Processing /home/airflow/.local/lib/python3.12/site-packages/airflow/example_dags/example_branch_python_dop_operator_3.py took 0.031 seconds
[2025-02-22T17:21:27.732+0000] {processor.py:186} INFO - Started process (PID=751) to work on /home/airflow/.local/lib/python3.12/site-packages/airflow/example_dags/example_branch_python_dop_operator_3.py
[2025-02-22T17:21:27.733+0000] {processor.py:914} INFO - Processing file /home/airflow/.local/lib/python3.12/site-packages/airflow/example_dags/example_branch_python_dop_operator_3.py for tasks to queue
[2025-02-22T17:21:27.734+0000] {logging_mixin.py:190} INFO - [2025-02-22T17:21:27.734+0000] {dagbag.py:588} INFO - Filling up the DagBag from /home/airflow/.local/lib/python3.12/site-packages/airflow/example_dags/example_branch_python_dop_operator_3.py
[2025-02-22T17:21:27.737+0000] {processor.py:925} INFO - DAG(s) 'example_branch_dop_operator_v3' retrieved from /home/airflow/.local/lib/python3.12/site-packages/airflow/example_dags/example_branch_python_dop_operator_3.py
[2025-02-22T17:21:27.746+0000] {logging_mixin.py:190} INFO - [2025-02-22T17:21:27.746+0000] {dag.py:3239} INFO - Sync 1 DAGs
[2025-02-22T17:21:27.755+0000] {logging_mixin.py:190} INFO - [2025-02-22T17:21:27.755+0000] {dag.py:4180} INFO - Setting next_dagrun for example_branch_dop_operator_v3 to 2025-02-22 17:20:00+00:00, run_after=2025-02-22 17:21:00+00:00
[2025-02-22T17:21:27.763+0000] {processor.py:208} INFO - Processing /home/airflow/.local/lib/python3.12/site-packages/airflow/example_dags/example_branch_python_dop_operator_3.py took 0.033 seconds
[2025-02-22T17:21:57.977+0000] {processor.py:186} INFO - Started process (PID=814) to work on /home/airflow/.local/lib/python3.12/site-packages/airflow/example_dags/example_branch_python_dop_operator_3.py
[2025-02-22T17:21:57.977+0000] {processor.py:914} INFO - Processing file /home/airflow/.local/lib/python3.12/site-packages/airflow/example_dags/example_branch_python_dop_operator_3.py for tasks to queue
[2025-02-22T17:21:57.978+0000] {logging_mixin.py:190} INFO - [2025-02-22T17:21:57.978+0000] {dagbag.py:588} INFO - Filling up the DagBag from /home/airflow/.local/lib/python3.12/site-packages/airflow/example_dags/example_branch_python_dop_operator_3.py
[2025-02-22T17:21:57.981+0000] {processor.py:925} INFO - DAG(s) 'example_branch_dop_operator_v3' retrieved from /home/airflow/.local/lib/python3.12/site-packages/airflow/example_dags/example_branch_python_dop_operator_3.py
[2025-02-22T17:21:57.988+0000] {logging_mixin.py:190} INFO - [2025-02-22T17:21:57.988+0000] {dag.py:3239} INFO - Sync 1 DAGs
[2025-02-22T17:21:57.996+0000] {logging_mixin.py:190} INFO - [2025-02-22T17:21:57.996+0000] {dag.py:4180} INFO - Setting next_dagrun for example_branch_dop_operator_v3 to 2025-02-22 17:20:00+00:00, run_after=2025-02-22 17:21:00+00:00
[2025-02-22T17:21:58.001+0000] {processor.py:208} INFO - Processing /home/airflow/.local/lib/python3.12/site-packages/airflow/example_dags/example_branch_python_dop_operator_3.py took 0.027 seconds
[2025-02-22T17:22:28.192+0000] {processor.py:186} INFO - Started process (PID=877) to work on /home/airflow/.local/lib/python3.12/site-packages/airflow/example_dags/example_branch_python_dop_operator_3.py
[2025-02-22T17:22:28.193+0000] {processor.py:914} INFO - Processing file /home/airflow/.local/lib/python3.12/site-packages/airflow/example_dags/example_branch_python_dop_operator_3.py for tasks to queue
[2025-02-22T17:22:28.193+0000] {logging_mixin.py:190} INFO - [2025-02-22T17:22:28.193+0000] {dagbag.py:588} INFO - Filling up the DagBag from /home/airflow/.local/lib/python3.12/site-packages/airflow/example_dags/example_branch_python_dop_operator_3.py
[2025-02-22T17:22:28.197+0000] {processor.py:925} INFO - DAG(s) 'example_branch_dop_operator_v3' retrieved from /home/airflow/.local/lib/python3.12/site-packages/airflow/example_dags/example_branch_python_dop_operator_3.py
[2025-02-22T17:22:28.204+0000] {logging_mixin.py:190} INFO - [2025-02-22T17:22:28.204+0000] {dag.py:3239} INFO - Sync 1 DAGs
[2025-02-22T17:22:28.212+0000] {logging_mixin.py:190} INFO - [2025-02-22T17:22:28.212+0000] {dag.py:4180} INFO - Setting next_dagrun for example_branch_dop_operator_v3 to 2025-02-22 17:21:00+00:00, run_after=2025-02-22 17:22:00+00:00
[2025-02-22T17:22:28.217+0000] {processor.py:208} INFO - Processing /home/airflow/.local/lib/python3.12/site-packages/airflow/example_dags/example_branch_python_dop_operator_3.py took 0.027 seconds
[2025-02-22T17:22:58.421+0000] {processor.py:186} INFO - Started process (PID=940) to work on /home/airflow/.local/lib/python3.12/site-packages/airflow/example_dags/example_branch_python_dop_operator_3.py
[2025-02-22T17:22:58.421+0000] {processor.py:914} INFO - Processing file /home/airflow/.local/lib/python3.12/site-packages/airflow/example_dags/example_branch_python_dop_operator_3.py for tasks to queue
[2025-02-22T17:22:58.422+0000] {logging_mixin.py:190} INFO - [2025-02-22T17:22:58.422+0000] {dagbag.py:588} INFO - Filling up the DagBag from /home/airflow/.local/lib/python3.12/site-packages/airflow/example_dags/example_branch_python_dop_operator_3.py
[2025-02-22T17:22:58.426+0000] {processor.py:925} INFO - DAG(s) 'example_branch_dop_operator_v3' retrieved from /home/airflow/.local/lib/python3.12/site-packages/airflow/example_dags/example_branch_python_dop_operator_3.py
[2025-02-22T17:22:58.433+0000] {logging_mixin.py:190} INFO - [2025-02-22T17:22:58.433+0000] {dag.py:3239} INFO - Sync 1 DAGs
[2025-02-22T17:22:58.440+0000] {logging_mixin.py:190} INFO - [2025-02-22T17:22:58.440+0000] {dag.py:4180} INFO - Setting next_dagrun for example_branch_dop_operator_v3 to 2025-02-22 17:21:00+00:00, run_after=2025-02-22 17:22:00+00:00
[2025-02-22T17:22:58.446+0000] {processor.py:208} INFO - Processing /home/airflow/.local/lib/python3.12/site-packages/airflow/example_dags/example_branch_python_dop_operator_3.py took 0.027 seconds
[2025-02-22T17:23:28.633+0000] {processor.py:186} INFO - Started process (PID=1003) to work on /home/airflow/.local/lib/python3.12/site-packages/airflow/example_dags/example_branch_python_dop_operator_3.py
[2025-02-22T17:23:28.634+0000] {processor.py:914} INFO - Processing file /home/airflow/.local/lib/python3.12/site-packages/airflow/example_dags/example_branch_python_dop_operator_3.py for tasks to queue
[2025-02-22T17:23:28.635+0000] {logging_mixin.py:190} INFO - [2025-02-22T17:23:28.635+0000] {dagbag.py:588} INFO - Filling up the DagBag from /home/airflow/.local/lib/python3.12/site-packages/airflow/example_dags/example_branch_python_dop_operator_3.py
[2025-02-22T17:23:28.640+0000] {processor.py:925} INFO - DAG(s) 'example_branch_dop_operator_v3' retrieved from /home/airflow/.local/lib/python3.12/site-packages/airflow/example_dags/example_branch_python_dop_operator_3.py
[2025-02-22T17:23:28.647+0000] {logging_mixin.py:190} INFO - [2025-02-22T17:23:28.647+0000] {dag.py:3239} INFO - Sync 1 DAGs
[2025-02-22T17:23:28.656+0000] {logging_mixin.py:190} INFO - [2025-02-22T17:23:28.656+0000] {dag.py:4180} INFO - Setting next_dagrun for example_branch_dop_operator_v3 to 2025-02-22 17:22:00+00:00, run_after=2025-02-22 17:23:00+00:00
[2025-02-22T17:23:28.664+0000] {processor.py:208} INFO - Processing /home/airflow/.local/lib/python3.12/site-packages/airflow/example_dags/example_branch_python_dop_operator_3.py took 0.035 seconds
[2025-02-22T17:23:58.942+0000] {processor.py:186} INFO - Started process (PID=1072) to work on /home/airflow/.local/lib/python3.12/site-packages/airflow/example_dags/example_branch_python_dop_operator_3.py
[2025-02-22T17:23:58.943+0000] {processor.py:914} INFO - Processing file /home/airflow/.local/lib/python3.12/site-packages/airflow/example_dags/example_branch_python_dop_operator_3.py for tasks to queue
[2025-02-22T17:23:58.943+0000] {logging_mixin.py:190} INFO - [2025-02-22T17:23:58.943+0000] {dagbag.py:588} INFO - Filling up the DagBag from /home/airflow/.local/lib/python3.12/site-packages/airflow/example_dags/example_branch_python_dop_operator_3.py
[2025-02-22T17:23:58.947+0000] {processor.py:925} INFO - DAG(s) 'example_branch_dop_operator_v3' retrieved from /home/airflow/.local/lib/python3.12/site-packages/airflow/example_dags/example_branch_python_dop_operator_3.py
[2025-02-22T17:23:58.954+0000] {logging_mixin.py:190} INFO - [2025-02-22T17:23:58.954+0000] {dag.py:3239} INFO - Sync 1 DAGs
[2025-02-22T17:23:58.963+0000] {logging_mixin.py:190} INFO - [2025-02-22T17:23:58.963+0000] {dag.py:4180} INFO - Setting next_dagrun for example_branch_dop_operator_v3 to 2025-02-22 17:22:00+00:00, run_after=2025-02-22 17:23:00+00:00
[2025-02-22T17:23:58.968+0000] {processor.py:208} INFO - Processing /home/airflow/.local/lib/python3.12/site-packages/airflow/example_dags/example_branch_python_dop_operator_3.py took 0.028 seconds
[2025-02-22T17:24:29.156+0000] {processor.py:186} INFO - Started process (PID=1134) to work on /home/airflow/.local/lib/python3.12/site-packages/airflow/example_dags/example_branch_python_dop_operator_3.py
[2025-02-22T17:24:29.157+0000] {processor.py:914} INFO - Processing file /home/airflow/.local/lib/python3.12/site-packages/airflow/example_dags/example_branch_python_dop_operator_3.py for tasks to queue
[2025-02-22T17:24:29.158+0000] {logging_mixin.py:190} INFO - [2025-02-22T17:24:29.158+0000] {dagbag.py:588} INFO - Filling up the DagBag from /home/airflow/.local/lib/python3.12/site-packages/airflow/example_dags/example_branch_python_dop_operator_3.py
[2025-02-22T17:24:29.161+0000] {processor.py:925} INFO - DAG(s) 'example_branch_dop_operator_v3' retrieved from /home/airflow/.local/lib/python3.12/site-packages/airflow/example_dags/example_branch_python_dop_operator_3.py
[2025-02-22T17:24:29.169+0000] {logging_mixin.py:190} INFO - [2025-02-22T17:24:29.169+0000] {dag.py:3239} INFO - Sync 1 DAGs
[2025-02-22T17:24:29.178+0000] {logging_mixin.py:190} INFO - [2025-02-22T17:24:29.178+0000] {dag.py:4180} INFO - Setting next_dagrun for example_branch_dop_operator_v3 to 2025-02-22 17:23:00+00:00, run_after=2025-02-22 17:24:00+00:00
[2025-02-22T17:24:29.186+0000] {processor.py:208} INFO - Processing /home/airflow/.local/lib/python3.12/site-packages/airflow/example_dags/example_branch_python_dop_operator_3.py took 0.032 seconds
[2025-02-22T17:24:59.384+0000] {processor.py:186} INFO - Started process (PID=1197) to work on /home/airflow/.local/lib/python3.12/site-packages/airflow/example_dags/example_branch_python_dop_operator_3.py
[2025-02-22T17:24:59.384+0000] {processor.py:914} INFO - Processing file /home/airflow/.local/lib/python3.12/site-packages/airflow/example_dags/example_branch_python_dop_operator_3.py for tasks to queue
[2025-02-22T17:24:59.385+0000] {logging_mixin.py:190} INFO - [2025-02-22T17:24:59.385+0000] {dagbag.py:588} INFO - Filling up the DagBag from /home/airflow/.local/lib/python3.12/site-packages/airflow/example_dags/example_branch_python_dop_operator_3.py
[2025-02-22T17:24:59.389+0000] {processor.py:925} INFO - DAG(s) 'example_branch_dop_operator_v3' retrieved from /home/airflow/.local/lib/python3.12/site-packages/airflow/example_dags/example_branch_python_dop_operator_3.py
[2025-02-22T17:24:59.398+0000] {logging_mixin.py:190} INFO - [2025-02-22T17:24:59.397+0000] {dag.py:3239} INFO - Sync 1 DAGs
[2025-02-22T17:24:59.408+0000] {logging_mixin.py:190} INFO - [2025-02-22T17:24:59.408+0000] {dag.py:4180} INFO - Setting next_dagrun for example_branch_dop_operator_v3 to 2025-02-22 17:23:00+00:00, run_after=2025-02-22 17:24:00+00:00
[2025-02-22T17:24:59.417+0000] {processor.py:208} INFO - Processing /home/airflow/.local/lib/python3.12/site-packages/airflow/example_dags/example_branch_python_dop_operator_3.py took 0.035 seconds
[2025-02-22T17:25:29.661+0000] {processor.py:186} INFO - Started process (PID=1260) to work on /home/airflow/.local/lib/python3.12/site-packages/airflow/example_dags/example_branch_python_dop_operator_3.py
[2025-02-22T17:25:29.661+0000] {processor.py:914} INFO - Processing file /home/airflow/.local/lib/python3.12/site-packages/airflow/example_dags/example_branch_python_dop_operator_3.py for tasks to queue
[2025-02-22T17:25:29.662+0000] {logging_mixin.py:190} INFO - [2025-02-22T17:25:29.662+0000] {dagbag.py:588} INFO - Filling up the DagBag from /home/airflow/.local/lib/python3.12/site-packages/airflow/example_dags/example_branch_python_dop_operator_3.py
[2025-02-22T17:25:29.666+0000] {processor.py:925} INFO - DAG(s) 'example_branch_dop_operator_v3' retrieved from /home/airflow/.local/lib/python3.12/site-packages/airflow/example_dags/example_branch_python_dop_operator_3.py
[2025-02-22T17:25:29.673+0000] {logging_mixin.py:190} INFO - [2025-02-22T17:25:29.673+0000] {dag.py:3239} INFO - Sync 1 DAGs
[2025-02-22T17:25:29.681+0000] {logging_mixin.py:190} INFO - [2025-02-22T17:25:29.681+0000] {dag.py:4180} INFO - Setting next_dagrun for example_branch_dop_operator_v3 to 2025-02-22 17:24:00+00:00, run_after=2025-02-22 17:25:00+00:00
[2025-02-22T17:25:29.686+0000] {processor.py:208} INFO - Processing /home/airflow/.local/lib/python3.12/site-packages/airflow/example_dags/example_branch_python_dop_operator_3.py took 0.027 seconds
[2025-02-22T17:25:59.919+0000] {processor.py:186} INFO - Started process (PID=1323) to work on /home/airflow/.local/lib/python3.12/site-packages/airflow/example_dags/example_branch_python_dop_operator_3.py
[2025-02-22T17:25:59.920+0000] {processor.py:914} INFO - Processing file /home/airflow/.local/lib/python3.12/site-packages/airflow/example_dags/example_branch_python_dop_operator_3.py for tasks to queue
[2025-02-22T17:25:59.920+0000] {logging_mixin.py:190} INFO - [2025-02-22T17:25:59.920+0000] {dagbag.py:588} INFO - Filling up the DagBag from /home/airflow/.local/lib/python3.12/site-packages/airflow/example_dags/example_branch_python_dop_operator_3.py
[2025-02-22T17:25:59.924+0000] {processor.py:925} INFO - DAG(s) 'example_branch_dop_operator_v3' retrieved from /home/airflow/.local/lib/python3.12/site-packages/airflow/example_dags/example_branch_python_dop_operator_3.py
[2025-02-22T17:25:59.931+0000] {logging_mixin.py:190} INFO - [2025-02-22T17:25:59.931+0000] {dag.py:3239} INFO - Sync 1 DAGs
[2025-02-22T17:25:59.939+0000] {logging_mixin.py:190} INFO - [2025-02-22T17:25:59.939+0000] {dag.py:4180} INFO - Setting next_dagrun for example_branch_dop_operator_v3 to 2025-02-22 17:24:00+00:00, run_after=2025-02-22 17:25:00+00:00
[2025-02-22T17:25:59.945+0000] {processor.py:208} INFO - Processing /home/airflow/.local/lib/python3.12/site-packages/airflow/example_dags/example_branch_python_dop_operator_3.py took 0.028 seconds
[2025-02-22T17:26:30.091+0000] {processor.py:186} INFO - Started process (PID=1386) to work on /home/airflow/.local/lib/python3.12/site-packages/airflow/example_dags/example_branch_python_dop_operator_3.py
[2025-02-22T17:26:30.092+0000] {processor.py:914} INFO - Processing file /home/airflow/.local/lib/python3.12/site-packages/airflow/example_dags/example_branch_python_dop_operator_3.py for tasks to queue
[2025-02-22T17:26:30.093+0000] {logging_mixin.py:190} INFO - [2025-02-22T17:26:30.093+0000] {dagbag.py:588} INFO - Filling up the DagBag from /home/airflow/.local/lib/python3.12/site-packages/airflow/example_dags/example_branch_python_dop_operator_3.py
[2025-02-22T17:26:30.098+0000] {processor.py:925} INFO - DAG(s) 'example_branch_dop_operator_v3' retrieved from /home/airflow/.local/lib/python3.12/site-packages/airflow/example_dags/example_branch_python_dop_operator_3.py
[2025-02-22T17:26:30.105+0000] {logging_mixin.py:190} INFO - [2025-02-22T17:26:30.105+0000] {dag.py:3239} INFO - Sync 1 DAGs
[2025-02-22T17:26:30.115+0000] {logging_mixin.py:190} INFO - [2025-02-22T17:26:30.115+0000] {dag.py:4180} INFO - Setting next_dagrun for example_branch_dop_operator_v3 to 2025-02-22 17:25:00+00:00, run_after=2025-02-22 17:26:00+00:00
[2025-02-22T17:26:30.123+0000] {processor.py:208} INFO - Processing /home/airflow/.local/lib/python3.12/site-packages/airflow/example_dags/example_branch_python_dop_operator_3.py took 0.034 seconds
