[2025-02-22T17:05:25.557+0000] {processor.py:186} INFO - Started process (PID=54) to work on /home/airflow/.local/lib/python3.12/site-packages/airflow/example_dags/example_python_decorator.py
[2025-02-22T17:05:25.558+0000] {processor.py:914} INFO - Processing file /home/airflow/.local/lib/python3.12/site-packages/airflow/example_dags/example_python_decorator.py for tasks to queue
[2025-02-22T17:05:25.560+0000] {logging_mixin.py:190} INFO - [2025-02-22T17:05:25.560+0000] {dagbag.py:588} INFO - Filling up the DagBag from /home/airflow/.local/lib/python3.12/site-packages/airflow/example_dags/example_python_decorator.py
[2025-02-22T17:05:25.572+0000] {processor.py:925} INFO - DAG(s) 'example_python_decorator' retrieved from /home/airflow/.local/lib/python3.12/site-packages/airflow/example_dags/example_python_decorator.py
[2025-02-22T17:05:25.625+0000] {logging_mixin.py:190} INFO - [2025-02-22T17:05:25.624+0000] {override.py:1912} INFO - Created Permission View: can edit on DAG:example_python_decorator
[2025-02-22T17:05:25.629+0000] {logging_mixin.py:190} INFO - [2025-02-22T17:05:25.629+0000] {override.py:1912} INFO - Created Permission View: can delete on DAG:example_python_decorator
[2025-02-22T17:05:25.632+0000] {logging_mixin.py:190} INFO - [2025-02-22T17:05:25.632+0000] {override.py:1912} INFO - Created Permission View: can read on DAG:example_python_decorator
[2025-02-22T17:05:25.634+0000] {logging_mixin.py:190} INFO - [2025-02-22T17:05:25.633+0000] {override.py:1912} INFO - Created Permission View: menu access on DAG Run:example_python_decorator
[2025-02-22T17:05:25.635+0000] {logging_mixin.py:190} INFO - [2025-02-22T17:05:25.635+0000] {override.py:1912} INFO - Created Permission View: can create on DAG Run:example_python_decorator
[2025-02-22T17:05:25.637+0000] {logging_mixin.py:190} INFO - [2025-02-22T17:05:25.637+0000] {override.py:1912} INFO - Created Permission View: can delete on DAG Run:example_python_decorator
[2025-02-22T17:05:25.639+0000] {logging_mixin.py:190} INFO - [2025-02-22T17:05:25.638+0000] {override.py:1912} INFO - Created Permission View: can read on DAG Run:example_python_decorator
[2025-02-22T17:05:25.639+0000] {logging_mixin.py:190} INFO - [2025-02-22T17:05:25.639+0000] {dag.py:3239} INFO - Sync 1 DAGs
[2025-02-22T17:05:25.644+0000] {logging_mixin.py:190} INFO - [2025-02-22T17:05:25.644+0000] {dag.py:3262} INFO - Creating ORM DAG for example_python_decorator
[2025-02-22T17:05:25.644+0000] {logging_mixin.py:190} INFO - [2025-02-22T17:05:25.644+0000] {dag.py:4180} INFO - Setting next_dagrun for example_python_decorator to None, run_after=None
[2025-02-22T17:05:25.649+0000] {processor.py:208} INFO - Processing /home/airflow/.local/lib/python3.12/site-packages/airflow/example_dags/example_python_decorator.py took 0.095 seconds
[2025-02-22T17:05:56.023+0000] {processor.py:186} INFO - Started process (PID=116) to work on /home/airflow/.local/lib/python3.12/site-packages/airflow/example_dags/example_python_decorator.py
[2025-02-22T17:05:56.024+0000] {processor.py:914} INFO - Processing file /home/airflow/.local/lib/python3.12/site-packages/airflow/example_dags/example_python_decorator.py for tasks to queue
[2025-02-22T17:05:56.025+0000] {logging_mixin.py:190} INFO - [2025-02-22T17:05:56.025+0000] {dagbag.py:588} INFO - Filling up the DagBag from /home/airflow/.local/lib/python3.12/site-packages/airflow/example_dags/example_python_decorator.py
[2025-02-22T17:05:56.031+0000] {processor.py:925} INFO - DAG(s) 'example_python_decorator' retrieved from /home/airflow/.local/lib/python3.12/site-packages/airflow/example_dags/example_python_decorator.py
[2025-02-22T17:05:56.039+0000] {logging_mixin.py:190} INFO - [2025-02-22T17:05:56.039+0000] {dag.py:3239} INFO - Sync 1 DAGs
[2025-02-22T17:05:56.044+0000] {logging_mixin.py:190} INFO - [2025-02-22T17:05:56.044+0000] {dag.py:4180} INFO - Setting next_dagrun for example_python_decorator to None, run_after=None
[2025-02-22T17:05:56.049+0000] {processor.py:208} INFO - Processing /home/airflow/.local/lib/python3.12/site-packages/airflow/example_dags/example_python_decorator.py took 0.028 seconds
[2025-02-22T17:06:26.106+0000] {processor.py:186} INFO - Started process (PID=179) to work on /home/airflow/.local/lib/python3.12/site-packages/airflow/example_dags/example_python_decorator.py
[2025-02-22T17:06:26.109+0000] {processor.py:914} INFO - Processing file /home/airflow/.local/lib/python3.12/site-packages/airflow/example_dags/example_python_decorator.py for tasks to queue
[2025-02-22T17:06:26.109+0000] {logging_mixin.py:190} INFO - [2025-02-22T17:06:26.109+0000] {dagbag.py:588} INFO - Filling up the DagBag from /home/airflow/.local/lib/python3.12/site-packages/airflow/example_dags/example_python_decorator.py
[2025-02-22T17:06:26.118+0000] {processor.py:925} INFO - DAG(s) 'example_python_decorator' retrieved from /home/airflow/.local/lib/python3.12/site-packages/airflow/example_dags/example_python_decorator.py
[2025-02-22T17:06:26.127+0000] {logging_mixin.py:190} INFO - [2025-02-22T17:06:26.127+0000] {dag.py:3239} INFO - Sync 1 DAGs
[2025-02-22T17:06:26.134+0000] {logging_mixin.py:190} INFO - [2025-02-22T17:06:26.133+0000] {dag.py:4180} INFO - Setting next_dagrun for example_python_decorator to None, run_after=None
[2025-02-22T17:06:26.140+0000] {processor.py:208} INFO - Processing /home/airflow/.local/lib/python3.12/site-packages/airflow/example_dags/example_python_decorator.py took 0.036 seconds
[2025-02-22T17:06:56.300+0000] {processor.py:186} INFO - Started process (PID=241) to work on /home/airflow/.local/lib/python3.12/site-packages/airflow/example_dags/example_python_decorator.py
[2025-02-22T17:06:56.301+0000] {processor.py:914} INFO - Processing file /home/airflow/.local/lib/python3.12/site-packages/airflow/example_dags/example_python_decorator.py for tasks to queue
[2025-02-22T17:06:56.301+0000] {logging_mixin.py:190} INFO - [2025-02-22T17:06:56.301+0000] {dagbag.py:588} INFO - Filling up the DagBag from /home/airflow/.local/lib/python3.12/site-packages/airflow/example_dags/example_python_decorator.py
[2025-02-22T17:06:56.307+0000] {processor.py:925} INFO - DAG(s) 'example_python_decorator' retrieved from /home/airflow/.local/lib/python3.12/site-packages/airflow/example_dags/example_python_decorator.py
[2025-02-22T17:06:56.315+0000] {logging_mixin.py:190} INFO - [2025-02-22T17:06:56.315+0000] {dag.py:3239} INFO - Sync 1 DAGs
[2025-02-22T17:06:56.319+0000] {logging_mixin.py:190} INFO - [2025-02-22T17:06:56.319+0000] {dag.py:4180} INFO - Setting next_dagrun for example_python_decorator to None, run_after=None
[2025-02-22T17:06:56.325+0000] {processor.py:208} INFO - Processing /home/airflow/.local/lib/python3.12/site-packages/airflow/example_dags/example_python_decorator.py took 0.027 seconds
[2025-02-22T17:07:26.369+0000] {processor.py:186} INFO - Started process (PID=304) to work on /home/airflow/.local/lib/python3.12/site-packages/airflow/example_dags/example_python_decorator.py
[2025-02-22T17:07:26.369+0000] {processor.py:914} INFO - Processing file /home/airflow/.local/lib/python3.12/site-packages/airflow/example_dags/example_python_decorator.py for tasks to queue
[2025-02-22T17:07:26.370+0000] {logging_mixin.py:190} INFO - [2025-02-22T17:07:26.370+0000] {dagbag.py:588} INFO - Filling up the DagBag from /home/airflow/.local/lib/python3.12/site-packages/airflow/example_dags/example_python_decorator.py
[2025-02-22T17:07:26.376+0000] {processor.py:925} INFO - DAG(s) 'example_python_decorator' retrieved from /home/airflow/.local/lib/python3.12/site-packages/airflow/example_dags/example_python_decorator.py
[2025-02-22T17:07:26.388+0000] {logging_mixin.py:190} INFO - [2025-02-22T17:07:26.388+0000] {dag.py:3239} INFO - Sync 1 DAGs
[2025-02-22T17:07:26.394+0000] {logging_mixin.py:190} INFO - [2025-02-22T17:07:26.394+0000] {dag.py:4180} INFO - Setting next_dagrun for example_python_decorator to None, run_after=None
[2025-02-22T17:07:26.401+0000] {processor.py:208} INFO - Processing /home/airflow/.local/lib/python3.12/site-packages/airflow/example_dags/example_python_decorator.py took 0.035 seconds
[2025-02-22T17:07:56.467+0000] {processor.py:186} INFO - Started process (PID=366) to work on /home/airflow/.local/lib/python3.12/site-packages/airflow/example_dags/example_python_decorator.py
[2025-02-22T17:07:56.467+0000] {processor.py:914} INFO - Processing file /home/airflow/.local/lib/python3.12/site-packages/airflow/example_dags/example_python_decorator.py for tasks to queue
[2025-02-22T17:07:56.468+0000] {logging_mixin.py:190} INFO - [2025-02-22T17:07:56.468+0000] {dagbag.py:588} INFO - Filling up the DagBag from /home/airflow/.local/lib/python3.12/site-packages/airflow/example_dags/example_python_decorator.py
[2025-02-22T17:07:56.474+0000] {processor.py:925} INFO - DAG(s) 'example_python_decorator' retrieved from /home/airflow/.local/lib/python3.12/site-packages/airflow/example_dags/example_python_decorator.py
[2025-02-22T17:07:56.483+0000] {logging_mixin.py:190} INFO - [2025-02-22T17:07:56.483+0000] {dag.py:3239} INFO - Sync 1 DAGs
[2025-02-22T17:07:56.488+0000] {logging_mixin.py:190} INFO - [2025-02-22T17:07:56.488+0000] {dag.py:4180} INFO - Setting next_dagrun for example_python_decorator to None, run_after=None
[2025-02-22T17:07:56.494+0000] {processor.py:208} INFO - Processing /home/airflow/.local/lib/python3.12/site-packages/airflow/example_dags/example_python_decorator.py took 0.030 seconds
[2025-02-22T17:08:27.501+0000] {processor.py:186} INFO - Started process (PID=429) to work on /home/airflow/.local/lib/python3.12/site-packages/airflow/example_dags/example_python_decorator.py
[2025-02-22T17:08:27.502+0000] {processor.py:914} INFO - Processing file /home/airflow/.local/lib/python3.12/site-packages/airflow/example_dags/example_python_decorator.py for tasks to queue
[2025-02-22T17:08:27.503+0000] {logging_mixin.py:190} INFO - [2025-02-22T17:08:27.503+0000] {dagbag.py:588} INFO - Filling up the DagBag from /home/airflow/.local/lib/python3.12/site-packages/airflow/example_dags/example_python_decorator.py
[2025-02-22T17:08:27.510+0000] {processor.py:925} INFO - DAG(s) 'example_python_decorator' retrieved from /home/airflow/.local/lib/python3.12/site-packages/airflow/example_dags/example_python_decorator.py
[2025-02-22T17:08:27.519+0000] {logging_mixin.py:190} INFO - [2025-02-22T17:08:27.519+0000] {dag.py:3239} INFO - Sync 1 DAGs
[2025-02-22T17:08:27.524+0000] {logging_mixin.py:190} INFO - [2025-02-22T17:08:27.524+0000] {dag.py:4180} INFO - Setting next_dagrun for example_python_decorator to None, run_after=None
[2025-02-22T17:08:27.534+0000] {processor.py:208} INFO - Processing /home/airflow/.local/lib/python3.12/site-packages/airflow/example_dags/example_python_decorator.py took 0.036 seconds
[2025-02-22T17:08:58.556+0000] {processor.py:186} INFO - Started process (PID=492) to work on /home/airflow/.local/lib/python3.12/site-packages/airflow/example_dags/example_python_decorator.py
[2025-02-22T17:08:58.557+0000] {processor.py:914} INFO - Processing file /home/airflow/.local/lib/python3.12/site-packages/airflow/example_dags/example_python_decorator.py for tasks to queue
[2025-02-22T17:08:58.557+0000] {logging_mixin.py:190} INFO - [2025-02-22T17:08:58.557+0000] {dagbag.py:588} INFO - Filling up the DagBag from /home/airflow/.local/lib/python3.12/site-packages/airflow/example_dags/example_python_decorator.py
[2025-02-22T17:08:58.564+0000] {processor.py:925} INFO - DAG(s) 'example_python_decorator' retrieved from /home/airflow/.local/lib/python3.12/site-packages/airflow/example_dags/example_python_decorator.py
[2025-02-22T17:08:58.571+0000] {logging_mixin.py:190} INFO - [2025-02-22T17:08:58.571+0000] {dag.py:3239} INFO - Sync 1 DAGs
[2025-02-22T17:08:58.576+0000] {logging_mixin.py:190} INFO - [2025-02-22T17:08:58.576+0000] {dag.py:4180} INFO - Setting next_dagrun for example_python_decorator to None, run_after=None
[2025-02-22T17:08:58.582+0000] {processor.py:208} INFO - Processing /home/airflow/.local/lib/python3.12/site-packages/airflow/example_dags/example_python_decorator.py took 0.028 seconds
[2025-02-22T17:09:29.572+0000] {processor.py:186} INFO - Started process (PID=555) to work on /home/airflow/.local/lib/python3.12/site-packages/airflow/example_dags/example_python_decorator.py
[2025-02-22T17:09:29.573+0000] {processor.py:914} INFO - Processing file /home/airflow/.local/lib/python3.12/site-packages/airflow/example_dags/example_python_decorator.py for tasks to queue
[2025-02-22T17:09:29.574+0000] {logging_mixin.py:190} INFO - [2025-02-22T17:09:29.574+0000] {dagbag.py:588} INFO - Filling up the DagBag from /home/airflow/.local/lib/python3.12/site-packages/airflow/example_dags/example_python_decorator.py
[2025-02-22T17:09:29.580+0000] {processor.py:925} INFO - DAG(s) 'example_python_decorator' retrieved from /home/airflow/.local/lib/python3.12/site-packages/airflow/example_dags/example_python_decorator.py
[2025-02-22T17:09:29.589+0000] {logging_mixin.py:190} INFO - [2025-02-22T17:09:29.588+0000] {dag.py:3239} INFO - Sync 1 DAGs
[2025-02-22T17:09:29.593+0000] {logging_mixin.py:190} INFO - [2025-02-22T17:09:29.593+0000] {dag.py:4180} INFO - Setting next_dagrun for example_python_decorator to None, run_after=None
[2025-02-22T17:09:29.600+0000] {processor.py:208} INFO - Processing /home/airflow/.local/lib/python3.12/site-packages/airflow/example_dags/example_python_decorator.py took 0.030 seconds
[2025-02-22T17:10:00.556+0000] {processor.py:186} INFO - Started process (PID=618) to work on /home/airflow/.local/lib/python3.12/site-packages/airflow/example_dags/example_python_decorator.py
[2025-02-22T17:10:00.559+0000] {processor.py:914} INFO - Processing file /home/airflow/.local/lib/python3.12/site-packages/airflow/example_dags/example_python_decorator.py for tasks to queue
[2025-02-22T17:10:00.560+0000] {logging_mixin.py:190} INFO - [2025-02-22T17:10:00.560+0000] {dagbag.py:588} INFO - Filling up the DagBag from /home/airflow/.local/lib/python3.12/site-packages/airflow/example_dags/example_python_decorator.py
[2025-02-22T17:10:00.567+0000] {processor.py:925} INFO - DAG(s) 'example_python_decorator' retrieved from /home/airflow/.local/lib/python3.12/site-packages/airflow/example_dags/example_python_decorator.py
[2025-02-22T17:10:00.575+0000] {logging_mixin.py:190} INFO - [2025-02-22T17:10:00.575+0000] {dag.py:3239} INFO - Sync 1 DAGs
[2025-02-22T17:10:00.581+0000] {logging_mixin.py:190} INFO - [2025-02-22T17:10:00.581+0000] {dag.py:4180} INFO - Setting next_dagrun for example_python_decorator to None, run_after=None
[2025-02-22T17:10:00.587+0000] {processor.py:208} INFO - Processing /home/airflow/.local/lib/python3.12/site-packages/airflow/example_dags/example_python_decorator.py took 0.033 seconds
[2025-02-22T17:10:31.598+0000] {processor.py:186} INFO - Started process (PID=681) to work on /home/airflow/.local/lib/python3.12/site-packages/airflow/example_dags/example_python_decorator.py
[2025-02-22T17:10:31.598+0000] {processor.py:914} INFO - Processing file /home/airflow/.local/lib/python3.12/site-packages/airflow/example_dags/example_python_decorator.py for tasks to queue
[2025-02-22T17:10:31.599+0000] {logging_mixin.py:190} INFO - [2025-02-22T17:10:31.599+0000] {dagbag.py:588} INFO - Filling up the DagBag from /home/airflow/.local/lib/python3.12/site-packages/airflow/example_dags/example_python_decorator.py
[2025-02-22T17:10:31.605+0000] {processor.py:925} INFO - DAG(s) 'example_python_decorator' retrieved from /home/airflow/.local/lib/python3.12/site-packages/airflow/example_dags/example_python_decorator.py
[2025-02-22T17:10:31.613+0000] {logging_mixin.py:190} INFO - [2025-02-22T17:10:31.613+0000] {dag.py:3239} INFO - Sync 1 DAGs
[2025-02-22T17:10:31.618+0000] {logging_mixin.py:190} INFO - [2025-02-22T17:10:31.618+0000] {dag.py:4180} INFO - Setting next_dagrun for example_python_decorator to None, run_after=None
[2025-02-22T17:10:31.624+0000] {processor.py:208} INFO - Processing /home/airflow/.local/lib/python3.12/site-packages/airflow/example_dags/example_python_decorator.py took 0.028 seconds
[2025-02-22T17:11:02.593+0000] {processor.py:186} INFO - Started process (PID=744) to work on /home/airflow/.local/lib/python3.12/site-packages/airflow/example_dags/example_python_decorator.py
[2025-02-22T17:11:02.594+0000] {processor.py:914} INFO - Processing file /home/airflow/.local/lib/python3.12/site-packages/airflow/example_dags/example_python_decorator.py for tasks to queue
[2025-02-22T17:11:02.596+0000] {logging_mixin.py:190} INFO - [2025-02-22T17:11:02.596+0000] {dagbag.py:588} INFO - Filling up the DagBag from /home/airflow/.local/lib/python3.12/site-packages/airflow/example_dags/example_python_decorator.py
[2025-02-22T17:11:02.601+0000] {processor.py:925} INFO - DAG(s) 'example_python_decorator' retrieved from /home/airflow/.local/lib/python3.12/site-packages/airflow/example_dags/example_python_decorator.py
[2025-02-22T17:11:02.611+0000] {logging_mixin.py:190} INFO - [2025-02-22T17:11:02.611+0000] {dag.py:3239} INFO - Sync 1 DAGs
[2025-02-22T17:11:02.619+0000] {logging_mixin.py:190} INFO - [2025-02-22T17:11:02.619+0000] {dag.py:4180} INFO - Setting next_dagrun for example_python_decorator to None, run_after=None
[2025-02-22T17:11:02.626+0000] {processor.py:208} INFO - Processing /home/airflow/.local/lib/python3.12/site-packages/airflow/example_dags/example_python_decorator.py took 0.035 seconds
[2025-02-22T17:11:33.582+0000] {processor.py:186} INFO - Started process (PID=807) to work on /home/airflow/.local/lib/python3.12/site-packages/airflow/example_dags/example_python_decorator.py
[2025-02-22T17:11:33.582+0000] {processor.py:914} INFO - Processing file /home/airflow/.local/lib/python3.12/site-packages/airflow/example_dags/example_python_decorator.py for tasks to queue
[2025-02-22T17:11:33.583+0000] {logging_mixin.py:190} INFO - [2025-02-22T17:11:33.583+0000] {dagbag.py:588} INFO - Filling up the DagBag from /home/airflow/.local/lib/python3.12/site-packages/airflow/example_dags/example_python_decorator.py
[2025-02-22T17:11:33.589+0000] {processor.py:925} INFO - DAG(s) 'example_python_decorator' retrieved from /home/airflow/.local/lib/python3.12/site-packages/airflow/example_dags/example_python_decorator.py
[2025-02-22T17:11:33.597+0000] {logging_mixin.py:190} INFO - [2025-02-22T17:11:33.597+0000] {dag.py:3239} INFO - Sync 1 DAGs
[2025-02-22T17:11:33.602+0000] {logging_mixin.py:190} INFO - [2025-02-22T17:11:33.602+0000] {dag.py:4180} INFO - Setting next_dagrun for example_python_decorator to None, run_after=None
[2025-02-22T17:11:33.608+0000] {processor.py:208} INFO - Processing /home/airflow/.local/lib/python3.12/site-packages/airflow/example_dags/example_python_decorator.py took 0.028 seconds
[2025-02-22T17:12:04.544+0000] {processor.py:186} INFO - Started process (PID=870) to work on /home/airflow/.local/lib/python3.12/site-packages/airflow/example_dags/example_python_decorator.py
[2025-02-22T17:12:04.545+0000] {processor.py:914} INFO - Processing file /home/airflow/.local/lib/python3.12/site-packages/airflow/example_dags/example_python_decorator.py for tasks to queue
[2025-02-22T17:12:04.546+0000] {logging_mixin.py:190} INFO - [2025-02-22T17:12:04.545+0000] {dagbag.py:588} INFO - Filling up the DagBag from /home/airflow/.local/lib/python3.12/site-packages/airflow/example_dags/example_python_decorator.py
[2025-02-22T17:12:04.552+0000] {processor.py:925} INFO - DAG(s) 'example_python_decorator' retrieved from /home/airflow/.local/lib/python3.12/site-packages/airflow/example_dags/example_python_decorator.py
[2025-02-22T17:12:04.560+0000] {logging_mixin.py:190} INFO - [2025-02-22T17:12:04.560+0000] {dag.py:3239} INFO - Sync 1 DAGs
[2025-02-22T17:12:04.566+0000] {logging_mixin.py:190} INFO - [2025-02-22T17:12:04.566+0000] {dag.py:4180} INFO - Setting next_dagrun for example_python_decorator to None, run_after=None
[2025-02-22T17:12:04.572+0000] {processor.py:208} INFO - Processing /home/airflow/.local/lib/python3.12/site-packages/airflow/example_dags/example_python_decorator.py took 0.030 seconds
[2025-02-22T17:12:35.600+0000] {processor.py:186} INFO - Started process (PID=933) to work on /home/airflow/.local/lib/python3.12/site-packages/airflow/example_dags/example_python_decorator.py
[2025-02-22T17:12:35.600+0000] {processor.py:914} INFO - Processing file /home/airflow/.local/lib/python3.12/site-packages/airflow/example_dags/example_python_decorator.py for tasks to queue
[2025-02-22T17:12:35.601+0000] {logging_mixin.py:190} INFO - [2025-02-22T17:12:35.601+0000] {dagbag.py:588} INFO - Filling up the DagBag from /home/airflow/.local/lib/python3.12/site-packages/airflow/example_dags/example_python_decorator.py
[2025-02-22T17:12:35.608+0000] {processor.py:925} INFO - DAG(s) 'example_python_decorator' retrieved from /home/airflow/.local/lib/python3.12/site-packages/airflow/example_dags/example_python_decorator.py
[2025-02-22T17:12:35.616+0000] {logging_mixin.py:190} INFO - [2025-02-22T17:12:35.616+0000] {dag.py:3239} INFO - Sync 1 DAGs
[2025-02-22T17:12:35.621+0000] {logging_mixin.py:190} INFO - [2025-02-22T17:12:35.621+0000] {dag.py:4180} INFO - Setting next_dagrun for example_python_decorator to None, run_after=None
[2025-02-22T17:12:35.627+0000] {processor.py:208} INFO - Processing /home/airflow/.local/lib/python3.12/site-packages/airflow/example_dags/example_python_decorator.py took 0.030 seconds
[2025-02-22T17:13:06.572+0000] {processor.py:186} INFO - Started process (PID=996) to work on /home/airflow/.local/lib/python3.12/site-packages/airflow/example_dags/example_python_decorator.py
[2025-02-22T17:13:06.572+0000] {processor.py:914} INFO - Processing file /home/airflow/.local/lib/python3.12/site-packages/airflow/example_dags/example_python_decorator.py for tasks to queue
[2025-02-22T17:13:06.573+0000] {logging_mixin.py:190} INFO - [2025-02-22T17:13:06.573+0000] {dagbag.py:588} INFO - Filling up the DagBag from /home/airflow/.local/lib/python3.12/site-packages/airflow/example_dags/example_python_decorator.py
[2025-02-22T17:13:06.579+0000] {processor.py:925} INFO - DAG(s) 'example_python_decorator' retrieved from /home/airflow/.local/lib/python3.12/site-packages/airflow/example_dags/example_python_decorator.py
[2025-02-22T17:13:06.587+0000] {logging_mixin.py:190} INFO - [2025-02-22T17:13:06.587+0000] {dag.py:3239} INFO - Sync 1 DAGs
[2025-02-22T17:13:06.592+0000] {logging_mixin.py:190} INFO - [2025-02-22T17:13:06.592+0000] {dag.py:4180} INFO - Setting next_dagrun for example_python_decorator to None, run_after=None
[2025-02-22T17:13:06.598+0000] {processor.py:208} INFO - Processing /home/airflow/.local/lib/python3.12/site-packages/airflow/example_dags/example_python_decorator.py took 0.029 seconds
[2025-02-22T17:15:54.348+0000] {processor.py:186} INFO - Started process (PID=48) to work on /home/airflow/.local/lib/python3.12/site-packages/airflow/example_dags/example_python_decorator.py
[2025-02-22T17:15:54.348+0000] {processor.py:914} INFO - Processing file /home/airflow/.local/lib/python3.12/site-packages/airflow/example_dags/example_python_decorator.py for tasks to queue
[2025-02-22T17:15:54.350+0000] {logging_mixin.py:190} INFO - [2025-02-22T17:15:54.350+0000] {dagbag.py:588} INFO - Filling up the DagBag from /home/airflow/.local/lib/python3.12/site-packages/airflow/example_dags/example_python_decorator.py
[2025-02-22T17:15:54.360+0000] {processor.py:925} INFO - DAG(s) 'example_python_decorator' retrieved from /home/airflow/.local/lib/python3.12/site-packages/airflow/example_dags/example_python_decorator.py
[2025-02-22T17:15:54.426+0000] {logging_mixin.py:190} INFO - [2025-02-22T17:15:54.426+0000] {dag.py:3239} INFO - Sync 1 DAGs
[2025-02-22T17:15:54.438+0000] {logging_mixin.py:190} INFO - [2025-02-22T17:15:54.438+0000] {dag.py:4180} INFO - Setting next_dagrun for example_python_decorator to None, run_after=None
[2025-02-22T17:15:54.449+0000] {processor.py:208} INFO - Processing /home/airflow/.local/lib/python3.12/site-packages/airflow/example_dags/example_python_decorator.py took 0.105 seconds
[2025-02-22T17:16:24.830+0000] {processor.py:186} INFO - Started process (PID=111) to work on /home/airflow/.local/lib/python3.12/site-packages/airflow/example_dags/example_python_decorator.py
[2025-02-22T17:16:24.830+0000] {processor.py:914} INFO - Processing file /home/airflow/.local/lib/python3.12/site-packages/airflow/example_dags/example_python_decorator.py for tasks to queue
[2025-02-22T17:16:24.831+0000] {logging_mixin.py:190} INFO - [2025-02-22T17:16:24.831+0000] {dagbag.py:588} INFO - Filling up the DagBag from /home/airflow/.local/lib/python3.12/site-packages/airflow/example_dags/example_python_decorator.py
[2025-02-22T17:16:24.838+0000] {processor.py:925} INFO - DAG(s) 'example_python_decorator' retrieved from /home/airflow/.local/lib/python3.12/site-packages/airflow/example_dags/example_python_decorator.py
[2025-02-22T17:16:24.847+0000] {logging_mixin.py:190} INFO - [2025-02-22T17:16:24.847+0000] {dag.py:3239} INFO - Sync 1 DAGs
[2025-02-22T17:16:24.852+0000] {logging_mixin.py:190} INFO - [2025-02-22T17:16:24.852+0000] {dag.py:4180} INFO - Setting next_dagrun for example_python_decorator to None, run_after=None
[2025-02-22T17:16:24.859+0000] {processor.py:208} INFO - Processing /home/airflow/.local/lib/python3.12/site-packages/airflow/example_dags/example_python_decorator.py took 0.032 seconds
[2025-02-22T17:16:55.072+0000] {processor.py:186} INFO - Started process (PID=173) to work on /home/airflow/.local/lib/python3.12/site-packages/airflow/example_dags/example_python_decorator.py
[2025-02-22T17:16:55.073+0000] {processor.py:914} INFO - Processing file /home/airflow/.local/lib/python3.12/site-packages/airflow/example_dags/example_python_decorator.py for tasks to queue
[2025-02-22T17:16:55.074+0000] {logging_mixin.py:190} INFO - [2025-02-22T17:16:55.074+0000] {dagbag.py:588} INFO - Filling up the DagBag from /home/airflow/.local/lib/python3.12/site-packages/airflow/example_dags/example_python_decorator.py
[2025-02-22T17:16:55.080+0000] {processor.py:925} INFO - DAG(s) 'example_python_decorator' retrieved from /home/airflow/.local/lib/python3.12/site-packages/airflow/example_dags/example_python_decorator.py
[2025-02-22T17:16:55.089+0000] {logging_mixin.py:190} INFO - [2025-02-22T17:16:55.089+0000] {dag.py:3239} INFO - Sync 1 DAGs
[2025-02-22T17:16:55.096+0000] {logging_mixin.py:190} INFO - [2025-02-22T17:16:55.095+0000] {dag.py:4180} INFO - Setting next_dagrun for example_python_decorator to None, run_after=None
[2025-02-22T17:16:55.102+0000] {processor.py:208} INFO - Processing /home/airflow/.local/lib/python3.12/site-packages/airflow/example_dags/example_python_decorator.py took 0.032 seconds
[2025-02-22T17:17:25.166+0000] {processor.py:186} INFO - Started process (PID=236) to work on /home/airflow/.local/lib/python3.12/site-packages/airflow/example_dags/example_python_decorator.py
[2025-02-22T17:17:25.166+0000] {processor.py:914} INFO - Processing file /home/airflow/.local/lib/python3.12/site-packages/airflow/example_dags/example_python_decorator.py for tasks to queue
[2025-02-22T17:17:25.167+0000] {logging_mixin.py:190} INFO - [2025-02-22T17:17:25.167+0000] {dagbag.py:588} INFO - Filling up the DagBag from /home/airflow/.local/lib/python3.12/site-packages/airflow/example_dags/example_python_decorator.py
[2025-02-22T17:17:25.173+0000] {processor.py:925} INFO - DAG(s) 'example_python_decorator' retrieved from /home/airflow/.local/lib/python3.12/site-packages/airflow/example_dags/example_python_decorator.py
[2025-02-22T17:17:25.181+0000] {logging_mixin.py:190} INFO - [2025-02-22T17:17:25.181+0000] {dag.py:3239} INFO - Sync 1 DAGs
[2025-02-22T17:17:25.187+0000] {logging_mixin.py:190} INFO - [2025-02-22T17:17:25.187+0000] {dag.py:4180} INFO - Setting next_dagrun for example_python_decorator to None, run_after=None
[2025-02-22T17:17:25.193+0000] {processor.py:208} INFO - Processing /home/airflow/.local/lib/python3.12/site-packages/airflow/example_dags/example_python_decorator.py took 0.030 seconds
[2025-02-22T17:17:55.380+0000] {processor.py:186} INFO - Started process (PID=299) to work on /home/airflow/.local/lib/python3.12/site-packages/airflow/example_dags/example_python_decorator.py
[2025-02-22T17:17:55.381+0000] {processor.py:914} INFO - Processing file /home/airflow/.local/lib/python3.12/site-packages/airflow/example_dags/example_python_decorator.py for tasks to queue
[2025-02-22T17:17:55.381+0000] {logging_mixin.py:190} INFO - [2025-02-22T17:17:55.381+0000] {dagbag.py:588} INFO - Filling up the DagBag from /home/airflow/.local/lib/python3.12/site-packages/airflow/example_dags/example_python_decorator.py
[2025-02-22T17:17:55.387+0000] {processor.py:925} INFO - DAG(s) 'example_python_decorator' retrieved from /home/airflow/.local/lib/python3.12/site-packages/airflow/example_dags/example_python_decorator.py
[2025-02-22T17:17:55.396+0000] {logging_mixin.py:190} INFO - [2025-02-22T17:17:55.396+0000] {dag.py:3239} INFO - Sync 1 DAGs
[2025-02-22T17:17:55.401+0000] {logging_mixin.py:190} INFO - [2025-02-22T17:17:55.401+0000] {dag.py:4180} INFO - Setting next_dagrun for example_python_decorator to None, run_after=None
[2025-02-22T17:17:55.407+0000] {processor.py:208} INFO - Processing /home/airflow/.local/lib/python3.12/site-packages/airflow/example_dags/example_python_decorator.py took 0.029 seconds
[2025-02-22T17:18:25.638+0000] {processor.py:186} INFO - Started process (PID=362) to work on /home/airflow/.local/lib/python3.12/site-packages/airflow/example_dags/example_python_decorator.py
[2025-02-22T17:18:25.639+0000] {processor.py:914} INFO - Processing file /home/airflow/.local/lib/python3.12/site-packages/airflow/example_dags/example_python_decorator.py for tasks to queue
[2025-02-22T17:18:25.640+0000] {logging_mixin.py:190} INFO - [2025-02-22T17:18:25.640+0000] {dagbag.py:588} INFO - Filling up the DagBag from /home/airflow/.local/lib/python3.12/site-packages/airflow/example_dags/example_python_decorator.py
[2025-02-22T17:18:25.646+0000] {processor.py:925} INFO - DAG(s) 'example_python_decorator' retrieved from /home/airflow/.local/lib/python3.12/site-packages/airflow/example_dags/example_python_decorator.py
[2025-02-22T17:18:25.654+0000] {logging_mixin.py:190} INFO - [2025-02-22T17:18:25.654+0000] {dag.py:3239} INFO - Sync 1 DAGs
[2025-02-22T17:18:25.659+0000] {logging_mixin.py:190} INFO - [2025-02-22T17:18:25.659+0000] {dag.py:4180} INFO - Setting next_dagrun for example_python_decorator to None, run_after=None
[2025-02-22T17:18:25.665+0000] {processor.py:208} INFO - Processing /home/airflow/.local/lib/python3.12/site-packages/airflow/example_dags/example_python_decorator.py took 0.030 seconds
[2025-02-22T17:18:55.715+0000] {processor.py:186} INFO - Started process (PID=425) to work on /home/airflow/.local/lib/python3.12/site-packages/airflow/example_dags/example_python_decorator.py
[2025-02-22T17:18:55.716+0000] {processor.py:914} INFO - Processing file /home/airflow/.local/lib/python3.12/site-packages/airflow/example_dags/example_python_decorator.py for tasks to queue
[2025-02-22T17:18:55.717+0000] {logging_mixin.py:190} INFO - [2025-02-22T17:18:55.717+0000] {dagbag.py:588} INFO - Filling up the DagBag from /home/airflow/.local/lib/python3.12/site-packages/airflow/example_dags/example_python_decorator.py
[2025-02-22T17:18:55.722+0000] {processor.py:925} INFO - DAG(s) 'example_python_decorator' retrieved from /home/airflow/.local/lib/python3.12/site-packages/airflow/example_dags/example_python_decorator.py
[2025-02-22T17:18:55.731+0000] {logging_mixin.py:190} INFO - [2025-02-22T17:18:55.730+0000] {dag.py:3239} INFO - Sync 1 DAGs
[2025-02-22T17:18:55.735+0000] {logging_mixin.py:190} INFO - [2025-02-22T17:18:55.735+0000] {dag.py:4180} INFO - Setting next_dagrun for example_python_decorator to None, run_after=None
[2025-02-22T17:18:55.741+0000] {processor.py:208} INFO - Processing /home/airflow/.local/lib/python3.12/site-packages/airflow/example_dags/example_python_decorator.py took 0.028 seconds
[2025-02-22T17:19:25.808+0000] {processor.py:186} INFO - Started process (PID=488) to work on /home/airflow/.local/lib/python3.12/site-packages/airflow/example_dags/example_python_decorator.py
[2025-02-22T17:19:25.808+0000] {processor.py:914} INFO - Processing file /home/airflow/.local/lib/python3.12/site-packages/airflow/example_dags/example_python_decorator.py for tasks to queue
[2025-02-22T17:19:25.809+0000] {logging_mixin.py:190} INFO - [2025-02-22T17:19:25.809+0000] {dagbag.py:588} INFO - Filling up the DagBag from /home/airflow/.local/lib/python3.12/site-packages/airflow/example_dags/example_python_decorator.py
[2025-02-22T17:19:25.814+0000] {processor.py:925} INFO - DAG(s) 'example_python_decorator' retrieved from /home/airflow/.local/lib/python3.12/site-packages/airflow/example_dags/example_python_decorator.py
[2025-02-22T17:19:25.822+0000] {logging_mixin.py:190} INFO - [2025-02-22T17:19:25.822+0000] {dag.py:3239} INFO - Sync 1 DAGs
[2025-02-22T17:19:25.828+0000] {logging_mixin.py:190} INFO - [2025-02-22T17:19:25.828+0000] {dag.py:4180} INFO - Setting next_dagrun for example_python_decorator to None, run_after=None
[2025-02-22T17:19:25.834+0000] {processor.py:208} INFO - Processing /home/airflow/.local/lib/python3.12/site-packages/airflow/example_dags/example_python_decorator.py took 0.028 seconds
[2025-02-22T17:19:55.923+0000] {processor.py:186} INFO - Started process (PID=551) to work on /home/airflow/.local/lib/python3.12/site-packages/airflow/example_dags/example_python_decorator.py
[2025-02-22T17:19:55.924+0000] {processor.py:914} INFO - Processing file /home/airflow/.local/lib/python3.12/site-packages/airflow/example_dags/example_python_decorator.py for tasks to queue
[2025-02-22T17:19:55.925+0000] {logging_mixin.py:190} INFO - [2025-02-22T17:19:55.925+0000] {dagbag.py:588} INFO - Filling up the DagBag from /home/airflow/.local/lib/python3.12/site-packages/airflow/example_dags/example_python_decorator.py
[2025-02-22T17:19:55.932+0000] {processor.py:925} INFO - DAG(s) 'example_python_decorator' retrieved from /home/airflow/.local/lib/python3.12/site-packages/airflow/example_dags/example_python_decorator.py
[2025-02-22T17:19:55.941+0000] {logging_mixin.py:190} INFO - [2025-02-22T17:19:55.941+0000] {dag.py:3239} INFO - Sync 1 DAGs
[2025-02-22T17:19:55.946+0000] {logging_mixin.py:190} INFO - [2025-02-22T17:19:55.946+0000] {dag.py:4180} INFO - Setting next_dagrun for example_python_decorator to None, run_after=None
[2025-02-22T17:19:55.957+0000] {processor.py:208} INFO - Processing /home/airflow/.local/lib/python3.12/site-packages/airflow/example_dags/example_python_decorator.py took 0.036 seconds
[2025-02-22T17:20:26.072+0000] {processor.py:186} INFO - Started process (PID=614) to work on /home/airflow/.local/lib/python3.12/site-packages/airflow/example_dags/example_python_decorator.py
[2025-02-22T17:20:26.072+0000] {processor.py:914} INFO - Processing file /home/airflow/.local/lib/python3.12/site-packages/airflow/example_dags/example_python_decorator.py for tasks to queue
[2025-02-22T17:20:26.073+0000] {logging_mixin.py:190} INFO - [2025-02-22T17:20:26.073+0000] {dagbag.py:588} INFO - Filling up the DagBag from /home/airflow/.local/lib/python3.12/site-packages/airflow/example_dags/example_python_decorator.py
[2025-02-22T17:20:26.079+0000] {processor.py:925} INFO - DAG(s) 'example_python_decorator' retrieved from /home/airflow/.local/lib/python3.12/site-packages/airflow/example_dags/example_python_decorator.py
[2025-02-22T17:20:26.089+0000] {logging_mixin.py:190} INFO - [2025-02-22T17:20:26.089+0000] {dag.py:3239} INFO - Sync 1 DAGs
[2025-02-22T17:20:26.096+0000] {logging_mixin.py:190} INFO - [2025-02-22T17:20:26.096+0000] {dag.py:4180} INFO - Setting next_dagrun for example_python_decorator to None, run_after=None
[2025-02-22T17:20:26.102+0000] {processor.py:208} INFO - Processing /home/airflow/.local/lib/python3.12/site-packages/airflow/example_dags/example_python_decorator.py took 0.032 seconds
[2025-02-22T17:20:56.238+0000] {processor.py:186} INFO - Started process (PID=676) to work on /home/airflow/.local/lib/python3.12/site-packages/airflow/example_dags/example_python_decorator.py
[2025-02-22T17:20:56.239+0000] {processor.py:914} INFO - Processing file /home/airflow/.local/lib/python3.12/site-packages/airflow/example_dags/example_python_decorator.py for tasks to queue
[2025-02-22T17:20:56.239+0000] {logging_mixin.py:190} INFO - [2025-02-22T17:20:56.239+0000] {dagbag.py:588} INFO - Filling up the DagBag from /home/airflow/.local/lib/python3.12/site-packages/airflow/example_dags/example_python_decorator.py
[2025-02-22T17:20:56.244+0000] {processor.py:925} INFO - DAG(s) 'example_python_decorator' retrieved from /home/airflow/.local/lib/python3.12/site-packages/airflow/example_dags/example_python_decorator.py
[2025-02-22T17:20:56.251+0000] {logging_mixin.py:190} INFO - [2025-02-22T17:20:56.251+0000] {dag.py:3239} INFO - Sync 1 DAGs
[2025-02-22T17:20:56.256+0000] {logging_mixin.py:190} INFO - [2025-02-22T17:20:56.256+0000] {dag.py:4180} INFO - Setting next_dagrun for example_python_decorator to None, run_after=None
[2025-02-22T17:20:56.261+0000] {processor.py:208} INFO - Processing /home/airflow/.local/lib/python3.12/site-packages/airflow/example_dags/example_python_decorator.py took 0.025 seconds
[2025-02-22T17:21:26.434+0000] {processor.py:186} INFO - Started process (PID=739) to work on /home/airflow/.local/lib/python3.12/site-packages/airflow/example_dags/example_python_decorator.py
[2025-02-22T17:21:26.435+0000] {processor.py:914} INFO - Processing file /home/airflow/.local/lib/python3.12/site-packages/airflow/example_dags/example_python_decorator.py for tasks to queue
[2025-02-22T17:21:26.436+0000] {logging_mixin.py:190} INFO - [2025-02-22T17:21:26.436+0000] {dagbag.py:588} INFO - Filling up the DagBag from /home/airflow/.local/lib/python3.12/site-packages/airflow/example_dags/example_python_decorator.py
[2025-02-22T17:21:26.444+0000] {processor.py:925} INFO - DAG(s) 'example_python_decorator' retrieved from /home/airflow/.local/lib/python3.12/site-packages/airflow/example_dags/example_python_decorator.py
[2025-02-22T17:21:26.453+0000] {logging_mixin.py:190} INFO - [2025-02-22T17:21:26.453+0000] {dag.py:3239} INFO - Sync 1 DAGs
[2025-02-22T17:21:26.459+0000] {logging_mixin.py:190} INFO - [2025-02-22T17:21:26.459+0000] {dag.py:4180} INFO - Setting next_dagrun for example_python_decorator to None, run_after=None
[2025-02-22T17:21:26.472+0000] {processor.py:208} INFO - Processing /home/airflow/.local/lib/python3.12/site-packages/airflow/example_dags/example_python_decorator.py took 0.040 seconds
[2025-02-22T17:21:56.685+0000] {processor.py:186} INFO - Started process (PID=802) to work on /home/airflow/.local/lib/python3.12/site-packages/airflow/example_dags/example_python_decorator.py
[2025-02-22T17:21:56.685+0000] {processor.py:914} INFO - Processing file /home/airflow/.local/lib/python3.12/site-packages/airflow/example_dags/example_python_decorator.py for tasks to queue
[2025-02-22T17:21:56.686+0000] {logging_mixin.py:190} INFO - [2025-02-22T17:21:56.686+0000] {dagbag.py:588} INFO - Filling up the DagBag from /home/airflow/.local/lib/python3.12/site-packages/airflow/example_dags/example_python_decorator.py
[2025-02-22T17:21:56.692+0000] {processor.py:925} INFO - DAG(s) 'example_python_decorator' retrieved from /home/airflow/.local/lib/python3.12/site-packages/airflow/example_dags/example_python_decorator.py
[2025-02-22T17:21:56.700+0000] {logging_mixin.py:190} INFO - [2025-02-22T17:21:56.700+0000] {dag.py:3239} INFO - Sync 1 DAGs
[2025-02-22T17:21:56.706+0000] {logging_mixin.py:190} INFO - [2025-02-22T17:21:56.706+0000] {dag.py:4180} INFO - Setting next_dagrun for example_python_decorator to None, run_after=None
[2025-02-22T17:21:56.713+0000] {processor.py:208} INFO - Processing /home/airflow/.local/lib/python3.12/site-packages/airflow/example_dags/example_python_decorator.py took 0.031 seconds
[2025-02-22T17:22:26.906+0000] {processor.py:186} INFO - Started process (PID=865) to work on /home/airflow/.local/lib/python3.12/site-packages/airflow/example_dags/example_python_decorator.py
[2025-02-22T17:22:26.907+0000] {processor.py:914} INFO - Processing file /home/airflow/.local/lib/python3.12/site-packages/airflow/example_dags/example_python_decorator.py for tasks to queue
[2025-02-22T17:22:26.908+0000] {logging_mixin.py:190} INFO - [2025-02-22T17:22:26.908+0000] {dagbag.py:588} INFO - Filling up the DagBag from /home/airflow/.local/lib/python3.12/site-packages/airflow/example_dags/example_python_decorator.py
[2025-02-22T17:22:26.915+0000] {processor.py:925} INFO - DAG(s) 'example_python_decorator' retrieved from /home/airflow/.local/lib/python3.12/site-packages/airflow/example_dags/example_python_decorator.py
[2025-02-22T17:22:26.922+0000] {logging_mixin.py:190} INFO - [2025-02-22T17:22:26.922+0000] {dag.py:3239} INFO - Sync 1 DAGs
[2025-02-22T17:22:26.928+0000] {logging_mixin.py:190} INFO - [2025-02-22T17:22:26.927+0000] {dag.py:4180} INFO - Setting next_dagrun for example_python_decorator to None, run_after=None
[2025-02-22T17:22:26.936+0000] {processor.py:208} INFO - Processing /home/airflow/.local/lib/python3.12/site-packages/airflow/example_dags/example_python_decorator.py took 0.032 seconds
[2025-02-22T17:22:57.152+0000] {processor.py:186} INFO - Started process (PID=928) to work on /home/airflow/.local/lib/python3.12/site-packages/airflow/example_dags/example_python_decorator.py
[2025-02-22T17:22:57.153+0000] {processor.py:914} INFO - Processing file /home/airflow/.local/lib/python3.12/site-packages/airflow/example_dags/example_python_decorator.py for tasks to queue
[2025-02-22T17:22:57.153+0000] {logging_mixin.py:190} INFO - [2025-02-22T17:22:57.153+0000] {dagbag.py:588} INFO - Filling up the DagBag from /home/airflow/.local/lib/python3.12/site-packages/airflow/example_dags/example_python_decorator.py
[2025-02-22T17:22:57.159+0000] {processor.py:925} INFO - DAG(s) 'example_python_decorator' retrieved from /home/airflow/.local/lib/python3.12/site-packages/airflow/example_dags/example_python_decorator.py
[2025-02-22T17:22:57.168+0000] {logging_mixin.py:190} INFO - [2025-02-22T17:22:57.168+0000] {dag.py:3239} INFO - Sync 1 DAGs
[2025-02-22T17:22:57.173+0000] {logging_mixin.py:190} INFO - [2025-02-22T17:22:57.173+0000] {dag.py:4180} INFO - Setting next_dagrun for example_python_decorator to None, run_after=None
[2025-02-22T17:22:57.180+0000] {processor.py:208} INFO - Processing /home/airflow/.local/lib/python3.12/site-packages/airflow/example_dags/example_python_decorator.py took 0.030 seconds
[2025-02-22T17:23:27.350+0000] {processor.py:186} INFO - Started process (PID=991) to work on /home/airflow/.local/lib/python3.12/site-packages/airflow/example_dags/example_python_decorator.py
[2025-02-22T17:23:27.352+0000] {processor.py:914} INFO - Processing file /home/airflow/.local/lib/python3.12/site-packages/airflow/example_dags/example_python_decorator.py for tasks to queue
[2025-02-22T17:23:27.353+0000] {logging_mixin.py:190} INFO - [2025-02-22T17:23:27.353+0000] {dagbag.py:588} INFO - Filling up the DagBag from /home/airflow/.local/lib/python3.12/site-packages/airflow/example_dags/example_python_decorator.py
[2025-02-22T17:23:27.358+0000] {processor.py:925} INFO - DAG(s) 'example_python_decorator' retrieved from /home/airflow/.local/lib/python3.12/site-packages/airflow/example_dags/example_python_decorator.py
[2025-02-22T17:23:27.369+0000] {logging_mixin.py:190} INFO - [2025-02-22T17:23:27.368+0000] {dag.py:3239} INFO - Sync 1 DAGs
[2025-02-22T17:23:27.373+0000] {logging_mixin.py:190} INFO - [2025-02-22T17:23:27.373+0000] {dag.py:4180} INFO - Setting next_dagrun for example_python_decorator to None, run_after=None
[2025-02-22T17:23:27.380+0000] {processor.py:208} INFO - Processing /home/airflow/.local/lib/python3.12/site-packages/airflow/example_dags/example_python_decorator.py took 0.032 seconds
[2025-02-22T17:23:57.668+0000] {processor.py:186} INFO - Started process (PID=1054) to work on /home/airflow/.local/lib/python3.12/site-packages/airflow/example_dags/example_python_decorator.py
[2025-02-22T17:23:57.670+0000] {processor.py:914} INFO - Processing file /home/airflow/.local/lib/python3.12/site-packages/airflow/example_dags/example_python_decorator.py for tasks to queue
[2025-02-22T17:23:57.672+0000] {logging_mixin.py:190} INFO - [2025-02-22T17:23:57.671+0000] {dagbag.py:588} INFO - Filling up the DagBag from /home/airflow/.local/lib/python3.12/site-packages/airflow/example_dags/example_python_decorator.py
[2025-02-22T17:23:57.677+0000] {processor.py:925} INFO - DAG(s) 'example_python_decorator' retrieved from /home/airflow/.local/lib/python3.12/site-packages/airflow/example_dags/example_python_decorator.py
[2025-02-22T17:23:57.687+0000] {logging_mixin.py:190} INFO - [2025-02-22T17:23:57.687+0000] {dag.py:3239} INFO - Sync 1 DAGs
[2025-02-22T17:23:57.692+0000] {logging_mixin.py:190} INFO - [2025-02-22T17:23:57.692+0000] {dag.py:4180} INFO - Setting next_dagrun for example_python_decorator to None, run_after=None
[2025-02-22T17:23:57.698+0000] {processor.py:208} INFO - Processing /home/airflow/.local/lib/python3.12/site-packages/airflow/example_dags/example_python_decorator.py took 0.033 seconds
[2025-02-22T17:24:27.870+0000] {processor.py:186} INFO - Started process (PID=1117) to work on /home/airflow/.local/lib/python3.12/site-packages/airflow/example_dags/example_python_decorator.py
[2025-02-22T17:24:27.871+0000] {processor.py:914} INFO - Processing file /home/airflow/.local/lib/python3.12/site-packages/airflow/example_dags/example_python_decorator.py for tasks to queue
[2025-02-22T17:24:27.872+0000] {logging_mixin.py:190} INFO - [2025-02-22T17:24:27.872+0000] {dagbag.py:588} INFO - Filling up the DagBag from /home/airflow/.local/lib/python3.12/site-packages/airflow/example_dags/example_python_decorator.py
[2025-02-22T17:24:27.878+0000] {processor.py:925} INFO - DAG(s) 'example_python_decorator' retrieved from /home/airflow/.local/lib/python3.12/site-packages/airflow/example_dags/example_python_decorator.py
[2025-02-22T17:24:27.887+0000] {logging_mixin.py:190} INFO - [2025-02-22T17:24:27.886+0000] {dag.py:3239} INFO - Sync 1 DAGs
[2025-02-22T17:24:27.891+0000] {logging_mixin.py:190} INFO - [2025-02-22T17:24:27.891+0000] {dag.py:4180} INFO - Setting next_dagrun for example_python_decorator to None, run_after=None
[2025-02-22T17:24:27.897+0000] {processor.py:208} INFO - Processing /home/airflow/.local/lib/python3.12/site-packages/airflow/example_dags/example_python_decorator.py took 0.029 seconds
[2025-02-22T17:24:58.084+0000] {processor.py:186} INFO - Started process (PID=1179) to work on /home/airflow/.local/lib/python3.12/site-packages/airflow/example_dags/example_python_decorator.py
[2025-02-22T17:24:58.085+0000] {processor.py:914} INFO - Processing file /home/airflow/.local/lib/python3.12/site-packages/airflow/example_dags/example_python_decorator.py for tasks to queue
[2025-02-22T17:24:58.086+0000] {logging_mixin.py:190} INFO - [2025-02-22T17:24:58.086+0000] {dagbag.py:588} INFO - Filling up the DagBag from /home/airflow/.local/lib/python3.12/site-packages/airflow/example_dags/example_python_decorator.py
[2025-02-22T17:24:58.093+0000] {processor.py:925} INFO - DAG(s) 'example_python_decorator' retrieved from /home/airflow/.local/lib/python3.12/site-packages/airflow/example_dags/example_python_decorator.py
[2025-02-22T17:24:58.101+0000] {logging_mixin.py:190} INFO - [2025-02-22T17:24:58.101+0000] {dag.py:3239} INFO - Sync 1 DAGs
[2025-02-22T17:24:58.106+0000] {logging_mixin.py:190} INFO - [2025-02-22T17:24:58.106+0000] {dag.py:4180} INFO - Setting next_dagrun for example_python_decorator to None, run_after=None
[2025-02-22T17:24:58.112+0000] {processor.py:208} INFO - Processing /home/airflow/.local/lib/python3.12/site-packages/airflow/example_dags/example_python_decorator.py took 0.030 seconds
[2025-02-22T17:25:28.365+0000] {processor.py:186} INFO - Started process (PID=1242) to work on /home/airflow/.local/lib/python3.12/site-packages/airflow/example_dags/example_python_decorator.py
[2025-02-22T17:25:28.366+0000] {processor.py:914} INFO - Processing file /home/airflow/.local/lib/python3.12/site-packages/airflow/example_dags/example_python_decorator.py for tasks to queue
[2025-02-22T17:25:28.368+0000] {logging_mixin.py:190} INFO - [2025-02-22T17:25:28.368+0000] {dagbag.py:588} INFO - Filling up the DagBag from /home/airflow/.local/lib/python3.12/site-packages/airflow/example_dags/example_python_decorator.py
[2025-02-22T17:25:28.375+0000] {processor.py:925} INFO - DAG(s) 'example_python_decorator' retrieved from /home/airflow/.local/lib/python3.12/site-packages/airflow/example_dags/example_python_decorator.py
[2025-02-22T17:25:28.386+0000] {logging_mixin.py:190} INFO - [2025-02-22T17:25:28.386+0000] {dag.py:3239} INFO - Sync 1 DAGs
[2025-02-22T17:25:28.391+0000] {logging_mixin.py:190} INFO - [2025-02-22T17:25:28.391+0000] {dag.py:4180} INFO - Setting next_dagrun for example_python_decorator to None, run_after=None
[2025-02-22T17:25:28.403+0000] {processor.py:208} INFO - Processing /home/airflow/.local/lib/python3.12/site-packages/airflow/example_dags/example_python_decorator.py took 0.040 seconds
[2025-02-22T17:25:58.627+0000] {processor.py:186} INFO - Started process (PID=1305) to work on /home/airflow/.local/lib/python3.12/site-packages/airflow/example_dags/example_python_decorator.py
[2025-02-22T17:25:58.627+0000] {processor.py:914} INFO - Processing file /home/airflow/.local/lib/python3.12/site-packages/airflow/example_dags/example_python_decorator.py for tasks to queue
[2025-02-22T17:25:58.629+0000] {logging_mixin.py:190} INFO - [2025-02-22T17:25:58.629+0000] {dagbag.py:588} INFO - Filling up the DagBag from /home/airflow/.local/lib/python3.12/site-packages/airflow/example_dags/example_python_decorator.py
[2025-02-22T17:25:58.634+0000] {processor.py:925} INFO - DAG(s) 'example_python_decorator' retrieved from /home/airflow/.local/lib/python3.12/site-packages/airflow/example_dags/example_python_decorator.py
[2025-02-22T17:25:58.645+0000] {logging_mixin.py:190} INFO - [2025-02-22T17:25:58.645+0000] {dag.py:3239} INFO - Sync 1 DAGs
[2025-02-22T17:25:58.650+0000] {logging_mixin.py:190} INFO - [2025-02-22T17:25:58.649+0000] {dag.py:4180} INFO - Setting next_dagrun for example_python_decorator to None, run_after=None
[2025-02-22T17:25:58.656+0000] {processor.py:208} INFO - Processing /home/airflow/.local/lib/python3.12/site-packages/airflow/example_dags/example_python_decorator.py took 0.031 seconds
[2025-02-22T17:26:28.794+0000] {processor.py:186} INFO - Started process (PID=1368) to work on /home/airflow/.local/lib/python3.12/site-packages/airflow/example_dags/example_python_decorator.py
[2025-02-22T17:26:28.796+0000] {processor.py:914} INFO - Processing file /home/airflow/.local/lib/python3.12/site-packages/airflow/example_dags/example_python_decorator.py for tasks to queue
[2025-02-22T17:26:28.797+0000] {logging_mixin.py:190} INFO - [2025-02-22T17:26:28.796+0000] {dagbag.py:588} INFO - Filling up the DagBag from /home/airflow/.local/lib/python3.12/site-packages/airflow/example_dags/example_python_decorator.py
[2025-02-22T17:26:28.802+0000] {processor.py:925} INFO - DAG(s) 'example_python_decorator' retrieved from /home/airflow/.local/lib/python3.12/site-packages/airflow/example_dags/example_python_decorator.py
[2025-02-22T17:26:28.812+0000] {logging_mixin.py:190} INFO - [2025-02-22T17:26:28.812+0000] {dag.py:3239} INFO - Sync 1 DAGs
[2025-02-22T17:26:28.817+0000] {logging_mixin.py:190} INFO - [2025-02-22T17:26:28.817+0000] {dag.py:4180} INFO - Setting next_dagrun for example_python_decorator to None, run_after=None
[2025-02-22T17:26:28.823+0000] {processor.py:208} INFO - Processing /home/airflow/.local/lib/python3.12/site-packages/airflow/example_dags/example_python_decorator.py took 0.031 seconds
