[2025-02-22T17:05:26.858+0000] {processor.py:186} INFO - Started process (PID=73) to work on /home/airflow/.local/lib/python3.12/site-packages/airflow/example_dags/example_complex.py
[2025-02-22T17:05:26.859+0000] {processor.py:914} INFO - Processing file /home/airflow/.local/lib/python3.12/site-packages/airflow/example_dags/example_complex.py for tasks to queue
[2025-02-22T17:05:26.860+0000] {logging_mixin.py:190} INFO - [2025-02-22T17:05:26.860+0000] {dagbag.py:588} INFO - Filling up the DagBag from /home/airflow/.local/lib/python3.12/site-packages/airflow/example_dags/example_complex.py
[2025-02-22T17:05:26.866+0000] {processor.py:925} INFO - DAG(s) 'example_complex' retrieved from /home/airflow/.local/lib/python3.12/site-packages/airflow/example_dags/example_complex.py
[2025-02-22T17:05:26.916+0000] {logging_mixin.py:190} INFO - [2025-02-22T17:05:26.916+0000] {override.py:1912} INFO - Created Permission View: can edit on DAG:example_complex
[2025-02-22T17:05:26.920+0000] {logging_mixin.py:190} INFO - [2025-02-22T17:05:26.919+0000] {override.py:1912} INFO - Created Permission View: can delete on DAG:example_complex
[2025-02-22T17:05:26.921+0000] {logging_mixin.py:190} INFO - [2025-02-22T17:05:26.921+0000] {override.py:1912} INFO - Created Permission View: can read on DAG:example_complex
[2025-02-22T17:05:26.923+0000] {logging_mixin.py:190} INFO - [2025-02-22T17:05:26.923+0000] {override.py:1912} INFO - Created Permission View: menu access on DAG Run:example_complex
[2025-02-22T17:05:26.925+0000] {logging_mixin.py:190} INFO - [2025-02-22T17:05:26.925+0000] {override.py:1912} INFO - Created Permission View: can create on DAG Run:example_complex
[2025-02-22T17:05:26.927+0000] {logging_mixin.py:190} INFO - [2025-02-22T17:05:26.926+0000] {override.py:1912} INFO - Created Permission View: can delete on DAG Run:example_complex
[2025-02-22T17:05:26.928+0000] {logging_mixin.py:190} INFO - [2025-02-22T17:05:26.928+0000] {override.py:1912} INFO - Created Permission View: can read on DAG Run:example_complex
[2025-02-22T17:05:26.928+0000] {logging_mixin.py:190} INFO - [2025-02-22T17:05:26.928+0000] {dag.py:3239} INFO - Sync 1 DAGs
[2025-02-22T17:05:26.933+0000] {logging_mixin.py:190} INFO - [2025-02-22T17:05:26.933+0000] {dag.py:3262} INFO - Creating ORM DAG for example_complex
[2025-02-22T17:05:26.933+0000] {logging_mixin.py:190} INFO - [2025-02-22T17:05:26.933+0000] {dag.py:4180} INFO - Setting next_dagrun for example_complex to None, run_after=None
[2025-02-22T17:05:26.940+0000] {processor.py:208} INFO - Processing /home/airflow/.local/lib/python3.12/site-packages/airflow/example_dags/example_complex.py took 0.084 seconds
[2025-02-22T17:05:57.615+0000] {processor.py:186} INFO - Started process (PID=136) to work on /home/airflow/.local/lib/python3.12/site-packages/airflow/example_dags/example_complex.py
[2025-02-22T17:05:57.616+0000] {processor.py:914} INFO - Processing file /home/airflow/.local/lib/python3.12/site-packages/airflow/example_dags/example_complex.py for tasks to queue
[2025-02-22T17:05:57.622+0000] {logging_mixin.py:190} INFO - [2025-02-22T17:05:57.622+0000] {dagbag.py:588} INFO - Filling up the DagBag from /home/airflow/.local/lib/python3.12/site-packages/airflow/example_dags/example_complex.py
[2025-02-22T17:05:57.630+0000] {processor.py:925} INFO - DAG(s) 'example_complex' retrieved from /home/airflow/.local/lib/python3.12/site-packages/airflow/example_dags/example_complex.py
[2025-02-22T17:05:57.640+0000] {logging_mixin.py:190} INFO - [2025-02-22T17:05:57.640+0000] {dag.py:3239} INFO - Sync 1 DAGs
[2025-02-22T17:05:57.646+0000] {logging_mixin.py:190} INFO - [2025-02-22T17:05:57.645+0000] {dag.py:4180} INFO - Setting next_dagrun for example_complex to None, run_after=None
[2025-02-22T17:05:57.652+0000] {processor.py:208} INFO - Processing /home/airflow/.local/lib/python3.12/site-packages/airflow/example_dags/example_complex.py took 0.039 seconds
[2025-02-22T17:06:27.721+0000] {processor.py:186} INFO - Started process (PID=198) to work on /home/airflow/.local/lib/python3.12/site-packages/airflow/example_dags/example_complex.py
[2025-02-22T17:06:27.721+0000] {processor.py:914} INFO - Processing file /home/airflow/.local/lib/python3.12/site-packages/airflow/example_dags/example_complex.py for tasks to queue
[2025-02-22T17:06:27.722+0000] {logging_mixin.py:190} INFO - [2025-02-22T17:06:27.722+0000] {dagbag.py:588} INFO - Filling up the DagBag from /home/airflow/.local/lib/python3.12/site-packages/airflow/example_dags/example_complex.py
[2025-02-22T17:06:27.727+0000] {processor.py:925} INFO - DAG(s) 'example_complex' retrieved from /home/airflow/.local/lib/python3.12/site-packages/airflow/example_dags/example_complex.py
[2025-02-22T17:06:27.739+0000] {logging_mixin.py:190} INFO - [2025-02-22T17:06:27.738+0000] {dag.py:3239} INFO - Sync 1 DAGs
[2025-02-22T17:06:27.743+0000] {logging_mixin.py:190} INFO - [2025-02-22T17:06:27.743+0000] {dag.py:4180} INFO - Setting next_dagrun for example_complex to None, run_after=None
[2025-02-22T17:06:27.751+0000] {processor.py:208} INFO - Processing /home/airflow/.local/lib/python3.12/site-packages/airflow/example_dags/example_complex.py took 0.032 seconds
[2025-02-22T17:06:58.944+0000] {processor.py:186} INFO - Started process (PID=261) to work on /home/airflow/.local/lib/python3.12/site-packages/airflow/example_dags/example_complex.py
[2025-02-22T17:06:58.947+0000] {processor.py:914} INFO - Processing file /home/airflow/.local/lib/python3.12/site-packages/airflow/example_dags/example_complex.py for tasks to queue
[2025-02-22T17:06:58.950+0000] {logging_mixin.py:190} INFO - [2025-02-22T17:06:58.950+0000] {dagbag.py:588} INFO - Filling up the DagBag from /home/airflow/.local/lib/python3.12/site-packages/airflow/example_dags/example_complex.py
[2025-02-22T17:06:58.955+0000] {processor.py:925} INFO - DAG(s) 'example_complex' retrieved from /home/airflow/.local/lib/python3.12/site-packages/airflow/example_dags/example_complex.py
[2025-02-22T17:06:58.966+0000] {logging_mixin.py:190} INFO - [2025-02-22T17:06:58.966+0000] {dag.py:3239} INFO - Sync 1 DAGs
[2025-02-22T17:06:58.971+0000] {logging_mixin.py:190} INFO - [2025-02-22T17:06:58.971+0000] {dag.py:4180} INFO - Setting next_dagrun for example_complex to None, run_after=None
[2025-02-22T17:06:58.977+0000] {processor.py:208} INFO - Processing /home/airflow/.local/lib/python3.12/site-packages/airflow/example_dags/example_complex.py took 0.035 seconds
[2025-02-22T17:07:30.108+0000] {processor.py:186} INFO - Started process (PID=324) to work on /home/airflow/.local/lib/python3.12/site-packages/airflow/example_dags/example_complex.py
[2025-02-22T17:07:30.108+0000] {processor.py:914} INFO - Processing file /home/airflow/.local/lib/python3.12/site-packages/airflow/example_dags/example_complex.py for tasks to queue
[2025-02-22T17:07:30.109+0000] {logging_mixin.py:190} INFO - [2025-02-22T17:07:30.109+0000] {dagbag.py:588} INFO - Filling up the DagBag from /home/airflow/.local/lib/python3.12/site-packages/airflow/example_dags/example_complex.py
[2025-02-22T17:07:30.115+0000] {processor.py:925} INFO - DAG(s) 'example_complex' retrieved from /home/airflow/.local/lib/python3.12/site-packages/airflow/example_dags/example_complex.py
[2025-02-22T17:07:30.129+0000] {logging_mixin.py:190} INFO - [2025-02-22T17:07:30.129+0000] {dag.py:3239} INFO - Sync 1 DAGs
[2025-02-22T17:07:30.136+0000] {logging_mixin.py:190} INFO - [2025-02-22T17:07:30.136+0000] {dag.py:4180} INFO - Setting next_dagrun for example_complex to None, run_after=None
[2025-02-22T17:07:30.143+0000] {processor.py:208} INFO - Processing /home/airflow/.local/lib/python3.12/site-packages/airflow/example_dags/example_complex.py took 0.038 seconds
[2025-02-22T17:08:01.174+0000] {processor.py:186} INFO - Started process (PID=386) to work on /home/airflow/.local/lib/python3.12/site-packages/airflow/example_dags/example_complex.py
[2025-02-22T17:08:01.174+0000] {processor.py:914} INFO - Processing file /home/airflow/.local/lib/python3.12/site-packages/airflow/example_dags/example_complex.py for tasks to queue
[2025-02-22T17:08:01.175+0000] {logging_mixin.py:190} INFO - [2025-02-22T17:08:01.175+0000] {dagbag.py:588} INFO - Filling up the DagBag from /home/airflow/.local/lib/python3.12/site-packages/airflow/example_dags/example_complex.py
[2025-02-22T17:08:01.180+0000] {processor.py:925} INFO - DAG(s) 'example_complex' retrieved from /home/airflow/.local/lib/python3.12/site-packages/airflow/example_dags/example_complex.py
[2025-02-22T17:08:01.191+0000] {logging_mixin.py:190} INFO - [2025-02-22T17:08:01.191+0000] {dag.py:3239} INFO - Sync 1 DAGs
[2025-02-22T17:08:01.195+0000] {logging_mixin.py:190} INFO - [2025-02-22T17:08:01.195+0000] {dag.py:4180} INFO - Setting next_dagrun for example_complex to None, run_after=None
[2025-02-22T17:08:01.204+0000] {processor.py:208} INFO - Processing /home/airflow/.local/lib/python3.12/site-packages/airflow/example_dags/example_complex.py took 0.032 seconds
[2025-02-22T17:08:32.213+0000] {processor.py:186} INFO - Started process (PID=449) to work on /home/airflow/.local/lib/python3.12/site-packages/airflow/example_dags/example_complex.py
[2025-02-22T17:08:32.214+0000] {processor.py:914} INFO - Processing file /home/airflow/.local/lib/python3.12/site-packages/airflow/example_dags/example_complex.py for tasks to queue
[2025-02-22T17:08:32.215+0000] {logging_mixin.py:190} INFO - [2025-02-22T17:08:32.214+0000] {dagbag.py:588} INFO - Filling up the DagBag from /home/airflow/.local/lib/python3.12/site-packages/airflow/example_dags/example_complex.py
[2025-02-22T17:08:32.220+0000] {processor.py:925} INFO - DAG(s) 'example_complex' retrieved from /home/airflow/.local/lib/python3.12/site-packages/airflow/example_dags/example_complex.py
[2025-02-22T17:08:32.231+0000] {logging_mixin.py:190} INFO - [2025-02-22T17:08:32.231+0000] {dag.py:3239} INFO - Sync 1 DAGs
[2025-02-22T17:08:32.237+0000] {logging_mixin.py:190} INFO - [2025-02-22T17:08:32.237+0000] {dag.py:4180} INFO - Setting next_dagrun for example_complex to None, run_after=None
[2025-02-22T17:08:32.243+0000] {processor.py:208} INFO - Processing /home/airflow/.local/lib/python3.12/site-packages/airflow/example_dags/example_complex.py took 0.032 seconds
[2025-02-22T17:09:03.194+0000] {processor.py:186} INFO - Started process (PID=512) to work on /home/airflow/.local/lib/python3.12/site-packages/airflow/example_dags/example_complex.py
[2025-02-22T17:09:03.195+0000] {processor.py:914} INFO - Processing file /home/airflow/.local/lib/python3.12/site-packages/airflow/example_dags/example_complex.py for tasks to queue
[2025-02-22T17:09:03.196+0000] {logging_mixin.py:190} INFO - [2025-02-22T17:09:03.196+0000] {dagbag.py:588} INFO - Filling up the DagBag from /home/airflow/.local/lib/python3.12/site-packages/airflow/example_dags/example_complex.py
[2025-02-22T17:09:03.201+0000] {processor.py:925} INFO - DAG(s) 'example_complex' retrieved from /home/airflow/.local/lib/python3.12/site-packages/airflow/example_dags/example_complex.py
[2025-02-22T17:09:03.212+0000] {logging_mixin.py:190} INFO - [2025-02-22T17:09:03.212+0000] {dag.py:3239} INFO - Sync 1 DAGs
[2025-02-22T17:09:03.217+0000] {logging_mixin.py:190} INFO - [2025-02-22T17:09:03.217+0000] {dag.py:4180} INFO - Setting next_dagrun for example_complex to None, run_after=None
[2025-02-22T17:09:03.223+0000] {processor.py:208} INFO - Processing /home/airflow/.local/lib/python3.12/site-packages/airflow/example_dags/example_complex.py took 0.031 seconds
[2025-02-22T17:09:34.243+0000] {processor.py:186} INFO - Started process (PID=575) to work on /home/airflow/.local/lib/python3.12/site-packages/airflow/example_dags/example_complex.py
[2025-02-22T17:09:34.243+0000] {processor.py:914} INFO - Processing file /home/airflow/.local/lib/python3.12/site-packages/airflow/example_dags/example_complex.py for tasks to queue
[2025-02-22T17:09:34.244+0000] {logging_mixin.py:190} INFO - [2025-02-22T17:09:34.244+0000] {dagbag.py:588} INFO - Filling up the DagBag from /home/airflow/.local/lib/python3.12/site-packages/airflow/example_dags/example_complex.py
[2025-02-22T17:09:34.249+0000] {processor.py:925} INFO - DAG(s) 'example_complex' retrieved from /home/airflow/.local/lib/python3.12/site-packages/airflow/example_dags/example_complex.py
[2025-02-22T17:09:34.262+0000] {logging_mixin.py:190} INFO - [2025-02-22T17:09:34.262+0000] {dag.py:3239} INFO - Sync 1 DAGs
[2025-02-22T17:09:34.267+0000] {logging_mixin.py:190} INFO - [2025-02-22T17:09:34.267+0000] {dag.py:4180} INFO - Setting next_dagrun for example_complex to None, run_after=None
[2025-02-22T17:09:34.272+0000] {processor.py:208} INFO - Processing /home/airflow/.local/lib/python3.12/site-packages/airflow/example_dags/example_complex.py took 0.032 seconds
[2025-02-22T17:10:05.210+0000] {processor.py:186} INFO - Started process (PID=638) to work on /home/airflow/.local/lib/python3.12/site-packages/airflow/example_dags/example_complex.py
[2025-02-22T17:10:05.211+0000] {processor.py:914} INFO - Processing file /home/airflow/.local/lib/python3.12/site-packages/airflow/example_dags/example_complex.py for tasks to queue
[2025-02-22T17:10:05.212+0000] {logging_mixin.py:190} INFO - [2025-02-22T17:10:05.212+0000] {dagbag.py:588} INFO - Filling up the DagBag from /home/airflow/.local/lib/python3.12/site-packages/airflow/example_dags/example_complex.py
[2025-02-22T17:10:05.216+0000] {processor.py:925} INFO - DAG(s) 'example_complex' retrieved from /home/airflow/.local/lib/python3.12/site-packages/airflow/example_dags/example_complex.py
[2025-02-22T17:10:05.227+0000] {logging_mixin.py:190} INFO - [2025-02-22T17:10:05.227+0000] {dag.py:3239} INFO - Sync 1 DAGs
[2025-02-22T17:10:05.232+0000] {logging_mixin.py:190} INFO - [2025-02-22T17:10:05.232+0000] {dag.py:4180} INFO - Setting next_dagrun for example_complex to None, run_after=None
[2025-02-22T17:10:05.240+0000] {processor.py:208} INFO - Processing /home/airflow/.local/lib/python3.12/site-packages/airflow/example_dags/example_complex.py took 0.032 seconds
[2025-02-22T17:10:36.258+0000] {processor.py:186} INFO - Started process (PID=701) to work on /home/airflow/.local/lib/python3.12/site-packages/airflow/example_dags/example_complex.py
[2025-02-22T17:10:36.259+0000] {processor.py:914} INFO - Processing file /home/airflow/.local/lib/python3.12/site-packages/airflow/example_dags/example_complex.py for tasks to queue
[2025-02-22T17:10:36.260+0000] {logging_mixin.py:190} INFO - [2025-02-22T17:10:36.260+0000] {dagbag.py:588} INFO - Filling up the DagBag from /home/airflow/.local/lib/python3.12/site-packages/airflow/example_dags/example_complex.py
[2025-02-22T17:10:36.265+0000] {processor.py:925} INFO - DAG(s) 'example_complex' retrieved from /home/airflow/.local/lib/python3.12/site-packages/airflow/example_dags/example_complex.py
[2025-02-22T17:10:36.276+0000] {logging_mixin.py:190} INFO - [2025-02-22T17:10:36.276+0000] {dag.py:3239} INFO - Sync 1 DAGs
[2025-02-22T17:10:36.282+0000] {logging_mixin.py:190} INFO - [2025-02-22T17:10:36.282+0000] {dag.py:4180} INFO - Setting next_dagrun for example_complex to None, run_after=None
[2025-02-22T17:10:36.288+0000] {processor.py:208} INFO - Processing /home/airflow/.local/lib/python3.12/site-packages/airflow/example_dags/example_complex.py took 0.032 seconds
[2025-02-22T17:11:07.259+0000] {processor.py:186} INFO - Started process (PID=764) to work on /home/airflow/.local/lib/python3.12/site-packages/airflow/example_dags/example_complex.py
[2025-02-22T17:11:07.260+0000] {processor.py:914} INFO - Processing file /home/airflow/.local/lib/python3.12/site-packages/airflow/example_dags/example_complex.py for tasks to queue
[2025-02-22T17:11:07.261+0000] {logging_mixin.py:190} INFO - [2025-02-22T17:11:07.261+0000] {dagbag.py:588} INFO - Filling up the DagBag from /home/airflow/.local/lib/python3.12/site-packages/airflow/example_dags/example_complex.py
[2025-02-22T17:11:07.266+0000] {processor.py:925} INFO - DAG(s) 'example_complex' retrieved from /home/airflow/.local/lib/python3.12/site-packages/airflow/example_dags/example_complex.py
[2025-02-22T17:11:07.277+0000] {logging_mixin.py:190} INFO - [2025-02-22T17:11:07.277+0000] {dag.py:3239} INFO - Sync 1 DAGs
[2025-02-22T17:11:07.282+0000] {logging_mixin.py:190} INFO - [2025-02-22T17:11:07.282+0000] {dag.py:4180} INFO - Setting next_dagrun for example_complex to None, run_after=None
[2025-02-22T17:11:07.290+0000] {processor.py:208} INFO - Processing /home/airflow/.local/lib/python3.12/site-packages/airflow/example_dags/example_complex.py took 0.033 seconds
[2025-02-22T17:11:38.232+0000] {processor.py:186} INFO - Started process (PID=827) to work on /home/airflow/.local/lib/python3.12/site-packages/airflow/example_dags/example_complex.py
[2025-02-22T17:11:38.234+0000] {processor.py:914} INFO - Processing file /home/airflow/.local/lib/python3.12/site-packages/airflow/example_dags/example_complex.py for tasks to queue
[2025-02-22T17:11:38.235+0000] {logging_mixin.py:190} INFO - [2025-02-22T17:11:38.235+0000] {dagbag.py:588} INFO - Filling up the DagBag from /home/airflow/.local/lib/python3.12/site-packages/airflow/example_dags/example_complex.py
[2025-02-22T17:11:38.242+0000] {processor.py:925} INFO - DAG(s) 'example_complex' retrieved from /home/airflow/.local/lib/python3.12/site-packages/airflow/example_dags/example_complex.py
[2025-02-22T17:11:38.252+0000] {logging_mixin.py:190} INFO - [2025-02-22T17:11:38.252+0000] {dag.py:3239} INFO - Sync 1 DAGs
[2025-02-22T17:11:38.257+0000] {logging_mixin.py:190} INFO - [2025-02-22T17:11:38.257+0000] {dag.py:4180} INFO - Setting next_dagrun for example_complex to None, run_after=None
[2025-02-22T17:11:38.267+0000] {processor.py:208} INFO - Processing /home/airflow/.local/lib/python3.12/site-packages/airflow/example_dags/example_complex.py took 0.037 seconds
[2025-02-22T17:12:09.205+0000] {processor.py:186} INFO - Started process (PID=890) to work on /home/airflow/.local/lib/python3.12/site-packages/airflow/example_dags/example_complex.py
[2025-02-22T17:12:09.205+0000] {processor.py:914} INFO - Processing file /home/airflow/.local/lib/python3.12/site-packages/airflow/example_dags/example_complex.py for tasks to queue
[2025-02-22T17:12:09.206+0000] {logging_mixin.py:190} INFO - [2025-02-22T17:12:09.206+0000] {dagbag.py:588} INFO - Filling up the DagBag from /home/airflow/.local/lib/python3.12/site-packages/airflow/example_dags/example_complex.py
[2025-02-22T17:12:09.211+0000] {processor.py:925} INFO - DAG(s) 'example_complex' retrieved from /home/airflow/.local/lib/python3.12/site-packages/airflow/example_dags/example_complex.py
[2025-02-22T17:12:09.222+0000] {logging_mixin.py:190} INFO - [2025-02-22T17:12:09.222+0000] {dag.py:3239} INFO - Sync 1 DAGs
[2025-02-22T17:12:09.226+0000] {logging_mixin.py:190} INFO - [2025-02-22T17:12:09.226+0000] {dag.py:4180} INFO - Setting next_dagrun for example_complex to None, run_after=None
[2025-02-22T17:12:09.236+0000] {processor.py:208} INFO - Processing /home/airflow/.local/lib/python3.12/site-packages/airflow/example_dags/example_complex.py took 0.033 seconds
[2025-02-22T17:12:40.286+0000] {processor.py:186} INFO - Started process (PID=953) to work on /home/airflow/.local/lib/python3.12/site-packages/airflow/example_dags/example_complex.py
[2025-02-22T17:12:40.286+0000] {processor.py:914} INFO - Processing file /home/airflow/.local/lib/python3.12/site-packages/airflow/example_dags/example_complex.py for tasks to queue
[2025-02-22T17:12:40.287+0000] {logging_mixin.py:190} INFO - [2025-02-22T17:12:40.287+0000] {dagbag.py:588} INFO - Filling up the DagBag from /home/airflow/.local/lib/python3.12/site-packages/airflow/example_dags/example_complex.py
[2025-02-22T17:12:40.292+0000] {processor.py:925} INFO - DAG(s) 'example_complex' retrieved from /home/airflow/.local/lib/python3.12/site-packages/airflow/example_dags/example_complex.py
[2025-02-22T17:12:40.302+0000] {logging_mixin.py:190} INFO - [2025-02-22T17:12:40.302+0000] {dag.py:3239} INFO - Sync 1 DAGs
[2025-02-22T17:12:40.307+0000] {logging_mixin.py:190} INFO - [2025-02-22T17:12:40.307+0000] {dag.py:4180} INFO - Setting next_dagrun for example_complex to None, run_after=None
[2025-02-22T17:12:40.313+0000] {processor.py:208} INFO - Processing /home/airflow/.local/lib/python3.12/site-packages/airflow/example_dags/example_complex.py took 0.030 seconds
[2025-02-22T17:13:11.224+0000] {processor.py:186} INFO - Started process (PID=1016) to work on /home/airflow/.local/lib/python3.12/site-packages/airflow/example_dags/example_complex.py
[2025-02-22T17:13:11.228+0000] {processor.py:914} INFO - Processing file /home/airflow/.local/lib/python3.12/site-packages/airflow/example_dags/example_complex.py for tasks to queue
[2025-02-22T17:13:11.230+0000] {logging_mixin.py:190} INFO - [2025-02-22T17:13:11.230+0000] {dagbag.py:588} INFO - Filling up the DagBag from /home/airflow/.local/lib/python3.12/site-packages/airflow/example_dags/example_complex.py
[2025-02-22T17:13:11.235+0000] {processor.py:925} INFO - DAG(s) 'example_complex' retrieved from /home/airflow/.local/lib/python3.12/site-packages/airflow/example_dags/example_complex.py
[2025-02-22T17:13:11.246+0000] {logging_mixin.py:190} INFO - [2025-02-22T17:13:11.246+0000] {dag.py:3239} INFO - Sync 1 DAGs
[2025-02-22T17:13:11.251+0000] {logging_mixin.py:190} INFO - [2025-02-22T17:13:11.251+0000] {dag.py:4180} INFO - Setting next_dagrun for example_complex to None, run_after=None
[2025-02-22T17:13:11.260+0000] {processor.py:208} INFO - Processing /home/airflow/.local/lib/python3.12/site-packages/airflow/example_dags/example_complex.py took 0.039 seconds
[2025-02-22T17:15:55.168+0000] {processor.py:186} INFO - Started process (PID=67) to work on /home/airflow/.local/lib/python3.12/site-packages/airflow/example_dags/example_complex.py
[2025-02-22T17:15:55.169+0000] {processor.py:914} INFO - Processing file /home/airflow/.local/lib/python3.12/site-packages/airflow/example_dags/example_complex.py for tasks to queue
[2025-02-22T17:15:55.171+0000] {logging_mixin.py:190} INFO - [2025-02-22T17:15:55.170+0000] {dagbag.py:588} INFO - Filling up the DagBag from /home/airflow/.local/lib/python3.12/site-packages/airflow/example_dags/example_complex.py
[2025-02-22T17:15:55.177+0000] {processor.py:925} INFO - DAG(s) 'example_complex' retrieved from /home/airflow/.local/lib/python3.12/site-packages/airflow/example_dags/example_complex.py
[2025-02-22T17:15:55.192+0000] {logging_mixin.py:190} INFO - [2025-02-22T17:15:55.192+0000] {dag.py:3239} INFO - Sync 1 DAGs
[2025-02-22T17:15:55.198+0000] {logging_mixin.py:190} INFO - [2025-02-22T17:15:55.198+0000] {dag.py:4180} INFO - Setting next_dagrun for example_complex to None, run_after=None
[2025-02-22T17:15:55.206+0000] {processor.py:208} INFO - Processing /home/airflow/.local/lib/python3.12/site-packages/airflow/example_dags/example_complex.py took 0.040 seconds
[2025-02-22T17:16:25.360+0000] {processor.py:186} INFO - Started process (PID=130) to work on /home/airflow/.local/lib/python3.12/site-packages/airflow/example_dags/example_complex.py
[2025-02-22T17:16:25.363+0000] {processor.py:914} INFO - Processing file /home/airflow/.local/lib/python3.12/site-packages/airflow/example_dags/example_complex.py for tasks to queue
[2025-02-22T17:16:25.364+0000] {logging_mixin.py:190} INFO - [2025-02-22T17:16:25.364+0000] {dagbag.py:588} INFO - Filling up the DagBag from /home/airflow/.local/lib/python3.12/site-packages/airflow/example_dags/example_complex.py
[2025-02-22T17:16:25.368+0000] {processor.py:925} INFO - DAG(s) 'example_complex' retrieved from /home/airflow/.local/lib/python3.12/site-packages/airflow/example_dags/example_complex.py
[2025-02-22T17:16:25.381+0000] {logging_mixin.py:190} INFO - [2025-02-22T17:16:25.381+0000] {dag.py:3239} INFO - Sync 1 DAGs
[2025-02-22T17:16:25.388+0000] {logging_mixin.py:190} INFO - [2025-02-22T17:16:25.388+0000] {dag.py:4180} INFO - Setting next_dagrun for example_complex to None, run_after=None
[2025-02-22T17:16:25.397+0000] {processor.py:208} INFO - Processing /home/airflow/.local/lib/python3.12/site-packages/airflow/example_dags/example_complex.py took 0.039 seconds
[2025-02-22T17:16:55.602+0000] {processor.py:186} INFO - Started process (PID=193) to work on /home/airflow/.local/lib/python3.12/site-packages/airflow/example_dags/example_complex.py
[2025-02-22T17:16:55.603+0000] {processor.py:914} INFO - Processing file /home/airflow/.local/lib/python3.12/site-packages/airflow/example_dags/example_complex.py for tasks to queue
[2025-02-22T17:16:55.605+0000] {logging_mixin.py:190} INFO - [2025-02-22T17:16:55.604+0000] {dagbag.py:588} INFO - Filling up the DagBag from /home/airflow/.local/lib/python3.12/site-packages/airflow/example_dags/example_complex.py
[2025-02-22T17:16:55.610+0000] {processor.py:925} INFO - DAG(s) 'example_complex' retrieved from /home/airflow/.local/lib/python3.12/site-packages/airflow/example_dags/example_complex.py
[2025-02-22T17:16:55.621+0000] {logging_mixin.py:190} INFO - [2025-02-22T17:16:55.621+0000] {dag.py:3239} INFO - Sync 1 DAGs
[2025-02-22T17:16:55.626+0000] {logging_mixin.py:190} INFO - [2025-02-22T17:16:55.626+0000] {dag.py:4180} INFO - Setting next_dagrun for example_complex to None, run_after=None
[2025-02-22T17:16:55.632+0000] {processor.py:208} INFO - Processing /home/airflow/.local/lib/python3.12/site-packages/airflow/example_dags/example_complex.py took 0.032 seconds
[2025-02-22T17:17:26.778+0000] {processor.py:186} INFO - Started process (PID=256) to work on /home/airflow/.local/lib/python3.12/site-packages/airflow/example_dags/example_complex.py
[2025-02-22T17:17:26.778+0000] {processor.py:914} INFO - Processing file /home/airflow/.local/lib/python3.12/site-packages/airflow/example_dags/example_complex.py for tasks to queue
[2025-02-22T17:17:26.779+0000] {logging_mixin.py:190} INFO - [2025-02-22T17:17:26.779+0000] {dagbag.py:588} INFO - Filling up the DagBag from /home/airflow/.local/lib/python3.12/site-packages/airflow/example_dags/example_complex.py
[2025-02-22T17:17:26.783+0000] {processor.py:925} INFO - DAG(s) 'example_complex' retrieved from /home/airflow/.local/lib/python3.12/site-packages/airflow/example_dags/example_complex.py
[2025-02-22T17:17:26.794+0000] {logging_mixin.py:190} INFO - [2025-02-22T17:17:26.794+0000] {dag.py:3239} INFO - Sync 1 DAGs
[2025-02-22T17:17:26.800+0000] {logging_mixin.py:190} INFO - [2025-02-22T17:17:26.800+0000] {dag.py:4180} INFO - Setting next_dagrun for example_complex to None, run_after=None
[2025-02-22T17:17:26.806+0000] {processor.py:208} INFO - Processing /home/airflow/.local/lib/python3.12/site-packages/airflow/example_dags/example_complex.py took 0.030 seconds
[2025-02-22T17:17:56.966+0000] {processor.py:186} INFO - Started process (PID=318) to work on /home/airflow/.local/lib/python3.12/site-packages/airflow/example_dags/example_complex.py
[2025-02-22T17:17:56.966+0000] {processor.py:914} INFO - Processing file /home/airflow/.local/lib/python3.12/site-packages/airflow/example_dags/example_complex.py for tasks to queue
[2025-02-22T17:17:56.967+0000] {logging_mixin.py:190} INFO - [2025-02-22T17:17:56.967+0000] {dagbag.py:588} INFO - Filling up the DagBag from /home/airflow/.local/lib/python3.12/site-packages/airflow/example_dags/example_complex.py
[2025-02-22T17:17:56.971+0000] {processor.py:925} INFO - DAG(s) 'example_complex' retrieved from /home/airflow/.local/lib/python3.12/site-packages/airflow/example_dags/example_complex.py
[2025-02-22T17:17:56.981+0000] {logging_mixin.py:190} INFO - [2025-02-22T17:17:56.981+0000] {dag.py:3239} INFO - Sync 1 DAGs
[2025-02-22T17:17:56.986+0000] {logging_mixin.py:190} INFO - [2025-02-22T17:17:56.986+0000] {dag.py:4180} INFO - Setting next_dagrun for example_complex to None, run_after=None
[2025-02-22T17:17:56.991+0000] {processor.py:208} INFO - Processing /home/airflow/.local/lib/python3.12/site-packages/airflow/example_dags/example_complex.py took 0.028 seconds
[2025-02-22T17:18:27.064+0000] {processor.py:186} INFO - Started process (PID=381) to work on /home/airflow/.local/lib/python3.12/site-packages/airflow/example_dags/example_complex.py
[2025-02-22T17:18:27.068+0000] {processor.py:914} INFO - Processing file /home/airflow/.local/lib/python3.12/site-packages/airflow/example_dags/example_complex.py for tasks to queue
[2025-02-22T17:18:27.069+0000] {logging_mixin.py:190} INFO - [2025-02-22T17:18:27.069+0000] {dagbag.py:588} INFO - Filling up the DagBag from /home/airflow/.local/lib/python3.12/site-packages/airflow/example_dags/example_complex.py
[2025-02-22T17:18:27.074+0000] {processor.py:925} INFO - DAG(s) 'example_complex' retrieved from /home/airflow/.local/lib/python3.12/site-packages/airflow/example_dags/example_complex.py
[2025-02-22T17:18:27.085+0000] {logging_mixin.py:190} INFO - [2025-02-22T17:18:27.085+0000] {dag.py:3239} INFO - Sync 1 DAGs
[2025-02-22T17:18:27.091+0000] {logging_mixin.py:190} INFO - [2025-02-22T17:18:27.091+0000] {dag.py:4180} INFO - Setting next_dagrun for example_complex to None, run_after=None
[2025-02-22T17:18:27.098+0000] {processor.py:208} INFO - Processing /home/airflow/.local/lib/python3.12/site-packages/airflow/example_dags/example_complex.py took 0.036 seconds
[2025-02-22T17:18:57.132+0000] {processor.py:186} INFO - Started process (PID=443) to work on /home/airflow/.local/lib/python3.12/site-packages/airflow/example_dags/example_complex.py
[2025-02-22T17:18:57.132+0000] {processor.py:914} INFO - Processing file /home/airflow/.local/lib/python3.12/site-packages/airflow/example_dags/example_complex.py for tasks to queue
[2025-02-22T17:18:57.133+0000] {logging_mixin.py:190} INFO - [2025-02-22T17:18:57.133+0000] {dagbag.py:588} INFO - Filling up the DagBag from /home/airflow/.local/lib/python3.12/site-packages/airflow/example_dags/example_complex.py
[2025-02-22T17:18:57.138+0000] {processor.py:925} INFO - DAG(s) 'example_complex' retrieved from /home/airflow/.local/lib/python3.12/site-packages/airflow/example_dags/example_complex.py
[2025-02-22T17:18:57.150+0000] {logging_mixin.py:190} INFO - [2025-02-22T17:18:57.150+0000] {dag.py:3239} INFO - Sync 1 DAGs
[2025-02-22T17:18:57.156+0000] {logging_mixin.py:190} INFO - [2025-02-22T17:18:57.156+0000] {dag.py:4180} INFO - Setting next_dagrun for example_complex to None, run_after=None
[2025-02-22T17:18:57.164+0000] {processor.py:208} INFO - Processing /home/airflow/.local/lib/python3.12/site-packages/airflow/example_dags/example_complex.py took 0.035 seconds
[2025-02-22T17:19:27.219+0000] {processor.py:186} INFO - Started process (PID=506) to work on /home/airflow/.local/lib/python3.12/site-packages/airflow/example_dags/example_complex.py
[2025-02-22T17:19:27.220+0000] {processor.py:914} INFO - Processing file /home/airflow/.local/lib/python3.12/site-packages/airflow/example_dags/example_complex.py for tasks to queue
[2025-02-22T17:19:27.221+0000] {logging_mixin.py:190} INFO - [2025-02-22T17:19:27.220+0000] {dagbag.py:588} INFO - Filling up the DagBag from /home/airflow/.local/lib/python3.12/site-packages/airflow/example_dags/example_complex.py
[2025-02-22T17:19:27.225+0000] {processor.py:925} INFO - DAG(s) 'example_complex' retrieved from /home/airflow/.local/lib/python3.12/site-packages/airflow/example_dags/example_complex.py
[2025-02-22T17:19:27.239+0000] {logging_mixin.py:190} INFO - [2025-02-22T17:19:27.239+0000] {dag.py:3239} INFO - Sync 1 DAGs
[2025-02-22T17:19:27.244+0000] {logging_mixin.py:190} INFO - [2025-02-22T17:19:27.243+0000] {dag.py:4180} INFO - Setting next_dagrun for example_complex to None, run_after=None
[2025-02-22T17:19:27.250+0000] {processor.py:208} INFO - Processing /home/airflow/.local/lib/python3.12/site-packages/airflow/example_dags/example_complex.py took 0.033 seconds
[2025-02-22T17:19:57.385+0000] {processor.py:186} INFO - Started process (PID=569) to work on /home/airflow/.local/lib/python3.12/site-packages/airflow/example_dags/example_complex.py
[2025-02-22T17:19:57.386+0000] {processor.py:914} INFO - Processing file /home/airflow/.local/lib/python3.12/site-packages/airflow/example_dags/example_complex.py for tasks to queue
[2025-02-22T17:19:57.387+0000] {logging_mixin.py:190} INFO - [2025-02-22T17:19:57.386+0000] {dagbag.py:588} INFO - Filling up the DagBag from /home/airflow/.local/lib/python3.12/site-packages/airflow/example_dags/example_complex.py
[2025-02-22T17:19:57.391+0000] {processor.py:925} INFO - DAG(s) 'example_complex' retrieved from /home/airflow/.local/lib/python3.12/site-packages/airflow/example_dags/example_complex.py
[2025-02-22T17:19:57.401+0000] {logging_mixin.py:190} INFO - [2025-02-22T17:19:57.401+0000] {dag.py:3239} INFO - Sync 1 DAGs
[2025-02-22T17:19:57.405+0000] {logging_mixin.py:190} INFO - [2025-02-22T17:19:57.405+0000] {dag.py:4180} INFO - Setting next_dagrun for example_complex to None, run_after=None
[2025-02-22T17:19:57.411+0000] {processor.py:208} INFO - Processing /home/airflow/.local/lib/python3.12/site-packages/airflow/example_dags/example_complex.py took 0.027 seconds
[2025-02-22T17:20:27.506+0000] {processor.py:186} INFO - Started process (PID=632) to work on /home/airflow/.local/lib/python3.12/site-packages/airflow/example_dags/example_complex.py
[2025-02-22T17:20:27.506+0000] {processor.py:914} INFO - Processing file /home/airflow/.local/lib/python3.12/site-packages/airflow/example_dags/example_complex.py for tasks to queue
[2025-02-22T17:20:27.507+0000] {logging_mixin.py:190} INFO - [2025-02-22T17:20:27.507+0000] {dagbag.py:588} INFO - Filling up the DagBag from /home/airflow/.local/lib/python3.12/site-packages/airflow/example_dags/example_complex.py
[2025-02-22T17:20:27.511+0000] {processor.py:925} INFO - DAG(s) 'example_complex' retrieved from /home/airflow/.local/lib/python3.12/site-packages/airflow/example_dags/example_complex.py
[2025-02-22T17:20:27.523+0000] {logging_mixin.py:190} INFO - [2025-02-22T17:20:27.523+0000] {dag.py:3239} INFO - Sync 1 DAGs
[2025-02-22T17:20:27.528+0000] {logging_mixin.py:190} INFO - [2025-02-22T17:20:27.528+0000] {dag.py:4180} INFO - Setting next_dagrun for example_complex to None, run_after=None
[2025-02-22T17:20:27.536+0000] {processor.py:208} INFO - Processing /home/airflow/.local/lib/python3.12/site-packages/airflow/example_dags/example_complex.py took 0.032 seconds
[2025-02-22T17:20:57.651+0000] {processor.py:186} INFO - Started process (PID=694) to work on /home/airflow/.local/lib/python3.12/site-packages/airflow/example_dags/example_complex.py
[2025-02-22T17:20:57.651+0000] {processor.py:914} INFO - Processing file /home/airflow/.local/lib/python3.12/site-packages/airflow/example_dags/example_complex.py for tasks to queue
[2025-02-22T17:20:57.652+0000] {logging_mixin.py:190} INFO - [2025-02-22T17:20:57.652+0000] {dagbag.py:588} INFO - Filling up the DagBag from /home/airflow/.local/lib/python3.12/site-packages/airflow/example_dags/example_complex.py
[2025-02-22T17:20:57.657+0000] {processor.py:925} INFO - DAG(s) 'example_complex' retrieved from /home/airflow/.local/lib/python3.12/site-packages/airflow/example_dags/example_complex.py
[2025-02-22T17:20:57.667+0000] {logging_mixin.py:190} INFO - [2025-02-22T17:20:57.667+0000] {dag.py:3239} INFO - Sync 1 DAGs
[2025-02-22T17:20:57.673+0000] {logging_mixin.py:190} INFO - [2025-02-22T17:20:57.673+0000] {dag.py:4180} INFO - Setting next_dagrun for example_complex to None, run_after=None
[2025-02-22T17:20:57.684+0000] {processor.py:208} INFO - Processing /home/airflow/.local/lib/python3.12/site-packages/airflow/example_dags/example_complex.py took 0.035 seconds
[2025-02-22T17:21:27.854+0000] {processor.py:186} INFO - Started process (PID=757) to work on /home/airflow/.local/lib/python3.12/site-packages/airflow/example_dags/example_complex.py
[2025-02-22T17:21:27.857+0000] {processor.py:914} INFO - Processing file /home/airflow/.local/lib/python3.12/site-packages/airflow/example_dags/example_complex.py for tasks to queue
[2025-02-22T17:21:27.858+0000] {logging_mixin.py:190} INFO - [2025-02-22T17:21:27.858+0000] {dagbag.py:588} INFO - Filling up the DagBag from /home/airflow/.local/lib/python3.12/site-packages/airflow/example_dags/example_complex.py
[2025-02-22T17:21:27.862+0000] {processor.py:925} INFO - DAG(s) 'example_complex' retrieved from /home/airflow/.local/lib/python3.12/site-packages/airflow/example_dags/example_complex.py
[2025-02-22T17:21:27.874+0000] {logging_mixin.py:190} INFO - [2025-02-22T17:21:27.874+0000] {dag.py:3239} INFO - Sync 1 DAGs
[2025-02-22T17:21:27.879+0000] {logging_mixin.py:190} INFO - [2025-02-22T17:21:27.879+0000] {dag.py:4180} INFO - Setting next_dagrun for example_complex to None, run_after=None
[2025-02-22T17:21:27.887+0000] {processor.py:208} INFO - Processing /home/airflow/.local/lib/python3.12/site-packages/airflow/example_dags/example_complex.py took 0.035 seconds
[2025-02-22T17:21:58.128+0000] {processor.py:186} INFO - Started process (PID=820) to work on /home/airflow/.local/lib/python3.12/site-packages/airflow/example_dags/example_complex.py
[2025-02-22T17:21:58.128+0000] {processor.py:914} INFO - Processing file /home/airflow/.local/lib/python3.12/site-packages/airflow/example_dags/example_complex.py for tasks to queue
[2025-02-22T17:21:58.129+0000] {logging_mixin.py:190} INFO - [2025-02-22T17:21:58.129+0000] {dagbag.py:588} INFO - Filling up the DagBag from /home/airflow/.local/lib/python3.12/site-packages/airflow/example_dags/example_complex.py
[2025-02-22T17:21:58.133+0000] {processor.py:925} INFO - DAG(s) 'example_complex' retrieved from /home/airflow/.local/lib/python3.12/site-packages/airflow/example_dags/example_complex.py
[2025-02-22T17:21:58.143+0000] {logging_mixin.py:190} INFO - [2025-02-22T17:21:58.143+0000] {dag.py:3239} INFO - Sync 1 DAGs
[2025-02-22T17:21:58.147+0000] {logging_mixin.py:190} INFO - [2025-02-22T17:21:58.147+0000] {dag.py:4180} INFO - Setting next_dagrun for example_complex to None, run_after=None
[2025-02-22T17:21:58.152+0000] {processor.py:208} INFO - Processing /home/airflow/.local/lib/python3.12/site-packages/airflow/example_dags/example_complex.py took 0.027 seconds
[2025-02-22T17:22:28.357+0000] {processor.py:186} INFO - Started process (PID=883) to work on /home/airflow/.local/lib/python3.12/site-packages/airflow/example_dags/example_complex.py
[2025-02-22T17:22:28.357+0000] {processor.py:914} INFO - Processing file /home/airflow/.local/lib/python3.12/site-packages/airflow/example_dags/example_complex.py for tasks to queue
[2025-02-22T17:22:28.358+0000] {logging_mixin.py:190} INFO - [2025-02-22T17:22:28.358+0000] {dagbag.py:588} INFO - Filling up the DagBag from /home/airflow/.local/lib/python3.12/site-packages/airflow/example_dags/example_complex.py
[2025-02-22T17:22:28.363+0000] {processor.py:925} INFO - DAG(s) 'example_complex' retrieved from /home/airflow/.local/lib/python3.12/site-packages/airflow/example_dags/example_complex.py
[2025-02-22T17:22:28.375+0000] {logging_mixin.py:190} INFO - [2025-02-22T17:22:28.375+0000] {dag.py:3239} INFO - Sync 1 DAGs
[2025-02-22T17:22:28.381+0000] {logging_mixin.py:190} INFO - [2025-02-22T17:22:28.380+0000] {dag.py:4180} INFO - Setting next_dagrun for example_complex to None, run_after=None
[2025-02-22T17:22:28.389+0000] {processor.py:208} INFO - Processing /home/airflow/.local/lib/python3.12/site-packages/airflow/example_dags/example_complex.py took 0.034 seconds
[2025-02-22T17:22:58.572+0000] {processor.py:186} INFO - Started process (PID=946) to work on /home/airflow/.local/lib/python3.12/site-packages/airflow/example_dags/example_complex.py
[2025-02-22T17:22:58.572+0000] {processor.py:914} INFO - Processing file /home/airflow/.local/lib/python3.12/site-packages/airflow/example_dags/example_complex.py for tasks to queue
[2025-02-22T17:22:58.573+0000] {logging_mixin.py:190} INFO - [2025-02-22T17:22:58.573+0000] {dagbag.py:588} INFO - Filling up the DagBag from /home/airflow/.local/lib/python3.12/site-packages/airflow/example_dags/example_complex.py
[2025-02-22T17:22:58.578+0000] {processor.py:925} INFO - DAG(s) 'example_complex' retrieved from /home/airflow/.local/lib/python3.12/site-packages/airflow/example_dags/example_complex.py
[2025-02-22T17:22:58.592+0000] {logging_mixin.py:190} INFO - [2025-02-22T17:22:58.592+0000] {dag.py:3239} INFO - Sync 1 DAGs
[2025-02-22T17:22:58.598+0000] {logging_mixin.py:190} INFO - [2025-02-22T17:22:58.598+0000] {dag.py:4180} INFO - Setting next_dagrun for example_complex to None, run_after=None
[2025-02-22T17:22:58.608+0000] {processor.py:208} INFO - Processing /home/airflow/.local/lib/python3.12/site-packages/airflow/example_dags/example_complex.py took 0.039 seconds
[2025-02-22T17:23:28.806+0000] {processor.py:186} INFO - Started process (PID=1015) to work on /home/airflow/.local/lib/python3.12/site-packages/airflow/example_dags/example_complex.py
[2025-02-22T17:23:28.807+0000] {processor.py:914} INFO - Processing file /home/airflow/.local/lib/python3.12/site-packages/airflow/example_dags/example_complex.py for tasks to queue
[2025-02-22T17:23:28.808+0000] {logging_mixin.py:190} INFO - [2025-02-22T17:23:28.808+0000] {dagbag.py:588} INFO - Filling up the DagBag from /home/airflow/.local/lib/python3.12/site-packages/airflow/example_dags/example_complex.py
[2025-02-22T17:23:28.812+0000] {processor.py:925} INFO - DAG(s) 'example_complex' retrieved from /home/airflow/.local/lib/python3.12/site-packages/airflow/example_dags/example_complex.py
[2025-02-22T17:23:28.822+0000] {logging_mixin.py:190} INFO - [2025-02-22T17:23:28.822+0000] {dag.py:3239} INFO - Sync 1 DAGs
[2025-02-22T17:23:28.827+0000] {logging_mixin.py:190} INFO - [2025-02-22T17:23:28.827+0000] {dag.py:4180} INFO - Setting next_dagrun for example_complex to None, run_after=None
[2025-02-22T17:23:28.832+0000] {processor.py:208} INFO - Processing /home/airflow/.local/lib/python3.12/site-packages/airflow/example_dags/example_complex.py took 0.028 seconds
[2025-02-22T17:23:59.058+0000] {processor.py:186} INFO - Started process (PID=1078) to work on /home/airflow/.local/lib/python3.12/site-packages/airflow/example_dags/example_complex.py
[2025-02-22T17:23:59.059+0000] {processor.py:914} INFO - Processing file /home/airflow/.local/lib/python3.12/site-packages/airflow/example_dags/example_complex.py for tasks to queue
[2025-02-22T17:23:59.060+0000] {logging_mixin.py:190} INFO - [2025-02-22T17:23:59.060+0000] {dagbag.py:588} INFO - Filling up the DagBag from /home/airflow/.local/lib/python3.12/site-packages/airflow/example_dags/example_complex.py
[2025-02-22T17:23:59.065+0000] {processor.py:925} INFO - DAG(s) 'example_complex' retrieved from /home/airflow/.local/lib/python3.12/site-packages/airflow/example_dags/example_complex.py
[2025-02-22T17:23:59.077+0000] {logging_mixin.py:190} INFO - [2025-02-22T17:23:59.077+0000] {dag.py:3239} INFO - Sync 1 DAGs
[2025-02-22T17:23:59.082+0000] {logging_mixin.py:190} INFO - [2025-02-22T17:23:59.082+0000] {dag.py:4180} INFO - Setting next_dagrun for example_complex to None, run_after=None
[2025-02-22T17:23:59.092+0000] {processor.py:208} INFO - Processing /home/airflow/.local/lib/python3.12/site-packages/airflow/example_dags/example_complex.py took 0.036 seconds
[2025-02-22T17:24:29.267+0000] {processor.py:186} INFO - Started process (PID=1140) to work on /home/airflow/.local/lib/python3.12/site-packages/airflow/example_dags/example_complex.py
[2025-02-22T17:24:29.268+0000] {processor.py:914} INFO - Processing file /home/airflow/.local/lib/python3.12/site-packages/airflow/example_dags/example_complex.py for tasks to queue
[2025-02-22T17:24:29.270+0000] {logging_mixin.py:190} INFO - [2025-02-22T17:24:29.270+0000] {dagbag.py:588} INFO - Filling up the DagBag from /home/airflow/.local/lib/python3.12/site-packages/airflow/example_dags/example_complex.py
[2025-02-22T17:24:29.275+0000] {processor.py:925} INFO - DAG(s) 'example_complex' retrieved from /home/airflow/.local/lib/python3.12/site-packages/airflow/example_dags/example_complex.py
[2025-02-22T17:24:29.287+0000] {logging_mixin.py:190} INFO - [2025-02-22T17:24:29.287+0000] {dag.py:3239} INFO - Sync 1 DAGs
[2025-02-22T17:24:29.292+0000] {logging_mixin.py:190} INFO - [2025-02-22T17:24:29.292+0000] {dag.py:4180} INFO - Setting next_dagrun for example_complex to None, run_after=None
[2025-02-22T17:24:29.301+0000] {processor.py:208} INFO - Processing /home/airflow/.local/lib/python3.12/site-packages/airflow/example_dags/example_complex.py took 0.037 seconds
[2025-02-22T17:24:59.507+0000] {processor.py:186} INFO - Started process (PID=1203) to work on /home/airflow/.local/lib/python3.12/site-packages/airflow/example_dags/example_complex.py
[2025-02-22T17:24:59.507+0000] {processor.py:914} INFO - Processing file /home/airflow/.local/lib/python3.12/site-packages/airflow/example_dags/example_complex.py for tasks to queue
[2025-02-22T17:24:59.508+0000] {logging_mixin.py:190} INFO - [2025-02-22T17:24:59.508+0000] {dagbag.py:588} INFO - Filling up the DagBag from /home/airflow/.local/lib/python3.12/site-packages/airflow/example_dags/example_complex.py
[2025-02-22T17:24:59.513+0000] {processor.py:925} INFO - DAG(s) 'example_complex' retrieved from /home/airflow/.local/lib/python3.12/site-packages/airflow/example_dags/example_complex.py
[2025-02-22T17:24:59.524+0000] {logging_mixin.py:190} INFO - [2025-02-22T17:24:59.524+0000] {dag.py:3239} INFO - Sync 1 DAGs
[2025-02-22T17:24:59.529+0000] {logging_mixin.py:190} INFO - [2025-02-22T17:24:59.529+0000] {dag.py:4180} INFO - Setting next_dagrun for example_complex to None, run_after=None
[2025-02-22T17:24:59.536+0000] {processor.py:208} INFO - Processing /home/airflow/.local/lib/python3.12/site-packages/airflow/example_dags/example_complex.py took 0.031 seconds
[2025-02-22T17:25:29.807+0000] {processor.py:186} INFO - Started process (PID=1266) to work on /home/airflow/.local/lib/python3.12/site-packages/airflow/example_dags/example_complex.py
[2025-02-22T17:25:29.807+0000] {processor.py:914} INFO - Processing file /home/airflow/.local/lib/python3.12/site-packages/airflow/example_dags/example_complex.py for tasks to queue
[2025-02-22T17:25:29.808+0000] {logging_mixin.py:190} INFO - [2025-02-22T17:25:29.808+0000] {dagbag.py:588} INFO - Filling up the DagBag from /home/airflow/.local/lib/python3.12/site-packages/airflow/example_dags/example_complex.py
[2025-02-22T17:25:29.812+0000] {processor.py:925} INFO - DAG(s) 'example_complex' retrieved from /home/airflow/.local/lib/python3.12/site-packages/airflow/example_dags/example_complex.py
[2025-02-22T17:25:29.824+0000] {logging_mixin.py:190} INFO - [2025-02-22T17:25:29.824+0000] {dag.py:3239} INFO - Sync 1 DAGs
[2025-02-22T17:25:29.832+0000] {logging_mixin.py:190} INFO - [2025-02-22T17:25:29.832+0000] {dag.py:4180} INFO - Setting next_dagrun for example_complex to None, run_after=None
[2025-02-22T17:25:29.839+0000] {processor.py:208} INFO - Processing /home/airflow/.local/lib/python3.12/site-packages/airflow/example_dags/example_complex.py took 0.034 seconds
[2025-02-22T17:26:00.066+0000] {processor.py:186} INFO - Started process (PID=1329) to work on /home/airflow/.local/lib/python3.12/site-packages/airflow/example_dags/example_complex.py
[2025-02-22T17:26:00.069+0000] {processor.py:914} INFO - Processing file /home/airflow/.local/lib/python3.12/site-packages/airflow/example_dags/example_complex.py for tasks to queue
[2025-02-22T17:26:00.070+0000] {logging_mixin.py:190} INFO - [2025-02-22T17:26:00.070+0000] {dagbag.py:588} INFO - Filling up the DagBag from /home/airflow/.local/lib/python3.12/site-packages/airflow/example_dags/example_complex.py
[2025-02-22T17:26:00.075+0000] {processor.py:925} INFO - DAG(s) 'example_complex' retrieved from /home/airflow/.local/lib/python3.12/site-packages/airflow/example_dags/example_complex.py
[2025-02-22T17:26:00.086+0000] {logging_mixin.py:190} INFO - [2025-02-22T17:26:00.086+0000] {dag.py:3239} INFO - Sync 1 DAGs
[2025-02-22T17:26:00.091+0000] {logging_mixin.py:190} INFO - [2025-02-22T17:26:00.091+0000] {dag.py:4180} INFO - Setting next_dagrun for example_complex to None, run_after=None
[2025-02-22T17:26:00.099+0000] {processor.py:208} INFO - Processing /home/airflow/.local/lib/python3.12/site-packages/airflow/example_dags/example_complex.py took 0.035 seconds
[2025-02-22T17:26:30.210+0000] {processor.py:186} INFO - Started process (PID=1392) to work on /home/airflow/.local/lib/python3.12/site-packages/airflow/example_dags/example_complex.py
[2025-02-22T17:26:30.212+0000] {processor.py:914} INFO - Processing file /home/airflow/.local/lib/python3.12/site-packages/airflow/example_dags/example_complex.py for tasks to queue
[2025-02-22T17:26:30.213+0000] {logging_mixin.py:190} INFO - [2025-02-22T17:26:30.213+0000] {dagbag.py:588} INFO - Filling up the DagBag from /home/airflow/.local/lib/python3.12/site-packages/airflow/example_dags/example_complex.py
[2025-02-22T17:26:30.218+0000] {processor.py:925} INFO - DAG(s) 'example_complex' retrieved from /home/airflow/.local/lib/python3.12/site-packages/airflow/example_dags/example_complex.py
[2025-02-22T17:26:30.229+0000] {logging_mixin.py:190} INFO - [2025-02-22T17:26:30.229+0000] {dag.py:3239} INFO - Sync 1 DAGs
[2025-02-22T17:26:30.235+0000] {logging_mixin.py:190} INFO - [2025-02-22T17:26:30.235+0000] {dag.py:4180} INFO - Setting next_dagrun for example_complex to None, run_after=None
[2025-02-22T17:26:30.243+0000] {processor.py:208} INFO - Processing /home/airflow/.local/lib/python3.12/site-packages/airflow/example_dags/example_complex.py took 0.034 seconds
