[2025-02-22T17:05:25.755+0000] {processor.py:186} INFO - Started process (PID=56) to work on /home/airflow/.local/lib/python3.12/site-packages/airflow/example_dags/example_task_group.py
[2025-02-22T17:05:25.756+0000] {processor.py:914} INFO - Processing file /home/airflow/.local/lib/python3.12/site-packages/airflow/example_dags/example_task_group.py for tasks to queue
[2025-02-22T17:05:25.757+0000] {logging_mixin.py:190} INFO - [2025-02-22T17:05:25.757+0000] {dagbag.py:588} INFO - Filling up the DagBag from /home/airflow/.local/lib/python3.12/site-packages/airflow/example_dags/example_task_group.py
[2025-02-22T17:05:25.762+0000] {processor.py:925} INFO - DAG(s) 'example_task_group' retrieved from /home/airflow/.local/lib/python3.12/site-packages/airflow/example_dags/example_task_group.py
[2025-02-22T17:05:25.812+0000] {logging_mixin.py:190} INFO - [2025-02-22T17:05:25.811+0000] {override.py:1912} INFO - Created Permission View: can edit on DAG:example_task_group
[2025-02-22T17:05:25.817+0000] {logging_mixin.py:190} INFO - [2025-02-22T17:05:25.817+0000] {override.py:1912} INFO - Created Permission View: can delete on DAG:example_task_group
[2025-02-22T17:05:25.819+0000] {logging_mixin.py:190} INFO - [2025-02-22T17:05:25.819+0000] {override.py:1912} INFO - Created Permission View: can read on DAG:example_task_group
[2025-02-22T17:05:25.822+0000] {logging_mixin.py:190} INFO - [2025-02-22T17:05:25.822+0000] {override.py:1912} INFO - Created Permission View: menu access on DAG Run:example_task_group
[2025-02-22T17:05:25.825+0000] {logging_mixin.py:190} INFO - [2025-02-22T17:05:25.824+0000] {override.py:1912} INFO - Created Permission View: can create on DAG Run:example_task_group
[2025-02-22T17:05:25.827+0000] {logging_mixin.py:190} INFO - [2025-02-22T17:05:25.827+0000] {override.py:1912} INFO - Created Permission View: can delete on DAG Run:example_task_group
[2025-02-22T17:05:25.830+0000] {logging_mixin.py:190} INFO - [2025-02-22T17:05:25.829+0000] {override.py:1912} INFO - Created Permission View: can read on DAG Run:example_task_group
[2025-02-22T17:05:25.830+0000] {logging_mixin.py:190} INFO - [2025-02-22T17:05:25.830+0000] {dag.py:3239} INFO - Sync 1 DAGs
[2025-02-22T17:05:25.836+0000] {logging_mixin.py:190} INFO - [2025-02-22T17:05:25.835+0000] {dag.py:3262} INFO - Creating ORM DAG for example_task_group
[2025-02-22T17:05:25.836+0000] {logging_mixin.py:190} INFO - [2025-02-22T17:05:25.836+0000] {dag.py:4180} INFO - Setting next_dagrun for example_task_group to None, run_after=None
[2025-02-22T17:05:25.843+0000] {processor.py:208} INFO - Processing /home/airflow/.local/lib/python3.12/site-packages/airflow/example_dags/example_task_group.py took 0.091 seconds
[2025-02-22T17:05:56.061+0000] {processor.py:186} INFO - Started process (PID=118) to work on /home/airflow/.local/lib/python3.12/site-packages/airflow/example_dags/example_task_group.py
[2025-02-22T17:05:56.062+0000] {processor.py:914} INFO - Processing file /home/airflow/.local/lib/python3.12/site-packages/airflow/example_dags/example_task_group.py for tasks to queue
[2025-02-22T17:05:56.063+0000] {logging_mixin.py:190} INFO - [2025-02-22T17:05:56.063+0000] {dagbag.py:588} INFO - Filling up the DagBag from /home/airflow/.local/lib/python3.12/site-packages/airflow/example_dags/example_task_group.py
[2025-02-22T17:05:56.067+0000] {processor.py:925} INFO - DAG(s) 'example_task_group' retrieved from /home/airflow/.local/lib/python3.12/site-packages/airflow/example_dags/example_task_group.py
[2025-02-22T17:05:56.078+0000] {logging_mixin.py:190} INFO - [2025-02-22T17:05:56.078+0000] {dag.py:3239} INFO - Sync 1 DAGs
[2025-02-22T17:05:56.083+0000] {logging_mixin.py:190} INFO - [2025-02-22T17:05:56.083+0000] {dag.py:4180} INFO - Setting next_dagrun for example_task_group to None, run_after=None
[2025-02-22T17:05:56.091+0000] {processor.py:208} INFO - Processing /home/airflow/.local/lib/python3.12/site-packages/airflow/example_dags/example_task_group.py took 0.032 seconds
[2025-02-22T17:06:26.155+0000] {processor.py:186} INFO - Started process (PID=181) to work on /home/airflow/.local/lib/python3.12/site-packages/airflow/example_dags/example_task_group.py
[2025-02-22T17:06:26.155+0000] {processor.py:914} INFO - Processing file /home/airflow/.local/lib/python3.12/site-packages/airflow/example_dags/example_task_group.py for tasks to queue
[2025-02-22T17:06:26.156+0000] {logging_mixin.py:190} INFO - [2025-02-22T17:06:26.156+0000] {dagbag.py:588} INFO - Filling up the DagBag from /home/airflow/.local/lib/python3.12/site-packages/airflow/example_dags/example_task_group.py
[2025-02-22T17:06:26.160+0000] {processor.py:925} INFO - DAG(s) 'example_task_group' retrieved from /home/airflow/.local/lib/python3.12/site-packages/airflow/example_dags/example_task_group.py
[2025-02-22T17:06:26.170+0000] {logging_mixin.py:190} INFO - [2025-02-22T17:06:26.169+0000] {dag.py:3239} INFO - Sync 1 DAGs
[2025-02-22T17:06:26.175+0000] {logging_mixin.py:190} INFO - [2025-02-22T17:06:26.175+0000] {dag.py:4180} INFO - Setting next_dagrun for example_task_group to None, run_after=None
[2025-02-22T17:06:26.182+0000] {processor.py:208} INFO - Processing /home/airflow/.local/lib/python3.12/site-packages/airflow/example_dags/example_task_group.py took 0.030 seconds
[2025-02-22T17:06:56.337+0000] {processor.py:186} INFO - Started process (PID=243) to work on /home/airflow/.local/lib/python3.12/site-packages/airflow/example_dags/example_task_group.py
[2025-02-22T17:06:56.338+0000] {processor.py:914} INFO - Processing file /home/airflow/.local/lib/python3.12/site-packages/airflow/example_dags/example_task_group.py for tasks to queue
[2025-02-22T17:06:56.339+0000] {logging_mixin.py:190} INFO - [2025-02-22T17:06:56.339+0000] {dagbag.py:588} INFO - Filling up the DagBag from /home/airflow/.local/lib/python3.12/site-packages/airflow/example_dags/example_task_group.py
[2025-02-22T17:06:56.343+0000] {processor.py:925} INFO - DAG(s) 'example_task_group' retrieved from /home/airflow/.local/lib/python3.12/site-packages/airflow/example_dags/example_task_group.py
[2025-02-22T17:06:56.352+0000] {logging_mixin.py:190} INFO - [2025-02-22T17:06:56.352+0000] {dag.py:3239} INFO - Sync 1 DAGs
[2025-02-22T17:06:56.357+0000] {logging_mixin.py:190} INFO - [2025-02-22T17:06:56.357+0000] {dag.py:4180} INFO - Setting next_dagrun for example_task_group to None, run_after=None
[2025-02-22T17:06:56.363+0000] {processor.py:208} INFO - Processing /home/airflow/.local/lib/python3.12/site-packages/airflow/example_dags/example_task_group.py took 0.028 seconds
[2025-02-22T17:07:26.412+0000] {processor.py:186} INFO - Started process (PID=306) to work on /home/airflow/.local/lib/python3.12/site-packages/airflow/example_dags/example_task_group.py
[2025-02-22T17:07:26.412+0000] {processor.py:914} INFO - Processing file /home/airflow/.local/lib/python3.12/site-packages/airflow/example_dags/example_task_group.py for tasks to queue
[2025-02-22T17:07:26.413+0000] {logging_mixin.py:190} INFO - [2025-02-22T17:07:26.413+0000] {dagbag.py:588} INFO - Filling up the DagBag from /home/airflow/.local/lib/python3.12/site-packages/airflow/example_dags/example_task_group.py
[2025-02-22T17:07:26.417+0000] {processor.py:925} INFO - DAG(s) 'example_task_group' retrieved from /home/airflow/.local/lib/python3.12/site-packages/airflow/example_dags/example_task_group.py
[2025-02-22T17:07:26.428+0000] {logging_mixin.py:190} INFO - [2025-02-22T17:07:26.428+0000] {dag.py:3239} INFO - Sync 1 DAGs
[2025-02-22T17:07:26.433+0000] {logging_mixin.py:190} INFO - [2025-02-22T17:07:26.433+0000] {dag.py:4180} INFO - Setting next_dagrun for example_task_group to None, run_after=None
[2025-02-22T17:07:26.440+0000] {processor.py:208} INFO - Processing /home/airflow/.local/lib/python3.12/site-packages/airflow/example_dags/example_task_group.py took 0.031 seconds
[2025-02-22T17:07:56.506+0000] {processor.py:186} INFO - Started process (PID=368) to work on /home/airflow/.local/lib/python3.12/site-packages/airflow/example_dags/example_task_group.py
[2025-02-22T17:07:56.507+0000] {processor.py:914} INFO - Processing file /home/airflow/.local/lib/python3.12/site-packages/airflow/example_dags/example_task_group.py for tasks to queue
[2025-02-22T17:07:56.508+0000] {logging_mixin.py:190} INFO - [2025-02-22T17:07:56.508+0000] {dagbag.py:588} INFO - Filling up the DagBag from /home/airflow/.local/lib/python3.12/site-packages/airflow/example_dags/example_task_group.py
[2025-02-22T17:07:56.512+0000] {processor.py:925} INFO - DAG(s) 'example_task_group' retrieved from /home/airflow/.local/lib/python3.12/site-packages/airflow/example_dags/example_task_group.py
[2025-02-22T17:07:56.522+0000] {logging_mixin.py:190} INFO - [2025-02-22T17:07:56.521+0000] {dag.py:3239} INFO - Sync 1 DAGs
[2025-02-22T17:07:56.526+0000] {logging_mixin.py:190} INFO - [2025-02-22T17:07:56.526+0000] {dag.py:4180} INFO - Setting next_dagrun for example_task_group to None, run_after=None
[2025-02-22T17:07:56.532+0000] {processor.py:208} INFO - Processing /home/airflow/.local/lib/python3.12/site-packages/airflow/example_dags/example_task_group.py took 0.028 seconds
[2025-02-22T17:08:27.548+0000] {processor.py:186} INFO - Started process (PID=431) to work on /home/airflow/.local/lib/python3.12/site-packages/airflow/example_dags/example_task_group.py
[2025-02-22T17:08:27.548+0000] {processor.py:914} INFO - Processing file /home/airflow/.local/lib/python3.12/site-packages/airflow/example_dags/example_task_group.py for tasks to queue
[2025-02-22T17:08:27.551+0000] {logging_mixin.py:190} INFO - [2025-02-22T17:08:27.551+0000] {dagbag.py:588} INFO - Filling up the DagBag from /home/airflow/.local/lib/python3.12/site-packages/airflow/example_dags/example_task_group.py
[2025-02-22T17:08:27.555+0000] {processor.py:925} INFO - DAG(s) 'example_task_group' retrieved from /home/airflow/.local/lib/python3.12/site-packages/airflow/example_dags/example_task_group.py
[2025-02-22T17:08:27.564+0000] {logging_mixin.py:190} INFO - [2025-02-22T17:08:27.564+0000] {dag.py:3239} INFO - Sync 1 DAGs
[2025-02-22T17:08:27.569+0000] {logging_mixin.py:190} INFO - [2025-02-22T17:08:27.569+0000] {dag.py:4180} INFO - Setting next_dagrun for example_task_group to None, run_after=None
[2025-02-22T17:08:27.576+0000] {processor.py:208} INFO - Processing /home/airflow/.local/lib/python3.12/site-packages/airflow/example_dags/example_task_group.py took 0.030 seconds
[2025-02-22T17:08:58.594+0000] {processor.py:186} INFO - Started process (PID=494) to work on /home/airflow/.local/lib/python3.12/site-packages/airflow/example_dags/example_task_group.py
[2025-02-22T17:08:58.595+0000] {processor.py:914} INFO - Processing file /home/airflow/.local/lib/python3.12/site-packages/airflow/example_dags/example_task_group.py for tasks to queue
[2025-02-22T17:08:58.596+0000] {logging_mixin.py:190} INFO - [2025-02-22T17:08:58.596+0000] {dagbag.py:588} INFO - Filling up the DagBag from /home/airflow/.local/lib/python3.12/site-packages/airflow/example_dags/example_task_group.py
[2025-02-22T17:08:58.600+0000] {processor.py:925} INFO - DAG(s) 'example_task_group' retrieved from /home/airflow/.local/lib/python3.12/site-packages/airflow/example_dags/example_task_group.py
[2025-02-22T17:08:58.609+0000] {logging_mixin.py:190} INFO - [2025-02-22T17:08:58.608+0000] {dag.py:3239} INFO - Sync 1 DAGs
[2025-02-22T17:08:58.614+0000] {logging_mixin.py:190} INFO - [2025-02-22T17:08:58.614+0000] {dag.py:4180} INFO - Setting next_dagrun for example_task_group to None, run_after=None
[2025-02-22T17:08:58.620+0000] {processor.py:208} INFO - Processing /home/airflow/.local/lib/python3.12/site-packages/airflow/example_dags/example_task_group.py took 0.028 seconds
[2025-02-22T17:09:29.612+0000] {processor.py:186} INFO - Started process (PID=557) to work on /home/airflow/.local/lib/python3.12/site-packages/airflow/example_dags/example_task_group.py
[2025-02-22T17:09:29.614+0000] {processor.py:914} INFO - Processing file /home/airflow/.local/lib/python3.12/site-packages/airflow/example_dags/example_task_group.py for tasks to queue
[2025-02-22T17:09:29.615+0000] {logging_mixin.py:190} INFO - [2025-02-22T17:09:29.614+0000] {dagbag.py:588} INFO - Filling up the DagBag from /home/airflow/.local/lib/python3.12/site-packages/airflow/example_dags/example_task_group.py
[2025-02-22T17:09:29.619+0000] {processor.py:925} INFO - DAG(s) 'example_task_group' retrieved from /home/airflow/.local/lib/python3.12/site-packages/airflow/example_dags/example_task_group.py
[2025-02-22T17:09:29.628+0000] {logging_mixin.py:190} INFO - [2025-02-22T17:09:29.627+0000] {dag.py:3239} INFO - Sync 1 DAGs
[2025-02-22T17:09:29.633+0000] {logging_mixin.py:190} INFO - [2025-02-22T17:09:29.633+0000] {dag.py:4180} INFO - Setting next_dagrun for example_task_group to None, run_after=None
[2025-02-22T17:09:29.640+0000] {processor.py:208} INFO - Processing /home/airflow/.local/lib/python3.12/site-packages/airflow/example_dags/example_task_group.py took 0.029 seconds
[2025-02-22T17:10:00.601+0000] {processor.py:186} INFO - Started process (PID=620) to work on /home/airflow/.local/lib/python3.12/site-packages/airflow/example_dags/example_task_group.py
[2025-02-22T17:10:00.602+0000] {processor.py:914} INFO - Processing file /home/airflow/.local/lib/python3.12/site-packages/airflow/example_dags/example_task_group.py for tasks to queue
[2025-02-22T17:10:00.603+0000] {logging_mixin.py:190} INFO - [2025-02-22T17:10:00.603+0000] {dagbag.py:588} INFO - Filling up the DagBag from /home/airflow/.local/lib/python3.12/site-packages/airflow/example_dags/example_task_group.py
[2025-02-22T17:10:00.607+0000] {processor.py:925} INFO - DAG(s) 'example_task_group' retrieved from /home/airflow/.local/lib/python3.12/site-packages/airflow/example_dags/example_task_group.py
[2025-02-22T17:10:00.615+0000] {logging_mixin.py:190} INFO - [2025-02-22T17:10:00.615+0000] {dag.py:3239} INFO - Sync 1 DAGs
[2025-02-22T17:10:00.620+0000] {logging_mixin.py:190} INFO - [2025-02-22T17:10:00.620+0000] {dag.py:4180} INFO - Setting next_dagrun for example_task_group to None, run_after=None
[2025-02-22T17:10:00.626+0000] {processor.py:208} INFO - Processing /home/airflow/.local/lib/python3.12/site-packages/airflow/example_dags/example_task_group.py took 0.028 seconds
[2025-02-22T17:10:31.636+0000] {processor.py:186} INFO - Started process (PID=683) to work on /home/airflow/.local/lib/python3.12/site-packages/airflow/example_dags/example_task_group.py
[2025-02-22T17:10:31.637+0000] {processor.py:914} INFO - Processing file /home/airflow/.local/lib/python3.12/site-packages/airflow/example_dags/example_task_group.py for tasks to queue
[2025-02-22T17:10:31.638+0000] {logging_mixin.py:190} INFO - [2025-02-22T17:10:31.638+0000] {dagbag.py:588} INFO - Filling up the DagBag from /home/airflow/.local/lib/python3.12/site-packages/airflow/example_dags/example_task_group.py
[2025-02-22T17:10:31.642+0000] {processor.py:925} INFO - DAG(s) 'example_task_group' retrieved from /home/airflow/.local/lib/python3.12/site-packages/airflow/example_dags/example_task_group.py
[2025-02-22T17:10:31.651+0000] {logging_mixin.py:190} INFO - [2025-02-22T17:10:31.651+0000] {dag.py:3239} INFO - Sync 1 DAGs
[2025-02-22T17:10:31.657+0000] {logging_mixin.py:190} INFO - [2025-02-22T17:10:31.657+0000] {dag.py:4180} INFO - Setting next_dagrun for example_task_group to None, run_after=None
[2025-02-22T17:10:31.663+0000] {processor.py:208} INFO - Processing /home/airflow/.local/lib/python3.12/site-packages/airflow/example_dags/example_task_group.py took 0.029 seconds
[2025-02-22T17:11:02.638+0000] {processor.py:186} INFO - Started process (PID=746) to work on /home/airflow/.local/lib/python3.12/site-packages/airflow/example_dags/example_task_group.py
[2025-02-22T17:11:02.639+0000] {processor.py:914} INFO - Processing file /home/airflow/.local/lib/python3.12/site-packages/airflow/example_dags/example_task_group.py for tasks to queue
[2025-02-22T17:11:02.642+0000] {logging_mixin.py:190} INFO - [2025-02-22T17:11:02.642+0000] {dagbag.py:588} INFO - Filling up the DagBag from /home/airflow/.local/lib/python3.12/site-packages/airflow/example_dags/example_task_group.py
[2025-02-22T17:11:02.646+0000] {processor.py:925} INFO - DAG(s) 'example_task_group' retrieved from /home/airflow/.local/lib/python3.12/site-packages/airflow/example_dags/example_task_group.py
[2025-02-22T17:11:02.656+0000] {logging_mixin.py:190} INFO - [2025-02-22T17:11:02.655+0000] {dag.py:3239} INFO - Sync 1 DAGs
[2025-02-22T17:11:02.661+0000] {logging_mixin.py:190} INFO - [2025-02-22T17:11:02.661+0000] {dag.py:4180} INFO - Setting next_dagrun for example_task_group to None, run_after=None
[2025-02-22T17:11:02.667+0000] {processor.py:208} INFO - Processing /home/airflow/.local/lib/python3.12/site-packages/airflow/example_dags/example_task_group.py took 0.032 seconds
[2025-02-22T17:11:33.620+0000] {processor.py:186} INFO - Started process (PID=809) to work on /home/airflow/.local/lib/python3.12/site-packages/airflow/example_dags/example_task_group.py
[2025-02-22T17:11:33.620+0000] {processor.py:914} INFO - Processing file /home/airflow/.local/lib/python3.12/site-packages/airflow/example_dags/example_task_group.py for tasks to queue
[2025-02-22T17:11:33.622+0000] {logging_mixin.py:190} INFO - [2025-02-22T17:11:33.621+0000] {dagbag.py:588} INFO - Filling up the DagBag from /home/airflow/.local/lib/python3.12/site-packages/airflow/example_dags/example_task_group.py
[2025-02-22T17:11:33.625+0000] {processor.py:925} INFO - DAG(s) 'example_task_group' retrieved from /home/airflow/.local/lib/python3.12/site-packages/airflow/example_dags/example_task_group.py
[2025-02-22T17:11:33.634+0000] {logging_mixin.py:190} INFO - [2025-02-22T17:11:33.634+0000] {dag.py:3239} INFO - Sync 1 DAGs
[2025-02-22T17:11:33.639+0000] {logging_mixin.py:190} INFO - [2025-02-22T17:11:33.639+0000] {dag.py:4180} INFO - Setting next_dagrun for example_task_group to None, run_after=None
[2025-02-22T17:11:33.646+0000] {processor.py:208} INFO - Processing /home/airflow/.local/lib/python3.12/site-packages/airflow/example_dags/example_task_group.py took 0.028 seconds
[2025-02-22T17:12:04.584+0000] {processor.py:186} INFO - Started process (PID=872) to work on /home/airflow/.local/lib/python3.12/site-packages/airflow/example_dags/example_task_group.py
[2025-02-22T17:12:04.584+0000] {processor.py:914} INFO - Processing file /home/airflow/.local/lib/python3.12/site-packages/airflow/example_dags/example_task_group.py for tasks to queue
[2025-02-22T17:12:04.585+0000] {logging_mixin.py:190} INFO - [2025-02-22T17:12:04.585+0000] {dagbag.py:588} INFO - Filling up the DagBag from /home/airflow/.local/lib/python3.12/site-packages/airflow/example_dags/example_task_group.py
[2025-02-22T17:12:04.590+0000] {processor.py:925} INFO - DAG(s) 'example_task_group' retrieved from /home/airflow/.local/lib/python3.12/site-packages/airflow/example_dags/example_task_group.py
[2025-02-22T17:12:04.598+0000] {logging_mixin.py:190} INFO - [2025-02-22T17:12:04.598+0000] {dag.py:3239} INFO - Sync 1 DAGs
[2025-02-22T17:12:04.603+0000] {logging_mixin.py:190} INFO - [2025-02-22T17:12:04.603+0000] {dag.py:4180} INFO - Setting next_dagrun for example_task_group to None, run_after=None
[2025-02-22T17:12:04.610+0000] {processor.py:208} INFO - Processing /home/airflow/.local/lib/python3.12/site-packages/airflow/example_dags/example_task_group.py took 0.028 seconds
[2025-02-22T17:12:35.640+0000] {processor.py:186} INFO - Started process (PID=935) to work on /home/airflow/.local/lib/python3.12/site-packages/airflow/example_dags/example_task_group.py
[2025-02-22T17:12:35.641+0000] {processor.py:914} INFO - Processing file /home/airflow/.local/lib/python3.12/site-packages/airflow/example_dags/example_task_group.py for tasks to queue
[2025-02-22T17:12:35.642+0000] {logging_mixin.py:190} INFO - [2025-02-22T17:12:35.642+0000] {dagbag.py:588} INFO - Filling up the DagBag from /home/airflow/.local/lib/python3.12/site-packages/airflow/example_dags/example_task_group.py
[2025-02-22T17:12:35.646+0000] {processor.py:925} INFO - DAG(s) 'example_task_group' retrieved from /home/airflow/.local/lib/python3.12/site-packages/airflow/example_dags/example_task_group.py
[2025-02-22T17:12:35.654+0000] {logging_mixin.py:190} INFO - [2025-02-22T17:12:35.654+0000] {dag.py:3239} INFO - Sync 1 DAGs
[2025-02-22T17:12:35.659+0000] {logging_mixin.py:190} INFO - [2025-02-22T17:12:35.659+0000] {dag.py:4180} INFO - Setting next_dagrun for example_task_group to None, run_after=None
[2025-02-22T17:12:35.668+0000] {processor.py:208} INFO - Processing /home/airflow/.local/lib/python3.12/site-packages/airflow/example_dags/example_task_group.py took 0.030 seconds
[2025-02-22T17:13:06.608+0000] {processor.py:186} INFO - Started process (PID=998) to work on /home/airflow/.local/lib/python3.12/site-packages/airflow/example_dags/example_task_group.py
[2025-02-22T17:13:06.608+0000] {processor.py:914} INFO - Processing file /home/airflow/.local/lib/python3.12/site-packages/airflow/example_dags/example_task_group.py for tasks to queue
[2025-02-22T17:13:06.609+0000] {logging_mixin.py:190} INFO - [2025-02-22T17:13:06.609+0000] {dagbag.py:588} INFO - Filling up the DagBag from /home/airflow/.local/lib/python3.12/site-packages/airflow/example_dags/example_task_group.py
[2025-02-22T17:13:06.612+0000] {processor.py:925} INFO - DAG(s) 'example_task_group' retrieved from /home/airflow/.local/lib/python3.12/site-packages/airflow/example_dags/example_task_group.py
[2025-02-22T17:13:06.622+0000] {logging_mixin.py:190} INFO - [2025-02-22T17:13:06.622+0000] {dag.py:3239} INFO - Sync 1 DAGs
[2025-02-22T17:13:06.626+0000] {logging_mixin.py:190} INFO - [2025-02-22T17:13:06.626+0000] {dag.py:4180} INFO - Setting next_dagrun for example_task_group to None, run_after=None
[2025-02-22T17:13:06.633+0000] {processor.py:208} INFO - Processing /home/airflow/.local/lib/python3.12/site-packages/airflow/example_dags/example_task_group.py took 0.027 seconds
[2025-02-22T17:15:54.553+0000] {processor.py:186} INFO - Started process (PID=50) to work on /home/airflow/.local/lib/python3.12/site-packages/airflow/example_dags/example_task_group.py
[2025-02-22T17:15:54.555+0000] {processor.py:914} INFO - Processing file /home/airflow/.local/lib/python3.12/site-packages/airflow/example_dags/example_task_group.py for tasks to queue
[2025-02-22T17:15:54.558+0000] {logging_mixin.py:190} INFO - [2025-02-22T17:15:54.558+0000] {dagbag.py:588} INFO - Filling up the DagBag from /home/airflow/.local/lib/python3.12/site-packages/airflow/example_dags/example_task_group.py
[2025-02-22T17:15:54.564+0000] {processor.py:925} INFO - DAG(s) 'example_task_group' retrieved from /home/airflow/.local/lib/python3.12/site-packages/airflow/example_dags/example_task_group.py
[2025-02-22T17:15:54.581+0000] {logging_mixin.py:190} INFO - [2025-02-22T17:15:54.581+0000] {dag.py:3239} INFO - Sync 1 DAGs
[2025-02-22T17:15:54.587+0000] {logging_mixin.py:190} INFO - [2025-02-22T17:15:54.587+0000] {dag.py:4180} INFO - Setting next_dagrun for example_task_group to None, run_after=None
[2025-02-22T17:15:54.596+0000] {processor.py:208} INFO - Processing /home/airflow/.local/lib/python3.12/site-packages/airflow/example_dags/example_task_group.py took 0.046 seconds
[2025-02-22T17:16:24.910+0000] {processor.py:186} INFO - Started process (PID=113) to work on /home/airflow/.local/lib/python3.12/site-packages/airflow/example_dags/example_task_group.py
[2025-02-22T17:16:24.910+0000] {processor.py:914} INFO - Processing file /home/airflow/.local/lib/python3.12/site-packages/airflow/example_dags/example_task_group.py for tasks to queue
[2025-02-22T17:16:24.911+0000] {logging_mixin.py:190} INFO - [2025-02-22T17:16:24.911+0000] {dagbag.py:588} INFO - Filling up the DagBag from /home/airflow/.local/lib/python3.12/site-packages/airflow/example_dags/example_task_group.py
[2025-02-22T17:16:24.915+0000] {processor.py:925} INFO - DAG(s) 'example_task_group' retrieved from /home/airflow/.local/lib/python3.12/site-packages/airflow/example_dags/example_task_group.py
[2025-02-22T17:16:24.924+0000] {logging_mixin.py:190} INFO - [2025-02-22T17:16:24.924+0000] {dag.py:3239} INFO - Sync 1 DAGs
[2025-02-22T17:16:24.930+0000] {logging_mixin.py:190} INFO - [2025-02-22T17:16:24.930+0000] {dag.py:4180} INFO - Setting next_dagrun for example_task_group to None, run_after=None
[2025-02-22T17:16:24.937+0000] {processor.py:208} INFO - Processing /home/airflow/.local/lib/python3.12/site-packages/airflow/example_dags/example_task_group.py took 0.030 seconds
[2025-02-22T17:16:55.113+0000] {processor.py:186} INFO - Started process (PID=175) to work on /home/airflow/.local/lib/python3.12/site-packages/airflow/example_dags/example_task_group.py
[2025-02-22T17:16:55.114+0000] {processor.py:914} INFO - Processing file /home/airflow/.local/lib/python3.12/site-packages/airflow/example_dags/example_task_group.py for tasks to queue
[2025-02-22T17:16:55.116+0000] {logging_mixin.py:190} INFO - [2025-02-22T17:16:55.115+0000] {dagbag.py:588} INFO - Filling up the DagBag from /home/airflow/.local/lib/python3.12/site-packages/airflow/example_dags/example_task_group.py
[2025-02-22T17:16:55.119+0000] {processor.py:925} INFO - DAG(s) 'example_task_group' retrieved from /home/airflow/.local/lib/python3.12/site-packages/airflow/example_dags/example_task_group.py
[2025-02-22T17:16:55.127+0000] {logging_mixin.py:190} INFO - [2025-02-22T17:16:55.127+0000] {dag.py:3239} INFO - Sync 1 DAGs
[2025-02-22T17:16:55.132+0000] {logging_mixin.py:190} INFO - [2025-02-22T17:16:55.132+0000] {dag.py:4180} INFO - Setting next_dagrun for example_task_group to None, run_after=None
[2025-02-22T17:16:55.138+0000] {processor.py:208} INFO - Processing /home/airflow/.local/lib/python3.12/site-packages/airflow/example_dags/example_task_group.py took 0.027 seconds
[2025-02-22T17:17:25.203+0000] {processor.py:186} INFO - Started process (PID=238) to work on /home/airflow/.local/lib/python3.12/site-packages/airflow/example_dags/example_task_group.py
[2025-02-22T17:17:25.203+0000] {processor.py:914} INFO - Processing file /home/airflow/.local/lib/python3.12/site-packages/airflow/example_dags/example_task_group.py for tasks to queue
[2025-02-22T17:17:25.204+0000] {logging_mixin.py:190} INFO - [2025-02-22T17:17:25.204+0000] {dagbag.py:588} INFO - Filling up the DagBag from /home/airflow/.local/lib/python3.12/site-packages/airflow/example_dags/example_task_group.py
[2025-02-22T17:17:25.207+0000] {processor.py:925} INFO - DAG(s) 'example_task_group' retrieved from /home/airflow/.local/lib/python3.12/site-packages/airflow/example_dags/example_task_group.py
[2025-02-22T17:17:25.215+0000] {logging_mixin.py:190} INFO - [2025-02-22T17:17:25.215+0000] {dag.py:3239} INFO - Sync 1 DAGs
[2025-02-22T17:17:25.220+0000] {logging_mixin.py:190} INFO - [2025-02-22T17:17:25.220+0000] {dag.py:4180} INFO - Setting next_dagrun for example_task_group to None, run_after=None
[2025-02-22T17:17:25.229+0000] {processor.py:208} INFO - Processing /home/airflow/.local/lib/python3.12/site-packages/airflow/example_dags/example_task_group.py took 0.028 seconds
[2025-02-22T17:17:55.419+0000] {processor.py:186} INFO - Started process (PID=301) to work on /home/airflow/.local/lib/python3.12/site-packages/airflow/example_dags/example_task_group.py
[2025-02-22T17:17:55.422+0000] {processor.py:914} INFO - Processing file /home/airflow/.local/lib/python3.12/site-packages/airflow/example_dags/example_task_group.py for tasks to queue
[2025-02-22T17:17:55.424+0000] {logging_mixin.py:190} INFO - [2025-02-22T17:17:55.424+0000] {dagbag.py:588} INFO - Filling up the DagBag from /home/airflow/.local/lib/python3.12/site-packages/airflow/example_dags/example_task_group.py
[2025-02-22T17:17:55.427+0000] {processor.py:925} INFO - DAG(s) 'example_task_group' retrieved from /home/airflow/.local/lib/python3.12/site-packages/airflow/example_dags/example_task_group.py
[2025-02-22T17:17:55.437+0000] {logging_mixin.py:190} INFO - [2025-02-22T17:17:55.437+0000] {dag.py:3239} INFO - Sync 1 DAGs
[2025-02-22T17:17:55.441+0000] {logging_mixin.py:190} INFO - [2025-02-22T17:17:55.441+0000] {dag.py:4180} INFO - Setting next_dagrun for example_task_group to None, run_after=None
[2025-02-22T17:17:55.447+0000] {processor.py:208} INFO - Processing /home/airflow/.local/lib/python3.12/site-packages/airflow/example_dags/example_task_group.py took 0.030 seconds
[2025-02-22T17:18:25.676+0000] {processor.py:186} INFO - Started process (PID=364) to work on /home/airflow/.local/lib/python3.12/site-packages/airflow/example_dags/example_task_group.py
[2025-02-22T17:18:25.677+0000] {processor.py:914} INFO - Processing file /home/airflow/.local/lib/python3.12/site-packages/airflow/example_dags/example_task_group.py for tasks to queue
[2025-02-22T17:18:25.679+0000] {logging_mixin.py:190} INFO - [2025-02-22T17:18:25.679+0000] {dagbag.py:588} INFO - Filling up the DagBag from /home/airflow/.local/lib/python3.12/site-packages/airflow/example_dags/example_task_group.py
[2025-02-22T17:18:25.683+0000] {processor.py:925} INFO - DAG(s) 'example_task_group' retrieved from /home/airflow/.local/lib/python3.12/site-packages/airflow/example_dags/example_task_group.py
[2025-02-22T17:18:25.694+0000] {logging_mixin.py:190} INFO - [2025-02-22T17:18:25.693+0000] {dag.py:3239} INFO - Sync 1 DAGs
[2025-02-22T17:18:25.698+0000] {logging_mixin.py:190} INFO - [2025-02-22T17:18:25.698+0000] {dag.py:4180} INFO - Setting next_dagrun for example_task_group to None, run_after=None
[2025-02-22T17:18:25.704+0000] {processor.py:208} INFO - Processing /home/airflow/.local/lib/python3.12/site-packages/airflow/example_dags/example_task_group.py took 0.031 seconds
[2025-02-22T17:18:55.752+0000] {processor.py:186} INFO - Started process (PID=427) to work on /home/airflow/.local/lib/python3.12/site-packages/airflow/example_dags/example_task_group.py
[2025-02-22T17:18:55.752+0000] {processor.py:914} INFO - Processing file /home/airflow/.local/lib/python3.12/site-packages/airflow/example_dags/example_task_group.py for tasks to queue
[2025-02-22T17:18:55.753+0000] {logging_mixin.py:190} INFO - [2025-02-22T17:18:55.753+0000] {dagbag.py:588} INFO - Filling up the DagBag from /home/airflow/.local/lib/python3.12/site-packages/airflow/example_dags/example_task_group.py
[2025-02-22T17:18:55.756+0000] {processor.py:925} INFO - DAG(s) 'example_task_group' retrieved from /home/airflow/.local/lib/python3.12/site-packages/airflow/example_dags/example_task_group.py
[2025-02-22T17:18:55.765+0000] {logging_mixin.py:190} INFO - [2025-02-22T17:18:55.765+0000] {dag.py:3239} INFO - Sync 1 DAGs
[2025-02-22T17:18:55.770+0000] {logging_mixin.py:190} INFO - [2025-02-22T17:18:55.770+0000] {dag.py:4180} INFO - Setting next_dagrun for example_task_group to None, run_after=None
[2025-02-22T17:18:55.777+0000] {processor.py:208} INFO - Processing /home/airflow/.local/lib/python3.12/site-packages/airflow/example_dags/example_task_group.py took 0.027 seconds
[2025-02-22T17:19:25.847+0000] {processor.py:186} INFO - Started process (PID=490) to work on /home/airflow/.local/lib/python3.12/site-packages/airflow/example_dags/example_task_group.py
[2025-02-22T17:19:25.848+0000] {processor.py:914} INFO - Processing file /home/airflow/.local/lib/python3.12/site-packages/airflow/example_dags/example_task_group.py for tasks to queue
[2025-02-22T17:19:25.848+0000] {logging_mixin.py:190} INFO - [2025-02-22T17:19:25.848+0000] {dagbag.py:588} INFO - Filling up the DagBag from /home/airflow/.local/lib/python3.12/site-packages/airflow/example_dags/example_task_group.py
[2025-02-22T17:19:25.851+0000] {processor.py:925} INFO - DAG(s) 'example_task_group' retrieved from /home/airflow/.local/lib/python3.12/site-packages/airflow/example_dags/example_task_group.py
[2025-02-22T17:19:25.860+0000] {logging_mixin.py:190} INFO - [2025-02-22T17:19:25.860+0000] {dag.py:3239} INFO - Sync 1 DAGs
[2025-02-22T17:19:25.865+0000] {logging_mixin.py:190} INFO - [2025-02-22T17:19:25.865+0000] {dag.py:4180} INFO - Setting next_dagrun for example_task_group to None, run_after=None
[2025-02-22T17:19:25.873+0000] {processor.py:208} INFO - Processing /home/airflow/.local/lib/python3.12/site-packages/airflow/example_dags/example_task_group.py took 0.028 seconds
[2025-02-22T17:19:55.968+0000] {processor.py:186} INFO - Started process (PID=553) to work on /home/airflow/.local/lib/python3.12/site-packages/airflow/example_dags/example_task_group.py
[2025-02-22T17:19:55.969+0000] {processor.py:914} INFO - Processing file /home/airflow/.local/lib/python3.12/site-packages/airflow/example_dags/example_task_group.py for tasks to queue
[2025-02-22T17:19:55.970+0000] {logging_mixin.py:190} INFO - [2025-02-22T17:19:55.970+0000] {dagbag.py:588} INFO - Filling up the DagBag from /home/airflow/.local/lib/python3.12/site-packages/airflow/example_dags/example_task_group.py
[2025-02-22T17:19:55.974+0000] {processor.py:925} INFO - DAG(s) 'example_task_group' retrieved from /home/airflow/.local/lib/python3.12/site-packages/airflow/example_dags/example_task_group.py
[2025-02-22T17:19:55.985+0000] {logging_mixin.py:190} INFO - [2025-02-22T17:19:55.984+0000] {dag.py:3239} INFO - Sync 1 DAGs
[2025-02-22T17:19:55.991+0000] {logging_mixin.py:190} INFO - [2025-02-22T17:19:55.990+0000] {dag.py:4180} INFO - Setting next_dagrun for example_task_group to None, run_after=None
[2025-02-22T17:19:56.000+0000] {processor.py:208} INFO - Processing /home/airflow/.local/lib/python3.12/site-packages/airflow/example_dags/example_task_group.py took 0.034 seconds
[2025-02-22T17:20:26.114+0000] {processor.py:186} INFO - Started process (PID=616) to work on /home/airflow/.local/lib/python3.12/site-packages/airflow/example_dags/example_task_group.py
[2025-02-22T17:20:26.117+0000] {processor.py:914} INFO - Processing file /home/airflow/.local/lib/python3.12/site-packages/airflow/example_dags/example_task_group.py for tasks to queue
[2025-02-22T17:20:26.118+0000] {logging_mixin.py:190} INFO - [2025-02-22T17:20:26.118+0000] {dagbag.py:588} INFO - Filling up the DagBag from /home/airflow/.local/lib/python3.12/site-packages/airflow/example_dags/example_task_group.py
[2025-02-22T17:20:26.121+0000] {processor.py:925} INFO - DAG(s) 'example_task_group' retrieved from /home/airflow/.local/lib/python3.12/site-packages/airflow/example_dags/example_task_group.py
[2025-02-22T17:20:26.130+0000] {logging_mixin.py:190} INFO - [2025-02-22T17:20:26.130+0000] {dag.py:3239} INFO - Sync 1 DAGs
[2025-02-22T17:20:26.135+0000] {logging_mixin.py:190} INFO - [2025-02-22T17:20:26.135+0000] {dag.py:4180} INFO - Setting next_dagrun for example_task_group to None, run_after=None
[2025-02-22T17:20:26.141+0000] {processor.py:208} INFO - Processing /home/airflow/.local/lib/python3.12/site-packages/airflow/example_dags/example_task_group.py took 0.030 seconds
[2025-02-22T17:20:56.271+0000] {processor.py:186} INFO - Started process (PID=678) to work on /home/airflow/.local/lib/python3.12/site-packages/airflow/example_dags/example_task_group.py
[2025-02-22T17:20:56.275+0000] {processor.py:914} INFO - Processing file /home/airflow/.local/lib/python3.12/site-packages/airflow/example_dags/example_task_group.py for tasks to queue
[2025-02-22T17:20:56.276+0000] {logging_mixin.py:190} INFO - [2025-02-22T17:20:56.276+0000] {dagbag.py:588} INFO - Filling up the DagBag from /home/airflow/.local/lib/python3.12/site-packages/airflow/example_dags/example_task_group.py
[2025-02-22T17:20:56.280+0000] {processor.py:925} INFO - DAG(s) 'example_task_group' retrieved from /home/airflow/.local/lib/python3.12/site-packages/airflow/example_dags/example_task_group.py
[2025-02-22T17:20:56.288+0000] {logging_mixin.py:190} INFO - [2025-02-22T17:20:56.288+0000] {dag.py:3239} INFO - Sync 1 DAGs
[2025-02-22T17:20:56.295+0000] {logging_mixin.py:190} INFO - [2025-02-22T17:20:56.295+0000] {dag.py:4180} INFO - Setting next_dagrun for example_task_group to None, run_after=None
[2025-02-22T17:20:56.303+0000] {processor.py:208} INFO - Processing /home/airflow/.local/lib/python3.12/site-packages/airflow/example_dags/example_task_group.py took 0.034 seconds
[2025-02-22T17:21:26.489+0000] {processor.py:186} INFO - Started process (PID=741) to work on /home/airflow/.local/lib/python3.12/site-packages/airflow/example_dags/example_task_group.py
[2025-02-22T17:21:26.489+0000] {processor.py:914} INFO - Processing file /home/airflow/.local/lib/python3.12/site-packages/airflow/example_dags/example_task_group.py for tasks to queue
[2025-02-22T17:21:26.490+0000] {logging_mixin.py:190} INFO - [2025-02-22T17:21:26.490+0000] {dagbag.py:588} INFO - Filling up the DagBag from /home/airflow/.local/lib/python3.12/site-packages/airflow/example_dags/example_task_group.py
[2025-02-22T17:21:26.495+0000] {processor.py:925} INFO - DAG(s) 'example_task_group' retrieved from /home/airflow/.local/lib/python3.12/site-packages/airflow/example_dags/example_task_group.py
[2025-02-22T17:21:26.505+0000] {logging_mixin.py:190} INFO - [2025-02-22T17:21:26.505+0000] {dag.py:3239} INFO - Sync 1 DAGs
[2025-02-22T17:21:26.513+0000] {logging_mixin.py:190} INFO - [2025-02-22T17:21:26.513+0000] {dag.py:4180} INFO - Setting next_dagrun for example_task_group to None, run_after=None
[2025-02-22T17:21:26.521+0000] {processor.py:208} INFO - Processing /home/airflow/.local/lib/python3.12/site-packages/airflow/example_dags/example_task_group.py took 0.035 seconds
[2025-02-22T17:21:56.726+0000] {processor.py:186} INFO - Started process (PID=804) to work on /home/airflow/.local/lib/python3.12/site-packages/airflow/example_dags/example_task_group.py
[2025-02-22T17:21:56.728+0000] {processor.py:914} INFO - Processing file /home/airflow/.local/lib/python3.12/site-packages/airflow/example_dags/example_task_group.py for tasks to queue
[2025-02-22T17:21:56.729+0000] {logging_mixin.py:190} INFO - [2025-02-22T17:21:56.729+0000] {dagbag.py:588} INFO - Filling up the DagBag from /home/airflow/.local/lib/python3.12/site-packages/airflow/example_dags/example_task_group.py
[2025-02-22T17:21:56.732+0000] {processor.py:925} INFO - DAG(s) 'example_task_group' retrieved from /home/airflow/.local/lib/python3.12/site-packages/airflow/example_dags/example_task_group.py
[2025-02-22T17:21:56.742+0000] {logging_mixin.py:190} INFO - [2025-02-22T17:21:56.742+0000] {dag.py:3239} INFO - Sync 1 DAGs
[2025-02-22T17:21:56.748+0000] {logging_mixin.py:190} INFO - [2025-02-22T17:21:56.748+0000] {dag.py:4180} INFO - Setting next_dagrun for example_task_group to None, run_after=None
[2025-02-22T17:21:56.754+0000] {processor.py:208} INFO - Processing /home/airflow/.local/lib/python3.12/site-packages/airflow/example_dags/example_task_group.py took 0.030 seconds
[2025-02-22T17:22:26.947+0000] {processor.py:186} INFO - Started process (PID=867) to work on /home/airflow/.local/lib/python3.12/site-packages/airflow/example_dags/example_task_group.py
[2025-02-22T17:22:26.947+0000] {processor.py:914} INFO - Processing file /home/airflow/.local/lib/python3.12/site-packages/airflow/example_dags/example_task_group.py for tasks to queue
[2025-02-22T17:22:26.948+0000] {logging_mixin.py:190} INFO - [2025-02-22T17:22:26.948+0000] {dagbag.py:588} INFO - Filling up the DagBag from /home/airflow/.local/lib/python3.12/site-packages/airflow/example_dags/example_task_group.py
[2025-02-22T17:22:26.951+0000] {processor.py:925} INFO - DAG(s) 'example_task_group' retrieved from /home/airflow/.local/lib/python3.12/site-packages/airflow/example_dags/example_task_group.py
[2025-02-22T17:22:26.960+0000] {logging_mixin.py:190} INFO - [2025-02-22T17:22:26.960+0000] {dag.py:3239} INFO - Sync 1 DAGs
[2025-02-22T17:22:26.965+0000] {logging_mixin.py:190} INFO - [2025-02-22T17:22:26.965+0000] {dag.py:4180} INFO - Setting next_dagrun for example_task_group to None, run_after=None
[2025-02-22T17:22:26.976+0000] {processor.py:208} INFO - Processing /home/airflow/.local/lib/python3.12/site-packages/airflow/example_dags/example_task_group.py took 0.031 seconds
[2025-02-22T17:22:57.191+0000] {processor.py:186} INFO - Started process (PID=930) to work on /home/airflow/.local/lib/python3.12/site-packages/airflow/example_dags/example_task_group.py
[2025-02-22T17:22:57.194+0000] {processor.py:914} INFO - Processing file /home/airflow/.local/lib/python3.12/site-packages/airflow/example_dags/example_task_group.py for tasks to queue
[2025-02-22T17:22:57.195+0000] {logging_mixin.py:190} INFO - [2025-02-22T17:22:57.195+0000] {dagbag.py:588} INFO - Filling up the DagBag from /home/airflow/.local/lib/python3.12/site-packages/airflow/example_dags/example_task_group.py
[2025-02-22T17:22:57.199+0000] {processor.py:925} INFO - DAG(s) 'example_task_group' retrieved from /home/airflow/.local/lib/python3.12/site-packages/airflow/example_dags/example_task_group.py
[2025-02-22T17:22:57.208+0000] {logging_mixin.py:190} INFO - [2025-02-22T17:22:57.207+0000] {dag.py:3239} INFO - Sync 1 DAGs
[2025-02-22T17:22:57.213+0000] {logging_mixin.py:190} INFO - [2025-02-22T17:22:57.213+0000] {dag.py:4180} INFO - Setting next_dagrun for example_task_group to None, run_after=None
[2025-02-22T17:22:57.219+0000] {processor.py:208} INFO - Processing /home/airflow/.local/lib/python3.12/site-packages/airflow/example_dags/example_task_group.py took 0.031 seconds
[2025-02-22T17:23:27.391+0000] {processor.py:186} INFO - Started process (PID=993) to work on /home/airflow/.local/lib/python3.12/site-packages/airflow/example_dags/example_task_group.py
[2025-02-22T17:23:27.392+0000] {processor.py:914} INFO - Processing file /home/airflow/.local/lib/python3.12/site-packages/airflow/example_dags/example_task_group.py for tasks to queue
[2025-02-22T17:23:27.393+0000] {logging_mixin.py:190} INFO - [2025-02-22T17:23:27.392+0000] {dagbag.py:588} INFO - Filling up the DagBag from /home/airflow/.local/lib/python3.12/site-packages/airflow/example_dags/example_task_group.py
[2025-02-22T17:23:27.396+0000] {processor.py:925} INFO - DAG(s) 'example_task_group' retrieved from /home/airflow/.local/lib/python3.12/site-packages/airflow/example_dags/example_task_group.py
[2025-02-22T17:23:27.404+0000] {logging_mixin.py:190} INFO - [2025-02-22T17:23:27.404+0000] {dag.py:3239} INFO - Sync 1 DAGs
[2025-02-22T17:23:27.408+0000] {logging_mixin.py:190} INFO - [2025-02-22T17:23:27.408+0000] {dag.py:4180} INFO - Setting next_dagrun for example_task_group to None, run_after=None
[2025-02-22T17:23:27.415+0000] {processor.py:208} INFO - Processing /home/airflow/.local/lib/python3.12/site-packages/airflow/example_dags/example_task_group.py took 0.027 seconds
[2025-02-22T17:23:57.709+0000] {processor.py:186} INFO - Started process (PID=1056) to work on /home/airflow/.local/lib/python3.12/site-packages/airflow/example_dags/example_task_group.py
[2025-02-22T17:23:57.709+0000] {processor.py:914} INFO - Processing file /home/airflow/.local/lib/python3.12/site-packages/airflow/example_dags/example_task_group.py for tasks to queue
[2025-02-22T17:23:57.710+0000] {logging_mixin.py:190} INFO - [2025-02-22T17:23:57.710+0000] {dagbag.py:588} INFO - Filling up the DagBag from /home/airflow/.local/lib/python3.12/site-packages/airflow/example_dags/example_task_group.py
[2025-02-22T17:23:57.714+0000] {processor.py:925} INFO - DAG(s) 'example_task_group' retrieved from /home/airflow/.local/lib/python3.12/site-packages/airflow/example_dags/example_task_group.py
[2025-02-22T17:23:57.722+0000] {logging_mixin.py:190} INFO - [2025-02-22T17:23:57.722+0000] {dag.py:3239} INFO - Sync 1 DAGs
[2025-02-22T17:23:57.727+0000] {logging_mixin.py:190} INFO - [2025-02-22T17:23:57.727+0000] {dag.py:4180} INFO - Setting next_dagrun for example_task_group to None, run_after=None
[2025-02-22T17:23:57.734+0000] {processor.py:208} INFO - Processing /home/airflow/.local/lib/python3.12/site-packages/airflow/example_dags/example_task_group.py took 0.027 seconds
[2025-02-22T17:24:27.909+0000] {processor.py:186} INFO - Started process (PID=1119) to work on /home/airflow/.local/lib/python3.12/site-packages/airflow/example_dags/example_task_group.py
[2025-02-22T17:24:27.909+0000] {processor.py:914} INFO - Processing file /home/airflow/.local/lib/python3.12/site-packages/airflow/example_dags/example_task_group.py for tasks to queue
[2025-02-22T17:24:27.910+0000] {logging_mixin.py:190} INFO - [2025-02-22T17:24:27.910+0000] {dagbag.py:588} INFO - Filling up the DagBag from /home/airflow/.local/lib/python3.12/site-packages/airflow/example_dags/example_task_group.py
[2025-02-22T17:24:27.913+0000] {processor.py:925} INFO - DAG(s) 'example_task_group' retrieved from /home/airflow/.local/lib/python3.12/site-packages/airflow/example_dags/example_task_group.py
[2025-02-22T17:24:27.921+0000] {logging_mixin.py:190} INFO - [2025-02-22T17:24:27.921+0000] {dag.py:3239} INFO - Sync 1 DAGs
[2025-02-22T17:24:27.926+0000] {logging_mixin.py:190} INFO - [2025-02-22T17:24:27.926+0000] {dag.py:4180} INFO - Setting next_dagrun for example_task_group to None, run_after=None
[2025-02-22T17:24:27.933+0000] {processor.py:208} INFO - Processing /home/airflow/.local/lib/python3.12/site-packages/airflow/example_dags/example_task_group.py took 0.027 seconds
[2025-02-22T17:24:58.125+0000] {processor.py:186} INFO - Started process (PID=1181) to work on /home/airflow/.local/lib/python3.12/site-packages/airflow/example_dags/example_task_group.py
[2025-02-22T17:24:58.125+0000] {processor.py:914} INFO - Processing file /home/airflow/.local/lib/python3.12/site-packages/airflow/example_dags/example_task_group.py for tasks to queue
[2025-02-22T17:24:58.127+0000] {logging_mixin.py:190} INFO - [2025-02-22T17:24:58.127+0000] {dagbag.py:588} INFO - Filling up the DagBag from /home/airflow/.local/lib/python3.12/site-packages/airflow/example_dags/example_task_group.py
[2025-02-22T17:24:58.130+0000] {processor.py:925} INFO - DAG(s) 'example_task_group' retrieved from /home/airflow/.local/lib/python3.12/site-packages/airflow/example_dags/example_task_group.py
[2025-02-22T17:24:58.141+0000] {logging_mixin.py:190} INFO - [2025-02-22T17:24:58.140+0000] {dag.py:3239} INFO - Sync 1 DAGs
[2025-02-22T17:24:58.147+0000] {logging_mixin.py:190} INFO - [2025-02-22T17:24:58.147+0000] {dag.py:4180} INFO - Setting next_dagrun for example_task_group to None, run_after=None
[2025-02-22T17:24:58.153+0000] {processor.py:208} INFO - Processing /home/airflow/.local/lib/python3.12/site-packages/airflow/example_dags/example_task_group.py took 0.030 seconds
[2025-02-22T17:25:28.414+0000] {processor.py:186} INFO - Started process (PID=1244) to work on /home/airflow/.local/lib/python3.12/site-packages/airflow/example_dags/example_task_group.py
[2025-02-22T17:25:28.414+0000] {processor.py:914} INFO - Processing file /home/airflow/.local/lib/python3.12/site-packages/airflow/example_dags/example_task_group.py for tasks to queue
[2025-02-22T17:25:28.416+0000] {logging_mixin.py:190} INFO - [2025-02-22T17:25:28.416+0000] {dagbag.py:588} INFO - Filling up the DagBag from /home/airflow/.local/lib/python3.12/site-packages/airflow/example_dags/example_task_group.py
[2025-02-22T17:25:28.420+0000] {processor.py:925} INFO - DAG(s) 'example_task_group' retrieved from /home/airflow/.local/lib/python3.12/site-packages/airflow/example_dags/example_task_group.py
[2025-02-22T17:25:28.428+0000] {logging_mixin.py:190} INFO - [2025-02-22T17:25:28.428+0000] {dag.py:3239} INFO - Sync 1 DAGs
[2025-02-22T17:25:28.433+0000] {logging_mixin.py:190} INFO - [2025-02-22T17:25:28.433+0000] {dag.py:4180} INFO - Setting next_dagrun for example_task_group to None, run_after=None
[2025-02-22T17:25:28.440+0000] {processor.py:208} INFO - Processing /home/airflow/.local/lib/python3.12/site-packages/airflow/example_dags/example_task_group.py took 0.029 seconds
[2025-02-22T17:25:58.667+0000] {processor.py:186} INFO - Started process (PID=1307) to work on /home/airflow/.local/lib/python3.12/site-packages/airflow/example_dags/example_task_group.py
[2025-02-22T17:25:58.667+0000] {processor.py:914} INFO - Processing file /home/airflow/.local/lib/python3.12/site-packages/airflow/example_dags/example_task_group.py for tasks to queue
[2025-02-22T17:25:58.668+0000] {logging_mixin.py:190} INFO - [2025-02-22T17:25:58.668+0000] {dagbag.py:588} INFO - Filling up the DagBag from /home/airflow/.local/lib/python3.12/site-packages/airflow/example_dags/example_task_group.py
[2025-02-22T17:25:58.671+0000] {processor.py:925} INFO - DAG(s) 'example_task_group' retrieved from /home/airflow/.local/lib/python3.12/site-packages/airflow/example_dags/example_task_group.py
[2025-02-22T17:25:58.679+0000] {logging_mixin.py:190} INFO - [2025-02-22T17:25:58.679+0000] {dag.py:3239} INFO - Sync 1 DAGs
[2025-02-22T17:25:58.685+0000] {logging_mixin.py:190} INFO - [2025-02-22T17:25:58.685+0000] {dag.py:4180} INFO - Setting next_dagrun for example_task_group to None, run_after=None
[2025-02-22T17:25:58.692+0000] {processor.py:208} INFO - Processing /home/airflow/.local/lib/python3.12/site-packages/airflow/example_dags/example_task_group.py took 0.028 seconds
[2025-02-22T17:26:28.837+0000] {processor.py:186} INFO - Started process (PID=1370) to work on /home/airflow/.local/lib/python3.12/site-packages/airflow/example_dags/example_task_group.py
[2025-02-22T17:26:28.837+0000] {processor.py:914} INFO - Processing file /home/airflow/.local/lib/python3.12/site-packages/airflow/example_dags/example_task_group.py for tasks to queue
[2025-02-22T17:26:28.838+0000] {logging_mixin.py:190} INFO - [2025-02-22T17:26:28.838+0000] {dagbag.py:588} INFO - Filling up the DagBag from /home/airflow/.local/lib/python3.12/site-packages/airflow/example_dags/example_task_group.py
[2025-02-22T17:26:28.842+0000] {processor.py:925} INFO - DAG(s) 'example_task_group' retrieved from /home/airflow/.local/lib/python3.12/site-packages/airflow/example_dags/example_task_group.py
[2025-02-22T17:26:28.851+0000] {logging_mixin.py:190} INFO - [2025-02-22T17:26:28.851+0000] {dag.py:3239} INFO - Sync 1 DAGs
[2025-02-22T17:26:28.857+0000] {logging_mixin.py:190} INFO - [2025-02-22T17:26:28.857+0000] {dag.py:4180} INFO - Setting next_dagrun for example_task_group to None, run_after=None
[2025-02-22T17:26:28.863+0000] {processor.py:208} INFO - Processing /home/airflow/.local/lib/python3.12/site-packages/airflow/example_dags/example_task_group.py took 0.029 seconds
