[2025-02-22T17:05:26.226+0000] {processor.py:186} INFO - Started process (PID=61) to work on /home/airflow/.local/lib/python3.12/site-packages/airflow/example_dags/example_external_task_marker_dag.py
[2025-02-22T17:05:26.227+0000] {processor.py:914} INFO - Processing file /home/airflow/.local/lib/python3.12/site-packages/airflow/example_dags/example_external_task_marker_dag.py for tasks to queue
[2025-02-22T17:05:26.228+0000] {logging_mixin.py:190} INFO - [2025-02-22T17:05:26.228+0000] {dagbag.py:588} INFO - Filling up the DagBag from /home/airflow/.local/lib/python3.12/site-packages/airflow/example_dags/example_external_task_marker_dag.py
[2025-02-22T17:05:26.232+0000] {processor.py:925} INFO - DAG(s) 'example_external_task_marker_parent', 'example_external_task_marker_child' retrieved from /home/airflow/.local/lib/python3.12/site-packages/airflow/example_dags/example_external_task_marker_dag.py
[2025-02-22T17:05:26.271+0000] {logging_mixin.py:190} INFO - [2025-02-22T17:05:26.271+0000] {override.py:1912} INFO - Created Permission View: can edit on DAG:example_external_task_marker_parent
[2025-02-22T17:05:26.275+0000] {logging_mixin.py:190} INFO - [2025-02-22T17:05:26.275+0000] {override.py:1912} INFO - Created Permission View: can delete on DAG:example_external_task_marker_parent
[2025-02-22T17:05:26.277+0000] {logging_mixin.py:190} INFO - [2025-02-22T17:05:26.277+0000] {override.py:1912} INFO - Created Permission View: can read on DAG:example_external_task_marker_parent
[2025-02-22T17:05:26.279+0000] {logging_mixin.py:190} INFO - [2025-02-22T17:05:26.279+0000] {override.py:1912} INFO - Created Permission View: menu access on DAG Run:example_external_task_marker_parent
[2025-02-22T17:05:26.284+0000] {logging_mixin.py:190} INFO - [2025-02-22T17:05:26.284+0000] {override.py:1912} INFO - Created Permission View: can create on DAG Run:example_external_task_marker_parent
[2025-02-22T17:05:26.288+0000] {logging_mixin.py:190} INFO - [2025-02-22T17:05:26.288+0000] {override.py:1912} INFO - Created Permission View: can delete on DAG Run:example_external_task_marker_parent
[2025-02-22T17:05:26.290+0000] {logging_mixin.py:190} INFO - [2025-02-22T17:05:26.290+0000] {override.py:1912} INFO - Created Permission View: can read on DAG Run:example_external_task_marker_parent
[2025-02-22T17:05:26.294+0000] {logging_mixin.py:190} INFO - [2025-02-22T17:05:26.294+0000] {override.py:1912} INFO - Created Permission View: can edit on DAG:example_external_task_marker_child
[2025-02-22T17:05:26.297+0000] {logging_mixin.py:190} INFO - [2025-02-22T17:05:26.296+0000] {override.py:1912} INFO - Created Permission View: can delete on DAG:example_external_task_marker_child
[2025-02-22T17:05:26.299+0000] {logging_mixin.py:190} INFO - [2025-02-22T17:05:26.299+0000] {override.py:1912} INFO - Created Permission View: can read on DAG:example_external_task_marker_child
[2025-02-22T17:05:26.302+0000] {logging_mixin.py:190} INFO - [2025-02-22T17:05:26.302+0000] {override.py:1912} INFO - Created Permission View: menu access on DAG Run:example_external_task_marker_child
[2025-02-22T17:05:26.304+0000] {logging_mixin.py:190} INFO - [2025-02-22T17:05:26.303+0000] {override.py:1912} INFO - Created Permission View: can create on DAG Run:example_external_task_marker_child
[2025-02-22T17:05:26.305+0000] {logging_mixin.py:190} INFO - [2025-02-22T17:05:26.305+0000] {override.py:1912} INFO - Created Permission View: can delete on DAG Run:example_external_task_marker_child
[2025-02-22T17:05:26.307+0000] {logging_mixin.py:190} INFO - [2025-02-22T17:05:26.307+0000] {override.py:1912} INFO - Created Permission View: can read on DAG Run:example_external_task_marker_child
[2025-02-22T17:05:26.307+0000] {logging_mixin.py:190} INFO - [2025-02-22T17:05:26.307+0000] {dag.py:3239} INFO - Sync 2 DAGs
[2025-02-22T17:05:26.313+0000] {logging_mixin.py:190} INFO - [2025-02-22T17:05:26.313+0000] {dag.py:3262} INFO - Creating ORM DAG for example_external_task_marker_parent
[2025-02-22T17:05:26.313+0000] {logging_mixin.py:190} INFO - [2025-02-22T17:05:26.313+0000] {dag.py:3262} INFO - Creating ORM DAG for example_external_task_marker_child
[2025-02-22T17:05:26.313+0000] {logging_mixin.py:190} INFO - [2025-02-22T17:05:26.313+0000] {dag.py:4180} INFO - Setting next_dagrun for example_external_task_marker_child to None, run_after=None
[2025-02-22T17:05:26.313+0000] {logging_mixin.py:190} INFO - [2025-02-22T17:05:26.313+0000] {dag.py:4180} INFO - Setting next_dagrun for example_external_task_marker_parent to None, run_after=None
[2025-02-22T17:05:26.320+0000] {processor.py:208} INFO - Processing /home/airflow/.local/lib/python3.12/site-packages/airflow/example_dags/example_external_task_marker_dag.py took 0.096 seconds
[2025-02-22T17:05:57.219+0000] {processor.py:186} INFO - Started process (PID=124) to work on /home/airflow/.local/lib/python3.12/site-packages/airflow/example_dags/example_external_task_marker_dag.py
[2025-02-22T17:05:57.219+0000] {processor.py:914} INFO - Processing file /home/airflow/.local/lib/python3.12/site-packages/airflow/example_dags/example_external_task_marker_dag.py for tasks to queue
[2025-02-22T17:05:57.220+0000] {logging_mixin.py:190} INFO - [2025-02-22T17:05:57.220+0000] {dagbag.py:588} INFO - Filling up the DagBag from /home/airflow/.local/lib/python3.12/site-packages/airflow/example_dags/example_external_task_marker_dag.py
[2025-02-22T17:05:57.224+0000] {processor.py:925} INFO - DAG(s) 'example_external_task_marker_parent', 'example_external_task_marker_child' retrieved from /home/airflow/.local/lib/python3.12/site-packages/airflow/example_dags/example_external_task_marker_dag.py
[2025-02-22T17:05:57.233+0000] {logging_mixin.py:190} INFO - [2025-02-22T17:05:57.232+0000] {dag.py:3239} INFO - Sync 2 DAGs
[2025-02-22T17:05:57.238+0000] {logging_mixin.py:190} INFO - [2025-02-22T17:05:57.238+0000] {dag.py:4180} INFO - Setting next_dagrun for example_external_task_marker_child to None, run_after=None
[2025-02-22T17:05:57.239+0000] {logging_mixin.py:190} INFO - [2025-02-22T17:05:57.239+0000] {dag.py:4180} INFO - Setting next_dagrun for example_external_task_marker_parent to None, run_after=None
[2025-02-22T17:05:57.244+0000] {processor.py:208} INFO - Processing /home/airflow/.local/lib/python3.12/site-packages/airflow/example_dags/example_external_task_marker_dag.py took 0.028 seconds
[2025-02-22T17:06:27.283+0000] {processor.py:186} INFO - Started process (PID=186) to work on /home/airflow/.local/lib/python3.12/site-packages/airflow/example_dags/example_external_task_marker_dag.py
[2025-02-22T17:06:27.283+0000] {processor.py:914} INFO - Processing file /home/airflow/.local/lib/python3.12/site-packages/airflow/example_dags/example_external_task_marker_dag.py for tasks to queue
[2025-02-22T17:06:27.285+0000] {logging_mixin.py:190} INFO - [2025-02-22T17:06:27.284+0000] {dagbag.py:588} INFO - Filling up the DagBag from /home/airflow/.local/lib/python3.12/site-packages/airflow/example_dags/example_external_task_marker_dag.py
[2025-02-22T17:06:27.289+0000] {processor.py:925} INFO - DAG(s) 'example_external_task_marker_child', 'example_external_task_marker_parent' retrieved from /home/airflow/.local/lib/python3.12/site-packages/airflow/example_dags/example_external_task_marker_dag.py
[2025-02-22T17:06:27.302+0000] {logging_mixin.py:190} INFO - [2025-02-22T17:06:27.301+0000] {dag.py:3239} INFO - Sync 2 DAGs
[2025-02-22T17:06:27.309+0000] {logging_mixin.py:190} INFO - [2025-02-22T17:06:27.308+0000] {dag.py:4180} INFO - Setting next_dagrun for example_external_task_marker_child to None, run_after=None
[2025-02-22T17:06:27.310+0000] {logging_mixin.py:190} INFO - [2025-02-22T17:06:27.310+0000] {dag.py:4180} INFO - Setting next_dagrun for example_external_task_marker_parent to None, run_after=None
[2025-02-22T17:06:27.318+0000] {processor.py:208} INFO - Processing /home/airflow/.local/lib/python3.12/site-packages/airflow/example_dags/example_external_task_marker_dag.py took 0.040 seconds
[2025-02-22T17:06:57.421+0000] {processor.py:186} INFO - Started process (PID=248) to work on /home/airflow/.local/lib/python3.12/site-packages/airflow/example_dags/example_external_task_marker_dag.py
[2025-02-22T17:06:57.425+0000] {processor.py:914} INFO - Processing file /home/airflow/.local/lib/python3.12/site-packages/airflow/example_dags/example_external_task_marker_dag.py for tasks to queue
[2025-02-22T17:06:57.427+0000] {logging_mixin.py:190} INFO - [2025-02-22T17:06:57.426+0000] {dagbag.py:588} INFO - Filling up the DagBag from /home/airflow/.local/lib/python3.12/site-packages/airflow/example_dags/example_external_task_marker_dag.py
[2025-02-22T17:06:57.433+0000] {processor.py:925} INFO - DAG(s) 'example_external_task_marker_parent', 'example_external_task_marker_child' retrieved from /home/airflow/.local/lib/python3.12/site-packages/airflow/example_dags/example_external_task_marker_dag.py
[2025-02-22T17:06:57.444+0000] {logging_mixin.py:190} INFO - [2025-02-22T17:06:57.444+0000] {dag.py:3239} INFO - Sync 2 DAGs
[2025-02-22T17:06:57.450+0000] {logging_mixin.py:190} INFO - [2025-02-22T17:06:57.450+0000] {dag.py:4180} INFO - Setting next_dagrun for example_external_task_marker_child to None, run_after=None
[2025-02-22T17:06:57.452+0000] {logging_mixin.py:190} INFO - [2025-02-22T17:06:57.452+0000] {dag.py:4180} INFO - Setting next_dagrun for example_external_task_marker_parent to None, run_after=None
[2025-02-22T17:06:57.458+0000] {processor.py:208} INFO - Processing /home/airflow/.local/lib/python3.12/site-packages/airflow/example_dags/example_external_task_marker_dag.py took 0.042 seconds
[2025-02-22T17:07:27.528+0000] {processor.py:186} INFO - Started process (PID=311) to work on /home/airflow/.local/lib/python3.12/site-packages/airflow/example_dags/example_external_task_marker_dag.py
[2025-02-22T17:07:27.532+0000] {processor.py:914} INFO - Processing file /home/airflow/.local/lib/python3.12/site-packages/airflow/example_dags/example_external_task_marker_dag.py for tasks to queue
[2025-02-22T17:07:27.533+0000] {logging_mixin.py:190} INFO - [2025-02-22T17:07:27.533+0000] {dagbag.py:588} INFO - Filling up the DagBag from /home/airflow/.local/lib/python3.12/site-packages/airflow/example_dags/example_external_task_marker_dag.py
[2025-02-22T17:07:27.539+0000] {processor.py:925} INFO - DAG(s) 'example_external_task_marker_parent', 'example_external_task_marker_child' retrieved from /home/airflow/.local/lib/python3.12/site-packages/airflow/example_dags/example_external_task_marker_dag.py
[2025-02-22T17:07:27.550+0000] {logging_mixin.py:190} INFO - [2025-02-22T17:07:27.550+0000] {dag.py:3239} INFO - Sync 2 DAGs
[2025-02-22T17:07:27.557+0000] {logging_mixin.py:190} INFO - [2025-02-22T17:07:27.557+0000] {dag.py:4180} INFO - Setting next_dagrun for example_external_task_marker_child to None, run_after=None
[2025-02-22T17:07:27.559+0000] {logging_mixin.py:190} INFO - [2025-02-22T17:07:27.559+0000] {dag.py:4180} INFO - Setting next_dagrun for example_external_task_marker_parent to None, run_after=None
[2025-02-22T17:07:27.565+0000] {processor.py:208} INFO - Processing /home/airflow/.local/lib/python3.12/site-packages/airflow/example_dags/example_external_task_marker_dag.py took 0.041 seconds
[2025-02-22T17:07:57.598+0000] {processor.py:186} INFO - Started process (PID=373) to work on /home/airflow/.local/lib/python3.12/site-packages/airflow/example_dags/example_external_task_marker_dag.py
[2025-02-22T17:07:57.599+0000] {processor.py:914} INFO - Processing file /home/airflow/.local/lib/python3.12/site-packages/airflow/example_dags/example_external_task_marker_dag.py for tasks to queue
[2025-02-22T17:07:57.603+0000] {logging_mixin.py:190} INFO - [2025-02-22T17:07:57.603+0000] {dagbag.py:588} INFO - Filling up the DagBag from /home/airflow/.local/lib/python3.12/site-packages/airflow/example_dags/example_external_task_marker_dag.py
[2025-02-22T17:07:57.608+0000] {processor.py:925} INFO - DAG(s) 'example_external_task_marker_parent', 'example_external_task_marker_child' retrieved from /home/airflow/.local/lib/python3.12/site-packages/airflow/example_dags/example_external_task_marker_dag.py
[2025-02-22T17:07:57.616+0000] {logging_mixin.py:190} INFO - [2025-02-22T17:07:57.616+0000] {dag.py:3239} INFO - Sync 2 DAGs
[2025-02-22T17:07:57.621+0000] {logging_mixin.py:190} INFO - [2025-02-22T17:07:57.621+0000] {dag.py:4180} INFO - Setting next_dagrun for example_external_task_marker_child to None, run_after=None
[2025-02-22T17:07:57.623+0000] {logging_mixin.py:190} INFO - [2025-02-22T17:07:57.623+0000] {dag.py:4180} INFO - Setting next_dagrun for example_external_task_marker_parent to None, run_after=None
[2025-02-22T17:07:57.629+0000] {processor.py:208} INFO - Processing /home/airflow/.local/lib/python3.12/site-packages/airflow/example_dags/example_external_task_marker_dag.py took 0.033 seconds
[2025-02-22T17:08:27.643+0000] {processor.py:186} INFO - Started process (PID=436) to work on /home/airflow/.local/lib/python3.12/site-packages/airflow/example_dags/example_external_task_marker_dag.py
[2025-02-22T17:08:27.646+0000] {processor.py:914} INFO - Processing file /home/airflow/.local/lib/python3.12/site-packages/airflow/example_dags/example_external_task_marker_dag.py for tasks to queue
[2025-02-22T17:08:27.647+0000] {logging_mixin.py:190} INFO - [2025-02-22T17:08:27.647+0000] {dagbag.py:588} INFO - Filling up the DagBag from /home/airflow/.local/lib/python3.12/site-packages/airflow/example_dags/example_external_task_marker_dag.py
[2025-02-22T17:08:27.651+0000] {processor.py:925} INFO - DAG(s) 'example_external_task_marker_parent', 'example_external_task_marker_child' retrieved from /home/airflow/.local/lib/python3.12/site-packages/airflow/example_dags/example_external_task_marker_dag.py
[2025-02-22T17:08:27.659+0000] {logging_mixin.py:190} INFO - [2025-02-22T17:08:27.659+0000] {dag.py:3239} INFO - Sync 2 DAGs
[2025-02-22T17:08:27.665+0000] {logging_mixin.py:190} INFO - [2025-02-22T17:08:27.665+0000] {dag.py:4180} INFO - Setting next_dagrun for example_external_task_marker_child to None, run_after=None
[2025-02-22T17:08:27.667+0000] {logging_mixin.py:190} INFO - [2025-02-22T17:08:27.667+0000] {dag.py:4180} INFO - Setting next_dagrun for example_external_task_marker_parent to None, run_after=None
[2025-02-22T17:08:27.673+0000] {processor.py:208} INFO - Processing /home/airflow/.local/lib/python3.12/site-packages/airflow/example_dags/example_external_task_marker_dag.py took 0.032 seconds
[2025-02-22T17:08:58.708+0000] {processor.py:186} INFO - Started process (PID=499) to work on /home/airflow/.local/lib/python3.12/site-packages/airflow/example_dags/example_external_task_marker_dag.py
[2025-02-22T17:08:58.709+0000] {processor.py:914} INFO - Processing file /home/airflow/.local/lib/python3.12/site-packages/airflow/example_dags/example_external_task_marker_dag.py for tasks to queue
[2025-02-22T17:08:58.709+0000] {logging_mixin.py:190} INFO - [2025-02-22T17:08:58.709+0000] {dagbag.py:588} INFO - Filling up the DagBag from /home/airflow/.local/lib/python3.12/site-packages/airflow/example_dags/example_external_task_marker_dag.py
[2025-02-22T17:08:58.712+0000] {processor.py:925} INFO - DAG(s) 'example_external_task_marker_child', 'example_external_task_marker_parent' retrieved from /home/airflow/.local/lib/python3.12/site-packages/airflow/example_dags/example_external_task_marker_dag.py
[2025-02-22T17:08:58.721+0000] {logging_mixin.py:190} INFO - [2025-02-22T17:08:58.721+0000] {dag.py:3239} INFO - Sync 2 DAGs
[2025-02-22T17:08:58.726+0000] {logging_mixin.py:190} INFO - [2025-02-22T17:08:58.726+0000] {dag.py:4180} INFO - Setting next_dagrun for example_external_task_marker_child to None, run_after=None
[2025-02-22T17:08:58.727+0000] {logging_mixin.py:190} INFO - [2025-02-22T17:08:58.727+0000] {dag.py:4180} INFO - Setting next_dagrun for example_external_task_marker_parent to None, run_after=None
[2025-02-22T17:08:58.732+0000] {processor.py:208} INFO - Processing /home/airflow/.local/lib/python3.12/site-packages/airflow/example_dags/example_external_task_marker_dag.py took 0.027 seconds
[2025-02-22T17:09:29.708+0000] {processor.py:186} INFO - Started process (PID=562) to work on /home/airflow/.local/lib/python3.12/site-packages/airflow/example_dags/example_external_task_marker_dag.py
[2025-02-22T17:09:29.711+0000] {processor.py:914} INFO - Processing file /home/airflow/.local/lib/python3.12/site-packages/airflow/example_dags/example_external_task_marker_dag.py for tasks to queue
[2025-02-22T17:09:29.714+0000] {logging_mixin.py:190} INFO - [2025-02-22T17:09:29.714+0000] {dagbag.py:588} INFO - Filling up the DagBag from /home/airflow/.local/lib/python3.12/site-packages/airflow/example_dags/example_external_task_marker_dag.py
[2025-02-22T17:09:29.718+0000] {processor.py:925} INFO - DAG(s) 'example_external_task_marker_child', 'example_external_task_marker_parent' retrieved from /home/airflow/.local/lib/python3.12/site-packages/airflow/example_dags/example_external_task_marker_dag.py
[2025-02-22T17:09:29.727+0000] {logging_mixin.py:190} INFO - [2025-02-22T17:09:29.727+0000] {dag.py:3239} INFO - Sync 2 DAGs
[2025-02-22T17:09:29.732+0000] {logging_mixin.py:190} INFO - [2025-02-22T17:09:29.732+0000] {dag.py:4180} INFO - Setting next_dagrun for example_external_task_marker_child to None, run_after=None
[2025-02-22T17:09:29.734+0000] {logging_mixin.py:190} INFO - [2025-02-22T17:09:29.733+0000] {dag.py:4180} INFO - Setting next_dagrun for example_external_task_marker_parent to None, run_after=None
[2025-02-22T17:09:29.739+0000] {processor.py:208} INFO - Processing /home/airflow/.local/lib/python3.12/site-packages/airflow/example_dags/example_external_task_marker_dag.py took 0.033 seconds
[2025-02-22T17:10:00.697+0000] {processor.py:186} INFO - Started process (PID=625) to work on /home/airflow/.local/lib/python3.12/site-packages/airflow/example_dags/example_external_task_marker_dag.py
[2025-02-22T17:10:00.699+0000] {processor.py:914} INFO - Processing file /home/airflow/.local/lib/python3.12/site-packages/airflow/example_dags/example_external_task_marker_dag.py for tasks to queue
[2025-02-22T17:10:00.700+0000] {logging_mixin.py:190} INFO - [2025-02-22T17:10:00.700+0000] {dagbag.py:588} INFO - Filling up the DagBag from /home/airflow/.local/lib/python3.12/site-packages/airflow/example_dags/example_external_task_marker_dag.py
[2025-02-22T17:10:00.705+0000] {processor.py:925} INFO - DAG(s) 'example_external_task_marker_child', 'example_external_task_marker_parent' retrieved from /home/airflow/.local/lib/python3.12/site-packages/airflow/example_dags/example_external_task_marker_dag.py
[2025-02-22T17:10:00.714+0000] {logging_mixin.py:190} INFO - [2025-02-22T17:10:00.713+0000] {dag.py:3239} INFO - Sync 2 DAGs
[2025-02-22T17:10:00.719+0000] {logging_mixin.py:190} INFO - [2025-02-22T17:10:00.719+0000] {dag.py:4180} INFO - Setting next_dagrun for example_external_task_marker_child to None, run_after=None
[2025-02-22T17:10:00.721+0000] {logging_mixin.py:190} INFO - [2025-02-22T17:10:00.721+0000] {dag.py:4180} INFO - Setting next_dagrun for example_external_task_marker_parent to None, run_after=None
[2025-02-22T17:10:00.726+0000] {processor.py:208} INFO - Processing /home/airflow/.local/lib/python3.12/site-packages/airflow/example_dags/example_external_task_marker_dag.py took 0.032 seconds
[2025-02-22T17:10:31.722+0000] {processor.py:186} INFO - Started process (PID=688) to work on /home/airflow/.local/lib/python3.12/site-packages/airflow/example_dags/example_external_task_marker_dag.py
[2025-02-22T17:10:31.726+0000] {processor.py:914} INFO - Processing file /home/airflow/.local/lib/python3.12/site-packages/airflow/example_dags/example_external_task_marker_dag.py for tasks to queue
[2025-02-22T17:10:31.726+0000] {logging_mixin.py:190} INFO - [2025-02-22T17:10:31.726+0000] {dagbag.py:588} INFO - Filling up the DagBag from /home/airflow/.local/lib/python3.12/site-packages/airflow/example_dags/example_external_task_marker_dag.py
[2025-02-22T17:10:31.730+0000] {processor.py:925} INFO - DAG(s) 'example_external_task_marker_child', 'example_external_task_marker_parent' retrieved from /home/airflow/.local/lib/python3.12/site-packages/airflow/example_dags/example_external_task_marker_dag.py
[2025-02-22T17:10:31.739+0000] {logging_mixin.py:190} INFO - [2025-02-22T17:10:31.739+0000] {dag.py:3239} INFO - Sync 2 DAGs
[2025-02-22T17:10:31.745+0000] {logging_mixin.py:190} INFO - [2025-02-22T17:10:31.745+0000] {dag.py:4180} INFO - Setting next_dagrun for example_external_task_marker_child to None, run_after=None
[2025-02-22T17:10:31.747+0000] {logging_mixin.py:190} INFO - [2025-02-22T17:10:31.747+0000] {dag.py:4180} INFO - Setting next_dagrun for example_external_task_marker_parent to None, run_after=None
[2025-02-22T17:10:31.752+0000] {processor.py:208} INFO - Processing /home/airflow/.local/lib/python3.12/site-packages/airflow/example_dags/example_external_task_marker_dag.py took 0.033 seconds
[2025-02-22T17:11:02.758+0000] {processor.py:186} INFO - Started process (PID=751) to work on /home/airflow/.local/lib/python3.12/site-packages/airflow/example_dags/example_external_task_marker_dag.py
[2025-02-22T17:11:02.758+0000] {processor.py:914} INFO - Processing file /home/airflow/.local/lib/python3.12/site-packages/airflow/example_dags/example_external_task_marker_dag.py for tasks to queue
[2025-02-22T17:11:02.759+0000] {logging_mixin.py:190} INFO - [2025-02-22T17:11:02.759+0000] {dagbag.py:588} INFO - Filling up the DagBag from /home/airflow/.local/lib/python3.12/site-packages/airflow/example_dags/example_external_task_marker_dag.py
[2025-02-22T17:11:02.762+0000] {processor.py:925} INFO - DAG(s) 'example_external_task_marker_child', 'example_external_task_marker_parent' retrieved from /home/airflow/.local/lib/python3.12/site-packages/airflow/example_dags/example_external_task_marker_dag.py
[2025-02-22T17:11:02.770+0000] {logging_mixin.py:190} INFO - [2025-02-22T17:11:02.770+0000] {dag.py:3239} INFO - Sync 2 DAGs
[2025-02-22T17:11:02.775+0000] {logging_mixin.py:190} INFO - [2025-02-22T17:11:02.775+0000] {dag.py:4180} INFO - Setting next_dagrun for example_external_task_marker_child to None, run_after=None
[2025-02-22T17:11:02.777+0000] {logging_mixin.py:190} INFO - [2025-02-22T17:11:02.777+0000] {dag.py:4180} INFO - Setting next_dagrun for example_external_task_marker_parent to None, run_after=None
[2025-02-22T17:11:02.782+0000] {processor.py:208} INFO - Processing /home/airflow/.local/lib/python3.12/site-packages/airflow/example_dags/example_external_task_marker_dag.py took 0.027 seconds
[2025-02-22T17:11:33.714+0000] {processor.py:186} INFO - Started process (PID=814) to work on /home/airflow/.local/lib/python3.12/site-packages/airflow/example_dags/example_external_task_marker_dag.py
[2025-02-22T17:11:33.716+0000] {processor.py:914} INFO - Processing file /home/airflow/.local/lib/python3.12/site-packages/airflow/example_dags/example_external_task_marker_dag.py for tasks to queue
[2025-02-22T17:11:33.720+0000] {logging_mixin.py:190} INFO - [2025-02-22T17:11:33.720+0000] {dagbag.py:588} INFO - Filling up the DagBag from /home/airflow/.local/lib/python3.12/site-packages/airflow/example_dags/example_external_task_marker_dag.py
[2025-02-22T17:11:33.723+0000] {processor.py:925} INFO - DAG(s) 'example_external_task_marker_child', 'example_external_task_marker_parent' retrieved from /home/airflow/.local/lib/python3.12/site-packages/airflow/example_dags/example_external_task_marker_dag.py
[2025-02-22T17:11:33.732+0000] {logging_mixin.py:190} INFO - [2025-02-22T17:11:33.732+0000] {dag.py:3239} INFO - Sync 2 DAGs
[2025-02-22T17:11:33.738+0000] {logging_mixin.py:190} INFO - [2025-02-22T17:11:33.738+0000] {dag.py:4180} INFO - Setting next_dagrun for example_external_task_marker_child to None, run_after=None
[2025-02-22T17:11:33.739+0000] {logging_mixin.py:190} INFO - [2025-02-22T17:11:33.739+0000] {dag.py:4180} INFO - Setting next_dagrun for example_external_task_marker_parent to None, run_after=None
[2025-02-22T17:11:33.744+0000] {processor.py:208} INFO - Processing /home/airflow/.local/lib/python3.12/site-packages/airflow/example_dags/example_external_task_marker_dag.py took 0.033 seconds
[2025-02-22T17:12:04.681+0000] {processor.py:186} INFO - Started process (PID=877) to work on /home/airflow/.local/lib/python3.12/site-packages/airflow/example_dags/example_external_task_marker_dag.py
[2025-02-22T17:12:04.681+0000] {processor.py:914} INFO - Processing file /home/airflow/.local/lib/python3.12/site-packages/airflow/example_dags/example_external_task_marker_dag.py for tasks to queue
[2025-02-22T17:12:04.683+0000] {logging_mixin.py:190} INFO - [2025-02-22T17:12:04.683+0000] {dagbag.py:588} INFO - Filling up the DagBag from /home/airflow/.local/lib/python3.12/site-packages/airflow/example_dags/example_external_task_marker_dag.py
[2025-02-22T17:12:04.689+0000] {processor.py:925} INFO - DAG(s) 'example_external_task_marker_child', 'example_external_task_marker_parent' retrieved from /home/airflow/.local/lib/python3.12/site-packages/airflow/example_dags/example_external_task_marker_dag.py
[2025-02-22T17:12:04.698+0000] {logging_mixin.py:190} INFO - [2025-02-22T17:12:04.698+0000] {dag.py:3239} INFO - Sync 2 DAGs
[2025-02-22T17:12:04.704+0000] {logging_mixin.py:190} INFO - [2025-02-22T17:12:04.704+0000] {dag.py:4180} INFO - Setting next_dagrun for example_external_task_marker_child to None, run_after=None
[2025-02-22T17:12:04.705+0000] {logging_mixin.py:190} INFO - [2025-02-22T17:12:04.705+0000] {dag.py:4180} INFO - Setting next_dagrun for example_external_task_marker_parent to None, run_after=None
[2025-02-22T17:12:04.711+0000] {processor.py:208} INFO - Processing /home/airflow/.local/lib/python3.12/site-packages/airflow/example_dags/example_external_task_marker_dag.py took 0.032 seconds
[2025-02-22T17:12:35.730+0000] {processor.py:186} INFO - Started process (PID=940) to work on /home/airflow/.local/lib/python3.12/site-packages/airflow/example_dags/example_external_task_marker_dag.py
[2025-02-22T17:12:35.730+0000] {processor.py:914} INFO - Processing file /home/airflow/.local/lib/python3.12/site-packages/airflow/example_dags/example_external_task_marker_dag.py for tasks to queue
[2025-02-22T17:12:35.731+0000] {logging_mixin.py:190} INFO - [2025-02-22T17:12:35.731+0000] {dagbag.py:588} INFO - Filling up the DagBag from /home/airflow/.local/lib/python3.12/site-packages/airflow/example_dags/example_external_task_marker_dag.py
[2025-02-22T17:12:35.734+0000] {processor.py:925} INFO - DAG(s) 'example_external_task_marker_child', 'example_external_task_marker_parent' retrieved from /home/airflow/.local/lib/python3.12/site-packages/airflow/example_dags/example_external_task_marker_dag.py
[2025-02-22T17:12:35.742+0000] {logging_mixin.py:190} INFO - [2025-02-22T17:12:35.742+0000] {dag.py:3239} INFO - Sync 2 DAGs
[2025-02-22T17:12:35.747+0000] {logging_mixin.py:190} INFO - [2025-02-22T17:12:35.747+0000] {dag.py:4180} INFO - Setting next_dagrun for example_external_task_marker_child to None, run_after=None
[2025-02-22T17:12:35.748+0000] {logging_mixin.py:190} INFO - [2025-02-22T17:12:35.748+0000] {dag.py:4180} INFO - Setting next_dagrun for example_external_task_marker_parent to None, run_after=None
[2025-02-22T17:12:35.754+0000] {processor.py:208} INFO - Processing /home/airflow/.local/lib/python3.12/site-packages/airflow/example_dags/example_external_task_marker_dag.py took 0.026 seconds
[2025-02-22T17:13:06.706+0000] {processor.py:186} INFO - Started process (PID=1003) to work on /home/airflow/.local/lib/python3.12/site-packages/airflow/example_dags/example_external_task_marker_dag.py
[2025-02-22T17:13:06.706+0000] {processor.py:914} INFO - Processing file /home/airflow/.local/lib/python3.12/site-packages/airflow/example_dags/example_external_task_marker_dag.py for tasks to queue
[2025-02-22T17:13:06.708+0000] {logging_mixin.py:190} INFO - [2025-02-22T17:13:06.707+0000] {dagbag.py:588} INFO - Filling up the DagBag from /home/airflow/.local/lib/python3.12/site-packages/airflow/example_dags/example_external_task_marker_dag.py
[2025-02-22T17:13:06.711+0000] {processor.py:925} INFO - DAG(s) 'example_external_task_marker_parent', 'example_external_task_marker_child' retrieved from /home/airflow/.local/lib/python3.12/site-packages/airflow/example_dags/example_external_task_marker_dag.py
[2025-02-22T17:13:06.719+0000] {logging_mixin.py:190} INFO - [2025-02-22T17:13:06.719+0000] {dag.py:3239} INFO - Sync 2 DAGs
[2025-02-22T17:13:06.724+0000] {logging_mixin.py:190} INFO - [2025-02-22T17:13:06.724+0000] {dag.py:4180} INFO - Setting next_dagrun for example_external_task_marker_child to None, run_after=None
[2025-02-22T17:13:06.725+0000] {logging_mixin.py:190} INFO - [2025-02-22T17:13:06.725+0000] {dag.py:4180} INFO - Setting next_dagrun for example_external_task_marker_parent to None, run_after=None
[2025-02-22T17:13:06.730+0000] {processor.py:208} INFO - Processing /home/airflow/.local/lib/python3.12/site-packages/airflow/example_dags/example_external_task_marker_dag.py took 0.026 seconds
[2025-02-22T17:15:54.764+0000] {processor.py:186} INFO - Started process (PID=55) to work on /home/airflow/.local/lib/python3.12/site-packages/airflow/example_dags/example_external_task_marker_dag.py
[2025-02-22T17:15:54.765+0000] {processor.py:914} INFO - Processing file /home/airflow/.local/lib/python3.12/site-packages/airflow/example_dags/example_external_task_marker_dag.py for tasks to queue
[2025-02-22T17:15:54.767+0000] {logging_mixin.py:190} INFO - [2025-02-22T17:15:54.766+0000] {dagbag.py:588} INFO - Filling up the DagBag from /home/airflow/.local/lib/python3.12/site-packages/airflow/example_dags/example_external_task_marker_dag.py
[2025-02-22T17:15:54.776+0000] {processor.py:925} INFO - DAG(s) 'example_external_task_marker_child', 'example_external_task_marker_parent' retrieved from /home/airflow/.local/lib/python3.12/site-packages/airflow/example_dags/example_external_task_marker_dag.py
[2025-02-22T17:15:54.787+0000] {logging_mixin.py:190} INFO - [2025-02-22T17:15:54.787+0000] {dag.py:3239} INFO - Sync 2 DAGs
[2025-02-22T17:15:54.794+0000] {logging_mixin.py:190} INFO - [2025-02-22T17:15:54.794+0000] {dag.py:4180} INFO - Setting next_dagrun for example_external_task_marker_child to None, run_after=None
[2025-02-22T17:15:54.798+0000] {logging_mixin.py:190} INFO - [2025-02-22T17:15:54.798+0000] {dag.py:4180} INFO - Setting next_dagrun for example_external_task_marker_parent to None, run_after=None
[2025-02-22T17:15:54.807+0000] {processor.py:208} INFO - Processing /home/airflow/.local/lib/python3.12/site-packages/airflow/example_dags/example_external_task_marker_dag.py took 0.047 seconds
[2025-02-22T17:16:25.073+0000] {processor.py:186} INFO - Started process (PID=118) to work on /home/airflow/.local/lib/python3.12/site-packages/airflow/example_dags/example_external_task_marker_dag.py
[2025-02-22T17:16:25.074+0000] {processor.py:914} INFO - Processing file /home/airflow/.local/lib/python3.12/site-packages/airflow/example_dags/example_external_task_marker_dag.py for tasks to queue
[2025-02-22T17:16:25.075+0000] {logging_mixin.py:190} INFO - [2025-02-22T17:16:25.075+0000] {dagbag.py:588} INFO - Filling up the DagBag from /home/airflow/.local/lib/python3.12/site-packages/airflow/example_dags/example_external_task_marker_dag.py
[2025-02-22T17:16:25.079+0000] {processor.py:925} INFO - DAG(s) 'example_external_task_marker_child', 'example_external_task_marker_parent' retrieved from /home/airflow/.local/lib/python3.12/site-packages/airflow/example_dags/example_external_task_marker_dag.py
[2025-02-22T17:16:25.089+0000] {logging_mixin.py:190} INFO - [2025-02-22T17:16:25.089+0000] {dag.py:3239} INFO - Sync 2 DAGs
[2025-02-22T17:16:25.099+0000] {logging_mixin.py:190} INFO - [2025-02-22T17:16:25.099+0000] {dag.py:4180} INFO - Setting next_dagrun for example_external_task_marker_child to None, run_after=None
[2025-02-22T17:16:25.101+0000] {logging_mixin.py:190} INFO - [2025-02-22T17:16:25.101+0000] {dag.py:4180} INFO - Setting next_dagrun for example_external_task_marker_parent to None, run_after=None
[2025-02-22T17:16:25.112+0000] {processor.py:208} INFO - Processing /home/airflow/.local/lib/python3.12/site-packages/airflow/example_dags/example_external_task_marker_dag.py took 0.042 seconds
[2025-02-22T17:16:55.312+0000] {processor.py:186} INFO - Started process (PID=181) to work on /home/airflow/.local/lib/python3.12/site-packages/airflow/example_dags/example_external_task_marker_dag.py
[2025-02-22T17:16:55.312+0000] {processor.py:914} INFO - Processing file /home/airflow/.local/lib/python3.12/site-packages/airflow/example_dags/example_external_task_marker_dag.py for tasks to queue
[2025-02-22T17:16:55.313+0000] {logging_mixin.py:190} INFO - [2025-02-22T17:16:55.313+0000] {dagbag.py:588} INFO - Filling up the DagBag from /home/airflow/.local/lib/python3.12/site-packages/airflow/example_dags/example_external_task_marker_dag.py
[2025-02-22T17:16:55.317+0000] {processor.py:925} INFO - DAG(s) 'example_external_task_marker_parent', 'example_external_task_marker_child' retrieved from /home/airflow/.local/lib/python3.12/site-packages/airflow/example_dags/example_external_task_marker_dag.py
[2025-02-22T17:16:55.326+0000] {logging_mixin.py:190} INFO - [2025-02-22T17:16:55.326+0000] {dag.py:3239} INFO - Sync 2 DAGs
[2025-02-22T17:16:55.331+0000] {logging_mixin.py:190} INFO - [2025-02-22T17:16:55.331+0000] {dag.py:4180} INFO - Setting next_dagrun for example_external_task_marker_child to None, run_after=None
[2025-02-22T17:16:55.333+0000] {logging_mixin.py:190} INFO - [2025-02-22T17:16:55.333+0000] {dag.py:4180} INFO - Setting next_dagrun for example_external_task_marker_parent to None, run_after=None
[2025-02-22T17:16:55.338+0000] {processor.py:208} INFO - Processing /home/airflow/.local/lib/python3.12/site-packages/airflow/example_dags/example_external_task_marker_dag.py took 0.029 seconds
[2025-02-22T17:17:26.346+0000] {processor.py:186} INFO - Started process (PID=244) to work on /home/airflow/.local/lib/python3.12/site-packages/airflow/example_dags/example_external_task_marker_dag.py
[2025-02-22T17:17:26.351+0000] {processor.py:914} INFO - Processing file /home/airflow/.local/lib/python3.12/site-packages/airflow/example_dags/example_external_task_marker_dag.py for tasks to queue
[2025-02-22T17:17:26.354+0000] {logging_mixin.py:190} INFO - [2025-02-22T17:17:26.353+0000] {dagbag.py:588} INFO - Filling up the DagBag from /home/airflow/.local/lib/python3.12/site-packages/airflow/example_dags/example_external_task_marker_dag.py
[2025-02-22T17:17:26.359+0000] {processor.py:925} INFO - DAG(s) 'example_external_task_marker_child', 'example_external_task_marker_parent' retrieved from /home/airflow/.local/lib/python3.12/site-packages/airflow/example_dags/example_external_task_marker_dag.py
[2025-02-22T17:17:26.372+0000] {logging_mixin.py:190} INFO - [2025-02-22T17:17:26.372+0000] {dag.py:3239} INFO - Sync 2 DAGs
[2025-02-22T17:17:26.379+0000] {logging_mixin.py:190} INFO - [2025-02-22T17:17:26.379+0000] {dag.py:4180} INFO - Setting next_dagrun for example_external_task_marker_child to None, run_after=None
[2025-02-22T17:17:26.382+0000] {logging_mixin.py:190} INFO - [2025-02-22T17:17:26.382+0000] {dag.py:4180} INFO - Setting next_dagrun for example_external_task_marker_parent to None, run_after=None
[2025-02-22T17:17:26.390+0000] {processor.py:208} INFO - Processing /home/airflow/.local/lib/python3.12/site-packages/airflow/example_dags/example_external_task_marker_dag.py took 0.050 seconds
[2025-02-22T17:17:56.549+0000] {processor.py:186} INFO - Started process (PID=306) to work on /home/airflow/.local/lib/python3.12/site-packages/airflow/example_dags/example_external_task_marker_dag.py
[2025-02-22T17:17:56.550+0000] {processor.py:914} INFO - Processing file /home/airflow/.local/lib/python3.12/site-packages/airflow/example_dags/example_external_task_marker_dag.py for tasks to queue
[2025-02-22T17:17:56.552+0000] {logging_mixin.py:190} INFO - [2025-02-22T17:17:56.552+0000] {dagbag.py:588} INFO - Filling up the DagBag from /home/airflow/.local/lib/python3.12/site-packages/airflow/example_dags/example_external_task_marker_dag.py
[2025-02-22T17:17:56.559+0000] {processor.py:925} INFO - DAG(s) 'example_external_task_marker_parent', 'example_external_task_marker_child' retrieved from /home/airflow/.local/lib/python3.12/site-packages/airflow/example_dags/example_external_task_marker_dag.py
[2025-02-22T17:17:56.577+0000] {logging_mixin.py:190} INFO - [2025-02-22T17:17:56.577+0000] {dag.py:3239} INFO - Sync 2 DAGs
[2025-02-22T17:17:56.583+0000] {logging_mixin.py:190} INFO - [2025-02-22T17:17:56.583+0000] {dag.py:4180} INFO - Setting next_dagrun for example_external_task_marker_child to None, run_after=None
[2025-02-22T17:17:56.584+0000] {logging_mixin.py:190} INFO - [2025-02-22T17:17:56.584+0000] {dag.py:4180} INFO - Setting next_dagrun for example_external_task_marker_parent to None, run_after=None
[2025-02-22T17:17:56.592+0000] {processor.py:208} INFO - Processing /home/airflow/.local/lib/python3.12/site-packages/airflow/example_dags/example_external_task_marker_dag.py took 0.049 seconds
[2025-02-22T17:18:26.808+0000] {processor.py:186} INFO - Started process (PID=369) to work on /home/airflow/.local/lib/python3.12/site-packages/airflow/example_dags/example_external_task_marker_dag.py
[2025-02-22T17:18:26.811+0000] {processor.py:914} INFO - Processing file /home/airflow/.local/lib/python3.12/site-packages/airflow/example_dags/example_external_task_marker_dag.py for tasks to queue
[2025-02-22T17:18:26.813+0000] {logging_mixin.py:190} INFO - [2025-02-22T17:18:26.813+0000] {dagbag.py:588} INFO - Filling up the DagBag from /home/airflow/.local/lib/python3.12/site-packages/airflow/example_dags/example_external_task_marker_dag.py
[2025-02-22T17:18:26.820+0000] {processor.py:925} INFO - DAG(s) 'example_external_task_marker_child', 'example_external_task_marker_parent' retrieved from /home/airflow/.local/lib/python3.12/site-packages/airflow/example_dags/example_external_task_marker_dag.py
[2025-02-22T17:18:26.834+0000] {logging_mixin.py:190} INFO - [2025-02-22T17:18:26.833+0000] {dag.py:3239} INFO - Sync 2 DAGs
[2025-02-22T17:18:26.841+0000] {logging_mixin.py:190} INFO - [2025-02-22T17:18:26.841+0000] {dag.py:4180} INFO - Setting next_dagrun for example_external_task_marker_child to None, run_after=None
[2025-02-22T17:18:26.842+0000] {logging_mixin.py:190} INFO - [2025-02-22T17:18:26.842+0000] {dag.py:4180} INFO - Setting next_dagrun for example_external_task_marker_parent to None, run_after=None
[2025-02-22T17:18:26.852+0000] {processor.py:208} INFO - Processing /home/airflow/.local/lib/python3.12/site-packages/airflow/example_dags/example_external_task_marker_dag.py took 0.051 seconds
[2025-02-22T17:18:56.892+0000] {processor.py:186} INFO - Started process (PID=432) to work on /home/airflow/.local/lib/python3.12/site-packages/airflow/example_dags/example_external_task_marker_dag.py
[2025-02-22T17:18:56.893+0000] {processor.py:914} INFO - Processing file /home/airflow/.local/lib/python3.12/site-packages/airflow/example_dags/example_external_task_marker_dag.py for tasks to queue
[2025-02-22T17:18:56.895+0000] {logging_mixin.py:190} INFO - [2025-02-22T17:18:56.895+0000] {dagbag.py:588} INFO - Filling up the DagBag from /home/airflow/.local/lib/python3.12/site-packages/airflow/example_dags/example_external_task_marker_dag.py
[2025-02-22T17:18:56.901+0000] {processor.py:925} INFO - DAG(s) 'example_external_task_marker_parent', 'example_external_task_marker_child' retrieved from /home/airflow/.local/lib/python3.12/site-packages/airflow/example_dags/example_external_task_marker_dag.py
[2025-02-22T17:18:56.917+0000] {logging_mixin.py:190} INFO - [2025-02-22T17:18:56.916+0000] {dag.py:3239} INFO - Sync 2 DAGs
[2025-02-22T17:18:56.923+0000] {logging_mixin.py:190} INFO - [2025-02-22T17:18:56.923+0000] {dag.py:4180} INFO - Setting next_dagrun for example_external_task_marker_child to None, run_after=None
[2025-02-22T17:18:56.926+0000] {logging_mixin.py:190} INFO - [2025-02-22T17:18:56.926+0000] {dag.py:4180} INFO - Setting next_dagrun for example_external_task_marker_parent to None, run_after=None
[2025-02-22T17:18:56.936+0000] {processor.py:208} INFO - Processing /home/airflow/.local/lib/python3.12/site-packages/airflow/example_dags/example_external_task_marker_dag.py took 0.052 seconds
[2025-02-22T17:19:26.983+0000] {processor.py:186} INFO - Started process (PID=495) to work on /home/airflow/.local/lib/python3.12/site-packages/airflow/example_dags/example_external_task_marker_dag.py
[2025-02-22T17:19:26.984+0000] {processor.py:914} INFO - Processing file /home/airflow/.local/lib/python3.12/site-packages/airflow/example_dags/example_external_task_marker_dag.py for tasks to queue
[2025-02-22T17:19:26.987+0000] {logging_mixin.py:190} INFO - [2025-02-22T17:19:26.986+0000] {dagbag.py:588} INFO - Filling up the DagBag from /home/airflow/.local/lib/python3.12/site-packages/airflow/example_dags/example_external_task_marker_dag.py
[2025-02-22T17:19:26.993+0000] {processor.py:925} INFO - DAG(s) 'example_external_task_marker_parent', 'example_external_task_marker_child' retrieved from /home/airflow/.local/lib/python3.12/site-packages/airflow/example_dags/example_external_task_marker_dag.py
[2025-02-22T17:19:27.015+0000] {logging_mixin.py:190} INFO - [2025-02-22T17:19:27.015+0000] {dag.py:3239} INFO - Sync 2 DAGs
[2025-02-22T17:19:27.021+0000] {logging_mixin.py:190} INFO - [2025-02-22T17:19:27.021+0000] {dag.py:4180} INFO - Setting next_dagrun for example_external_task_marker_child to None, run_after=None
[2025-02-22T17:19:27.022+0000] {logging_mixin.py:190} INFO - [2025-02-22T17:19:27.022+0000] {dag.py:4180} INFO - Setting next_dagrun for example_external_task_marker_parent to None, run_after=None
[2025-02-22T17:19:27.029+0000] {processor.py:208} INFO - Processing /home/airflow/.local/lib/python3.12/site-packages/airflow/example_dags/example_external_task_marker_dag.py took 0.053 seconds
[2025-02-22T17:19:57.101+0000] {processor.py:186} INFO - Started process (PID=558) to work on /home/airflow/.local/lib/python3.12/site-packages/airflow/example_dags/example_external_task_marker_dag.py
[2025-02-22T17:19:57.102+0000] {processor.py:914} INFO - Processing file /home/airflow/.local/lib/python3.12/site-packages/airflow/example_dags/example_external_task_marker_dag.py for tasks to queue
[2025-02-22T17:19:57.104+0000] {logging_mixin.py:190} INFO - [2025-02-22T17:19:57.104+0000] {dagbag.py:588} INFO - Filling up the DagBag from /home/airflow/.local/lib/python3.12/site-packages/airflow/example_dags/example_external_task_marker_dag.py
[2025-02-22T17:19:57.111+0000] {processor.py:925} INFO - DAG(s) 'example_external_task_marker_child', 'example_external_task_marker_parent' retrieved from /home/airflow/.local/lib/python3.12/site-packages/airflow/example_dags/example_external_task_marker_dag.py
[2025-02-22T17:19:57.128+0000] {logging_mixin.py:190} INFO - [2025-02-22T17:19:57.128+0000] {dag.py:3239} INFO - Sync 2 DAGs
[2025-02-22T17:19:57.137+0000] {logging_mixin.py:190} INFO - [2025-02-22T17:19:57.137+0000] {dag.py:4180} INFO - Setting next_dagrun for example_external_task_marker_child to None, run_after=None
[2025-02-22T17:19:57.141+0000] {logging_mixin.py:190} INFO - [2025-02-22T17:19:57.141+0000] {dag.py:4180} INFO - Setting next_dagrun for example_external_task_marker_parent to None, run_after=None
[2025-02-22T17:19:57.149+0000] {processor.py:208} INFO - Processing /home/airflow/.local/lib/python3.12/site-packages/airflow/example_dags/example_external_task_marker_dag.py took 0.054 seconds
[2025-02-22T17:20:27.237+0000] {processor.py:186} INFO - Started process (PID=621) to work on /home/airflow/.local/lib/python3.12/site-packages/airflow/example_dags/example_external_task_marker_dag.py
[2025-02-22T17:20:27.238+0000] {processor.py:914} INFO - Processing file /home/airflow/.local/lib/python3.12/site-packages/airflow/example_dags/example_external_task_marker_dag.py for tasks to queue
[2025-02-22T17:20:27.240+0000] {logging_mixin.py:190} INFO - [2025-02-22T17:20:27.240+0000] {dagbag.py:588} INFO - Filling up the DagBag from /home/airflow/.local/lib/python3.12/site-packages/airflow/example_dags/example_external_task_marker_dag.py
[2025-02-22T17:20:27.246+0000] {processor.py:925} INFO - DAG(s) 'example_external_task_marker_parent', 'example_external_task_marker_child' retrieved from /home/airflow/.local/lib/python3.12/site-packages/airflow/example_dags/example_external_task_marker_dag.py
[2025-02-22T17:20:27.264+0000] {logging_mixin.py:190} INFO - [2025-02-22T17:20:27.264+0000] {dag.py:3239} INFO - Sync 2 DAGs
[2025-02-22T17:20:27.270+0000] {logging_mixin.py:190} INFO - [2025-02-22T17:20:27.270+0000] {dag.py:4180} INFO - Setting next_dagrun for example_external_task_marker_child to None, run_after=None
[2025-02-22T17:20:27.272+0000] {logging_mixin.py:190} INFO - [2025-02-22T17:20:27.271+0000] {dag.py:4180} INFO - Setting next_dagrun for example_external_task_marker_parent to None, run_after=None
[2025-02-22T17:20:27.281+0000] {processor.py:208} INFO - Processing /home/airflow/.local/lib/python3.12/site-packages/airflow/example_dags/example_external_task_marker_dag.py took 0.051 seconds
[2025-02-22T17:20:57.406+0000] {processor.py:186} INFO - Started process (PID=683) to work on /home/airflow/.local/lib/python3.12/site-packages/airflow/example_dags/example_external_task_marker_dag.py
[2025-02-22T17:20:57.407+0000] {processor.py:914} INFO - Processing file /home/airflow/.local/lib/python3.12/site-packages/airflow/example_dags/example_external_task_marker_dag.py for tasks to queue
[2025-02-22T17:20:57.409+0000] {logging_mixin.py:190} INFO - [2025-02-22T17:20:57.409+0000] {dagbag.py:588} INFO - Filling up the DagBag from /home/airflow/.local/lib/python3.12/site-packages/airflow/example_dags/example_external_task_marker_dag.py
[2025-02-22T17:20:57.416+0000] {processor.py:925} INFO - DAG(s) 'example_external_task_marker_parent', 'example_external_task_marker_child' retrieved from /home/airflow/.local/lib/python3.12/site-packages/airflow/example_dags/example_external_task_marker_dag.py
[2025-02-22T17:20:57.433+0000] {logging_mixin.py:190} INFO - [2025-02-22T17:20:57.433+0000] {dag.py:3239} INFO - Sync 2 DAGs
[2025-02-22T17:20:57.442+0000] {logging_mixin.py:190} INFO - [2025-02-22T17:20:57.442+0000] {dag.py:4180} INFO - Setting next_dagrun for example_external_task_marker_child to None, run_after=None
[2025-02-22T17:20:57.444+0000] {logging_mixin.py:190} INFO - [2025-02-22T17:20:57.444+0000] {dag.py:4180} INFO - Setting next_dagrun for example_external_task_marker_parent to None, run_after=None
[2025-02-22T17:20:57.453+0000] {processor.py:208} INFO - Processing /home/airflow/.local/lib/python3.12/site-packages/airflow/example_dags/example_external_task_marker_dag.py took 0.053 seconds
[2025-02-22T17:21:27.612+0000] {processor.py:186} INFO - Started process (PID=746) to work on /home/airflow/.local/lib/python3.12/site-packages/airflow/example_dags/example_external_task_marker_dag.py
[2025-02-22T17:21:27.612+0000] {processor.py:914} INFO - Processing file /home/airflow/.local/lib/python3.12/site-packages/airflow/example_dags/example_external_task_marker_dag.py for tasks to queue
[2025-02-22T17:21:27.614+0000] {logging_mixin.py:190} INFO - [2025-02-22T17:21:27.614+0000] {dagbag.py:588} INFO - Filling up the DagBag from /home/airflow/.local/lib/python3.12/site-packages/airflow/example_dags/example_external_task_marker_dag.py
[2025-02-22T17:21:27.620+0000] {processor.py:925} INFO - DAG(s) 'example_external_task_marker_child', 'example_external_task_marker_parent' retrieved from /home/airflow/.local/lib/python3.12/site-packages/airflow/example_dags/example_external_task_marker_dag.py
[2025-02-22T17:21:27.634+0000] {logging_mixin.py:190} INFO - [2025-02-22T17:21:27.634+0000] {dag.py:3239} INFO - Sync 2 DAGs
[2025-02-22T17:21:27.641+0000] {logging_mixin.py:190} INFO - [2025-02-22T17:21:27.641+0000] {dag.py:4180} INFO - Setting next_dagrun for example_external_task_marker_child to None, run_after=None
[2025-02-22T17:21:27.645+0000] {logging_mixin.py:190} INFO - [2025-02-22T17:21:27.645+0000] {dag.py:4180} INFO - Setting next_dagrun for example_external_task_marker_parent to None, run_after=None
[2025-02-22T17:21:27.653+0000] {processor.py:208} INFO - Processing /home/airflow/.local/lib/python3.12/site-packages/airflow/example_dags/example_external_task_marker_dag.py took 0.047 seconds
[2025-02-22T17:21:57.852+0000] {processor.py:186} INFO - Started process (PID=809) to work on /home/airflow/.local/lib/python3.12/site-packages/airflow/example_dags/example_external_task_marker_dag.py
[2025-02-22T17:21:57.853+0000] {processor.py:914} INFO - Processing file /home/airflow/.local/lib/python3.12/site-packages/airflow/example_dags/example_external_task_marker_dag.py for tasks to queue
[2025-02-22T17:21:57.855+0000] {logging_mixin.py:190} INFO - [2025-02-22T17:21:57.855+0000] {dagbag.py:588} INFO - Filling up the DagBag from /home/airflow/.local/lib/python3.12/site-packages/airflow/example_dags/example_external_task_marker_dag.py
[2025-02-22T17:21:57.863+0000] {processor.py:925} INFO - DAG(s) 'example_external_task_marker_parent', 'example_external_task_marker_child' retrieved from /home/airflow/.local/lib/python3.12/site-packages/airflow/example_dags/example_external_task_marker_dag.py
[2025-02-22T17:21:57.878+0000] {logging_mixin.py:190} INFO - [2025-02-22T17:21:57.878+0000] {dag.py:3239} INFO - Sync 2 DAGs
[2025-02-22T17:21:57.885+0000] {logging_mixin.py:190} INFO - [2025-02-22T17:21:57.885+0000] {dag.py:4180} INFO - Setting next_dagrun for example_external_task_marker_child to None, run_after=None
[2025-02-22T17:21:57.888+0000] {logging_mixin.py:190} INFO - [2025-02-22T17:21:57.888+0000] {dag.py:4180} INFO - Setting next_dagrun for example_external_task_marker_parent to None, run_after=None
[2025-02-22T17:21:57.898+0000] {processor.py:208} INFO - Processing /home/airflow/.local/lib/python3.12/site-packages/airflow/example_dags/example_external_task_marker_dag.py took 0.052 seconds
[2025-02-22T17:22:28.071+0000] {processor.py:186} INFO - Started process (PID=872) to work on /home/airflow/.local/lib/python3.12/site-packages/airflow/example_dags/example_external_task_marker_dag.py
[2025-02-22T17:22:28.076+0000] {processor.py:914} INFO - Processing file /home/airflow/.local/lib/python3.12/site-packages/airflow/example_dags/example_external_task_marker_dag.py for tasks to queue
[2025-02-22T17:22:28.078+0000] {logging_mixin.py:190} INFO - [2025-02-22T17:22:28.078+0000] {dagbag.py:588} INFO - Filling up the DagBag from /home/airflow/.local/lib/python3.12/site-packages/airflow/example_dags/example_external_task_marker_dag.py
[2025-02-22T17:22:28.087+0000] {processor.py:925} INFO - DAG(s) 'example_external_task_marker_child', 'example_external_task_marker_parent' retrieved from /home/airflow/.local/lib/python3.12/site-packages/airflow/example_dags/example_external_task_marker_dag.py
[2025-02-22T17:22:28.102+0000] {logging_mixin.py:190} INFO - [2025-02-22T17:22:28.102+0000] {dag.py:3239} INFO - Sync 2 DAGs
[2025-02-22T17:22:28.108+0000] {logging_mixin.py:190} INFO - [2025-02-22T17:22:28.108+0000] {dag.py:4180} INFO - Setting next_dagrun for example_external_task_marker_child to None, run_after=None
[2025-02-22T17:22:28.110+0000] {logging_mixin.py:190} INFO - [2025-02-22T17:22:28.110+0000] {dag.py:4180} INFO - Setting next_dagrun for example_external_task_marker_parent to None, run_after=None
[2025-02-22T17:22:28.117+0000] {processor.py:208} INFO - Processing /home/airflow/.local/lib/python3.12/site-packages/airflow/example_dags/example_external_task_marker_dag.py took 0.053 seconds
[2025-02-22T17:22:58.305+0000] {processor.py:186} INFO - Started process (PID=935) to work on /home/airflow/.local/lib/python3.12/site-packages/airflow/example_dags/example_external_task_marker_dag.py
[2025-02-22T17:22:58.306+0000] {processor.py:914} INFO - Processing file /home/airflow/.local/lib/python3.12/site-packages/airflow/example_dags/example_external_task_marker_dag.py for tasks to queue
[2025-02-22T17:22:58.307+0000] {logging_mixin.py:190} INFO - [2025-02-22T17:22:58.307+0000] {dagbag.py:588} INFO - Filling up the DagBag from /home/airflow/.local/lib/python3.12/site-packages/airflow/example_dags/example_external_task_marker_dag.py
[2025-02-22T17:22:58.312+0000] {processor.py:925} INFO - DAG(s) 'example_external_task_marker_child', 'example_external_task_marker_parent' retrieved from /home/airflow/.local/lib/python3.12/site-packages/airflow/example_dags/example_external_task_marker_dag.py
[2025-02-22T17:22:58.324+0000] {logging_mixin.py:190} INFO - [2025-02-22T17:22:58.324+0000] {dag.py:3239} INFO - Sync 2 DAGs
[2025-02-22T17:22:58.333+0000] {logging_mixin.py:190} INFO - [2025-02-22T17:22:58.333+0000] {dag.py:4180} INFO - Setting next_dagrun for example_external_task_marker_child to None, run_after=None
[2025-02-22T17:22:58.335+0000] {logging_mixin.py:190} INFO - [2025-02-22T17:22:58.335+0000] {dag.py:4180} INFO - Setting next_dagrun for example_external_task_marker_parent to None, run_after=None
[2025-02-22T17:22:58.343+0000] {processor.py:208} INFO - Processing /home/airflow/.local/lib/python3.12/site-packages/airflow/example_dags/example_external_task_marker_dag.py took 0.041 seconds
[2025-02-22T17:23:28.509+0000] {processor.py:186} INFO - Started process (PID=998) to work on /home/airflow/.local/lib/python3.12/site-packages/airflow/example_dags/example_external_task_marker_dag.py
[2025-02-22T17:23:28.510+0000] {processor.py:914} INFO - Processing file /home/airflow/.local/lib/python3.12/site-packages/airflow/example_dags/example_external_task_marker_dag.py for tasks to queue
[2025-02-22T17:23:28.511+0000] {logging_mixin.py:190} INFO - [2025-02-22T17:23:28.511+0000] {dagbag.py:588} INFO - Filling up the DagBag from /home/airflow/.local/lib/python3.12/site-packages/airflow/example_dags/example_external_task_marker_dag.py
[2025-02-22T17:23:28.517+0000] {processor.py:925} INFO - DAG(s) 'example_external_task_marker_child', 'example_external_task_marker_parent' retrieved from /home/airflow/.local/lib/python3.12/site-packages/airflow/example_dags/example_external_task_marker_dag.py
[2025-02-22T17:23:28.529+0000] {logging_mixin.py:190} INFO - [2025-02-22T17:23:28.529+0000] {dag.py:3239} INFO - Sync 2 DAGs
[2025-02-22T17:23:28.536+0000] {logging_mixin.py:190} INFO - [2025-02-22T17:23:28.536+0000] {dag.py:4180} INFO - Setting next_dagrun for example_external_task_marker_child to None, run_after=None
[2025-02-22T17:23:28.538+0000] {logging_mixin.py:190} INFO - [2025-02-22T17:23:28.538+0000] {dag.py:4180} INFO - Setting next_dagrun for example_external_task_marker_parent to None, run_after=None
[2025-02-22T17:23:28.546+0000] {processor.py:208} INFO - Processing /home/airflow/.local/lib/python3.12/site-packages/airflow/example_dags/example_external_task_marker_dag.py took 0.041 seconds
[2025-02-22T17:23:58.832+0000] {processor.py:186} INFO - Started process (PID=1067) to work on /home/airflow/.local/lib/python3.12/site-packages/airflow/example_dags/example_external_task_marker_dag.py
[2025-02-22T17:23:58.832+0000] {processor.py:914} INFO - Processing file /home/airflow/.local/lib/python3.12/site-packages/airflow/example_dags/example_external_task_marker_dag.py for tasks to queue
[2025-02-22T17:23:58.834+0000] {logging_mixin.py:190} INFO - [2025-02-22T17:23:58.834+0000] {dagbag.py:588} INFO - Filling up the DagBag from /home/airflow/.local/lib/python3.12/site-packages/airflow/example_dags/example_external_task_marker_dag.py
[2025-02-22T17:23:58.838+0000] {processor.py:925} INFO - DAG(s) 'example_external_task_marker_parent', 'example_external_task_marker_child' retrieved from /home/airflow/.local/lib/python3.12/site-packages/airflow/example_dags/example_external_task_marker_dag.py
[2025-02-22T17:23:58.850+0000] {logging_mixin.py:190} INFO - [2025-02-22T17:23:58.850+0000] {dag.py:3239} INFO - Sync 2 DAGs
[2025-02-22T17:23:58.856+0000] {logging_mixin.py:190} INFO - [2025-02-22T17:23:58.856+0000] {dag.py:4180} INFO - Setting next_dagrun for example_external_task_marker_child to None, run_after=None
[2025-02-22T17:23:58.859+0000] {logging_mixin.py:190} INFO - [2025-02-22T17:23:58.859+0000] {dag.py:4180} INFO - Setting next_dagrun for example_external_task_marker_parent to None, run_after=None
[2025-02-22T17:23:58.867+0000] {processor.py:208} INFO - Processing /home/airflow/.local/lib/python3.12/site-packages/airflow/example_dags/example_external_task_marker_dag.py took 0.039 seconds
[2025-02-22T17:24:29.036+0000] {processor.py:186} INFO - Started process (PID=1129) to work on /home/airflow/.local/lib/python3.12/site-packages/airflow/example_dags/example_external_task_marker_dag.py
[2025-02-22T17:24:29.036+0000] {processor.py:914} INFO - Processing file /home/airflow/.local/lib/python3.12/site-packages/airflow/example_dags/example_external_task_marker_dag.py for tasks to queue
[2025-02-22T17:24:29.038+0000] {logging_mixin.py:190} INFO - [2025-02-22T17:24:29.038+0000] {dagbag.py:588} INFO - Filling up the DagBag from /home/airflow/.local/lib/python3.12/site-packages/airflow/example_dags/example_external_task_marker_dag.py
[2025-02-22T17:24:29.045+0000] {processor.py:925} INFO - DAG(s) 'example_external_task_marker_parent', 'example_external_task_marker_child' retrieved from /home/airflow/.local/lib/python3.12/site-packages/airflow/example_dags/example_external_task_marker_dag.py
[2025-02-22T17:24:29.064+0000] {logging_mixin.py:190} INFO - [2025-02-22T17:24:29.064+0000] {dag.py:3239} INFO - Sync 2 DAGs
[2025-02-22T17:24:29.072+0000] {logging_mixin.py:190} INFO - [2025-02-22T17:24:29.072+0000] {dag.py:4180} INFO - Setting next_dagrun for example_external_task_marker_child to None, run_after=None
[2025-02-22T17:24:29.074+0000] {logging_mixin.py:190} INFO - [2025-02-22T17:24:29.074+0000] {dag.py:4180} INFO - Setting next_dagrun for example_external_task_marker_parent to None, run_after=None
[2025-02-22T17:24:29.082+0000] {processor.py:208} INFO - Processing /home/airflow/.local/lib/python3.12/site-packages/airflow/example_dags/example_external_task_marker_dag.py took 0.053 seconds
[2025-02-22T17:24:59.257+0000] {processor.py:186} INFO - Started process (PID=1192) to work on /home/airflow/.local/lib/python3.12/site-packages/airflow/example_dags/example_external_task_marker_dag.py
[2025-02-22T17:24:59.259+0000] {processor.py:914} INFO - Processing file /home/airflow/.local/lib/python3.12/site-packages/airflow/example_dags/example_external_task_marker_dag.py for tasks to queue
[2025-02-22T17:24:59.261+0000] {logging_mixin.py:190} INFO - [2025-02-22T17:24:59.261+0000] {dagbag.py:588} INFO - Filling up the DagBag from /home/airflow/.local/lib/python3.12/site-packages/airflow/example_dags/example_external_task_marker_dag.py
[2025-02-22T17:24:59.273+0000] {processor.py:925} INFO - DAG(s) 'example_external_task_marker_child', 'example_external_task_marker_parent' retrieved from /home/airflow/.local/lib/python3.12/site-packages/airflow/example_dags/example_external_task_marker_dag.py
[2025-02-22T17:24:59.286+0000] {logging_mixin.py:190} INFO - [2025-02-22T17:24:59.286+0000] {dag.py:3239} INFO - Sync 2 DAGs
[2025-02-22T17:24:59.293+0000] {logging_mixin.py:190} INFO - [2025-02-22T17:24:59.293+0000] {dag.py:4180} INFO - Setting next_dagrun for example_external_task_marker_child to None, run_after=None
[2025-02-22T17:24:59.296+0000] {logging_mixin.py:190} INFO - [2025-02-22T17:24:59.296+0000] {dag.py:4180} INFO - Setting next_dagrun for example_external_task_marker_parent to None, run_after=None
[2025-02-22T17:24:59.304+0000] {processor.py:208} INFO - Processing /home/airflow/.local/lib/python3.12/site-packages/airflow/example_dags/example_external_task_marker_dag.py took 0.059 seconds
[2025-02-22T17:25:29.539+0000] {processor.py:186} INFO - Started process (PID=1255) to work on /home/airflow/.local/lib/python3.12/site-packages/airflow/example_dags/example_external_task_marker_dag.py
[2025-02-22T17:25:29.540+0000] {processor.py:914} INFO - Processing file /home/airflow/.local/lib/python3.12/site-packages/airflow/example_dags/example_external_task_marker_dag.py for tasks to queue
[2025-02-22T17:25:29.542+0000] {logging_mixin.py:190} INFO - [2025-02-22T17:25:29.542+0000] {dagbag.py:588} INFO - Filling up the DagBag from /home/airflow/.local/lib/python3.12/site-packages/airflow/example_dags/example_external_task_marker_dag.py
[2025-02-22T17:25:29.548+0000] {processor.py:925} INFO - DAG(s) 'example_external_task_marker_child', 'example_external_task_marker_parent' retrieved from /home/airflow/.local/lib/python3.12/site-packages/airflow/example_dags/example_external_task_marker_dag.py
[2025-02-22T17:25:29.564+0000] {logging_mixin.py:190} INFO - [2025-02-22T17:25:29.564+0000] {dag.py:3239} INFO - Sync 2 DAGs
[2025-02-22T17:25:29.571+0000] {logging_mixin.py:190} INFO - [2025-02-22T17:25:29.571+0000] {dag.py:4180} INFO - Setting next_dagrun for example_external_task_marker_child to None, run_after=None
[2025-02-22T17:25:29.574+0000] {logging_mixin.py:190} INFO - [2025-02-22T17:25:29.574+0000] {dag.py:4180} INFO - Setting next_dagrun for example_external_task_marker_parent to None, run_after=None
[2025-02-22T17:25:29.584+0000] {processor.py:208} INFO - Processing /home/airflow/.local/lib/python3.12/site-packages/airflow/example_dags/example_external_task_marker_dag.py took 0.052 seconds
[2025-02-22T17:25:59.798+0000] {processor.py:186} INFO - Started process (PID=1318) to work on /home/airflow/.local/lib/python3.12/site-packages/airflow/example_dags/example_external_task_marker_dag.py
[2025-02-22T17:25:59.798+0000] {processor.py:914} INFO - Processing file /home/airflow/.local/lib/python3.12/site-packages/airflow/example_dags/example_external_task_marker_dag.py for tasks to queue
[2025-02-22T17:25:59.801+0000] {logging_mixin.py:190} INFO - [2025-02-22T17:25:59.800+0000] {dagbag.py:588} INFO - Filling up the DagBag from /home/airflow/.local/lib/python3.12/site-packages/airflow/example_dags/example_external_task_marker_dag.py
[2025-02-22T17:25:59.807+0000] {processor.py:925} INFO - DAG(s) 'example_external_task_marker_parent', 'example_external_task_marker_child' retrieved from /home/airflow/.local/lib/python3.12/site-packages/airflow/example_dags/example_external_task_marker_dag.py
[2025-02-22T17:25:59.827+0000] {logging_mixin.py:190} INFO - [2025-02-22T17:25:59.827+0000] {dag.py:3239} INFO - Sync 2 DAGs
[2025-02-22T17:25:59.833+0000] {logging_mixin.py:190} INFO - [2025-02-22T17:25:59.833+0000] {dag.py:4180} INFO - Setting next_dagrun for example_external_task_marker_child to None, run_after=None
[2025-02-22T17:25:59.835+0000] {logging_mixin.py:190} INFO - [2025-02-22T17:25:59.835+0000] {dag.py:4180} INFO - Setting next_dagrun for example_external_task_marker_parent to None, run_after=None
[2025-02-22T17:25:59.844+0000] {processor.py:208} INFO - Processing /home/airflow/.local/lib/python3.12/site-packages/airflow/example_dags/example_external_task_marker_dag.py took 0.053 seconds
[2025-02-22T17:26:29.968+0000] {processor.py:186} INFO - Started process (PID=1381) to work on /home/airflow/.local/lib/python3.12/site-packages/airflow/example_dags/example_external_task_marker_dag.py
[2025-02-22T17:26:29.969+0000] {processor.py:914} INFO - Processing file /home/airflow/.local/lib/python3.12/site-packages/airflow/example_dags/example_external_task_marker_dag.py for tasks to queue
[2025-02-22T17:26:29.971+0000] {logging_mixin.py:190} INFO - [2025-02-22T17:26:29.971+0000] {dagbag.py:588} INFO - Filling up the DagBag from /home/airflow/.local/lib/python3.12/site-packages/airflow/example_dags/example_external_task_marker_dag.py
[2025-02-22T17:26:29.979+0000] {processor.py:925} INFO - DAG(s) 'example_external_task_marker_child', 'example_external_task_marker_parent' retrieved from /home/airflow/.local/lib/python3.12/site-packages/airflow/example_dags/example_external_task_marker_dag.py
[2025-02-22T17:26:29.994+0000] {logging_mixin.py:190} INFO - [2025-02-22T17:26:29.994+0000] {dag.py:3239} INFO - Sync 2 DAGs
[2025-02-22T17:26:30.000+0000] {logging_mixin.py:190} INFO - [2025-02-22T17:26:30.000+0000] {dag.py:4180} INFO - Setting next_dagrun for example_external_task_marker_child to None, run_after=None
[2025-02-22T17:26:30.003+0000] {logging_mixin.py:190} INFO - [2025-02-22T17:26:30.003+0000] {dag.py:4180} INFO - Setting next_dagrun for example_external_task_marker_parent to None, run_after=None
[2025-02-22T17:26:30.014+0000] {processor.py:208} INFO - Processing /home/airflow/.local/lib/python3.12/site-packages/airflow/example_dags/example_external_task_marker_dag.py took 0.051 seconds
