[2025-02-22T17:05:26.951+0000] {processor.py:186} INFO - Started process (PID=74) to work on /home/airflow/.local/lib/python3.12/site-packages/airflow/example_dags/example_dataset_alias_with_no_taskflow.py
[2025-02-22T17:05:26.951+0000] {processor.py:914} INFO - Processing file /home/airflow/.local/lib/python3.12/site-packages/airflow/example_dags/example_dataset_alias_with_no_taskflow.py for tasks to queue
[2025-02-22T17:05:26.952+0000] {logging_mixin.py:190} INFO - [2025-02-22T17:05:26.952+0000] {dagbag.py:588} INFO - Filling up the DagBag from /home/airflow/.local/lib/python3.12/site-packages/airflow/example_dags/example_dataset_alias_with_no_taskflow.py
[2025-02-22T17:05:27.196+0000] {processor.py:925} INFO - DAG(s) 'dataset_alias_example_alias_producer_with_no_taskflow', 'dataset_alias_example_alias_consumer_with_no_taskflow', 'dataset_s3_bucket_producer_with_no_taskflow', 'dataset_s3_bucket_consumer_with_no_taskflow' retrieved from /home/airflow/.local/lib/python3.12/site-packages/airflow/example_dags/example_dataset_alias_with_no_taskflow.py
[2025-02-22T17:05:27.238+0000] {logging_mixin.py:190} INFO - [2025-02-22T17:05:27.238+0000] {override.py:1912} INFO - Created Permission View: can edit on DAG:dataset_alias_example_alias_producer_with_no_taskflow
[2025-02-22T17:05:27.242+0000] {logging_mixin.py:190} INFO - [2025-02-22T17:05:27.242+0000] {override.py:1912} INFO - Created Permission View: can delete on DAG:dataset_alias_example_alias_producer_with_no_taskflow
[2025-02-22T17:05:27.244+0000] {logging_mixin.py:190} INFO - [2025-02-22T17:05:27.244+0000] {override.py:1912} INFO - Created Permission View: can read on DAG:dataset_alias_example_alias_producer_with_no_taskflow
[2025-02-22T17:05:27.246+0000] {logging_mixin.py:190} INFO - [2025-02-22T17:05:27.246+0000] {override.py:1912} INFO - Created Permission View: menu access on DAG Run:dataset_alias_example_alias_producer_with_no_taskflow
[2025-02-22T17:05:27.249+0000] {logging_mixin.py:190} INFO - [2025-02-22T17:05:27.248+0000] {override.py:1912} INFO - Created Permission View: can create on DAG Run:dataset_alias_example_alias_producer_with_no_taskflow
[2025-02-22T17:05:27.250+0000] {logging_mixin.py:190} INFO - [2025-02-22T17:05:27.250+0000] {override.py:1912} INFO - Created Permission View: can delete on DAG Run:dataset_alias_example_alias_producer_with_no_taskflow
[2025-02-22T17:05:27.252+0000] {logging_mixin.py:190} INFO - [2025-02-22T17:05:27.252+0000] {override.py:1912} INFO - Created Permission View: can read on DAG Run:dataset_alias_example_alias_producer_with_no_taskflow
[2025-02-22T17:05:27.256+0000] {logging_mixin.py:190} INFO - [2025-02-22T17:05:27.256+0000] {override.py:1912} INFO - Created Permission View: can edit on DAG:dataset_alias_example_alias_consumer_with_no_taskflow
[2025-02-22T17:05:27.258+0000] {logging_mixin.py:190} INFO - [2025-02-22T17:05:27.258+0000] {override.py:1912} INFO - Created Permission View: can delete on DAG:dataset_alias_example_alias_consumer_with_no_taskflow
[2025-02-22T17:05:27.260+0000] {logging_mixin.py:190} INFO - [2025-02-22T17:05:27.260+0000] {override.py:1912} INFO - Created Permission View: can read on DAG:dataset_alias_example_alias_consumer_with_no_taskflow
[2025-02-22T17:05:27.262+0000] {logging_mixin.py:190} INFO - [2025-02-22T17:05:27.262+0000] {override.py:1912} INFO - Created Permission View: menu access on DAG Run:dataset_alias_example_alias_consumer_with_no_taskflow
[2025-02-22T17:05:27.265+0000] {logging_mixin.py:190} INFO - [2025-02-22T17:05:27.265+0000] {override.py:1912} INFO - Created Permission View: can create on DAG Run:dataset_alias_example_alias_consumer_with_no_taskflow
[2025-02-22T17:05:27.267+0000] {logging_mixin.py:190} INFO - [2025-02-22T17:05:27.267+0000] {override.py:1912} INFO - Created Permission View: can delete on DAG Run:dataset_alias_example_alias_consumer_with_no_taskflow
[2025-02-22T17:05:27.269+0000] {logging_mixin.py:190} INFO - [2025-02-22T17:05:27.269+0000] {override.py:1912} INFO - Created Permission View: can read on DAG Run:dataset_alias_example_alias_consumer_with_no_taskflow
[2025-02-22T17:05:27.273+0000] {logging_mixin.py:190} INFO - [2025-02-22T17:05:27.273+0000] {override.py:1912} INFO - Created Permission View: can edit on DAG:dataset_s3_bucket_producer_with_no_taskflow
[2025-02-22T17:05:27.275+0000] {logging_mixin.py:190} INFO - [2025-02-22T17:05:27.275+0000] {override.py:1912} INFO - Created Permission View: can delete on DAG:dataset_s3_bucket_producer_with_no_taskflow
[2025-02-22T17:05:27.277+0000] {logging_mixin.py:190} INFO - [2025-02-22T17:05:27.277+0000] {override.py:1912} INFO - Created Permission View: can read on DAG:dataset_s3_bucket_producer_with_no_taskflow
[2025-02-22T17:05:27.279+0000] {logging_mixin.py:190} INFO - [2025-02-22T17:05:27.279+0000] {override.py:1912} INFO - Created Permission View: menu access on DAG Run:dataset_s3_bucket_producer_with_no_taskflow
[2025-02-22T17:05:27.281+0000] {logging_mixin.py:190} INFO - [2025-02-22T17:05:27.281+0000] {override.py:1912} INFO - Created Permission View: can create on DAG Run:dataset_s3_bucket_producer_with_no_taskflow
[2025-02-22T17:05:27.283+0000] {logging_mixin.py:190} INFO - [2025-02-22T17:05:27.282+0000] {override.py:1912} INFO - Created Permission View: can delete on DAG Run:dataset_s3_bucket_producer_with_no_taskflow
[2025-02-22T17:05:27.284+0000] {logging_mixin.py:190} INFO - [2025-02-22T17:05:27.284+0000] {override.py:1912} INFO - Created Permission View: can read on DAG Run:dataset_s3_bucket_producer_with_no_taskflow
[2025-02-22T17:05:27.288+0000] {logging_mixin.py:190} INFO - [2025-02-22T17:05:27.288+0000] {override.py:1912} INFO - Created Permission View: can edit on DAG:dataset_s3_bucket_consumer_with_no_taskflow
[2025-02-22T17:05:27.290+0000] {logging_mixin.py:190} INFO - [2025-02-22T17:05:27.290+0000] {override.py:1912} INFO - Created Permission View: can delete on DAG:dataset_s3_bucket_consumer_with_no_taskflow
[2025-02-22T17:05:27.292+0000] {logging_mixin.py:190} INFO - [2025-02-22T17:05:27.292+0000] {override.py:1912} INFO - Created Permission View: can read on DAG:dataset_s3_bucket_consumer_with_no_taskflow
[2025-02-22T17:05:27.294+0000] {logging_mixin.py:190} INFO - [2025-02-22T17:05:27.294+0000] {override.py:1912} INFO - Created Permission View: menu access on DAG Run:dataset_s3_bucket_consumer_with_no_taskflow
[2025-02-22T17:05:27.296+0000] {logging_mixin.py:190} INFO - [2025-02-22T17:05:27.296+0000] {override.py:1912} INFO - Created Permission View: can create on DAG Run:dataset_s3_bucket_consumer_with_no_taskflow
[2025-02-22T17:05:27.298+0000] {logging_mixin.py:190} INFO - [2025-02-22T17:05:27.298+0000] {override.py:1912} INFO - Created Permission View: can delete on DAG Run:dataset_s3_bucket_consumer_with_no_taskflow
[2025-02-22T17:05:27.300+0000] {logging_mixin.py:190} INFO - [2025-02-22T17:05:27.300+0000] {override.py:1912} INFO - Created Permission View: can read on DAG Run:dataset_s3_bucket_consumer_with_no_taskflow
[2025-02-22T17:05:27.300+0000] {logging_mixin.py:190} INFO - [2025-02-22T17:05:27.300+0000] {dag.py:3239} INFO - Sync 4 DAGs
[2025-02-22T17:05:27.304+0000] {logging_mixin.py:190} INFO - [2025-02-22T17:05:27.304+0000] {dag.py:3262} INFO - Creating ORM DAG for dataset_s3_bucket_consumer_with_no_taskflow
[2025-02-22T17:05:27.305+0000] {logging_mixin.py:190} INFO - [2025-02-22T17:05:27.305+0000] {dag.py:3262} INFO - Creating ORM DAG for dataset_alias_example_alias_consumer_with_no_taskflow
[2025-02-22T17:05:27.305+0000] {logging_mixin.py:190} INFO - [2025-02-22T17:05:27.305+0000] {dag.py:3262} INFO - Creating ORM DAG for dataset_alias_example_alias_producer_with_no_taskflow
[2025-02-22T17:05:27.305+0000] {logging_mixin.py:190} INFO - [2025-02-22T17:05:27.305+0000] {dag.py:3262} INFO - Creating ORM DAG for dataset_s3_bucket_producer_with_no_taskflow
[2025-02-22T17:05:27.308+0000] {logging_mixin.py:190} INFO - [2025-02-22T17:05:27.308+0000] {dag.py:4180} INFO - Setting next_dagrun for dataset_alias_example_alias_consumer_with_no_taskflow to None, run_after=None
[2025-02-22T17:05:27.308+0000] {logging_mixin.py:190} INFO - [2025-02-22T17:05:27.308+0000] {dag.py:4180} INFO - Setting next_dagrun for dataset_alias_example_alias_producer_with_no_taskflow to None, run_after=None
[2025-02-22T17:05:27.309+0000] {logging_mixin.py:190} INFO - [2025-02-22T17:05:27.309+0000] {dag.py:4180} INFO - Setting next_dagrun for dataset_s3_bucket_consumer_with_no_taskflow to None, run_after=None
[2025-02-22T17:05:27.309+0000] {logging_mixin.py:190} INFO - [2025-02-22T17:05:27.309+0000] {dag.py:4180} INFO - Setting next_dagrun for dataset_s3_bucket_producer_with_no_taskflow to None, run_after=None
[2025-02-22T17:05:27.319+0000] {processor.py:208} INFO - Processing /home/airflow/.local/lib/python3.12/site-packages/airflow/example_dags/example_dataset_alias_with_no_taskflow.py took 0.371 seconds
[2025-02-22T17:05:57.663+0000] {processor.py:186} INFO - Started process (PID=137) to work on /home/airflow/.local/lib/python3.12/site-packages/airflow/example_dags/example_dataset_alias_with_no_taskflow.py
[2025-02-22T17:05:57.664+0000] {processor.py:914} INFO - Processing file /home/airflow/.local/lib/python3.12/site-packages/airflow/example_dags/example_dataset_alias_with_no_taskflow.py for tasks to queue
[2025-02-22T17:05:57.664+0000] {logging_mixin.py:190} INFO - [2025-02-22T17:05:57.664+0000] {dagbag.py:588} INFO - Filling up the DagBag from /home/airflow/.local/lib/python3.12/site-packages/airflow/example_dags/example_dataset_alias_with_no_taskflow.py
[2025-02-22T17:05:57.875+0000] {processor.py:925} INFO - DAG(s) 'dataset_s3_bucket_consumer_with_no_taskflow', 'dataset_s3_bucket_producer_with_no_taskflow', 'dataset_alias_example_alias_consumer_with_no_taskflow', 'dataset_alias_example_alias_producer_with_no_taskflow' retrieved from /home/airflow/.local/lib/python3.12/site-packages/airflow/example_dags/example_dataset_alias_with_no_taskflow.py
[2025-02-22T17:05:57.894+0000] {logging_mixin.py:190} INFO - [2025-02-22T17:05:57.894+0000] {dag.py:3239} INFO - Sync 4 DAGs
[2025-02-22T17:05:57.908+0000] {logging_mixin.py:190} INFO - [2025-02-22T17:05:57.908+0000] {dag.py:4180} INFO - Setting next_dagrun for dataset_alias_example_alias_consumer_with_no_taskflow to None, run_after=None
[2025-02-22T17:05:57.910+0000] {logging_mixin.py:190} INFO - [2025-02-22T17:05:57.909+0000] {dag.py:4180} INFO - Setting next_dagrun for dataset_alias_example_alias_producer_with_no_taskflow to None, run_after=None
[2025-02-22T17:05:57.911+0000] {logging_mixin.py:190} INFO - [2025-02-22T17:05:57.911+0000] {dag.py:4180} INFO - Setting next_dagrun for dataset_s3_bucket_consumer_with_no_taskflow to None, run_after=None
[2025-02-22T17:05:57.911+0000] {logging_mixin.py:190} INFO - [2025-02-22T17:05:57.911+0000] {dag.py:4180} INFO - Setting next_dagrun for dataset_s3_bucket_producer_with_no_taskflow to None, run_after=None
[2025-02-22T17:05:57.922+0000] {processor.py:208} INFO - Processing /home/airflow/.local/lib/python3.12/site-packages/airflow/example_dags/example_dataset_alias_with_no_taskflow.py took 0.261 seconds
[2025-02-22T17:06:27.993+0000] {processor.py:186} INFO - Started process (PID=200) to work on /home/airflow/.local/lib/python3.12/site-packages/airflow/example_dags/example_dataset_alias_with_no_taskflow.py
[2025-02-22T17:06:27.994+0000] {processor.py:914} INFO - Processing file /home/airflow/.local/lib/python3.12/site-packages/airflow/example_dags/example_dataset_alias_with_no_taskflow.py for tasks to queue
[2025-02-22T17:06:27.995+0000] {logging_mixin.py:190} INFO - [2025-02-22T17:06:27.995+0000] {dagbag.py:588} INFO - Filling up the DagBag from /home/airflow/.local/lib/python3.12/site-packages/airflow/example_dags/example_dataset_alias_with_no_taskflow.py
[2025-02-22T17:06:28.225+0000] {processor.py:925} INFO - DAG(s) 'dataset_alias_example_alias_producer_with_no_taskflow', 'dataset_s3_bucket_producer_with_no_taskflow', 'dataset_alias_example_alias_consumer_with_no_taskflow', 'dataset_s3_bucket_consumer_with_no_taskflow' retrieved from /home/airflow/.local/lib/python3.12/site-packages/airflow/example_dags/example_dataset_alias_with_no_taskflow.py
[2025-02-22T17:06:28.231+0000] {logging_mixin.py:190} INFO - [2025-02-22T17:06:28.231+0000] {dag.py:3239} INFO - Sync 4 DAGs
[2025-02-22T17:06:28.238+0000] {logging_mixin.py:190} INFO - [2025-02-22T17:06:28.238+0000] {dag.py:4180} INFO - Setting next_dagrun for dataset_alias_example_alias_consumer_with_no_taskflow to None, run_after=None
[2025-02-22T17:06:28.239+0000] {logging_mixin.py:190} INFO - [2025-02-22T17:06:28.239+0000] {dag.py:4180} INFO - Setting next_dagrun for dataset_alias_example_alias_producer_with_no_taskflow to None, run_after=None
[2025-02-22T17:06:28.241+0000] {logging_mixin.py:190} INFO - [2025-02-22T17:06:28.241+0000] {dag.py:4180} INFO - Setting next_dagrun for dataset_s3_bucket_consumer_with_no_taskflow to None, run_after=None
[2025-02-22T17:06:28.241+0000] {logging_mixin.py:190} INFO - [2025-02-22T17:06:28.241+0000] {dag.py:4180} INFO - Setting next_dagrun for dataset_s3_bucket_producer_with_no_taskflow to None, run_after=None
[2025-02-22T17:06:28.248+0000] {processor.py:208} INFO - Processing /home/airflow/.local/lib/python3.12/site-packages/airflow/example_dags/example_dataset_alias_with_no_taskflow.py took 0.259 seconds
[2025-02-22T17:06:58.972+0000] {processor.py:186} INFO - Started process (PID=262) to work on /home/airflow/.local/lib/python3.12/site-packages/airflow/example_dags/example_dataset_alias_with_no_taskflow.py
[2025-02-22T17:06:58.973+0000] {processor.py:914} INFO - Processing file /home/airflow/.local/lib/python3.12/site-packages/airflow/example_dags/example_dataset_alias_with_no_taskflow.py for tasks to queue
[2025-02-22T17:06:58.974+0000] {logging_mixin.py:190} INFO - [2025-02-22T17:06:58.974+0000] {dagbag.py:588} INFO - Filling up the DagBag from /home/airflow/.local/lib/python3.12/site-packages/airflow/example_dags/example_dataset_alias_with_no_taskflow.py
[2025-02-22T17:06:59.190+0000] {processor.py:925} INFO - DAG(s) 'dataset_alias_example_alias_consumer_with_no_taskflow', 'dataset_alias_example_alias_producer_with_no_taskflow', 'dataset_s3_bucket_producer_with_no_taskflow', 'dataset_s3_bucket_consumer_with_no_taskflow' retrieved from /home/airflow/.local/lib/python3.12/site-packages/airflow/example_dags/example_dataset_alias_with_no_taskflow.py
[2025-02-22T17:06:59.198+0000] {logging_mixin.py:190} INFO - [2025-02-22T17:06:59.198+0000] {dag.py:3239} INFO - Sync 4 DAGs
[2025-02-22T17:06:59.205+0000] {logging_mixin.py:190} INFO - [2025-02-22T17:06:59.205+0000] {dag.py:4180} INFO - Setting next_dagrun for dataset_alias_example_alias_consumer_with_no_taskflow to None, run_after=None
[2025-02-22T17:06:59.206+0000] {logging_mixin.py:190} INFO - [2025-02-22T17:06:59.205+0000] {dag.py:4180} INFO - Setting next_dagrun for dataset_alias_example_alias_producer_with_no_taskflow to None, run_after=None
[2025-02-22T17:06:59.206+0000] {logging_mixin.py:190} INFO - [2025-02-22T17:06:59.206+0000] {dag.py:4180} INFO - Setting next_dagrun for dataset_s3_bucket_consumer_with_no_taskflow to None, run_after=None
[2025-02-22T17:06:59.206+0000] {logging_mixin.py:190} INFO - [2025-02-22T17:06:59.206+0000] {dag.py:4180} INFO - Setting next_dagrun for dataset_s3_bucket_producer_with_no_taskflow to None, run_after=None
[2025-02-22T17:06:59.213+0000] {processor.py:208} INFO - Processing /home/airflow/.local/lib/python3.12/site-packages/airflow/example_dags/example_dataset_alias_with_no_taskflow.py took 0.243 seconds
[2025-02-22T17:07:30.125+0000] {processor.py:186} INFO - Started process (PID=325) to work on /home/airflow/.local/lib/python3.12/site-packages/airflow/example_dags/example_dataset_alias_with_no_taskflow.py
[2025-02-22T17:07:30.125+0000] {processor.py:914} INFO - Processing file /home/airflow/.local/lib/python3.12/site-packages/airflow/example_dags/example_dataset_alias_with_no_taskflow.py for tasks to queue
[2025-02-22T17:07:30.126+0000] {logging_mixin.py:190} INFO - [2025-02-22T17:07:30.126+0000] {dagbag.py:588} INFO - Filling up the DagBag from /home/airflow/.local/lib/python3.12/site-packages/airflow/example_dags/example_dataset_alias_with_no_taskflow.py
[2025-02-22T17:07:30.359+0000] {processor.py:925} INFO - DAG(s) 'dataset_alias_example_alias_consumer_with_no_taskflow', 'dataset_s3_bucket_consumer_with_no_taskflow', 'dataset_s3_bucket_producer_with_no_taskflow', 'dataset_alias_example_alias_producer_with_no_taskflow' retrieved from /home/airflow/.local/lib/python3.12/site-packages/airflow/example_dags/example_dataset_alias_with_no_taskflow.py
[2025-02-22T17:07:30.369+0000] {logging_mixin.py:190} INFO - [2025-02-22T17:07:30.369+0000] {dag.py:3239} INFO - Sync 4 DAGs
[2025-02-22T17:07:30.376+0000] {logging_mixin.py:190} INFO - [2025-02-22T17:07:30.376+0000] {dag.py:4180} INFO - Setting next_dagrun for dataset_alias_example_alias_consumer_with_no_taskflow to None, run_after=None
[2025-02-22T17:07:30.377+0000] {logging_mixin.py:190} INFO - [2025-02-22T17:07:30.377+0000] {dag.py:4180} INFO - Setting next_dagrun for dataset_alias_example_alias_producer_with_no_taskflow to None, run_after=None
[2025-02-22T17:07:30.378+0000] {logging_mixin.py:190} INFO - [2025-02-22T17:07:30.377+0000] {dag.py:4180} INFO - Setting next_dagrun for dataset_s3_bucket_consumer_with_no_taskflow to None, run_after=None
[2025-02-22T17:07:30.378+0000] {logging_mixin.py:190} INFO - [2025-02-22T17:07:30.378+0000] {dag.py:4180} INFO - Setting next_dagrun for dataset_s3_bucket_producer_with_no_taskflow to None, run_after=None
[2025-02-22T17:07:30.385+0000] {processor.py:208} INFO - Processing /home/airflow/.local/lib/python3.12/site-packages/airflow/example_dags/example_dataset_alias_with_no_taskflow.py took 0.263 seconds
[2025-02-22T17:08:01.200+0000] {processor.py:186} INFO - Started process (PID=387) to work on /home/airflow/.local/lib/python3.12/site-packages/airflow/example_dags/example_dataset_alias_with_no_taskflow.py
[2025-02-22T17:08:01.201+0000] {processor.py:914} INFO - Processing file /home/airflow/.local/lib/python3.12/site-packages/airflow/example_dags/example_dataset_alias_with_no_taskflow.py for tasks to queue
[2025-02-22T17:08:01.202+0000] {logging_mixin.py:190} INFO - [2025-02-22T17:08:01.202+0000] {dagbag.py:588} INFO - Filling up the DagBag from /home/airflow/.local/lib/python3.12/site-packages/airflow/example_dags/example_dataset_alias_with_no_taskflow.py
[2025-02-22T17:08:01.417+0000] {processor.py:925} INFO - DAG(s) 'dataset_alias_example_alias_consumer_with_no_taskflow', 'dataset_alias_example_alias_producer_with_no_taskflow', 'dataset_s3_bucket_consumer_with_no_taskflow', 'dataset_s3_bucket_producer_with_no_taskflow' retrieved from /home/airflow/.local/lib/python3.12/site-packages/airflow/example_dags/example_dataset_alias_with_no_taskflow.py
[2025-02-22T17:08:01.425+0000] {logging_mixin.py:190} INFO - [2025-02-22T17:08:01.424+0000] {dag.py:3239} INFO - Sync 4 DAGs
[2025-02-22T17:08:01.431+0000] {logging_mixin.py:190} INFO - [2025-02-22T17:08:01.431+0000] {dag.py:4180} INFO - Setting next_dagrun for dataset_alias_example_alias_consumer_with_no_taskflow to None, run_after=None
[2025-02-22T17:08:01.432+0000] {logging_mixin.py:190} INFO - [2025-02-22T17:08:01.432+0000] {dag.py:4180} INFO - Setting next_dagrun for dataset_alias_example_alias_producer_with_no_taskflow to None, run_after=None
[2025-02-22T17:08:01.433+0000] {logging_mixin.py:190} INFO - [2025-02-22T17:08:01.433+0000] {dag.py:4180} INFO - Setting next_dagrun for dataset_s3_bucket_consumer_with_no_taskflow to None, run_after=None
[2025-02-22T17:08:01.433+0000] {logging_mixin.py:190} INFO - [2025-02-22T17:08:01.433+0000] {dag.py:4180} INFO - Setting next_dagrun for dataset_s3_bucket_producer_with_no_taskflow to None, run_after=None
[2025-02-22T17:08:01.439+0000] {processor.py:208} INFO - Processing /home/airflow/.local/lib/python3.12/site-packages/airflow/example_dags/example_dataset_alias_with_no_taskflow.py took 0.242 seconds
[2025-02-22T17:08:32.239+0000] {processor.py:186} INFO - Started process (PID=450) to work on /home/airflow/.local/lib/python3.12/site-packages/airflow/example_dags/example_dataset_alias_with_no_taskflow.py
[2025-02-22T17:08:32.239+0000] {processor.py:914} INFO - Processing file /home/airflow/.local/lib/python3.12/site-packages/airflow/example_dags/example_dataset_alias_with_no_taskflow.py for tasks to queue
[2025-02-22T17:08:32.240+0000] {logging_mixin.py:190} INFO - [2025-02-22T17:08:32.240+0000] {dagbag.py:588} INFO - Filling up the DagBag from /home/airflow/.local/lib/python3.12/site-packages/airflow/example_dags/example_dataset_alias_with_no_taskflow.py
[2025-02-22T17:08:32.469+0000] {processor.py:925} INFO - DAG(s) 'dataset_alias_example_alias_producer_with_no_taskflow', 'dataset_s3_bucket_consumer_with_no_taskflow', 'dataset_s3_bucket_producer_with_no_taskflow', 'dataset_alias_example_alias_consumer_with_no_taskflow' retrieved from /home/airflow/.local/lib/python3.12/site-packages/airflow/example_dags/example_dataset_alias_with_no_taskflow.py
[2025-02-22T17:08:32.478+0000] {logging_mixin.py:190} INFO - [2025-02-22T17:08:32.478+0000] {dag.py:3239} INFO - Sync 4 DAGs
[2025-02-22T17:08:32.486+0000] {logging_mixin.py:190} INFO - [2025-02-22T17:08:32.486+0000] {dag.py:4180} INFO - Setting next_dagrun for dataset_alias_example_alias_consumer_with_no_taskflow to None, run_after=None
[2025-02-22T17:08:32.487+0000] {logging_mixin.py:190} INFO - [2025-02-22T17:08:32.487+0000] {dag.py:4180} INFO - Setting next_dagrun for dataset_alias_example_alias_producer_with_no_taskflow to None, run_after=None
[2025-02-22T17:08:32.488+0000] {logging_mixin.py:190} INFO - [2025-02-22T17:08:32.488+0000] {dag.py:4180} INFO - Setting next_dagrun for dataset_s3_bucket_consumer_with_no_taskflow to None, run_after=None
[2025-02-22T17:08:32.488+0000] {logging_mixin.py:190} INFO - [2025-02-22T17:08:32.488+0000] {dag.py:4180} INFO - Setting next_dagrun for dataset_s3_bucket_producer_with_no_taskflow to None, run_after=None
[2025-02-22T17:08:32.497+0000] {processor.py:208} INFO - Processing /home/airflow/.local/lib/python3.12/site-packages/airflow/example_dags/example_dataset_alias_with_no_taskflow.py took 0.261 seconds
[2025-02-22T17:09:03.212+0000] {processor.py:186} INFO - Started process (PID=513) to work on /home/airflow/.local/lib/python3.12/site-packages/airflow/example_dags/example_dataset_alias_with_no_taskflow.py
[2025-02-22T17:09:03.212+0000] {processor.py:914} INFO - Processing file /home/airflow/.local/lib/python3.12/site-packages/airflow/example_dags/example_dataset_alias_with_no_taskflow.py for tasks to queue
[2025-02-22T17:09:03.213+0000] {logging_mixin.py:190} INFO - [2025-02-22T17:09:03.213+0000] {dagbag.py:588} INFO - Filling up the DagBag from /home/airflow/.local/lib/python3.12/site-packages/airflow/example_dags/example_dataset_alias_with_no_taskflow.py
[2025-02-22T17:09:03.441+0000] {processor.py:925} INFO - DAG(s) 'dataset_s3_bucket_consumer_with_no_taskflow', 'dataset_s3_bucket_producer_with_no_taskflow', 'dataset_alias_example_alias_producer_with_no_taskflow', 'dataset_alias_example_alias_consumer_with_no_taskflow' retrieved from /home/airflow/.local/lib/python3.12/site-packages/airflow/example_dags/example_dataset_alias_with_no_taskflow.py
[2025-02-22T17:09:03.448+0000] {logging_mixin.py:190} INFO - [2025-02-22T17:09:03.447+0000] {dag.py:3239} INFO - Sync 4 DAGs
[2025-02-22T17:09:03.454+0000] {logging_mixin.py:190} INFO - [2025-02-22T17:09:03.454+0000] {dag.py:4180} INFO - Setting next_dagrun for dataset_alias_example_alias_consumer_with_no_taskflow to None, run_after=None
[2025-02-22T17:09:03.455+0000] {logging_mixin.py:190} INFO - [2025-02-22T17:09:03.455+0000] {dag.py:4180} INFO - Setting next_dagrun for dataset_alias_example_alias_producer_with_no_taskflow to None, run_after=None
[2025-02-22T17:09:03.455+0000] {logging_mixin.py:190} INFO - [2025-02-22T17:09:03.455+0000] {dag.py:4180} INFO - Setting next_dagrun for dataset_s3_bucket_consumer_with_no_taskflow to None, run_after=None
[2025-02-22T17:09:03.456+0000] {logging_mixin.py:190} INFO - [2025-02-22T17:09:03.456+0000] {dag.py:4180} INFO - Setting next_dagrun for dataset_s3_bucket_producer_with_no_taskflow to None, run_after=None
[2025-02-22T17:09:03.462+0000] {processor.py:208} INFO - Processing /home/airflow/.local/lib/python3.12/site-packages/airflow/example_dags/example_dataset_alias_with_no_taskflow.py took 0.253 seconds
[2025-02-22T17:09:34.259+0000] {processor.py:186} INFO - Started process (PID=576) to work on /home/airflow/.local/lib/python3.12/site-packages/airflow/example_dags/example_dataset_alias_with_no_taskflow.py
[2025-02-22T17:09:34.259+0000] {processor.py:914} INFO - Processing file /home/airflow/.local/lib/python3.12/site-packages/airflow/example_dags/example_dataset_alias_with_no_taskflow.py for tasks to queue
[2025-02-22T17:09:34.260+0000] {logging_mixin.py:190} INFO - [2025-02-22T17:09:34.260+0000] {dagbag.py:588} INFO - Filling up the DagBag from /home/airflow/.local/lib/python3.12/site-packages/airflow/example_dags/example_dataset_alias_with_no_taskflow.py
[2025-02-22T17:09:34.476+0000] {processor.py:925} INFO - DAG(s) 'dataset_s3_bucket_consumer_with_no_taskflow', 'dataset_s3_bucket_producer_with_no_taskflow', 'dataset_alias_example_alias_consumer_with_no_taskflow', 'dataset_alias_example_alias_producer_with_no_taskflow' retrieved from /home/airflow/.local/lib/python3.12/site-packages/airflow/example_dags/example_dataset_alias_with_no_taskflow.py
[2025-02-22T17:09:34.483+0000] {logging_mixin.py:190} INFO - [2025-02-22T17:09:34.483+0000] {dag.py:3239} INFO - Sync 4 DAGs
[2025-02-22T17:09:34.490+0000] {logging_mixin.py:190} INFO - [2025-02-22T17:09:34.490+0000] {dag.py:4180} INFO - Setting next_dagrun for dataset_alias_example_alias_consumer_with_no_taskflow to None, run_after=None
[2025-02-22T17:09:34.491+0000] {logging_mixin.py:190} INFO - [2025-02-22T17:09:34.491+0000] {dag.py:4180} INFO - Setting next_dagrun for dataset_alias_example_alias_producer_with_no_taskflow to None, run_after=None
[2025-02-22T17:09:34.491+0000] {logging_mixin.py:190} INFO - [2025-02-22T17:09:34.491+0000] {dag.py:4180} INFO - Setting next_dagrun for dataset_s3_bucket_consumer_with_no_taskflow to None, run_after=None
[2025-02-22T17:09:34.492+0000] {logging_mixin.py:190} INFO - [2025-02-22T17:09:34.492+0000] {dag.py:4180} INFO - Setting next_dagrun for dataset_s3_bucket_producer_with_no_taskflow to None, run_after=None
[2025-02-22T17:09:34.499+0000] {processor.py:208} INFO - Processing /home/airflow/.local/lib/python3.12/site-packages/airflow/example_dags/example_dataset_alias_with_no_taskflow.py took 0.242 seconds
[2025-02-22T17:10:05.227+0000] {processor.py:186} INFO - Started process (PID=639) to work on /home/airflow/.local/lib/python3.12/site-packages/airflow/example_dags/example_dataset_alias_with_no_taskflow.py
[2025-02-22T17:10:05.227+0000] {processor.py:914} INFO - Processing file /home/airflow/.local/lib/python3.12/site-packages/airflow/example_dags/example_dataset_alias_with_no_taskflow.py for tasks to queue
[2025-02-22T17:10:05.228+0000] {logging_mixin.py:190} INFO - [2025-02-22T17:10:05.228+0000] {dagbag.py:588} INFO - Filling up the DagBag from /home/airflow/.local/lib/python3.12/site-packages/airflow/example_dags/example_dataset_alias_with_no_taskflow.py
[2025-02-22T17:10:05.446+0000] {processor.py:925} INFO - DAG(s) 'dataset_s3_bucket_consumer_with_no_taskflow', 'dataset_s3_bucket_producer_with_no_taskflow', 'dataset_alias_example_alias_producer_with_no_taskflow', 'dataset_alias_example_alias_consumer_with_no_taskflow' retrieved from /home/airflow/.local/lib/python3.12/site-packages/airflow/example_dags/example_dataset_alias_with_no_taskflow.py
[2025-02-22T17:10:05.452+0000] {logging_mixin.py:190} INFO - [2025-02-22T17:10:05.452+0000] {dag.py:3239} INFO - Sync 4 DAGs
[2025-02-22T17:10:05.458+0000] {logging_mixin.py:190} INFO - [2025-02-22T17:10:05.458+0000] {dag.py:4180} INFO - Setting next_dagrun for dataset_alias_example_alias_consumer_with_no_taskflow to None, run_after=None
[2025-02-22T17:10:05.459+0000] {logging_mixin.py:190} INFO - [2025-02-22T17:10:05.459+0000] {dag.py:4180} INFO - Setting next_dagrun for dataset_alias_example_alias_producer_with_no_taskflow to None, run_after=None
[2025-02-22T17:10:05.460+0000] {logging_mixin.py:190} INFO - [2025-02-22T17:10:05.460+0000] {dag.py:4180} INFO - Setting next_dagrun for dataset_s3_bucket_consumer_with_no_taskflow to None, run_after=None
[2025-02-22T17:10:05.460+0000] {logging_mixin.py:190} INFO - [2025-02-22T17:10:05.460+0000] {dag.py:4180} INFO - Setting next_dagrun for dataset_s3_bucket_producer_with_no_taskflow to None, run_after=None
[2025-02-22T17:10:05.467+0000] {processor.py:208} INFO - Processing /home/airflow/.local/lib/python3.12/site-packages/airflow/example_dags/example_dataset_alias_with_no_taskflow.py took 0.242 seconds
[2025-02-22T17:10:36.276+0000] {processor.py:186} INFO - Started process (PID=702) to work on /home/airflow/.local/lib/python3.12/site-packages/airflow/example_dags/example_dataset_alias_with_no_taskflow.py
[2025-02-22T17:10:36.276+0000] {processor.py:914} INFO - Processing file /home/airflow/.local/lib/python3.12/site-packages/airflow/example_dags/example_dataset_alias_with_no_taskflow.py for tasks to queue
[2025-02-22T17:10:36.277+0000] {logging_mixin.py:190} INFO - [2025-02-22T17:10:36.277+0000] {dagbag.py:588} INFO - Filling up the DagBag from /home/airflow/.local/lib/python3.12/site-packages/airflow/example_dags/example_dataset_alias_with_no_taskflow.py
[2025-02-22T17:10:36.497+0000] {processor.py:925} INFO - DAG(s) 'dataset_alias_example_alias_consumer_with_no_taskflow', 'dataset_alias_example_alias_producer_with_no_taskflow', 'dataset_s3_bucket_consumer_with_no_taskflow', 'dataset_s3_bucket_producer_with_no_taskflow' retrieved from /home/airflow/.local/lib/python3.12/site-packages/airflow/example_dags/example_dataset_alias_with_no_taskflow.py
[2025-02-22T17:10:36.503+0000] {logging_mixin.py:190} INFO - [2025-02-22T17:10:36.503+0000] {dag.py:3239} INFO - Sync 4 DAGs
[2025-02-22T17:10:36.511+0000] {logging_mixin.py:190} INFO - [2025-02-22T17:10:36.511+0000] {dag.py:4180} INFO - Setting next_dagrun for dataset_alias_example_alias_consumer_with_no_taskflow to None, run_after=None
[2025-02-22T17:10:36.511+0000] {logging_mixin.py:190} INFO - [2025-02-22T17:10:36.511+0000] {dag.py:4180} INFO - Setting next_dagrun for dataset_alias_example_alias_producer_with_no_taskflow to None, run_after=None
[2025-02-22T17:10:36.512+0000] {logging_mixin.py:190} INFO - [2025-02-22T17:10:36.512+0000] {dag.py:4180} INFO - Setting next_dagrun for dataset_s3_bucket_consumer_with_no_taskflow to None, run_after=None
[2025-02-22T17:10:36.512+0000] {logging_mixin.py:190} INFO - [2025-02-22T17:10:36.512+0000] {dag.py:4180} INFO - Setting next_dagrun for dataset_s3_bucket_producer_with_no_taskflow to None, run_after=None
[2025-02-22T17:10:36.519+0000] {processor.py:208} INFO - Processing /home/airflow/.local/lib/python3.12/site-packages/airflow/example_dags/example_dataset_alias_with_no_taskflow.py took 0.246 seconds
[2025-02-22T17:11:07.276+0000] {processor.py:186} INFO - Started process (PID=765) to work on /home/airflow/.local/lib/python3.12/site-packages/airflow/example_dags/example_dataset_alias_with_no_taskflow.py
[2025-02-22T17:11:07.277+0000] {processor.py:914} INFO - Processing file /home/airflow/.local/lib/python3.12/site-packages/airflow/example_dags/example_dataset_alias_with_no_taskflow.py for tasks to queue
[2025-02-22T17:11:07.278+0000] {logging_mixin.py:190} INFO - [2025-02-22T17:11:07.278+0000] {dagbag.py:588} INFO - Filling up the DagBag from /home/airflow/.local/lib/python3.12/site-packages/airflow/example_dags/example_dataset_alias_with_no_taskflow.py
[2025-02-22T17:11:07.499+0000] {processor.py:925} INFO - DAG(s) 'dataset_alias_example_alias_consumer_with_no_taskflow', 'dataset_alias_example_alias_producer_with_no_taskflow', 'dataset_s3_bucket_producer_with_no_taskflow', 'dataset_s3_bucket_consumer_with_no_taskflow' retrieved from /home/airflow/.local/lib/python3.12/site-packages/airflow/example_dags/example_dataset_alias_with_no_taskflow.py
[2025-02-22T17:11:07.505+0000] {logging_mixin.py:190} INFO - [2025-02-22T17:11:07.504+0000] {dag.py:3239} INFO - Sync 4 DAGs
[2025-02-22T17:11:07.511+0000] {logging_mixin.py:190} INFO - [2025-02-22T17:11:07.511+0000] {dag.py:4180} INFO - Setting next_dagrun for dataset_alias_example_alias_consumer_with_no_taskflow to None, run_after=None
[2025-02-22T17:11:07.512+0000] {logging_mixin.py:190} INFO - [2025-02-22T17:11:07.512+0000] {dag.py:4180} INFO - Setting next_dagrun for dataset_alias_example_alias_producer_with_no_taskflow to None, run_after=None
[2025-02-22T17:11:07.513+0000] {logging_mixin.py:190} INFO - [2025-02-22T17:11:07.513+0000] {dag.py:4180} INFO - Setting next_dagrun for dataset_s3_bucket_consumer_with_no_taskflow to None, run_after=None
[2025-02-22T17:11:07.513+0000] {logging_mixin.py:190} INFO - [2025-02-22T17:11:07.513+0000] {dag.py:4180} INFO - Setting next_dagrun for dataset_s3_bucket_producer_with_no_taskflow to None, run_after=None
[2025-02-22T17:11:07.519+0000] {processor.py:208} INFO - Processing /home/airflow/.local/lib/python3.12/site-packages/airflow/example_dags/example_dataset_alias_with_no_taskflow.py took 0.245 seconds
[2025-02-22T17:11:38.254+0000] {processor.py:186} INFO - Started process (PID=828) to work on /home/airflow/.local/lib/python3.12/site-packages/airflow/example_dags/example_dataset_alias_with_no_taskflow.py
[2025-02-22T17:11:38.256+0000] {processor.py:914} INFO - Processing file /home/airflow/.local/lib/python3.12/site-packages/airflow/example_dags/example_dataset_alias_with_no_taskflow.py for tasks to queue
[2025-02-22T17:11:38.257+0000] {logging_mixin.py:190} INFO - [2025-02-22T17:11:38.257+0000] {dagbag.py:588} INFO - Filling up the DagBag from /home/airflow/.local/lib/python3.12/site-packages/airflow/example_dags/example_dataset_alias_with_no_taskflow.py
[2025-02-22T17:11:38.472+0000] {processor.py:925} INFO - DAG(s) 'dataset_alias_example_alias_producer_with_no_taskflow', 'dataset_s3_bucket_consumer_with_no_taskflow', 'dataset_alias_example_alias_consumer_with_no_taskflow', 'dataset_s3_bucket_producer_with_no_taskflow' retrieved from /home/airflow/.local/lib/python3.12/site-packages/airflow/example_dags/example_dataset_alias_with_no_taskflow.py
[2025-02-22T17:11:38.478+0000] {logging_mixin.py:190} INFO - [2025-02-22T17:11:38.478+0000] {dag.py:3239} INFO - Sync 4 DAGs
[2025-02-22T17:11:38.485+0000] {logging_mixin.py:190} INFO - [2025-02-22T17:11:38.485+0000] {dag.py:4180} INFO - Setting next_dagrun for dataset_alias_example_alias_consumer_with_no_taskflow to None, run_after=None
[2025-02-22T17:11:38.486+0000] {logging_mixin.py:190} INFO - [2025-02-22T17:11:38.486+0000] {dag.py:4180} INFO - Setting next_dagrun for dataset_alias_example_alias_producer_with_no_taskflow to None, run_after=None
[2025-02-22T17:11:38.486+0000] {logging_mixin.py:190} INFO - [2025-02-22T17:11:38.486+0000] {dag.py:4180} INFO - Setting next_dagrun for dataset_s3_bucket_consumer_with_no_taskflow to None, run_after=None
[2025-02-22T17:11:38.487+0000] {logging_mixin.py:190} INFO - [2025-02-22T17:11:38.487+0000] {dag.py:4180} INFO - Setting next_dagrun for dataset_s3_bucket_producer_with_no_taskflow to None, run_after=None
[2025-02-22T17:11:38.493+0000] {processor.py:208} INFO - Processing /home/airflow/.local/lib/python3.12/site-packages/airflow/example_dags/example_dataset_alias_with_no_taskflow.py took 0.241 seconds
[2025-02-22T17:12:09.223+0000] {processor.py:186} INFO - Started process (PID=891) to work on /home/airflow/.local/lib/python3.12/site-packages/airflow/example_dags/example_dataset_alias_with_no_taskflow.py
[2025-02-22T17:12:09.225+0000] {processor.py:914} INFO - Processing file /home/airflow/.local/lib/python3.12/site-packages/airflow/example_dags/example_dataset_alias_with_no_taskflow.py for tasks to queue
[2025-02-22T17:12:09.226+0000] {logging_mixin.py:190} INFO - [2025-02-22T17:12:09.226+0000] {dagbag.py:588} INFO - Filling up the DagBag from /home/airflow/.local/lib/python3.12/site-packages/airflow/example_dags/example_dataset_alias_with_no_taskflow.py
[2025-02-22T17:12:09.453+0000] {processor.py:925} INFO - DAG(s) 'dataset_s3_bucket_producer_with_no_taskflow', 'dataset_alias_example_alias_consumer_with_no_taskflow', 'dataset_s3_bucket_consumer_with_no_taskflow', 'dataset_alias_example_alias_producer_with_no_taskflow' retrieved from /home/airflow/.local/lib/python3.12/site-packages/airflow/example_dags/example_dataset_alias_with_no_taskflow.py
[2025-02-22T17:12:09.459+0000] {logging_mixin.py:190} INFO - [2025-02-22T17:12:09.459+0000] {dag.py:3239} INFO - Sync 4 DAGs
[2025-02-22T17:12:09.466+0000] {logging_mixin.py:190} INFO - [2025-02-22T17:12:09.466+0000] {dag.py:4180} INFO - Setting next_dagrun for dataset_alias_example_alias_consumer_with_no_taskflow to None, run_after=None
[2025-02-22T17:12:09.467+0000] {logging_mixin.py:190} INFO - [2025-02-22T17:12:09.467+0000] {dag.py:4180} INFO - Setting next_dagrun for dataset_alias_example_alias_producer_with_no_taskflow to None, run_after=None
[2025-02-22T17:12:09.467+0000] {logging_mixin.py:190} INFO - [2025-02-22T17:12:09.467+0000] {dag.py:4180} INFO - Setting next_dagrun for dataset_s3_bucket_consumer_with_no_taskflow to None, run_after=None
[2025-02-22T17:12:09.468+0000] {logging_mixin.py:190} INFO - [2025-02-22T17:12:09.468+0000] {dag.py:4180} INFO - Setting next_dagrun for dataset_s3_bucket_producer_with_no_taskflow to None, run_after=None
[2025-02-22T17:12:09.475+0000] {processor.py:208} INFO - Processing /home/airflow/.local/lib/python3.12/site-packages/airflow/example_dags/example_dataset_alias_with_no_taskflow.py took 0.254 seconds
[2025-02-22T17:12:40.297+0000] {processor.py:186} INFO - Started process (PID=954) to work on /home/airflow/.local/lib/python3.12/site-packages/airflow/example_dags/example_dataset_alias_with_no_taskflow.py
[2025-02-22T17:12:40.297+0000] {processor.py:914} INFO - Processing file /home/airflow/.local/lib/python3.12/site-packages/airflow/example_dags/example_dataset_alias_with_no_taskflow.py for tasks to queue
[2025-02-22T17:12:40.300+0000] {logging_mixin.py:190} INFO - [2025-02-22T17:12:40.300+0000] {dagbag.py:588} INFO - Filling up the DagBag from /home/airflow/.local/lib/python3.12/site-packages/airflow/example_dags/example_dataset_alias_with_no_taskflow.py
[2025-02-22T17:12:40.521+0000] {processor.py:925} INFO - DAG(s) 'dataset_alias_example_alias_producer_with_no_taskflow', 'dataset_s3_bucket_consumer_with_no_taskflow', 'dataset_s3_bucket_producer_with_no_taskflow', 'dataset_alias_example_alias_consumer_with_no_taskflow' retrieved from /home/airflow/.local/lib/python3.12/site-packages/airflow/example_dags/example_dataset_alias_with_no_taskflow.py
[2025-02-22T17:12:40.531+0000] {logging_mixin.py:190} INFO - [2025-02-22T17:12:40.530+0000] {dag.py:3239} INFO - Sync 4 DAGs
[2025-02-22T17:12:40.538+0000] {logging_mixin.py:190} INFO - [2025-02-22T17:12:40.537+0000] {dag.py:4180} INFO - Setting next_dagrun for dataset_alias_example_alias_consumer_with_no_taskflow to None, run_after=None
[2025-02-22T17:12:40.538+0000] {logging_mixin.py:190} INFO - [2025-02-22T17:12:40.538+0000] {dag.py:4180} INFO - Setting next_dagrun for dataset_alias_example_alias_producer_with_no_taskflow to None, run_after=None
[2025-02-22T17:12:40.539+0000] {logging_mixin.py:190} INFO - [2025-02-22T17:12:40.539+0000] {dag.py:4180} INFO - Setting next_dagrun for dataset_s3_bucket_consumer_with_no_taskflow to None, run_after=None
[2025-02-22T17:12:40.539+0000] {logging_mixin.py:190} INFO - [2025-02-22T17:12:40.539+0000] {dag.py:4180} INFO - Setting next_dagrun for dataset_s3_bucket_producer_with_no_taskflow to None, run_after=None
[2025-02-22T17:12:40.546+0000] {processor.py:208} INFO - Processing /home/airflow/.local/lib/python3.12/site-packages/airflow/example_dags/example_dataset_alias_with_no_taskflow.py took 0.251 seconds
[2025-02-22T17:13:11.247+0000] {processor.py:186} INFO - Started process (PID=1017) to work on /home/airflow/.local/lib/python3.12/site-packages/airflow/example_dags/example_dataset_alias_with_no_taskflow.py
[2025-02-22T17:13:11.250+0000] {processor.py:914} INFO - Processing file /home/airflow/.local/lib/python3.12/site-packages/airflow/example_dags/example_dataset_alias_with_no_taskflow.py for tasks to queue
[2025-02-22T17:13:11.250+0000] {logging_mixin.py:190} INFO - [2025-02-22T17:13:11.250+0000] {dagbag.py:588} INFO - Filling up the DagBag from /home/airflow/.local/lib/python3.12/site-packages/airflow/example_dags/example_dataset_alias_with_no_taskflow.py
[2025-02-22T17:13:11.490+0000] {processor.py:925} INFO - DAG(s) 'dataset_alias_example_alias_consumer_with_no_taskflow', 'dataset_s3_bucket_producer_with_no_taskflow', 'dataset_s3_bucket_consumer_with_no_taskflow', 'dataset_alias_example_alias_producer_with_no_taskflow' retrieved from /home/airflow/.local/lib/python3.12/site-packages/airflow/example_dags/example_dataset_alias_with_no_taskflow.py
[2025-02-22T17:13:11.496+0000] {logging_mixin.py:190} INFO - [2025-02-22T17:13:11.496+0000] {dag.py:3239} INFO - Sync 4 DAGs
[2025-02-22T17:13:11.503+0000] {logging_mixin.py:190} INFO - [2025-02-22T17:13:11.503+0000] {dag.py:4180} INFO - Setting next_dagrun for dataset_alias_example_alias_consumer_with_no_taskflow to None, run_after=None
[2025-02-22T17:13:11.504+0000] {logging_mixin.py:190} INFO - [2025-02-22T17:13:11.504+0000] {dag.py:4180} INFO - Setting next_dagrun for dataset_alias_example_alias_producer_with_no_taskflow to None, run_after=None
[2025-02-22T17:13:11.505+0000] {logging_mixin.py:190} INFO - [2025-02-22T17:13:11.505+0000] {dag.py:4180} INFO - Setting next_dagrun for dataset_s3_bucket_consumer_with_no_taskflow to None, run_after=None
[2025-02-22T17:13:11.505+0000] {logging_mixin.py:190} INFO - [2025-02-22T17:13:11.505+0000] {dag.py:4180} INFO - Setting next_dagrun for dataset_s3_bucket_producer_with_no_taskflow to None, run_after=None
[2025-02-22T17:13:11.512+0000] {processor.py:208} INFO - Processing /home/airflow/.local/lib/python3.12/site-packages/airflow/example_dags/example_dataset_alias_with_no_taskflow.py took 0.267 seconds
[2025-02-22T17:15:55.217+0000] {processor.py:186} INFO - Started process (PID=68) to work on /home/airflow/.local/lib/python3.12/site-packages/airflow/example_dags/example_dataset_alias_with_no_taskflow.py
[2025-02-22T17:15:55.218+0000] {processor.py:914} INFO - Processing file /home/airflow/.local/lib/python3.12/site-packages/airflow/example_dags/example_dataset_alias_with_no_taskflow.py for tasks to queue
[2025-02-22T17:15:55.219+0000] {logging_mixin.py:190} INFO - [2025-02-22T17:15:55.219+0000] {dagbag.py:588} INFO - Filling up the DagBag from /home/airflow/.local/lib/python3.12/site-packages/airflow/example_dags/example_dataset_alias_with_no_taskflow.py
[2025-02-22T17:15:55.475+0000] {processor.py:925} INFO - DAG(s) 'dataset_alias_example_alias_producer_with_no_taskflow', 'dataset_s3_bucket_consumer_with_no_taskflow', 'dataset_s3_bucket_producer_with_no_taskflow', 'dataset_alias_example_alias_consumer_with_no_taskflow' retrieved from /home/airflow/.local/lib/python3.12/site-packages/airflow/example_dags/example_dataset_alias_with_no_taskflow.py
[2025-02-22T17:15:55.484+0000] {logging_mixin.py:190} INFO - [2025-02-22T17:15:55.484+0000] {dag.py:3239} INFO - Sync 4 DAGs
[2025-02-22T17:15:55.494+0000] {logging_mixin.py:190} INFO - [2025-02-22T17:15:55.493+0000] {dag.py:4180} INFO - Setting next_dagrun for dataset_alias_example_alias_consumer_with_no_taskflow to None, run_after=None
[2025-02-22T17:15:55.495+0000] {logging_mixin.py:190} INFO - [2025-02-22T17:15:55.495+0000] {dag.py:4180} INFO - Setting next_dagrun for dataset_alias_example_alias_producer_with_no_taskflow to None, run_after=None
[2025-02-22T17:15:55.496+0000] {logging_mixin.py:190} INFO - [2025-02-22T17:15:55.496+0000] {dag.py:4180} INFO - Setting next_dagrun for dataset_s3_bucket_consumer_with_no_taskflow to None, run_after=None
[2025-02-22T17:15:55.497+0000] {logging_mixin.py:190} INFO - [2025-02-22T17:15:55.497+0000] {dag.py:4180} INFO - Setting next_dagrun for dataset_s3_bucket_producer_with_no_taskflow to None, run_after=None
[2025-02-22T17:15:55.505+0000] {processor.py:208} INFO - Processing /home/airflow/.local/lib/python3.12/site-packages/airflow/example_dags/example_dataset_alias_with_no_taskflow.py took 0.290 seconds
[2025-02-22T17:16:25.576+0000] {processor.py:186} INFO - Started process (PID=131) to work on /home/airflow/.local/lib/python3.12/site-packages/airflow/example_dags/example_dataset_alias_with_no_taskflow.py
[2025-02-22T17:16:25.578+0000] {processor.py:914} INFO - Processing file /home/airflow/.local/lib/python3.12/site-packages/airflow/example_dags/example_dataset_alias_with_no_taskflow.py for tasks to queue
[2025-02-22T17:16:25.580+0000] {logging_mixin.py:190} INFO - [2025-02-22T17:16:25.580+0000] {dagbag.py:588} INFO - Filling up the DagBag from /home/airflow/.local/lib/python3.12/site-packages/airflow/example_dags/example_dataset_alias_with_no_taskflow.py
[2025-02-22T17:16:25.817+0000] {processor.py:925} INFO - DAG(s) 'dataset_s3_bucket_consumer_with_no_taskflow', 'dataset_alias_example_alias_consumer_with_no_taskflow', 'dataset_s3_bucket_producer_with_no_taskflow', 'dataset_alias_example_alias_producer_with_no_taskflow' retrieved from /home/airflow/.local/lib/python3.12/site-packages/airflow/example_dags/example_dataset_alias_with_no_taskflow.py
[2025-02-22T17:16:25.825+0000] {logging_mixin.py:190} INFO - [2025-02-22T17:16:25.825+0000] {dag.py:3239} INFO - Sync 4 DAGs
[2025-02-22T17:16:25.838+0000] {logging_mixin.py:190} INFO - [2025-02-22T17:16:25.838+0000] {dag.py:4180} INFO - Setting next_dagrun for dataset_alias_example_alias_consumer_with_no_taskflow to None, run_after=None
[2025-02-22T17:16:25.839+0000] {logging_mixin.py:190} INFO - [2025-02-22T17:16:25.839+0000] {dag.py:4180} INFO - Setting next_dagrun for dataset_alias_example_alias_producer_with_no_taskflow to None, run_after=None
[2025-02-22T17:16:25.839+0000] {logging_mixin.py:190} INFO - [2025-02-22T17:16:25.839+0000] {dag.py:4180} INFO - Setting next_dagrun for dataset_s3_bucket_consumer_with_no_taskflow to None, run_after=None
[2025-02-22T17:16:25.840+0000] {logging_mixin.py:190} INFO - [2025-02-22T17:16:25.840+0000] {dag.py:4180} INFO - Setting next_dagrun for dataset_s3_bucket_producer_with_no_taskflow to None, run_after=None
[2025-02-22T17:16:25.848+0000] {processor.py:208} INFO - Processing /home/airflow/.local/lib/python3.12/site-packages/airflow/example_dags/example_dataset_alias_with_no_taskflow.py took 0.274 seconds
[2025-02-22T17:16:56.723+0000] {processor.py:186} INFO - Started process (PID=196) to work on /home/airflow/.local/lib/python3.12/site-packages/airflow/example_dags/example_dataset_alias_with_no_taskflow.py
[2025-02-22T17:16:56.724+0000] {processor.py:914} INFO - Processing file /home/airflow/.local/lib/python3.12/site-packages/airflow/example_dags/example_dataset_alias_with_no_taskflow.py for tasks to queue
[2025-02-22T17:16:56.725+0000] {logging_mixin.py:190} INFO - [2025-02-22T17:16:56.725+0000] {dagbag.py:588} INFO - Filling up the DagBag from /home/airflow/.local/lib/python3.12/site-packages/airflow/example_dags/example_dataset_alias_with_no_taskflow.py
[2025-02-22T17:16:56.952+0000] {processor.py:925} INFO - DAG(s) 'dataset_alias_example_alias_consumer_with_no_taskflow', 'dataset_alias_example_alias_producer_with_no_taskflow', 'dataset_s3_bucket_producer_with_no_taskflow', 'dataset_s3_bucket_consumer_with_no_taskflow' retrieved from /home/airflow/.local/lib/python3.12/site-packages/airflow/example_dags/example_dataset_alias_with_no_taskflow.py
[2025-02-22T17:16:56.965+0000] {logging_mixin.py:190} INFO - [2025-02-22T17:16:56.965+0000] {dag.py:3239} INFO - Sync 4 DAGs
[2025-02-22T17:16:56.974+0000] {logging_mixin.py:190} INFO - [2025-02-22T17:16:56.974+0000] {dag.py:4180} INFO - Setting next_dagrun for dataset_alias_example_alias_consumer_with_no_taskflow to None, run_after=None
[2025-02-22T17:16:56.977+0000] {logging_mixin.py:190} INFO - [2025-02-22T17:16:56.977+0000] {dag.py:4180} INFO - Setting next_dagrun for dataset_alias_example_alias_producer_with_no_taskflow to None, run_after=None
[2025-02-22T17:16:56.978+0000] {logging_mixin.py:190} INFO - [2025-02-22T17:16:56.978+0000] {dag.py:4180} INFO - Setting next_dagrun for dataset_s3_bucket_consumer_with_no_taskflow to None, run_after=None
[2025-02-22T17:16:56.978+0000] {logging_mixin.py:190} INFO - [2025-02-22T17:16:56.978+0000] {dag.py:4180} INFO - Setting next_dagrun for dataset_s3_bucket_producer_with_no_taskflow to None, run_after=None
[2025-02-22T17:16:56.989+0000] {processor.py:208} INFO - Processing /home/airflow/.local/lib/python3.12/site-packages/airflow/example_dags/example_dataset_alias_with_no_taskflow.py took 0.268 seconds
[2025-02-22T17:17:27.894+0000] {processor.py:186} INFO - Started process (PID=259) to work on /home/airflow/.local/lib/python3.12/site-packages/airflow/example_dags/example_dataset_alias_with_no_taskflow.py
[2025-02-22T17:17:27.896+0000] {processor.py:914} INFO - Processing file /home/airflow/.local/lib/python3.12/site-packages/airflow/example_dags/example_dataset_alias_with_no_taskflow.py for tasks to queue
[2025-02-22T17:17:27.896+0000] {logging_mixin.py:190} INFO - [2025-02-22T17:17:27.896+0000] {dagbag.py:588} INFO - Filling up the DagBag from /home/airflow/.local/lib/python3.12/site-packages/airflow/example_dags/example_dataset_alias_with_no_taskflow.py
[2025-02-22T17:17:28.120+0000] {processor.py:925} INFO - DAG(s) 'dataset_alias_example_alias_producer_with_no_taskflow', 'dataset_s3_bucket_producer_with_no_taskflow', 'dataset_s3_bucket_consumer_with_no_taskflow', 'dataset_alias_example_alias_consumer_with_no_taskflow' retrieved from /home/airflow/.local/lib/python3.12/site-packages/airflow/example_dags/example_dataset_alias_with_no_taskflow.py
[2025-02-22T17:17:28.131+0000] {logging_mixin.py:190} INFO - [2025-02-22T17:17:28.131+0000] {dag.py:3239} INFO - Sync 4 DAGs
[2025-02-22T17:17:28.141+0000] {logging_mixin.py:190} INFO - [2025-02-22T17:17:28.141+0000] {dag.py:4180} INFO - Setting next_dagrun for dataset_alias_example_alias_consumer_with_no_taskflow to None, run_after=None
[2025-02-22T17:17:28.142+0000] {logging_mixin.py:190} INFO - [2025-02-22T17:17:28.142+0000] {dag.py:4180} INFO - Setting next_dagrun for dataset_alias_example_alias_producer_with_no_taskflow to None, run_after=None
[2025-02-22T17:17:28.143+0000] {logging_mixin.py:190} INFO - [2025-02-22T17:17:28.143+0000] {dag.py:4180} INFO - Setting next_dagrun for dataset_s3_bucket_consumer_with_no_taskflow to None, run_after=None
[2025-02-22T17:17:28.143+0000] {logging_mixin.py:190} INFO - [2025-02-22T17:17:28.143+0000] {dag.py:4180} INFO - Setting next_dagrun for dataset_s3_bucket_producer_with_no_taskflow to None, run_after=None
[2025-02-22T17:17:28.158+0000] {processor.py:208} INFO - Processing /home/airflow/.local/lib/python3.12/site-packages/airflow/example_dags/example_dataset_alias_with_no_taskflow.py took 0.267 seconds
[2025-02-22T17:17:58.242+0000] {processor.py:186} INFO - Started process (PID=328) to work on /home/airflow/.local/lib/python3.12/site-packages/airflow/example_dags/example_dataset_alias_with_no_taskflow.py
[2025-02-22T17:17:58.243+0000] {processor.py:914} INFO - Processing file /home/airflow/.local/lib/python3.12/site-packages/airflow/example_dags/example_dataset_alias_with_no_taskflow.py for tasks to queue
[2025-02-22T17:17:58.245+0000] {logging_mixin.py:190} INFO - [2025-02-22T17:17:58.245+0000] {dagbag.py:588} INFO - Filling up the DagBag from /home/airflow/.local/lib/python3.12/site-packages/airflow/example_dags/example_dataset_alias_with_no_taskflow.py
[2025-02-22T17:17:58.483+0000] {processor.py:925} INFO - DAG(s) 'dataset_s3_bucket_consumer_with_no_taskflow', 'dataset_s3_bucket_producer_with_no_taskflow', 'dataset_alias_example_alias_producer_with_no_taskflow', 'dataset_alias_example_alias_consumer_with_no_taskflow' retrieved from /home/airflow/.local/lib/python3.12/site-packages/airflow/example_dags/example_dataset_alias_with_no_taskflow.py
[2025-02-22T17:17:58.490+0000] {logging_mixin.py:190} INFO - [2025-02-22T17:17:58.490+0000] {dag.py:3239} INFO - Sync 4 DAGs
[2025-02-22T17:17:58.496+0000] {logging_mixin.py:190} INFO - [2025-02-22T17:17:58.496+0000] {dag.py:4180} INFO - Setting next_dagrun for dataset_alias_example_alias_consumer_with_no_taskflow to None, run_after=None
[2025-02-22T17:17:58.497+0000] {logging_mixin.py:190} INFO - [2025-02-22T17:17:58.497+0000] {dag.py:4180} INFO - Setting next_dagrun for dataset_alias_example_alias_producer_with_no_taskflow to None, run_after=None
[2025-02-22T17:17:58.498+0000] {logging_mixin.py:190} INFO - [2025-02-22T17:17:58.498+0000] {dag.py:4180} INFO - Setting next_dagrun for dataset_s3_bucket_consumer_with_no_taskflow to None, run_after=None
[2025-02-22T17:17:58.499+0000] {logging_mixin.py:190} INFO - [2025-02-22T17:17:58.499+0000] {dag.py:4180} INFO - Setting next_dagrun for dataset_s3_bucket_producer_with_no_taskflow to None, run_after=None
[2025-02-22T17:17:58.509+0000] {processor.py:208} INFO - Processing /home/airflow/.local/lib/python3.12/site-packages/airflow/example_dags/example_dataset_alias_with_no_taskflow.py took 0.273 seconds
[2025-02-22T17:18:29.317+0000] {processor.py:186} INFO - Started process (PID=391) to work on /home/airflow/.local/lib/python3.12/site-packages/airflow/example_dags/example_dataset_alias_with_no_taskflow.py
[2025-02-22T17:18:29.318+0000] {processor.py:914} INFO - Processing file /home/airflow/.local/lib/python3.12/site-packages/airflow/example_dags/example_dataset_alias_with_no_taskflow.py for tasks to queue
[2025-02-22T17:18:29.320+0000] {logging_mixin.py:190} INFO - [2025-02-22T17:18:29.320+0000] {dagbag.py:588} INFO - Filling up the DagBag from /home/airflow/.local/lib/python3.12/site-packages/airflow/example_dags/example_dataset_alias_with_no_taskflow.py
[2025-02-22T17:18:29.537+0000] {processor.py:925} INFO - DAG(s) 'dataset_s3_bucket_consumer_with_no_taskflow', 'dataset_alias_example_alias_producer_with_no_taskflow', 'dataset_s3_bucket_producer_with_no_taskflow', 'dataset_alias_example_alias_consumer_with_no_taskflow' retrieved from /home/airflow/.local/lib/python3.12/site-packages/airflow/example_dags/example_dataset_alias_with_no_taskflow.py
[2025-02-22T17:18:29.544+0000] {logging_mixin.py:190} INFO - [2025-02-22T17:18:29.543+0000] {dag.py:3239} INFO - Sync 4 DAGs
[2025-02-22T17:18:29.551+0000] {logging_mixin.py:190} INFO - [2025-02-22T17:18:29.551+0000] {dag.py:4180} INFO - Setting next_dagrun for dataset_alias_example_alias_consumer_with_no_taskflow to None, run_after=None
[2025-02-22T17:18:29.554+0000] {logging_mixin.py:190} INFO - [2025-02-22T17:18:29.554+0000] {dag.py:4180} INFO - Setting next_dagrun for dataset_alias_example_alias_producer_with_no_taskflow to None, run_after=None
[2025-02-22T17:18:29.555+0000] {logging_mixin.py:190} INFO - [2025-02-22T17:18:29.555+0000] {dag.py:4180} INFO - Setting next_dagrun for dataset_s3_bucket_consumer_with_no_taskflow to None, run_after=None
[2025-02-22T17:18:29.555+0000] {logging_mixin.py:190} INFO - [2025-02-22T17:18:29.555+0000] {dag.py:4180} INFO - Setting next_dagrun for dataset_s3_bucket_producer_with_no_taskflow to None, run_after=None
[2025-02-22T17:18:29.566+0000] {processor.py:208} INFO - Processing /home/airflow/.local/lib/python3.12/site-packages/airflow/example_dags/example_dataset_alias_with_no_taskflow.py took 0.253 seconds
[2025-02-22T17:19:00.524+0000] {processor.py:186} INFO - Started process (PID=454) to work on /home/airflow/.local/lib/python3.12/site-packages/airflow/example_dags/example_dataset_alias_with_no_taskflow.py
[2025-02-22T17:19:00.525+0000] {processor.py:914} INFO - Processing file /home/airflow/.local/lib/python3.12/site-packages/airflow/example_dags/example_dataset_alias_with_no_taskflow.py for tasks to queue
[2025-02-22T17:19:00.526+0000] {logging_mixin.py:190} INFO - [2025-02-22T17:19:00.526+0000] {dagbag.py:588} INFO - Filling up the DagBag from /home/airflow/.local/lib/python3.12/site-packages/airflow/example_dags/example_dataset_alias_with_no_taskflow.py
[2025-02-22T17:19:00.757+0000] {processor.py:925} INFO - DAG(s) 'dataset_alias_example_alias_consumer_with_no_taskflow', 'dataset_s3_bucket_consumer_with_no_taskflow', 'dataset_s3_bucket_producer_with_no_taskflow', 'dataset_alias_example_alias_producer_with_no_taskflow' retrieved from /home/airflow/.local/lib/python3.12/site-packages/airflow/example_dags/example_dataset_alias_with_no_taskflow.py
[2025-02-22T17:19:00.764+0000] {logging_mixin.py:190} INFO - [2025-02-22T17:19:00.764+0000] {dag.py:3239} INFO - Sync 4 DAGs
[2025-02-22T17:19:00.772+0000] {logging_mixin.py:190} INFO - [2025-02-22T17:19:00.772+0000] {dag.py:4180} INFO - Setting next_dagrun for dataset_alias_example_alias_consumer_with_no_taskflow to None, run_after=None
[2025-02-22T17:19:00.774+0000] {logging_mixin.py:190} INFO - [2025-02-22T17:19:00.774+0000] {dag.py:4180} INFO - Setting next_dagrun for dataset_alias_example_alias_producer_with_no_taskflow to None, run_after=None
[2025-02-22T17:19:00.775+0000] {logging_mixin.py:190} INFO - [2025-02-22T17:19:00.775+0000] {dag.py:4180} INFO - Setting next_dagrun for dataset_s3_bucket_consumer_with_no_taskflow to None, run_after=None
[2025-02-22T17:19:00.776+0000] {logging_mixin.py:190} INFO - [2025-02-22T17:19:00.776+0000] {dag.py:4180} INFO - Setting next_dagrun for dataset_s3_bucket_producer_with_no_taskflow to None, run_after=None
[2025-02-22T17:19:00.785+0000] {processor.py:208} INFO - Processing /home/airflow/.local/lib/python3.12/site-packages/airflow/example_dags/example_dataset_alias_with_no_taskflow.py took 0.268 seconds
[2025-02-22T17:19:31.585+0000] {processor.py:186} INFO - Started process (PID=517) to work on /home/airflow/.local/lib/python3.12/site-packages/airflow/example_dags/example_dataset_alias_with_no_taskflow.py
[2025-02-22T17:19:31.585+0000] {processor.py:914} INFO - Processing file /home/airflow/.local/lib/python3.12/site-packages/airflow/example_dags/example_dataset_alias_with_no_taskflow.py for tasks to queue
[2025-02-22T17:19:31.586+0000] {logging_mixin.py:190} INFO - [2025-02-22T17:19:31.586+0000] {dagbag.py:588} INFO - Filling up the DagBag from /home/airflow/.local/lib/python3.12/site-packages/airflow/example_dags/example_dataset_alias_with_no_taskflow.py
[2025-02-22T17:19:31.804+0000] {processor.py:925} INFO - DAG(s) 'dataset_alias_example_alias_consumer_with_no_taskflow', 'dataset_alias_example_alias_producer_with_no_taskflow', 'dataset_s3_bucket_consumer_with_no_taskflow', 'dataset_s3_bucket_producer_with_no_taskflow' retrieved from /home/airflow/.local/lib/python3.12/site-packages/airflow/example_dags/example_dataset_alias_with_no_taskflow.py
[2025-02-22T17:19:31.812+0000] {logging_mixin.py:190} INFO - [2025-02-22T17:19:31.812+0000] {dag.py:3239} INFO - Sync 4 DAGs
[2025-02-22T17:19:31.819+0000] {logging_mixin.py:190} INFO - [2025-02-22T17:19:31.819+0000] {dag.py:4180} INFO - Setting next_dagrun for dataset_alias_example_alias_consumer_with_no_taskflow to None, run_after=None
[2025-02-22T17:19:31.820+0000] {logging_mixin.py:190} INFO - [2025-02-22T17:19:31.820+0000] {dag.py:4180} INFO - Setting next_dagrun for dataset_alias_example_alias_producer_with_no_taskflow to None, run_after=None
[2025-02-22T17:19:31.821+0000] {logging_mixin.py:190} INFO - [2025-02-22T17:19:31.821+0000] {dag.py:4180} INFO - Setting next_dagrun for dataset_s3_bucket_consumer_with_no_taskflow to None, run_after=None
[2025-02-22T17:19:31.822+0000] {logging_mixin.py:190} INFO - [2025-02-22T17:19:31.822+0000] {dag.py:4180} INFO - Setting next_dagrun for dataset_s3_bucket_producer_with_no_taskflow to None, run_after=None
[2025-02-22T17:19:31.831+0000] {processor.py:208} INFO - Processing /home/airflow/.local/lib/python3.12/site-packages/airflow/example_dags/example_dataset_alias_with_no_taskflow.py took 0.249 seconds
[2025-02-22T17:20:02.782+0000] {processor.py:186} INFO - Started process (PID=580) to work on /home/airflow/.local/lib/python3.12/site-packages/airflow/example_dags/example_dataset_alias_with_no_taskflow.py
[2025-02-22T17:20:02.783+0000] {processor.py:914} INFO - Processing file /home/airflow/.local/lib/python3.12/site-packages/airflow/example_dags/example_dataset_alias_with_no_taskflow.py for tasks to queue
[2025-02-22T17:20:02.786+0000] {logging_mixin.py:190} INFO - [2025-02-22T17:20:02.786+0000] {dagbag.py:588} INFO - Filling up the DagBag from /home/airflow/.local/lib/python3.12/site-packages/airflow/example_dags/example_dataset_alias_with_no_taskflow.py
[2025-02-22T17:20:03.013+0000] {processor.py:925} INFO - DAG(s) 'dataset_s3_bucket_consumer_with_no_taskflow', 'dataset_alias_example_alias_producer_with_no_taskflow', 'dataset_alias_example_alias_consumer_with_no_taskflow', 'dataset_s3_bucket_producer_with_no_taskflow' retrieved from /home/airflow/.local/lib/python3.12/site-packages/airflow/example_dags/example_dataset_alias_with_no_taskflow.py
[2025-02-22T17:20:03.020+0000] {logging_mixin.py:190} INFO - [2025-02-22T17:20:03.020+0000] {dag.py:3239} INFO - Sync 4 DAGs
[2025-02-22T17:20:03.028+0000] {logging_mixin.py:190} INFO - [2025-02-22T17:20:03.028+0000] {dag.py:4180} INFO - Setting next_dagrun for dataset_alias_example_alias_consumer_with_no_taskflow to None, run_after=None
[2025-02-22T17:20:03.030+0000] {logging_mixin.py:190} INFO - [2025-02-22T17:20:03.030+0000] {dag.py:4180} INFO - Setting next_dagrun for dataset_alias_example_alias_producer_with_no_taskflow to None, run_after=None
[2025-02-22T17:20:03.031+0000] {logging_mixin.py:190} INFO - [2025-02-22T17:20:03.031+0000] {dag.py:4180} INFO - Setting next_dagrun for dataset_s3_bucket_consumer_with_no_taskflow to None, run_after=None
[2025-02-22T17:20:03.031+0000] {logging_mixin.py:190} INFO - [2025-02-22T17:20:03.031+0000] {dag.py:4180} INFO - Setting next_dagrun for dataset_s3_bucket_producer_with_no_taskflow to None, run_after=None
[2025-02-22T17:20:03.040+0000] {processor.py:208} INFO - Processing /home/airflow/.local/lib/python3.12/site-packages/airflow/example_dags/example_dataset_alias_with_no_taskflow.py took 0.264 seconds
[2025-02-22T17:20:33.892+0000] {processor.py:186} INFO - Started process (PID=642) to work on /home/airflow/.local/lib/python3.12/site-packages/airflow/example_dags/example_dataset_alias_with_no_taskflow.py
[2025-02-22T17:20:33.898+0000] {processor.py:914} INFO - Processing file /home/airflow/.local/lib/python3.12/site-packages/airflow/example_dags/example_dataset_alias_with_no_taskflow.py for tasks to queue
[2025-02-22T17:20:33.900+0000] {logging_mixin.py:190} INFO - [2025-02-22T17:20:33.899+0000] {dagbag.py:588} INFO - Filling up the DagBag from /home/airflow/.local/lib/python3.12/site-packages/airflow/example_dags/example_dataset_alias_with_no_taskflow.py
[2025-02-22T17:20:34.124+0000] {processor.py:925} INFO - DAG(s) 'dataset_alias_example_alias_producer_with_no_taskflow', 'dataset_s3_bucket_producer_with_no_taskflow', 'dataset_s3_bucket_consumer_with_no_taskflow', 'dataset_alias_example_alias_consumer_with_no_taskflow' retrieved from /home/airflow/.local/lib/python3.12/site-packages/airflow/example_dags/example_dataset_alias_with_no_taskflow.py
[2025-02-22T17:20:34.134+0000] {logging_mixin.py:190} INFO - [2025-02-22T17:20:34.132+0000] {dag.py:3239} INFO - Sync 4 DAGs
[2025-02-22T17:20:34.145+0000] {logging_mixin.py:190} INFO - [2025-02-22T17:20:34.145+0000] {dag.py:4180} INFO - Setting next_dagrun for dataset_alias_example_alias_consumer_with_no_taskflow to None, run_after=None
[2025-02-22T17:20:34.146+0000] {logging_mixin.py:190} INFO - [2025-02-22T17:20:34.145+0000] {dag.py:4180} INFO - Setting next_dagrun for dataset_alias_example_alias_producer_with_no_taskflow to None, run_after=None
[2025-02-22T17:20:34.146+0000] {logging_mixin.py:190} INFO - [2025-02-22T17:20:34.146+0000] {dag.py:4180} INFO - Setting next_dagrun for dataset_s3_bucket_consumer_with_no_taskflow to None, run_after=None
[2025-02-22T17:20:34.146+0000] {logging_mixin.py:190} INFO - [2025-02-22T17:20:34.146+0000] {dag.py:4180} INFO - Setting next_dagrun for dataset_s3_bucket_producer_with_no_taskflow to None, run_after=None
[2025-02-22T17:20:34.153+0000] {processor.py:208} INFO - Processing /home/airflow/.local/lib/python3.12/site-packages/airflow/example_dags/example_dataset_alias_with_no_taskflow.py took 0.268 seconds
[2025-02-22T17:21:05.085+0000] {processor.py:186} INFO - Started process (PID=705) to work on /home/airflow/.local/lib/python3.12/site-packages/airflow/example_dags/example_dataset_alias_with_no_taskflow.py
[2025-02-22T17:21:05.086+0000] {processor.py:914} INFO - Processing file /home/airflow/.local/lib/python3.12/site-packages/airflow/example_dags/example_dataset_alias_with_no_taskflow.py for tasks to queue
[2025-02-22T17:21:05.089+0000] {logging_mixin.py:190} INFO - [2025-02-22T17:21:05.088+0000] {dagbag.py:588} INFO - Filling up the DagBag from /home/airflow/.local/lib/python3.12/site-packages/airflow/example_dags/example_dataset_alias_with_no_taskflow.py
[2025-02-22T17:21:05.324+0000] {processor.py:925} INFO - DAG(s) 'dataset_alias_example_alias_consumer_with_no_taskflow', 'dataset_s3_bucket_producer_with_no_taskflow', 'dataset_alias_example_alias_producer_with_no_taskflow', 'dataset_s3_bucket_consumer_with_no_taskflow' retrieved from /home/airflow/.local/lib/python3.12/site-packages/airflow/example_dags/example_dataset_alias_with_no_taskflow.py
[2025-02-22T17:21:05.334+0000] {logging_mixin.py:190} INFO - [2025-02-22T17:21:05.334+0000] {dag.py:3239} INFO - Sync 4 DAGs
[2025-02-22T17:21:05.341+0000] {logging_mixin.py:190} INFO - [2025-02-22T17:21:05.340+0000] {dag.py:4180} INFO - Setting next_dagrun for dataset_alias_example_alias_consumer_with_no_taskflow to None, run_after=None
[2025-02-22T17:21:05.341+0000] {logging_mixin.py:190} INFO - [2025-02-22T17:21:05.341+0000] {dag.py:4180} INFO - Setting next_dagrun for dataset_alias_example_alias_producer_with_no_taskflow to None, run_after=None
[2025-02-22T17:21:05.342+0000] {logging_mixin.py:190} INFO - [2025-02-22T17:21:05.342+0000] {dag.py:4180} INFO - Setting next_dagrun for dataset_s3_bucket_consumer_with_no_taskflow to None, run_after=None
[2025-02-22T17:21:05.342+0000] {logging_mixin.py:190} INFO - [2025-02-22T17:21:05.342+0000] {dag.py:4180} INFO - Setting next_dagrun for dataset_s3_bucket_producer_with_no_taskflow to None, run_after=None
[2025-02-22T17:21:05.351+0000] {processor.py:208} INFO - Processing /home/airflow/.local/lib/python3.12/site-packages/airflow/example_dags/example_dataset_alias_with_no_taskflow.py took 0.271 seconds
[2025-02-22T17:21:36.318+0000] {processor.py:186} INFO - Started process (PID=768) to work on /home/airflow/.local/lib/python3.12/site-packages/airflow/example_dags/example_dataset_alias_with_no_taskflow.py
[2025-02-22T17:21:36.319+0000] {processor.py:914} INFO - Processing file /home/airflow/.local/lib/python3.12/site-packages/airflow/example_dags/example_dataset_alias_with_no_taskflow.py for tasks to queue
[2025-02-22T17:21:36.321+0000] {logging_mixin.py:190} INFO - [2025-02-22T17:21:36.321+0000] {dagbag.py:588} INFO - Filling up the DagBag from /home/airflow/.local/lib/python3.12/site-packages/airflow/example_dags/example_dataset_alias_with_no_taskflow.py
[2025-02-22T17:21:36.547+0000] {processor.py:925} INFO - DAG(s) 'dataset_alias_example_alias_producer_with_no_taskflow', 'dataset_s3_bucket_producer_with_no_taskflow', 'dataset_s3_bucket_consumer_with_no_taskflow', 'dataset_alias_example_alias_consumer_with_no_taskflow' retrieved from /home/airflow/.local/lib/python3.12/site-packages/airflow/example_dags/example_dataset_alias_with_no_taskflow.py
[2025-02-22T17:21:36.557+0000] {logging_mixin.py:190} INFO - [2025-02-22T17:21:36.556+0000] {dag.py:3239} INFO - Sync 4 DAGs
[2025-02-22T17:21:36.565+0000] {logging_mixin.py:190} INFO - [2025-02-22T17:21:36.565+0000] {dag.py:4180} INFO - Setting next_dagrun for dataset_alias_example_alias_consumer_with_no_taskflow to None, run_after=None
[2025-02-22T17:21:36.566+0000] {logging_mixin.py:190} INFO - [2025-02-22T17:21:36.566+0000] {dag.py:4180} INFO - Setting next_dagrun for dataset_alias_example_alias_producer_with_no_taskflow to None, run_after=None
[2025-02-22T17:21:36.566+0000] {logging_mixin.py:190} INFO - [2025-02-22T17:21:36.566+0000] {dag.py:4180} INFO - Setting next_dagrun for dataset_s3_bucket_consumer_with_no_taskflow to None, run_after=None
[2025-02-22T17:21:36.567+0000] {logging_mixin.py:190} INFO - [2025-02-22T17:21:36.567+0000] {dag.py:4180} INFO - Setting next_dagrun for dataset_s3_bucket_producer_with_no_taskflow to None, run_after=None
[2025-02-22T17:21:36.574+0000] {processor.py:208} INFO - Processing /home/airflow/.local/lib/python3.12/site-packages/airflow/example_dags/example_dataset_alias_with_no_taskflow.py took 0.263 seconds
[2025-02-22T17:22:07.590+0000] {processor.py:186} INFO - Started process (PID=831) to work on /home/airflow/.local/lib/python3.12/site-packages/airflow/example_dags/example_dataset_alias_with_no_taskflow.py
[2025-02-22T17:22:07.591+0000] {processor.py:914} INFO - Processing file /home/airflow/.local/lib/python3.12/site-packages/airflow/example_dags/example_dataset_alias_with_no_taskflow.py for tasks to queue
[2025-02-22T17:22:07.593+0000] {logging_mixin.py:190} INFO - [2025-02-22T17:22:07.593+0000] {dagbag.py:588} INFO - Filling up the DagBag from /home/airflow/.local/lib/python3.12/site-packages/airflow/example_dags/example_dataset_alias_with_no_taskflow.py
[2025-02-22T17:22:07.816+0000] {processor.py:925} INFO - DAG(s) 'dataset_s3_bucket_producer_with_no_taskflow', 'dataset_s3_bucket_consumer_with_no_taskflow', 'dataset_alias_example_alias_producer_with_no_taskflow', 'dataset_alias_example_alias_consumer_with_no_taskflow' retrieved from /home/airflow/.local/lib/python3.12/site-packages/airflow/example_dags/example_dataset_alias_with_no_taskflow.py
[2025-02-22T17:22:07.823+0000] {logging_mixin.py:190} INFO - [2025-02-22T17:22:07.823+0000] {dag.py:3239} INFO - Sync 4 DAGs
[2025-02-22T17:22:07.832+0000] {logging_mixin.py:190} INFO - [2025-02-22T17:22:07.832+0000] {dag.py:4180} INFO - Setting next_dagrun for dataset_alias_example_alias_consumer_with_no_taskflow to None, run_after=None
[2025-02-22T17:22:07.833+0000] {logging_mixin.py:190} INFO - [2025-02-22T17:22:07.833+0000] {dag.py:4180} INFO - Setting next_dagrun for dataset_alias_example_alias_producer_with_no_taskflow to None, run_after=None
[2025-02-22T17:22:07.834+0000] {logging_mixin.py:190} INFO - [2025-02-22T17:22:07.834+0000] {dag.py:4180} INFO - Setting next_dagrun for dataset_s3_bucket_consumer_with_no_taskflow to None, run_after=None
[2025-02-22T17:22:07.834+0000] {logging_mixin.py:190} INFO - [2025-02-22T17:22:07.834+0000] {dag.py:4180} INFO - Setting next_dagrun for dataset_s3_bucket_producer_with_no_taskflow to None, run_after=None
[2025-02-22T17:22:07.843+0000] {processor.py:208} INFO - Processing /home/airflow/.local/lib/python3.12/site-packages/airflow/example_dags/example_dataset_alias_with_no_taskflow.py took 0.259 seconds
[2025-02-22T17:22:38.814+0000] {processor.py:186} INFO - Started process (PID=894) to work on /home/airflow/.local/lib/python3.12/site-packages/airflow/example_dags/example_dataset_alias_with_no_taskflow.py
[2025-02-22T17:22:38.815+0000] {processor.py:914} INFO - Processing file /home/airflow/.local/lib/python3.12/site-packages/airflow/example_dags/example_dataset_alias_with_no_taskflow.py for tasks to queue
[2025-02-22T17:22:38.817+0000] {logging_mixin.py:190} INFO - [2025-02-22T17:22:38.817+0000] {dagbag.py:588} INFO - Filling up the DagBag from /home/airflow/.local/lib/python3.12/site-packages/airflow/example_dags/example_dataset_alias_with_no_taskflow.py
[2025-02-22T17:22:39.040+0000] {processor.py:925} INFO - DAG(s) 'dataset_alias_example_alias_consumer_with_no_taskflow', 'dataset_s3_bucket_producer_with_no_taskflow', 'dataset_s3_bucket_consumer_with_no_taskflow', 'dataset_alias_example_alias_producer_with_no_taskflow' retrieved from /home/airflow/.local/lib/python3.12/site-packages/airflow/example_dags/example_dataset_alias_with_no_taskflow.py
[2025-02-22T17:22:39.048+0000] {logging_mixin.py:190} INFO - [2025-02-22T17:22:39.048+0000] {dag.py:3239} INFO - Sync 4 DAGs
[2025-02-22T17:22:39.056+0000] {logging_mixin.py:190} INFO - [2025-02-22T17:22:39.055+0000] {dag.py:4180} INFO - Setting next_dagrun for dataset_alias_example_alias_consumer_with_no_taskflow to None, run_after=None
[2025-02-22T17:22:39.057+0000] {logging_mixin.py:190} INFO - [2025-02-22T17:22:39.057+0000] {dag.py:4180} INFO - Setting next_dagrun for dataset_alias_example_alias_producer_with_no_taskflow to None, run_after=None
[2025-02-22T17:22:39.058+0000] {logging_mixin.py:190} INFO - [2025-02-22T17:22:39.057+0000] {dag.py:4180} INFO - Setting next_dagrun for dataset_s3_bucket_consumer_with_no_taskflow to None, run_after=None
[2025-02-22T17:22:39.058+0000] {logging_mixin.py:190} INFO - [2025-02-22T17:22:39.058+0000] {dag.py:4180} INFO - Setting next_dagrun for dataset_s3_bucket_producer_with_no_taskflow to None, run_after=None
[2025-02-22T17:22:39.068+0000] {processor.py:208} INFO - Processing /home/airflow/.local/lib/python3.12/site-packages/airflow/example_dags/example_dataset_alias_with_no_taskflow.py took 0.260 seconds
[2025-02-22T17:23:10.045+0000] {processor.py:186} INFO - Started process (PID=957) to work on /home/airflow/.local/lib/python3.12/site-packages/airflow/example_dags/example_dataset_alias_with_no_taskflow.py
[2025-02-22T17:23:10.047+0000] {processor.py:914} INFO - Processing file /home/airflow/.local/lib/python3.12/site-packages/airflow/example_dags/example_dataset_alias_with_no_taskflow.py for tasks to queue
[2025-02-22T17:23:10.049+0000] {logging_mixin.py:190} INFO - [2025-02-22T17:23:10.048+0000] {dagbag.py:588} INFO - Filling up the DagBag from /home/airflow/.local/lib/python3.12/site-packages/airflow/example_dags/example_dataset_alias_with_no_taskflow.py
[2025-02-22T17:23:10.283+0000] {processor.py:925} INFO - DAG(s) 'dataset_alias_example_alias_producer_with_no_taskflow', 'dataset_s3_bucket_consumer_with_no_taskflow', 'dataset_s3_bucket_producer_with_no_taskflow', 'dataset_alias_example_alias_consumer_with_no_taskflow' retrieved from /home/airflow/.local/lib/python3.12/site-packages/airflow/example_dags/example_dataset_alias_with_no_taskflow.py
[2025-02-22T17:23:10.290+0000] {logging_mixin.py:190} INFO - [2025-02-22T17:23:10.290+0000] {dag.py:3239} INFO - Sync 4 DAGs
[2025-02-22T17:23:10.298+0000] {logging_mixin.py:190} INFO - [2025-02-22T17:23:10.298+0000] {dag.py:4180} INFO - Setting next_dagrun for dataset_alias_example_alias_consumer_with_no_taskflow to None, run_after=None
[2025-02-22T17:23:10.300+0000] {logging_mixin.py:190} INFO - [2025-02-22T17:23:10.300+0000] {dag.py:4180} INFO - Setting next_dagrun for dataset_alias_example_alias_producer_with_no_taskflow to None, run_after=None
[2025-02-22T17:23:10.301+0000] {logging_mixin.py:190} INFO - [2025-02-22T17:23:10.301+0000] {dag.py:4180} INFO - Setting next_dagrun for dataset_s3_bucket_consumer_with_no_taskflow to None, run_after=None
[2025-02-22T17:23:10.301+0000] {logging_mixin.py:190} INFO - [2025-02-22T17:23:10.301+0000] {dag.py:4180} INFO - Setting next_dagrun for dataset_s3_bucket_producer_with_no_taskflow to None, run_after=None
[2025-02-22T17:23:10.311+0000] {processor.py:208} INFO - Processing /home/airflow/.local/lib/python3.12/site-packages/airflow/example_dags/example_dataset_alias_with_no_taskflow.py took 0.275 seconds
[2025-02-22T17:23:41.321+0000] {processor.py:186} INFO - Started process (PID=1020) to work on /home/airflow/.local/lib/python3.12/site-packages/airflow/example_dags/example_dataset_alias_with_no_taskflow.py
[2025-02-22T17:23:41.322+0000] {processor.py:914} INFO - Processing file /home/airflow/.local/lib/python3.12/site-packages/airflow/example_dags/example_dataset_alias_with_no_taskflow.py for tasks to queue
[2025-02-22T17:23:41.324+0000] {logging_mixin.py:190} INFO - [2025-02-22T17:23:41.323+0000] {dagbag.py:588} INFO - Filling up the DagBag from /home/airflow/.local/lib/python3.12/site-packages/airflow/example_dags/example_dataset_alias_with_no_taskflow.py
[2025-02-22T17:23:41.563+0000] {processor.py:925} INFO - DAG(s) 'dataset_alias_example_alias_producer_with_no_taskflow', 'dataset_s3_bucket_consumer_with_no_taskflow', 'dataset_alias_example_alias_consumer_with_no_taskflow', 'dataset_s3_bucket_producer_with_no_taskflow' retrieved from /home/airflow/.local/lib/python3.12/site-packages/airflow/example_dags/example_dataset_alias_with_no_taskflow.py
[2025-02-22T17:23:41.571+0000] {logging_mixin.py:190} INFO - [2025-02-22T17:23:41.571+0000] {dag.py:3239} INFO - Sync 4 DAGs
[2025-02-22T17:23:41.578+0000] {logging_mixin.py:190} INFO - [2025-02-22T17:23:41.578+0000] {dag.py:4180} INFO - Setting next_dagrun for dataset_alias_example_alias_consumer_with_no_taskflow to None, run_after=None
[2025-02-22T17:23:41.579+0000] {logging_mixin.py:190} INFO - [2025-02-22T17:23:41.579+0000] {dag.py:4180} INFO - Setting next_dagrun for dataset_alias_example_alias_producer_with_no_taskflow to None, run_after=None
[2025-02-22T17:23:41.581+0000] {logging_mixin.py:190} INFO - [2025-02-22T17:23:41.581+0000] {dag.py:4180} INFO - Setting next_dagrun for dataset_s3_bucket_consumer_with_no_taskflow to None, run_after=None
[2025-02-22T17:23:41.581+0000] {logging_mixin.py:190} INFO - [2025-02-22T17:23:41.581+0000] {dag.py:4180} INFO - Setting next_dagrun for dataset_s3_bucket_producer_with_no_taskflow to None, run_after=None
[2025-02-22T17:23:41.590+0000] {processor.py:208} INFO - Processing /home/airflow/.local/lib/python3.12/site-packages/airflow/example_dags/example_dataset_alias_with_no_taskflow.py took 0.276 seconds
[2025-02-22T17:24:12.567+0000] {processor.py:186} INFO - Started process (PID=1083) to work on /home/airflow/.local/lib/python3.12/site-packages/airflow/example_dags/example_dataset_alias_with_no_taskflow.py
[2025-02-22T17:24:12.568+0000] {processor.py:914} INFO - Processing file /home/airflow/.local/lib/python3.12/site-packages/airflow/example_dags/example_dataset_alias_with_no_taskflow.py for tasks to queue
[2025-02-22T17:24:12.570+0000] {logging_mixin.py:190} INFO - [2025-02-22T17:24:12.570+0000] {dagbag.py:588} INFO - Filling up the DagBag from /home/airflow/.local/lib/python3.12/site-packages/airflow/example_dags/example_dataset_alias_with_no_taskflow.py
[2025-02-22T17:24:12.800+0000] {processor.py:925} INFO - DAG(s) 'dataset_alias_example_alias_consumer_with_no_taskflow', 'dataset_s3_bucket_producer_with_no_taskflow', 'dataset_s3_bucket_consumer_with_no_taskflow', 'dataset_alias_example_alias_producer_with_no_taskflow' retrieved from /home/airflow/.local/lib/python3.12/site-packages/airflow/example_dags/example_dataset_alias_with_no_taskflow.py
[2025-02-22T17:24:12.808+0000] {logging_mixin.py:190} INFO - [2025-02-22T17:24:12.808+0000] {dag.py:3239} INFO - Sync 4 DAGs
[2025-02-22T17:24:12.816+0000] {logging_mixin.py:190} INFO - [2025-02-22T17:24:12.816+0000] {dag.py:4180} INFO - Setting next_dagrun for dataset_alias_example_alias_consumer_with_no_taskflow to None, run_after=None
[2025-02-22T17:24:12.819+0000] {logging_mixin.py:190} INFO - [2025-02-22T17:24:12.818+0000] {dag.py:4180} INFO - Setting next_dagrun for dataset_alias_example_alias_producer_with_no_taskflow to None, run_after=None
[2025-02-22T17:24:12.819+0000] {logging_mixin.py:190} INFO - [2025-02-22T17:24:12.819+0000] {dag.py:4180} INFO - Setting next_dagrun for dataset_s3_bucket_consumer_with_no_taskflow to None, run_after=None
[2025-02-22T17:24:12.820+0000] {logging_mixin.py:190} INFO - [2025-02-22T17:24:12.820+0000] {dag.py:4180} INFO - Setting next_dagrun for dataset_s3_bucket_producer_with_no_taskflow to None, run_after=None
[2025-02-22T17:24:12.833+0000] {processor.py:208} INFO - Processing /home/airflow/.local/lib/python3.12/site-packages/airflow/example_dags/example_dataset_alias_with_no_taskflow.py took 0.271 seconds
[2025-02-22T17:24:43.787+0000] {processor.py:186} INFO - Started process (PID=1145) to work on /home/airflow/.local/lib/python3.12/site-packages/airflow/example_dags/example_dataset_alias_with_no_taskflow.py
[2025-02-22T17:24:43.788+0000] {processor.py:914} INFO - Processing file /home/airflow/.local/lib/python3.12/site-packages/airflow/example_dags/example_dataset_alias_with_no_taskflow.py for tasks to queue
[2025-02-22T17:24:43.789+0000] {logging_mixin.py:190} INFO - [2025-02-22T17:24:43.789+0000] {dagbag.py:588} INFO - Filling up the DagBag from /home/airflow/.local/lib/python3.12/site-packages/airflow/example_dags/example_dataset_alias_with_no_taskflow.py
[2025-02-22T17:24:44.020+0000] {processor.py:925} INFO - DAG(s) 'dataset_s3_bucket_producer_with_no_taskflow', 'dataset_s3_bucket_consumer_with_no_taskflow', 'dataset_alias_example_alias_consumer_with_no_taskflow', 'dataset_alias_example_alias_producer_with_no_taskflow' retrieved from /home/airflow/.local/lib/python3.12/site-packages/airflow/example_dags/example_dataset_alias_with_no_taskflow.py
[2025-02-22T17:24:44.031+0000] {logging_mixin.py:190} INFO - [2025-02-22T17:24:44.031+0000] {dag.py:3239} INFO - Sync 4 DAGs
[2025-02-22T17:24:44.041+0000] {logging_mixin.py:190} INFO - [2025-02-22T17:24:44.041+0000] {dag.py:4180} INFO - Setting next_dagrun for dataset_alias_example_alias_consumer_with_no_taskflow to None, run_after=None
[2025-02-22T17:24:44.042+0000] {logging_mixin.py:190} INFO - [2025-02-22T17:24:44.042+0000] {dag.py:4180} INFO - Setting next_dagrun for dataset_alias_example_alias_producer_with_no_taskflow to None, run_after=None
[2025-02-22T17:24:44.043+0000] {logging_mixin.py:190} INFO - [2025-02-22T17:24:44.043+0000] {dag.py:4180} INFO - Setting next_dagrun for dataset_s3_bucket_consumer_with_no_taskflow to None, run_after=None
[2025-02-22T17:24:44.043+0000] {logging_mixin.py:190} INFO - [2025-02-22T17:24:44.043+0000] {dag.py:4180} INFO - Setting next_dagrun for dataset_s3_bucket_producer_with_no_taskflow to None, run_after=None
[2025-02-22T17:24:44.051+0000] {processor.py:208} INFO - Processing /home/airflow/.local/lib/python3.12/site-packages/airflow/example_dags/example_dataset_alias_with_no_taskflow.py took 0.267 seconds
[2025-02-22T17:25:15.042+0000] {processor.py:186} INFO - Started process (PID=1208) to work on /home/airflow/.local/lib/python3.12/site-packages/airflow/example_dags/example_dataset_alias_with_no_taskflow.py
[2025-02-22T17:25:15.045+0000] {processor.py:914} INFO - Processing file /home/airflow/.local/lib/python3.12/site-packages/airflow/example_dags/example_dataset_alias_with_no_taskflow.py for tasks to queue
[2025-02-22T17:25:15.046+0000] {logging_mixin.py:190} INFO - [2025-02-22T17:25:15.046+0000] {dagbag.py:588} INFO - Filling up the DagBag from /home/airflow/.local/lib/python3.12/site-packages/airflow/example_dags/example_dataset_alias_with_no_taskflow.py
[2025-02-22T17:25:15.270+0000] {processor.py:925} INFO - DAG(s) 'dataset_s3_bucket_consumer_with_no_taskflow', 'dataset_s3_bucket_producer_with_no_taskflow', 'dataset_alias_example_alias_consumer_with_no_taskflow', 'dataset_alias_example_alias_producer_with_no_taskflow' retrieved from /home/airflow/.local/lib/python3.12/site-packages/airflow/example_dags/example_dataset_alias_with_no_taskflow.py
[2025-02-22T17:25:15.278+0000] {logging_mixin.py:190} INFO - [2025-02-22T17:25:15.278+0000] {dag.py:3239} INFO - Sync 4 DAGs
[2025-02-22T17:25:15.287+0000] {logging_mixin.py:190} INFO - [2025-02-22T17:25:15.286+0000] {dag.py:4180} INFO - Setting next_dagrun for dataset_alias_example_alias_consumer_with_no_taskflow to None, run_after=None
[2025-02-22T17:25:15.288+0000] {logging_mixin.py:190} INFO - [2025-02-22T17:25:15.288+0000] {dag.py:4180} INFO - Setting next_dagrun for dataset_alias_example_alias_producer_with_no_taskflow to None, run_after=None
[2025-02-22T17:25:15.288+0000] {logging_mixin.py:190} INFO - [2025-02-22T17:25:15.288+0000] {dag.py:4180} INFO - Setting next_dagrun for dataset_s3_bucket_consumer_with_no_taskflow to None, run_after=None
[2025-02-22T17:25:15.289+0000] {logging_mixin.py:190} INFO - [2025-02-22T17:25:15.289+0000] {dag.py:4180} INFO - Setting next_dagrun for dataset_s3_bucket_producer_with_no_taskflow to None, run_after=None
[2025-02-22T17:25:15.299+0000] {processor.py:208} INFO - Processing /home/airflow/.local/lib/python3.12/site-packages/airflow/example_dags/example_dataset_alias_with_no_taskflow.py took 0.259 seconds
[2025-02-22T17:25:46.310+0000] {processor.py:186} INFO - Started process (PID=1271) to work on /home/airflow/.local/lib/python3.12/site-packages/airflow/example_dags/example_dataset_alias_with_no_taskflow.py
[2025-02-22T17:25:46.311+0000] {processor.py:914} INFO - Processing file /home/airflow/.local/lib/python3.12/site-packages/airflow/example_dags/example_dataset_alias_with_no_taskflow.py for tasks to queue
[2025-02-22T17:25:46.312+0000] {logging_mixin.py:190} INFO - [2025-02-22T17:25:46.311+0000] {dagbag.py:588} INFO - Filling up the DagBag from /home/airflow/.local/lib/python3.12/site-packages/airflow/example_dags/example_dataset_alias_with_no_taskflow.py
[2025-02-22T17:25:46.538+0000] {processor.py:925} INFO - DAG(s) 'dataset_s3_bucket_producer_with_no_taskflow', 'dataset_alias_example_alias_producer_with_no_taskflow', 'dataset_s3_bucket_consumer_with_no_taskflow', 'dataset_alias_example_alias_consumer_with_no_taskflow' retrieved from /home/airflow/.local/lib/python3.12/site-packages/airflow/example_dags/example_dataset_alias_with_no_taskflow.py
[2025-02-22T17:25:46.548+0000] {logging_mixin.py:190} INFO - [2025-02-22T17:25:46.548+0000] {dag.py:3239} INFO - Sync 4 DAGs
[2025-02-22T17:25:46.557+0000] {logging_mixin.py:190} INFO - [2025-02-22T17:25:46.556+0000] {dag.py:4180} INFO - Setting next_dagrun for dataset_alias_example_alias_consumer_with_no_taskflow to None, run_after=None
[2025-02-22T17:25:46.558+0000] {logging_mixin.py:190} INFO - [2025-02-22T17:25:46.558+0000] {dag.py:4180} INFO - Setting next_dagrun for dataset_alias_example_alias_producer_with_no_taskflow to None, run_after=None
[2025-02-22T17:25:46.558+0000] {logging_mixin.py:190} INFO - [2025-02-22T17:25:46.558+0000] {dag.py:4180} INFO - Setting next_dagrun for dataset_s3_bucket_consumer_with_no_taskflow to None, run_after=None
[2025-02-22T17:25:46.559+0000] {logging_mixin.py:190} INFO - [2025-02-22T17:25:46.558+0000] {dag.py:4180} INFO - Setting next_dagrun for dataset_s3_bucket_producer_with_no_taskflow to None, run_after=None
[2025-02-22T17:25:46.569+0000] {processor.py:208} INFO - Processing /home/airflow/.local/lib/python3.12/site-packages/airflow/example_dags/example_dataset_alias_with_no_taskflow.py took 0.261 seconds
[2025-02-22T17:26:16.597+0000] {processor.py:186} INFO - Started process (PID=1334) to work on /home/airflow/.local/lib/python3.12/site-packages/airflow/example_dags/example_dataset_alias_with_no_taskflow.py
[2025-02-22T17:26:16.598+0000] {processor.py:914} INFO - Processing file /home/airflow/.local/lib/python3.12/site-packages/airflow/example_dags/example_dataset_alias_with_no_taskflow.py for tasks to queue
[2025-02-22T17:26:16.600+0000] {logging_mixin.py:190} INFO - [2025-02-22T17:26:16.600+0000] {dagbag.py:588} INFO - Filling up the DagBag from /home/airflow/.local/lib/python3.12/site-packages/airflow/example_dags/example_dataset_alias_with_no_taskflow.py
[2025-02-22T17:26:16.830+0000] {processor.py:925} INFO - DAG(s) 'dataset_s3_bucket_consumer_with_no_taskflow', 'dataset_s3_bucket_producer_with_no_taskflow', 'dataset_alias_example_alias_producer_with_no_taskflow', 'dataset_alias_example_alias_consumer_with_no_taskflow' retrieved from /home/airflow/.local/lib/python3.12/site-packages/airflow/example_dags/example_dataset_alias_with_no_taskflow.py
[2025-02-22T17:26:16.837+0000] {logging_mixin.py:190} INFO - [2025-02-22T17:26:16.836+0000] {dag.py:3239} INFO - Sync 4 DAGs
[2025-02-22T17:26:16.845+0000] {logging_mixin.py:190} INFO - [2025-02-22T17:26:16.845+0000] {dag.py:4180} INFO - Setting next_dagrun for dataset_alias_example_alias_consumer_with_no_taskflow to None, run_after=None
[2025-02-22T17:26:16.846+0000] {logging_mixin.py:190} INFO - [2025-02-22T17:26:16.846+0000] {dag.py:4180} INFO - Setting next_dagrun for dataset_alias_example_alias_producer_with_no_taskflow to None, run_after=None
[2025-02-22T17:26:16.847+0000] {logging_mixin.py:190} INFO - [2025-02-22T17:26:16.847+0000] {dag.py:4180} INFO - Setting next_dagrun for dataset_s3_bucket_consumer_with_no_taskflow to None, run_after=None
[2025-02-22T17:26:16.848+0000] {logging_mixin.py:190} INFO - [2025-02-22T17:26:16.848+0000] {dag.py:4180} INFO - Setting next_dagrun for dataset_s3_bucket_producer_with_no_taskflow to None, run_after=None
[2025-02-22T17:26:16.855+0000] {processor.py:208} INFO - Processing /home/airflow/.local/lib/python3.12/site-packages/airflow/example_dags/example_dataset_alias_with_no_taskflow.py took 0.265 seconds
