[2025-02-22T17:05:26.991+0000] {processor.py:186} INFO - Started process (PID=75) to work on /home/airflow/.local/lib/python3.12/site-packages/airflow/example_dags/example_dataset_alias.py
[2025-02-22T17:05:26.991+0000] {processor.py:914} INFO - Processing file /home/airflow/.local/lib/python3.12/site-packages/airflow/example_dags/example_dataset_alias.py for tasks to queue
[2025-02-22T17:05:26.992+0000] {logging_mixin.py:190} INFO - [2025-02-22T17:05:26.992+0000] {dagbag.py:588} INFO - Filling up the DagBag from /home/airflow/.local/lib/python3.12/site-packages/airflow/example_dags/example_dataset_alias.py
[2025-02-22T17:05:27.230+0000] {processor.py:925} INFO - DAG(s) 'dataset_alias_example_alias_consumer', 'dataset_s3_bucket_producer', 'dataset_alias_example_alias_producer', 'dataset_s3_bucket_consumer' retrieved from /home/airflow/.local/lib/python3.12/site-packages/airflow/example_dags/example_dataset_alias.py
[2025-02-22T17:05:27.262+0000] {logging_mixin.py:190} INFO - [2025-02-22T17:05:27.262+0000] {override.py:1912} INFO - Created Permission View: can edit on DAG:dataset_alias_example_alias_consumer
[2025-02-22T17:05:27.266+0000] {logging_mixin.py:190} INFO - [2025-02-22T17:05:27.266+0000] {override.py:1912} INFO - Created Permission View: can delete on DAG:dataset_alias_example_alias_consumer
[2025-02-22T17:05:27.268+0000] {logging_mixin.py:190} INFO - [2025-02-22T17:05:27.268+0000] {override.py:1912} INFO - Created Permission View: can read on DAG:dataset_alias_example_alias_consumer
[2025-02-22T17:05:27.270+0000] {logging_mixin.py:190} INFO - [2025-02-22T17:05:27.270+0000] {override.py:1912} INFO - Created Permission View: menu access on DAG Run:dataset_alias_example_alias_consumer
[2025-02-22T17:05:27.273+0000] {logging_mixin.py:190} INFO - [2025-02-22T17:05:27.273+0000] {override.py:1912} INFO - Created Permission View: can create on DAG Run:dataset_alias_example_alias_consumer
[2025-02-22T17:05:27.275+0000] {logging_mixin.py:190} INFO - [2025-02-22T17:05:27.275+0000] {override.py:1912} INFO - Created Permission View: can delete on DAG Run:dataset_alias_example_alias_consumer
[2025-02-22T17:05:27.277+0000] {logging_mixin.py:190} INFO - [2025-02-22T17:05:27.277+0000] {override.py:1912} INFO - Created Permission View: can read on DAG Run:dataset_alias_example_alias_consumer
[2025-02-22T17:05:27.281+0000] {logging_mixin.py:190} INFO - [2025-02-22T17:05:27.281+0000] {override.py:1912} INFO - Created Permission View: can edit on DAG:dataset_s3_bucket_producer
[2025-02-22T17:05:27.283+0000] {logging_mixin.py:190} INFO - [2025-02-22T17:05:27.283+0000] {override.py:1912} INFO - Created Permission View: can delete on DAG:dataset_s3_bucket_producer
[2025-02-22T17:05:27.284+0000] {logging_mixin.py:190} INFO - [2025-02-22T17:05:27.284+0000] {override.py:1912} INFO - Created Permission View: can read on DAG:dataset_s3_bucket_producer
[2025-02-22T17:05:27.286+0000] {logging_mixin.py:190} INFO - [2025-02-22T17:05:27.286+0000] {override.py:1912} INFO - Created Permission View: menu access on DAG Run:dataset_s3_bucket_producer
[2025-02-22T17:05:27.288+0000] {logging_mixin.py:190} INFO - [2025-02-22T17:05:27.288+0000] {override.py:1912} INFO - Created Permission View: can create on DAG Run:dataset_s3_bucket_producer
[2025-02-22T17:05:27.290+0000] {logging_mixin.py:190} INFO - [2025-02-22T17:05:27.290+0000] {override.py:1912} INFO - Created Permission View: can delete on DAG Run:dataset_s3_bucket_producer
[2025-02-22T17:05:27.291+0000] {logging_mixin.py:190} INFO - [2025-02-22T17:05:27.291+0000] {override.py:1912} INFO - Created Permission View: can read on DAG Run:dataset_s3_bucket_producer
[2025-02-22T17:05:27.295+0000] {logging_mixin.py:190} INFO - [2025-02-22T17:05:27.295+0000] {override.py:1912} INFO - Created Permission View: can edit on DAG:dataset_alias_example_alias_producer
[2025-02-22T17:05:27.297+0000] {logging_mixin.py:190} INFO - [2025-02-22T17:05:27.297+0000] {override.py:1912} INFO - Created Permission View: can delete on DAG:dataset_alias_example_alias_producer
[2025-02-22T17:05:27.299+0000] {logging_mixin.py:190} INFO - [2025-02-22T17:05:27.299+0000] {override.py:1912} INFO - Created Permission View: can read on DAG:dataset_alias_example_alias_producer
[2025-02-22T17:05:27.301+0000] {logging_mixin.py:190} INFO - [2025-02-22T17:05:27.301+0000] {override.py:1912} INFO - Created Permission View: menu access on DAG Run:dataset_alias_example_alias_producer
[2025-02-22T17:05:27.305+0000] {logging_mixin.py:190} INFO - [2025-02-22T17:05:27.305+0000] {override.py:1912} INFO - Created Permission View: can create on DAG Run:dataset_alias_example_alias_producer
[2025-02-22T17:05:27.306+0000] {logging_mixin.py:190} INFO - [2025-02-22T17:05:27.306+0000] {override.py:1912} INFO - Created Permission View: can delete on DAG Run:dataset_alias_example_alias_producer
[2025-02-22T17:05:27.308+0000] {logging_mixin.py:190} INFO - [2025-02-22T17:05:27.308+0000] {override.py:1912} INFO - Created Permission View: can read on DAG Run:dataset_alias_example_alias_producer
[2025-02-22T17:05:27.312+0000] {logging_mixin.py:190} INFO - [2025-02-22T17:05:27.312+0000] {override.py:1912} INFO - Created Permission View: can edit on DAG:dataset_s3_bucket_consumer
[2025-02-22T17:05:27.314+0000] {logging_mixin.py:190} INFO - [2025-02-22T17:05:27.314+0000] {override.py:1912} INFO - Created Permission View: can delete on DAG:dataset_s3_bucket_consumer
[2025-02-22T17:05:27.316+0000] {logging_mixin.py:190} INFO - [2025-02-22T17:05:27.316+0000] {override.py:1912} INFO - Created Permission View: can read on DAG:dataset_s3_bucket_consumer
[2025-02-22T17:05:27.318+0000] {logging_mixin.py:190} INFO - [2025-02-22T17:05:27.318+0000] {override.py:1912} INFO - Created Permission View: menu access on DAG Run:dataset_s3_bucket_consumer
[2025-02-22T17:05:27.321+0000] {logging_mixin.py:190} INFO - [2025-02-22T17:05:27.321+0000] {override.py:1912} INFO - Created Permission View: can create on DAG Run:dataset_s3_bucket_consumer
[2025-02-22T17:05:27.325+0000] {logging_mixin.py:190} INFO - [2025-02-22T17:05:27.325+0000] {override.py:1912} INFO - Created Permission View: can delete on DAG Run:dataset_s3_bucket_consumer
[2025-02-22T17:05:27.329+0000] {logging_mixin.py:190} INFO - [2025-02-22T17:05:27.329+0000] {override.py:1912} INFO - Created Permission View: can read on DAG Run:dataset_s3_bucket_consumer
[2025-02-22T17:05:27.329+0000] {logging_mixin.py:190} INFO - [2025-02-22T17:05:27.329+0000] {dag.py:3239} INFO - Sync 4 DAGs
[2025-02-22T17:05:27.333+0000] {logging_mixin.py:190} INFO - [2025-02-22T17:05:27.333+0000] {dag.py:3262} INFO - Creating ORM DAG for dataset_s3_bucket_producer
[2025-02-22T17:05:27.334+0000] {logging_mixin.py:190} INFO - [2025-02-22T17:05:27.334+0000] {dag.py:3262} INFO - Creating ORM DAG for dataset_alias_example_alias_consumer
[2025-02-22T17:05:27.334+0000] {logging_mixin.py:190} INFO - [2025-02-22T17:05:27.334+0000] {dag.py:3262} INFO - Creating ORM DAG for dataset_s3_bucket_consumer
[2025-02-22T17:05:27.334+0000] {logging_mixin.py:190} INFO - [2025-02-22T17:05:27.334+0000] {dag.py:3262} INFO - Creating ORM DAG for dataset_alias_example_alias_producer
[2025-02-22T17:05:27.337+0000] {logging_mixin.py:190} INFO - [2025-02-22T17:05:27.337+0000] {dag.py:4180} INFO - Setting next_dagrun for dataset_alias_example_alias_consumer to None, run_after=None
[2025-02-22T17:05:27.338+0000] {logging_mixin.py:190} INFO - [2025-02-22T17:05:27.338+0000] {dag.py:4180} INFO - Setting next_dagrun for dataset_alias_example_alias_producer to None, run_after=None
[2025-02-22T17:05:27.338+0000] {logging_mixin.py:190} INFO - [2025-02-22T17:05:27.338+0000] {dag.py:4180} INFO - Setting next_dagrun for dataset_s3_bucket_consumer to None, run_after=None
[2025-02-22T17:05:27.338+0000] {logging_mixin.py:190} INFO - [2025-02-22T17:05:27.338+0000] {dag.py:4180} INFO - Setting next_dagrun for dataset_s3_bucket_producer to None, run_after=None
[2025-02-22T17:05:27.348+0000] {processor.py:208} INFO - Processing /home/airflow/.local/lib/python3.12/site-packages/airflow/example_dags/example_dataset_alias.py took 0.359 seconds
[2025-02-22T17:05:57.759+0000] {processor.py:186} INFO - Started process (PID=138) to work on /home/airflow/.local/lib/python3.12/site-packages/airflow/example_dags/example_dataset_alias.py
[2025-02-22T17:05:57.760+0000] {processor.py:914} INFO - Processing file /home/airflow/.local/lib/python3.12/site-packages/airflow/example_dags/example_dataset_alias.py for tasks to queue
[2025-02-22T17:05:57.761+0000] {logging_mixin.py:190} INFO - [2025-02-22T17:05:57.761+0000] {dagbag.py:588} INFO - Filling up the DagBag from /home/airflow/.local/lib/python3.12/site-packages/airflow/example_dags/example_dataset_alias.py
[2025-02-22T17:05:58.010+0000] {processor.py:925} INFO - DAG(s) 'dataset_s3_bucket_producer', 'dataset_s3_bucket_consumer', 'dataset_alias_example_alias_producer', 'dataset_alias_example_alias_consumer' retrieved from /home/airflow/.local/lib/python3.12/site-packages/airflow/example_dags/example_dataset_alias.py
[2025-02-22T17:05:58.017+0000] {logging_mixin.py:190} INFO - [2025-02-22T17:05:58.017+0000] {dag.py:3239} INFO - Sync 4 DAGs
[2025-02-22T17:05:58.026+0000] {logging_mixin.py:190} INFO - [2025-02-22T17:05:58.026+0000] {dag.py:4180} INFO - Setting next_dagrun for dataset_alias_example_alias_consumer to None, run_after=None
[2025-02-22T17:05:58.028+0000] {logging_mixin.py:190} INFO - [2025-02-22T17:05:58.028+0000] {dag.py:4180} INFO - Setting next_dagrun for dataset_alias_example_alias_producer to None, run_after=None
[2025-02-22T17:05:58.029+0000] {logging_mixin.py:190} INFO - [2025-02-22T17:05:58.028+0000] {dag.py:4180} INFO - Setting next_dagrun for dataset_s3_bucket_consumer to None, run_after=None
[2025-02-22T17:05:58.029+0000] {logging_mixin.py:190} INFO - [2025-02-22T17:05:58.029+0000] {dag.py:4180} INFO - Setting next_dagrun for dataset_s3_bucket_producer to None, run_after=None
[2025-02-22T17:05:58.035+0000] {processor.py:208} INFO - Processing /home/airflow/.local/lib/python3.12/site-packages/airflow/example_dags/example_dataset_alias.py took 0.278 seconds
[2025-02-22T17:06:28.078+0000] {processor.py:186} INFO - Started process (PID=203) to work on /home/airflow/.local/lib/python3.12/site-packages/airflow/example_dags/example_dataset_alias.py
[2025-02-22T17:06:28.079+0000] {processor.py:914} INFO - Processing file /home/airflow/.local/lib/python3.12/site-packages/airflow/example_dags/example_dataset_alias.py for tasks to queue
[2025-02-22T17:06:28.079+0000] {logging_mixin.py:190} INFO - [2025-02-22T17:06:28.079+0000] {dagbag.py:588} INFO - Filling up the DagBag from /home/airflow/.local/lib/python3.12/site-packages/airflow/example_dags/example_dataset_alias.py
[2025-02-22T17:06:28.311+0000] {processor.py:925} INFO - DAG(s) 'dataset_s3_bucket_producer', 'dataset_s3_bucket_consumer', 'dataset_alias_example_alias_consumer', 'dataset_alias_example_alias_producer' retrieved from /home/airflow/.local/lib/python3.12/site-packages/airflow/example_dags/example_dataset_alias.py
[2025-02-22T17:06:28.319+0000] {logging_mixin.py:190} INFO - [2025-02-22T17:06:28.319+0000] {dag.py:3239} INFO - Sync 4 DAGs
[2025-02-22T17:06:28.328+0000] {logging_mixin.py:190} INFO - [2025-02-22T17:06:28.328+0000] {dag.py:4180} INFO - Setting next_dagrun for dataset_alias_example_alias_consumer to None, run_after=None
[2025-02-22T17:06:28.329+0000] {logging_mixin.py:190} INFO - [2025-02-22T17:06:28.329+0000] {dag.py:4180} INFO - Setting next_dagrun for dataset_alias_example_alias_producer to None, run_after=None
[2025-02-22T17:06:28.331+0000] {logging_mixin.py:190} INFO - [2025-02-22T17:06:28.330+0000] {dag.py:4180} INFO - Setting next_dagrun for dataset_s3_bucket_consumer to None, run_after=None
[2025-02-22T17:06:28.331+0000] {logging_mixin.py:190} INFO - [2025-02-22T17:06:28.331+0000] {dag.py:4180} INFO - Setting next_dagrun for dataset_s3_bucket_producer to None, run_after=None
[2025-02-22T17:06:28.338+0000] {processor.py:208} INFO - Processing /home/airflow/.local/lib/python3.12/site-packages/airflow/example_dags/example_dataset_alias.py took 0.262 seconds
[2025-02-22T17:06:58.986+0000] {processor.py:186} INFO - Started process (PID=263) to work on /home/airflow/.local/lib/python3.12/site-packages/airflow/example_dags/example_dataset_alias.py
[2025-02-22T17:06:58.987+0000] {processor.py:914} INFO - Processing file /home/airflow/.local/lib/python3.12/site-packages/airflow/example_dags/example_dataset_alias.py for tasks to queue
[2025-02-22T17:06:58.987+0000] {logging_mixin.py:190} INFO - [2025-02-22T17:06:58.987+0000] {dagbag.py:588} INFO - Filling up the DagBag from /home/airflow/.local/lib/python3.12/site-packages/airflow/example_dags/example_dataset_alias.py
[2025-02-22T17:06:59.200+0000] {processor.py:925} INFO - DAG(s) 'dataset_alias_example_alias_consumer', 'dataset_s3_bucket_producer', 'dataset_alias_example_alias_producer', 'dataset_s3_bucket_consumer' retrieved from /home/airflow/.local/lib/python3.12/site-packages/airflow/example_dags/example_dataset_alias.py
[2025-02-22T17:06:59.207+0000] {logging_mixin.py:190} INFO - [2025-02-22T17:06:59.207+0000] {dag.py:3239} INFO - Sync 4 DAGs
[2025-02-22T17:06:59.214+0000] {logging_mixin.py:190} INFO - [2025-02-22T17:06:59.214+0000] {dag.py:4180} INFO - Setting next_dagrun for dataset_alias_example_alias_consumer to None, run_after=None
[2025-02-22T17:06:59.217+0000] {logging_mixin.py:190} INFO - [2025-02-22T17:06:59.217+0000] {dag.py:4180} INFO - Setting next_dagrun for dataset_alias_example_alias_producer to None, run_after=None
[2025-02-22T17:06:59.217+0000] {logging_mixin.py:190} INFO - [2025-02-22T17:06:59.217+0000] {dag.py:4180} INFO - Setting next_dagrun for dataset_s3_bucket_consumer to None, run_after=None
[2025-02-22T17:06:59.218+0000] {logging_mixin.py:190} INFO - [2025-02-22T17:06:59.218+0000] {dag.py:4180} INFO - Setting next_dagrun for dataset_s3_bucket_producer to None, run_after=None
[2025-02-22T17:06:59.226+0000] {processor.py:208} INFO - Processing /home/airflow/.local/lib/python3.12/site-packages/airflow/example_dags/example_dataset_alias.py took 0.242 seconds
[2025-02-22T17:07:30.155+0000] {processor.py:186} INFO - Started process (PID=326) to work on /home/airflow/.local/lib/python3.12/site-packages/airflow/example_dags/example_dataset_alias.py
[2025-02-22T17:07:30.156+0000] {processor.py:914} INFO - Processing file /home/airflow/.local/lib/python3.12/site-packages/airflow/example_dags/example_dataset_alias.py for tasks to queue
[2025-02-22T17:07:30.157+0000] {logging_mixin.py:190} INFO - [2025-02-22T17:07:30.157+0000] {dagbag.py:588} INFO - Filling up the DagBag from /home/airflow/.local/lib/python3.12/site-packages/airflow/example_dags/example_dataset_alias.py
[2025-02-22T17:07:30.383+0000] {processor.py:925} INFO - DAG(s) 'dataset_alias_example_alias_consumer', 'dataset_s3_bucket_producer', 'dataset_alias_example_alias_producer', 'dataset_s3_bucket_consumer' retrieved from /home/airflow/.local/lib/python3.12/site-packages/airflow/example_dags/example_dataset_alias.py
[2025-02-22T17:07:30.390+0000] {logging_mixin.py:190} INFO - [2025-02-22T17:07:30.390+0000] {dag.py:3239} INFO - Sync 4 DAGs
[2025-02-22T17:07:30.397+0000] {logging_mixin.py:190} INFO - [2025-02-22T17:07:30.397+0000] {dag.py:4180} INFO - Setting next_dagrun for dataset_alias_example_alias_consumer to None, run_after=None
[2025-02-22T17:07:30.398+0000] {logging_mixin.py:190} INFO - [2025-02-22T17:07:30.398+0000] {dag.py:4180} INFO - Setting next_dagrun for dataset_alias_example_alias_producer to None, run_after=None
[2025-02-22T17:07:30.399+0000] {logging_mixin.py:190} INFO - [2025-02-22T17:07:30.398+0000] {dag.py:4180} INFO - Setting next_dagrun for dataset_s3_bucket_consumer to None, run_after=None
[2025-02-22T17:07:30.399+0000] {logging_mixin.py:190} INFO - [2025-02-22T17:07:30.399+0000] {dag.py:4180} INFO - Setting next_dagrun for dataset_s3_bucket_producer to None, run_after=None
[2025-02-22T17:07:30.406+0000] {processor.py:208} INFO - Processing /home/airflow/.local/lib/python3.12/site-packages/airflow/example_dags/example_dataset_alias.py took 0.253 seconds
[2025-02-22T17:08:01.214+0000] {processor.py:186} INFO - Started process (PID=388) to work on /home/airflow/.local/lib/python3.12/site-packages/airflow/example_dags/example_dataset_alias.py
[2025-02-22T17:08:01.214+0000] {processor.py:914} INFO - Processing file /home/airflow/.local/lib/python3.12/site-packages/airflow/example_dags/example_dataset_alias.py for tasks to queue
[2025-02-22T17:08:01.215+0000] {logging_mixin.py:190} INFO - [2025-02-22T17:08:01.215+0000] {dagbag.py:588} INFO - Filling up the DagBag from /home/airflow/.local/lib/python3.12/site-packages/airflow/example_dags/example_dataset_alias.py
[2025-02-22T17:08:01.426+0000] {processor.py:925} INFO - DAG(s) 'dataset_s3_bucket_producer', 'dataset_alias_example_alias_producer', 'dataset_s3_bucket_consumer', 'dataset_alias_example_alias_consumer' retrieved from /home/airflow/.local/lib/python3.12/site-packages/airflow/example_dags/example_dataset_alias.py
[2025-02-22T17:08:01.433+0000] {logging_mixin.py:190} INFO - [2025-02-22T17:08:01.433+0000] {dag.py:3239} INFO - Sync 4 DAGs
[2025-02-22T17:08:01.440+0000] {logging_mixin.py:190} INFO - [2025-02-22T17:08:01.440+0000] {dag.py:4180} INFO - Setting next_dagrun for dataset_alias_example_alias_consumer to None, run_after=None
[2025-02-22T17:08:01.444+0000] {logging_mixin.py:190} INFO - [2025-02-22T17:08:01.444+0000] {dag.py:4180} INFO - Setting next_dagrun for dataset_alias_example_alias_producer to None, run_after=None
[2025-02-22T17:08:01.444+0000] {logging_mixin.py:190} INFO - [2025-02-22T17:08:01.444+0000] {dag.py:4180} INFO - Setting next_dagrun for dataset_s3_bucket_consumer to None, run_after=None
[2025-02-22T17:08:01.445+0000] {logging_mixin.py:190} INFO - [2025-02-22T17:08:01.445+0000] {dag.py:4180} INFO - Setting next_dagrun for dataset_s3_bucket_producer to None, run_after=None
[2025-02-22T17:08:01.454+0000] {processor.py:208} INFO - Processing /home/airflow/.local/lib/python3.12/site-packages/airflow/example_dags/example_dataset_alias.py took 0.242 seconds
[2025-02-22T17:08:32.253+0000] {processor.py:186} INFO - Started process (PID=451) to work on /home/airflow/.local/lib/python3.12/site-packages/airflow/example_dags/example_dataset_alias.py
[2025-02-22T17:08:32.253+0000] {processor.py:914} INFO - Processing file /home/airflow/.local/lib/python3.12/site-packages/airflow/example_dags/example_dataset_alias.py for tasks to queue
[2025-02-22T17:08:32.254+0000] {logging_mixin.py:190} INFO - [2025-02-22T17:08:32.254+0000] {dagbag.py:588} INFO - Filling up the DagBag from /home/airflow/.local/lib/python3.12/site-packages/airflow/example_dags/example_dataset_alias.py
[2025-02-22T17:08:32.480+0000] {processor.py:925} INFO - DAG(s) 'dataset_alias_example_alias_consumer', 'dataset_s3_bucket_producer', 'dataset_s3_bucket_consumer', 'dataset_alias_example_alias_producer' retrieved from /home/airflow/.local/lib/python3.12/site-packages/airflow/example_dags/example_dataset_alias.py
[2025-02-22T17:08:32.489+0000] {logging_mixin.py:190} INFO - [2025-02-22T17:08:32.489+0000] {dag.py:3239} INFO - Sync 4 DAGs
[2025-02-22T17:08:32.498+0000] {logging_mixin.py:190} INFO - [2025-02-22T17:08:32.497+0000] {dag.py:4180} INFO - Setting next_dagrun for dataset_alias_example_alias_consumer to None, run_after=None
[2025-02-22T17:08:32.500+0000] {logging_mixin.py:190} INFO - [2025-02-22T17:08:32.500+0000] {dag.py:4180} INFO - Setting next_dagrun for dataset_alias_example_alias_producer to None, run_after=None
[2025-02-22T17:08:32.501+0000] {logging_mixin.py:190} INFO - [2025-02-22T17:08:32.501+0000] {dag.py:4180} INFO - Setting next_dagrun for dataset_s3_bucket_consumer to None, run_after=None
[2025-02-22T17:08:32.501+0000] {logging_mixin.py:190} INFO - [2025-02-22T17:08:32.501+0000] {dag.py:4180} INFO - Setting next_dagrun for dataset_s3_bucket_producer to None, run_after=None
[2025-02-22T17:08:32.508+0000] {processor.py:208} INFO - Processing /home/airflow/.local/lib/python3.12/site-packages/airflow/example_dags/example_dataset_alias.py took 0.257 seconds
[2025-02-22T17:09:03.233+0000] {processor.py:186} INFO - Started process (PID=514) to work on /home/airflow/.local/lib/python3.12/site-packages/airflow/example_dags/example_dataset_alias.py
[2025-02-22T17:09:03.233+0000] {processor.py:914} INFO - Processing file /home/airflow/.local/lib/python3.12/site-packages/airflow/example_dags/example_dataset_alias.py for tasks to queue
[2025-02-22T17:09:03.234+0000] {logging_mixin.py:190} INFO - [2025-02-22T17:09:03.234+0000] {dagbag.py:588} INFO - Filling up the DagBag from /home/airflow/.local/lib/python3.12/site-packages/airflow/example_dags/example_dataset_alias.py
[2025-02-22T17:09:03.451+0000] {processor.py:925} INFO - DAG(s) 'dataset_s3_bucket_producer', 'dataset_s3_bucket_consumer', 'dataset_alias_example_alias_producer', 'dataset_alias_example_alias_consumer' retrieved from /home/airflow/.local/lib/python3.12/site-packages/airflow/example_dags/example_dataset_alias.py
[2025-02-22T17:09:03.459+0000] {logging_mixin.py:190} INFO - [2025-02-22T17:09:03.459+0000] {dag.py:3239} INFO - Sync 4 DAGs
[2025-02-22T17:09:03.466+0000] {logging_mixin.py:190} INFO - [2025-02-22T17:09:03.466+0000] {dag.py:4180} INFO - Setting next_dagrun for dataset_alias_example_alias_consumer to None, run_after=None
[2025-02-22T17:09:03.467+0000] {logging_mixin.py:190} INFO - [2025-02-22T17:09:03.467+0000] {dag.py:4180} INFO - Setting next_dagrun for dataset_alias_example_alias_producer to None, run_after=None
[2025-02-22T17:09:03.468+0000] {logging_mixin.py:190} INFO - [2025-02-22T17:09:03.468+0000] {dag.py:4180} INFO - Setting next_dagrun for dataset_s3_bucket_consumer to None, run_after=None
[2025-02-22T17:09:03.468+0000] {logging_mixin.py:190} INFO - [2025-02-22T17:09:03.468+0000] {dag.py:4180} INFO - Setting next_dagrun for dataset_s3_bucket_producer to None, run_after=None
[2025-02-22T17:09:03.476+0000] {processor.py:208} INFO - Processing /home/airflow/.local/lib/python3.12/site-packages/airflow/example_dags/example_dataset_alias.py took 0.245 seconds
[2025-02-22T17:09:34.282+0000] {processor.py:186} INFO - Started process (PID=577) to work on /home/airflow/.local/lib/python3.12/site-packages/airflow/example_dags/example_dataset_alias.py
[2025-02-22T17:09:34.282+0000] {processor.py:914} INFO - Processing file /home/airflow/.local/lib/python3.12/site-packages/airflow/example_dags/example_dataset_alias.py for tasks to queue
[2025-02-22T17:09:34.283+0000] {logging_mixin.py:190} INFO - [2025-02-22T17:09:34.283+0000] {dagbag.py:588} INFO - Filling up the DagBag from /home/airflow/.local/lib/python3.12/site-packages/airflow/example_dags/example_dataset_alias.py
[2025-02-22T17:09:34.500+0000] {processor.py:925} INFO - DAG(s) 'dataset_s3_bucket_consumer', 'dataset_s3_bucket_producer', 'dataset_alias_example_alias_consumer', 'dataset_alias_example_alias_producer' retrieved from /home/airflow/.local/lib/python3.12/site-packages/airflow/example_dags/example_dataset_alias.py
[2025-02-22T17:09:34.509+0000] {logging_mixin.py:190} INFO - [2025-02-22T17:09:34.509+0000] {dag.py:3239} INFO - Sync 4 DAGs
[2025-02-22T17:09:34.516+0000] {logging_mixin.py:190} INFO - [2025-02-22T17:09:34.516+0000] {dag.py:4180} INFO - Setting next_dagrun for dataset_alias_example_alias_consumer to None, run_after=None
[2025-02-22T17:09:34.517+0000] {logging_mixin.py:190} INFO - [2025-02-22T17:09:34.517+0000] {dag.py:4180} INFO - Setting next_dagrun for dataset_alias_example_alias_producer to None, run_after=None
[2025-02-22T17:09:34.517+0000] {logging_mixin.py:190} INFO - [2025-02-22T17:09:34.517+0000] {dag.py:4180} INFO - Setting next_dagrun for dataset_s3_bucket_consumer to None, run_after=None
[2025-02-22T17:09:34.518+0000] {logging_mixin.py:190} INFO - [2025-02-22T17:09:34.518+0000] {dag.py:4180} INFO - Setting next_dagrun for dataset_s3_bucket_producer to None, run_after=None
[2025-02-22T17:09:34.524+0000] {processor.py:208} INFO - Processing /home/airflow/.local/lib/python3.12/site-packages/airflow/example_dags/example_dataset_alias.py took 0.244 seconds
[2025-02-22T17:10:05.251+0000] {processor.py:186} INFO - Started process (PID=640) to work on /home/airflow/.local/lib/python3.12/site-packages/airflow/example_dags/example_dataset_alias.py
[2025-02-22T17:10:05.251+0000] {processor.py:914} INFO - Processing file /home/airflow/.local/lib/python3.12/site-packages/airflow/example_dags/example_dataset_alias.py for tasks to queue
[2025-02-22T17:10:05.252+0000] {logging_mixin.py:190} INFO - [2025-02-22T17:10:05.252+0000] {dagbag.py:588} INFO - Filling up the DagBag from /home/airflow/.local/lib/python3.12/site-packages/airflow/example_dags/example_dataset_alias.py
[2025-02-22T17:10:05.464+0000] {processor.py:925} INFO - DAG(s) 'dataset_alias_example_alias_consumer', 'dataset_s3_bucket_producer', 'dataset_alias_example_alias_producer', 'dataset_s3_bucket_consumer' retrieved from /home/airflow/.local/lib/python3.12/site-packages/airflow/example_dags/example_dataset_alias.py
[2025-02-22T17:10:05.471+0000] {logging_mixin.py:190} INFO - [2025-02-22T17:10:05.471+0000] {dag.py:3239} INFO - Sync 4 DAGs
[2025-02-22T17:10:05.479+0000] {logging_mixin.py:190} INFO - [2025-02-22T17:10:05.478+0000] {dag.py:4180} INFO - Setting next_dagrun for dataset_alias_example_alias_consumer to None, run_after=None
[2025-02-22T17:10:05.479+0000] {logging_mixin.py:190} INFO - [2025-02-22T17:10:05.479+0000] {dag.py:4180} INFO - Setting next_dagrun for dataset_alias_example_alias_producer to None, run_after=None
[2025-02-22T17:10:05.480+0000] {logging_mixin.py:190} INFO - [2025-02-22T17:10:05.480+0000] {dag.py:4180} INFO - Setting next_dagrun for dataset_s3_bucket_consumer to None, run_after=None
[2025-02-22T17:10:05.480+0000] {logging_mixin.py:190} INFO - [2025-02-22T17:10:05.480+0000] {dag.py:4180} INFO - Setting next_dagrun for dataset_s3_bucket_producer to None, run_after=None
[2025-02-22T17:10:05.487+0000] {processor.py:208} INFO - Processing /home/airflow/.local/lib/python3.12/site-packages/airflow/example_dags/example_dataset_alias.py took 0.238 seconds
[2025-02-22T17:10:36.302+0000] {processor.py:186} INFO - Started process (PID=703) to work on /home/airflow/.local/lib/python3.12/site-packages/airflow/example_dags/example_dataset_alias.py
[2025-02-22T17:10:36.302+0000] {processor.py:914} INFO - Processing file /home/airflow/.local/lib/python3.12/site-packages/airflow/example_dags/example_dataset_alias.py for tasks to queue
[2025-02-22T17:10:36.303+0000] {logging_mixin.py:190} INFO - [2025-02-22T17:10:36.303+0000] {dagbag.py:588} INFO - Filling up the DagBag from /home/airflow/.local/lib/python3.12/site-packages/airflow/example_dags/example_dataset_alias.py
[2025-02-22T17:10:36.521+0000] {processor.py:925} INFO - DAG(s) 'dataset_alias_example_alias_producer', 'dataset_alias_example_alias_consumer', 'dataset_s3_bucket_producer', 'dataset_s3_bucket_consumer' retrieved from /home/airflow/.local/lib/python3.12/site-packages/airflow/example_dags/example_dataset_alias.py
[2025-02-22T17:10:36.529+0000] {logging_mixin.py:190} INFO - [2025-02-22T17:10:36.529+0000] {dag.py:3239} INFO - Sync 4 DAGs
[2025-02-22T17:10:36.536+0000] {logging_mixin.py:190} INFO - [2025-02-22T17:10:36.536+0000] {dag.py:4180} INFO - Setting next_dagrun for dataset_alias_example_alias_consumer to None, run_after=None
[2025-02-22T17:10:36.537+0000] {logging_mixin.py:190} INFO - [2025-02-22T17:10:36.537+0000] {dag.py:4180} INFO - Setting next_dagrun for dataset_alias_example_alias_producer to None, run_after=None
[2025-02-22T17:10:36.537+0000] {logging_mixin.py:190} INFO - [2025-02-22T17:10:36.537+0000] {dag.py:4180} INFO - Setting next_dagrun for dataset_s3_bucket_consumer to None, run_after=None
[2025-02-22T17:10:36.538+0000] {logging_mixin.py:190} INFO - [2025-02-22T17:10:36.538+0000] {dag.py:4180} INFO - Setting next_dagrun for dataset_s3_bucket_producer to None, run_after=None
[2025-02-22T17:10:36.544+0000] {processor.py:208} INFO - Processing /home/airflow/.local/lib/python3.12/site-packages/airflow/example_dags/example_dataset_alias.py took 0.245 seconds
[2025-02-22T17:11:07.300+0000] {processor.py:186} INFO - Started process (PID=766) to work on /home/airflow/.local/lib/python3.12/site-packages/airflow/example_dags/example_dataset_alias.py
[2025-02-22T17:11:07.300+0000] {processor.py:914} INFO - Processing file /home/airflow/.local/lib/python3.12/site-packages/airflow/example_dags/example_dataset_alias.py for tasks to queue
[2025-02-22T17:11:07.301+0000] {logging_mixin.py:190} INFO - [2025-02-22T17:11:07.301+0000] {dagbag.py:588} INFO - Filling up the DagBag from /home/airflow/.local/lib/python3.12/site-packages/airflow/example_dags/example_dataset_alias.py
[2025-02-22T17:11:07.512+0000] {processor.py:925} INFO - DAG(s) 'dataset_alias_example_alias_producer', 'dataset_alias_example_alias_consumer', 'dataset_s3_bucket_consumer', 'dataset_s3_bucket_producer' retrieved from /home/airflow/.local/lib/python3.12/site-packages/airflow/example_dags/example_dataset_alias.py
[2025-02-22T17:11:07.518+0000] {logging_mixin.py:190} INFO - [2025-02-22T17:11:07.518+0000] {dag.py:3239} INFO - Sync 4 DAGs
[2025-02-22T17:11:07.525+0000] {logging_mixin.py:190} INFO - [2025-02-22T17:11:07.525+0000] {dag.py:4180} INFO - Setting next_dagrun for dataset_alias_example_alias_consumer to None, run_after=None
[2025-02-22T17:11:07.527+0000] {logging_mixin.py:190} INFO - [2025-02-22T17:11:07.527+0000] {dag.py:4180} INFO - Setting next_dagrun for dataset_alias_example_alias_producer to None, run_after=None
[2025-02-22T17:11:07.528+0000] {logging_mixin.py:190} INFO - [2025-02-22T17:11:07.528+0000] {dag.py:4180} INFO - Setting next_dagrun for dataset_s3_bucket_consumer to None, run_after=None
[2025-02-22T17:11:07.528+0000] {logging_mixin.py:190} INFO - [2025-02-22T17:11:07.528+0000] {dag.py:4180} INFO - Setting next_dagrun for dataset_s3_bucket_producer to None, run_after=None
[2025-02-22T17:11:07.534+0000] {processor.py:208} INFO - Processing /home/airflow/.local/lib/python3.12/site-packages/airflow/example_dags/example_dataset_alias.py took 0.236 seconds
[2025-02-22T17:11:38.276+0000] {processor.py:186} INFO - Started process (PID=829) to work on /home/airflow/.local/lib/python3.12/site-packages/airflow/example_dags/example_dataset_alias.py
[2025-02-22T17:11:38.277+0000] {processor.py:914} INFO - Processing file /home/airflow/.local/lib/python3.12/site-packages/airflow/example_dags/example_dataset_alias.py for tasks to queue
[2025-02-22T17:11:38.278+0000] {logging_mixin.py:190} INFO - [2025-02-22T17:11:38.277+0000] {dagbag.py:588} INFO - Filling up the DagBag from /home/airflow/.local/lib/python3.12/site-packages/airflow/example_dags/example_dataset_alias.py
[2025-02-22T17:11:38.488+0000] {processor.py:925} INFO - DAG(s) 'dataset_s3_bucket_consumer', 'dataset_s3_bucket_producer', 'dataset_alias_example_alias_consumer', 'dataset_alias_example_alias_producer' retrieved from /home/airflow/.local/lib/python3.12/site-packages/airflow/example_dags/example_dataset_alias.py
[2025-02-22T17:11:38.495+0000] {logging_mixin.py:190} INFO - [2025-02-22T17:11:38.495+0000] {dag.py:3239} INFO - Sync 4 DAGs
[2025-02-22T17:11:38.504+0000] {logging_mixin.py:190} INFO - [2025-02-22T17:11:38.504+0000] {dag.py:4180} INFO - Setting next_dagrun for dataset_alias_example_alias_consumer to None, run_after=None
[2025-02-22T17:11:38.505+0000] {logging_mixin.py:190} INFO - [2025-02-22T17:11:38.504+0000] {dag.py:4180} INFO - Setting next_dagrun for dataset_alias_example_alias_producer to None, run_after=None
[2025-02-22T17:11:38.505+0000] {logging_mixin.py:190} INFO - [2025-02-22T17:11:38.505+0000] {dag.py:4180} INFO - Setting next_dagrun for dataset_s3_bucket_consumer to None, run_after=None
[2025-02-22T17:11:38.505+0000] {logging_mixin.py:190} INFO - [2025-02-22T17:11:38.505+0000] {dag.py:4180} INFO - Setting next_dagrun for dataset_s3_bucket_producer to None, run_after=None
[2025-02-22T17:11:38.512+0000] {processor.py:208} INFO - Processing /home/airflow/.local/lib/python3.12/site-packages/airflow/example_dags/example_dataset_alias.py took 0.238 seconds
[2025-02-22T17:12:09.246+0000] {processor.py:186} INFO - Started process (PID=892) to work on /home/airflow/.local/lib/python3.12/site-packages/airflow/example_dags/example_dataset_alias.py
[2025-02-22T17:12:09.247+0000] {processor.py:914} INFO - Processing file /home/airflow/.local/lib/python3.12/site-packages/airflow/example_dags/example_dataset_alias.py for tasks to queue
[2025-02-22T17:12:09.247+0000] {logging_mixin.py:190} INFO - [2025-02-22T17:12:09.247+0000] {dagbag.py:588} INFO - Filling up the DagBag from /home/airflow/.local/lib/python3.12/site-packages/airflow/example_dags/example_dataset_alias.py
[2025-02-22T17:12:09.469+0000] {processor.py:925} INFO - DAG(s) 'dataset_alias_example_alias_consumer', 'dataset_s3_bucket_consumer', 'dataset_s3_bucket_producer', 'dataset_alias_example_alias_producer' retrieved from /home/airflow/.local/lib/python3.12/site-packages/airflow/example_dags/example_dataset_alias.py
[2025-02-22T17:12:09.476+0000] {logging_mixin.py:190} INFO - [2025-02-22T17:12:09.476+0000] {dag.py:3239} INFO - Sync 4 DAGs
[2025-02-22T17:12:09.485+0000] {logging_mixin.py:190} INFO - [2025-02-22T17:12:09.485+0000] {dag.py:4180} INFO - Setting next_dagrun for dataset_alias_example_alias_consumer to None, run_after=None
[2025-02-22T17:12:09.486+0000] {logging_mixin.py:190} INFO - [2025-02-22T17:12:09.486+0000] {dag.py:4180} INFO - Setting next_dagrun for dataset_alias_example_alias_producer to None, run_after=None
[2025-02-22T17:12:09.487+0000] {logging_mixin.py:190} INFO - [2025-02-22T17:12:09.487+0000] {dag.py:4180} INFO - Setting next_dagrun for dataset_s3_bucket_consumer to None, run_after=None
[2025-02-22T17:12:09.487+0000] {logging_mixin.py:190} INFO - [2025-02-22T17:12:09.487+0000] {dag.py:4180} INFO - Setting next_dagrun for dataset_s3_bucket_producer to None, run_after=None
[2025-02-22T17:12:09.494+0000] {processor.py:208} INFO - Processing /home/airflow/.local/lib/python3.12/site-packages/airflow/example_dags/example_dataset_alias.py took 0.250 seconds
[2025-02-22T17:12:40.323+0000] {processor.py:186} INFO - Started process (PID=955) to work on /home/airflow/.local/lib/python3.12/site-packages/airflow/example_dags/example_dataset_alias.py
[2025-02-22T17:12:40.323+0000] {processor.py:914} INFO - Processing file /home/airflow/.local/lib/python3.12/site-packages/airflow/example_dags/example_dataset_alias.py for tasks to queue
[2025-02-22T17:12:40.324+0000] {logging_mixin.py:190} INFO - [2025-02-22T17:12:40.324+0000] {dagbag.py:588} INFO - Filling up the DagBag from /home/airflow/.local/lib/python3.12/site-packages/airflow/example_dags/example_dataset_alias.py
[2025-02-22T17:12:40.539+0000] {processor.py:925} INFO - DAG(s) 'dataset_alias_example_alias_consumer', 'dataset_alias_example_alias_producer', 'dataset_s3_bucket_consumer', 'dataset_s3_bucket_producer' retrieved from /home/airflow/.local/lib/python3.12/site-packages/airflow/example_dags/example_dataset_alias.py
[2025-02-22T17:12:40.545+0000] {logging_mixin.py:190} INFO - [2025-02-22T17:12:40.545+0000] {dag.py:3239} INFO - Sync 4 DAGs
[2025-02-22T17:12:40.552+0000] {logging_mixin.py:190} INFO - [2025-02-22T17:12:40.552+0000] {dag.py:4180} INFO - Setting next_dagrun for dataset_alias_example_alias_consumer to None, run_after=None
[2025-02-22T17:12:40.554+0000] {logging_mixin.py:190} INFO - [2025-02-22T17:12:40.554+0000] {dag.py:4180} INFO - Setting next_dagrun for dataset_alias_example_alias_producer to None, run_after=None
[2025-02-22T17:12:40.554+0000] {logging_mixin.py:190} INFO - [2025-02-22T17:12:40.554+0000] {dag.py:4180} INFO - Setting next_dagrun for dataset_s3_bucket_consumer to None, run_after=None
[2025-02-22T17:12:40.555+0000] {logging_mixin.py:190} INFO - [2025-02-22T17:12:40.555+0000] {dag.py:4180} INFO - Setting next_dagrun for dataset_s3_bucket_producer to None, run_after=None
[2025-02-22T17:12:40.560+0000] {processor.py:208} INFO - Processing /home/airflow/.local/lib/python3.12/site-packages/airflow/example_dags/example_dataset_alias.py took 0.240 seconds
[2025-02-22T17:13:11.270+0000] {processor.py:186} INFO - Started process (PID=1018) to work on /home/airflow/.local/lib/python3.12/site-packages/airflow/example_dags/example_dataset_alias.py
[2025-02-22T17:13:11.270+0000] {processor.py:914} INFO - Processing file /home/airflow/.local/lib/python3.12/site-packages/airflow/example_dags/example_dataset_alias.py for tasks to queue
[2025-02-22T17:13:11.271+0000] {logging_mixin.py:190} INFO - [2025-02-22T17:13:11.271+0000] {dagbag.py:588} INFO - Filling up the DagBag from /home/airflow/.local/lib/python3.12/site-packages/airflow/example_dags/example_dataset_alias.py
[2025-02-22T17:13:11.507+0000] {processor.py:925} INFO - DAG(s) 'dataset_alias_example_alias_consumer', 'dataset_s3_bucket_consumer', 'dataset_s3_bucket_producer', 'dataset_alias_example_alias_producer' retrieved from /home/airflow/.local/lib/python3.12/site-packages/airflow/example_dags/example_dataset_alias.py
[2025-02-22T17:13:11.514+0000] {logging_mixin.py:190} INFO - [2025-02-22T17:13:11.514+0000] {dag.py:3239} INFO - Sync 4 DAGs
[2025-02-22T17:13:11.523+0000] {logging_mixin.py:190} INFO - [2025-02-22T17:13:11.523+0000] {dag.py:4180} INFO - Setting next_dagrun for dataset_alias_example_alias_consumer to None, run_after=None
[2025-02-22T17:13:11.524+0000] {logging_mixin.py:190} INFO - [2025-02-22T17:13:11.524+0000] {dag.py:4180} INFO - Setting next_dagrun for dataset_alias_example_alias_producer to None, run_after=None
[2025-02-22T17:13:11.524+0000] {logging_mixin.py:190} INFO - [2025-02-22T17:13:11.524+0000] {dag.py:4180} INFO - Setting next_dagrun for dataset_s3_bucket_consumer to None, run_after=None
[2025-02-22T17:13:11.525+0000] {logging_mixin.py:190} INFO - [2025-02-22T17:13:11.525+0000] {dag.py:4180} INFO - Setting next_dagrun for dataset_s3_bucket_producer to None, run_after=None
[2025-02-22T17:13:11.532+0000] {processor.py:208} INFO - Processing /home/airflow/.local/lib/python3.12/site-packages/airflow/example_dags/example_dataset_alias.py took 0.264 seconds
[2025-02-22T17:15:55.315+0000] {processor.py:186} INFO - Started process (PID=69) to work on /home/airflow/.local/lib/python3.12/site-packages/airflow/example_dags/example_dataset_alias.py
[2025-02-22T17:15:55.315+0000] {processor.py:914} INFO - Processing file /home/airflow/.local/lib/python3.12/site-packages/airflow/example_dags/example_dataset_alias.py for tasks to queue
[2025-02-22T17:15:55.316+0000] {logging_mixin.py:190} INFO - [2025-02-22T17:15:55.316+0000] {dagbag.py:588} INFO - Filling up the DagBag from /home/airflow/.local/lib/python3.12/site-packages/airflow/example_dags/example_dataset_alias.py
[2025-02-22T17:15:55.581+0000] {processor.py:925} INFO - DAG(s) 'dataset_alias_example_alias_producer', 'dataset_alias_example_alias_consumer', 'dataset_s3_bucket_producer', 'dataset_s3_bucket_consumer' retrieved from /home/airflow/.local/lib/python3.12/site-packages/airflow/example_dags/example_dataset_alias.py
[2025-02-22T17:15:55.591+0000] {logging_mixin.py:190} INFO - [2025-02-22T17:15:55.591+0000] {dag.py:3239} INFO - Sync 4 DAGs
[2025-02-22T17:15:55.599+0000] {logging_mixin.py:190} INFO - [2025-02-22T17:15:55.599+0000] {dag.py:4180} INFO - Setting next_dagrun for dataset_alias_example_alias_consumer to None, run_after=None
[2025-02-22T17:15:55.600+0000] {logging_mixin.py:190} INFO - [2025-02-22T17:15:55.600+0000] {dag.py:4180} INFO - Setting next_dagrun for dataset_alias_example_alias_producer to None, run_after=None
[2025-02-22T17:15:55.602+0000] {logging_mixin.py:190} INFO - [2025-02-22T17:15:55.602+0000] {dag.py:4180} INFO - Setting next_dagrun for dataset_s3_bucket_consumer to None, run_after=None
[2025-02-22T17:15:55.603+0000] {logging_mixin.py:190} INFO - [2025-02-22T17:15:55.603+0000] {dag.py:4180} INFO - Setting next_dagrun for dataset_s3_bucket_producer to None, run_after=None
[2025-02-22T17:15:55.611+0000] {processor.py:208} INFO - Processing /home/airflow/.local/lib/python3.12/site-packages/airflow/example_dags/example_dataset_alias.py took 0.299 seconds
[2025-02-22T17:16:25.660+0000] {processor.py:186} INFO - Started process (PID=134) to work on /home/airflow/.local/lib/python3.12/site-packages/airflow/example_dags/example_dataset_alias.py
[2025-02-22T17:16:25.661+0000] {processor.py:914} INFO - Processing file /home/airflow/.local/lib/python3.12/site-packages/airflow/example_dags/example_dataset_alias.py for tasks to queue
[2025-02-22T17:16:25.662+0000] {logging_mixin.py:190} INFO - [2025-02-22T17:16:25.662+0000] {dagbag.py:588} INFO - Filling up the DagBag from /home/airflow/.local/lib/python3.12/site-packages/airflow/example_dags/example_dataset_alias.py
[2025-02-22T17:16:25.918+0000] {processor.py:925} INFO - DAG(s) 'dataset_s3_bucket_producer', 'dataset_alias_example_alias_consumer', 'dataset_s3_bucket_consumer', 'dataset_alias_example_alias_producer' retrieved from /home/airflow/.local/lib/python3.12/site-packages/airflow/example_dags/example_dataset_alias.py
[2025-02-22T17:16:25.927+0000] {logging_mixin.py:190} INFO - [2025-02-22T17:16:25.927+0000] {dag.py:3239} INFO - Sync 4 DAGs
[2025-02-22T17:16:25.936+0000] {logging_mixin.py:190} INFO - [2025-02-22T17:16:25.935+0000] {dag.py:4180} INFO - Setting next_dagrun for dataset_alias_example_alias_consumer to None, run_after=None
[2025-02-22T17:16:25.936+0000] {logging_mixin.py:190} INFO - [2025-02-22T17:16:25.936+0000] {dag.py:4180} INFO - Setting next_dagrun for dataset_alias_example_alias_producer to None, run_after=None
[2025-02-22T17:16:25.938+0000] {logging_mixin.py:190} INFO - [2025-02-22T17:16:25.938+0000] {dag.py:4180} INFO - Setting next_dagrun for dataset_s3_bucket_consumer to None, run_after=None
[2025-02-22T17:16:25.938+0000] {logging_mixin.py:190} INFO - [2025-02-22T17:16:25.938+0000] {dag.py:4180} INFO - Setting next_dagrun for dataset_s3_bucket_producer to None, run_after=None
[2025-02-22T17:16:25.948+0000] {processor.py:208} INFO - Processing /home/airflow/.local/lib/python3.12/site-packages/airflow/example_dags/example_dataset_alias.py took 0.291 seconds
[2025-02-22T17:16:56.725+0000] {processor.py:186} INFO - Started process (PID=197) to work on /home/airflow/.local/lib/python3.12/site-packages/airflow/example_dags/example_dataset_alias.py
[2025-02-22T17:16:56.728+0000] {processor.py:914} INFO - Processing file /home/airflow/.local/lib/python3.12/site-packages/airflow/example_dags/example_dataset_alias.py for tasks to queue
[2025-02-22T17:16:56.732+0000] {logging_mixin.py:190} INFO - [2025-02-22T17:16:56.731+0000] {dagbag.py:588} INFO - Filling up the DagBag from /home/airflow/.local/lib/python3.12/site-packages/airflow/example_dags/example_dataset_alias.py
[2025-02-22T17:16:56.965+0000] {processor.py:925} INFO - DAG(s) 'dataset_s3_bucket_producer', 'dataset_alias_example_alias_producer', 'dataset_alias_example_alias_consumer', 'dataset_s3_bucket_consumer' retrieved from /home/airflow/.local/lib/python3.12/site-packages/airflow/example_dags/example_dataset_alias.py
[2025-02-22T17:16:56.973+0000] {logging_mixin.py:190} INFO - [2025-02-22T17:16:56.973+0000] {dag.py:3239} INFO - Sync 4 DAGs
[2025-02-22T17:16:56.981+0000] {logging_mixin.py:190} INFO - [2025-02-22T17:16:56.981+0000] {dag.py:4180} INFO - Setting next_dagrun for dataset_alias_example_alias_consumer to None, run_after=None
[2025-02-22T17:16:56.983+0000] {logging_mixin.py:190} INFO - [2025-02-22T17:16:56.983+0000] {dag.py:4180} INFO - Setting next_dagrun for dataset_alias_example_alias_producer to None, run_after=None
[2025-02-22T17:16:56.983+0000] {logging_mixin.py:190} INFO - [2025-02-22T17:16:56.983+0000] {dag.py:4180} INFO - Setting next_dagrun for dataset_s3_bucket_consumer to None, run_after=None
[2025-02-22T17:16:56.984+0000] {logging_mixin.py:190} INFO - [2025-02-22T17:16:56.984+0000] {dag.py:4180} INFO - Setting next_dagrun for dataset_s3_bucket_producer to None, run_after=None
[2025-02-22T17:16:56.993+0000] {processor.py:208} INFO - Processing /home/airflow/.local/lib/python3.12/site-packages/airflow/example_dags/example_dataset_alias.py took 0.271 seconds
[2025-02-22T17:17:27.895+0000] {processor.py:186} INFO - Started process (PID=260) to work on /home/airflow/.local/lib/python3.12/site-packages/airflow/example_dags/example_dataset_alias.py
[2025-02-22T17:17:27.895+0000] {processor.py:914} INFO - Processing file /home/airflow/.local/lib/python3.12/site-packages/airflow/example_dags/example_dataset_alias.py for tasks to queue
[2025-02-22T17:17:27.897+0000] {logging_mixin.py:190} INFO - [2025-02-22T17:17:27.897+0000] {dagbag.py:588} INFO - Filling up the DagBag from /home/airflow/.local/lib/python3.12/site-packages/airflow/example_dags/example_dataset_alias.py
[2025-02-22T17:17:28.121+0000] {processor.py:925} INFO - DAG(s) 'dataset_alias_example_alias_consumer', 'dataset_s3_bucket_producer', 'dataset_s3_bucket_consumer', 'dataset_alias_example_alias_producer' retrieved from /home/airflow/.local/lib/python3.12/site-packages/airflow/example_dags/example_dataset_alias.py
[2025-02-22T17:17:28.135+0000] {logging_mixin.py:190} INFO - [2025-02-22T17:17:28.134+0000] {dag.py:3239} INFO - Sync 4 DAGs
[2025-02-22T17:17:28.146+0000] {logging_mixin.py:190} INFO - [2025-02-22T17:17:28.146+0000] {dag.py:4180} INFO - Setting next_dagrun for dataset_alias_example_alias_consumer to None, run_after=None
[2025-02-22T17:17:28.148+0000] {logging_mixin.py:190} INFO - [2025-02-22T17:17:28.148+0000] {dag.py:4180} INFO - Setting next_dagrun for dataset_alias_example_alias_producer to None, run_after=None
[2025-02-22T17:17:28.149+0000] {logging_mixin.py:190} INFO - [2025-02-22T17:17:28.149+0000] {dag.py:4180} INFO - Setting next_dagrun for dataset_s3_bucket_consumer to None, run_after=None
[2025-02-22T17:17:28.151+0000] {logging_mixin.py:190} INFO - [2025-02-22T17:17:28.151+0000] {dag.py:4180} INFO - Setting next_dagrun for dataset_s3_bucket_producer to None, run_after=None
[2025-02-22T17:17:28.166+0000] {processor.py:208} INFO - Processing /home/airflow/.local/lib/python3.12/site-packages/airflow/example_dags/example_dataset_alias.py took 0.273 seconds
[2025-02-22T17:17:58.247+0000] {processor.py:186} INFO - Started process (PID=329) to work on /home/airflow/.local/lib/python3.12/site-packages/airflow/example_dags/example_dataset_alias.py
[2025-02-22T17:17:58.249+0000] {processor.py:914} INFO - Processing file /home/airflow/.local/lib/python3.12/site-packages/airflow/example_dags/example_dataset_alias.py for tasks to queue
[2025-02-22T17:17:58.250+0000] {logging_mixin.py:190} INFO - [2025-02-22T17:17:58.250+0000] {dagbag.py:588} INFO - Filling up the DagBag from /home/airflow/.local/lib/python3.12/site-packages/airflow/example_dags/example_dataset_alias.py
[2025-02-22T17:17:58.483+0000] {processor.py:925} INFO - DAG(s) 'dataset_s3_bucket_consumer', 'dataset_alias_example_alias_producer', 'dataset_s3_bucket_producer', 'dataset_alias_example_alias_consumer' retrieved from /home/airflow/.local/lib/python3.12/site-packages/airflow/example_dags/example_dataset_alias.py
[2025-02-22T17:17:58.492+0000] {logging_mixin.py:190} INFO - [2025-02-22T17:17:58.492+0000] {dag.py:3239} INFO - Sync 4 DAGs
[2025-02-22T17:17:58.499+0000] {logging_mixin.py:190} INFO - [2025-02-22T17:17:58.499+0000] {dag.py:4180} INFO - Setting next_dagrun for dataset_alias_example_alias_consumer to None, run_after=None
[2025-02-22T17:17:58.500+0000] {logging_mixin.py:190} INFO - [2025-02-22T17:17:58.500+0000] {dag.py:4180} INFO - Setting next_dagrun for dataset_alias_example_alias_producer to None, run_after=None
[2025-02-22T17:17:58.502+0000] {logging_mixin.py:190} INFO - [2025-02-22T17:17:58.502+0000] {dag.py:4180} INFO - Setting next_dagrun for dataset_s3_bucket_consumer to None, run_after=None
[2025-02-22T17:17:58.503+0000] {logging_mixin.py:190} INFO - [2025-02-22T17:17:58.503+0000] {dag.py:4180} INFO - Setting next_dagrun for dataset_s3_bucket_producer to None, run_after=None
[2025-02-22T17:17:58.511+0000] {processor.py:208} INFO - Processing /home/airflow/.local/lib/python3.12/site-packages/airflow/example_dags/example_dataset_alias.py took 0.269 seconds
[2025-02-22T17:18:29.320+0000] {processor.py:186} INFO - Started process (PID=392) to work on /home/airflow/.local/lib/python3.12/site-packages/airflow/example_dags/example_dataset_alias.py
[2025-02-22T17:18:29.324+0000] {processor.py:914} INFO - Processing file /home/airflow/.local/lib/python3.12/site-packages/airflow/example_dags/example_dataset_alias.py for tasks to queue
[2025-02-22T17:18:29.327+0000] {logging_mixin.py:190} INFO - [2025-02-22T17:18:29.327+0000] {dagbag.py:588} INFO - Filling up the DagBag from /home/airflow/.local/lib/python3.12/site-packages/airflow/example_dags/example_dataset_alias.py
[2025-02-22T17:18:29.549+0000] {processor.py:925} INFO - DAG(s) 'dataset_alias_example_alias_consumer', 'dataset_s3_bucket_consumer', 'dataset_alias_example_alias_producer', 'dataset_s3_bucket_producer' retrieved from /home/airflow/.local/lib/python3.12/site-packages/airflow/example_dags/example_dataset_alias.py
[2025-02-22T17:18:29.559+0000] {logging_mixin.py:190} INFO - [2025-02-22T17:18:29.559+0000] {dag.py:3239} INFO - Sync 4 DAGs
[2025-02-22T17:18:29.566+0000] {logging_mixin.py:190} INFO - [2025-02-22T17:18:29.566+0000] {dag.py:4180} INFO - Setting next_dagrun for dataset_alias_example_alias_consumer to None, run_after=None
[2025-02-22T17:18:29.567+0000] {logging_mixin.py:190} INFO - [2025-02-22T17:18:29.567+0000] {dag.py:4180} INFO - Setting next_dagrun for dataset_alias_example_alias_producer to None, run_after=None
[2025-02-22T17:18:29.570+0000] {logging_mixin.py:190} INFO - [2025-02-22T17:18:29.570+0000] {dag.py:4180} INFO - Setting next_dagrun for dataset_s3_bucket_consumer to None, run_after=None
[2025-02-22T17:18:29.570+0000] {logging_mixin.py:190} INFO - [2025-02-22T17:18:29.570+0000] {dag.py:4180} INFO - Setting next_dagrun for dataset_s3_bucket_producer to None, run_after=None
[2025-02-22T17:18:29.577+0000] {processor.py:208} INFO - Processing /home/airflow/.local/lib/python3.12/site-packages/airflow/example_dags/example_dataset_alias.py took 0.261 seconds
[2025-02-22T17:19:00.527+0000] {processor.py:186} INFO - Started process (PID=455) to work on /home/airflow/.local/lib/python3.12/site-packages/airflow/example_dags/example_dataset_alias.py
[2025-02-22T17:19:00.532+0000] {processor.py:914} INFO - Processing file /home/airflow/.local/lib/python3.12/site-packages/airflow/example_dags/example_dataset_alias.py for tasks to queue
[2025-02-22T17:19:00.537+0000] {logging_mixin.py:190} INFO - [2025-02-22T17:19:00.536+0000] {dagbag.py:588} INFO - Filling up the DagBag from /home/airflow/.local/lib/python3.12/site-packages/airflow/example_dags/example_dataset_alias.py
[2025-02-22T17:19:00.770+0000] {processor.py:925} INFO - DAG(s) 'dataset_s3_bucket_producer', 'dataset_alias_example_alias_producer', 'dataset_s3_bucket_consumer', 'dataset_alias_example_alias_consumer' retrieved from /home/airflow/.local/lib/python3.12/site-packages/airflow/example_dags/example_dataset_alias.py
[2025-02-22T17:19:00.779+0000] {logging_mixin.py:190} INFO - [2025-02-22T17:19:00.779+0000] {dag.py:3239} INFO - Sync 4 DAGs
[2025-02-22T17:19:00.786+0000] {logging_mixin.py:190} INFO - [2025-02-22T17:19:00.786+0000] {dag.py:4180} INFO - Setting next_dagrun for dataset_alias_example_alias_consumer to None, run_after=None
[2025-02-22T17:19:00.787+0000] {logging_mixin.py:190} INFO - [2025-02-22T17:19:00.787+0000] {dag.py:4180} INFO - Setting next_dagrun for dataset_alias_example_alias_producer to None, run_after=None
[2025-02-22T17:19:00.788+0000] {logging_mixin.py:190} INFO - [2025-02-22T17:19:00.788+0000] {dag.py:4180} INFO - Setting next_dagrun for dataset_s3_bucket_consumer to None, run_after=None
[2025-02-22T17:19:00.789+0000] {logging_mixin.py:190} INFO - [2025-02-22T17:19:00.789+0000] {dag.py:4180} INFO - Setting next_dagrun for dataset_s3_bucket_producer to None, run_after=None
[2025-02-22T17:19:00.796+0000] {processor.py:208} INFO - Processing /home/airflow/.local/lib/python3.12/site-packages/airflow/example_dags/example_dataset_alias.py took 0.273 seconds
[2025-02-22T17:19:31.585+0000] {processor.py:186} INFO - Started process (PID=518) to work on /home/airflow/.local/lib/python3.12/site-packages/airflow/example_dags/example_dataset_alias.py
[2025-02-22T17:19:31.586+0000] {processor.py:914} INFO - Processing file /home/airflow/.local/lib/python3.12/site-packages/airflow/example_dags/example_dataset_alias.py for tasks to queue
[2025-02-22T17:19:31.587+0000] {logging_mixin.py:190} INFO - [2025-02-22T17:19:31.587+0000] {dagbag.py:588} INFO - Filling up the DagBag from /home/airflow/.local/lib/python3.12/site-packages/airflow/example_dags/example_dataset_alias.py
[2025-02-22T17:19:31.804+0000] {processor.py:925} INFO - DAG(s) 'dataset_alias_example_alias_consumer', 'dataset_s3_bucket_consumer', 'dataset_alias_example_alias_producer', 'dataset_s3_bucket_producer' retrieved from /home/airflow/.local/lib/python3.12/site-packages/airflow/example_dags/example_dataset_alias.py
[2025-02-22T17:19:31.812+0000] {logging_mixin.py:190} INFO - [2025-02-22T17:19:31.812+0000] {dag.py:3239} INFO - Sync 4 DAGs
[2025-02-22T17:19:31.821+0000] {logging_mixin.py:190} INFO - [2025-02-22T17:19:31.821+0000] {dag.py:4180} INFO - Setting next_dagrun for dataset_alias_example_alias_consumer to None, run_after=None
[2025-02-22T17:19:31.822+0000] {logging_mixin.py:190} INFO - [2025-02-22T17:19:31.822+0000] {dag.py:4180} INFO - Setting next_dagrun for dataset_alias_example_alias_producer to None, run_after=None
[2025-02-22T17:19:31.823+0000] {logging_mixin.py:190} INFO - [2025-02-22T17:19:31.823+0000] {dag.py:4180} INFO - Setting next_dagrun for dataset_s3_bucket_consumer to None, run_after=None
[2025-02-22T17:19:31.824+0000] {logging_mixin.py:190} INFO - [2025-02-22T17:19:31.824+0000] {dag.py:4180} INFO - Setting next_dagrun for dataset_s3_bucket_producer to None, run_after=None
[2025-02-22T17:19:31.832+0000] {processor.py:208} INFO - Processing /home/airflow/.local/lib/python3.12/site-packages/airflow/example_dags/example_dataset_alias.py took 0.250 seconds
[2025-02-22T17:20:02.790+0000] {processor.py:186} INFO - Started process (PID=581) to work on /home/airflow/.local/lib/python3.12/site-packages/airflow/example_dags/example_dataset_alias.py
[2025-02-22T17:20:02.790+0000] {processor.py:914} INFO - Processing file /home/airflow/.local/lib/python3.12/site-packages/airflow/example_dags/example_dataset_alias.py for tasks to queue
[2025-02-22T17:20:02.792+0000] {logging_mixin.py:190} INFO - [2025-02-22T17:20:02.792+0000] {dagbag.py:588} INFO - Filling up the DagBag from /home/airflow/.local/lib/python3.12/site-packages/airflow/example_dags/example_dataset_alias.py
[2025-02-22T17:20:03.016+0000] {processor.py:925} INFO - DAG(s) 'dataset_s3_bucket_producer', 'dataset_s3_bucket_consumer', 'dataset_alias_example_alias_consumer', 'dataset_alias_example_alias_producer' retrieved from /home/airflow/.local/lib/python3.12/site-packages/airflow/example_dags/example_dataset_alias.py
[2025-02-22T17:20:03.027+0000] {logging_mixin.py:190} INFO - [2025-02-22T17:20:03.027+0000] {dag.py:3239} INFO - Sync 4 DAGs
[2025-02-22T17:20:03.034+0000] {logging_mixin.py:190} INFO - [2025-02-22T17:20:03.034+0000] {dag.py:4180} INFO - Setting next_dagrun for dataset_alias_example_alias_consumer to None, run_after=None
[2025-02-22T17:20:03.035+0000] {logging_mixin.py:190} INFO - [2025-02-22T17:20:03.035+0000] {dag.py:4180} INFO - Setting next_dagrun for dataset_alias_example_alias_producer to None, run_after=None
[2025-02-22T17:20:03.036+0000] {logging_mixin.py:190} INFO - [2025-02-22T17:20:03.036+0000] {dag.py:4180} INFO - Setting next_dagrun for dataset_s3_bucket_consumer to None, run_after=None
[2025-02-22T17:20:03.036+0000] {logging_mixin.py:190} INFO - [2025-02-22T17:20:03.036+0000] {dag.py:4180} INFO - Setting next_dagrun for dataset_s3_bucket_producer to None, run_after=None
[2025-02-22T17:20:03.045+0000] {processor.py:208} INFO - Processing /home/airflow/.local/lib/python3.12/site-packages/airflow/example_dags/example_dataset_alias.py took 0.259 seconds
[2025-02-22T17:20:33.897+0000] {processor.py:186} INFO - Started process (PID=643) to work on /home/airflow/.local/lib/python3.12/site-packages/airflow/example_dags/example_dataset_alias.py
[2025-02-22T17:20:33.900+0000] {processor.py:914} INFO - Processing file /home/airflow/.local/lib/python3.12/site-packages/airflow/example_dags/example_dataset_alias.py for tasks to queue
[2025-02-22T17:20:33.904+0000] {logging_mixin.py:190} INFO - [2025-02-22T17:20:33.904+0000] {dagbag.py:588} INFO - Filling up the DagBag from /home/airflow/.local/lib/python3.12/site-packages/airflow/example_dags/example_dataset_alias.py
[2025-02-22T17:20:34.131+0000] {processor.py:925} INFO - DAG(s) 'dataset_alias_example_alias_consumer', 'dataset_s3_bucket_producer', 'dataset_alias_example_alias_producer', 'dataset_s3_bucket_consumer' retrieved from /home/airflow/.local/lib/python3.12/site-packages/airflow/example_dags/example_dataset_alias.py
[2025-02-22T17:20:34.141+0000] {logging_mixin.py:190} INFO - [2025-02-22T17:20:34.141+0000] {dag.py:3239} INFO - Sync 4 DAGs
[2025-02-22T17:20:34.148+0000] {logging_mixin.py:190} INFO - [2025-02-22T17:20:34.148+0000] {dag.py:4180} INFO - Setting next_dagrun for dataset_alias_example_alias_consumer to None, run_after=None
[2025-02-22T17:20:34.150+0000] {logging_mixin.py:190} INFO - [2025-02-22T17:20:34.150+0000] {dag.py:4180} INFO - Setting next_dagrun for dataset_alias_example_alias_producer to None, run_after=None
[2025-02-22T17:20:34.151+0000] {logging_mixin.py:190} INFO - [2025-02-22T17:20:34.151+0000] {dag.py:4180} INFO - Setting next_dagrun for dataset_s3_bucket_consumer to None, run_after=None
[2025-02-22T17:20:34.151+0000] {logging_mixin.py:190} INFO - [2025-02-22T17:20:34.151+0000] {dag.py:4180} INFO - Setting next_dagrun for dataset_s3_bucket_producer to None, run_after=None
[2025-02-22T17:20:34.158+0000] {processor.py:208} INFO - Processing /home/airflow/.local/lib/python3.12/site-packages/airflow/example_dags/example_dataset_alias.py took 0.266 seconds
[2025-02-22T17:21:05.093+0000] {processor.py:186} INFO - Started process (PID=706) to work on /home/airflow/.local/lib/python3.12/site-packages/airflow/example_dags/example_dataset_alias.py
[2025-02-22T17:21:05.097+0000] {processor.py:914} INFO - Processing file /home/airflow/.local/lib/python3.12/site-packages/airflow/example_dags/example_dataset_alias.py for tasks to queue
[2025-02-22T17:21:05.099+0000] {logging_mixin.py:190} INFO - [2025-02-22T17:21:05.099+0000] {dagbag.py:588} INFO - Filling up the DagBag from /home/airflow/.local/lib/python3.12/site-packages/airflow/example_dags/example_dataset_alias.py
[2025-02-22T17:21:05.330+0000] {processor.py:925} INFO - DAG(s) 'dataset_alias_example_alias_consumer', 'dataset_s3_bucket_producer', 'dataset_s3_bucket_consumer', 'dataset_alias_example_alias_producer' retrieved from /home/airflow/.local/lib/python3.12/site-packages/airflow/example_dags/example_dataset_alias.py
[2025-02-22T17:21:05.338+0000] {logging_mixin.py:190} INFO - [2025-02-22T17:21:05.337+0000] {dag.py:3239} INFO - Sync 4 DAGs
[2025-02-22T17:21:05.345+0000] {logging_mixin.py:190} INFO - [2025-02-22T17:21:05.345+0000] {dag.py:4180} INFO - Setting next_dagrun for dataset_alias_example_alias_consumer to None, run_after=None
[2025-02-22T17:21:05.346+0000] {logging_mixin.py:190} INFO - [2025-02-22T17:21:05.346+0000] {dag.py:4180} INFO - Setting next_dagrun for dataset_alias_example_alias_producer to None, run_after=None
[2025-02-22T17:21:05.347+0000] {logging_mixin.py:190} INFO - [2025-02-22T17:21:05.347+0000] {dag.py:4180} INFO - Setting next_dagrun for dataset_s3_bucket_consumer to None, run_after=None
[2025-02-22T17:21:05.347+0000] {logging_mixin.py:190} INFO - [2025-02-22T17:21:05.347+0000] {dag.py:4180} INFO - Setting next_dagrun for dataset_s3_bucket_producer to None, run_after=None
[2025-02-22T17:21:05.355+0000] {processor.py:208} INFO - Processing /home/airflow/.local/lib/python3.12/site-packages/airflow/example_dags/example_dataset_alias.py took 0.267 seconds
[2025-02-22T17:21:36.324+0000] {processor.py:186} INFO - Started process (PID=769) to work on /home/airflow/.local/lib/python3.12/site-packages/airflow/example_dags/example_dataset_alias.py
[2025-02-22T17:21:36.326+0000] {processor.py:914} INFO - Processing file /home/airflow/.local/lib/python3.12/site-packages/airflow/example_dags/example_dataset_alias.py for tasks to queue
[2025-02-22T17:21:36.328+0000] {logging_mixin.py:190} INFO - [2025-02-22T17:21:36.328+0000] {dagbag.py:588} INFO - Filling up the DagBag from /home/airflow/.local/lib/python3.12/site-packages/airflow/example_dags/example_dataset_alias.py
[2025-02-22T17:21:36.553+0000] {processor.py:925} INFO - DAG(s) 'dataset_alias_example_alias_producer', 'dataset_s3_bucket_consumer', 'dataset_s3_bucket_producer', 'dataset_alias_example_alias_consumer' retrieved from /home/airflow/.local/lib/python3.12/site-packages/airflow/example_dags/example_dataset_alias.py
[2025-02-22T17:21:36.561+0000] {logging_mixin.py:190} INFO - [2025-02-22T17:21:36.561+0000] {dag.py:3239} INFO - Sync 4 DAGs
[2025-02-22T17:21:36.569+0000] {logging_mixin.py:190} INFO - [2025-02-22T17:21:36.569+0000] {dag.py:4180} INFO - Setting next_dagrun for dataset_alias_example_alias_consumer to None, run_after=None
[2025-02-22T17:21:36.570+0000] {logging_mixin.py:190} INFO - [2025-02-22T17:21:36.570+0000] {dag.py:4180} INFO - Setting next_dagrun for dataset_alias_example_alias_producer to None, run_after=None
[2025-02-22T17:21:36.570+0000] {logging_mixin.py:190} INFO - [2025-02-22T17:21:36.570+0000] {dag.py:4180} INFO - Setting next_dagrun for dataset_s3_bucket_consumer to None, run_after=None
[2025-02-22T17:21:36.571+0000] {logging_mixin.py:190} INFO - [2025-02-22T17:21:36.571+0000] {dag.py:4180} INFO - Setting next_dagrun for dataset_s3_bucket_producer to None, run_after=None
[2025-02-22T17:21:36.579+0000] {processor.py:208} INFO - Processing /home/airflow/.local/lib/python3.12/site-packages/airflow/example_dags/example_dataset_alias.py took 0.260 seconds
[2025-02-22T17:22:07.598+0000] {processor.py:186} INFO - Started process (PID=832) to work on /home/airflow/.local/lib/python3.12/site-packages/airflow/example_dags/example_dataset_alias.py
[2025-02-22T17:22:07.598+0000] {processor.py:914} INFO - Processing file /home/airflow/.local/lib/python3.12/site-packages/airflow/example_dags/example_dataset_alias.py for tasks to queue
[2025-02-22T17:22:07.600+0000] {logging_mixin.py:190} INFO - [2025-02-22T17:22:07.600+0000] {dagbag.py:588} INFO - Filling up the DagBag from /home/airflow/.local/lib/python3.12/site-packages/airflow/example_dags/example_dataset_alias.py
[2025-02-22T17:22:07.815+0000] {processor.py:925} INFO - DAG(s) 'dataset_s3_bucket_producer', 'dataset_s3_bucket_consumer', 'dataset_alias_example_alias_consumer', 'dataset_alias_example_alias_producer' retrieved from /home/airflow/.local/lib/python3.12/site-packages/airflow/example_dags/example_dataset_alias.py
[2025-02-22T17:22:07.824+0000] {logging_mixin.py:190} INFO - [2025-02-22T17:22:07.824+0000] {dag.py:3239} INFO - Sync 4 DAGs
[2025-02-22T17:22:07.831+0000] {logging_mixin.py:190} INFO - [2025-02-22T17:22:07.831+0000] {dag.py:4180} INFO - Setting next_dagrun for dataset_alias_example_alias_consumer to None, run_after=None
[2025-02-22T17:22:07.832+0000] {logging_mixin.py:190} INFO - [2025-02-22T17:22:07.832+0000] {dag.py:4180} INFO - Setting next_dagrun for dataset_alias_example_alias_producer to None, run_after=None
[2025-02-22T17:22:07.833+0000] {logging_mixin.py:190} INFO - [2025-02-22T17:22:07.833+0000] {dag.py:4180} INFO - Setting next_dagrun for dataset_s3_bucket_consumer to None, run_after=None
[2025-02-22T17:22:07.834+0000] {logging_mixin.py:190} INFO - [2025-02-22T17:22:07.834+0000] {dag.py:4180} INFO - Setting next_dagrun for dataset_s3_bucket_producer to None, run_after=None
[2025-02-22T17:22:07.843+0000] {processor.py:208} INFO - Processing /home/airflow/.local/lib/python3.12/site-packages/airflow/example_dags/example_dataset_alias.py took 0.249 seconds
[2025-02-22T17:22:38.818+0000] {processor.py:186} INFO - Started process (PID=895) to work on /home/airflow/.local/lib/python3.12/site-packages/airflow/example_dags/example_dataset_alias.py
[2025-02-22T17:22:38.822+0000] {processor.py:914} INFO - Processing file /home/airflow/.local/lib/python3.12/site-packages/airflow/example_dags/example_dataset_alias.py for tasks to queue
[2025-02-22T17:22:38.824+0000] {logging_mixin.py:190} INFO - [2025-02-22T17:22:38.824+0000] {dagbag.py:588} INFO - Filling up the DagBag from /home/airflow/.local/lib/python3.12/site-packages/airflow/example_dags/example_dataset_alias.py
[2025-02-22T17:22:39.039+0000] {processor.py:925} INFO - DAG(s) 'dataset_alias_example_alias_producer', 'dataset_alias_example_alias_consumer', 'dataset_s3_bucket_producer', 'dataset_s3_bucket_consumer' retrieved from /home/airflow/.local/lib/python3.12/site-packages/airflow/example_dags/example_dataset_alias.py
[2025-02-22T17:22:39.049+0000] {logging_mixin.py:190} INFO - [2025-02-22T17:22:39.049+0000] {dag.py:3239} INFO - Sync 4 DAGs
[2025-02-22T17:22:39.056+0000] {logging_mixin.py:190} INFO - [2025-02-22T17:22:39.056+0000] {dag.py:4180} INFO - Setting next_dagrun for dataset_alias_example_alias_consumer to None, run_after=None
[2025-02-22T17:22:39.058+0000] {logging_mixin.py:190} INFO - [2025-02-22T17:22:39.058+0000] {dag.py:4180} INFO - Setting next_dagrun for dataset_alias_example_alias_producer to None, run_after=None
[2025-02-22T17:22:39.059+0000] {logging_mixin.py:190} INFO - [2025-02-22T17:22:39.059+0000] {dag.py:4180} INFO - Setting next_dagrun for dataset_s3_bucket_consumer to None, run_after=None
[2025-02-22T17:22:39.060+0000] {logging_mixin.py:190} INFO - [2025-02-22T17:22:39.060+0000] {dag.py:4180} INFO - Setting next_dagrun for dataset_s3_bucket_producer to None, run_after=None
[2025-02-22T17:22:39.069+0000] {processor.py:208} INFO - Processing /home/airflow/.local/lib/python3.12/site-packages/airflow/example_dags/example_dataset_alias.py took 0.255 seconds
[2025-02-22T17:23:10.048+0000] {processor.py:186} INFO - Started process (PID=958) to work on /home/airflow/.local/lib/python3.12/site-packages/airflow/example_dags/example_dataset_alias.py
[2025-02-22T17:23:10.048+0000] {processor.py:914} INFO - Processing file /home/airflow/.local/lib/python3.12/site-packages/airflow/example_dags/example_dataset_alias.py for tasks to queue
[2025-02-22T17:23:10.050+0000] {logging_mixin.py:190} INFO - [2025-02-22T17:23:10.050+0000] {dagbag.py:588} INFO - Filling up the DagBag from /home/airflow/.local/lib/python3.12/site-packages/airflow/example_dags/example_dataset_alias.py
[2025-02-22T17:23:10.275+0000] {processor.py:925} INFO - DAG(s) 'dataset_s3_bucket_consumer', 'dataset_alias_example_alias_consumer', 'dataset_alias_example_alias_producer', 'dataset_s3_bucket_producer' retrieved from /home/airflow/.local/lib/python3.12/site-packages/airflow/example_dags/example_dataset_alias.py
[2025-02-22T17:23:10.284+0000] {logging_mixin.py:190} INFO - [2025-02-22T17:23:10.284+0000] {dag.py:3239} INFO - Sync 4 DAGs
[2025-02-22T17:23:10.292+0000] {logging_mixin.py:190} INFO - [2025-02-22T17:23:10.292+0000] {dag.py:4180} INFO - Setting next_dagrun for dataset_alias_example_alias_consumer to None, run_after=None
[2025-02-22T17:23:10.294+0000] {logging_mixin.py:190} INFO - [2025-02-22T17:23:10.294+0000] {dag.py:4180} INFO - Setting next_dagrun for dataset_alias_example_alias_producer to None, run_after=None
[2025-02-22T17:23:10.295+0000] {logging_mixin.py:190} INFO - [2025-02-22T17:23:10.295+0000] {dag.py:4180} INFO - Setting next_dagrun for dataset_s3_bucket_consumer to None, run_after=None
[2025-02-22T17:23:10.295+0000] {logging_mixin.py:190} INFO - [2025-02-22T17:23:10.295+0000] {dag.py:4180} INFO - Setting next_dagrun for dataset_s3_bucket_producer to None, run_after=None
[2025-02-22T17:23:10.307+0000] {processor.py:208} INFO - Processing /home/airflow/.local/lib/python3.12/site-packages/airflow/example_dags/example_dataset_alias.py took 0.264 seconds
[2025-02-22T17:23:41.325+0000] {processor.py:186} INFO - Started process (PID=1021) to work on /home/airflow/.local/lib/python3.12/site-packages/airflow/example_dags/example_dataset_alias.py
[2025-02-22T17:23:41.330+0000] {processor.py:914} INFO - Processing file /home/airflow/.local/lib/python3.12/site-packages/airflow/example_dags/example_dataset_alias.py for tasks to queue
[2025-02-22T17:23:41.333+0000] {logging_mixin.py:190} INFO - [2025-02-22T17:23:41.333+0000] {dagbag.py:588} INFO - Filling up the DagBag from /home/airflow/.local/lib/python3.12/site-packages/airflow/example_dags/example_dataset_alias.py
[2025-02-22T17:23:41.563+0000] {processor.py:925} INFO - DAG(s) 'dataset_s3_bucket_producer', 'dataset_alias_example_alias_consumer', 'dataset_alias_example_alias_producer', 'dataset_s3_bucket_consumer' retrieved from /home/airflow/.local/lib/python3.12/site-packages/airflow/example_dags/example_dataset_alias.py
[2025-02-22T17:23:41.571+0000] {logging_mixin.py:190} INFO - [2025-02-22T17:23:41.571+0000] {dag.py:3239} INFO - Sync 4 DAGs
[2025-02-22T17:23:41.579+0000] {logging_mixin.py:190} INFO - [2025-02-22T17:23:41.579+0000] {dag.py:4180} INFO - Setting next_dagrun for dataset_alias_example_alias_consumer to None, run_after=None
[2025-02-22T17:23:41.580+0000] {logging_mixin.py:190} INFO - [2025-02-22T17:23:41.580+0000] {dag.py:4180} INFO - Setting next_dagrun for dataset_alias_example_alias_producer to None, run_after=None
[2025-02-22T17:23:41.580+0000] {logging_mixin.py:190} INFO - [2025-02-22T17:23:41.580+0000] {dag.py:4180} INFO - Setting next_dagrun for dataset_s3_bucket_consumer to None, run_after=None
[2025-02-22T17:23:41.581+0000] {logging_mixin.py:190} INFO - [2025-02-22T17:23:41.581+0000] {dag.py:4180} INFO - Setting next_dagrun for dataset_s3_bucket_producer to None, run_after=None
[2025-02-22T17:23:41.590+0000] {processor.py:208} INFO - Processing /home/airflow/.local/lib/python3.12/site-packages/airflow/example_dags/example_dataset_alias.py took 0.270 seconds
[2025-02-22T17:24:12.571+0000] {processor.py:186} INFO - Started process (PID=1084) to work on /home/airflow/.local/lib/python3.12/site-packages/airflow/example_dags/example_dataset_alias.py
[2025-02-22T17:24:12.574+0000] {processor.py:914} INFO - Processing file /home/airflow/.local/lib/python3.12/site-packages/airflow/example_dags/example_dataset_alias.py for tasks to queue
[2025-02-22T17:24:12.575+0000] {logging_mixin.py:190} INFO - [2025-02-22T17:24:12.575+0000] {dagbag.py:588} INFO - Filling up the DagBag from /home/airflow/.local/lib/python3.12/site-packages/airflow/example_dags/example_dataset_alias.py
[2025-02-22T17:24:12.814+0000] {processor.py:925} INFO - DAG(s) 'dataset_alias_example_alias_producer', 'dataset_s3_bucket_consumer', 'dataset_alias_example_alias_consumer', 'dataset_s3_bucket_producer' retrieved from /home/airflow/.local/lib/python3.12/site-packages/airflow/example_dags/example_dataset_alias.py
[2025-02-22T17:24:12.824+0000] {logging_mixin.py:190} INFO - [2025-02-22T17:24:12.824+0000] {dag.py:3239} INFO - Sync 4 DAGs
[2025-02-22T17:24:12.832+0000] {logging_mixin.py:190} INFO - [2025-02-22T17:24:12.832+0000] {dag.py:4180} INFO - Setting next_dagrun for dataset_alias_example_alias_consumer to None, run_after=None
[2025-02-22T17:24:12.833+0000] {logging_mixin.py:190} INFO - [2025-02-22T17:24:12.833+0000] {dag.py:4180} INFO - Setting next_dagrun for dataset_alias_example_alias_producer to None, run_after=None
[2025-02-22T17:24:12.834+0000] {logging_mixin.py:190} INFO - [2025-02-22T17:24:12.834+0000] {dag.py:4180} INFO - Setting next_dagrun for dataset_s3_bucket_consumer to None, run_after=None
[2025-02-22T17:24:12.835+0000] {logging_mixin.py:190} INFO - [2025-02-22T17:24:12.835+0000] {dag.py:4180} INFO - Setting next_dagrun for dataset_s3_bucket_producer to None, run_after=None
[2025-02-22T17:24:12.842+0000] {processor.py:208} INFO - Processing /home/airflow/.local/lib/python3.12/site-packages/airflow/example_dags/example_dataset_alias.py took 0.276 seconds
[2025-02-22T17:24:43.787+0000] {processor.py:186} INFO - Started process (PID=1146) to work on /home/airflow/.local/lib/python3.12/site-packages/airflow/example_dags/example_dataset_alias.py
[2025-02-22T17:24:43.788+0000] {processor.py:914} INFO - Processing file /home/airflow/.local/lib/python3.12/site-packages/airflow/example_dags/example_dataset_alias.py for tasks to queue
[2025-02-22T17:24:43.790+0000] {logging_mixin.py:190} INFO - [2025-02-22T17:24:43.790+0000] {dagbag.py:588} INFO - Filling up the DagBag from /home/airflow/.local/lib/python3.12/site-packages/airflow/example_dags/example_dataset_alias.py
[2025-02-22T17:24:44.028+0000] {processor.py:925} INFO - DAG(s) 'dataset_s3_bucket_consumer', 'dataset_s3_bucket_producer', 'dataset_alias_example_alias_consumer', 'dataset_alias_example_alias_producer' retrieved from /home/airflow/.local/lib/python3.12/site-packages/airflow/example_dags/example_dataset_alias.py
[2025-02-22T17:24:44.038+0000] {logging_mixin.py:190} INFO - [2025-02-22T17:24:44.038+0000] {dag.py:3239} INFO - Sync 4 DAGs
[2025-02-22T17:24:44.045+0000] {logging_mixin.py:190} INFO - [2025-02-22T17:24:44.045+0000] {dag.py:4180} INFO - Setting next_dagrun for dataset_alias_example_alias_consumer to None, run_after=None
[2025-02-22T17:24:44.045+0000] {logging_mixin.py:190} INFO - [2025-02-22T17:24:44.045+0000] {dag.py:4180} INFO - Setting next_dagrun for dataset_alias_example_alias_producer to None, run_after=None
[2025-02-22T17:24:44.046+0000] {logging_mixin.py:190} INFO - [2025-02-22T17:24:44.046+0000] {dag.py:4180} INFO - Setting next_dagrun for dataset_s3_bucket_consumer to None, run_after=None
[2025-02-22T17:24:44.048+0000] {logging_mixin.py:190} INFO - [2025-02-22T17:24:44.047+0000] {dag.py:4180} INFO - Setting next_dagrun for dataset_s3_bucket_producer to None, run_after=None
[2025-02-22T17:24:44.057+0000] {processor.py:208} INFO - Processing /home/airflow/.local/lib/python3.12/site-packages/airflow/example_dags/example_dataset_alias.py took 0.273 seconds
[2025-02-22T17:25:15.044+0000] {processor.py:186} INFO - Started process (PID=1209) to work on /home/airflow/.local/lib/python3.12/site-packages/airflow/example_dags/example_dataset_alias.py
[2025-02-22T17:25:15.045+0000] {processor.py:914} INFO - Processing file /home/airflow/.local/lib/python3.12/site-packages/airflow/example_dags/example_dataset_alias.py for tasks to queue
[2025-02-22T17:25:15.046+0000] {logging_mixin.py:190} INFO - [2025-02-22T17:25:15.046+0000] {dagbag.py:588} INFO - Filling up the DagBag from /home/airflow/.local/lib/python3.12/site-packages/airflow/example_dags/example_dataset_alias.py
[2025-02-22T17:25:15.271+0000] {processor.py:925} INFO - DAG(s) 'dataset_alias_example_alias_consumer', 'dataset_s3_bucket_consumer', 'dataset_alias_example_alias_producer', 'dataset_s3_bucket_producer' retrieved from /home/airflow/.local/lib/python3.12/site-packages/airflow/example_dags/example_dataset_alias.py
[2025-02-22T17:25:15.281+0000] {logging_mixin.py:190} INFO - [2025-02-22T17:25:15.281+0000] {dag.py:3239} INFO - Sync 4 DAGs
[2025-02-22T17:25:15.290+0000] {logging_mixin.py:190} INFO - [2025-02-22T17:25:15.290+0000] {dag.py:4180} INFO - Setting next_dagrun for dataset_alias_example_alias_consumer to None, run_after=None
[2025-02-22T17:25:15.292+0000] {logging_mixin.py:190} INFO - [2025-02-22T17:25:15.292+0000] {dag.py:4180} INFO - Setting next_dagrun for dataset_alias_example_alias_producer to None, run_after=None
[2025-02-22T17:25:15.292+0000] {logging_mixin.py:190} INFO - [2025-02-22T17:25:15.292+0000] {dag.py:4180} INFO - Setting next_dagrun for dataset_s3_bucket_consumer to None, run_after=None
[2025-02-22T17:25:15.293+0000] {logging_mixin.py:190} INFO - [2025-02-22T17:25:15.293+0000] {dag.py:4180} INFO - Setting next_dagrun for dataset_s3_bucket_producer to None, run_after=None
[2025-02-22T17:25:15.303+0000] {processor.py:208} INFO - Processing /home/airflow/.local/lib/python3.12/site-packages/airflow/example_dags/example_dataset_alias.py took 0.261 seconds
[2025-02-22T17:25:46.312+0000] {processor.py:186} INFO - Started process (PID=1272) to work on /home/airflow/.local/lib/python3.12/site-packages/airflow/example_dags/example_dataset_alias.py
[2025-02-22T17:25:46.318+0000] {processor.py:914} INFO - Processing file /home/airflow/.local/lib/python3.12/site-packages/airflow/example_dags/example_dataset_alias.py for tasks to queue
[2025-02-22T17:25:46.320+0000] {logging_mixin.py:190} INFO - [2025-02-22T17:25:46.320+0000] {dagbag.py:588} INFO - Filling up the DagBag from /home/airflow/.local/lib/python3.12/site-packages/airflow/example_dags/example_dataset_alias.py
[2025-02-22T17:25:46.542+0000] {processor.py:925} INFO - DAG(s) 'dataset_s3_bucket_consumer', 'dataset_s3_bucket_producer', 'dataset_alias_example_alias_consumer', 'dataset_alias_example_alias_producer' retrieved from /home/airflow/.local/lib/python3.12/site-packages/airflow/example_dags/example_dataset_alias.py
[2025-02-22T17:25:46.551+0000] {logging_mixin.py:190} INFO - [2025-02-22T17:25:46.551+0000] {dag.py:3239} INFO - Sync 4 DAGs
[2025-02-22T17:25:46.560+0000] {logging_mixin.py:190} INFO - [2025-02-22T17:25:46.559+0000] {dag.py:4180} INFO - Setting next_dagrun for dataset_alias_example_alias_consumer to None, run_after=None
[2025-02-22T17:25:46.562+0000] {logging_mixin.py:190} INFO - [2025-02-22T17:25:46.562+0000] {dag.py:4180} INFO - Setting next_dagrun for dataset_alias_example_alias_producer to None, run_after=None
[2025-02-22T17:25:46.562+0000] {logging_mixin.py:190} INFO - [2025-02-22T17:25:46.562+0000] {dag.py:4180} INFO - Setting next_dagrun for dataset_s3_bucket_consumer to None, run_after=None
[2025-02-22T17:25:46.563+0000] {logging_mixin.py:190} INFO - [2025-02-22T17:25:46.563+0000] {dag.py:4180} INFO - Setting next_dagrun for dataset_s3_bucket_producer to None, run_after=None
[2025-02-22T17:25:46.571+0000] {processor.py:208} INFO - Processing /home/airflow/.local/lib/python3.12/site-packages/airflow/example_dags/example_dataset_alias.py took 0.262 seconds
[2025-02-22T17:26:16.614+0000] {processor.py:186} INFO - Started process (PID=1335) to work on /home/airflow/.local/lib/python3.12/site-packages/airflow/example_dags/example_dataset_alias.py
[2025-02-22T17:26:16.614+0000] {processor.py:914} INFO - Processing file /home/airflow/.local/lib/python3.12/site-packages/airflow/example_dags/example_dataset_alias.py for tasks to queue
[2025-02-22T17:26:16.616+0000] {logging_mixin.py:190} INFO - [2025-02-22T17:26:16.615+0000] {dagbag.py:588} INFO - Filling up the DagBag from /home/airflow/.local/lib/python3.12/site-packages/airflow/example_dags/example_dataset_alias.py
[2025-02-22T17:26:16.841+0000] {processor.py:925} INFO - DAG(s) 'dataset_s3_bucket_producer', 'dataset_s3_bucket_consumer', 'dataset_alias_example_alias_consumer', 'dataset_alias_example_alias_producer' retrieved from /home/airflow/.local/lib/python3.12/site-packages/airflow/example_dags/example_dataset_alias.py
[2025-02-22T17:26:16.848+0000] {logging_mixin.py:190} INFO - [2025-02-22T17:26:16.847+0000] {dag.py:3239} INFO - Sync 4 DAGs
[2025-02-22T17:26:16.856+0000] {logging_mixin.py:190} INFO - [2025-02-22T17:26:16.855+0000] {dag.py:4180} INFO - Setting next_dagrun for dataset_alias_example_alias_consumer to None, run_after=None
[2025-02-22T17:26:16.860+0000] {logging_mixin.py:190} INFO - [2025-02-22T17:26:16.860+0000] {dag.py:4180} INFO - Setting next_dagrun for dataset_alias_example_alias_producer to None, run_after=None
[2025-02-22T17:26:16.861+0000] {logging_mixin.py:190} INFO - [2025-02-22T17:26:16.861+0000] {dag.py:4180} INFO - Setting next_dagrun for dataset_s3_bucket_consumer to None, run_after=None
[2025-02-22T17:26:16.861+0000] {logging_mixin.py:190} INFO - [2025-02-22T17:26:16.861+0000] {dag.py:4180} INFO - Setting next_dagrun for dataset_s3_bucket_producer to None, run_after=None
[2025-02-22T17:26:16.868+0000] {processor.py:208} INFO - Processing /home/airflow/.local/lib/python3.12/site-packages/airflow/example_dags/example_dataset_alias.py took 0.259 seconds
