[2025-02-22T17:05:26.590+0000] {processor.py:186} INFO - Started process (PID=69) to work on /home/airflow/.local/lib/python3.12/site-packages/airflow/example_dags/example_branch_operator.py
[2025-02-22T17:05:26.590+0000] {processor.py:914} INFO - Processing file /home/airflow/.local/lib/python3.12/site-packages/airflow/example_dags/example_branch_operator.py for tasks to queue
[2025-02-22T17:05:26.591+0000] {logging_mixin.py:190} INFO - [2025-02-22T17:05:26.591+0000] {dagbag.py:588} INFO - Filling up the DagBag from /home/airflow/.local/lib/python3.12/site-packages/airflow/example_dags/example_branch_operator.py
[2025-02-22T17:05:26.599+0000] {processor.py:925} INFO - DAG(s) 'example_branch_operator' retrieved from /home/airflow/.local/lib/python3.12/site-packages/airflow/example_dags/example_branch_operator.py
[2025-02-22T17:05:26.649+0000] {logging_mixin.py:190} INFO - [2025-02-22T17:05:26.648+0000] {override.py:1912} INFO - Created Permission View: can edit on DAG:example_branch_operator
[2025-02-22T17:05:26.652+0000] {logging_mixin.py:190} INFO - [2025-02-22T17:05:26.652+0000] {override.py:1912} INFO - Created Permission View: can delete on DAG:example_branch_operator
[2025-02-22T17:05:26.654+0000] {logging_mixin.py:190} INFO - [2025-02-22T17:05:26.654+0000] {override.py:1912} INFO - Created Permission View: can read on DAG:example_branch_operator
[2025-02-22T17:05:26.656+0000] {logging_mixin.py:190} INFO - [2025-02-22T17:05:26.656+0000] {override.py:1912} INFO - Created Permission View: menu access on DAG Run:example_branch_operator
[2025-02-22T17:05:26.657+0000] {logging_mixin.py:190} INFO - [2025-02-22T17:05:26.657+0000] {override.py:1912} INFO - Created Permission View: can create on DAG Run:example_branch_operator
[2025-02-22T17:05:26.659+0000] {logging_mixin.py:190} INFO - [2025-02-22T17:05:26.659+0000] {override.py:1912} INFO - Created Permission View: can delete on DAG Run:example_branch_operator
[2025-02-22T17:05:26.661+0000] {logging_mixin.py:190} INFO - [2025-02-22T17:05:26.661+0000] {override.py:1912} INFO - Created Permission View: can read on DAG Run:example_branch_operator
[2025-02-22T17:05:26.661+0000] {logging_mixin.py:190} INFO - [2025-02-22T17:05:26.661+0000] {dag.py:3239} INFO - Sync 1 DAGs
[2025-02-22T17:05:26.665+0000] {logging_mixin.py:190} INFO - [2025-02-22T17:05:26.665+0000] {dag.py:3262} INFO - Creating ORM DAG for example_branch_operator
[2025-02-22T17:05:26.669+0000] {logging_mixin.py:190} INFO - [2025-02-22T17:05:26.669+0000] {dag.py:4180} INFO - Setting next_dagrun for example_branch_operator to 2025-02-21 00:00:00+00:00, run_after=2025-02-22 00:00:00+00:00
[2025-02-22T17:05:26.675+0000] {processor.py:208} INFO - Processing /home/airflow/.local/lib/python3.12/site-packages/airflow/example_dags/example_branch_operator.py took 0.088 seconds
[2025-02-22T17:05:57.486+0000] {processor.py:186} INFO - Started process (PID=132) to work on /home/airflow/.local/lib/python3.12/site-packages/airflow/example_dags/example_branch_operator.py
[2025-02-22T17:05:57.486+0000] {processor.py:914} INFO - Processing file /home/airflow/.local/lib/python3.12/site-packages/airflow/example_dags/example_branch_operator.py for tasks to queue
[2025-02-22T17:05:57.487+0000] {logging_mixin.py:190} INFO - [2025-02-22T17:05:57.487+0000] {dagbag.py:588} INFO - Filling up the DagBag from /home/airflow/.local/lib/python3.12/site-packages/airflow/example_dags/example_branch_operator.py
[2025-02-22T17:05:57.494+0000] {processor.py:925} INFO - DAG(s) 'example_branch_operator' retrieved from /home/airflow/.local/lib/python3.12/site-packages/airflow/example_dags/example_branch_operator.py
[2025-02-22T17:05:57.504+0000] {logging_mixin.py:190} INFO - [2025-02-22T17:05:57.504+0000] {dag.py:3239} INFO - Sync 1 DAGs
[2025-02-22T17:05:57.514+0000] {logging_mixin.py:190} INFO - [2025-02-22T17:05:57.513+0000] {dag.py:4180} INFO - Setting next_dagrun for example_branch_operator to 2025-02-21 00:00:00+00:00, run_after=2025-02-22 00:00:00+00:00
[2025-02-22T17:05:57.519+0000] {processor.py:208} INFO - Processing /home/airflow/.local/lib/python3.12/site-packages/airflow/example_dags/example_branch_operator.py took 0.036 seconds
[2025-02-22T17:06:27.577+0000] {processor.py:186} INFO - Started process (PID=195) to work on /home/airflow/.local/lib/python3.12/site-packages/airflow/example_dags/example_branch_operator.py
[2025-02-22T17:06:27.577+0000] {processor.py:914} INFO - Processing file /home/airflow/.local/lib/python3.12/site-packages/airflow/example_dags/example_branch_operator.py for tasks to queue
[2025-02-22T17:06:27.578+0000] {logging_mixin.py:190} INFO - [2025-02-22T17:06:27.578+0000] {dagbag.py:588} INFO - Filling up the DagBag from /home/airflow/.local/lib/python3.12/site-packages/airflow/example_dags/example_branch_operator.py
[2025-02-22T17:06:27.586+0000] {processor.py:925} INFO - DAG(s) 'example_branch_operator' retrieved from /home/airflow/.local/lib/python3.12/site-packages/airflow/example_dags/example_branch_operator.py
[2025-02-22T17:06:27.598+0000] {logging_mixin.py:190} INFO - [2025-02-22T17:06:27.598+0000] {dag.py:3239} INFO - Sync 1 DAGs
[2025-02-22T17:06:27.608+0000] {logging_mixin.py:190} INFO - [2025-02-22T17:06:27.608+0000] {dag.py:4180} INFO - Setting next_dagrun for example_branch_operator to 2025-02-21 00:00:00+00:00, run_after=2025-02-22 00:00:00+00:00
[2025-02-22T17:06:27.620+0000] {processor.py:208} INFO - Processing /home/airflow/.local/lib/python3.12/site-packages/airflow/example_dags/example_branch_operator.py took 0.047 seconds
[2025-02-22T17:06:58.624+0000] {processor.py:186} INFO - Started process (PID=257) to work on /home/airflow/.local/lib/python3.12/site-packages/airflow/example_dags/example_branch_operator.py
[2025-02-22T17:06:58.625+0000] {processor.py:914} INFO - Processing file /home/airflow/.local/lib/python3.12/site-packages/airflow/example_dags/example_branch_operator.py for tasks to queue
[2025-02-22T17:06:58.626+0000] {logging_mixin.py:190} INFO - [2025-02-22T17:06:58.626+0000] {dagbag.py:588} INFO - Filling up the DagBag from /home/airflow/.local/lib/python3.12/site-packages/airflow/example_dags/example_branch_operator.py
[2025-02-22T17:06:58.635+0000] {processor.py:925} INFO - DAG(s) 'example_branch_operator' retrieved from /home/airflow/.local/lib/python3.12/site-packages/airflow/example_dags/example_branch_operator.py
[2025-02-22T17:06:58.648+0000] {logging_mixin.py:190} INFO - [2025-02-22T17:06:58.648+0000] {dag.py:3239} INFO - Sync 1 DAGs
[2025-02-22T17:06:58.658+0000] {logging_mixin.py:190} INFO - [2025-02-22T17:06:58.657+0000] {dag.py:4180} INFO - Setting next_dagrun for example_branch_operator to 2025-02-21 00:00:00+00:00, run_after=2025-02-22 00:00:00+00:00
[2025-02-22T17:06:58.665+0000] {processor.py:208} INFO - Processing /home/airflow/.local/lib/python3.12/site-packages/airflow/example_dags/example_branch_operator.py took 0.044 seconds
[2025-02-22T17:07:28.747+0000] {processor.py:186} INFO - Started process (PID=319) to work on /home/airflow/.local/lib/python3.12/site-packages/airflow/example_dags/example_branch_operator.py
[2025-02-22T17:07:28.748+0000] {processor.py:914} INFO - Processing file /home/airflow/.local/lib/python3.12/site-packages/airflow/example_dags/example_branch_operator.py for tasks to queue
[2025-02-22T17:07:28.750+0000] {logging_mixin.py:190} INFO - [2025-02-22T17:07:28.749+0000] {dagbag.py:588} INFO - Filling up the DagBag from /home/airflow/.local/lib/python3.12/site-packages/airflow/example_dags/example_branch_operator.py
[2025-02-22T17:07:28.763+0000] {processor.py:925} INFO - DAG(s) 'example_branch_operator' retrieved from /home/airflow/.local/lib/python3.12/site-packages/airflow/example_dags/example_branch_operator.py
[2025-02-22T17:07:28.779+0000] {logging_mixin.py:190} INFO - [2025-02-22T17:07:28.779+0000] {dag.py:3239} INFO - Sync 1 DAGs
[2025-02-22T17:07:28.788+0000] {logging_mixin.py:190} INFO - [2025-02-22T17:07:28.788+0000] {dag.py:4180} INFO - Setting next_dagrun for example_branch_operator to 2025-02-21 00:00:00+00:00, run_after=2025-02-22 00:00:00+00:00
[2025-02-22T17:07:28.794+0000] {processor.py:208} INFO - Processing /home/airflow/.local/lib/python3.12/site-packages/airflow/example_dags/example_branch_operator.py took 0.054 seconds
[2025-02-22T17:07:59.828+0000] {processor.py:186} INFO - Started process (PID=381) to work on /home/airflow/.local/lib/python3.12/site-packages/airflow/example_dags/example_branch_operator.py
[2025-02-22T17:07:59.828+0000] {processor.py:914} INFO - Processing file /home/airflow/.local/lib/python3.12/site-packages/airflow/example_dags/example_branch_operator.py for tasks to queue
[2025-02-22T17:07:59.830+0000] {logging_mixin.py:190} INFO - [2025-02-22T17:07:59.830+0000] {dagbag.py:588} INFO - Filling up the DagBag from /home/airflow/.local/lib/python3.12/site-packages/airflow/example_dags/example_branch_operator.py
[2025-02-22T17:07:59.841+0000] {processor.py:925} INFO - DAG(s) 'example_branch_operator' retrieved from /home/airflow/.local/lib/python3.12/site-packages/airflow/example_dags/example_branch_operator.py
[2025-02-22T17:07:59.856+0000] {logging_mixin.py:190} INFO - [2025-02-22T17:07:59.856+0000] {dag.py:3239} INFO - Sync 1 DAGs
[2025-02-22T17:07:59.865+0000] {logging_mixin.py:190} INFO - [2025-02-22T17:07:59.865+0000] {dag.py:4180} INFO - Setting next_dagrun for example_branch_operator to 2025-02-21 00:00:00+00:00, run_after=2025-02-22 00:00:00+00:00
[2025-02-22T17:07:59.871+0000] {processor.py:208} INFO - Processing /home/airflow/.local/lib/python3.12/site-packages/airflow/example_dags/example_branch_operator.py took 0.049 seconds
[2025-02-22T17:08:30.881+0000] {processor.py:186} INFO - Started process (PID=444) to work on /home/airflow/.local/lib/python3.12/site-packages/airflow/example_dags/example_branch_operator.py
[2025-02-22T17:08:30.882+0000] {processor.py:914} INFO - Processing file /home/airflow/.local/lib/python3.12/site-packages/airflow/example_dags/example_branch_operator.py for tasks to queue
[2025-02-22T17:08:30.884+0000] {logging_mixin.py:190} INFO - [2025-02-22T17:08:30.884+0000] {dagbag.py:588} INFO - Filling up the DagBag from /home/airflow/.local/lib/python3.12/site-packages/airflow/example_dags/example_branch_operator.py
[2025-02-22T17:08:30.899+0000] {processor.py:925} INFO - DAG(s) 'example_branch_operator' retrieved from /home/airflow/.local/lib/python3.12/site-packages/airflow/example_dags/example_branch_operator.py
[2025-02-22T17:08:30.915+0000] {logging_mixin.py:190} INFO - [2025-02-22T17:08:30.914+0000] {dag.py:3239} INFO - Sync 1 DAGs
[2025-02-22T17:08:30.924+0000] {logging_mixin.py:190} INFO - [2025-02-22T17:08:30.924+0000] {dag.py:4180} INFO - Setting next_dagrun for example_branch_operator to 2025-02-21 00:00:00+00:00, run_after=2025-02-22 00:00:00+00:00
[2025-02-22T17:08:30.933+0000] {processor.py:208} INFO - Processing /home/airflow/.local/lib/python3.12/site-packages/airflow/example_dags/example_branch_operator.py took 0.061 seconds
[2025-02-22T17:09:01.884+0000] {processor.py:186} INFO - Started process (PID=507) to work on /home/airflow/.local/lib/python3.12/site-packages/airflow/example_dags/example_branch_operator.py
[2025-02-22T17:09:01.885+0000] {processor.py:914} INFO - Processing file /home/airflow/.local/lib/python3.12/site-packages/airflow/example_dags/example_branch_operator.py for tasks to queue
[2025-02-22T17:09:01.886+0000] {logging_mixin.py:190} INFO - [2025-02-22T17:09:01.886+0000] {dagbag.py:588} INFO - Filling up the DagBag from /home/airflow/.local/lib/python3.12/site-packages/airflow/example_dags/example_branch_operator.py
[2025-02-22T17:09:01.898+0000] {processor.py:925} INFO - DAG(s) 'example_branch_operator' retrieved from /home/airflow/.local/lib/python3.12/site-packages/airflow/example_dags/example_branch_operator.py
[2025-02-22T17:09:01.913+0000] {logging_mixin.py:190} INFO - [2025-02-22T17:09:01.912+0000] {dag.py:3239} INFO - Sync 1 DAGs
[2025-02-22T17:09:01.921+0000] {logging_mixin.py:190} INFO - [2025-02-22T17:09:01.921+0000] {dag.py:4180} INFO - Setting next_dagrun for example_branch_operator to 2025-02-21 00:00:00+00:00, run_after=2025-02-22 00:00:00+00:00
[2025-02-22T17:09:01.927+0000] {processor.py:208} INFO - Processing /home/airflow/.local/lib/python3.12/site-packages/airflow/example_dags/example_branch_operator.py took 0.048 seconds
[2025-02-22T17:09:32.904+0000] {processor.py:186} INFO - Started process (PID=570) to work on /home/airflow/.local/lib/python3.12/site-packages/airflow/example_dags/example_branch_operator.py
[2025-02-22T17:09:32.906+0000] {processor.py:914} INFO - Processing file /home/airflow/.local/lib/python3.12/site-packages/airflow/example_dags/example_branch_operator.py for tasks to queue
[2025-02-22T17:09:32.909+0000] {logging_mixin.py:190} INFO - [2025-02-22T17:09:32.909+0000] {dagbag.py:588} INFO - Filling up the DagBag from /home/airflow/.local/lib/python3.12/site-packages/airflow/example_dags/example_branch_operator.py
[2025-02-22T17:09:32.924+0000] {processor.py:925} INFO - DAG(s) 'example_branch_operator' retrieved from /home/airflow/.local/lib/python3.12/site-packages/airflow/example_dags/example_branch_operator.py
[2025-02-22T17:09:32.940+0000] {logging_mixin.py:190} INFO - [2025-02-22T17:09:32.940+0000] {dag.py:3239} INFO - Sync 1 DAGs
[2025-02-22T17:09:32.949+0000] {logging_mixin.py:190} INFO - [2025-02-22T17:09:32.949+0000] {dag.py:4180} INFO - Setting next_dagrun for example_branch_operator to 2025-02-21 00:00:00+00:00, run_after=2025-02-22 00:00:00+00:00
[2025-02-22T17:09:32.956+0000] {processor.py:208} INFO - Processing /home/airflow/.local/lib/python3.12/site-packages/airflow/example_dags/example_branch_operator.py took 0.059 seconds
[2025-02-22T17:10:03.882+0000] {processor.py:186} INFO - Started process (PID=633) to work on /home/airflow/.local/lib/python3.12/site-packages/airflow/example_dags/example_branch_operator.py
[2025-02-22T17:10:03.883+0000] {processor.py:914} INFO - Processing file /home/airflow/.local/lib/python3.12/site-packages/airflow/example_dags/example_branch_operator.py for tasks to queue
[2025-02-22T17:10:03.885+0000] {logging_mixin.py:190} INFO - [2025-02-22T17:10:03.885+0000] {dagbag.py:588} INFO - Filling up the DagBag from /home/airflow/.local/lib/python3.12/site-packages/airflow/example_dags/example_branch_operator.py
[2025-02-22T17:10:03.899+0000] {processor.py:925} INFO - DAG(s) 'example_branch_operator' retrieved from /home/airflow/.local/lib/python3.12/site-packages/airflow/example_dags/example_branch_operator.py
[2025-02-22T17:10:03.914+0000] {logging_mixin.py:190} INFO - [2025-02-22T17:10:03.914+0000] {dag.py:3239} INFO - Sync 1 DAGs
[2025-02-22T17:10:03.923+0000] {logging_mixin.py:190} INFO - [2025-02-22T17:10:03.923+0000] {dag.py:4180} INFO - Setting next_dagrun for example_branch_operator to 2025-02-21 00:00:00+00:00, run_after=2025-02-22 00:00:00+00:00
[2025-02-22T17:10:03.930+0000] {processor.py:208} INFO - Processing /home/airflow/.local/lib/python3.12/site-packages/airflow/example_dags/example_branch_operator.py took 0.055 seconds
[2025-02-22T17:10:34.921+0000] {processor.py:186} INFO - Started process (PID=696) to work on /home/airflow/.local/lib/python3.12/site-packages/airflow/example_dags/example_branch_operator.py
[2025-02-22T17:10:34.922+0000] {processor.py:914} INFO - Processing file /home/airflow/.local/lib/python3.12/site-packages/airflow/example_dags/example_branch_operator.py for tasks to queue
[2025-02-22T17:10:34.924+0000] {logging_mixin.py:190} INFO - [2025-02-22T17:10:34.923+0000] {dagbag.py:588} INFO - Filling up the DagBag from /home/airflow/.local/lib/python3.12/site-packages/airflow/example_dags/example_branch_operator.py
[2025-02-22T17:10:34.936+0000] {processor.py:925} INFO - DAG(s) 'example_branch_operator' retrieved from /home/airflow/.local/lib/python3.12/site-packages/airflow/example_dags/example_branch_operator.py
[2025-02-22T17:10:34.951+0000] {logging_mixin.py:190} INFO - [2025-02-22T17:10:34.951+0000] {dag.py:3239} INFO - Sync 1 DAGs
[2025-02-22T17:10:34.959+0000] {logging_mixin.py:190} INFO - [2025-02-22T17:10:34.959+0000] {dag.py:4180} INFO - Setting next_dagrun for example_branch_operator to 2025-02-21 00:00:00+00:00, run_after=2025-02-22 00:00:00+00:00
[2025-02-22T17:10:34.966+0000] {processor.py:208} INFO - Processing /home/airflow/.local/lib/python3.12/site-packages/airflow/example_dags/example_branch_operator.py took 0.051 seconds
[2025-02-22T17:11:05.938+0000] {processor.py:186} INFO - Started process (PID=759) to work on /home/airflow/.local/lib/python3.12/site-packages/airflow/example_dags/example_branch_operator.py
[2025-02-22T17:11:05.939+0000] {processor.py:914} INFO - Processing file /home/airflow/.local/lib/python3.12/site-packages/airflow/example_dags/example_branch_operator.py for tasks to queue
[2025-02-22T17:11:05.941+0000] {logging_mixin.py:190} INFO - [2025-02-22T17:11:05.940+0000] {dagbag.py:588} INFO - Filling up the DagBag from /home/airflow/.local/lib/python3.12/site-packages/airflow/example_dags/example_branch_operator.py
[2025-02-22T17:11:05.953+0000] {processor.py:925} INFO - DAG(s) 'example_branch_operator' retrieved from /home/airflow/.local/lib/python3.12/site-packages/airflow/example_dags/example_branch_operator.py
[2025-02-22T17:11:05.968+0000] {logging_mixin.py:190} INFO - [2025-02-22T17:11:05.968+0000] {dag.py:3239} INFO - Sync 1 DAGs
[2025-02-22T17:11:05.977+0000] {logging_mixin.py:190} INFO - [2025-02-22T17:11:05.977+0000] {dag.py:4180} INFO - Setting next_dagrun for example_branch_operator to 2025-02-21 00:00:00+00:00, run_after=2025-02-22 00:00:00+00:00
[2025-02-22T17:11:05.984+0000] {processor.py:208} INFO - Processing /home/airflow/.local/lib/python3.12/site-packages/airflow/example_dags/example_branch_operator.py took 0.052 seconds
[2025-02-22T17:11:36.913+0000] {processor.py:186} INFO - Started process (PID=822) to work on /home/airflow/.local/lib/python3.12/site-packages/airflow/example_dags/example_branch_operator.py
[2025-02-22T17:11:36.914+0000] {processor.py:914} INFO - Processing file /home/airflow/.local/lib/python3.12/site-packages/airflow/example_dags/example_branch_operator.py for tasks to queue
[2025-02-22T17:11:36.916+0000] {logging_mixin.py:190} INFO - [2025-02-22T17:11:36.916+0000] {dagbag.py:588} INFO - Filling up the DagBag from /home/airflow/.local/lib/python3.12/site-packages/airflow/example_dags/example_branch_operator.py
[2025-02-22T17:11:36.929+0000] {processor.py:925} INFO - DAG(s) 'example_branch_operator' retrieved from /home/airflow/.local/lib/python3.12/site-packages/airflow/example_dags/example_branch_operator.py
[2025-02-22T17:11:36.944+0000] {logging_mixin.py:190} INFO - [2025-02-22T17:11:36.944+0000] {dag.py:3239} INFO - Sync 1 DAGs
[2025-02-22T17:11:36.953+0000] {logging_mixin.py:190} INFO - [2025-02-22T17:11:36.953+0000] {dag.py:4180} INFO - Setting next_dagrun for example_branch_operator to 2025-02-21 00:00:00+00:00, run_after=2025-02-22 00:00:00+00:00
[2025-02-22T17:11:36.959+0000] {processor.py:208} INFO - Processing /home/airflow/.local/lib/python3.12/site-packages/airflow/example_dags/example_branch_operator.py took 0.053 seconds
[2025-02-22T17:12:07.876+0000] {processor.py:186} INFO - Started process (PID=885) to work on /home/airflow/.local/lib/python3.12/site-packages/airflow/example_dags/example_branch_operator.py
[2025-02-22T17:12:07.877+0000] {processor.py:914} INFO - Processing file /home/airflow/.local/lib/python3.12/site-packages/airflow/example_dags/example_branch_operator.py for tasks to queue
[2025-02-22T17:12:07.878+0000] {logging_mixin.py:190} INFO - [2025-02-22T17:12:07.878+0000] {dagbag.py:588} INFO - Filling up the DagBag from /home/airflow/.local/lib/python3.12/site-packages/airflow/example_dags/example_branch_operator.py
[2025-02-22T17:12:07.892+0000] {processor.py:925} INFO - DAG(s) 'example_branch_operator' retrieved from /home/airflow/.local/lib/python3.12/site-packages/airflow/example_dags/example_branch_operator.py
[2025-02-22T17:12:07.907+0000] {logging_mixin.py:190} INFO - [2025-02-22T17:12:07.907+0000] {dag.py:3239} INFO - Sync 1 DAGs
[2025-02-22T17:12:07.917+0000] {logging_mixin.py:190} INFO - [2025-02-22T17:12:07.917+0000] {dag.py:4180} INFO - Setting next_dagrun for example_branch_operator to 2025-02-21 00:00:00+00:00, run_after=2025-02-22 00:00:00+00:00
[2025-02-22T17:12:07.925+0000] {processor.py:208} INFO - Processing /home/airflow/.local/lib/python3.12/site-packages/airflow/example_dags/example_branch_operator.py took 0.056 seconds
[2025-02-22T17:12:38.943+0000] {processor.py:186} INFO - Started process (PID=948) to work on /home/airflow/.local/lib/python3.12/site-packages/airflow/example_dags/example_branch_operator.py
[2025-02-22T17:12:38.944+0000] {processor.py:914} INFO - Processing file /home/airflow/.local/lib/python3.12/site-packages/airflow/example_dags/example_branch_operator.py for tasks to queue
[2025-02-22T17:12:38.946+0000] {logging_mixin.py:190} INFO - [2025-02-22T17:12:38.945+0000] {dagbag.py:588} INFO - Filling up the DagBag from /home/airflow/.local/lib/python3.12/site-packages/airflow/example_dags/example_branch_operator.py
[2025-02-22T17:12:38.958+0000] {processor.py:925} INFO - DAG(s) 'example_branch_operator' retrieved from /home/airflow/.local/lib/python3.12/site-packages/airflow/example_dags/example_branch_operator.py
[2025-02-22T17:12:38.973+0000] {logging_mixin.py:190} INFO - [2025-02-22T17:12:38.973+0000] {dag.py:3239} INFO - Sync 1 DAGs
[2025-02-22T17:12:38.981+0000] {logging_mixin.py:190} INFO - [2025-02-22T17:12:38.981+0000] {dag.py:4180} INFO - Setting next_dagrun for example_branch_operator to 2025-02-21 00:00:00+00:00, run_after=2025-02-22 00:00:00+00:00
[2025-02-22T17:12:38.988+0000] {processor.py:208} INFO - Processing /home/airflow/.local/lib/python3.12/site-packages/airflow/example_dags/example_branch_operator.py took 0.050 seconds
[2025-02-22T17:13:09.895+0000] {processor.py:186} INFO - Started process (PID=1011) to work on /home/airflow/.local/lib/python3.12/site-packages/airflow/example_dags/example_branch_operator.py
[2025-02-22T17:13:09.895+0000] {processor.py:914} INFO - Processing file /home/airflow/.local/lib/python3.12/site-packages/airflow/example_dags/example_branch_operator.py for tasks to queue
[2025-02-22T17:13:09.897+0000] {logging_mixin.py:190} INFO - [2025-02-22T17:13:09.897+0000] {dagbag.py:588} INFO - Filling up the DagBag from /home/airflow/.local/lib/python3.12/site-packages/airflow/example_dags/example_branch_operator.py
[2025-02-22T17:13:09.909+0000] {processor.py:925} INFO - DAG(s) 'example_branch_operator' retrieved from /home/airflow/.local/lib/python3.12/site-packages/airflow/example_dags/example_branch_operator.py
[2025-02-22T17:13:09.924+0000] {logging_mixin.py:190} INFO - [2025-02-22T17:13:09.923+0000] {dag.py:3239} INFO - Sync 1 DAGs
[2025-02-22T17:13:09.933+0000] {logging_mixin.py:190} INFO - [2025-02-22T17:13:09.932+0000] {dag.py:4180} INFO - Setting next_dagrun for example_branch_operator to 2025-02-21 00:00:00+00:00, run_after=2025-02-22 00:00:00+00:00
[2025-02-22T17:13:09.940+0000] {processor.py:208} INFO - Processing /home/airflow/.local/lib/python3.12/site-packages/airflow/example_dags/example_branch_operator.py took 0.050 seconds
[2025-02-22T17:15:54.968+0000] {processor.py:186} INFO - Started process (PID=63) to work on /home/airflow/.local/lib/python3.12/site-packages/airflow/example_dags/example_branch_operator.py
[2025-02-22T17:15:54.969+0000] {processor.py:914} INFO - Processing file /home/airflow/.local/lib/python3.12/site-packages/airflow/example_dags/example_branch_operator.py for tasks to queue
[2025-02-22T17:15:54.971+0000] {logging_mixin.py:190} INFO - [2025-02-22T17:15:54.971+0000] {dagbag.py:588} INFO - Filling up the DagBag from /home/airflow/.local/lib/python3.12/site-packages/airflow/example_dags/example_branch_operator.py
[2025-02-22T17:15:54.981+0000] {processor.py:925} INFO - DAG(s) 'example_branch_operator' retrieved from /home/airflow/.local/lib/python3.12/site-packages/airflow/example_dags/example_branch_operator.py
[2025-02-22T17:15:55.031+0000] {logging_mixin.py:190} INFO - [2025-02-22T17:15:55.031+0000] {dag.py:3239} INFO - Sync 1 DAGs
[2025-02-22T17:15:55.040+0000] {logging_mixin.py:190} INFO - [2025-02-22T17:15:55.040+0000] {dag.py:4180} INFO - Setting next_dagrun for example_branch_operator to 2025-02-21 00:00:00+00:00, run_after=2025-02-22 00:00:00+00:00
[2025-02-22T17:15:55.049+0000] {processor.py:208} INFO - Processing /home/airflow/.local/lib/python3.12/site-packages/airflow/example_dags/example_branch_operator.py took 0.084 seconds
[2025-02-22T17:16:25.255+0000] {processor.py:186} INFO - Started process (PID=126) to work on /home/airflow/.local/lib/python3.12/site-packages/airflow/example_dags/example_branch_operator.py
[2025-02-22T17:16:25.256+0000] {processor.py:914} INFO - Processing file /home/airflow/.local/lib/python3.12/site-packages/airflow/example_dags/example_branch_operator.py for tasks to queue
[2025-02-22T17:16:25.257+0000] {logging_mixin.py:190} INFO - [2025-02-22T17:16:25.257+0000] {dagbag.py:588} INFO - Filling up the DagBag from /home/airflow/.local/lib/python3.12/site-packages/airflow/example_dags/example_branch_operator.py
[2025-02-22T17:16:25.264+0000] {processor.py:925} INFO - DAG(s) 'example_branch_operator' retrieved from /home/airflow/.local/lib/python3.12/site-packages/airflow/example_dags/example_branch_operator.py
[2025-02-22T17:16:25.279+0000] {logging_mixin.py:190} INFO - [2025-02-22T17:16:25.279+0000] {dag.py:3239} INFO - Sync 1 DAGs
[2025-02-22T17:16:25.288+0000] {logging_mixin.py:190} INFO - [2025-02-22T17:16:25.288+0000] {dag.py:4180} INFO - Setting next_dagrun for example_branch_operator to 2025-02-21 00:00:00+00:00, run_after=2025-02-22 00:00:00+00:00
[2025-02-22T17:16:25.300+0000] {processor.py:208} INFO - Processing /home/airflow/.local/lib/python3.12/site-packages/airflow/example_dags/example_branch_operator.py took 0.048 seconds
[2025-02-22T17:16:55.518+0000] {processor.py:186} INFO - Started process (PID=189) to work on /home/airflow/.local/lib/python3.12/site-packages/airflow/example_dags/example_branch_operator.py
[2025-02-22T17:16:55.519+0000] {processor.py:914} INFO - Processing file /home/airflow/.local/lib/python3.12/site-packages/airflow/example_dags/example_branch_operator.py for tasks to queue
[2025-02-22T17:16:55.519+0000] {logging_mixin.py:190} INFO - [2025-02-22T17:16:55.519+0000] {dagbag.py:588} INFO - Filling up the DagBag from /home/airflow/.local/lib/python3.12/site-packages/airflow/example_dags/example_branch_operator.py
[2025-02-22T17:16:55.526+0000] {processor.py:925} INFO - DAG(s) 'example_branch_operator' retrieved from /home/airflow/.local/lib/python3.12/site-packages/airflow/example_dags/example_branch_operator.py
[2025-02-22T17:16:55.537+0000] {logging_mixin.py:190} INFO - [2025-02-22T17:16:55.537+0000] {dag.py:3239} INFO - Sync 1 DAGs
[2025-02-22T17:16:55.544+0000] {logging_mixin.py:190} INFO - [2025-02-22T17:16:55.544+0000] {dag.py:4180} INFO - Setting next_dagrun for example_branch_operator to 2025-02-21 00:00:00+00:00, run_after=2025-02-22 00:00:00+00:00
[2025-02-22T17:16:55.550+0000] {processor.py:208} INFO - Processing /home/airflow/.local/lib/python3.12/site-packages/airflow/example_dags/example_branch_operator.py took 0.034 seconds
[2025-02-22T17:17:26.663+0000] {processor.py:186} INFO - Started process (PID=252) to work on /home/airflow/.local/lib/python3.12/site-packages/airflow/example_dags/example_branch_operator.py
[2025-02-22T17:17:26.663+0000] {processor.py:914} INFO - Processing file /home/airflow/.local/lib/python3.12/site-packages/airflow/example_dags/example_branch_operator.py for tasks to queue
[2025-02-22T17:17:26.664+0000] {logging_mixin.py:190} INFO - [2025-02-22T17:17:26.664+0000] {dagbag.py:588} INFO - Filling up the DagBag from /home/airflow/.local/lib/python3.12/site-packages/airflow/example_dags/example_branch_operator.py
[2025-02-22T17:17:26.671+0000] {processor.py:925} INFO - DAG(s) 'example_branch_operator' retrieved from /home/airflow/.local/lib/python3.12/site-packages/airflow/example_dags/example_branch_operator.py
[2025-02-22T17:17:26.681+0000] {logging_mixin.py:190} INFO - [2025-02-22T17:17:26.681+0000] {dag.py:3239} INFO - Sync 1 DAGs
[2025-02-22T17:17:26.689+0000] {logging_mixin.py:190} INFO - [2025-02-22T17:17:26.689+0000] {dag.py:4180} INFO - Setting next_dagrun for example_branch_operator to 2025-02-21 00:00:00+00:00, run_after=2025-02-22 00:00:00+00:00
[2025-02-22T17:17:26.695+0000] {processor.py:208} INFO - Processing /home/airflow/.local/lib/python3.12/site-packages/airflow/example_dags/example_branch_operator.py took 0.035 seconds
[2025-02-22T17:17:56.834+0000] {processor.py:186} INFO - Started process (PID=315) to work on /home/airflow/.local/lib/python3.12/site-packages/airflow/example_dags/example_branch_operator.py
[2025-02-22T17:17:56.836+0000] {processor.py:914} INFO - Processing file /home/airflow/.local/lib/python3.12/site-packages/airflow/example_dags/example_branch_operator.py for tasks to queue
[2025-02-22T17:17:56.837+0000] {logging_mixin.py:190} INFO - [2025-02-22T17:17:56.837+0000] {dagbag.py:588} INFO - Filling up the DagBag from /home/airflow/.local/lib/python3.12/site-packages/airflow/example_dags/example_branch_operator.py
[2025-02-22T17:17:56.845+0000] {processor.py:925} INFO - DAG(s) 'example_branch_operator' retrieved from /home/airflow/.local/lib/python3.12/site-packages/airflow/example_dags/example_branch_operator.py
[2025-02-22T17:17:56.857+0000] {logging_mixin.py:190} INFO - [2025-02-22T17:17:56.856+0000] {dag.py:3239} INFO - Sync 1 DAGs
[2025-02-22T17:17:56.866+0000] {logging_mixin.py:190} INFO - [2025-02-22T17:17:56.866+0000] {dag.py:4180} INFO - Setting next_dagrun for example_branch_operator to 2025-02-21 00:00:00+00:00, run_after=2025-02-22 00:00:00+00:00
[2025-02-22T17:17:56.872+0000] {processor.py:208} INFO - Processing /home/airflow/.local/lib/python3.12/site-packages/airflow/example_dags/example_branch_operator.py took 0.041 seconds
[2025-02-22T17:18:26.976+0000] {processor.py:186} INFO - Started process (PID=377) to work on /home/airflow/.local/lib/python3.12/site-packages/airflow/example_dags/example_branch_operator.py
[2025-02-22T17:18:26.977+0000] {processor.py:914} INFO - Processing file /home/airflow/.local/lib/python3.12/site-packages/airflow/example_dags/example_branch_operator.py for tasks to queue
[2025-02-22T17:18:26.978+0000] {logging_mixin.py:190} INFO - [2025-02-22T17:18:26.977+0000] {dagbag.py:588} INFO - Filling up the DagBag from /home/airflow/.local/lib/python3.12/site-packages/airflow/example_dags/example_branch_operator.py
[2025-02-22T17:18:26.984+0000] {processor.py:925} INFO - DAG(s) 'example_branch_operator' retrieved from /home/airflow/.local/lib/python3.12/site-packages/airflow/example_dags/example_branch_operator.py
[2025-02-22T17:18:26.994+0000] {logging_mixin.py:190} INFO - [2025-02-22T17:18:26.994+0000] {dag.py:3239} INFO - Sync 1 DAGs
[2025-02-22T17:18:27.003+0000] {logging_mixin.py:190} INFO - [2025-02-22T17:18:27.003+0000] {dag.py:4180} INFO - Setting next_dagrun for example_branch_operator to 2025-02-21 00:00:00+00:00, run_after=2025-02-22 00:00:00+00:00
[2025-02-22T17:18:27.010+0000] {processor.py:208} INFO - Processing /home/airflow/.local/lib/python3.12/site-packages/airflow/example_dags/example_branch_operator.py took 0.036 seconds
[2025-02-22T17:18:57.066+0000] {processor.py:186} INFO - Started process (PID=440) to work on /home/airflow/.local/lib/python3.12/site-packages/airflow/example_dags/example_branch_operator.py
[2025-02-22T17:18:57.066+0000] {processor.py:914} INFO - Processing file /home/airflow/.local/lib/python3.12/site-packages/airflow/example_dags/example_branch_operator.py for tasks to queue
[2025-02-22T17:18:57.067+0000] {logging_mixin.py:190} INFO - [2025-02-22T17:18:57.067+0000] {dagbag.py:588} INFO - Filling up the DagBag from /home/airflow/.local/lib/python3.12/site-packages/airflow/example_dags/example_branch_operator.py
[2025-02-22T17:18:57.074+0000] {processor.py:925} INFO - DAG(s) 'example_branch_operator' retrieved from /home/airflow/.local/lib/python3.12/site-packages/airflow/example_dags/example_branch_operator.py
[2025-02-22T17:18:57.086+0000] {logging_mixin.py:190} INFO - [2025-02-22T17:18:57.086+0000] {dag.py:3239} INFO - Sync 1 DAGs
[2025-02-22T17:18:57.094+0000] {logging_mixin.py:190} INFO - [2025-02-22T17:18:57.094+0000] {dag.py:4180} INFO - Setting next_dagrun for example_branch_operator to 2025-02-21 00:00:00+00:00, run_after=2025-02-22 00:00:00+00:00
[2025-02-22T17:18:57.100+0000] {processor.py:208} INFO - Processing /home/airflow/.local/lib/python3.12/site-packages/airflow/example_dags/example_branch_operator.py took 0.037 seconds
[2025-02-22T17:19:27.162+0000] {processor.py:186} INFO - Started process (PID=503) to work on /home/airflow/.local/lib/python3.12/site-packages/airflow/example_dags/example_branch_operator.py
[2025-02-22T17:19:27.162+0000] {processor.py:914} INFO - Processing file /home/airflow/.local/lib/python3.12/site-packages/airflow/example_dags/example_branch_operator.py for tasks to queue
[2025-02-22T17:19:27.163+0000] {logging_mixin.py:190} INFO - [2025-02-22T17:19:27.163+0000] {dagbag.py:588} INFO - Filling up the DagBag from /home/airflow/.local/lib/python3.12/site-packages/airflow/example_dags/example_branch_operator.py
[2025-02-22T17:19:27.170+0000] {processor.py:925} INFO - DAG(s) 'example_branch_operator' retrieved from /home/airflow/.local/lib/python3.12/site-packages/airflow/example_dags/example_branch_operator.py
[2025-02-22T17:19:27.180+0000] {logging_mixin.py:190} INFO - [2025-02-22T17:19:27.180+0000] {dag.py:3239} INFO - Sync 1 DAGs
[2025-02-22T17:19:27.191+0000] {logging_mixin.py:190} INFO - [2025-02-22T17:19:27.191+0000] {dag.py:4180} INFO - Setting next_dagrun for example_branch_operator to 2025-02-21 00:00:00+00:00, run_after=2025-02-22 00:00:00+00:00
[2025-02-22T17:19:27.198+0000] {processor.py:208} INFO - Processing /home/airflow/.local/lib/python3.12/site-packages/airflow/example_dags/example_branch_operator.py took 0.038 seconds
[2025-02-22T17:19:57.307+0000] {processor.py:186} INFO - Started process (PID=566) to work on /home/airflow/.local/lib/python3.12/site-packages/airflow/example_dags/example_branch_operator.py
[2025-02-22T17:19:57.307+0000] {processor.py:914} INFO - Processing file /home/airflow/.local/lib/python3.12/site-packages/airflow/example_dags/example_branch_operator.py for tasks to queue
[2025-02-22T17:19:57.308+0000] {logging_mixin.py:190} INFO - [2025-02-22T17:19:57.308+0000] {dagbag.py:588} INFO - Filling up the DagBag from /home/airflow/.local/lib/python3.12/site-packages/airflow/example_dags/example_branch_operator.py
[2025-02-22T17:19:57.314+0000] {processor.py:925} INFO - DAG(s) 'example_branch_operator' retrieved from /home/airflow/.local/lib/python3.12/site-packages/airflow/example_dags/example_branch_operator.py
[2025-02-22T17:19:57.323+0000] {logging_mixin.py:190} INFO - [2025-02-22T17:19:57.323+0000] {dag.py:3239} INFO - Sync 1 DAGs
[2025-02-22T17:19:57.331+0000] {logging_mixin.py:190} INFO - [2025-02-22T17:19:57.330+0000] {dag.py:4180} INFO - Setting next_dagrun for example_branch_operator to 2025-02-21 00:00:00+00:00, run_after=2025-02-22 00:00:00+00:00
[2025-02-22T17:19:57.336+0000] {processor.py:208} INFO - Processing /home/airflow/.local/lib/python3.12/site-packages/airflow/example_dags/example_branch_operator.py took 0.032 seconds
[2025-02-22T17:20:27.430+0000] {processor.py:186} INFO - Started process (PID=629) to work on /home/airflow/.local/lib/python3.12/site-packages/airflow/example_dags/example_branch_operator.py
[2025-02-22T17:20:27.431+0000] {processor.py:914} INFO - Processing file /home/airflow/.local/lib/python3.12/site-packages/airflow/example_dags/example_branch_operator.py for tasks to queue
[2025-02-22T17:20:27.431+0000] {logging_mixin.py:190} INFO - [2025-02-22T17:20:27.431+0000] {dagbag.py:588} INFO - Filling up the DagBag from /home/airflow/.local/lib/python3.12/site-packages/airflow/example_dags/example_branch_operator.py
[2025-02-22T17:20:27.437+0000] {processor.py:925} INFO - DAG(s) 'example_branch_operator' retrieved from /home/airflow/.local/lib/python3.12/site-packages/airflow/example_dags/example_branch_operator.py
[2025-02-22T17:20:27.446+0000] {logging_mixin.py:190} INFO - [2025-02-22T17:20:27.446+0000] {dag.py:3239} INFO - Sync 1 DAGs
[2025-02-22T17:20:27.453+0000] {logging_mixin.py:190} INFO - [2025-02-22T17:20:27.453+0000] {dag.py:4180} INFO - Setting next_dagrun for example_branch_operator to 2025-02-21 00:00:00+00:00, run_after=2025-02-22 00:00:00+00:00
[2025-02-22T17:20:27.458+0000] {processor.py:208} INFO - Processing /home/airflow/.local/lib/python3.12/site-packages/airflow/example_dags/example_branch_operator.py took 0.030 seconds
[2025-02-22T17:20:57.577+0000] {processor.py:186} INFO - Started process (PID=691) to work on /home/airflow/.local/lib/python3.12/site-packages/airflow/example_dags/example_branch_operator.py
[2025-02-22T17:20:57.578+0000] {processor.py:914} INFO - Processing file /home/airflow/.local/lib/python3.12/site-packages/airflow/example_dags/example_branch_operator.py for tasks to queue
[2025-02-22T17:20:57.579+0000] {logging_mixin.py:190} INFO - [2025-02-22T17:20:57.579+0000] {dagbag.py:588} INFO - Filling up the DagBag from /home/airflow/.local/lib/python3.12/site-packages/airflow/example_dags/example_branch_operator.py
[2025-02-22T17:20:57.588+0000] {processor.py:925} INFO - DAG(s) 'example_branch_operator' retrieved from /home/airflow/.local/lib/python3.12/site-packages/airflow/example_dags/example_branch_operator.py
[2025-02-22T17:20:57.599+0000] {logging_mixin.py:190} INFO - [2025-02-22T17:20:57.599+0000] {dag.py:3239} INFO - Sync 1 DAGs
[2025-02-22T17:20:57.608+0000] {logging_mixin.py:190} INFO - [2025-02-22T17:20:57.608+0000] {dag.py:4180} INFO - Setting next_dagrun for example_branch_operator to 2025-02-21 00:00:00+00:00, run_after=2025-02-22 00:00:00+00:00
[2025-02-22T17:20:57.613+0000] {processor.py:208} INFO - Processing /home/airflow/.local/lib/python3.12/site-packages/airflow/example_dags/example_branch_operator.py took 0.039 seconds
[2025-02-22T17:21:27.782+0000] {processor.py:186} INFO - Started process (PID=754) to work on /home/airflow/.local/lib/python3.12/site-packages/airflow/example_dags/example_branch_operator.py
[2025-02-22T17:21:27.783+0000] {processor.py:914} INFO - Processing file /home/airflow/.local/lib/python3.12/site-packages/airflow/example_dags/example_branch_operator.py for tasks to queue
[2025-02-22T17:21:27.785+0000] {logging_mixin.py:190} INFO - [2025-02-22T17:21:27.784+0000] {dagbag.py:588} INFO - Filling up the DagBag from /home/airflow/.local/lib/python3.12/site-packages/airflow/example_dags/example_branch_operator.py
[2025-02-22T17:21:27.793+0000] {processor.py:925} INFO - DAG(s) 'example_branch_operator' retrieved from /home/airflow/.local/lib/python3.12/site-packages/airflow/example_dags/example_branch_operator.py
[2025-02-22T17:21:27.806+0000] {logging_mixin.py:190} INFO - [2025-02-22T17:21:27.806+0000] {dag.py:3239} INFO - Sync 1 DAGs
[2025-02-22T17:21:27.814+0000] {logging_mixin.py:190} INFO - [2025-02-22T17:21:27.814+0000] {dag.py:4180} INFO - Setting next_dagrun for example_branch_operator to 2025-02-21 00:00:00+00:00, run_after=2025-02-22 00:00:00+00:00
[2025-02-22T17:21:27.824+0000] {processor.py:208} INFO - Processing /home/airflow/.local/lib/python3.12/site-packages/airflow/example_dags/example_branch_operator.py took 0.044 seconds
[2025-02-22T17:21:58.051+0000] {processor.py:186} INFO - Started process (PID=817) to work on /home/airflow/.local/lib/python3.12/site-packages/airflow/example_dags/example_branch_operator.py
[2025-02-22T17:21:58.051+0000] {processor.py:914} INFO - Processing file /home/airflow/.local/lib/python3.12/site-packages/airflow/example_dags/example_branch_operator.py for tasks to queue
[2025-02-22T17:21:58.052+0000] {logging_mixin.py:190} INFO - [2025-02-22T17:21:58.052+0000] {dagbag.py:588} INFO - Filling up the DagBag from /home/airflow/.local/lib/python3.12/site-packages/airflow/example_dags/example_branch_operator.py
[2025-02-22T17:21:58.058+0000] {processor.py:925} INFO - DAG(s) 'example_branch_operator' retrieved from /home/airflow/.local/lib/python3.12/site-packages/airflow/example_dags/example_branch_operator.py
[2025-02-22T17:21:58.067+0000] {logging_mixin.py:190} INFO - [2025-02-22T17:21:58.067+0000] {dag.py:3239} INFO - Sync 1 DAGs
[2025-02-22T17:21:58.074+0000] {logging_mixin.py:190} INFO - [2025-02-22T17:21:58.074+0000] {dag.py:4180} INFO - Setting next_dagrun for example_branch_operator to 2025-02-21 00:00:00+00:00, run_after=2025-02-22 00:00:00+00:00
[2025-02-22T17:21:58.080+0000] {processor.py:208} INFO - Processing /home/airflow/.local/lib/python3.12/site-packages/airflow/example_dags/example_branch_operator.py took 0.031 seconds
[2025-02-22T17:22:28.265+0000] {processor.py:186} INFO - Started process (PID=880) to work on /home/airflow/.local/lib/python3.12/site-packages/airflow/example_dags/example_branch_operator.py
[2025-02-22T17:22:28.265+0000] {processor.py:914} INFO - Processing file /home/airflow/.local/lib/python3.12/site-packages/airflow/example_dags/example_branch_operator.py for tasks to queue
[2025-02-22T17:22:28.266+0000] {logging_mixin.py:190} INFO - [2025-02-22T17:22:28.266+0000] {dagbag.py:588} INFO - Filling up the DagBag from /home/airflow/.local/lib/python3.12/site-packages/airflow/example_dags/example_branch_operator.py
[2025-02-22T17:22:28.273+0000] {processor.py:925} INFO - DAG(s) 'example_branch_operator' retrieved from /home/airflow/.local/lib/python3.12/site-packages/airflow/example_dags/example_branch_operator.py
[2025-02-22T17:22:28.287+0000] {logging_mixin.py:190} INFO - [2025-02-22T17:22:28.287+0000] {dag.py:3239} INFO - Sync 1 DAGs
[2025-02-22T17:22:28.297+0000] {logging_mixin.py:190} INFO - [2025-02-22T17:22:28.297+0000] {dag.py:4180} INFO - Setting next_dagrun for example_branch_operator to 2025-02-21 00:00:00+00:00, run_after=2025-02-22 00:00:00+00:00
[2025-02-22T17:22:28.304+0000] {processor.py:208} INFO - Processing /home/airflow/.local/lib/python3.12/site-packages/airflow/example_dags/example_branch_operator.py took 0.041 seconds
[2025-02-22T17:22:58.493+0000] {processor.py:186} INFO - Started process (PID=943) to work on /home/airflow/.local/lib/python3.12/site-packages/airflow/example_dags/example_branch_operator.py
[2025-02-22T17:22:58.493+0000] {processor.py:914} INFO - Processing file /home/airflow/.local/lib/python3.12/site-packages/airflow/example_dags/example_branch_operator.py for tasks to queue
[2025-02-22T17:22:58.494+0000] {logging_mixin.py:190} INFO - [2025-02-22T17:22:58.494+0000] {dagbag.py:588} INFO - Filling up the DagBag from /home/airflow/.local/lib/python3.12/site-packages/airflow/example_dags/example_branch_operator.py
[2025-02-22T17:22:58.500+0000] {processor.py:925} INFO - DAG(s) 'example_branch_operator' retrieved from /home/airflow/.local/lib/python3.12/site-packages/airflow/example_dags/example_branch_operator.py
[2025-02-22T17:22:58.509+0000] {logging_mixin.py:190} INFO - [2025-02-22T17:22:58.509+0000] {dag.py:3239} INFO - Sync 1 DAGs
[2025-02-22T17:22:58.517+0000] {logging_mixin.py:190} INFO - [2025-02-22T17:22:58.517+0000] {dag.py:4180} INFO - Setting next_dagrun for example_branch_operator to 2025-02-21 00:00:00+00:00, run_after=2025-02-22 00:00:00+00:00
[2025-02-22T17:22:58.522+0000] {processor.py:208} INFO - Processing /home/airflow/.local/lib/python3.12/site-packages/airflow/example_dags/example_branch_operator.py took 0.031 seconds
[2025-02-22T17:23:28.723+0000] {processor.py:186} INFO - Started process (PID=1012) to work on /home/airflow/.local/lib/python3.12/site-packages/airflow/example_dags/example_branch_operator.py
[2025-02-22T17:23:28.723+0000] {processor.py:914} INFO - Processing file /home/airflow/.local/lib/python3.12/site-packages/airflow/example_dags/example_branch_operator.py for tasks to queue
[2025-02-22T17:23:28.724+0000] {logging_mixin.py:190} INFO - [2025-02-22T17:23:28.724+0000] {dagbag.py:588} INFO - Filling up the DagBag from /home/airflow/.local/lib/python3.12/site-packages/airflow/example_dags/example_branch_operator.py
[2025-02-22T17:23:28.730+0000] {processor.py:925} INFO - DAG(s) 'example_branch_operator' retrieved from /home/airflow/.local/lib/python3.12/site-packages/airflow/example_dags/example_branch_operator.py
[2025-02-22T17:23:28.740+0000] {logging_mixin.py:190} INFO - [2025-02-22T17:23:28.740+0000] {dag.py:3239} INFO - Sync 1 DAGs
[2025-02-22T17:23:28.747+0000] {logging_mixin.py:190} INFO - [2025-02-22T17:23:28.747+0000] {dag.py:4180} INFO - Setting next_dagrun for example_branch_operator to 2025-02-21 00:00:00+00:00, run_after=2025-02-22 00:00:00+00:00
[2025-02-22T17:23:28.753+0000] {processor.py:208} INFO - Processing /home/airflow/.local/lib/python3.12/site-packages/airflow/example_dags/example_branch_operator.py took 0.032 seconds
[2025-02-22T17:23:58.989+0000] {processor.py:186} INFO - Started process (PID=1075) to work on /home/airflow/.local/lib/python3.12/site-packages/airflow/example_dags/example_branch_operator.py
[2025-02-22T17:23:58.989+0000] {processor.py:914} INFO - Processing file /home/airflow/.local/lib/python3.12/site-packages/airflow/example_dags/example_branch_operator.py for tasks to queue
[2025-02-22T17:23:58.990+0000] {logging_mixin.py:190} INFO - [2025-02-22T17:23:58.990+0000] {dagbag.py:588} INFO - Filling up the DagBag from /home/airflow/.local/lib/python3.12/site-packages/airflow/example_dags/example_branch_operator.py
[2025-02-22T17:23:58.997+0000] {processor.py:925} INFO - DAG(s) 'example_branch_operator' retrieved from /home/airflow/.local/lib/python3.12/site-packages/airflow/example_dags/example_branch_operator.py
[2025-02-22T17:23:59.008+0000] {logging_mixin.py:190} INFO - [2025-02-22T17:23:59.008+0000] {dag.py:3239} INFO - Sync 1 DAGs
[2025-02-22T17:23:59.016+0000] {logging_mixin.py:190} INFO - [2025-02-22T17:23:59.016+0000] {dag.py:4180} INFO - Setting next_dagrun for example_branch_operator to 2025-02-21 00:00:00+00:00, run_after=2025-02-22 00:00:00+00:00
[2025-02-22T17:23:59.026+0000] {processor.py:208} INFO - Processing /home/airflow/.local/lib/python3.12/site-packages/airflow/example_dags/example_branch_operator.py took 0.040 seconds
[2025-02-22T17:24:29.205+0000] {processor.py:186} INFO - Started process (PID=1137) to work on /home/airflow/.local/lib/python3.12/site-packages/airflow/example_dags/example_branch_operator.py
[2025-02-22T17:24:29.208+0000] {processor.py:914} INFO - Processing file /home/airflow/.local/lib/python3.12/site-packages/airflow/example_dags/example_branch_operator.py for tasks to queue
[2025-02-22T17:24:29.209+0000] {logging_mixin.py:190} INFO - [2025-02-22T17:24:29.209+0000] {dagbag.py:588} INFO - Filling up the DagBag from /home/airflow/.local/lib/python3.12/site-packages/airflow/example_dags/example_branch_operator.py
[2025-02-22T17:24:29.216+0000] {processor.py:925} INFO - DAG(s) 'example_branch_operator' retrieved from /home/airflow/.local/lib/python3.12/site-packages/airflow/example_dags/example_branch_operator.py
[2025-02-22T17:24:29.228+0000] {logging_mixin.py:190} INFO - [2025-02-22T17:24:29.228+0000] {dag.py:3239} INFO - Sync 1 DAGs
[2025-02-22T17:24:29.238+0000] {logging_mixin.py:190} INFO - [2025-02-22T17:24:29.238+0000] {dag.py:4180} INFO - Setting next_dagrun for example_branch_operator to 2025-02-21 00:00:00+00:00, run_after=2025-02-22 00:00:00+00:00
[2025-02-22T17:24:29.246+0000] {processor.py:208} INFO - Processing /home/airflow/.local/lib/python3.12/site-packages/airflow/example_dags/example_branch_operator.py took 0.043 seconds
[2025-02-22T17:24:59.457+0000] {processor.py:186} INFO - Started process (PID=1200) to work on /home/airflow/.local/lib/python3.12/site-packages/airflow/example_dags/example_branch_operator.py
[2025-02-22T17:24:59.457+0000] {processor.py:914} INFO - Processing file /home/airflow/.local/lib/python3.12/site-packages/airflow/example_dags/example_branch_operator.py for tasks to queue
[2025-02-22T17:24:59.458+0000] {logging_mixin.py:190} INFO - [2025-02-22T17:24:59.458+0000] {dagbag.py:588} INFO - Filling up the DagBag from /home/airflow/.local/lib/python3.12/site-packages/airflow/example_dags/example_branch_operator.py
[2025-02-22T17:24:59.467+0000] {processor.py:925} INFO - DAG(s) 'example_branch_operator' retrieved from /home/airflow/.local/lib/python3.12/site-packages/airflow/example_dags/example_branch_operator.py
[2025-02-22T17:24:59.481+0000] {logging_mixin.py:190} INFO - [2025-02-22T17:24:59.481+0000] {dag.py:3239} INFO - Sync 1 DAGs
[2025-02-22T17:24:59.489+0000] {logging_mixin.py:190} INFO - [2025-02-22T17:24:59.489+0000] {dag.py:4180} INFO - Setting next_dagrun for example_branch_operator to 2025-02-21 00:00:00+00:00, run_after=2025-02-22 00:00:00+00:00
[2025-02-22T17:24:59.495+0000] {processor.py:208} INFO - Processing /home/airflow/.local/lib/python3.12/site-packages/airflow/example_dags/example_branch_operator.py took 0.041 seconds
[2025-02-22T17:25:29.730+0000] {processor.py:186} INFO - Started process (PID=1263) to work on /home/airflow/.local/lib/python3.12/site-packages/airflow/example_dags/example_branch_operator.py
[2025-02-22T17:25:29.732+0000] {processor.py:914} INFO - Processing file /home/airflow/.local/lib/python3.12/site-packages/airflow/example_dags/example_branch_operator.py for tasks to queue
[2025-02-22T17:25:29.732+0000] {logging_mixin.py:190} INFO - [2025-02-22T17:25:29.732+0000] {dagbag.py:588} INFO - Filling up the DagBag from /home/airflow/.local/lib/python3.12/site-packages/airflow/example_dags/example_branch_operator.py
[2025-02-22T17:25:29.739+0000] {processor.py:925} INFO - DAG(s) 'example_branch_operator' retrieved from /home/airflow/.local/lib/python3.12/site-packages/airflow/example_dags/example_branch_operator.py
[2025-02-22T17:25:29.749+0000] {logging_mixin.py:190} INFO - [2025-02-22T17:25:29.749+0000] {dag.py:3239} INFO - Sync 1 DAGs
[2025-02-22T17:25:29.756+0000] {logging_mixin.py:190} INFO - [2025-02-22T17:25:29.756+0000] {dag.py:4180} INFO - Setting next_dagrun for example_branch_operator to 2025-02-21 00:00:00+00:00, run_after=2025-02-22 00:00:00+00:00
[2025-02-22T17:25:29.763+0000] {processor.py:208} INFO - Processing /home/airflow/.local/lib/python3.12/site-packages/airflow/example_dags/example_branch_operator.py took 0.035 seconds
[2025-02-22T17:25:59.993+0000] {processor.py:186} INFO - Started process (PID=1326) to work on /home/airflow/.local/lib/python3.12/site-packages/airflow/example_dags/example_branch_operator.py
[2025-02-22T17:25:59.994+0000] {processor.py:914} INFO - Processing file /home/airflow/.local/lib/python3.12/site-packages/airflow/example_dags/example_branch_operator.py for tasks to queue
[2025-02-22T17:25:59.994+0000] {logging_mixin.py:190} INFO - [2025-02-22T17:25:59.994+0000] {dagbag.py:588} INFO - Filling up the DagBag from /home/airflow/.local/lib/python3.12/site-packages/airflow/example_dags/example_branch_operator.py
[2025-02-22T17:26:00.001+0000] {processor.py:925} INFO - DAG(s) 'example_branch_operator' retrieved from /home/airflow/.local/lib/python3.12/site-packages/airflow/example_dags/example_branch_operator.py
[2025-02-22T17:26:00.010+0000] {logging_mixin.py:190} INFO - [2025-02-22T17:26:00.010+0000] {dag.py:3239} INFO - Sync 1 DAGs
[2025-02-22T17:26:00.017+0000] {logging_mixin.py:190} INFO - [2025-02-22T17:26:00.017+0000] {dag.py:4180} INFO - Setting next_dagrun for example_branch_operator to 2025-02-21 00:00:00+00:00, run_after=2025-02-22 00:00:00+00:00
[2025-02-22T17:26:00.022+0000] {processor.py:208} INFO - Processing /home/airflow/.local/lib/python3.12/site-packages/airflow/example_dags/example_branch_operator.py took 0.031 seconds
[2025-02-22T17:26:30.141+0000] {processor.py:186} INFO - Started process (PID=1389) to work on /home/airflow/.local/lib/python3.12/site-packages/airflow/example_dags/example_branch_operator.py
[2025-02-22T17:26:30.142+0000] {processor.py:914} INFO - Processing file /home/airflow/.local/lib/python3.12/site-packages/airflow/example_dags/example_branch_operator.py for tasks to queue
[2025-02-22T17:26:30.143+0000] {logging_mixin.py:190} INFO - [2025-02-22T17:26:30.143+0000] {dagbag.py:588} INFO - Filling up the DagBag from /home/airflow/.local/lib/python3.12/site-packages/airflow/example_dags/example_branch_operator.py
[2025-02-22T17:26:30.151+0000] {processor.py:925} INFO - DAG(s) 'example_branch_operator' retrieved from /home/airflow/.local/lib/python3.12/site-packages/airflow/example_dags/example_branch_operator.py
[2025-02-22T17:26:30.163+0000] {logging_mixin.py:190} INFO - [2025-02-22T17:26:30.163+0000] {dag.py:3239} INFO - Sync 1 DAGs
[2025-02-22T17:26:30.172+0000] {logging_mixin.py:190} INFO - [2025-02-22T17:26:30.172+0000] {dag.py:4180} INFO - Setting next_dagrun for example_branch_operator to 2025-02-21 00:00:00+00:00, run_after=2025-02-22 00:00:00+00:00
[2025-02-22T17:26:30.179+0000] {processor.py:208} INFO - Processing /home/airflow/.local/lib/python3.12/site-packages/airflow/example_dags/example_branch_operator.py took 0.040 seconds
