[2025-02-22T17:05:27.698+0000] {processor.py:186} INFO - Started process (PID=85) to work on /home/airflow/.local/lib/python3.12/site-packages/airflow/example_dags/example_xcom.py
[2025-02-22T17:05:27.700+0000] {processor.py:914} INFO - Processing file /home/airflow/.local/lib/python3.12/site-packages/airflow/example_dags/example_xcom.py for tasks to queue
[2025-02-22T17:05:27.701+0000] {logging_mixin.py:190} INFO - [2025-02-22T17:05:27.701+0000] {dagbag.py:588} INFO - Filling up the DagBag from /home/airflow/.local/lib/python3.12/site-packages/airflow/example_dags/example_xcom.py
[2025-02-22T17:05:27.705+0000] {processor.py:925} INFO - DAG(s) 'example_xcom' retrieved from /home/airflow/.local/lib/python3.12/site-packages/airflow/example_dags/example_xcom.py
[2025-02-22T17:05:27.743+0000] {logging_mixin.py:190} INFO - [2025-02-22T17:05:27.743+0000] {override.py:1912} INFO - Created Permission View: can edit on DAG:example_xcom
[2025-02-22T17:05:27.748+0000] {logging_mixin.py:190} INFO - [2025-02-22T17:05:27.748+0000] {override.py:1912} INFO - Created Permission View: can delete on DAG:example_xcom
[2025-02-22T17:05:27.750+0000] {logging_mixin.py:190} INFO - [2025-02-22T17:05:27.750+0000] {override.py:1912} INFO - Created Permission View: can read on DAG:example_xcom
[2025-02-22T17:05:27.752+0000] {logging_mixin.py:190} INFO - [2025-02-22T17:05:27.752+0000] {override.py:1912} INFO - Created Permission View: menu access on DAG Run:example_xcom
[2025-02-22T17:05:27.756+0000] {logging_mixin.py:190} INFO - [2025-02-22T17:05:27.756+0000] {override.py:1912} INFO - Created Permission View: can create on DAG Run:example_xcom
[2025-02-22T17:05:27.760+0000] {logging_mixin.py:190} INFO - [2025-02-22T17:05:27.760+0000] {override.py:1912} INFO - Created Permission View: can delete on DAG Run:example_xcom
[2025-02-22T17:05:27.762+0000] {logging_mixin.py:190} INFO - [2025-02-22T17:05:27.762+0000] {override.py:1912} INFO - Created Permission View: can read on DAG Run:example_xcom
[2025-02-22T17:05:27.762+0000] {logging_mixin.py:190} INFO - [2025-02-22T17:05:27.762+0000] {dag.py:3239} INFO - Sync 1 DAGs
[2025-02-22T17:05:27.766+0000] {logging_mixin.py:190} INFO - [2025-02-22T17:05:27.766+0000] {dag.py:3262} INFO - Creating ORM DAG for example_xcom
[2025-02-22T17:05:27.770+0000] {logging_mixin.py:190} INFO - [2025-02-22T17:05:27.770+0000] {dag.py:4180} INFO - Setting next_dagrun for example_xcom to 2021-01-01 00:00:00+00:00, run_after=2021-01-01 00:00:00+00:00
[2025-02-22T17:05:27.775+0000] {processor.py:208} INFO - Processing /home/airflow/.local/lib/python3.12/site-packages/airflow/example_dags/example_xcom.py took 0.080 seconds
[2025-02-22T17:05:58.163+0000] {processor.py:186} INFO - Started process (PID=148) to work on /home/airflow/.local/lib/python3.12/site-packages/airflow/example_dags/example_xcom.py
[2025-02-22T17:05:58.164+0000] {processor.py:914} INFO - Processing file /home/airflow/.local/lib/python3.12/site-packages/airflow/example_dags/example_xcom.py for tasks to queue
[2025-02-22T17:05:58.166+0000] {logging_mixin.py:190} INFO - [2025-02-22T17:05:58.166+0000] {dagbag.py:588} INFO - Filling up the DagBag from /home/airflow/.local/lib/python3.12/site-packages/airflow/example_dags/example_xcom.py
[2025-02-22T17:05:58.170+0000] {processor.py:925} INFO - DAG(s) 'example_xcom' retrieved from /home/airflow/.local/lib/python3.12/site-packages/airflow/example_dags/example_xcom.py
[2025-02-22T17:05:58.177+0000] {logging_mixin.py:190} INFO - [2025-02-22T17:05:58.177+0000] {dag.py:3239} INFO - Sync 1 DAGs
[2025-02-22T17:05:58.185+0000] {logging_mixin.py:190} INFO - [2025-02-22T17:05:58.185+0000] {dag.py:4180} INFO - Setting next_dagrun for example_xcom to 2021-01-01 00:00:00+00:00, run_after=2021-01-01 00:00:00+00:00
[2025-02-22T17:05:58.191+0000] {processor.py:208} INFO - Processing /home/airflow/.local/lib/python3.12/site-packages/airflow/example_dags/example_xcom.py took 0.030 seconds
[2025-02-22T17:06:28.444+0000] {processor.py:186} INFO - Started process (PID=211) to work on /home/airflow/.local/lib/python3.12/site-packages/airflow/example_dags/example_xcom.py
[2025-02-22T17:06:28.445+0000] {processor.py:914} INFO - Processing file /home/airflow/.local/lib/python3.12/site-packages/airflow/example_dags/example_xcom.py for tasks to queue
[2025-02-22T17:06:28.446+0000] {logging_mixin.py:190} INFO - [2025-02-22T17:06:28.445+0000] {dagbag.py:588} INFO - Filling up the DagBag from /home/airflow/.local/lib/python3.12/site-packages/airflow/example_dags/example_xcom.py
[2025-02-22T17:06:28.450+0000] {processor.py:925} INFO - DAG(s) 'example_xcom' retrieved from /home/airflow/.local/lib/python3.12/site-packages/airflow/example_dags/example_xcom.py
[2025-02-22T17:06:28.460+0000] {logging_mixin.py:190} INFO - [2025-02-22T17:06:28.460+0000] {dag.py:3239} INFO - Sync 1 DAGs
[2025-02-22T17:06:28.469+0000] {logging_mixin.py:190} INFO - [2025-02-22T17:06:28.469+0000] {dag.py:4180} INFO - Setting next_dagrun for example_xcom to 2021-01-01 00:00:00+00:00, run_after=2021-01-01 00:00:00+00:00
[2025-02-22T17:06:28.476+0000] {processor.py:208} INFO - Processing /home/airflow/.local/lib/python3.12/site-packages/airflow/example_dags/example_xcom.py took 0.034 seconds
[2025-02-22T17:06:59.407+0000] {processor.py:186} INFO - Started process (PID=273) to work on /home/airflow/.local/lib/python3.12/site-packages/airflow/example_dags/example_xcom.py
[2025-02-22T17:06:59.409+0000] {processor.py:914} INFO - Processing file /home/airflow/.local/lib/python3.12/site-packages/airflow/example_dags/example_xcom.py for tasks to queue
[2025-02-22T17:06:59.410+0000] {logging_mixin.py:190} INFO - [2025-02-22T17:06:59.409+0000] {dagbag.py:588} INFO - Filling up the DagBag from /home/airflow/.local/lib/python3.12/site-packages/airflow/example_dags/example_xcom.py
[2025-02-22T17:06:59.415+0000] {processor.py:925} INFO - DAG(s) 'example_xcom' retrieved from /home/airflow/.local/lib/python3.12/site-packages/airflow/example_dags/example_xcom.py
[2025-02-22T17:06:59.423+0000] {logging_mixin.py:190} INFO - [2025-02-22T17:06:59.423+0000] {dag.py:3239} INFO - Sync 1 DAGs
[2025-02-22T17:06:59.431+0000] {logging_mixin.py:190} INFO - [2025-02-22T17:06:59.430+0000] {dag.py:4180} INFO - Setting next_dagrun for example_xcom to 2021-01-01 00:00:00+00:00, run_after=2021-01-01 00:00:00+00:00
[2025-02-22T17:06:59.436+0000] {processor.py:208} INFO - Processing /home/airflow/.local/lib/python3.12/site-packages/airflow/example_dags/example_xcom.py took 0.031 seconds
[2025-02-22T17:07:30.576+0000] {processor.py:186} INFO - Started process (PID=336) to work on /home/airflow/.local/lib/python3.12/site-packages/airflow/example_dags/example_xcom.py
[2025-02-22T17:07:30.576+0000] {processor.py:914} INFO - Processing file /home/airflow/.local/lib/python3.12/site-packages/airflow/example_dags/example_xcom.py for tasks to queue
[2025-02-22T17:07:30.577+0000] {logging_mixin.py:190} INFO - [2025-02-22T17:07:30.577+0000] {dagbag.py:588} INFO - Filling up the DagBag from /home/airflow/.local/lib/python3.12/site-packages/airflow/example_dags/example_xcom.py
[2025-02-22T17:07:30.581+0000] {processor.py:925} INFO - DAG(s) 'example_xcom' retrieved from /home/airflow/.local/lib/python3.12/site-packages/airflow/example_dags/example_xcom.py
[2025-02-22T17:07:30.590+0000] {logging_mixin.py:190} INFO - [2025-02-22T17:07:30.590+0000] {dag.py:3239} INFO - Sync 1 DAGs
[2025-02-22T17:07:30.599+0000] {logging_mixin.py:190} INFO - [2025-02-22T17:07:30.599+0000] {dag.py:4180} INFO - Setting next_dagrun for example_xcom to 2021-01-01 00:00:00+00:00, run_after=2021-01-01 00:00:00+00:00
[2025-02-22T17:07:30.605+0000] {processor.py:208} INFO - Processing /home/airflow/.local/lib/python3.12/site-packages/airflow/example_dags/example_xcom.py took 0.032 seconds
[2025-02-22T17:08:01.632+0000] {processor.py:186} INFO - Started process (PID=398) to work on /home/airflow/.local/lib/python3.12/site-packages/airflow/example_dags/example_xcom.py
[2025-02-22T17:08:01.633+0000] {processor.py:914} INFO - Processing file /home/airflow/.local/lib/python3.12/site-packages/airflow/example_dags/example_xcom.py for tasks to queue
[2025-02-22T17:08:01.634+0000] {logging_mixin.py:190} INFO - [2025-02-22T17:08:01.634+0000] {dagbag.py:588} INFO - Filling up the DagBag from /home/airflow/.local/lib/python3.12/site-packages/airflow/example_dags/example_xcom.py
[2025-02-22T17:08:01.638+0000] {processor.py:925} INFO - DAG(s) 'example_xcom' retrieved from /home/airflow/.local/lib/python3.12/site-packages/airflow/example_dags/example_xcom.py
[2025-02-22T17:08:01.645+0000] {logging_mixin.py:190} INFO - [2025-02-22T17:08:01.645+0000] {dag.py:3239} INFO - Sync 1 DAGs
[2025-02-22T17:08:01.653+0000] {logging_mixin.py:190} INFO - [2025-02-22T17:08:01.653+0000] {dag.py:4180} INFO - Setting next_dagrun for example_xcom to 2021-01-01 00:00:00+00:00, run_after=2021-01-01 00:00:00+00:00
[2025-02-22T17:08:01.659+0000] {processor.py:208} INFO - Processing /home/airflow/.local/lib/python3.12/site-packages/airflow/example_dags/example_xcom.py took 0.029 seconds
[2025-02-22T17:08:32.693+0000] {processor.py:186} INFO - Started process (PID=461) to work on /home/airflow/.local/lib/python3.12/site-packages/airflow/example_dags/example_xcom.py
[2025-02-22T17:08:32.694+0000] {processor.py:914} INFO - Processing file /home/airflow/.local/lib/python3.12/site-packages/airflow/example_dags/example_xcom.py for tasks to queue
[2025-02-22T17:08:32.695+0000] {logging_mixin.py:190} INFO - [2025-02-22T17:08:32.695+0000] {dagbag.py:588} INFO - Filling up the DagBag from /home/airflow/.local/lib/python3.12/site-packages/airflow/example_dags/example_xcom.py
[2025-02-22T17:08:32.699+0000] {processor.py:925} INFO - DAG(s) 'example_xcom' retrieved from /home/airflow/.local/lib/python3.12/site-packages/airflow/example_dags/example_xcom.py
[2025-02-22T17:08:32.707+0000] {logging_mixin.py:190} INFO - [2025-02-22T17:08:32.706+0000] {dag.py:3239} INFO - Sync 1 DAGs
[2025-02-22T17:08:32.715+0000] {logging_mixin.py:190} INFO - [2025-02-22T17:08:32.714+0000] {dag.py:4180} INFO - Setting next_dagrun for example_xcom to 2021-01-01 00:00:00+00:00, run_after=2021-01-01 00:00:00+00:00
[2025-02-22T17:08:32.720+0000] {processor.py:208} INFO - Processing /home/airflow/.local/lib/python3.12/site-packages/airflow/example_dags/example_xcom.py took 0.030 seconds
[2025-02-22T17:09:03.651+0000] {processor.py:186} INFO - Started process (PID=524) to work on /home/airflow/.local/lib/python3.12/site-packages/airflow/example_dags/example_xcom.py
[2025-02-22T17:09:03.652+0000] {processor.py:914} INFO - Processing file /home/airflow/.local/lib/python3.12/site-packages/airflow/example_dags/example_xcom.py for tasks to queue
[2025-02-22T17:09:03.652+0000] {logging_mixin.py:190} INFO - [2025-02-22T17:09:03.652+0000] {dagbag.py:588} INFO - Filling up the DagBag from /home/airflow/.local/lib/python3.12/site-packages/airflow/example_dags/example_xcom.py
[2025-02-22T17:09:03.656+0000] {processor.py:925} INFO - DAG(s) 'example_xcom' retrieved from /home/airflow/.local/lib/python3.12/site-packages/airflow/example_dags/example_xcom.py
[2025-02-22T17:09:03.664+0000] {logging_mixin.py:190} INFO - [2025-02-22T17:09:03.664+0000] {dag.py:3239} INFO - Sync 1 DAGs
[2025-02-22T17:09:03.673+0000] {logging_mixin.py:190} INFO - [2025-02-22T17:09:03.672+0000] {dag.py:4180} INFO - Setting next_dagrun for example_xcom to 2021-01-01 00:00:00+00:00, run_after=2021-01-01 00:00:00+00:00
[2025-02-22T17:09:03.678+0000] {processor.py:208} INFO - Processing /home/airflow/.local/lib/python3.12/site-packages/airflow/example_dags/example_xcom.py took 0.029 seconds
[2025-02-22T17:09:34.682+0000] {processor.py:186} INFO - Started process (PID=587) to work on /home/airflow/.local/lib/python3.12/site-packages/airflow/example_dags/example_xcom.py
[2025-02-22T17:09:34.683+0000] {processor.py:914} INFO - Processing file /home/airflow/.local/lib/python3.12/site-packages/airflow/example_dags/example_xcom.py for tasks to queue
[2025-02-22T17:09:34.684+0000] {logging_mixin.py:190} INFO - [2025-02-22T17:09:34.683+0000] {dagbag.py:588} INFO - Filling up the DagBag from /home/airflow/.local/lib/python3.12/site-packages/airflow/example_dags/example_xcom.py
[2025-02-22T17:09:34.687+0000] {processor.py:925} INFO - DAG(s) 'example_xcom' retrieved from /home/airflow/.local/lib/python3.12/site-packages/airflow/example_dags/example_xcom.py
[2025-02-22T17:09:34.695+0000] {logging_mixin.py:190} INFO - [2025-02-22T17:09:34.695+0000] {dag.py:3239} INFO - Sync 1 DAGs
[2025-02-22T17:09:34.703+0000] {logging_mixin.py:190} INFO - [2025-02-22T17:09:34.703+0000] {dag.py:4180} INFO - Setting next_dagrun for example_xcom to 2021-01-01 00:00:00+00:00, run_after=2021-01-01 00:00:00+00:00
[2025-02-22T17:09:34.708+0000] {processor.py:208} INFO - Processing /home/airflow/.local/lib/python3.12/site-packages/airflow/example_dags/example_xcom.py took 0.028 seconds
[2025-02-22T17:10:05.660+0000] {processor.py:186} INFO - Started process (PID=650) to work on /home/airflow/.local/lib/python3.12/site-packages/airflow/example_dags/example_xcom.py
[2025-02-22T17:10:05.660+0000] {processor.py:914} INFO - Processing file /home/airflow/.local/lib/python3.12/site-packages/airflow/example_dags/example_xcom.py for tasks to queue
[2025-02-22T17:10:05.661+0000] {logging_mixin.py:190} INFO - [2025-02-22T17:10:05.661+0000] {dagbag.py:588} INFO - Filling up the DagBag from /home/airflow/.local/lib/python3.12/site-packages/airflow/example_dags/example_xcom.py
[2025-02-22T17:10:05.667+0000] {processor.py:925} INFO - DAG(s) 'example_xcom' retrieved from /home/airflow/.local/lib/python3.12/site-packages/airflow/example_dags/example_xcom.py
[2025-02-22T17:10:05.674+0000] {logging_mixin.py:190} INFO - [2025-02-22T17:10:05.674+0000] {dag.py:3239} INFO - Sync 1 DAGs
[2025-02-22T17:10:05.682+0000] {logging_mixin.py:190} INFO - [2025-02-22T17:10:05.682+0000] {dag.py:4180} INFO - Setting next_dagrun for example_xcom to 2021-01-01 00:00:00+00:00, run_after=2021-01-01 00:00:00+00:00
[2025-02-22T17:10:05.688+0000] {processor.py:208} INFO - Processing /home/airflow/.local/lib/python3.12/site-packages/airflow/example_dags/example_xcom.py took 0.030 seconds
[2025-02-22T17:10:36.709+0000] {processor.py:186} INFO - Started process (PID=713) to work on /home/airflow/.local/lib/python3.12/site-packages/airflow/example_dags/example_xcom.py
[2025-02-22T17:10:36.709+0000] {processor.py:914} INFO - Processing file /home/airflow/.local/lib/python3.12/site-packages/airflow/example_dags/example_xcom.py for tasks to queue
[2025-02-22T17:10:36.710+0000] {logging_mixin.py:190} INFO - [2025-02-22T17:10:36.710+0000] {dagbag.py:588} INFO - Filling up the DagBag from /home/airflow/.local/lib/python3.12/site-packages/airflow/example_dags/example_xcom.py
[2025-02-22T17:10:36.714+0000] {processor.py:925} INFO - DAG(s) 'example_xcom' retrieved from /home/airflow/.local/lib/python3.12/site-packages/airflow/example_dags/example_xcom.py
[2025-02-22T17:10:36.723+0000] {logging_mixin.py:190} INFO - [2025-02-22T17:10:36.723+0000] {dag.py:3239} INFO - Sync 1 DAGs
[2025-02-22T17:10:36.731+0000] {logging_mixin.py:190} INFO - [2025-02-22T17:10:36.731+0000] {dag.py:4180} INFO - Setting next_dagrun for example_xcom to 2021-01-01 00:00:00+00:00, run_after=2021-01-01 00:00:00+00:00
[2025-02-22T17:10:36.737+0000] {processor.py:208} INFO - Processing /home/airflow/.local/lib/python3.12/site-packages/airflow/example_dags/example_xcom.py took 0.031 seconds
[2025-02-22T17:11:07.693+0000] {processor.py:186} INFO - Started process (PID=776) to work on /home/airflow/.local/lib/python3.12/site-packages/airflow/example_dags/example_xcom.py
[2025-02-22T17:11:07.694+0000] {processor.py:914} INFO - Processing file /home/airflow/.local/lib/python3.12/site-packages/airflow/example_dags/example_xcom.py for tasks to queue
[2025-02-22T17:11:07.695+0000] {logging_mixin.py:190} INFO - [2025-02-22T17:11:07.694+0000] {dagbag.py:588} INFO - Filling up the DagBag from /home/airflow/.local/lib/python3.12/site-packages/airflow/example_dags/example_xcom.py
[2025-02-22T17:11:07.698+0000] {processor.py:925} INFO - DAG(s) 'example_xcom' retrieved from /home/airflow/.local/lib/python3.12/site-packages/airflow/example_dags/example_xcom.py
[2025-02-22T17:11:07.706+0000] {logging_mixin.py:190} INFO - [2025-02-22T17:11:07.705+0000] {dag.py:3239} INFO - Sync 1 DAGs
[2025-02-22T17:11:07.714+0000] {logging_mixin.py:190} INFO - [2025-02-22T17:11:07.714+0000] {dag.py:4180} INFO - Setting next_dagrun for example_xcom to 2021-01-01 00:00:00+00:00, run_after=2021-01-01 00:00:00+00:00
[2025-02-22T17:11:07.720+0000] {processor.py:208} INFO - Processing /home/airflow/.local/lib/python3.12/site-packages/airflow/example_dags/example_xcom.py took 0.029 seconds
[2025-02-22T17:11:38.677+0000] {processor.py:186} INFO - Started process (PID=839) to work on /home/airflow/.local/lib/python3.12/site-packages/airflow/example_dags/example_xcom.py
[2025-02-22T17:11:38.677+0000] {processor.py:914} INFO - Processing file /home/airflow/.local/lib/python3.12/site-packages/airflow/example_dags/example_xcom.py for tasks to queue
[2025-02-22T17:11:38.678+0000] {logging_mixin.py:190} INFO - [2025-02-22T17:11:38.678+0000] {dagbag.py:588} INFO - Filling up the DagBag from /home/airflow/.local/lib/python3.12/site-packages/airflow/example_dags/example_xcom.py
[2025-02-22T17:11:38.681+0000] {processor.py:925} INFO - DAG(s) 'example_xcom' retrieved from /home/airflow/.local/lib/python3.12/site-packages/airflow/example_dags/example_xcom.py
[2025-02-22T17:11:38.689+0000] {logging_mixin.py:190} INFO - [2025-02-22T17:11:38.689+0000] {dag.py:3239} INFO - Sync 1 DAGs
[2025-02-22T17:11:38.697+0000] {logging_mixin.py:190} INFO - [2025-02-22T17:11:38.697+0000] {dag.py:4180} INFO - Setting next_dagrun for example_xcom to 2021-01-01 00:00:00+00:00, run_after=2021-01-01 00:00:00+00:00
[2025-02-22T17:11:38.703+0000] {processor.py:208} INFO - Processing /home/airflow/.local/lib/python3.12/site-packages/airflow/example_dags/example_xcom.py took 0.028 seconds
[2025-02-22T17:12:09.658+0000] {processor.py:186} INFO - Started process (PID=902) to work on /home/airflow/.local/lib/python3.12/site-packages/airflow/example_dags/example_xcom.py
[2025-02-22T17:12:09.661+0000] {processor.py:914} INFO - Processing file /home/airflow/.local/lib/python3.12/site-packages/airflow/example_dags/example_xcom.py for tasks to queue
[2025-02-22T17:12:09.666+0000] {logging_mixin.py:190} INFO - [2025-02-22T17:12:09.665+0000] {dagbag.py:588} INFO - Filling up the DagBag from /home/airflow/.local/lib/python3.12/site-packages/airflow/example_dags/example_xcom.py
[2025-02-22T17:12:09.669+0000] {processor.py:925} INFO - DAG(s) 'example_xcom' retrieved from /home/airflow/.local/lib/python3.12/site-packages/airflow/example_dags/example_xcom.py
[2025-02-22T17:12:09.678+0000] {logging_mixin.py:190} INFO - [2025-02-22T17:12:09.678+0000] {dag.py:3239} INFO - Sync 1 DAGs
[2025-02-22T17:12:09.686+0000] {logging_mixin.py:190} INFO - [2025-02-22T17:12:09.686+0000] {dag.py:4180} INFO - Setting next_dagrun for example_xcom to 2021-01-01 00:00:00+00:00, run_after=2021-01-01 00:00:00+00:00
[2025-02-22T17:12:09.695+0000] {processor.py:208} INFO - Processing /home/airflow/.local/lib/python3.12/site-packages/airflow/example_dags/example_xcom.py took 0.040 seconds
[2025-02-22T17:12:40.725+0000] {processor.py:186} INFO - Started process (PID=965) to work on /home/airflow/.local/lib/python3.12/site-packages/airflow/example_dags/example_xcom.py
[2025-02-22T17:12:40.725+0000] {processor.py:914} INFO - Processing file /home/airflow/.local/lib/python3.12/site-packages/airflow/example_dags/example_xcom.py for tasks to queue
[2025-02-22T17:12:40.729+0000] {logging_mixin.py:190} INFO - [2025-02-22T17:12:40.729+0000] {dagbag.py:588} INFO - Filling up the DagBag from /home/airflow/.local/lib/python3.12/site-packages/airflow/example_dags/example_xcom.py
[2025-02-22T17:12:40.735+0000] {processor.py:925} INFO - DAG(s) 'example_xcom' retrieved from /home/airflow/.local/lib/python3.12/site-packages/airflow/example_dags/example_xcom.py
[2025-02-22T17:12:40.743+0000] {logging_mixin.py:190} INFO - [2025-02-22T17:12:40.743+0000] {dag.py:3239} INFO - Sync 1 DAGs
[2025-02-22T17:12:40.751+0000] {logging_mixin.py:190} INFO - [2025-02-22T17:12:40.751+0000] {dag.py:4180} INFO - Setting next_dagrun for example_xcom to 2021-01-01 00:00:00+00:00, run_after=2021-01-01 00:00:00+00:00
[2025-02-22T17:12:40.758+0000] {processor.py:208} INFO - Processing /home/airflow/.local/lib/python3.12/site-packages/airflow/example_dags/example_xcom.py took 0.035 seconds
[2025-02-22T17:13:11.696+0000] {processor.py:186} INFO - Started process (PID=1028) to work on /home/airflow/.local/lib/python3.12/site-packages/airflow/example_dags/example_xcom.py
[2025-02-22T17:13:11.699+0000] {processor.py:914} INFO - Processing file /home/airflow/.local/lib/python3.12/site-packages/airflow/example_dags/example_xcom.py for tasks to queue
[2025-02-22T17:13:11.702+0000] {logging_mixin.py:190} INFO - [2025-02-22T17:13:11.702+0000] {dagbag.py:588} INFO - Filling up the DagBag from /home/airflow/.local/lib/python3.12/site-packages/airflow/example_dags/example_xcom.py
[2025-02-22T17:13:11.706+0000] {processor.py:925} INFO - DAG(s) 'example_xcom' retrieved from /home/airflow/.local/lib/python3.12/site-packages/airflow/example_dags/example_xcom.py
[2025-02-22T17:13:11.714+0000] {logging_mixin.py:190} INFO - [2025-02-22T17:13:11.714+0000] {dag.py:3239} INFO - Sync 1 DAGs
[2025-02-22T17:13:11.724+0000] {logging_mixin.py:190} INFO - [2025-02-22T17:13:11.724+0000] {dag.py:4180} INFO - Setting next_dagrun for example_xcom to 2021-01-01 00:00:00+00:00, run_after=2021-01-01 00:00:00+00:00
[2025-02-22T17:13:11.733+0000] {processor.py:208} INFO - Processing /home/airflow/.local/lib/python3.12/site-packages/airflow/example_dags/example_xcom.py took 0.039 seconds
[2025-02-22T17:15:55.752+0000] {processor.py:186} INFO - Started process (PID=79) to work on /home/airflow/.local/lib/python3.12/site-packages/airflow/example_dags/example_xcom.py
[2025-02-22T17:15:55.754+0000] {processor.py:914} INFO - Processing file /home/airflow/.local/lib/python3.12/site-packages/airflow/example_dags/example_xcom.py for tasks to queue
[2025-02-22T17:15:55.755+0000] {logging_mixin.py:190} INFO - [2025-02-22T17:15:55.755+0000] {dagbag.py:588} INFO - Filling up the DagBag from /home/airflow/.local/lib/python3.12/site-packages/airflow/example_dags/example_xcom.py
[2025-02-22T17:15:55.759+0000] {processor.py:925} INFO - DAG(s) 'example_xcom' retrieved from /home/airflow/.local/lib/python3.12/site-packages/airflow/example_dags/example_xcom.py
[2025-02-22T17:15:55.768+0000] {logging_mixin.py:190} INFO - [2025-02-22T17:15:55.768+0000] {dag.py:3239} INFO - Sync 1 DAGs
[2025-02-22T17:15:55.776+0000] {logging_mixin.py:190} INFO - [2025-02-22T17:15:55.776+0000] {dag.py:4180} INFO - Setting next_dagrun for example_xcom to 2021-01-01 00:00:00+00:00, run_after=2021-01-01 00:00:00+00:00
[2025-02-22T17:15:55.782+0000] {processor.py:208} INFO - Processing /home/airflow/.local/lib/python3.12/site-packages/airflow/example_dags/example_xcom.py took 0.032 seconds
[2025-02-22T17:16:26.086+0000] {processor.py:186} INFO - Started process (PID=142) to work on /home/airflow/.local/lib/python3.12/site-packages/airflow/example_dags/example_xcom.py
[2025-02-22T17:16:26.087+0000] {processor.py:914} INFO - Processing file /home/airflow/.local/lib/python3.12/site-packages/airflow/example_dags/example_xcom.py for tasks to queue
[2025-02-22T17:16:26.088+0000] {logging_mixin.py:190} INFO - [2025-02-22T17:16:26.088+0000] {dagbag.py:588} INFO - Filling up the DagBag from /home/airflow/.local/lib/python3.12/site-packages/airflow/example_dags/example_xcom.py
[2025-02-22T17:16:26.093+0000] {processor.py:925} INFO - DAG(s) 'example_xcom' retrieved from /home/airflow/.local/lib/python3.12/site-packages/airflow/example_dags/example_xcom.py
[2025-02-22T17:16:26.104+0000] {logging_mixin.py:190} INFO - [2025-02-22T17:16:26.104+0000] {dag.py:3239} INFO - Sync 1 DAGs
[2025-02-22T17:16:26.114+0000] {logging_mixin.py:190} INFO - [2025-02-22T17:16:26.114+0000] {dag.py:4180} INFO - Setting next_dagrun for example_xcom to 2021-01-01 00:00:00+00:00, run_after=2021-01-01 00:00:00+00:00
[2025-02-22T17:16:26.121+0000] {processor.py:208} INFO - Processing /home/airflow/.local/lib/python3.12/site-packages/airflow/example_dags/example_xcom.py took 0.038 seconds
[2025-02-22T17:16:57.158+0000] {processor.py:186} INFO - Started process (PID=205) to work on /home/airflow/.local/lib/python3.12/site-packages/airflow/example_dags/example_xcom.py
[2025-02-22T17:16:57.160+0000] {processor.py:914} INFO - Processing file /home/airflow/.local/lib/python3.12/site-packages/airflow/example_dags/example_xcom.py for tasks to queue
[2025-02-22T17:16:57.161+0000] {logging_mixin.py:190} INFO - [2025-02-22T17:16:57.161+0000] {dagbag.py:588} INFO - Filling up the DagBag from /home/airflow/.local/lib/python3.12/site-packages/airflow/example_dags/example_xcom.py
[2025-02-22T17:16:57.166+0000] {processor.py:925} INFO - DAG(s) 'example_xcom' retrieved from /home/airflow/.local/lib/python3.12/site-packages/airflow/example_dags/example_xcom.py
[2025-02-22T17:16:57.176+0000] {logging_mixin.py:190} INFO - [2025-02-22T17:16:57.175+0000] {dag.py:3239} INFO - Sync 1 DAGs
[2025-02-22T17:16:57.185+0000] {logging_mixin.py:190} INFO - [2025-02-22T17:16:57.184+0000] {dag.py:4180} INFO - Setting next_dagrun for example_xcom to 2021-01-01 00:00:00+00:00, run_after=2021-01-01 00:00:00+00:00
[2025-02-22T17:16:57.193+0000] {processor.py:208} INFO - Processing /home/airflow/.local/lib/python3.12/site-packages/airflow/example_dags/example_xcom.py took 0.037 seconds
[2025-02-22T17:17:28.358+0000] {processor.py:186} INFO - Started process (PID=274) to work on /home/airflow/.local/lib/python3.12/site-packages/airflow/example_dags/example_xcom.py
[2025-02-22T17:17:28.359+0000] {processor.py:914} INFO - Processing file /home/airflow/.local/lib/python3.12/site-packages/airflow/example_dags/example_xcom.py for tasks to queue
[2025-02-22T17:17:28.360+0000] {logging_mixin.py:190} INFO - [2025-02-22T17:17:28.359+0000] {dagbag.py:588} INFO - Filling up the DagBag from /home/airflow/.local/lib/python3.12/site-packages/airflow/example_dags/example_xcom.py
[2025-02-22T17:17:28.364+0000] {processor.py:925} INFO - DAG(s) 'example_xcom' retrieved from /home/airflow/.local/lib/python3.12/site-packages/airflow/example_dags/example_xcom.py
[2025-02-22T17:17:28.376+0000] {logging_mixin.py:190} INFO - [2025-02-22T17:17:28.376+0000] {dag.py:3239} INFO - Sync 1 DAGs
[2025-02-22T17:17:28.392+0000] {logging_mixin.py:190} INFO - [2025-02-22T17:17:28.391+0000] {dag.py:4180} INFO - Setting next_dagrun for example_xcom to 2021-01-01 00:00:00+00:00, run_after=2021-01-01 00:00:00+00:00
[2025-02-22T17:17:28.403+0000] {processor.py:208} INFO - Processing /home/airflow/.local/lib/python3.12/site-packages/airflow/example_dags/example_xcom.py took 0.047 seconds
[2025-02-22T17:17:58.677+0000] {processor.py:186} INFO - Started process (PID=337) to work on /home/airflow/.local/lib/python3.12/site-packages/airflow/example_dags/example_xcom.py
[2025-02-22T17:17:58.678+0000] {processor.py:914} INFO - Processing file /home/airflow/.local/lib/python3.12/site-packages/airflow/example_dags/example_xcom.py for tasks to queue
[2025-02-22T17:17:58.679+0000] {logging_mixin.py:190} INFO - [2025-02-22T17:17:58.679+0000] {dagbag.py:588} INFO - Filling up the DagBag from /home/airflow/.local/lib/python3.12/site-packages/airflow/example_dags/example_xcom.py
[2025-02-22T17:17:58.683+0000] {processor.py:925} INFO - DAG(s) 'example_xcom' retrieved from /home/airflow/.local/lib/python3.12/site-packages/airflow/example_dags/example_xcom.py
[2025-02-22T17:17:58.691+0000] {logging_mixin.py:190} INFO - [2025-02-22T17:17:58.691+0000] {dag.py:3239} INFO - Sync 1 DAGs
[2025-02-22T17:17:58.700+0000] {logging_mixin.py:190} INFO - [2025-02-22T17:17:58.700+0000] {dag.py:4180} INFO - Setting next_dagrun for example_xcom to 2021-01-01 00:00:00+00:00, run_after=2021-01-01 00:00:00+00:00
[2025-02-22T17:17:58.706+0000] {processor.py:208} INFO - Processing /home/airflow/.local/lib/python3.12/site-packages/airflow/example_dags/example_xcom.py took 0.032 seconds
[2025-02-22T17:18:29.722+0000] {processor.py:186} INFO - Started process (PID=400) to work on /home/airflow/.local/lib/python3.12/site-packages/airflow/example_dags/example_xcom.py
[2025-02-22T17:18:29.725+0000] {processor.py:914} INFO - Processing file /home/airflow/.local/lib/python3.12/site-packages/airflow/example_dags/example_xcom.py for tasks to queue
[2025-02-22T17:18:29.727+0000] {logging_mixin.py:190} INFO - [2025-02-22T17:18:29.727+0000] {dagbag.py:588} INFO - Filling up the DagBag from /home/airflow/.local/lib/python3.12/site-packages/airflow/example_dags/example_xcom.py
[2025-02-22T17:18:29.731+0000] {processor.py:925} INFO - DAG(s) 'example_xcom' retrieved from /home/airflow/.local/lib/python3.12/site-packages/airflow/example_dags/example_xcom.py
[2025-02-22T17:18:29.739+0000] {logging_mixin.py:190} INFO - [2025-02-22T17:18:29.739+0000] {dag.py:3239} INFO - Sync 1 DAGs
[2025-02-22T17:18:29.747+0000] {logging_mixin.py:190} INFO - [2025-02-22T17:18:29.747+0000] {dag.py:4180} INFO - Setting next_dagrun for example_xcom to 2021-01-01 00:00:00+00:00, run_after=2021-01-01 00:00:00+00:00
[2025-02-22T17:18:29.754+0000] {processor.py:208} INFO - Processing /home/airflow/.local/lib/python3.12/site-packages/airflow/example_dags/example_xcom.py took 0.034 seconds
[2025-02-22T17:19:00.931+0000] {processor.py:186} INFO - Started process (PID=463) to work on /home/airflow/.local/lib/python3.12/site-packages/airflow/example_dags/example_xcom.py
[2025-02-22T17:19:00.932+0000] {processor.py:914} INFO - Processing file /home/airflow/.local/lib/python3.12/site-packages/airflow/example_dags/example_xcom.py for tasks to queue
[2025-02-22T17:19:00.932+0000] {logging_mixin.py:190} INFO - [2025-02-22T17:19:00.932+0000] {dagbag.py:588} INFO - Filling up the DagBag from /home/airflow/.local/lib/python3.12/site-packages/airflow/example_dags/example_xcom.py
[2025-02-22T17:19:00.936+0000] {processor.py:925} INFO - DAG(s) 'example_xcom' retrieved from /home/airflow/.local/lib/python3.12/site-packages/airflow/example_dags/example_xcom.py
[2025-02-22T17:19:00.943+0000] {logging_mixin.py:190} INFO - [2025-02-22T17:19:00.943+0000] {dag.py:3239} INFO - Sync 1 DAGs
[2025-02-22T17:19:00.951+0000] {logging_mixin.py:190} INFO - [2025-02-22T17:19:00.951+0000] {dag.py:4180} INFO - Setting next_dagrun for example_xcom to 2021-01-01 00:00:00+00:00, run_after=2021-01-01 00:00:00+00:00
[2025-02-22T17:19:00.957+0000] {processor.py:208} INFO - Processing /home/airflow/.local/lib/python3.12/site-packages/airflow/example_dags/example_xcom.py took 0.028 seconds
[2025-02-22T17:19:32.009+0000] {processor.py:186} INFO - Started process (PID=526) to work on /home/airflow/.local/lib/python3.12/site-packages/airflow/example_dags/example_xcom.py
[2025-02-22T17:19:32.009+0000] {processor.py:914} INFO - Processing file /home/airflow/.local/lib/python3.12/site-packages/airflow/example_dags/example_xcom.py for tasks to queue
[2025-02-22T17:19:32.010+0000] {logging_mixin.py:190} INFO - [2025-02-22T17:19:32.010+0000] {dagbag.py:588} INFO - Filling up the DagBag from /home/airflow/.local/lib/python3.12/site-packages/airflow/example_dags/example_xcom.py
[2025-02-22T17:19:32.013+0000] {processor.py:925} INFO - DAG(s) 'example_xcom' retrieved from /home/airflow/.local/lib/python3.12/site-packages/airflow/example_dags/example_xcom.py
[2025-02-22T17:19:32.023+0000] {logging_mixin.py:190} INFO - [2025-02-22T17:19:32.023+0000] {dag.py:3239} INFO - Sync 1 DAGs
[2025-02-22T17:19:32.031+0000] {logging_mixin.py:190} INFO - [2025-02-22T17:19:32.031+0000] {dag.py:4180} INFO - Setting next_dagrun for example_xcom to 2021-01-01 00:00:00+00:00, run_after=2021-01-01 00:00:00+00:00
[2025-02-22T17:19:32.038+0000] {processor.py:208} INFO - Processing /home/airflow/.local/lib/python3.12/site-packages/airflow/example_dags/example_xcom.py took 0.031 seconds
[2025-02-22T17:20:03.200+0000] {processor.py:186} INFO - Started process (PID=589) to work on /home/airflow/.local/lib/python3.12/site-packages/airflow/example_dags/example_xcom.py
[2025-02-22T17:20:03.200+0000] {processor.py:914} INFO - Processing file /home/airflow/.local/lib/python3.12/site-packages/airflow/example_dags/example_xcom.py for tasks to queue
[2025-02-22T17:20:03.201+0000] {logging_mixin.py:190} INFO - [2025-02-22T17:20:03.201+0000] {dagbag.py:588} INFO - Filling up the DagBag from /home/airflow/.local/lib/python3.12/site-packages/airflow/example_dags/example_xcom.py
[2025-02-22T17:20:03.205+0000] {processor.py:925} INFO - DAG(s) 'example_xcom' retrieved from /home/airflow/.local/lib/python3.12/site-packages/airflow/example_dags/example_xcom.py
[2025-02-22T17:20:03.213+0000] {logging_mixin.py:190} INFO - [2025-02-22T17:20:03.213+0000] {dag.py:3239} INFO - Sync 1 DAGs
[2025-02-22T17:20:03.221+0000] {logging_mixin.py:190} INFO - [2025-02-22T17:20:03.221+0000] {dag.py:4180} INFO - Setting next_dagrun for example_xcom to 2021-01-01 00:00:00+00:00, run_after=2021-01-01 00:00:00+00:00
[2025-02-22T17:20:03.226+0000] {processor.py:208} INFO - Processing /home/airflow/.local/lib/python3.12/site-packages/airflow/example_dags/example_xcom.py took 0.028 seconds
[2025-02-22T17:20:34.309+0000] {processor.py:186} INFO - Started process (PID=651) to work on /home/airflow/.local/lib/python3.12/site-packages/airflow/example_dags/example_xcom.py
[2025-02-22T17:20:34.312+0000] {processor.py:914} INFO - Processing file /home/airflow/.local/lib/python3.12/site-packages/airflow/example_dags/example_xcom.py for tasks to queue
[2025-02-22T17:20:34.314+0000] {logging_mixin.py:190} INFO - [2025-02-22T17:20:34.313+0000] {dagbag.py:588} INFO - Filling up the DagBag from /home/airflow/.local/lib/python3.12/site-packages/airflow/example_dags/example_xcom.py
[2025-02-22T17:20:34.317+0000] {processor.py:925} INFO - DAG(s) 'example_xcom' retrieved from /home/airflow/.local/lib/python3.12/site-packages/airflow/example_dags/example_xcom.py
[2025-02-22T17:20:34.325+0000] {logging_mixin.py:190} INFO - [2025-02-22T17:20:34.325+0000] {dag.py:3239} INFO - Sync 1 DAGs
[2025-02-22T17:20:34.332+0000] {logging_mixin.py:190} INFO - [2025-02-22T17:20:34.332+0000] {dag.py:4180} INFO - Setting next_dagrun for example_xcom to 2021-01-01 00:00:00+00:00, run_after=2021-01-01 00:00:00+00:00
[2025-02-22T17:20:34.338+0000] {processor.py:208} INFO - Processing /home/airflow/.local/lib/python3.12/site-packages/airflow/example_dags/example_xcom.py took 0.031 seconds
[2025-02-22T17:21:05.505+0000] {processor.py:186} INFO - Started process (PID=714) to work on /home/airflow/.local/lib/python3.12/site-packages/airflow/example_dags/example_xcom.py
[2025-02-22T17:21:05.506+0000] {processor.py:914} INFO - Processing file /home/airflow/.local/lib/python3.12/site-packages/airflow/example_dags/example_xcom.py for tasks to queue
[2025-02-22T17:21:05.509+0000] {logging_mixin.py:190} INFO - [2025-02-22T17:21:05.509+0000] {dagbag.py:588} INFO - Filling up the DagBag from /home/airflow/.local/lib/python3.12/site-packages/airflow/example_dags/example_xcom.py
[2025-02-22T17:21:05.513+0000] {processor.py:925} INFO - DAG(s) 'example_xcom' retrieved from /home/airflow/.local/lib/python3.12/site-packages/airflow/example_dags/example_xcom.py
[2025-02-22T17:21:05.521+0000] {logging_mixin.py:190} INFO - [2025-02-22T17:21:05.521+0000] {dag.py:3239} INFO - Sync 1 DAGs
[2025-02-22T17:21:05.530+0000] {logging_mixin.py:190} INFO - [2025-02-22T17:21:05.530+0000] {dag.py:4180} INFO - Setting next_dagrun for example_xcom to 2021-01-01 00:00:00+00:00, run_after=2021-01-01 00:00:00+00:00
[2025-02-22T17:21:05.537+0000] {processor.py:208} INFO - Processing /home/airflow/.local/lib/python3.12/site-packages/airflow/example_dags/example_xcom.py took 0.034 seconds
[2025-02-22T17:21:36.726+0000] {processor.py:186} INFO - Started process (PID=777) to work on /home/airflow/.local/lib/python3.12/site-packages/airflow/example_dags/example_xcom.py
[2025-02-22T17:21:36.729+0000] {processor.py:914} INFO - Processing file /home/airflow/.local/lib/python3.12/site-packages/airflow/example_dags/example_xcom.py for tasks to queue
[2025-02-22T17:21:36.731+0000] {logging_mixin.py:190} INFO - [2025-02-22T17:21:36.731+0000] {dagbag.py:588} INFO - Filling up the DagBag from /home/airflow/.local/lib/python3.12/site-packages/airflow/example_dags/example_xcom.py
[2025-02-22T17:21:36.735+0000] {processor.py:925} INFO - DAG(s) 'example_xcom' retrieved from /home/airflow/.local/lib/python3.12/site-packages/airflow/example_dags/example_xcom.py
[2025-02-22T17:21:36.744+0000] {logging_mixin.py:190} INFO - [2025-02-22T17:21:36.744+0000] {dag.py:3239} INFO - Sync 1 DAGs
[2025-02-22T17:21:36.752+0000] {logging_mixin.py:190} INFO - [2025-02-22T17:21:36.752+0000] {dag.py:4180} INFO - Setting next_dagrun for example_xcom to 2021-01-01 00:00:00+00:00, run_after=2021-01-01 00:00:00+00:00
[2025-02-22T17:21:36.758+0000] {processor.py:208} INFO - Processing /home/airflow/.local/lib/python3.12/site-packages/airflow/example_dags/example_xcom.py took 0.034 seconds
[2025-02-22T17:22:08.001+0000] {processor.py:186} INFO - Started process (PID=840) to work on /home/airflow/.local/lib/python3.12/site-packages/airflow/example_dags/example_xcom.py
[2025-02-22T17:22:08.001+0000] {processor.py:914} INFO - Processing file /home/airflow/.local/lib/python3.12/site-packages/airflow/example_dags/example_xcom.py for tasks to queue
[2025-02-22T17:22:08.002+0000] {logging_mixin.py:190} INFO - [2025-02-22T17:22:08.002+0000] {dagbag.py:588} INFO - Filling up the DagBag from /home/airflow/.local/lib/python3.12/site-packages/airflow/example_dags/example_xcom.py
[2025-02-22T17:22:08.006+0000] {processor.py:925} INFO - DAG(s) 'example_xcom' retrieved from /home/airflow/.local/lib/python3.12/site-packages/airflow/example_dags/example_xcom.py
[2025-02-22T17:22:08.013+0000] {logging_mixin.py:190} INFO - [2025-02-22T17:22:08.013+0000] {dag.py:3239} INFO - Sync 1 DAGs
[2025-02-22T17:22:08.021+0000] {logging_mixin.py:190} INFO - [2025-02-22T17:22:08.021+0000] {dag.py:4180} INFO - Setting next_dagrun for example_xcom to 2021-01-01 00:00:00+00:00, run_after=2021-01-01 00:00:00+00:00
[2025-02-22T17:22:08.031+0000] {processor.py:208} INFO - Processing /home/airflow/.local/lib/python3.12/site-packages/airflow/example_dags/example_xcom.py took 0.032 seconds
[2025-02-22T17:22:39.258+0000] {processor.py:186} INFO - Started process (PID=903) to work on /home/airflow/.local/lib/python3.12/site-packages/airflow/example_dags/example_xcom.py
[2025-02-22T17:22:39.258+0000] {processor.py:914} INFO - Processing file /home/airflow/.local/lib/python3.12/site-packages/airflow/example_dags/example_xcom.py for tasks to queue
[2025-02-22T17:22:39.259+0000] {logging_mixin.py:190} INFO - [2025-02-22T17:22:39.259+0000] {dagbag.py:588} INFO - Filling up the DagBag from /home/airflow/.local/lib/python3.12/site-packages/airflow/example_dags/example_xcom.py
[2025-02-22T17:22:39.263+0000] {processor.py:925} INFO - DAG(s) 'example_xcom' retrieved from /home/airflow/.local/lib/python3.12/site-packages/airflow/example_dags/example_xcom.py
[2025-02-22T17:22:39.272+0000] {logging_mixin.py:190} INFO - [2025-02-22T17:22:39.272+0000] {dag.py:3239} INFO - Sync 1 DAGs
[2025-02-22T17:22:39.282+0000] {logging_mixin.py:190} INFO - [2025-02-22T17:22:39.282+0000] {dag.py:4180} INFO - Setting next_dagrun for example_xcom to 2021-01-01 00:00:00+00:00, run_after=2021-01-01 00:00:00+00:00
[2025-02-22T17:22:39.288+0000] {processor.py:208} INFO - Processing /home/airflow/.local/lib/python3.12/site-packages/airflow/example_dags/example_xcom.py took 0.032 seconds
[2025-02-22T17:23:10.487+0000] {processor.py:186} INFO - Started process (PID=966) to work on /home/airflow/.local/lib/python3.12/site-packages/airflow/example_dags/example_xcom.py
[2025-02-22T17:23:10.487+0000] {processor.py:914} INFO - Processing file /home/airflow/.local/lib/python3.12/site-packages/airflow/example_dags/example_xcom.py for tasks to queue
[2025-02-22T17:23:10.488+0000] {logging_mixin.py:190} INFO - [2025-02-22T17:23:10.488+0000] {dagbag.py:588} INFO - Filling up the DagBag from /home/airflow/.local/lib/python3.12/site-packages/airflow/example_dags/example_xcom.py
[2025-02-22T17:23:10.492+0000] {processor.py:925} INFO - DAG(s) 'example_xcom' retrieved from /home/airflow/.local/lib/python3.12/site-packages/airflow/example_dags/example_xcom.py
[2025-02-22T17:23:10.501+0000] {logging_mixin.py:190} INFO - [2025-02-22T17:23:10.501+0000] {dag.py:3239} INFO - Sync 1 DAGs
[2025-02-22T17:23:10.509+0000] {logging_mixin.py:190} INFO - [2025-02-22T17:23:10.509+0000] {dag.py:4180} INFO - Setting next_dagrun for example_xcom to 2021-01-01 00:00:00+00:00, run_after=2021-01-01 00:00:00+00:00
[2025-02-22T17:23:10.515+0000] {processor.py:208} INFO - Processing /home/airflow/.local/lib/python3.12/site-packages/airflow/example_dags/example_xcom.py took 0.031 seconds
[2025-02-22T17:23:41.792+0000] {processor.py:186} INFO - Started process (PID=1029) to work on /home/airflow/.local/lib/python3.12/site-packages/airflow/example_dags/example_xcom.py
[2025-02-22T17:23:41.792+0000] {processor.py:914} INFO - Processing file /home/airflow/.local/lib/python3.12/site-packages/airflow/example_dags/example_xcom.py for tasks to queue
[2025-02-22T17:23:41.793+0000] {logging_mixin.py:190} INFO - [2025-02-22T17:23:41.793+0000] {dagbag.py:588} INFO - Filling up the DagBag from /home/airflow/.local/lib/python3.12/site-packages/airflow/example_dags/example_xcom.py
[2025-02-22T17:23:41.797+0000] {processor.py:925} INFO - DAG(s) 'example_xcom' retrieved from /home/airflow/.local/lib/python3.12/site-packages/airflow/example_dags/example_xcom.py
[2025-02-22T17:23:41.806+0000] {logging_mixin.py:190} INFO - [2025-02-22T17:23:41.806+0000] {dag.py:3239} INFO - Sync 1 DAGs
[2025-02-22T17:23:41.818+0000] {logging_mixin.py:190} INFO - [2025-02-22T17:23:41.818+0000] {dag.py:4180} INFO - Setting next_dagrun for example_xcom to 2021-01-01 00:00:00+00:00, run_after=2021-01-01 00:00:00+00:00
[2025-02-22T17:23:41.827+0000] {processor.py:208} INFO - Processing /home/airflow/.local/lib/python3.12/site-packages/airflow/example_dags/example_xcom.py took 0.038 seconds
[2025-02-22T17:24:12.986+0000] {processor.py:186} INFO - Started process (PID=1092) to work on /home/airflow/.local/lib/python3.12/site-packages/airflow/example_dags/example_xcom.py
[2025-02-22T17:24:12.986+0000] {processor.py:914} INFO - Processing file /home/airflow/.local/lib/python3.12/site-packages/airflow/example_dags/example_xcom.py for tasks to queue
[2025-02-22T17:24:12.990+0000] {logging_mixin.py:190} INFO - [2025-02-22T17:24:12.990+0000] {dagbag.py:588} INFO - Filling up the DagBag from /home/airflow/.local/lib/python3.12/site-packages/airflow/example_dags/example_xcom.py
[2025-02-22T17:24:12.995+0000] {processor.py:925} INFO - DAG(s) 'example_xcom' retrieved from /home/airflow/.local/lib/python3.12/site-packages/airflow/example_dags/example_xcom.py
[2025-02-22T17:24:13.007+0000] {logging_mixin.py:190} INFO - [2025-02-22T17:24:13.007+0000] {dag.py:3239} INFO - Sync 1 DAGs
[2025-02-22T17:24:13.015+0000] {logging_mixin.py:190} INFO - [2025-02-22T17:24:13.015+0000] {dag.py:4180} INFO - Setting next_dagrun for example_xcom to 2021-01-01 00:00:00+00:00, run_after=2021-01-01 00:00:00+00:00
[2025-02-22T17:24:13.022+0000] {processor.py:208} INFO - Processing /home/airflow/.local/lib/python3.12/site-packages/airflow/example_dags/example_xcom.py took 0.038 seconds
[2025-02-22T17:24:44.221+0000] {processor.py:186} INFO - Started process (PID=1154) to work on /home/airflow/.local/lib/python3.12/site-packages/airflow/example_dags/example_xcom.py
[2025-02-22T17:24:44.224+0000] {processor.py:914} INFO - Processing file /home/airflow/.local/lib/python3.12/site-packages/airflow/example_dags/example_xcom.py for tasks to queue
[2025-02-22T17:24:44.225+0000] {logging_mixin.py:190} INFO - [2025-02-22T17:24:44.225+0000] {dagbag.py:588} INFO - Filling up the DagBag from /home/airflow/.local/lib/python3.12/site-packages/airflow/example_dags/example_xcom.py
[2025-02-22T17:24:44.230+0000] {processor.py:925} INFO - DAG(s) 'example_xcom' retrieved from /home/airflow/.local/lib/python3.12/site-packages/airflow/example_dags/example_xcom.py
[2025-02-22T17:24:44.244+0000] {logging_mixin.py:190} INFO - [2025-02-22T17:24:44.244+0000] {dag.py:3239} INFO - Sync 1 DAGs
[2025-02-22T17:24:44.254+0000] {logging_mixin.py:190} INFO - [2025-02-22T17:24:44.254+0000] {dag.py:4180} INFO - Setting next_dagrun for example_xcom to 2021-01-01 00:00:00+00:00, run_after=2021-01-01 00:00:00+00:00
[2025-02-22T17:24:44.261+0000] {processor.py:208} INFO - Processing /home/airflow/.local/lib/python3.12/site-packages/airflow/example_dags/example_xcom.py took 0.042 seconds
[2025-02-22T17:25:15.477+0000] {processor.py:186} INFO - Started process (PID=1217) to work on /home/airflow/.local/lib/python3.12/site-packages/airflow/example_dags/example_xcom.py
[2025-02-22T17:25:15.478+0000] {processor.py:914} INFO - Processing file /home/airflow/.local/lib/python3.12/site-packages/airflow/example_dags/example_xcom.py for tasks to queue
[2025-02-22T17:25:15.479+0000] {logging_mixin.py:190} INFO - [2025-02-22T17:25:15.479+0000] {dagbag.py:588} INFO - Filling up the DagBag from /home/airflow/.local/lib/python3.12/site-packages/airflow/example_dags/example_xcom.py
[2025-02-22T17:25:15.483+0000] {processor.py:925} INFO - DAG(s) 'example_xcom' retrieved from /home/airflow/.local/lib/python3.12/site-packages/airflow/example_dags/example_xcom.py
[2025-02-22T17:25:15.492+0000] {logging_mixin.py:190} INFO - [2025-02-22T17:25:15.492+0000] {dag.py:3239} INFO - Sync 1 DAGs
[2025-02-22T17:25:15.502+0000] {logging_mixin.py:190} INFO - [2025-02-22T17:25:15.502+0000] {dag.py:4180} INFO - Setting next_dagrun for example_xcom to 2021-01-01 00:00:00+00:00, run_after=2021-01-01 00:00:00+00:00
[2025-02-22T17:25:15.510+0000] {processor.py:208} INFO - Processing /home/airflow/.local/lib/python3.12/site-packages/airflow/example_dags/example_xcom.py took 0.035 seconds
[2025-02-22T17:25:46.776+0000] {processor.py:186} INFO - Started process (PID=1280) to work on /home/airflow/.local/lib/python3.12/site-packages/airflow/example_dags/example_xcom.py
[2025-02-22T17:25:46.776+0000] {processor.py:914} INFO - Processing file /home/airflow/.local/lib/python3.12/site-packages/airflow/example_dags/example_xcom.py for tasks to queue
[2025-02-22T17:25:46.777+0000] {logging_mixin.py:190} INFO - [2025-02-22T17:25:46.777+0000] {dagbag.py:588} INFO - Filling up the DagBag from /home/airflow/.local/lib/python3.12/site-packages/airflow/example_dags/example_xcom.py
[2025-02-22T17:25:46.781+0000] {processor.py:925} INFO - DAG(s) 'example_xcom' retrieved from /home/airflow/.local/lib/python3.12/site-packages/airflow/example_dags/example_xcom.py
[2025-02-22T17:25:46.791+0000] {logging_mixin.py:190} INFO - [2025-02-22T17:25:46.791+0000] {dag.py:3239} INFO - Sync 1 DAGs
[2025-02-22T17:25:46.800+0000] {logging_mixin.py:190} INFO - [2025-02-22T17:25:46.800+0000] {dag.py:4180} INFO - Setting next_dagrun for example_xcom to 2021-01-01 00:00:00+00:00, run_after=2021-01-01 00:00:00+00:00
[2025-02-22T17:25:46.808+0000] {processor.py:208} INFO - Processing /home/airflow/.local/lib/python3.12/site-packages/airflow/example_dags/example_xcom.py took 0.034 seconds
[2025-02-22T17:26:17.022+0000] {processor.py:186} INFO - Started process (PID=1343) to work on /home/airflow/.local/lib/python3.12/site-packages/airflow/example_dags/example_xcom.py
[2025-02-22T17:26:17.022+0000] {processor.py:914} INFO - Processing file /home/airflow/.local/lib/python3.12/site-packages/airflow/example_dags/example_xcom.py for tasks to queue
[2025-02-22T17:26:17.023+0000] {logging_mixin.py:190} INFO - [2025-02-22T17:26:17.023+0000] {dagbag.py:588} INFO - Filling up the DagBag from /home/airflow/.local/lib/python3.12/site-packages/airflow/example_dags/example_xcom.py
[2025-02-22T17:26:17.026+0000] {processor.py:925} INFO - DAG(s) 'example_xcom' retrieved from /home/airflow/.local/lib/python3.12/site-packages/airflow/example_dags/example_xcom.py
[2025-02-22T17:26:17.033+0000] {logging_mixin.py:190} INFO - [2025-02-22T17:26:17.033+0000] {dag.py:3239} INFO - Sync 1 DAGs
[2025-02-22T17:26:17.040+0000] {logging_mixin.py:190} INFO - [2025-02-22T17:26:17.040+0000] {dag.py:4180} INFO - Setting next_dagrun for example_xcom to 2021-01-01 00:00:00+00:00, run_after=2021-01-01 00:00:00+00:00
[2025-02-22T17:26:17.045+0000] {processor.py:208} INFO - Processing /home/airflow/.local/lib/python3.12/site-packages/airflow/example_dags/example_xcom.py took 0.025 seconds
