[2025-02-22T17:05:27.763+0000] {processor.py:186} INFO - Started process (PID=86) to work on /home/airflow/.local/lib/python3.12/site-packages/airflow/example_dags/example_dag_decorator.py
[2025-02-22T17:05:27.765+0000] {processor.py:914} INFO - Processing file /home/airflow/.local/lib/python3.12/site-packages/airflow/example_dags/example_dag_decorator.py for tasks to queue
[2025-02-22T17:05:27.767+0000] {logging_mixin.py:190} INFO - [2025-02-22T17:05:27.767+0000] {dagbag.py:588} INFO - Filling up the DagBag from /home/airflow/.local/lib/python3.12/site-packages/airflow/example_dags/example_dag_decorator.py
[2025-02-22T17:05:27.924+0000] {processor.py:925} INFO - DAG(s) 'example_dag_decorator' retrieved from /home/airflow/.local/lib/python3.12/site-packages/airflow/example_dags/example_dag_decorator.py
[2025-02-22T17:05:27.967+0000] {logging_mixin.py:190} INFO - [2025-02-22T17:05:27.967+0000] {override.py:1912} INFO - Created Permission View: can edit on DAG:example_dag_decorator
[2025-02-22T17:05:27.971+0000] {logging_mixin.py:190} INFO - [2025-02-22T17:05:27.971+0000] {override.py:1912} INFO - Created Permission View: can delete on DAG:example_dag_decorator
[2025-02-22T17:05:27.973+0000] {logging_mixin.py:190} INFO - [2025-02-22T17:05:27.973+0000] {override.py:1912} INFO - Created Permission View: can read on DAG:example_dag_decorator
[2025-02-22T17:05:27.975+0000] {logging_mixin.py:190} INFO - [2025-02-22T17:05:27.975+0000] {override.py:1912} INFO - Created Permission View: menu access on DAG Run:example_dag_decorator
[2025-02-22T17:05:27.976+0000] {logging_mixin.py:190} INFO - [2025-02-22T17:05:27.976+0000] {override.py:1912} INFO - Created Permission View: can create on DAG Run:example_dag_decorator
[2025-02-22T17:05:27.978+0000] {logging_mixin.py:190} INFO - [2025-02-22T17:05:27.978+0000] {override.py:1912} INFO - Created Permission View: can delete on DAG Run:example_dag_decorator
[2025-02-22T17:05:27.980+0000] {logging_mixin.py:190} INFO - [2025-02-22T17:05:27.979+0000] {override.py:1912} INFO - Created Permission View: can read on DAG Run:example_dag_decorator
[2025-02-22T17:05:27.980+0000] {logging_mixin.py:190} INFO - [2025-02-22T17:05:27.980+0000] {dag.py:3239} INFO - Sync 1 DAGs
[2025-02-22T17:05:27.984+0000] {logging_mixin.py:190} INFO - [2025-02-22T17:05:27.984+0000] {dag.py:3262} INFO - Creating ORM DAG for example_dag_decorator
[2025-02-22T17:05:27.985+0000] {logging_mixin.py:190} INFO - [2025-02-22T17:05:27.985+0000] {dag.py:4180} INFO - Setting next_dagrun for example_dag_decorator to None, run_after=None
[2025-02-22T17:05:27.990+0000] {processor.py:208} INFO - Processing /home/airflow/.local/lib/python3.12/site-packages/airflow/example_dags/example_dag_decorator.py took 0.230 seconds
[2025-02-22T17:05:58.174+0000] {processor.py:186} INFO - Started process (PID=149) to work on /home/airflow/.local/lib/python3.12/site-packages/airflow/example_dags/example_dag_decorator.py
[2025-02-22T17:05:58.177+0000] {processor.py:914} INFO - Processing file /home/airflow/.local/lib/python3.12/site-packages/airflow/example_dags/example_dag_decorator.py for tasks to queue
[2025-02-22T17:05:58.181+0000] {logging_mixin.py:190} INFO - [2025-02-22T17:05:58.181+0000] {dagbag.py:588} INFO - Filling up the DagBag from /home/airflow/.local/lib/python3.12/site-packages/airflow/example_dags/example_dag_decorator.py
[2025-02-22T17:05:58.216+0000] {processor.py:925} INFO - DAG(s) 'example_dag_decorator' retrieved from /home/airflow/.local/lib/python3.12/site-packages/airflow/example_dags/example_dag_decorator.py
[2025-02-22T17:05:58.254+0000] {logging_mixin.py:190} INFO - [2025-02-22T17:05:58.254+0000] {dag.py:3239} INFO - Sync 1 DAGs
[2025-02-22T17:05:58.259+0000] {logging_mixin.py:190} INFO - [2025-02-22T17:05:58.259+0000] {dag.py:4180} INFO - Setting next_dagrun for example_dag_decorator to None, run_after=None
[2025-02-22T17:05:58.265+0000] {processor.py:208} INFO - Processing /home/airflow/.local/lib/python3.12/site-packages/airflow/example_dags/example_dag_decorator.py took 0.093 seconds
[2025-02-22T17:06:28.460+0000] {processor.py:186} INFO - Started process (PID=212) to work on /home/airflow/.local/lib/python3.12/site-packages/airflow/example_dags/example_dag_decorator.py
[2025-02-22T17:06:28.464+0000] {processor.py:914} INFO - Processing file /home/airflow/.local/lib/python3.12/site-packages/airflow/example_dags/example_dag_decorator.py for tasks to queue
[2025-02-22T17:06:28.466+0000] {logging_mixin.py:190} INFO - [2025-02-22T17:06:28.466+0000] {dagbag.py:588} INFO - Filling up the DagBag from /home/airflow/.local/lib/python3.12/site-packages/airflow/example_dags/example_dag_decorator.py
[2025-02-22T17:06:28.503+0000] {processor.py:925} INFO - DAG(s) 'example_dag_decorator' retrieved from /home/airflow/.local/lib/python3.12/site-packages/airflow/example_dags/example_dag_decorator.py
[2025-02-22T17:06:28.546+0000] {logging_mixin.py:190} INFO - [2025-02-22T17:06:28.546+0000] {dag.py:3239} INFO - Sync 1 DAGs
[2025-02-22T17:06:28.550+0000] {logging_mixin.py:190} INFO - [2025-02-22T17:06:28.550+0000] {dag.py:4180} INFO - Setting next_dagrun for example_dag_decorator to None, run_after=None
[2025-02-22T17:06:28.557+0000] {processor.py:208} INFO - Processing /home/airflow/.local/lib/python3.12/site-packages/airflow/example_dags/example_dag_decorator.py took 0.099 seconds
[2025-02-22T17:06:59.417+0000] {processor.py:186} INFO - Started process (PID=274) to work on /home/airflow/.local/lib/python3.12/site-packages/airflow/example_dags/example_dag_decorator.py
[2025-02-22T17:06:59.418+0000] {processor.py:914} INFO - Processing file /home/airflow/.local/lib/python3.12/site-packages/airflow/example_dags/example_dag_decorator.py for tasks to queue
[2025-02-22T17:06:59.419+0000] {logging_mixin.py:190} INFO - [2025-02-22T17:06:59.418+0000] {dagbag.py:588} INFO - Filling up the DagBag from /home/airflow/.local/lib/python3.12/site-packages/airflow/example_dags/example_dag_decorator.py
[2025-02-22T17:06:59.452+0000] {processor.py:925} INFO - DAG(s) 'example_dag_decorator' retrieved from /home/airflow/.local/lib/python3.12/site-packages/airflow/example_dags/example_dag_decorator.py
[2025-02-22T17:06:59.490+0000] {logging_mixin.py:190} INFO - [2025-02-22T17:06:59.490+0000] {dag.py:3239} INFO - Sync 1 DAGs
[2025-02-22T17:06:59.493+0000] {logging_mixin.py:190} INFO - [2025-02-22T17:06:59.493+0000] {dag.py:4180} INFO - Setting next_dagrun for example_dag_decorator to None, run_after=None
[2025-02-22T17:06:59.501+0000] {processor.py:208} INFO - Processing /home/airflow/.local/lib/python3.12/site-packages/airflow/example_dags/example_dag_decorator.py took 0.086 seconds
[2025-02-22T17:07:30.593+0000] {processor.py:186} INFO - Started process (PID=337) to work on /home/airflow/.local/lib/python3.12/site-packages/airflow/example_dags/example_dag_decorator.py
[2025-02-22T17:07:30.593+0000] {processor.py:914} INFO - Processing file /home/airflow/.local/lib/python3.12/site-packages/airflow/example_dags/example_dag_decorator.py for tasks to queue
[2025-02-22T17:07:30.594+0000] {logging_mixin.py:190} INFO - [2025-02-22T17:07:30.594+0000] {dagbag.py:588} INFO - Filling up the DagBag from /home/airflow/.local/lib/python3.12/site-packages/airflow/example_dags/example_dag_decorator.py
[2025-02-22T17:07:30.629+0000] {processor.py:925} INFO - DAG(s) 'example_dag_decorator' retrieved from /home/airflow/.local/lib/python3.12/site-packages/airflow/example_dags/example_dag_decorator.py
[2025-02-22T17:07:30.667+0000] {logging_mixin.py:190} INFO - [2025-02-22T17:07:30.667+0000] {dag.py:3239} INFO - Sync 1 DAGs
[2025-02-22T17:07:30.670+0000] {logging_mixin.py:190} INFO - [2025-02-22T17:07:30.670+0000] {dag.py:4180} INFO - Setting next_dagrun for example_dag_decorator to None, run_after=None
[2025-02-22T17:07:30.676+0000] {processor.py:208} INFO - Processing /home/airflow/.local/lib/python3.12/site-packages/airflow/example_dags/example_dag_decorator.py took 0.085 seconds
[2025-02-22T17:08:01.641+0000] {processor.py:186} INFO - Started process (PID=399) to work on /home/airflow/.local/lib/python3.12/site-packages/airflow/example_dags/example_dag_decorator.py
[2025-02-22T17:08:01.641+0000] {processor.py:914} INFO - Processing file /home/airflow/.local/lib/python3.12/site-packages/airflow/example_dags/example_dag_decorator.py for tasks to queue
[2025-02-22T17:08:01.642+0000] {logging_mixin.py:190} INFO - [2025-02-22T17:08:01.642+0000] {dagbag.py:588} INFO - Filling up the DagBag from /home/airflow/.local/lib/python3.12/site-packages/airflow/example_dags/example_dag_decorator.py
[2025-02-22T17:08:01.676+0000] {processor.py:925} INFO - DAG(s) 'example_dag_decorator' retrieved from /home/airflow/.local/lib/python3.12/site-packages/airflow/example_dags/example_dag_decorator.py
[2025-02-22T17:08:01.713+0000] {logging_mixin.py:190} INFO - [2025-02-22T17:08:01.713+0000] {dag.py:3239} INFO - Sync 1 DAGs
[2025-02-22T17:08:01.718+0000] {logging_mixin.py:190} INFO - [2025-02-22T17:08:01.718+0000] {dag.py:4180} INFO - Setting next_dagrun for example_dag_decorator to None, run_after=None
[2025-02-22T17:08:01.724+0000] {processor.py:208} INFO - Processing /home/airflow/.local/lib/python3.12/site-packages/airflow/example_dags/example_dag_decorator.py took 0.085 seconds
[2025-02-22T17:08:32.699+0000] {processor.py:186} INFO - Started process (PID=462) to work on /home/airflow/.local/lib/python3.12/site-packages/airflow/example_dags/example_dag_decorator.py
[2025-02-22T17:08:32.699+0000] {processor.py:914} INFO - Processing file /home/airflow/.local/lib/python3.12/site-packages/airflow/example_dags/example_dag_decorator.py for tasks to queue
[2025-02-22T17:08:32.701+0000] {logging_mixin.py:190} INFO - [2025-02-22T17:08:32.700+0000] {dagbag.py:588} INFO - Filling up the DagBag from /home/airflow/.local/lib/python3.12/site-packages/airflow/example_dags/example_dag_decorator.py
[2025-02-22T17:08:32.735+0000] {processor.py:925} INFO - DAG(s) 'example_dag_decorator' retrieved from /home/airflow/.local/lib/python3.12/site-packages/airflow/example_dags/example_dag_decorator.py
[2025-02-22T17:08:32.773+0000] {logging_mixin.py:190} INFO - [2025-02-22T17:08:32.773+0000] {dag.py:3239} INFO - Sync 1 DAGs
[2025-02-22T17:08:32.777+0000] {logging_mixin.py:190} INFO - [2025-02-22T17:08:32.777+0000] {dag.py:4180} INFO - Setting next_dagrun for example_dag_decorator to None, run_after=None
[2025-02-22T17:08:32.785+0000] {processor.py:208} INFO - Processing /home/airflow/.local/lib/python3.12/site-packages/airflow/example_dags/example_dag_decorator.py took 0.088 seconds
[2025-02-22T17:09:03.674+0000] {processor.py:186} INFO - Started process (PID=525) to work on /home/airflow/.local/lib/python3.12/site-packages/airflow/example_dags/example_dag_decorator.py
[2025-02-22T17:09:03.674+0000] {processor.py:914} INFO - Processing file /home/airflow/.local/lib/python3.12/site-packages/airflow/example_dags/example_dag_decorator.py for tasks to queue
[2025-02-22T17:09:03.675+0000] {logging_mixin.py:190} INFO - [2025-02-22T17:09:03.675+0000] {dagbag.py:588} INFO - Filling up the DagBag from /home/airflow/.local/lib/python3.12/site-packages/airflow/example_dags/example_dag_decorator.py
[2025-02-22T17:09:03.710+0000] {processor.py:925} INFO - DAG(s) 'example_dag_decorator' retrieved from /home/airflow/.local/lib/python3.12/site-packages/airflow/example_dags/example_dag_decorator.py
[2025-02-22T17:09:03.749+0000] {logging_mixin.py:190} INFO - [2025-02-22T17:09:03.749+0000] {dag.py:3239} INFO - Sync 1 DAGs
[2025-02-22T17:09:03.752+0000] {logging_mixin.py:190} INFO - [2025-02-22T17:09:03.752+0000] {dag.py:4180} INFO - Setting next_dagrun for example_dag_decorator to None, run_after=None
[2025-02-22T17:09:03.758+0000] {processor.py:208} INFO - Processing /home/airflow/.local/lib/python3.12/site-packages/airflow/example_dags/example_dag_decorator.py took 0.087 seconds
[2025-02-22T17:09:34.705+0000] {processor.py:186} INFO - Started process (PID=588) to work on /home/airflow/.local/lib/python3.12/site-packages/airflow/example_dags/example_dag_decorator.py
[2025-02-22T17:09:34.706+0000] {processor.py:914} INFO - Processing file /home/airflow/.local/lib/python3.12/site-packages/airflow/example_dags/example_dag_decorator.py for tasks to queue
[2025-02-22T17:09:34.707+0000] {logging_mixin.py:190} INFO - [2025-02-22T17:09:34.707+0000] {dagbag.py:588} INFO - Filling up the DagBag from /home/airflow/.local/lib/python3.12/site-packages/airflow/example_dags/example_dag_decorator.py
[2025-02-22T17:09:34.742+0000] {processor.py:925} INFO - DAG(s) 'example_dag_decorator' retrieved from /home/airflow/.local/lib/python3.12/site-packages/airflow/example_dags/example_dag_decorator.py
[2025-02-22T17:09:34.780+0000] {logging_mixin.py:190} INFO - [2025-02-22T17:09:34.779+0000] {dag.py:3239} INFO - Sync 1 DAGs
[2025-02-22T17:09:34.784+0000] {logging_mixin.py:190} INFO - [2025-02-22T17:09:34.784+0000] {dag.py:4180} INFO - Setting next_dagrun for example_dag_decorator to None, run_after=None
[2025-02-22T17:09:34.790+0000] {processor.py:208} INFO - Processing /home/airflow/.local/lib/python3.12/site-packages/airflow/example_dags/example_dag_decorator.py took 0.087 seconds
[2025-02-22T17:10:05.671+0000] {processor.py:186} INFO - Started process (PID=651) to work on /home/airflow/.local/lib/python3.12/site-packages/airflow/example_dags/example_dag_decorator.py
[2025-02-22T17:10:05.674+0000] {processor.py:914} INFO - Processing file /home/airflow/.local/lib/python3.12/site-packages/airflow/example_dags/example_dag_decorator.py for tasks to queue
[2025-02-22T17:10:05.675+0000] {logging_mixin.py:190} INFO - [2025-02-22T17:10:05.675+0000] {dagbag.py:588} INFO - Filling up the DagBag from /home/airflow/.local/lib/python3.12/site-packages/airflow/example_dags/example_dag_decorator.py
[2025-02-22T17:10:05.709+0000] {processor.py:925} INFO - DAG(s) 'example_dag_decorator' retrieved from /home/airflow/.local/lib/python3.12/site-packages/airflow/example_dags/example_dag_decorator.py
[2025-02-22T17:10:05.747+0000] {logging_mixin.py:190} INFO - [2025-02-22T17:10:05.747+0000] {dag.py:3239} INFO - Sync 1 DAGs
[2025-02-22T17:10:05.751+0000] {logging_mixin.py:190} INFO - [2025-02-22T17:10:05.751+0000] {dag.py:4180} INFO - Setting next_dagrun for example_dag_decorator to None, run_after=None
[2025-02-22T17:10:05.757+0000] {processor.py:208} INFO - Processing /home/airflow/.local/lib/python3.12/site-packages/airflow/example_dags/example_dag_decorator.py took 0.089 seconds
[2025-02-22T17:10:36.723+0000] {processor.py:186} INFO - Started process (PID=714) to work on /home/airflow/.local/lib/python3.12/site-packages/airflow/example_dags/example_dag_decorator.py
[2025-02-22T17:10:36.726+0000] {processor.py:914} INFO - Processing file /home/airflow/.local/lib/python3.12/site-packages/airflow/example_dags/example_dag_decorator.py for tasks to queue
[2025-02-22T17:10:36.728+0000] {logging_mixin.py:190} INFO - [2025-02-22T17:10:36.727+0000] {dagbag.py:588} INFO - Filling up the DagBag from /home/airflow/.local/lib/python3.12/site-packages/airflow/example_dags/example_dag_decorator.py
[2025-02-22T17:10:36.763+0000] {processor.py:925} INFO - DAG(s) 'example_dag_decorator' retrieved from /home/airflow/.local/lib/python3.12/site-packages/airflow/example_dags/example_dag_decorator.py
[2025-02-22T17:10:36.801+0000] {logging_mixin.py:190} INFO - [2025-02-22T17:10:36.801+0000] {dag.py:3239} INFO - Sync 1 DAGs
[2025-02-22T17:10:36.805+0000] {logging_mixin.py:190} INFO - [2025-02-22T17:10:36.804+0000] {dag.py:4180} INFO - Setting next_dagrun for example_dag_decorator to None, run_after=None
[2025-02-22T17:10:36.810+0000] {processor.py:208} INFO - Processing /home/airflow/.local/lib/python3.12/site-packages/airflow/example_dags/example_dag_decorator.py took 0.089 seconds
[2025-02-22T17:11:07.718+0000] {processor.py:186} INFO - Started process (PID=777) to work on /home/airflow/.local/lib/python3.12/site-packages/airflow/example_dags/example_dag_decorator.py
[2025-02-22T17:11:07.719+0000] {processor.py:914} INFO - Processing file /home/airflow/.local/lib/python3.12/site-packages/airflow/example_dags/example_dag_decorator.py for tasks to queue
[2025-02-22T17:11:07.720+0000] {logging_mixin.py:190} INFO - [2025-02-22T17:11:07.719+0000] {dagbag.py:588} INFO - Filling up the DagBag from /home/airflow/.local/lib/python3.12/site-packages/airflow/example_dags/example_dag_decorator.py
[2025-02-22T17:11:07.754+0000] {processor.py:925} INFO - DAG(s) 'example_dag_decorator' retrieved from /home/airflow/.local/lib/python3.12/site-packages/airflow/example_dags/example_dag_decorator.py
[2025-02-22T17:11:07.792+0000] {logging_mixin.py:190} INFO - [2025-02-22T17:11:07.792+0000] {dag.py:3239} INFO - Sync 1 DAGs
[2025-02-22T17:11:07.795+0000] {logging_mixin.py:190} INFO - [2025-02-22T17:11:07.795+0000] {dag.py:4180} INFO - Setting next_dagrun for example_dag_decorator to None, run_after=None
[2025-02-22T17:11:07.801+0000] {processor.py:208} INFO - Processing /home/airflow/.local/lib/python3.12/site-packages/airflow/example_dags/example_dag_decorator.py took 0.085 seconds
[2025-02-22T17:11:38.700+0000] {processor.py:186} INFO - Started process (PID=840) to work on /home/airflow/.local/lib/python3.12/site-packages/airflow/example_dags/example_dag_decorator.py
[2025-02-22T17:11:38.701+0000] {processor.py:914} INFO - Processing file /home/airflow/.local/lib/python3.12/site-packages/airflow/example_dags/example_dag_decorator.py for tasks to queue
[2025-02-22T17:11:38.702+0000] {logging_mixin.py:190} INFO - [2025-02-22T17:11:38.701+0000] {dagbag.py:588} INFO - Filling up the DagBag from /home/airflow/.local/lib/python3.12/site-packages/airflow/example_dags/example_dag_decorator.py
[2025-02-22T17:11:38.736+0000] {processor.py:925} INFO - DAG(s) 'example_dag_decorator' retrieved from /home/airflow/.local/lib/python3.12/site-packages/airflow/example_dags/example_dag_decorator.py
[2025-02-22T17:11:38.774+0000] {logging_mixin.py:190} INFO - [2025-02-22T17:11:38.774+0000] {dag.py:3239} INFO - Sync 1 DAGs
[2025-02-22T17:11:38.778+0000] {logging_mixin.py:190} INFO - [2025-02-22T17:11:38.778+0000] {dag.py:4180} INFO - Setting next_dagrun for example_dag_decorator to None, run_after=None
[2025-02-22T17:11:38.785+0000] {processor.py:208} INFO - Processing /home/airflow/.local/lib/python3.12/site-packages/airflow/example_dags/example_dag_decorator.py took 0.087 seconds
[2025-02-22T17:12:09.683+0000] {processor.py:186} INFO - Started process (PID=903) to work on /home/airflow/.local/lib/python3.12/site-packages/airflow/example_dags/example_dag_decorator.py
[2025-02-22T17:12:09.685+0000] {processor.py:914} INFO - Processing file /home/airflow/.local/lib/python3.12/site-packages/airflow/example_dags/example_dag_decorator.py for tasks to queue
[2025-02-22T17:12:09.686+0000] {logging_mixin.py:190} INFO - [2025-02-22T17:12:09.686+0000] {dagbag.py:588} INFO - Filling up the DagBag from /home/airflow/.local/lib/python3.12/site-packages/airflow/example_dags/example_dag_decorator.py
[2025-02-22T17:12:09.722+0000] {processor.py:925} INFO - DAG(s) 'example_dag_decorator' retrieved from /home/airflow/.local/lib/python3.12/site-packages/airflow/example_dags/example_dag_decorator.py
[2025-02-22T17:12:09.761+0000] {logging_mixin.py:190} INFO - [2025-02-22T17:12:09.761+0000] {dag.py:3239} INFO - Sync 1 DAGs
[2025-02-22T17:12:09.765+0000] {logging_mixin.py:190} INFO - [2025-02-22T17:12:09.765+0000] {dag.py:4180} INFO - Setting next_dagrun for example_dag_decorator to None, run_after=None
[2025-02-22T17:12:09.770+0000] {processor.py:208} INFO - Processing /home/airflow/.local/lib/python3.12/site-packages/airflow/example_dags/example_dag_decorator.py took 0.089 seconds
[2025-02-22T17:12:40.749+0000] {processor.py:186} INFO - Started process (PID=966) to work on /home/airflow/.local/lib/python3.12/site-packages/airflow/example_dags/example_dag_decorator.py
[2025-02-22T17:12:40.750+0000] {processor.py:914} INFO - Processing file /home/airflow/.local/lib/python3.12/site-packages/airflow/example_dags/example_dag_decorator.py for tasks to queue
[2025-02-22T17:12:40.751+0000] {logging_mixin.py:190} INFO - [2025-02-22T17:12:40.751+0000] {dagbag.py:588} INFO - Filling up the DagBag from /home/airflow/.local/lib/python3.12/site-packages/airflow/example_dags/example_dag_decorator.py
[2025-02-22T17:12:40.788+0000] {processor.py:925} INFO - DAG(s) 'example_dag_decorator' retrieved from /home/airflow/.local/lib/python3.12/site-packages/airflow/example_dags/example_dag_decorator.py
[2025-02-22T17:12:40.826+0000] {logging_mixin.py:190} INFO - [2025-02-22T17:12:40.826+0000] {dag.py:3239} INFO - Sync 1 DAGs
[2025-02-22T17:12:40.830+0000] {logging_mixin.py:190} INFO - [2025-02-22T17:12:40.830+0000] {dag.py:4180} INFO - Setting next_dagrun for example_dag_decorator to None, run_after=None
[2025-02-22T17:12:40.835+0000] {processor.py:208} INFO - Processing /home/airflow/.local/lib/python3.12/site-packages/airflow/example_dags/example_dag_decorator.py took 0.089 seconds
[2025-02-22T17:13:11.719+0000] {processor.py:186} INFO - Started process (PID=1029) to work on /home/airflow/.local/lib/python3.12/site-packages/airflow/example_dags/example_dag_decorator.py
[2025-02-22T17:13:11.719+0000] {processor.py:914} INFO - Processing file /home/airflow/.local/lib/python3.12/site-packages/airflow/example_dags/example_dag_decorator.py for tasks to queue
[2025-02-22T17:13:11.720+0000] {logging_mixin.py:190} INFO - [2025-02-22T17:13:11.720+0000] {dagbag.py:588} INFO - Filling up the DagBag from /home/airflow/.local/lib/python3.12/site-packages/airflow/example_dags/example_dag_decorator.py
[2025-02-22T17:13:11.755+0000] {processor.py:925} INFO - DAG(s) 'example_dag_decorator' retrieved from /home/airflow/.local/lib/python3.12/site-packages/airflow/example_dags/example_dag_decorator.py
[2025-02-22T17:13:11.792+0000] {logging_mixin.py:190} INFO - [2025-02-22T17:13:11.791+0000] {dag.py:3239} INFO - Sync 1 DAGs
[2025-02-22T17:13:11.795+0000] {logging_mixin.py:190} INFO - [2025-02-22T17:13:11.795+0000] {dag.py:4180} INFO - Setting next_dagrun for example_dag_decorator to None, run_after=None
[2025-02-22T17:13:11.801+0000] {processor.py:208} INFO - Processing /home/airflow/.local/lib/python3.12/site-packages/airflow/example_dags/example_dag_decorator.py took 0.085 seconds
[2025-02-22T17:15:55.782+0000] {processor.py:186} INFO - Started process (PID=80) to work on /home/airflow/.local/lib/python3.12/site-packages/airflow/example_dags/example_dag_decorator.py
[2025-02-22T17:15:55.785+0000] {processor.py:914} INFO - Processing file /home/airflow/.local/lib/python3.12/site-packages/airflow/example_dags/example_dag_decorator.py for tasks to queue
[2025-02-22T17:15:55.786+0000] {logging_mixin.py:190} INFO - [2025-02-22T17:15:55.786+0000] {dagbag.py:588} INFO - Filling up the DagBag from /home/airflow/.local/lib/python3.12/site-packages/airflow/example_dags/example_dag_decorator.py
[2025-02-22T17:15:55.824+0000] {processor.py:925} INFO - DAG(s) 'example_dag_decorator' retrieved from /home/airflow/.local/lib/python3.12/site-packages/airflow/example_dags/example_dag_decorator.py
[2025-02-22T17:15:55.864+0000] {logging_mixin.py:190} INFO - [2025-02-22T17:15:55.863+0000] {dag.py:3239} INFO - Sync 1 DAGs
[2025-02-22T17:15:55.868+0000] {logging_mixin.py:190} INFO - [2025-02-22T17:15:55.868+0000] {dag.py:4180} INFO - Setting next_dagrun for example_dag_decorator to None, run_after=None
[2025-02-22T17:15:55.875+0000] {processor.py:208} INFO - Processing /home/airflow/.local/lib/python3.12/site-packages/airflow/example_dags/example_dag_decorator.py took 0.094 seconds
[2025-02-22T17:16:26.097+0000] {processor.py:186} INFO - Started process (PID=143) to work on /home/airflow/.local/lib/python3.12/site-packages/airflow/example_dags/example_dag_decorator.py
[2025-02-22T17:16:26.098+0000] {processor.py:914} INFO - Processing file /home/airflow/.local/lib/python3.12/site-packages/airflow/example_dags/example_dag_decorator.py for tasks to queue
[2025-02-22T17:16:26.099+0000] {logging_mixin.py:190} INFO - [2025-02-22T17:16:26.099+0000] {dagbag.py:588} INFO - Filling up the DagBag from /home/airflow/.local/lib/python3.12/site-packages/airflow/example_dags/example_dag_decorator.py
[2025-02-22T17:16:26.143+0000] {processor.py:925} INFO - DAG(s) 'example_dag_decorator' retrieved from /home/airflow/.local/lib/python3.12/site-packages/airflow/example_dags/example_dag_decorator.py
[2025-02-22T17:16:26.186+0000] {logging_mixin.py:190} INFO - [2025-02-22T17:16:26.185+0000] {dag.py:3239} INFO - Sync 1 DAGs
[2025-02-22T17:16:26.193+0000] {logging_mixin.py:190} INFO - [2025-02-22T17:16:26.192+0000] {dag.py:4180} INFO - Setting next_dagrun for example_dag_decorator to None, run_after=None
[2025-02-22T17:16:26.199+0000] {processor.py:208} INFO - Processing /home/airflow/.local/lib/python3.12/site-packages/airflow/example_dags/example_dag_decorator.py took 0.104 seconds
[2025-02-22T17:16:57.200+0000] {processor.py:186} INFO - Started process (PID=206) to work on /home/airflow/.local/lib/python3.12/site-packages/airflow/example_dags/example_dag_decorator.py
[2025-02-22T17:16:57.200+0000] {processor.py:914} INFO - Processing file /home/airflow/.local/lib/python3.12/site-packages/airflow/example_dags/example_dag_decorator.py for tasks to queue
[2025-02-22T17:16:57.201+0000] {logging_mixin.py:190} INFO - [2025-02-22T17:16:57.201+0000] {dagbag.py:588} INFO - Filling up the DagBag from /home/airflow/.local/lib/python3.12/site-packages/airflow/example_dags/example_dag_decorator.py
[2025-02-22T17:16:57.239+0000] {processor.py:925} INFO - DAG(s) 'example_dag_decorator' retrieved from /home/airflow/.local/lib/python3.12/site-packages/airflow/example_dags/example_dag_decorator.py
[2025-02-22T17:16:57.280+0000] {logging_mixin.py:190} INFO - [2025-02-22T17:16:57.279+0000] {dag.py:3239} INFO - Sync 1 DAGs
[2025-02-22T17:16:57.285+0000] {logging_mixin.py:190} INFO - [2025-02-22T17:16:57.285+0000] {dag.py:4180} INFO - Setting next_dagrun for example_dag_decorator to None, run_after=None
[2025-02-22T17:16:57.292+0000] {processor.py:208} INFO - Processing /home/airflow/.local/lib/python3.12/site-packages/airflow/example_dags/example_dag_decorator.py took 0.095 seconds
[2025-02-22T17:17:28.366+0000] {processor.py:186} INFO - Started process (PID=275) to work on /home/airflow/.local/lib/python3.12/site-packages/airflow/example_dags/example_dag_decorator.py
[2025-02-22T17:17:28.367+0000] {processor.py:914} INFO - Processing file /home/airflow/.local/lib/python3.12/site-packages/airflow/example_dags/example_dag_decorator.py for tasks to queue
[2025-02-22T17:17:28.368+0000] {logging_mixin.py:190} INFO - [2025-02-22T17:17:28.368+0000] {dagbag.py:588} INFO - Filling up the DagBag from /home/airflow/.local/lib/python3.12/site-packages/airflow/example_dags/example_dag_decorator.py
[2025-02-22T17:17:28.409+0000] {processor.py:925} INFO - DAG(s) 'example_dag_decorator' retrieved from /home/airflow/.local/lib/python3.12/site-packages/airflow/example_dags/example_dag_decorator.py
[2025-02-22T17:17:28.451+0000] {logging_mixin.py:190} INFO - [2025-02-22T17:17:28.451+0000] {dag.py:3239} INFO - Sync 1 DAGs
[2025-02-22T17:17:28.456+0000] {logging_mixin.py:190} INFO - [2025-02-22T17:17:28.456+0000] {dag.py:4180} INFO - Setting next_dagrun for example_dag_decorator to None, run_after=None
[2025-02-22T17:17:28.465+0000] {processor.py:208} INFO - Processing /home/airflow/.local/lib/python3.12/site-packages/airflow/example_dags/example_dag_decorator.py took 0.102 seconds
[2025-02-22T17:17:58.687+0000] {processor.py:186} INFO - Started process (PID=338) to work on /home/airflow/.local/lib/python3.12/site-packages/airflow/example_dags/example_dag_decorator.py
[2025-02-22T17:17:58.687+0000] {processor.py:914} INFO - Processing file /home/airflow/.local/lib/python3.12/site-packages/airflow/example_dags/example_dag_decorator.py for tasks to queue
[2025-02-22T17:17:58.688+0000] {logging_mixin.py:190} INFO - [2025-02-22T17:17:58.688+0000] {dagbag.py:588} INFO - Filling up the DagBag from /home/airflow/.local/lib/python3.12/site-packages/airflow/example_dags/example_dag_decorator.py
[2025-02-22T17:17:58.724+0000] {processor.py:925} INFO - DAG(s) 'example_dag_decorator' retrieved from /home/airflow/.local/lib/python3.12/site-packages/airflow/example_dags/example_dag_decorator.py
[2025-02-22T17:17:58.768+0000] {logging_mixin.py:190} INFO - [2025-02-22T17:17:58.768+0000] {dag.py:3239} INFO - Sync 1 DAGs
[2025-02-22T17:17:58.773+0000] {logging_mixin.py:190} INFO - [2025-02-22T17:17:58.773+0000] {dag.py:4180} INFO - Setting next_dagrun for example_dag_decorator to None, run_after=None
[2025-02-22T17:17:58.783+0000] {processor.py:208} INFO - Processing /home/airflow/.local/lib/python3.12/site-packages/airflow/example_dags/example_dag_decorator.py took 0.098 seconds
[2025-02-22T17:18:29.759+0000] {processor.py:186} INFO - Started process (PID=401) to work on /home/airflow/.local/lib/python3.12/site-packages/airflow/example_dags/example_dag_decorator.py
[2025-02-22T17:18:29.759+0000] {processor.py:914} INFO - Processing file /home/airflow/.local/lib/python3.12/site-packages/airflow/example_dags/example_dag_decorator.py for tasks to queue
[2025-02-22T17:18:29.760+0000] {logging_mixin.py:190} INFO - [2025-02-22T17:18:29.760+0000] {dagbag.py:588} INFO - Filling up the DagBag from /home/airflow/.local/lib/python3.12/site-packages/airflow/example_dags/example_dag_decorator.py
[2025-02-22T17:18:29.791+0000] {processor.py:925} INFO - DAG(s) 'example_dag_decorator' retrieved from /home/airflow/.local/lib/python3.12/site-packages/airflow/example_dags/example_dag_decorator.py
[2025-02-22T17:18:29.825+0000] {logging_mixin.py:190} INFO - [2025-02-22T17:18:29.825+0000] {dag.py:3239} INFO - Sync 1 DAGs
[2025-02-22T17:18:29.829+0000] {logging_mixin.py:190} INFO - [2025-02-22T17:18:29.829+0000] {dag.py:4180} INFO - Setting next_dagrun for example_dag_decorator to None, run_after=None
[2025-02-22T17:18:29.835+0000] {processor.py:208} INFO - Processing /home/airflow/.local/lib/python3.12/site-packages/airflow/example_dags/example_dag_decorator.py took 0.078 seconds
[2025-02-22T17:19:00.959+0000] {processor.py:186} INFO - Started process (PID=464) to work on /home/airflow/.local/lib/python3.12/site-packages/airflow/example_dags/example_dag_decorator.py
[2025-02-22T17:19:00.959+0000] {processor.py:914} INFO - Processing file /home/airflow/.local/lib/python3.12/site-packages/airflow/example_dags/example_dag_decorator.py for tasks to queue
[2025-02-22T17:19:00.960+0000] {logging_mixin.py:190} INFO - [2025-02-22T17:19:00.960+0000] {dagbag.py:588} INFO - Filling up the DagBag from /home/airflow/.local/lib/python3.12/site-packages/airflow/example_dags/example_dag_decorator.py
[2025-02-22T17:19:00.994+0000] {processor.py:925} INFO - DAG(s) 'example_dag_decorator' retrieved from /home/airflow/.local/lib/python3.12/site-packages/airflow/example_dags/example_dag_decorator.py
[2025-02-22T17:19:01.030+0000] {logging_mixin.py:190} INFO - [2025-02-22T17:19:01.029+0000] {dag.py:3239} INFO - Sync 1 DAGs
[2025-02-22T17:19:01.034+0000] {logging_mixin.py:190} INFO - [2025-02-22T17:19:01.034+0000] {dag.py:4180} INFO - Setting next_dagrun for example_dag_decorator to None, run_after=None
[2025-02-22T17:19:01.040+0000] {processor.py:208} INFO - Processing /home/airflow/.local/lib/python3.12/site-packages/airflow/example_dags/example_dag_decorator.py took 0.083 seconds
[2025-02-22T17:19:32.012+0000] {processor.py:186} INFO - Started process (PID=527) to work on /home/airflow/.local/lib/python3.12/site-packages/airflow/example_dags/example_dag_decorator.py
[2025-02-22T17:19:32.013+0000] {processor.py:914} INFO - Processing file /home/airflow/.local/lib/python3.12/site-packages/airflow/example_dags/example_dag_decorator.py for tasks to queue
[2025-02-22T17:19:32.015+0000] {logging_mixin.py:190} INFO - [2025-02-22T17:19:32.015+0000] {dagbag.py:588} INFO - Filling up the DagBag from /home/airflow/.local/lib/python3.12/site-packages/airflow/example_dags/example_dag_decorator.py
[2025-02-22T17:19:32.050+0000] {processor.py:925} INFO - DAG(s) 'example_dag_decorator' retrieved from /home/airflow/.local/lib/python3.12/site-packages/airflow/example_dags/example_dag_decorator.py
[2025-02-22T17:19:32.088+0000] {logging_mixin.py:190} INFO - [2025-02-22T17:19:32.088+0000] {dag.py:3239} INFO - Sync 1 DAGs
[2025-02-22T17:19:32.095+0000] {logging_mixin.py:190} INFO - [2025-02-22T17:19:32.095+0000] {dag.py:4180} INFO - Setting next_dagrun for example_dag_decorator to None, run_after=None
[2025-02-22T17:19:32.101+0000] {processor.py:208} INFO - Processing /home/airflow/.local/lib/python3.12/site-packages/airflow/example_dags/example_dag_decorator.py took 0.091 seconds
[2025-02-22T17:20:03.208+0000] {processor.py:186} INFO - Started process (PID=590) to work on /home/airflow/.local/lib/python3.12/site-packages/airflow/example_dags/example_dag_decorator.py
[2025-02-22T17:20:03.209+0000] {processor.py:914} INFO - Processing file /home/airflow/.local/lib/python3.12/site-packages/airflow/example_dags/example_dag_decorator.py for tasks to queue
[2025-02-22T17:20:03.210+0000] {logging_mixin.py:190} INFO - [2025-02-22T17:20:03.210+0000] {dagbag.py:588} INFO - Filling up the DagBag from /home/airflow/.local/lib/python3.12/site-packages/airflow/example_dags/example_dag_decorator.py
[2025-02-22T17:20:03.244+0000] {processor.py:925} INFO - DAG(s) 'example_dag_decorator' retrieved from /home/airflow/.local/lib/python3.12/site-packages/airflow/example_dags/example_dag_decorator.py
[2025-02-22T17:20:03.283+0000] {logging_mixin.py:190} INFO - [2025-02-22T17:20:03.283+0000] {dag.py:3239} INFO - Sync 1 DAGs
[2025-02-22T17:20:03.288+0000] {logging_mixin.py:190} INFO - [2025-02-22T17:20:03.288+0000] {dag.py:4180} INFO - Setting next_dagrun for example_dag_decorator to None, run_after=None
[2025-02-22T17:20:03.294+0000] {processor.py:208} INFO - Processing /home/airflow/.local/lib/python3.12/site-packages/airflow/example_dags/example_dag_decorator.py took 0.088 seconds
[2025-02-22T17:20:34.344+0000] {processor.py:186} INFO - Started process (PID=652) to work on /home/airflow/.local/lib/python3.12/site-packages/airflow/example_dags/example_dag_decorator.py
[2025-02-22T17:20:34.344+0000] {processor.py:914} INFO - Processing file /home/airflow/.local/lib/python3.12/site-packages/airflow/example_dags/example_dag_decorator.py for tasks to queue
[2025-02-22T17:20:34.345+0000] {logging_mixin.py:190} INFO - [2025-02-22T17:20:34.345+0000] {dagbag.py:588} INFO - Filling up the DagBag from /home/airflow/.local/lib/python3.12/site-packages/airflow/example_dags/example_dag_decorator.py
[2025-02-22T17:20:34.378+0000] {processor.py:925} INFO - DAG(s) 'example_dag_decorator' retrieved from /home/airflow/.local/lib/python3.12/site-packages/airflow/example_dags/example_dag_decorator.py
[2025-02-22T17:20:34.415+0000] {logging_mixin.py:190} INFO - [2025-02-22T17:20:34.415+0000] {dag.py:3239} INFO - Sync 1 DAGs
[2025-02-22T17:20:34.419+0000] {logging_mixin.py:190} INFO - [2025-02-22T17:20:34.419+0000] {dag.py:4180} INFO - Setting next_dagrun for example_dag_decorator to None, run_after=None
[2025-02-22T17:20:34.426+0000] {processor.py:208} INFO - Processing /home/airflow/.local/lib/python3.12/site-packages/airflow/example_dags/example_dag_decorator.py took 0.084 seconds
[2025-02-22T17:21:05.543+0000] {processor.py:186} INFO - Started process (PID=715) to work on /home/airflow/.local/lib/python3.12/site-packages/airflow/example_dags/example_dag_decorator.py
[2025-02-22T17:21:05.543+0000] {processor.py:914} INFO - Processing file /home/airflow/.local/lib/python3.12/site-packages/airflow/example_dags/example_dag_decorator.py for tasks to queue
[2025-02-22T17:21:05.544+0000] {logging_mixin.py:190} INFO - [2025-02-22T17:21:05.544+0000] {dagbag.py:588} INFO - Filling up the DagBag from /home/airflow/.local/lib/python3.12/site-packages/airflow/example_dags/example_dag_decorator.py
[2025-02-22T17:21:05.577+0000] {processor.py:925} INFO - DAG(s) 'example_dag_decorator' retrieved from /home/airflow/.local/lib/python3.12/site-packages/airflow/example_dags/example_dag_decorator.py
[2025-02-22T17:21:05.614+0000] {logging_mixin.py:190} INFO - [2025-02-22T17:21:05.613+0000] {dag.py:3239} INFO - Sync 1 DAGs
[2025-02-22T17:21:05.618+0000] {logging_mixin.py:190} INFO - [2025-02-22T17:21:05.618+0000] {dag.py:4180} INFO - Setting next_dagrun for example_dag_decorator to None, run_after=None
[2025-02-22T17:21:05.624+0000] {processor.py:208} INFO - Processing /home/airflow/.local/lib/python3.12/site-packages/airflow/example_dags/example_dag_decorator.py took 0.083 seconds
[2025-02-22T17:21:36.760+0000] {processor.py:186} INFO - Started process (PID=778) to work on /home/airflow/.local/lib/python3.12/site-packages/airflow/example_dags/example_dag_decorator.py
[2025-02-22T17:21:36.760+0000] {processor.py:914} INFO - Processing file /home/airflow/.local/lib/python3.12/site-packages/airflow/example_dags/example_dag_decorator.py for tasks to queue
[2025-02-22T17:21:36.761+0000] {logging_mixin.py:190} INFO - [2025-02-22T17:21:36.761+0000] {dagbag.py:588} INFO - Filling up the DagBag from /home/airflow/.local/lib/python3.12/site-packages/airflow/example_dags/example_dag_decorator.py
[2025-02-22T17:21:36.796+0000] {processor.py:925} INFO - DAG(s) 'example_dag_decorator' retrieved from /home/airflow/.local/lib/python3.12/site-packages/airflow/example_dags/example_dag_decorator.py
[2025-02-22T17:21:36.834+0000] {logging_mixin.py:190} INFO - [2025-02-22T17:21:36.834+0000] {dag.py:3239} INFO - Sync 1 DAGs
[2025-02-22T17:21:36.838+0000] {logging_mixin.py:190} INFO - [2025-02-22T17:21:36.838+0000] {dag.py:4180} INFO - Setting next_dagrun for example_dag_decorator to None, run_after=None
[2025-02-22T17:21:36.844+0000] {processor.py:208} INFO - Processing /home/airflow/.local/lib/python3.12/site-packages/airflow/example_dags/example_dag_decorator.py took 0.087 seconds
[2025-02-22T17:22:08.019+0000] {processor.py:186} INFO - Started process (PID=841) to work on /home/airflow/.local/lib/python3.12/site-packages/airflow/example_dags/example_dag_decorator.py
[2025-02-22T17:22:08.019+0000] {processor.py:914} INFO - Processing file /home/airflow/.local/lib/python3.12/site-packages/airflow/example_dags/example_dag_decorator.py for tasks to queue
[2025-02-22T17:22:08.020+0000] {logging_mixin.py:190} INFO - [2025-02-22T17:22:08.020+0000] {dagbag.py:588} INFO - Filling up the DagBag from /home/airflow/.local/lib/python3.12/site-packages/airflow/example_dags/example_dag_decorator.py
[2025-02-22T17:22:08.060+0000] {processor.py:925} INFO - DAG(s) 'example_dag_decorator' retrieved from /home/airflow/.local/lib/python3.12/site-packages/airflow/example_dags/example_dag_decorator.py
[2025-02-22T17:22:08.100+0000] {logging_mixin.py:190} INFO - [2025-02-22T17:22:08.100+0000] {dag.py:3239} INFO - Sync 1 DAGs
[2025-02-22T17:22:08.105+0000] {logging_mixin.py:190} INFO - [2025-02-22T17:22:08.105+0000] {dag.py:4180} INFO - Setting next_dagrun for example_dag_decorator to None, run_after=None
[2025-02-22T17:22:08.111+0000] {processor.py:208} INFO - Processing /home/airflow/.local/lib/python3.12/site-packages/airflow/example_dags/example_dag_decorator.py took 0.094 seconds
[2025-02-22T17:22:39.261+0000] {processor.py:186} INFO - Started process (PID=904) to work on /home/airflow/.local/lib/python3.12/site-packages/airflow/example_dags/example_dag_decorator.py
[2025-02-22T17:22:39.263+0000] {processor.py:914} INFO - Processing file /home/airflow/.local/lib/python3.12/site-packages/airflow/example_dags/example_dag_decorator.py for tasks to queue
[2025-02-22T17:22:39.265+0000] {logging_mixin.py:190} INFO - [2025-02-22T17:22:39.265+0000] {dagbag.py:588} INFO - Filling up the DagBag from /home/airflow/.local/lib/python3.12/site-packages/airflow/example_dags/example_dag_decorator.py
[2025-02-22T17:22:39.300+0000] {processor.py:925} INFO - DAG(s) 'example_dag_decorator' retrieved from /home/airflow/.local/lib/python3.12/site-packages/airflow/example_dags/example_dag_decorator.py
[2025-02-22T17:22:39.342+0000] {logging_mixin.py:190} INFO - [2025-02-22T17:22:39.342+0000] {dag.py:3239} INFO - Sync 1 DAGs
[2025-02-22T17:22:39.347+0000] {logging_mixin.py:190} INFO - [2025-02-22T17:22:39.347+0000] {dag.py:4180} INFO - Setting next_dagrun for example_dag_decorator to None, run_after=None
[2025-02-22T17:22:39.353+0000] {processor.py:208} INFO - Processing /home/airflow/.local/lib/python3.12/site-packages/airflow/example_dags/example_dag_decorator.py took 0.094 seconds
[2025-02-22T17:23:10.495+0000] {processor.py:186} INFO - Started process (PID=967) to work on /home/airflow/.local/lib/python3.12/site-packages/airflow/example_dags/example_dag_decorator.py
[2025-02-22T17:23:10.496+0000] {processor.py:914} INFO - Processing file /home/airflow/.local/lib/python3.12/site-packages/airflow/example_dags/example_dag_decorator.py for tasks to queue
[2025-02-22T17:23:10.497+0000] {logging_mixin.py:190} INFO - [2025-02-22T17:23:10.497+0000] {dagbag.py:588} INFO - Filling up the DagBag from /home/airflow/.local/lib/python3.12/site-packages/airflow/example_dags/example_dag_decorator.py
[2025-02-22T17:23:10.533+0000] {processor.py:925} INFO - DAG(s) 'example_dag_decorator' retrieved from /home/airflow/.local/lib/python3.12/site-packages/airflow/example_dags/example_dag_decorator.py
[2025-02-22T17:23:10.571+0000] {logging_mixin.py:190} INFO - [2025-02-22T17:23:10.571+0000] {dag.py:3239} INFO - Sync 1 DAGs
[2025-02-22T17:23:10.579+0000] {logging_mixin.py:190} INFO - [2025-02-22T17:23:10.579+0000] {dag.py:4180} INFO - Setting next_dagrun for example_dag_decorator to None, run_after=None
[2025-02-22T17:23:10.586+0000] {processor.py:208} INFO - Processing /home/airflow/.local/lib/python3.12/site-packages/airflow/example_dags/example_dag_decorator.py took 0.093 seconds
[2025-02-22T17:23:41.795+0000] {processor.py:186} INFO - Started process (PID=1030) to work on /home/airflow/.local/lib/python3.12/site-packages/airflow/example_dags/example_dag_decorator.py
[2025-02-22T17:23:41.797+0000] {processor.py:914} INFO - Processing file /home/airflow/.local/lib/python3.12/site-packages/airflow/example_dags/example_dag_decorator.py for tasks to queue
[2025-02-22T17:23:41.799+0000] {logging_mixin.py:190} INFO - [2025-02-22T17:23:41.799+0000] {dagbag.py:588} INFO - Filling up the DagBag from /home/airflow/.local/lib/python3.12/site-packages/airflow/example_dags/example_dag_decorator.py
[2025-02-22T17:23:41.835+0000] {processor.py:925} INFO - DAG(s) 'example_dag_decorator' retrieved from /home/airflow/.local/lib/python3.12/site-packages/airflow/example_dags/example_dag_decorator.py
[2025-02-22T17:23:41.876+0000] {logging_mixin.py:190} INFO - [2025-02-22T17:23:41.876+0000] {dag.py:3239} INFO - Sync 1 DAGs
[2025-02-22T17:23:41.881+0000] {logging_mixin.py:190} INFO - [2025-02-22T17:23:41.881+0000] {dag.py:4180} INFO - Setting next_dagrun for example_dag_decorator to None, run_after=None
[2025-02-22T17:23:41.889+0000] {processor.py:208} INFO - Processing /home/airflow/.local/lib/python3.12/site-packages/airflow/example_dags/example_dag_decorator.py took 0.097 seconds
[2025-02-22T17:24:13.019+0000] {processor.py:186} INFO - Started process (PID=1093) to work on /home/airflow/.local/lib/python3.12/site-packages/airflow/example_dags/example_dag_decorator.py
[2025-02-22T17:24:13.020+0000] {processor.py:914} INFO - Processing file /home/airflow/.local/lib/python3.12/site-packages/airflow/example_dags/example_dag_decorator.py for tasks to queue
[2025-02-22T17:24:13.021+0000] {logging_mixin.py:190} INFO - [2025-02-22T17:24:13.021+0000] {dagbag.py:588} INFO - Filling up the DagBag from /home/airflow/.local/lib/python3.12/site-packages/airflow/example_dags/example_dag_decorator.py
[2025-02-22T17:24:13.062+0000] {processor.py:925} INFO - DAG(s) 'example_dag_decorator' retrieved from /home/airflow/.local/lib/python3.12/site-packages/airflow/example_dags/example_dag_decorator.py
[2025-02-22T17:24:13.104+0000] {logging_mixin.py:190} INFO - [2025-02-22T17:24:13.104+0000] {dag.py:3239} INFO - Sync 1 DAGs
[2025-02-22T17:24:13.109+0000] {logging_mixin.py:190} INFO - [2025-02-22T17:24:13.109+0000] {dag.py:4180} INFO - Setting next_dagrun for example_dag_decorator to None, run_after=None
[2025-02-22T17:24:13.117+0000] {processor.py:208} INFO - Processing /home/airflow/.local/lib/python3.12/site-packages/airflow/example_dags/example_dag_decorator.py took 0.100 seconds
[2025-02-22T17:24:44.264+0000] {processor.py:186} INFO - Started process (PID=1155) to work on /home/airflow/.local/lib/python3.12/site-packages/airflow/example_dags/example_dag_decorator.py
[2025-02-22T17:24:44.264+0000] {processor.py:914} INFO - Processing file /home/airflow/.local/lib/python3.12/site-packages/airflow/example_dags/example_dag_decorator.py for tasks to queue
[2025-02-22T17:24:44.265+0000] {logging_mixin.py:190} INFO - [2025-02-22T17:24:44.265+0000] {dagbag.py:588} INFO - Filling up the DagBag from /home/airflow/.local/lib/python3.12/site-packages/airflow/example_dags/example_dag_decorator.py
[2025-02-22T17:24:44.303+0000] {processor.py:925} INFO - DAG(s) 'example_dag_decorator' retrieved from /home/airflow/.local/lib/python3.12/site-packages/airflow/example_dags/example_dag_decorator.py
[2025-02-22T17:24:44.345+0000] {logging_mixin.py:190} INFO - [2025-02-22T17:24:44.345+0000] {dag.py:3239} INFO - Sync 1 DAGs
[2025-02-22T17:24:44.349+0000] {logging_mixin.py:190} INFO - [2025-02-22T17:24:44.349+0000] {dag.py:4180} INFO - Setting next_dagrun for example_dag_decorator to None, run_after=None
[2025-02-22T17:24:44.357+0000] {processor.py:208} INFO - Processing /home/airflow/.local/lib/python3.12/site-packages/airflow/example_dags/example_dag_decorator.py took 0.096 seconds
[2025-02-22T17:25:15.515+0000] {processor.py:186} INFO - Started process (PID=1218) to work on /home/airflow/.local/lib/python3.12/site-packages/airflow/example_dags/example_dag_decorator.py
[2025-02-22T17:25:15.516+0000] {processor.py:914} INFO - Processing file /home/airflow/.local/lib/python3.12/site-packages/airflow/example_dags/example_dag_decorator.py for tasks to queue
[2025-02-22T17:25:15.517+0000] {logging_mixin.py:190} INFO - [2025-02-22T17:25:15.516+0000] {dagbag.py:588} INFO - Filling up the DagBag from /home/airflow/.local/lib/python3.12/site-packages/airflow/example_dags/example_dag_decorator.py
[2025-02-22T17:25:15.552+0000] {processor.py:925} INFO - DAG(s) 'example_dag_decorator' retrieved from /home/airflow/.local/lib/python3.12/site-packages/airflow/example_dags/example_dag_decorator.py
[2025-02-22T17:25:15.594+0000] {logging_mixin.py:190} INFO - [2025-02-22T17:25:15.594+0000] {dag.py:3239} INFO - Sync 1 DAGs
[2025-02-22T17:25:15.599+0000] {logging_mixin.py:190} INFO - [2025-02-22T17:25:15.599+0000] {dag.py:4180} INFO - Setting next_dagrun for example_dag_decorator to None, run_after=None
[2025-02-22T17:25:15.606+0000] {processor.py:208} INFO - Processing /home/airflow/.local/lib/python3.12/site-packages/airflow/example_dags/example_dag_decorator.py took 0.093 seconds
[2025-02-22T17:25:46.779+0000] {processor.py:186} INFO - Started process (PID=1281) to work on /home/airflow/.local/lib/python3.12/site-packages/airflow/example_dags/example_dag_decorator.py
[2025-02-22T17:25:46.781+0000] {processor.py:914} INFO - Processing file /home/airflow/.local/lib/python3.12/site-packages/airflow/example_dags/example_dag_decorator.py for tasks to queue
[2025-02-22T17:25:46.783+0000] {logging_mixin.py:190} INFO - [2025-02-22T17:25:46.783+0000] {dagbag.py:588} INFO - Filling up the DagBag from /home/airflow/.local/lib/python3.12/site-packages/airflow/example_dags/example_dag_decorator.py
[2025-02-22T17:25:46.821+0000] {processor.py:925} INFO - DAG(s) 'example_dag_decorator' retrieved from /home/airflow/.local/lib/python3.12/site-packages/airflow/example_dags/example_dag_decorator.py
[2025-02-22T17:25:46.864+0000] {logging_mixin.py:190} INFO - [2025-02-22T17:25:46.864+0000] {dag.py:3239} INFO - Sync 1 DAGs
[2025-02-22T17:25:46.869+0000] {logging_mixin.py:190} INFO - [2025-02-22T17:25:46.869+0000] {dag.py:4180} INFO - Setting next_dagrun for example_dag_decorator to None, run_after=None
[2025-02-22T17:25:46.876+0000] {processor.py:208} INFO - Processing /home/airflow/.local/lib/python3.12/site-packages/airflow/example_dags/example_dag_decorator.py took 0.100 seconds
[2025-02-22T17:26:17.054+0000] {processor.py:186} INFO - Started process (PID=1344) to work on /home/airflow/.local/lib/python3.12/site-packages/airflow/example_dags/example_dag_decorator.py
[2025-02-22T17:26:17.054+0000] {processor.py:914} INFO - Processing file /home/airflow/.local/lib/python3.12/site-packages/airflow/example_dags/example_dag_decorator.py for tasks to queue
[2025-02-22T17:26:17.055+0000] {logging_mixin.py:190} INFO - [2025-02-22T17:26:17.055+0000] {dagbag.py:588} INFO - Filling up the DagBag from /home/airflow/.local/lib/python3.12/site-packages/airflow/example_dags/example_dag_decorator.py
[2025-02-22T17:26:17.088+0000] {processor.py:925} INFO - DAG(s) 'example_dag_decorator' retrieved from /home/airflow/.local/lib/python3.12/site-packages/airflow/example_dags/example_dag_decorator.py
[2025-02-22T17:26:17.126+0000] {logging_mixin.py:190} INFO - [2025-02-22T17:26:17.126+0000] {dag.py:3239} INFO - Sync 1 DAGs
[2025-02-22T17:26:17.131+0000] {logging_mixin.py:190} INFO - [2025-02-22T17:26:17.131+0000] {dag.py:4180} INFO - Setting next_dagrun for example_dag_decorator to None, run_after=None
[2025-02-22T17:26:17.137+0000] {processor.py:208} INFO - Processing /home/airflow/.local/lib/python3.12/site-packages/airflow/example_dags/example_dag_decorator.py took 0.085 seconds
