[2025-02-22T17:05:26.505+0000] {processor.py:186} INFO - Started process (PID=67) to work on /home/airflow/.local/lib/python3.12/site-packages/airflow/example_dags/example_sensors.py
[2025-02-22T17:05:26.505+0000] {processor.py:914} INFO - Processing file /home/airflow/.local/lib/python3.12/site-packages/airflow/example_dags/example_sensors.py for tasks to queue
[2025-02-22T17:05:26.506+0000] {logging_mixin.py:190} INFO - [2025-02-22T17:05:26.506+0000] {dagbag.py:588} INFO - Filling up the DagBag from /home/airflow/.local/lib/python3.12/site-packages/airflow/example_dags/example_sensors.py
[2025-02-22T17:05:26.511+0000] {processor.py:925} INFO - DAG(s) 'example_sensors' retrieved from /home/airflow/.local/lib/python3.12/site-packages/airflow/example_dags/example_sensors.py
[2025-02-22T17:05:26.556+0000] {logging_mixin.py:190} INFO - [2025-02-22T17:05:26.556+0000] {override.py:1912} INFO - Created Permission View: can edit on DAG:example_sensors
[2025-02-22T17:05:26.559+0000] {logging_mixin.py:190} INFO - [2025-02-22T17:05:26.559+0000] {override.py:1912} INFO - Created Permission View: can delete on DAG:example_sensors
[2025-02-22T17:05:26.561+0000] {logging_mixin.py:190} INFO - [2025-02-22T17:05:26.561+0000] {override.py:1912} INFO - Created Permission View: can read on DAG:example_sensors
[2025-02-22T17:05:26.563+0000] {logging_mixin.py:190} INFO - [2025-02-22T17:05:26.563+0000] {override.py:1912} INFO - Created Permission View: menu access on DAG Run:example_sensors
[2025-02-22T17:05:26.565+0000] {logging_mixin.py:190} INFO - [2025-02-22T17:05:26.565+0000] {override.py:1912} INFO - Created Permission View: can create on DAG Run:example_sensors
[2025-02-22T17:05:26.567+0000] {logging_mixin.py:190} INFO - [2025-02-22T17:05:26.566+0000] {override.py:1912} INFO - Created Permission View: can delete on DAG Run:example_sensors
[2025-02-22T17:05:26.568+0000] {logging_mixin.py:190} INFO - [2025-02-22T17:05:26.568+0000] {override.py:1912} INFO - Created Permission View: can read on DAG Run:example_sensors
[2025-02-22T17:05:26.569+0000] {logging_mixin.py:190} INFO - [2025-02-22T17:05:26.568+0000] {dag.py:3239} INFO - Sync 1 DAGs
[2025-02-22T17:05:26.574+0000] {logging_mixin.py:190} INFO - [2025-02-22T17:05:26.574+0000] {dag.py:3262} INFO - Creating ORM DAG for example_sensors
[2025-02-22T17:05:26.574+0000] {logging_mixin.py:190} INFO - [2025-02-22T17:05:26.574+0000] {dag.py:4180} INFO - Setting next_dagrun for example_sensors to None, run_after=None
[2025-02-22T17:05:26.579+0000] {processor.py:208} INFO - Processing /home/airflow/.local/lib/python3.12/site-packages/airflow/example_dags/example_sensors.py took 0.077 seconds
[2025-02-22T17:05:57.443+0000] {processor.py:186} INFO - Started process (PID=130) to work on /home/airflow/.local/lib/python3.12/site-packages/airflow/example_dags/example_sensors.py
[2025-02-22T17:05:57.444+0000] {processor.py:914} INFO - Processing file /home/airflow/.local/lib/python3.12/site-packages/airflow/example_dags/example_sensors.py for tasks to queue
[2025-02-22T17:05:57.445+0000] {logging_mixin.py:190} INFO - [2025-02-22T17:05:57.444+0000] {dagbag.py:588} INFO - Filling up the DagBag from /home/airflow/.local/lib/python3.12/site-packages/airflow/example_dags/example_sensors.py
[2025-02-22T17:05:57.451+0000] {processor.py:925} INFO - DAG(s) 'example_sensors' retrieved from /home/airflow/.local/lib/python3.12/site-packages/airflow/example_dags/example_sensors.py
[2025-02-22T17:05:57.462+0000] {logging_mixin.py:190} INFO - [2025-02-22T17:05:57.462+0000] {dag.py:3239} INFO - Sync 1 DAGs
[2025-02-22T17:05:57.467+0000] {logging_mixin.py:190} INFO - [2025-02-22T17:05:57.467+0000] {dag.py:4180} INFO - Setting next_dagrun for example_sensors to None, run_after=None
[2025-02-22T17:05:57.475+0000] {processor.py:208} INFO - Processing /home/airflow/.local/lib/python3.12/site-packages/airflow/example_dags/example_sensors.py took 0.034 seconds
[2025-02-22T17:06:27.487+0000] {processor.py:186} INFO - Started process (PID=193) to work on /home/airflow/.local/lib/python3.12/site-packages/airflow/example_dags/example_sensors.py
[2025-02-22T17:06:27.491+0000] {processor.py:914} INFO - Processing file /home/airflow/.local/lib/python3.12/site-packages/airflow/example_dags/example_sensors.py for tasks to queue
[2025-02-22T17:06:27.492+0000] {logging_mixin.py:190} INFO - [2025-02-22T17:06:27.492+0000] {dagbag.py:588} INFO - Filling up the DagBag from /home/airflow/.local/lib/python3.12/site-packages/airflow/example_dags/example_sensors.py
[2025-02-22T17:06:27.496+0000] {processor.py:925} INFO - DAG(s) 'example_sensors' retrieved from /home/airflow/.local/lib/python3.12/site-packages/airflow/example_dags/example_sensors.py
[2025-02-22T17:06:27.507+0000] {logging_mixin.py:190} INFO - [2025-02-22T17:06:27.507+0000] {dag.py:3239} INFO - Sync 1 DAGs
[2025-02-22T17:06:27.513+0000] {logging_mixin.py:190} INFO - [2025-02-22T17:06:27.513+0000] {dag.py:4180} INFO - Setting next_dagrun for example_sensors to None, run_after=None
[2025-02-22T17:06:27.520+0000] {processor.py:208} INFO - Processing /home/airflow/.local/lib/python3.12/site-packages/airflow/example_dags/example_sensors.py took 0.035 seconds
[2025-02-22T17:06:57.565+0000] {processor.py:186} INFO - Started process (PID=254) to work on /home/airflow/.local/lib/python3.12/site-packages/airflow/example_dags/example_sensors.py
[2025-02-22T17:06:57.565+0000] {processor.py:914} INFO - Processing file /home/airflow/.local/lib/python3.12/site-packages/airflow/example_dags/example_sensors.py for tasks to queue
[2025-02-22T17:06:57.566+0000] {logging_mixin.py:190} INFO - [2025-02-22T17:06:57.566+0000] {dagbag.py:588} INFO - Filling up the DagBag from /home/airflow/.local/lib/python3.12/site-packages/airflow/example_dags/example_sensors.py
[2025-02-22T17:06:57.570+0000] {processor.py:925} INFO - DAG(s) 'example_sensors' retrieved from /home/airflow/.local/lib/python3.12/site-packages/airflow/example_dags/example_sensors.py
[2025-02-22T17:06:57.579+0000] {logging_mixin.py:190} INFO - [2025-02-22T17:06:57.579+0000] {dag.py:3239} INFO - Sync 1 DAGs
[2025-02-22T17:06:57.584+0000] {logging_mixin.py:190} INFO - [2025-02-22T17:06:57.584+0000] {dag.py:4180} INFO - Setting next_dagrun for example_sensors to None, run_after=None
[2025-02-22T17:06:57.590+0000] {processor.py:208} INFO - Processing /home/airflow/.local/lib/python3.12/site-packages/airflow/example_dags/example_sensors.py took 0.028 seconds
[2025-02-22T17:07:27.677+0000] {processor.py:186} INFO - Started process (PID=317) to work on /home/airflow/.local/lib/python3.12/site-packages/airflow/example_dags/example_sensors.py
[2025-02-22T17:07:27.678+0000] {processor.py:914} INFO - Processing file /home/airflow/.local/lib/python3.12/site-packages/airflow/example_dags/example_sensors.py for tasks to queue
[2025-02-22T17:07:27.678+0000] {logging_mixin.py:190} INFO - [2025-02-22T17:07:27.678+0000] {dagbag.py:588} INFO - Filling up the DagBag from /home/airflow/.local/lib/python3.12/site-packages/airflow/example_dags/example_sensors.py
[2025-02-22T17:07:27.682+0000] {processor.py:925} INFO - DAG(s) 'example_sensors' retrieved from /home/airflow/.local/lib/python3.12/site-packages/airflow/example_dags/example_sensors.py
[2025-02-22T17:07:27.693+0000] {logging_mixin.py:190} INFO - [2025-02-22T17:07:27.692+0000] {dag.py:3239} INFO - Sync 1 DAGs
[2025-02-22T17:07:27.698+0000] {logging_mixin.py:190} INFO - [2025-02-22T17:07:27.698+0000] {dag.py:4180} INFO - Setting next_dagrun for example_sensors to None, run_after=None
[2025-02-22T17:07:27.705+0000] {processor.py:208} INFO - Processing /home/airflow/.local/lib/python3.12/site-packages/airflow/example_dags/example_sensors.py took 0.030 seconds
[2025-02-22T17:07:57.745+0000] {processor.py:186} INFO - Started process (PID=379) to work on /home/airflow/.local/lib/python3.12/site-packages/airflow/example_dags/example_sensors.py
[2025-02-22T17:07:57.745+0000] {processor.py:914} INFO - Processing file /home/airflow/.local/lib/python3.12/site-packages/airflow/example_dags/example_sensors.py for tasks to queue
[2025-02-22T17:07:57.746+0000] {logging_mixin.py:190} INFO - [2025-02-22T17:07:57.746+0000] {dagbag.py:588} INFO - Filling up the DagBag from /home/airflow/.local/lib/python3.12/site-packages/airflow/example_dags/example_sensors.py
[2025-02-22T17:07:57.753+0000] {processor.py:925} INFO - DAG(s) 'example_sensors' retrieved from /home/airflow/.local/lib/python3.12/site-packages/airflow/example_dags/example_sensors.py
[2025-02-22T17:07:57.765+0000] {logging_mixin.py:190} INFO - [2025-02-22T17:07:57.764+0000] {dag.py:3239} INFO - Sync 1 DAGs
[2025-02-22T17:07:57.770+0000] {logging_mixin.py:190} INFO - [2025-02-22T17:07:57.770+0000] {dag.py:4180} INFO - Setting next_dagrun for example_sensors to None, run_after=None
[2025-02-22T17:07:57.776+0000] {processor.py:208} INFO - Processing /home/airflow/.local/lib/python3.12/site-packages/airflow/example_dags/example_sensors.py took 0.034 seconds
[2025-02-22T17:08:27.800+0000] {processor.py:186} INFO - Started process (PID=442) to work on /home/airflow/.local/lib/python3.12/site-packages/airflow/example_dags/example_sensors.py
[2025-02-22T17:08:27.801+0000] {processor.py:914} INFO - Processing file /home/airflow/.local/lib/python3.12/site-packages/airflow/example_dags/example_sensors.py for tasks to queue
[2025-02-22T17:08:27.802+0000] {logging_mixin.py:190} INFO - [2025-02-22T17:08:27.802+0000] {dagbag.py:588} INFO - Filling up the DagBag from /home/airflow/.local/lib/python3.12/site-packages/airflow/example_dags/example_sensors.py
[2025-02-22T17:08:27.807+0000] {processor.py:925} INFO - DAG(s) 'example_sensors' retrieved from /home/airflow/.local/lib/python3.12/site-packages/airflow/example_dags/example_sensors.py
[2025-02-22T17:08:27.815+0000] {logging_mixin.py:190} INFO - [2025-02-22T17:08:27.815+0000] {dag.py:3239} INFO - Sync 1 DAGs
[2025-02-22T17:08:27.820+0000] {logging_mixin.py:190} INFO - [2025-02-22T17:08:27.820+0000] {dag.py:4180} INFO - Setting next_dagrun for example_sensors to None, run_after=None
[2025-02-22T17:08:27.826+0000] {processor.py:208} INFO - Processing /home/airflow/.local/lib/python3.12/site-packages/airflow/example_dags/example_sensors.py took 0.029 seconds
[2025-02-22T17:08:58.813+0000] {processor.py:186} INFO - Started process (PID=505) to work on /home/airflow/.local/lib/python3.12/site-packages/airflow/example_dags/example_sensors.py
[2025-02-22T17:08:58.813+0000] {processor.py:914} INFO - Processing file /home/airflow/.local/lib/python3.12/site-packages/airflow/example_dags/example_sensors.py for tasks to queue
[2025-02-22T17:08:58.814+0000] {logging_mixin.py:190} INFO - [2025-02-22T17:08:58.814+0000] {dagbag.py:588} INFO - Filling up the DagBag from /home/airflow/.local/lib/python3.12/site-packages/airflow/example_dags/example_sensors.py
[2025-02-22T17:08:58.818+0000] {processor.py:925} INFO - DAG(s) 'example_sensors' retrieved from /home/airflow/.local/lib/python3.12/site-packages/airflow/example_dags/example_sensors.py
[2025-02-22T17:08:58.828+0000] {logging_mixin.py:190} INFO - [2025-02-22T17:08:58.828+0000] {dag.py:3239} INFO - Sync 1 DAGs
[2025-02-22T17:08:58.833+0000] {logging_mixin.py:190} INFO - [2025-02-22T17:08:58.833+0000] {dag.py:4180} INFO - Setting next_dagrun for example_sensors to None, run_after=None
[2025-02-22T17:08:58.841+0000] {processor.py:208} INFO - Processing /home/airflow/.local/lib/python3.12/site-packages/airflow/example_dags/example_sensors.py took 0.031 seconds
[2025-02-22T17:09:29.828+0000] {processor.py:186} INFO - Started process (PID=568) to work on /home/airflow/.local/lib/python3.12/site-packages/airflow/example_dags/example_sensors.py
[2025-02-22T17:09:29.829+0000] {processor.py:914} INFO - Processing file /home/airflow/.local/lib/python3.12/site-packages/airflow/example_dags/example_sensors.py for tasks to queue
[2025-02-22T17:09:29.830+0000] {logging_mixin.py:190} INFO - [2025-02-22T17:09:29.829+0000] {dagbag.py:588} INFO - Filling up the DagBag from /home/airflow/.local/lib/python3.12/site-packages/airflow/example_dags/example_sensors.py
[2025-02-22T17:09:29.833+0000] {processor.py:925} INFO - DAG(s) 'example_sensors' retrieved from /home/airflow/.local/lib/python3.12/site-packages/airflow/example_dags/example_sensors.py
[2025-02-22T17:09:29.843+0000] {logging_mixin.py:190} INFO - [2025-02-22T17:09:29.843+0000] {dag.py:3239} INFO - Sync 1 DAGs
[2025-02-22T17:09:29.848+0000] {logging_mixin.py:190} INFO - [2025-02-22T17:09:29.847+0000] {dag.py:4180} INFO - Setting next_dagrun for example_sensors to None, run_after=None
[2025-02-22T17:09:29.855+0000] {processor.py:208} INFO - Processing /home/airflow/.local/lib/python3.12/site-packages/airflow/example_dags/example_sensors.py took 0.029 seconds
[2025-02-22T17:10:00.810+0000] {processor.py:186} INFO - Started process (PID=631) to work on /home/airflow/.local/lib/python3.12/site-packages/airflow/example_dags/example_sensors.py
[2025-02-22T17:10:00.811+0000] {processor.py:914} INFO - Processing file /home/airflow/.local/lib/python3.12/site-packages/airflow/example_dags/example_sensors.py for tasks to queue
[2025-02-22T17:10:00.812+0000] {logging_mixin.py:190} INFO - [2025-02-22T17:10:00.812+0000] {dagbag.py:588} INFO - Filling up the DagBag from /home/airflow/.local/lib/python3.12/site-packages/airflow/example_dags/example_sensors.py
[2025-02-22T17:10:00.816+0000] {processor.py:925} INFO - DAG(s) 'example_sensors' retrieved from /home/airflow/.local/lib/python3.12/site-packages/airflow/example_dags/example_sensors.py
[2025-02-22T17:10:00.825+0000] {logging_mixin.py:190} INFO - [2025-02-22T17:10:00.825+0000] {dag.py:3239} INFO - Sync 1 DAGs
[2025-02-22T17:10:00.829+0000] {logging_mixin.py:190} INFO - [2025-02-22T17:10:00.829+0000] {dag.py:4180} INFO - Setting next_dagrun for example_sensors to None, run_after=None
[2025-02-22T17:10:00.836+0000] {processor.py:208} INFO - Processing /home/airflow/.local/lib/python3.12/site-packages/airflow/example_dags/example_sensors.py took 0.029 seconds
[2025-02-22T17:10:31.841+0000] {processor.py:186} INFO - Started process (PID=694) to work on /home/airflow/.local/lib/python3.12/site-packages/airflow/example_dags/example_sensors.py
[2025-02-22T17:10:31.843+0000] {processor.py:914} INFO - Processing file /home/airflow/.local/lib/python3.12/site-packages/airflow/example_dags/example_sensors.py for tasks to queue
[2025-02-22T17:10:31.844+0000] {logging_mixin.py:190} INFO - [2025-02-22T17:10:31.844+0000] {dagbag.py:588} INFO - Filling up the DagBag from /home/airflow/.local/lib/python3.12/site-packages/airflow/example_dags/example_sensors.py
[2025-02-22T17:10:31.848+0000] {processor.py:925} INFO - DAG(s) 'example_sensors' retrieved from /home/airflow/.local/lib/python3.12/site-packages/airflow/example_dags/example_sensors.py
[2025-02-22T17:10:31.858+0000] {logging_mixin.py:190} INFO - [2025-02-22T17:10:31.858+0000] {dag.py:3239} INFO - Sync 1 DAGs
[2025-02-22T17:10:31.863+0000] {logging_mixin.py:190} INFO - [2025-02-22T17:10:31.863+0000] {dag.py:4180} INFO - Setting next_dagrun for example_sensors to None, run_after=None
[2025-02-22T17:10:31.870+0000] {processor.py:208} INFO - Processing /home/airflow/.local/lib/python3.12/site-packages/airflow/example_dags/example_sensors.py took 0.031 seconds
[2025-02-22T17:11:02.858+0000] {processor.py:186} INFO - Started process (PID=757) to work on /home/airflow/.local/lib/python3.12/site-packages/airflow/example_dags/example_sensors.py
[2025-02-22T17:11:02.858+0000] {processor.py:914} INFO - Processing file /home/airflow/.local/lib/python3.12/site-packages/airflow/example_dags/example_sensors.py for tasks to queue
[2025-02-22T17:11:02.859+0000] {logging_mixin.py:190} INFO - [2025-02-22T17:11:02.859+0000] {dagbag.py:588} INFO - Filling up the DagBag from /home/airflow/.local/lib/python3.12/site-packages/airflow/example_dags/example_sensors.py
[2025-02-22T17:11:02.863+0000] {processor.py:925} INFO - DAG(s) 'example_sensors' retrieved from /home/airflow/.local/lib/python3.12/site-packages/airflow/example_dags/example_sensors.py
[2025-02-22T17:11:02.873+0000] {logging_mixin.py:190} INFO - [2025-02-22T17:11:02.873+0000] {dag.py:3239} INFO - Sync 1 DAGs
[2025-02-22T17:11:02.878+0000] {logging_mixin.py:190} INFO - [2025-02-22T17:11:02.878+0000] {dag.py:4180} INFO - Setting next_dagrun for example_sensors to None, run_after=None
[2025-02-22T17:11:02.884+0000] {processor.py:208} INFO - Processing /home/airflow/.local/lib/python3.12/site-packages/airflow/example_dags/example_sensors.py took 0.028 seconds
[2025-02-22T17:11:33.832+0000] {processor.py:186} INFO - Started process (PID=820) to work on /home/airflow/.local/lib/python3.12/site-packages/airflow/example_dags/example_sensors.py
[2025-02-22T17:11:33.835+0000] {processor.py:914} INFO - Processing file /home/airflow/.local/lib/python3.12/site-packages/airflow/example_dags/example_sensors.py for tasks to queue
[2025-02-22T17:11:33.836+0000] {logging_mixin.py:190} INFO - [2025-02-22T17:11:33.836+0000] {dagbag.py:588} INFO - Filling up the DagBag from /home/airflow/.local/lib/python3.12/site-packages/airflow/example_dags/example_sensors.py
[2025-02-22T17:11:33.842+0000] {processor.py:925} INFO - DAG(s) 'example_sensors' retrieved from /home/airflow/.local/lib/python3.12/site-packages/airflow/example_dags/example_sensors.py
[2025-02-22T17:11:33.852+0000] {logging_mixin.py:190} INFO - [2025-02-22T17:11:33.852+0000] {dag.py:3239} INFO - Sync 1 DAGs
[2025-02-22T17:11:33.857+0000] {logging_mixin.py:190} INFO - [2025-02-22T17:11:33.857+0000] {dag.py:4180} INFO - Setting next_dagrun for example_sensors to None, run_after=None
[2025-02-22T17:11:33.863+0000] {processor.py:208} INFO - Processing /home/airflow/.local/lib/python3.12/site-packages/airflow/example_dags/example_sensors.py took 0.033 seconds
[2025-02-22T17:12:04.798+0000] {processor.py:186} INFO - Started process (PID=883) to work on /home/airflow/.local/lib/python3.12/site-packages/airflow/example_dags/example_sensors.py
[2025-02-22T17:12:04.799+0000] {processor.py:914} INFO - Processing file /home/airflow/.local/lib/python3.12/site-packages/airflow/example_dags/example_sensors.py for tasks to queue
[2025-02-22T17:12:04.800+0000] {logging_mixin.py:190} INFO - [2025-02-22T17:12:04.800+0000] {dagbag.py:588} INFO - Filling up the DagBag from /home/airflow/.local/lib/python3.12/site-packages/airflow/example_dags/example_sensors.py
[2025-02-22T17:12:04.804+0000] {processor.py:925} INFO - DAG(s) 'example_sensors' retrieved from /home/airflow/.local/lib/python3.12/site-packages/airflow/example_dags/example_sensors.py
[2025-02-22T17:12:04.814+0000] {logging_mixin.py:190} INFO - [2025-02-22T17:12:04.814+0000] {dag.py:3239} INFO - Sync 1 DAGs
[2025-02-22T17:12:04.819+0000] {logging_mixin.py:190} INFO - [2025-02-22T17:12:04.819+0000] {dag.py:4180} INFO - Setting next_dagrun for example_sensors to None, run_after=None
[2025-02-22T17:12:04.825+0000] {processor.py:208} INFO - Processing /home/airflow/.local/lib/python3.12/site-packages/airflow/example_dags/example_sensors.py took 0.029 seconds
[2025-02-22T17:12:35.856+0000] {processor.py:186} INFO - Started process (PID=946) to work on /home/airflow/.local/lib/python3.12/site-packages/airflow/example_dags/example_sensors.py
[2025-02-22T17:12:35.859+0000] {processor.py:914} INFO - Processing file /home/airflow/.local/lib/python3.12/site-packages/airflow/example_dags/example_sensors.py for tasks to queue
[2025-02-22T17:12:35.861+0000] {logging_mixin.py:190} INFO - [2025-02-22T17:12:35.861+0000] {dagbag.py:588} INFO - Filling up the DagBag from /home/airflow/.local/lib/python3.12/site-packages/airflow/example_dags/example_sensors.py
[2025-02-22T17:12:35.865+0000] {processor.py:925} INFO - DAG(s) 'example_sensors' retrieved from /home/airflow/.local/lib/python3.12/site-packages/airflow/example_dags/example_sensors.py
[2025-02-22T17:12:35.875+0000] {logging_mixin.py:190} INFO - [2025-02-22T17:12:35.875+0000] {dag.py:3239} INFO - Sync 1 DAGs
[2025-02-22T17:12:35.880+0000] {logging_mixin.py:190} INFO - [2025-02-22T17:12:35.880+0000] {dag.py:4180} INFO - Setting next_dagrun for example_sensors to None, run_after=None
[2025-02-22T17:12:35.886+0000] {processor.py:208} INFO - Processing /home/airflow/.local/lib/python3.12/site-packages/airflow/example_dags/example_sensors.py took 0.033 seconds
[2025-02-22T17:13:06.819+0000] {processor.py:186} INFO - Started process (PID=1009) to work on /home/airflow/.local/lib/python3.12/site-packages/airflow/example_dags/example_sensors.py
[2025-02-22T17:13:06.819+0000] {processor.py:914} INFO - Processing file /home/airflow/.local/lib/python3.12/site-packages/airflow/example_dags/example_sensors.py for tasks to queue
[2025-02-22T17:13:06.820+0000] {logging_mixin.py:190} INFO - [2025-02-22T17:13:06.820+0000] {dagbag.py:588} INFO - Filling up the DagBag from /home/airflow/.local/lib/python3.12/site-packages/airflow/example_dags/example_sensors.py
[2025-02-22T17:13:06.825+0000] {processor.py:925} INFO - DAG(s) 'example_sensors' retrieved from /home/airflow/.local/lib/python3.12/site-packages/airflow/example_dags/example_sensors.py
[2025-02-22T17:13:06.834+0000] {logging_mixin.py:190} INFO - [2025-02-22T17:13:06.834+0000] {dag.py:3239} INFO - Sync 1 DAGs
[2025-02-22T17:13:06.842+0000] {logging_mixin.py:190} INFO - [2025-02-22T17:13:06.842+0000] {dag.py:4180} INFO - Setting next_dagrun for example_sensors to None, run_after=None
[2025-02-22T17:13:06.848+0000] {processor.py:208} INFO - Processing /home/airflow/.local/lib/python3.12/site-packages/airflow/example_dags/example_sensors.py took 0.031 seconds
[2025-02-22T17:15:54.921+0000] {processor.py:186} INFO - Started process (PID=61) to work on /home/airflow/.local/lib/python3.12/site-packages/airflow/example_dags/example_sensors.py
[2025-02-22T17:15:54.923+0000] {processor.py:914} INFO - Processing file /home/airflow/.local/lib/python3.12/site-packages/airflow/example_dags/example_sensors.py for tasks to queue
[2025-02-22T17:15:54.924+0000] {logging_mixin.py:190} INFO - [2025-02-22T17:15:54.923+0000] {dagbag.py:588} INFO - Filling up the DagBag from /home/airflow/.local/lib/python3.12/site-packages/airflow/example_dags/example_sensors.py
[2025-02-22T17:15:54.928+0000] {processor.py:925} INFO - DAG(s) 'example_sensors' retrieved from /home/airflow/.local/lib/python3.12/site-packages/airflow/example_dags/example_sensors.py
[2025-02-22T17:15:54.940+0000] {logging_mixin.py:190} INFO - [2025-02-22T17:15:54.940+0000] {dag.py:3239} INFO - Sync 1 DAGs
[2025-02-22T17:15:54.946+0000] {logging_mixin.py:190} INFO - [2025-02-22T17:15:54.946+0000] {dag.py:4180} INFO - Setting next_dagrun for example_sensors to None, run_after=None
[2025-02-22T17:15:54.952+0000] {processor.py:208} INFO - Processing /home/airflow/.local/lib/python3.12/site-packages/airflow/example_dags/example_sensors.py took 0.037 seconds
[2025-02-22T17:16:25.207+0000] {processor.py:186} INFO - Started process (PID=124) to work on /home/airflow/.local/lib/python3.12/site-packages/airflow/example_dags/example_sensors.py
[2025-02-22T17:16:25.208+0000] {processor.py:914} INFO - Processing file /home/airflow/.local/lib/python3.12/site-packages/airflow/example_dags/example_sensors.py for tasks to queue
[2025-02-22T17:16:25.208+0000] {logging_mixin.py:190} INFO - [2025-02-22T17:16:25.208+0000] {dagbag.py:588} INFO - Filling up the DagBag from /home/airflow/.local/lib/python3.12/site-packages/airflow/example_dags/example_sensors.py
[2025-02-22T17:16:25.213+0000] {processor.py:925} INFO - DAG(s) 'example_sensors' retrieved from /home/airflow/.local/lib/python3.12/site-packages/airflow/example_dags/example_sensors.py
[2025-02-22T17:16:25.225+0000] {logging_mixin.py:190} INFO - [2025-02-22T17:16:25.225+0000] {dag.py:3239} INFO - Sync 1 DAGs
[2025-02-22T17:16:25.232+0000] {logging_mixin.py:190} INFO - [2025-02-22T17:16:25.232+0000] {dag.py:4180} INFO - Setting next_dagrun for example_sensors to None, run_after=None
[2025-02-22T17:16:25.240+0000] {processor.py:208} INFO - Processing /home/airflow/.local/lib/python3.12/site-packages/airflow/example_dags/example_sensors.py took 0.035 seconds
[2025-02-22T17:16:55.485+0000] {processor.py:186} INFO - Started process (PID=187) to work on /home/airflow/.local/lib/python3.12/site-packages/airflow/example_dags/example_sensors.py
[2025-02-22T17:16:55.485+0000] {processor.py:914} INFO - Processing file /home/airflow/.local/lib/python3.12/site-packages/airflow/example_dags/example_sensors.py for tasks to queue
[2025-02-22T17:16:55.486+0000] {logging_mixin.py:190} INFO - [2025-02-22T17:16:55.486+0000] {dagbag.py:588} INFO - Filling up the DagBag from /home/airflow/.local/lib/python3.12/site-packages/airflow/example_dags/example_sensors.py
[2025-02-22T17:16:55.490+0000] {processor.py:925} INFO - DAG(s) 'example_sensors' retrieved from /home/airflow/.local/lib/python3.12/site-packages/airflow/example_dags/example_sensors.py
[2025-02-22T17:16:55.498+0000] {logging_mixin.py:190} INFO - [2025-02-22T17:16:55.498+0000] {dag.py:3239} INFO - Sync 1 DAGs
[2025-02-22T17:16:55.502+0000] {logging_mixin.py:190} INFO - [2025-02-22T17:16:55.502+0000] {dag.py:4180} INFO - Setting next_dagrun for example_sensors to None, run_after=None
[2025-02-22T17:16:55.508+0000] {processor.py:208} INFO - Processing /home/airflow/.local/lib/python3.12/site-packages/airflow/example_dags/example_sensors.py took 0.025 seconds
[2025-02-22T17:17:26.594+0000] {processor.py:186} INFO - Started process (PID=250) to work on /home/airflow/.local/lib/python3.12/site-packages/airflow/example_dags/example_sensors.py
[2025-02-22T17:17:26.596+0000] {processor.py:914} INFO - Processing file /home/airflow/.local/lib/python3.12/site-packages/airflow/example_dags/example_sensors.py for tasks to queue
[2025-02-22T17:17:26.598+0000] {logging_mixin.py:190} INFO - [2025-02-22T17:17:26.597+0000] {dagbag.py:588} INFO - Filling up the DagBag from /home/airflow/.local/lib/python3.12/site-packages/airflow/example_dags/example_sensors.py
[2025-02-22T17:17:26.601+0000] {processor.py:925} INFO - DAG(s) 'example_sensors' retrieved from /home/airflow/.local/lib/python3.12/site-packages/airflow/example_dags/example_sensors.py
[2025-02-22T17:17:26.612+0000] {logging_mixin.py:190} INFO - [2025-02-22T17:17:26.612+0000] {dag.py:3239} INFO - Sync 1 DAGs
[2025-02-22T17:17:26.618+0000] {logging_mixin.py:190} INFO - [2025-02-22T17:17:26.617+0000] {dag.py:4180} INFO - Setting next_dagrun for example_sensors to None, run_after=None
[2025-02-22T17:17:26.625+0000] {processor.py:208} INFO - Processing /home/airflow/.local/lib/python3.12/site-packages/airflow/example_dags/example_sensors.py took 0.033 seconds
[2025-02-22T17:17:56.748+0000] {processor.py:186} INFO - Started process (PID=313) to work on /home/airflow/.local/lib/python3.12/site-packages/airflow/example_dags/example_sensors.py
[2025-02-22T17:17:56.748+0000] {processor.py:914} INFO - Processing file /home/airflow/.local/lib/python3.12/site-packages/airflow/example_dags/example_sensors.py for tasks to queue
[2025-02-22T17:17:56.749+0000] {logging_mixin.py:190} INFO - [2025-02-22T17:17:56.749+0000] {dagbag.py:588} INFO - Filling up the DagBag from /home/airflow/.local/lib/python3.12/site-packages/airflow/example_dags/example_sensors.py
[2025-02-22T17:17:56.754+0000] {processor.py:925} INFO - DAG(s) 'example_sensors' retrieved from /home/airflow/.local/lib/python3.12/site-packages/airflow/example_dags/example_sensors.py
[2025-02-22T17:17:56.764+0000] {logging_mixin.py:190} INFO - [2025-02-22T17:17:56.764+0000] {dag.py:3239} INFO - Sync 1 DAGs
[2025-02-22T17:17:56.769+0000] {logging_mixin.py:190} INFO - [2025-02-22T17:17:56.769+0000] {dag.py:4180} INFO - Setting next_dagrun for example_sensors to None, run_after=None
[2025-02-22T17:17:56.778+0000] {processor.py:208} INFO - Processing /home/airflow/.local/lib/python3.12/site-packages/airflow/example_dags/example_sensors.py took 0.033 seconds
[2025-02-22T17:18:26.936+0000] {processor.py:186} INFO - Started process (PID=375) to work on /home/airflow/.local/lib/python3.12/site-packages/airflow/example_dags/example_sensors.py
[2025-02-22T17:18:26.936+0000] {processor.py:914} INFO - Processing file /home/airflow/.local/lib/python3.12/site-packages/airflow/example_dags/example_sensors.py for tasks to queue
[2025-02-22T17:18:26.939+0000] {logging_mixin.py:190} INFO - [2025-02-22T17:18:26.937+0000] {dagbag.py:588} INFO - Filling up the DagBag from /home/airflow/.local/lib/python3.12/site-packages/airflow/example_dags/example_sensors.py
[2025-02-22T17:18:26.943+0000] {processor.py:925} INFO - DAG(s) 'example_sensors' retrieved from /home/airflow/.local/lib/python3.12/site-packages/airflow/example_dags/example_sensors.py
[2025-02-22T17:18:26.952+0000] {logging_mixin.py:190} INFO - [2025-02-22T17:18:26.952+0000] {dag.py:3239} INFO - Sync 1 DAGs
[2025-02-22T17:18:26.957+0000] {logging_mixin.py:190} INFO - [2025-02-22T17:18:26.957+0000] {dag.py:4180} INFO - Setting next_dagrun for example_sensors to None, run_after=None
[2025-02-22T17:18:26.963+0000] {processor.py:208} INFO - Processing /home/airflow/.local/lib/python3.12/site-packages/airflow/example_dags/example_sensors.py took 0.030 seconds
[2025-02-22T17:18:57.022+0000] {processor.py:186} INFO - Started process (PID=438) to work on /home/airflow/.local/lib/python3.12/site-packages/airflow/example_dags/example_sensors.py
[2025-02-22T17:18:57.023+0000] {processor.py:914} INFO - Processing file /home/airflow/.local/lib/python3.12/site-packages/airflow/example_dags/example_sensors.py for tasks to queue
[2025-02-22T17:18:57.026+0000] {logging_mixin.py:190} INFO - [2025-02-22T17:18:57.026+0000] {dagbag.py:588} INFO - Filling up the DagBag from /home/airflow/.local/lib/python3.12/site-packages/airflow/example_dags/example_sensors.py
[2025-02-22T17:18:57.031+0000] {processor.py:925} INFO - DAG(s) 'example_sensors' retrieved from /home/airflow/.local/lib/python3.12/site-packages/airflow/example_dags/example_sensors.py
[2025-02-22T17:18:57.041+0000] {logging_mixin.py:190} INFO - [2025-02-22T17:18:57.041+0000] {dag.py:3239} INFO - Sync 1 DAGs
[2025-02-22T17:18:57.048+0000] {logging_mixin.py:190} INFO - [2025-02-22T17:18:57.048+0000] {dag.py:4180} INFO - Setting next_dagrun for example_sensors to None, run_after=None
[2025-02-22T17:18:57.054+0000] {processor.py:208} INFO - Processing /home/airflow/.local/lib/python3.12/site-packages/airflow/example_dags/example_sensors.py took 0.034 seconds
[2025-02-22T17:19:27.112+0000] {processor.py:186} INFO - Started process (PID=501) to work on /home/airflow/.local/lib/python3.12/site-packages/airflow/example_dags/example_sensors.py
[2025-02-22T17:19:27.112+0000] {processor.py:914} INFO - Processing file /home/airflow/.local/lib/python3.12/site-packages/airflow/example_dags/example_sensors.py for tasks to queue
[2025-02-22T17:19:27.115+0000] {logging_mixin.py:190} INFO - [2025-02-22T17:19:27.115+0000] {dagbag.py:588} INFO - Filling up the DagBag from /home/airflow/.local/lib/python3.12/site-packages/airflow/example_dags/example_sensors.py
[2025-02-22T17:19:27.121+0000] {processor.py:925} INFO - DAG(s) 'example_sensors' retrieved from /home/airflow/.local/lib/python3.12/site-packages/airflow/example_dags/example_sensors.py
[2025-02-22T17:19:27.135+0000] {logging_mixin.py:190} INFO - [2025-02-22T17:19:27.135+0000] {dag.py:3239} INFO - Sync 1 DAGs
[2025-02-22T17:19:27.141+0000] {logging_mixin.py:190} INFO - [2025-02-22T17:19:27.141+0000] {dag.py:4180} INFO - Setting next_dagrun for example_sensors to None, run_after=None
[2025-02-22T17:19:27.147+0000] {processor.py:208} INFO - Processing /home/airflow/.local/lib/python3.12/site-packages/airflow/example_dags/example_sensors.py took 0.037 seconds
[2025-02-22T17:19:57.266+0000] {processor.py:186} INFO - Started process (PID=564) to work on /home/airflow/.local/lib/python3.12/site-packages/airflow/example_dags/example_sensors.py
[2025-02-22T17:19:57.266+0000] {processor.py:914} INFO - Processing file /home/airflow/.local/lib/python3.12/site-packages/airflow/example_dags/example_sensors.py for tasks to queue
[2025-02-22T17:19:57.267+0000] {logging_mixin.py:190} INFO - [2025-02-22T17:19:57.267+0000] {dagbag.py:588} INFO - Filling up the DagBag from /home/airflow/.local/lib/python3.12/site-packages/airflow/example_dags/example_sensors.py
[2025-02-22T17:19:57.271+0000] {processor.py:925} INFO - DAG(s) 'example_sensors' retrieved from /home/airflow/.local/lib/python3.12/site-packages/airflow/example_dags/example_sensors.py
[2025-02-22T17:19:57.284+0000] {logging_mixin.py:190} INFO - [2025-02-22T17:19:57.284+0000] {dag.py:3239} INFO - Sync 1 DAGs
[2025-02-22T17:19:57.289+0000] {logging_mixin.py:190} INFO - [2025-02-22T17:19:57.289+0000] {dag.py:4180} INFO - Setting next_dagrun for example_sensors to None, run_after=None
[2025-02-22T17:19:57.298+0000] {processor.py:208} INFO - Processing /home/airflow/.local/lib/python3.12/site-packages/airflow/example_dags/example_sensors.py took 0.035 seconds
[2025-02-22T17:20:27.392+0000] {processor.py:186} INFO - Started process (PID=627) to work on /home/airflow/.local/lib/python3.12/site-packages/airflow/example_dags/example_sensors.py
[2025-02-22T17:20:27.393+0000] {processor.py:914} INFO - Processing file /home/airflow/.local/lib/python3.12/site-packages/airflow/example_dags/example_sensors.py for tasks to queue
[2025-02-22T17:20:27.394+0000] {logging_mixin.py:190} INFO - [2025-02-22T17:20:27.393+0000] {dagbag.py:588} INFO - Filling up the DagBag from /home/airflow/.local/lib/python3.12/site-packages/airflow/example_dags/example_sensors.py
[2025-02-22T17:20:27.397+0000] {processor.py:925} INFO - DAG(s) 'example_sensors' retrieved from /home/airflow/.local/lib/python3.12/site-packages/airflow/example_dags/example_sensors.py
[2025-02-22T17:20:27.408+0000] {logging_mixin.py:190} INFO - [2025-02-22T17:20:27.408+0000] {dag.py:3239} INFO - Sync 1 DAGs
[2025-02-22T17:20:27.413+0000] {logging_mixin.py:190} INFO - [2025-02-22T17:20:27.413+0000] {dag.py:4180} INFO - Setting next_dagrun for example_sensors to None, run_after=None
[2025-02-22T17:20:27.421+0000] {processor.py:208} INFO - Processing /home/airflow/.local/lib/python3.12/site-packages/airflow/example_dags/example_sensors.py took 0.031 seconds
[2025-02-22T17:20:57.538+0000] {processor.py:186} INFO - Started process (PID=689) to work on /home/airflow/.local/lib/python3.12/site-packages/airflow/example_dags/example_sensors.py
[2025-02-22T17:20:57.539+0000] {processor.py:914} INFO - Processing file /home/airflow/.local/lib/python3.12/site-packages/airflow/example_dags/example_sensors.py for tasks to queue
[2025-02-22T17:20:57.540+0000] {logging_mixin.py:190} INFO - [2025-02-22T17:20:57.539+0000] {dagbag.py:588} INFO - Filling up the DagBag from /home/airflow/.local/lib/python3.12/site-packages/airflow/example_dags/example_sensors.py
[2025-02-22T17:20:57.544+0000] {processor.py:925} INFO - DAG(s) 'example_sensors' retrieved from /home/airflow/.local/lib/python3.12/site-packages/airflow/example_dags/example_sensors.py
[2025-02-22T17:20:57.554+0000] {logging_mixin.py:190} INFO - [2025-02-22T17:20:57.554+0000] {dag.py:3239} INFO - Sync 1 DAGs
[2025-02-22T17:20:57.559+0000] {logging_mixin.py:190} INFO - [2025-02-22T17:20:57.559+0000] {dag.py:4180} INFO - Setting next_dagrun for example_sensors to None, run_after=None
[2025-02-22T17:20:57.566+0000] {processor.py:208} INFO - Processing /home/airflow/.local/lib/python3.12/site-packages/airflow/example_dags/example_sensors.py took 0.031 seconds
[2025-02-22T17:21:27.741+0000] {processor.py:186} INFO - Started process (PID=752) to work on /home/airflow/.local/lib/python3.12/site-packages/airflow/example_dags/example_sensors.py
[2025-02-22T17:21:27.742+0000] {processor.py:914} INFO - Processing file /home/airflow/.local/lib/python3.12/site-packages/airflow/example_dags/example_sensors.py for tasks to queue
[2025-02-22T17:21:27.743+0000] {logging_mixin.py:190} INFO - [2025-02-22T17:21:27.743+0000] {dagbag.py:588} INFO - Filling up the DagBag from /home/airflow/.local/lib/python3.12/site-packages/airflow/example_dags/example_sensors.py
[2025-02-22T17:21:27.748+0000] {processor.py:925} INFO - DAG(s) 'example_sensors' retrieved from /home/airflow/.local/lib/python3.12/site-packages/airflow/example_dags/example_sensors.py
[2025-02-22T17:21:27.760+0000] {logging_mixin.py:190} INFO - [2025-02-22T17:21:27.760+0000] {dag.py:3239} INFO - Sync 1 DAGs
[2025-02-22T17:21:27.765+0000] {logging_mixin.py:190} INFO - [2025-02-22T17:21:27.764+0000] {dag.py:4180} INFO - Setting next_dagrun for example_sensors to None, run_after=None
[2025-02-22T17:21:27.771+0000] {processor.py:208} INFO - Processing /home/airflow/.local/lib/python3.12/site-packages/airflow/example_dags/example_sensors.py took 0.032 seconds
[2025-02-22T17:21:58.011+0000] {processor.py:186} INFO - Started process (PID=815) to work on /home/airflow/.local/lib/python3.12/site-packages/airflow/example_dags/example_sensors.py
[2025-02-22T17:21:58.011+0000] {processor.py:914} INFO - Processing file /home/airflow/.local/lib/python3.12/site-packages/airflow/example_dags/example_sensors.py for tasks to queue
[2025-02-22T17:21:58.012+0000] {logging_mixin.py:190} INFO - [2025-02-22T17:21:58.012+0000] {dagbag.py:588} INFO - Filling up the DagBag from /home/airflow/.local/lib/python3.12/site-packages/airflow/example_dags/example_sensors.py
[2025-02-22T17:21:58.016+0000] {processor.py:925} INFO - DAG(s) 'example_sensors' retrieved from /home/airflow/.local/lib/python3.12/site-packages/airflow/example_dags/example_sensors.py
[2025-02-22T17:21:58.028+0000] {logging_mixin.py:190} INFO - [2025-02-22T17:21:58.028+0000] {dag.py:3239} INFO - Sync 1 DAGs
[2025-02-22T17:21:58.033+0000] {logging_mixin.py:190} INFO - [2025-02-22T17:21:58.033+0000] {dag.py:4180} INFO - Setting next_dagrun for example_sensors to None, run_after=None
[2025-02-22T17:21:58.042+0000] {processor.py:208} INFO - Processing /home/airflow/.local/lib/python3.12/site-packages/airflow/example_dags/example_sensors.py took 0.034 seconds
[2025-02-22T17:22:28.226+0000] {processor.py:186} INFO - Started process (PID=878) to work on /home/airflow/.local/lib/python3.12/site-packages/airflow/example_dags/example_sensors.py
[2025-02-22T17:22:28.226+0000] {processor.py:914} INFO - Processing file /home/airflow/.local/lib/python3.12/site-packages/airflow/example_dags/example_sensors.py for tasks to queue
[2025-02-22T17:22:28.227+0000] {logging_mixin.py:190} INFO - [2025-02-22T17:22:28.227+0000] {dagbag.py:588} INFO - Filling up the DagBag from /home/airflow/.local/lib/python3.12/site-packages/airflow/example_dags/example_sensors.py
[2025-02-22T17:22:28.231+0000] {processor.py:925} INFO - DAG(s) 'example_sensors' retrieved from /home/airflow/.local/lib/python3.12/site-packages/airflow/example_dags/example_sensors.py
[2025-02-22T17:22:28.243+0000] {logging_mixin.py:190} INFO - [2025-02-22T17:22:28.242+0000] {dag.py:3239} INFO - Sync 1 DAGs
[2025-02-22T17:22:28.248+0000] {logging_mixin.py:190} INFO - [2025-02-22T17:22:28.248+0000] {dag.py:4180} INFO - Setting next_dagrun for example_sensors to None, run_after=None
[2025-02-22T17:22:28.256+0000] {processor.py:208} INFO - Processing /home/airflow/.local/lib/python3.12/site-packages/airflow/example_dags/example_sensors.py took 0.032 seconds
[2025-02-22T17:22:58.454+0000] {processor.py:186} INFO - Started process (PID=941) to work on /home/airflow/.local/lib/python3.12/site-packages/airflow/example_dags/example_sensors.py
[2025-02-22T17:22:58.455+0000] {processor.py:914} INFO - Processing file /home/airflow/.local/lib/python3.12/site-packages/airflow/example_dags/example_sensors.py for tasks to queue
[2025-02-22T17:22:58.456+0000] {logging_mixin.py:190} INFO - [2025-02-22T17:22:58.455+0000] {dagbag.py:588} INFO - Filling up the DagBag from /home/airflow/.local/lib/python3.12/site-packages/airflow/example_dags/example_sensors.py
[2025-02-22T17:22:58.459+0000] {processor.py:925} INFO - DAG(s) 'example_sensors' retrieved from /home/airflow/.local/lib/python3.12/site-packages/airflow/example_dags/example_sensors.py
[2025-02-22T17:22:58.470+0000] {logging_mixin.py:190} INFO - [2025-02-22T17:22:58.470+0000] {dag.py:3239} INFO - Sync 1 DAGs
[2025-02-22T17:22:58.475+0000] {logging_mixin.py:190} INFO - [2025-02-22T17:22:58.475+0000] {dag.py:4180} INFO - Setting next_dagrun for example_sensors to None, run_after=None
[2025-02-22T17:22:58.483+0000] {processor.py:208} INFO - Processing /home/airflow/.local/lib/python3.12/site-packages/airflow/example_dags/example_sensors.py took 0.031 seconds
[2025-02-22T17:23:28.679+0000] {processor.py:186} INFO - Started process (PID=1010) to work on /home/airflow/.local/lib/python3.12/site-packages/airflow/example_dags/example_sensors.py
[2025-02-22T17:23:28.680+0000] {processor.py:914} INFO - Processing file /home/airflow/.local/lib/python3.12/site-packages/airflow/example_dags/example_sensors.py for tasks to queue
[2025-02-22T17:23:28.681+0000] {logging_mixin.py:190} INFO - [2025-02-22T17:23:28.681+0000] {dagbag.py:588} INFO - Filling up the DagBag from /home/airflow/.local/lib/python3.12/site-packages/airflow/example_dags/example_sensors.py
[2025-02-22T17:23:28.686+0000] {processor.py:925} INFO - DAG(s) 'example_sensors' retrieved from /home/airflow/.local/lib/python3.12/site-packages/airflow/example_dags/example_sensors.py
[2025-02-22T17:23:28.697+0000] {logging_mixin.py:190} INFO - [2025-02-22T17:23:28.697+0000] {dag.py:3239} INFO - Sync 1 DAGs
[2025-02-22T17:23:28.706+0000] {logging_mixin.py:190} INFO - [2025-02-22T17:23:28.706+0000] {dag.py:4180} INFO - Setting next_dagrun for example_sensors to None, run_after=None
[2025-02-22T17:23:28.716+0000] {processor.py:208} INFO - Processing /home/airflow/.local/lib/python3.12/site-packages/airflow/example_dags/example_sensors.py took 0.040 seconds
[2025-02-22T17:23:58.951+0000] {processor.py:186} INFO - Started process (PID=1073) to work on /home/airflow/.local/lib/python3.12/site-packages/airflow/example_dags/example_sensors.py
[2025-02-22T17:23:58.951+0000] {processor.py:914} INFO - Processing file /home/airflow/.local/lib/python3.12/site-packages/airflow/example_dags/example_sensors.py for tasks to queue
[2025-02-22T17:23:58.954+0000] {logging_mixin.py:190} INFO - [2025-02-22T17:23:58.954+0000] {dagbag.py:588} INFO - Filling up the DagBag from /home/airflow/.local/lib/python3.12/site-packages/airflow/example_dags/example_sensors.py
[2025-02-22T17:23:58.959+0000] {processor.py:925} INFO - DAG(s) 'example_sensors' retrieved from /home/airflow/.local/lib/python3.12/site-packages/airflow/example_dags/example_sensors.py
[2025-02-22T17:23:58.968+0000] {logging_mixin.py:190} INFO - [2025-02-22T17:23:58.968+0000] {dag.py:3239} INFO - Sync 1 DAGs
[2025-02-22T17:23:58.973+0000] {logging_mixin.py:190} INFO - [2025-02-22T17:23:58.973+0000] {dag.py:4180} INFO - Setting next_dagrun for example_sensors to None, run_after=None
[2025-02-22T17:23:58.979+0000] {processor.py:208} INFO - Processing /home/airflow/.local/lib/python3.12/site-packages/airflow/example_dags/example_sensors.py took 0.030 seconds
[2025-02-22T17:24:29.165+0000] {processor.py:186} INFO - Started process (PID=1135) to work on /home/airflow/.local/lib/python3.12/site-packages/airflow/example_dags/example_sensors.py
[2025-02-22T17:24:29.165+0000] {processor.py:914} INFO - Processing file /home/airflow/.local/lib/python3.12/site-packages/airflow/example_dags/example_sensors.py for tasks to queue
[2025-02-22T17:24:29.166+0000] {logging_mixin.py:190} INFO - [2025-02-22T17:24:29.166+0000] {dagbag.py:588} INFO - Filling up the DagBag from /home/airflow/.local/lib/python3.12/site-packages/airflow/example_dags/example_sensors.py
[2025-02-22T17:24:29.170+0000] {processor.py:925} INFO - DAG(s) 'example_sensors' retrieved from /home/airflow/.local/lib/python3.12/site-packages/airflow/example_dags/example_sensors.py
[2025-02-22T17:24:29.182+0000] {logging_mixin.py:190} INFO - [2025-02-22T17:24:29.182+0000] {dag.py:3239} INFO - Sync 1 DAGs
[2025-02-22T17:24:29.187+0000] {logging_mixin.py:190} INFO - [2025-02-22T17:24:29.187+0000] {dag.py:4180} INFO - Setting next_dagrun for example_sensors to None, run_after=None
[2025-02-22T17:24:29.194+0000] {processor.py:208} INFO - Processing /home/airflow/.local/lib/python3.12/site-packages/airflow/example_dags/example_sensors.py took 0.032 seconds
[2025-02-22T17:24:59.391+0000] {processor.py:186} INFO - Started process (PID=1198) to work on /home/airflow/.local/lib/python3.12/site-packages/airflow/example_dags/example_sensors.py
[2025-02-22T17:24:59.392+0000] {processor.py:914} INFO - Processing file /home/airflow/.local/lib/python3.12/site-packages/airflow/example_dags/example_sensors.py for tasks to queue
[2025-02-22T17:24:59.393+0000] {logging_mixin.py:190} INFO - [2025-02-22T17:24:59.393+0000] {dagbag.py:588} INFO - Filling up the DagBag from /home/airflow/.local/lib/python3.12/site-packages/airflow/example_dags/example_sensors.py
[2025-02-22T17:24:59.398+0000] {processor.py:925} INFO - DAG(s) 'example_sensors' retrieved from /home/airflow/.local/lib/python3.12/site-packages/airflow/example_dags/example_sensors.py
[2025-02-22T17:24:59.408+0000] {logging_mixin.py:190} INFO - [2025-02-22T17:24:59.408+0000] {dag.py:3239} INFO - Sync 1 DAGs
[2025-02-22T17:24:59.412+0000] {logging_mixin.py:190} INFO - [2025-02-22T17:24:59.412+0000] {dag.py:4180} INFO - Setting next_dagrun for example_sensors to None, run_after=None
[2025-02-22T17:24:59.418+0000] {processor.py:208} INFO - Processing /home/airflow/.local/lib/python3.12/site-packages/airflow/example_dags/example_sensors.py took 0.029 seconds
[2025-02-22T17:25:29.695+0000] {processor.py:186} INFO - Started process (PID=1261) to work on /home/airflow/.local/lib/python3.12/site-packages/airflow/example_dags/example_sensors.py
[2025-02-22T17:25:29.696+0000] {processor.py:914} INFO - Processing file /home/airflow/.local/lib/python3.12/site-packages/airflow/example_dags/example_sensors.py for tasks to queue
[2025-02-22T17:25:29.698+0000] {logging_mixin.py:190} INFO - [2025-02-22T17:25:29.698+0000] {dagbag.py:588} INFO - Filling up the DagBag from /home/airflow/.local/lib/python3.12/site-packages/airflow/example_dags/example_sensors.py
[2025-02-22T17:25:29.703+0000] {processor.py:925} INFO - DAG(s) 'example_sensors' retrieved from /home/airflow/.local/lib/python3.12/site-packages/airflow/example_dags/example_sensors.py
[2025-02-22T17:25:29.713+0000] {logging_mixin.py:190} INFO - [2025-02-22T17:25:29.713+0000] {dag.py:3239} INFO - Sync 1 DAGs
[2025-02-22T17:25:29.718+0000] {logging_mixin.py:190} INFO - [2025-02-22T17:25:29.718+0000] {dag.py:4180} INFO - Setting next_dagrun for example_sensors to None, run_after=None
[2025-02-22T17:25:29.724+0000] {processor.py:208} INFO - Processing /home/airflow/.local/lib/python3.12/site-packages/airflow/example_dags/example_sensors.py took 0.032 seconds
[2025-02-22T17:25:59.954+0000] {processor.py:186} INFO - Started process (PID=1324) to work on /home/airflow/.local/lib/python3.12/site-packages/airflow/example_dags/example_sensors.py
[2025-02-22T17:25:59.954+0000] {processor.py:914} INFO - Processing file /home/airflow/.local/lib/python3.12/site-packages/airflow/example_dags/example_sensors.py for tasks to queue
[2025-02-22T17:25:59.955+0000] {logging_mixin.py:190} INFO - [2025-02-22T17:25:59.955+0000] {dagbag.py:588} INFO - Filling up the DagBag from /home/airflow/.local/lib/python3.12/site-packages/airflow/example_dags/example_sensors.py
[2025-02-22T17:25:59.959+0000] {processor.py:925} INFO - DAG(s) 'example_sensors' retrieved from /home/airflow/.local/lib/python3.12/site-packages/airflow/example_dags/example_sensors.py
[2025-02-22T17:25:59.971+0000] {logging_mixin.py:190} INFO - [2025-02-22T17:25:59.971+0000] {dag.py:3239} INFO - Sync 1 DAGs
[2025-02-22T17:25:59.976+0000] {logging_mixin.py:190} INFO - [2025-02-22T17:25:59.976+0000] {dag.py:4180} INFO - Setting next_dagrun for example_sensors to None, run_after=None
[2025-02-22T17:25:59.984+0000] {processor.py:208} INFO - Processing /home/airflow/.local/lib/python3.12/site-packages/airflow/example_dags/example_sensors.py took 0.033 seconds
[2025-02-22T17:26:30.101+0000] {processor.py:186} INFO - Started process (PID=1387) to work on /home/airflow/.local/lib/python3.12/site-packages/airflow/example_dags/example_sensors.py
[2025-02-22T17:26:30.102+0000] {processor.py:914} INFO - Processing file /home/airflow/.local/lib/python3.12/site-packages/airflow/example_dags/example_sensors.py for tasks to queue
[2025-02-22T17:26:30.103+0000] {logging_mixin.py:190} INFO - [2025-02-22T17:26:30.103+0000] {dagbag.py:588} INFO - Filling up the DagBag from /home/airflow/.local/lib/python3.12/site-packages/airflow/example_dags/example_sensors.py
[2025-02-22T17:26:30.106+0000] {processor.py:925} INFO - DAG(s) 'example_sensors' retrieved from /home/airflow/.local/lib/python3.12/site-packages/airflow/example_dags/example_sensors.py
[2025-02-22T17:26:30.116+0000] {logging_mixin.py:190} INFO - [2025-02-22T17:26:30.116+0000] {dag.py:3239} INFO - Sync 1 DAGs
[2025-02-22T17:26:30.122+0000] {logging_mixin.py:190} INFO - [2025-02-22T17:26:30.122+0000] {dag.py:4180} INFO - Setting next_dagrun for example_sensors to None, run_after=None
[2025-02-22T17:26:30.128+0000] {processor.py:208} INFO - Processing /home/airflow/.local/lib/python3.12/site-packages/airflow/example_dags/example_sensors.py took 0.029 seconds
