[2025-02-22T17:05:26.057+0000] {processor.py:186} INFO - Started process (PID=59) to work on /home/airflow/.local/lib/python3.12/site-packages/airflow/example_dags/example_bash_decorator.py
[2025-02-22T17:05:26.057+0000] {processor.py:914} INFO - Processing file /home/airflow/.local/lib/python3.12/site-packages/airflow/example_dags/example_bash_decorator.py for tasks to queue
[2025-02-22T17:05:26.058+0000] {logging_mixin.py:190} INFO - [2025-02-22T17:05:26.058+0000] {dagbag.py:588} INFO - Filling up the DagBag from /home/airflow/.local/lib/python3.12/site-packages/airflow/example_dags/example_bash_decorator.py
[2025-02-22T17:05:26.065+0000] {processor.py:925} INFO - DAG(s) 'example_bash_decorator' retrieved from /home/airflow/.local/lib/python3.12/site-packages/airflow/example_dags/example_bash_decorator.py
[2025-02-22T17:05:26.109+0000] {logging_mixin.py:190} INFO - [2025-02-22T17:05:26.109+0000] {override.py:1912} INFO - Created Permission View: can edit on DAG:example_bash_decorator
[2025-02-22T17:05:26.112+0000] {logging_mixin.py:190} INFO - [2025-02-22T17:05:26.112+0000] {override.py:1912} INFO - Created Permission View: can delete on DAG:example_bash_decorator
[2025-02-22T17:05:26.114+0000] {logging_mixin.py:190} INFO - [2025-02-22T17:05:26.114+0000] {override.py:1912} INFO - Created Permission View: can read on DAG:example_bash_decorator
[2025-02-22T17:05:26.116+0000] {logging_mixin.py:190} INFO - [2025-02-22T17:05:26.116+0000] {override.py:1912} INFO - Created Permission View: menu access on DAG Run:example_bash_decorator
[2025-02-22T17:05:26.118+0000] {logging_mixin.py:190} INFO - [2025-02-22T17:05:26.118+0000] {override.py:1912} INFO - Created Permission View: can create on DAG Run:example_bash_decorator
[2025-02-22T17:05:26.120+0000] {logging_mixin.py:190} INFO - [2025-02-22T17:05:26.120+0000] {override.py:1912} INFO - Created Permission View: can delete on DAG Run:example_bash_decorator
[2025-02-22T17:05:26.121+0000] {logging_mixin.py:190} INFO - [2025-02-22T17:05:26.121+0000] {override.py:1912} INFO - Created Permission View: can read on DAG Run:example_bash_decorator
[2025-02-22T17:05:26.122+0000] {logging_mixin.py:190} INFO - [2025-02-22T17:05:26.122+0000] {dag.py:3239} INFO - Sync 1 DAGs
[2025-02-22T17:05:26.126+0000] {logging_mixin.py:190} INFO - [2025-02-22T17:05:26.126+0000] {dag.py:3262} INFO - Creating ORM DAG for example_bash_decorator
[2025-02-22T17:05:26.127+0000] {logging_mixin.py:190} INFO - [2025-02-22T17:05:26.127+0000] {dag.py:4180} INFO - Setting next_dagrun for example_bash_decorator to None, run_after=None
[2025-02-22T17:05:26.132+0000] {processor.py:208} INFO - Processing /home/airflow/.local/lib/python3.12/site-packages/airflow/example_dags/example_bash_decorator.py took 0.078 seconds
[2025-02-22T17:05:56.144+0000] {processor.py:186} INFO - Started process (PID=121) to work on /home/airflow/.local/lib/python3.12/site-packages/airflow/example_dags/example_bash_decorator.py
[2025-02-22T17:05:56.144+0000] {processor.py:914} INFO - Processing file /home/airflow/.local/lib/python3.12/site-packages/airflow/example_dags/example_bash_decorator.py for tasks to queue
[2025-02-22T17:05:56.145+0000] {logging_mixin.py:190} INFO - [2025-02-22T17:05:56.145+0000] {dagbag.py:588} INFO - Filling up the DagBag from /home/airflow/.local/lib/python3.12/site-packages/airflow/example_dags/example_bash_decorator.py
[2025-02-22T17:05:56.150+0000] {processor.py:925} INFO - DAG(s) 'example_bash_decorator' retrieved from /home/airflow/.local/lib/python3.12/site-packages/airflow/example_dags/example_bash_decorator.py
[2025-02-22T17:05:56.157+0000] {logging_mixin.py:190} INFO - [2025-02-22T17:05:56.157+0000] {dag.py:3239} INFO - Sync 1 DAGs
[2025-02-22T17:05:56.161+0000] {logging_mixin.py:190} INFO - [2025-02-22T17:05:56.161+0000] {dag.py:4180} INFO - Setting next_dagrun for example_bash_decorator to None, run_after=None
[2025-02-22T17:05:56.167+0000] {processor.py:208} INFO - Processing /home/airflow/.local/lib/python3.12/site-packages/airflow/example_dags/example_bash_decorator.py took 0.026 seconds
[2025-02-22T17:06:26.226+0000] {processor.py:186} INFO - Started process (PID=184) to work on /home/airflow/.local/lib/python3.12/site-packages/airflow/example_dags/example_bash_decorator.py
[2025-02-22T17:06:26.227+0000] {processor.py:914} INFO - Processing file /home/airflow/.local/lib/python3.12/site-packages/airflow/example_dags/example_bash_decorator.py for tasks to queue
[2025-02-22T17:06:26.228+0000] {logging_mixin.py:190} INFO - [2025-02-22T17:06:26.227+0000] {dagbag.py:588} INFO - Filling up the DagBag from /home/airflow/.local/lib/python3.12/site-packages/airflow/example_dags/example_bash_decorator.py
[2025-02-22T17:06:26.234+0000] {processor.py:925} INFO - DAG(s) 'example_bash_decorator' retrieved from /home/airflow/.local/lib/python3.12/site-packages/airflow/example_dags/example_bash_decorator.py
[2025-02-22T17:06:26.243+0000] {logging_mixin.py:190} INFO - [2025-02-22T17:06:26.243+0000] {dag.py:3239} INFO - Sync 1 DAGs
[2025-02-22T17:06:26.248+0000] {logging_mixin.py:190} INFO - [2025-02-22T17:06:26.248+0000] {dag.py:4180} INFO - Setting next_dagrun for example_bash_decorator to None, run_after=None
[2025-02-22T17:06:26.254+0000] {processor.py:208} INFO - Processing /home/airflow/.local/lib/python3.12/site-packages/airflow/example_dags/example_bash_decorator.py took 0.031 seconds
[2025-02-22T17:06:56.391+0000] {processor.py:186} INFO - Started process (PID=246) to work on /home/airflow/.local/lib/python3.12/site-packages/airflow/example_dags/example_bash_decorator.py
[2025-02-22T17:06:56.392+0000] {processor.py:914} INFO - Processing file /home/airflow/.local/lib/python3.12/site-packages/airflow/example_dags/example_bash_decorator.py for tasks to queue
[2025-02-22T17:06:56.393+0000] {logging_mixin.py:190} INFO - [2025-02-22T17:06:56.393+0000] {dagbag.py:588} INFO - Filling up the DagBag from /home/airflow/.local/lib/python3.12/site-packages/airflow/example_dags/example_bash_decorator.py
[2025-02-22T17:06:56.398+0000] {processor.py:925} INFO - DAG(s) 'example_bash_decorator' retrieved from /home/airflow/.local/lib/python3.12/site-packages/airflow/example_dags/example_bash_decorator.py
[2025-02-22T17:06:56.406+0000] {logging_mixin.py:190} INFO - [2025-02-22T17:06:56.406+0000] {dag.py:3239} INFO - Sync 1 DAGs
[2025-02-22T17:06:56.410+0000] {logging_mixin.py:190} INFO - [2025-02-22T17:06:56.410+0000] {dag.py:4180} INFO - Setting next_dagrun for example_bash_decorator to None, run_after=None
[2025-02-22T17:06:56.416+0000] {processor.py:208} INFO - Processing /home/airflow/.local/lib/python3.12/site-packages/airflow/example_dags/example_bash_decorator.py took 0.027 seconds
[2025-02-22T17:07:26.471+0000] {processor.py:186} INFO - Started process (PID=309) to work on /home/airflow/.local/lib/python3.12/site-packages/airflow/example_dags/example_bash_decorator.py
[2025-02-22T17:07:26.475+0000] {processor.py:914} INFO - Processing file /home/airflow/.local/lib/python3.12/site-packages/airflow/example_dags/example_bash_decorator.py for tasks to queue
[2025-02-22T17:07:26.476+0000] {logging_mixin.py:190} INFO - [2025-02-22T17:07:26.475+0000] {dagbag.py:588} INFO - Filling up the DagBag from /home/airflow/.local/lib/python3.12/site-packages/airflow/example_dags/example_bash_decorator.py
[2025-02-22T17:07:26.481+0000] {processor.py:925} INFO - DAG(s) 'example_bash_decorator' retrieved from /home/airflow/.local/lib/python3.12/site-packages/airflow/example_dags/example_bash_decorator.py
[2025-02-22T17:07:26.492+0000] {logging_mixin.py:190} INFO - [2025-02-22T17:07:26.491+0000] {dag.py:3239} INFO - Sync 1 DAGs
[2025-02-22T17:07:26.498+0000] {logging_mixin.py:190} INFO - [2025-02-22T17:07:26.498+0000] {dag.py:4180} INFO - Setting next_dagrun for example_bash_decorator to None, run_after=None
[2025-02-22T17:07:26.503+0000] {processor.py:208} INFO - Processing /home/airflow/.local/lib/python3.12/site-packages/airflow/example_dags/example_bash_decorator.py took 0.034 seconds
[2025-02-22T17:07:56.560+0000] {processor.py:186} INFO - Started process (PID=371) to work on /home/airflow/.local/lib/python3.12/site-packages/airflow/example_dags/example_bash_decorator.py
[2025-02-22T17:07:56.560+0000] {processor.py:914} INFO - Processing file /home/airflow/.local/lib/python3.12/site-packages/airflow/example_dags/example_bash_decorator.py for tasks to queue
[2025-02-22T17:07:56.561+0000] {logging_mixin.py:190} INFO - [2025-02-22T17:07:56.561+0000] {dagbag.py:588} INFO - Filling up the DagBag from /home/airflow/.local/lib/python3.12/site-packages/airflow/example_dags/example_bash_decorator.py
[2025-02-22T17:07:56.567+0000] {processor.py:925} INFO - DAG(s) 'example_bash_decorator' retrieved from /home/airflow/.local/lib/python3.12/site-packages/airflow/example_dags/example_bash_decorator.py
[2025-02-22T17:07:56.575+0000] {logging_mixin.py:190} INFO - [2025-02-22T17:07:56.575+0000] {dag.py:3239} INFO - Sync 1 DAGs
[2025-02-22T17:07:56.579+0000] {logging_mixin.py:190} INFO - [2025-02-22T17:07:56.579+0000] {dag.py:4180} INFO - Setting next_dagrun for example_bash_decorator to None, run_after=None
[2025-02-22T17:07:56.586+0000] {processor.py:208} INFO - Processing /home/airflow/.local/lib/python3.12/site-packages/airflow/example_dags/example_bash_decorator.py took 0.028 seconds
[2025-02-22T17:08:27.603+0000] {processor.py:186} INFO - Started process (PID=434) to work on /home/airflow/.local/lib/python3.12/site-packages/airflow/example_dags/example_bash_decorator.py
[2025-02-22T17:08:27.603+0000] {processor.py:914} INFO - Processing file /home/airflow/.local/lib/python3.12/site-packages/airflow/example_dags/example_bash_decorator.py for tasks to queue
[2025-02-22T17:08:27.605+0000] {logging_mixin.py:190} INFO - [2025-02-22T17:08:27.605+0000] {dagbag.py:588} INFO - Filling up the DagBag from /home/airflow/.local/lib/python3.12/site-packages/airflow/example_dags/example_bash_decorator.py
[2025-02-22T17:08:27.611+0000] {processor.py:925} INFO - DAG(s) 'example_bash_decorator' retrieved from /home/airflow/.local/lib/python3.12/site-packages/airflow/example_dags/example_bash_decorator.py
[2025-02-22T17:08:27.622+0000] {logging_mixin.py:190} INFO - [2025-02-22T17:08:27.621+0000] {dag.py:3239} INFO - Sync 1 DAGs
[2025-02-22T17:08:27.628+0000] {logging_mixin.py:190} INFO - [2025-02-22T17:08:27.628+0000] {dag.py:4180} INFO - Setting next_dagrun for example_bash_decorator to None, run_after=None
[2025-02-22T17:08:27.633+0000] {processor.py:208} INFO - Processing /home/airflow/.local/lib/python3.12/site-packages/airflow/example_dags/example_bash_decorator.py took 0.033 seconds
[2025-02-22T17:08:58.643+0000] {processor.py:186} INFO - Started process (PID=497) to work on /home/airflow/.local/lib/python3.12/site-packages/airflow/example_dags/example_bash_decorator.py
[2025-02-22T17:08:58.643+0000] {processor.py:914} INFO - Processing file /home/airflow/.local/lib/python3.12/site-packages/airflow/example_dags/example_bash_decorator.py for tasks to queue
[2025-02-22T17:08:58.644+0000] {logging_mixin.py:190} INFO - [2025-02-22T17:08:58.644+0000] {dagbag.py:588} INFO - Filling up the DagBag from /home/airflow/.local/lib/python3.12/site-packages/airflow/example_dags/example_bash_decorator.py
[2025-02-22T17:08:58.650+0000] {processor.py:925} INFO - DAG(s) 'example_bash_decorator' retrieved from /home/airflow/.local/lib/python3.12/site-packages/airflow/example_dags/example_bash_decorator.py
[2025-02-22T17:08:58.657+0000] {logging_mixin.py:190} INFO - [2025-02-22T17:08:58.657+0000] {dag.py:3239} INFO - Sync 1 DAGs
[2025-02-22T17:08:58.661+0000] {logging_mixin.py:190} INFO - [2025-02-22T17:08:58.661+0000] {dag.py:4180} INFO - Setting next_dagrun for example_bash_decorator to None, run_after=None
[2025-02-22T17:08:58.667+0000] {processor.py:208} INFO - Processing /home/airflow/.local/lib/python3.12/site-packages/airflow/example_dags/example_bash_decorator.py took 0.026 seconds
[2025-02-22T17:09:29.665+0000] {processor.py:186} INFO - Started process (PID=560) to work on /home/airflow/.local/lib/python3.12/site-packages/airflow/example_dags/example_bash_decorator.py
[2025-02-22T17:09:29.666+0000] {processor.py:914} INFO - Processing file /home/airflow/.local/lib/python3.12/site-packages/airflow/example_dags/example_bash_decorator.py for tasks to queue
[2025-02-22T17:09:29.669+0000] {logging_mixin.py:190} INFO - [2025-02-22T17:09:29.669+0000] {dagbag.py:588} INFO - Filling up the DagBag from /home/airflow/.local/lib/python3.12/site-packages/airflow/example_dags/example_bash_decorator.py
[2025-02-22T17:09:29.675+0000] {processor.py:925} INFO - DAG(s) 'example_bash_decorator' retrieved from /home/airflow/.local/lib/python3.12/site-packages/airflow/example_dags/example_bash_decorator.py
[2025-02-22T17:09:29.683+0000] {logging_mixin.py:190} INFO - [2025-02-22T17:09:29.683+0000] {dag.py:3239} INFO - Sync 1 DAGs
[2025-02-22T17:09:29.689+0000] {logging_mixin.py:190} INFO - [2025-02-22T17:09:29.689+0000] {dag.py:4180} INFO - Setting next_dagrun for example_bash_decorator to None, run_after=None
[2025-02-22T17:09:29.696+0000] {processor.py:208} INFO - Processing /home/airflow/.local/lib/python3.12/site-packages/airflow/example_dags/example_bash_decorator.py took 0.033 seconds
[2025-02-22T17:10:00.653+0000] {processor.py:186} INFO - Started process (PID=623) to work on /home/airflow/.local/lib/python3.12/site-packages/airflow/example_dags/example_bash_decorator.py
[2025-02-22T17:10:00.656+0000] {processor.py:914} INFO - Processing file /home/airflow/.local/lib/python3.12/site-packages/airflow/example_dags/example_bash_decorator.py for tasks to queue
[2025-02-22T17:10:00.657+0000] {logging_mixin.py:190} INFO - [2025-02-22T17:10:00.657+0000] {dagbag.py:588} INFO - Filling up the DagBag from /home/airflow/.local/lib/python3.12/site-packages/airflow/example_dags/example_bash_decorator.py
[2025-02-22T17:10:00.663+0000] {processor.py:925} INFO - DAG(s) 'example_bash_decorator' retrieved from /home/airflow/.local/lib/python3.12/site-packages/airflow/example_dags/example_bash_decorator.py
[2025-02-22T17:10:00.672+0000] {logging_mixin.py:190} INFO - [2025-02-22T17:10:00.672+0000] {dag.py:3239} INFO - Sync 1 DAGs
[2025-02-22T17:10:00.679+0000] {logging_mixin.py:190} INFO - [2025-02-22T17:10:00.679+0000] {dag.py:4180} INFO - Setting next_dagrun for example_bash_decorator to None, run_after=None
[2025-02-22T17:10:00.685+0000] {processor.py:208} INFO - Processing /home/airflow/.local/lib/python3.12/site-packages/airflow/example_dags/example_bash_decorator.py took 0.034 seconds
[2025-02-22T17:10:31.687+0000] {processor.py:186} INFO - Started process (PID=686) to work on /home/airflow/.local/lib/python3.12/site-packages/airflow/example_dags/example_bash_decorator.py
[2025-02-22T17:10:31.687+0000] {processor.py:914} INFO - Processing file /home/airflow/.local/lib/python3.12/site-packages/airflow/example_dags/example_bash_decorator.py for tasks to queue
[2025-02-22T17:10:31.688+0000] {logging_mixin.py:190} INFO - [2025-02-22T17:10:31.688+0000] {dagbag.py:588} INFO - Filling up the DagBag from /home/airflow/.local/lib/python3.12/site-packages/airflow/example_dags/example_bash_decorator.py
[2025-02-22T17:10:31.694+0000] {processor.py:925} INFO - DAG(s) 'example_bash_decorator' retrieved from /home/airflow/.local/lib/python3.12/site-packages/airflow/example_dags/example_bash_decorator.py
[2025-02-22T17:10:31.702+0000] {logging_mixin.py:190} INFO - [2025-02-22T17:10:31.702+0000] {dag.py:3239} INFO - Sync 1 DAGs
[2025-02-22T17:10:31.706+0000] {logging_mixin.py:190} INFO - [2025-02-22T17:10:31.706+0000] {dag.py:4180} INFO - Setting next_dagrun for example_bash_decorator to None, run_after=None
[2025-02-22T17:10:31.712+0000] {processor.py:208} INFO - Processing /home/airflow/.local/lib/python3.12/site-packages/airflow/example_dags/example_bash_decorator.py took 0.028 seconds
[2025-02-22T17:11:02.692+0000] {processor.py:186} INFO - Started process (PID=749) to work on /home/airflow/.local/lib/python3.12/site-packages/airflow/example_dags/example_bash_decorator.py
[2025-02-22T17:11:02.693+0000] {processor.py:914} INFO - Processing file /home/airflow/.local/lib/python3.12/site-packages/airflow/example_dags/example_bash_decorator.py for tasks to queue
[2025-02-22T17:11:02.694+0000] {logging_mixin.py:190} INFO - [2025-02-22T17:11:02.694+0000] {dagbag.py:588} INFO - Filling up the DagBag from /home/airflow/.local/lib/python3.12/site-packages/airflow/example_dags/example_bash_decorator.py
[2025-02-22T17:11:02.699+0000] {processor.py:925} INFO - DAG(s) 'example_bash_decorator' retrieved from /home/airflow/.local/lib/python3.12/site-packages/airflow/example_dags/example_bash_decorator.py
[2025-02-22T17:11:02.707+0000] {logging_mixin.py:190} INFO - [2025-02-22T17:11:02.707+0000] {dag.py:3239} INFO - Sync 1 DAGs
[2025-02-22T17:11:02.712+0000] {logging_mixin.py:190} INFO - [2025-02-22T17:11:02.712+0000] {dag.py:4180} INFO - Setting next_dagrun for example_bash_decorator to None, run_after=None
[2025-02-22T17:11:02.718+0000] {processor.py:208} INFO - Processing /home/airflow/.local/lib/python3.12/site-packages/airflow/example_dags/example_bash_decorator.py took 0.029 seconds
[2025-02-22T17:11:33.675+0000] {processor.py:186} INFO - Started process (PID=812) to work on /home/airflow/.local/lib/python3.12/site-packages/airflow/example_dags/example_bash_decorator.py
[2025-02-22T17:11:33.675+0000] {processor.py:914} INFO - Processing file /home/airflow/.local/lib/python3.12/site-packages/airflow/example_dags/example_bash_decorator.py for tasks to queue
[2025-02-22T17:11:33.676+0000] {logging_mixin.py:190} INFO - [2025-02-22T17:11:33.676+0000] {dagbag.py:588} INFO - Filling up the DagBag from /home/airflow/.local/lib/python3.12/site-packages/airflow/example_dags/example_bash_decorator.py
[2025-02-22T17:11:33.682+0000] {processor.py:925} INFO - DAG(s) 'example_bash_decorator' retrieved from /home/airflow/.local/lib/python3.12/site-packages/airflow/example_dags/example_bash_decorator.py
[2025-02-22T17:11:33.690+0000] {logging_mixin.py:190} INFO - [2025-02-22T17:11:33.690+0000] {dag.py:3239} INFO - Sync 1 DAGs
[2025-02-22T17:11:33.695+0000] {logging_mixin.py:190} INFO - [2025-02-22T17:11:33.695+0000] {dag.py:4180} INFO - Setting next_dagrun for example_bash_decorator to None, run_after=None
[2025-02-22T17:11:33.702+0000] {processor.py:208} INFO - Processing /home/airflow/.local/lib/python3.12/site-packages/airflow/example_dags/example_bash_decorator.py took 0.029 seconds
[2025-02-22T17:12:04.641+0000] {processor.py:186} INFO - Started process (PID=875) to work on /home/airflow/.local/lib/python3.12/site-packages/airflow/example_dags/example_bash_decorator.py
[2025-02-22T17:12:04.642+0000] {processor.py:914} INFO - Processing file /home/airflow/.local/lib/python3.12/site-packages/airflow/example_dags/example_bash_decorator.py for tasks to queue
[2025-02-22T17:12:04.643+0000] {logging_mixin.py:190} INFO - [2025-02-22T17:12:04.643+0000] {dagbag.py:588} INFO - Filling up the DagBag from /home/airflow/.local/lib/python3.12/site-packages/airflow/example_dags/example_bash_decorator.py
[2025-02-22T17:12:04.649+0000] {processor.py:925} INFO - DAG(s) 'example_bash_decorator' retrieved from /home/airflow/.local/lib/python3.12/site-packages/airflow/example_dags/example_bash_decorator.py
[2025-02-22T17:12:04.658+0000] {logging_mixin.py:190} INFO - [2025-02-22T17:12:04.658+0000] {dag.py:3239} INFO - Sync 1 DAGs
[2025-02-22T17:12:04.663+0000] {logging_mixin.py:190} INFO - [2025-02-22T17:12:04.663+0000] {dag.py:4180} INFO - Setting next_dagrun for example_bash_decorator to None, run_after=None
[2025-02-22T17:12:04.669+0000] {processor.py:208} INFO - Processing /home/airflow/.local/lib/python3.12/site-packages/airflow/example_dags/example_bash_decorator.py took 0.031 seconds
[2025-02-22T17:12:35.693+0000] {processor.py:186} INFO - Started process (PID=938) to work on /home/airflow/.local/lib/python3.12/site-packages/airflow/example_dags/example_bash_decorator.py
[2025-02-22T17:12:35.693+0000] {processor.py:914} INFO - Processing file /home/airflow/.local/lib/python3.12/site-packages/airflow/example_dags/example_bash_decorator.py for tasks to queue
[2025-02-22T17:12:35.694+0000] {logging_mixin.py:190} INFO - [2025-02-22T17:12:35.694+0000] {dagbag.py:588} INFO - Filling up the DagBag from /home/airflow/.local/lib/python3.12/site-packages/airflow/example_dags/example_bash_decorator.py
[2025-02-22T17:12:35.700+0000] {processor.py:925} INFO - DAG(s) 'example_bash_decorator' retrieved from /home/airflow/.local/lib/python3.12/site-packages/airflow/example_dags/example_bash_decorator.py
[2025-02-22T17:12:35.708+0000] {logging_mixin.py:190} INFO - [2025-02-22T17:12:35.708+0000] {dag.py:3239} INFO - Sync 1 DAGs
[2025-02-22T17:12:35.713+0000] {logging_mixin.py:190} INFO - [2025-02-22T17:12:35.713+0000] {dag.py:4180} INFO - Setting next_dagrun for example_bash_decorator to None, run_after=None
[2025-02-22T17:12:35.719+0000] {processor.py:208} INFO - Processing /home/airflow/.local/lib/python3.12/site-packages/airflow/example_dags/example_bash_decorator.py took 0.029 seconds
[2025-02-22T17:13:06.666+0000] {processor.py:186} INFO - Started process (PID=1001) to work on /home/airflow/.local/lib/python3.12/site-packages/airflow/example_dags/example_bash_decorator.py
[2025-02-22T17:13:06.668+0000] {processor.py:914} INFO - Processing file /home/airflow/.local/lib/python3.12/site-packages/airflow/example_dags/example_bash_decorator.py for tasks to queue
[2025-02-22T17:13:06.669+0000] {logging_mixin.py:190} INFO - [2025-02-22T17:13:06.669+0000] {dagbag.py:588} INFO - Filling up the DagBag from /home/airflow/.local/lib/python3.12/site-packages/airflow/example_dags/example_bash_decorator.py
[2025-02-22T17:13:06.675+0000] {processor.py:925} INFO - DAG(s) 'example_bash_decorator' retrieved from /home/airflow/.local/lib/python3.12/site-packages/airflow/example_dags/example_bash_decorator.py
[2025-02-22T17:13:06.683+0000] {logging_mixin.py:190} INFO - [2025-02-22T17:13:06.683+0000] {dag.py:3239} INFO - Sync 1 DAGs
[2025-02-22T17:13:06.688+0000] {logging_mixin.py:190} INFO - [2025-02-22T17:13:06.688+0000] {dag.py:4180} INFO - Setting next_dagrun for example_bash_decorator to None, run_after=None
[2025-02-22T17:13:06.697+0000] {processor.py:208} INFO - Processing /home/airflow/.local/lib/python3.12/site-packages/airflow/example_dags/example_bash_decorator.py took 0.033 seconds
[2025-02-22T17:15:54.654+0000] {processor.py:186} INFO - Started process (PID=53) to work on /home/airflow/.local/lib/python3.12/site-packages/airflow/example_dags/example_bash_decorator.py
[2025-02-22T17:15:54.655+0000] {processor.py:914} INFO - Processing file /home/airflow/.local/lib/python3.12/site-packages/airflow/example_dags/example_bash_decorator.py for tasks to queue
[2025-02-22T17:15:54.659+0000] {logging_mixin.py:190} INFO - [2025-02-22T17:15:54.659+0000] {dagbag.py:588} INFO - Filling up the DagBag from /home/airflow/.local/lib/python3.12/site-packages/airflow/example_dags/example_bash_decorator.py
[2025-02-22T17:15:54.667+0000] {processor.py:925} INFO - DAG(s) 'example_bash_decorator' retrieved from /home/airflow/.local/lib/python3.12/site-packages/airflow/example_dags/example_bash_decorator.py
[2025-02-22T17:15:54.725+0000] {logging_mixin.py:190} INFO - [2025-02-22T17:15:54.725+0000] {dag.py:3239} INFO - Sync 1 DAGs
[2025-02-22T17:15:54.735+0000] {logging_mixin.py:190} INFO - [2025-02-22T17:15:54.735+0000] {dag.py:4180} INFO - Setting next_dagrun for example_bash_decorator to None, run_after=None
[2025-02-22T17:15:54.746+0000] {processor.py:208} INFO - Processing /home/airflow/.local/lib/python3.12/site-packages/airflow/example_dags/example_bash_decorator.py took 0.096 seconds
[2025-02-22T17:16:25.028+0000] {processor.py:186} INFO - Started process (PID=116) to work on /home/airflow/.local/lib/python3.12/site-packages/airflow/example_dags/example_bash_decorator.py
[2025-02-22T17:16:25.030+0000] {processor.py:914} INFO - Processing file /home/airflow/.local/lib/python3.12/site-packages/airflow/example_dags/example_bash_decorator.py for tasks to queue
[2025-02-22T17:16:25.031+0000] {logging_mixin.py:190} INFO - [2025-02-22T17:16:25.031+0000] {dagbag.py:588} INFO - Filling up the DagBag from /home/airflow/.local/lib/python3.12/site-packages/airflow/example_dags/example_bash_decorator.py
[2025-02-22T17:16:25.037+0000] {processor.py:925} INFO - DAG(s) 'example_bash_decorator' retrieved from /home/airflow/.local/lib/python3.12/site-packages/airflow/example_dags/example_bash_decorator.py
[2025-02-22T17:16:25.046+0000] {logging_mixin.py:190} INFO - [2025-02-22T17:16:25.046+0000] {dag.py:3239} INFO - Sync 1 DAGs
[2025-02-22T17:16:25.052+0000] {logging_mixin.py:190} INFO - [2025-02-22T17:16:25.052+0000] {dag.py:4180} INFO - Setting next_dagrun for example_bash_decorator to None, run_after=None
[2025-02-22T17:16:25.059+0000] {processor.py:208} INFO - Processing /home/airflow/.local/lib/python3.12/site-packages/airflow/example_dags/example_bash_decorator.py took 0.033 seconds
[2025-02-22T17:16:55.230+0000] {processor.py:186} INFO - Started process (PID=179) to work on /home/airflow/.local/lib/python3.12/site-packages/airflow/example_dags/example_bash_decorator.py
[2025-02-22T17:16:55.230+0000] {processor.py:914} INFO - Processing file /home/airflow/.local/lib/python3.12/site-packages/airflow/example_dags/example_bash_decorator.py for tasks to queue
[2025-02-22T17:16:55.231+0000] {logging_mixin.py:190} INFO - [2025-02-22T17:16:55.231+0000] {dagbag.py:588} INFO - Filling up the DagBag from /home/airflow/.local/lib/python3.12/site-packages/airflow/example_dags/example_bash_decorator.py
[2025-02-22T17:16:55.237+0000] {processor.py:925} INFO - DAG(s) 'example_bash_decorator' retrieved from /home/airflow/.local/lib/python3.12/site-packages/airflow/example_dags/example_bash_decorator.py
[2025-02-22T17:16:55.246+0000] {logging_mixin.py:190} INFO - [2025-02-22T17:16:55.246+0000] {dag.py:3239} INFO - Sync 1 DAGs
[2025-02-22T17:16:55.254+0000] {logging_mixin.py:190} INFO - [2025-02-22T17:16:55.254+0000] {dag.py:4180} INFO - Setting next_dagrun for example_bash_decorator to None, run_after=None
[2025-02-22T17:16:55.262+0000] {processor.py:208} INFO - Processing /home/airflow/.local/lib/python3.12/site-packages/airflow/example_dags/example_bash_decorator.py took 0.034 seconds
[2025-02-22T17:17:25.280+0000] {processor.py:186} INFO - Started process (PID=241) to work on /home/airflow/.local/lib/python3.12/site-packages/airflow/example_dags/example_bash_decorator.py
[2025-02-22T17:17:25.280+0000] {processor.py:914} INFO - Processing file /home/airflow/.local/lib/python3.12/site-packages/airflow/example_dags/example_bash_decorator.py for tasks to queue
[2025-02-22T17:17:25.281+0000] {logging_mixin.py:190} INFO - [2025-02-22T17:17:25.281+0000] {dagbag.py:588} INFO - Filling up the DagBag from /home/airflow/.local/lib/python3.12/site-packages/airflow/example_dags/example_bash_decorator.py
[2025-02-22T17:17:25.286+0000] {processor.py:925} INFO - DAG(s) 'example_bash_decorator' retrieved from /home/airflow/.local/lib/python3.12/site-packages/airflow/example_dags/example_bash_decorator.py
[2025-02-22T17:17:25.294+0000] {logging_mixin.py:190} INFO - [2025-02-22T17:17:25.294+0000] {dag.py:3239} INFO - Sync 1 DAGs
[2025-02-22T17:17:25.298+0000] {logging_mixin.py:190} INFO - [2025-02-22T17:17:25.298+0000] {dag.py:4180} INFO - Setting next_dagrun for example_bash_decorator to None, run_after=None
[2025-02-22T17:17:25.304+0000] {processor.py:208} INFO - Processing /home/airflow/.local/lib/python3.12/site-packages/airflow/example_dags/example_bash_decorator.py took 0.026 seconds
[2025-02-22T17:17:55.481+0000] {processor.py:186} INFO - Started process (PID=304) to work on /home/airflow/.local/lib/python3.12/site-packages/airflow/example_dags/example_bash_decorator.py
[2025-02-22T17:17:55.482+0000] {processor.py:914} INFO - Processing file /home/airflow/.local/lib/python3.12/site-packages/airflow/example_dags/example_bash_decorator.py for tasks to queue
[2025-02-22T17:17:55.483+0000] {logging_mixin.py:190} INFO - [2025-02-22T17:17:55.483+0000] {dagbag.py:588} INFO - Filling up the DagBag from /home/airflow/.local/lib/python3.12/site-packages/airflow/example_dags/example_bash_decorator.py
[2025-02-22T17:17:55.489+0000] {processor.py:925} INFO - DAG(s) 'example_bash_decorator' retrieved from /home/airflow/.local/lib/python3.12/site-packages/airflow/example_dags/example_bash_decorator.py
[2025-02-22T17:17:55.500+0000] {logging_mixin.py:190} INFO - [2025-02-22T17:17:55.500+0000] {dag.py:3239} INFO - Sync 1 DAGs
[2025-02-22T17:17:55.505+0000] {logging_mixin.py:190} INFO - [2025-02-22T17:17:55.505+0000] {dag.py:4180} INFO - Setting next_dagrun for example_bash_decorator to None, run_after=None
[2025-02-22T17:17:55.512+0000] {processor.py:208} INFO - Processing /home/airflow/.local/lib/python3.12/site-packages/airflow/example_dags/example_bash_decorator.py took 0.033 seconds
[2025-02-22T17:18:25.745+0000] {processor.py:186} INFO - Started process (PID=367) to work on /home/airflow/.local/lib/python3.12/site-packages/airflow/example_dags/example_bash_decorator.py
[2025-02-22T17:18:25.746+0000] {processor.py:914} INFO - Processing file /home/airflow/.local/lib/python3.12/site-packages/airflow/example_dags/example_bash_decorator.py for tasks to queue
[2025-02-22T17:18:25.747+0000] {logging_mixin.py:190} INFO - [2025-02-22T17:18:25.747+0000] {dagbag.py:588} INFO - Filling up the DagBag from /home/airflow/.local/lib/python3.12/site-packages/airflow/example_dags/example_bash_decorator.py
[2025-02-22T17:18:25.753+0000] {processor.py:925} INFO - DAG(s) 'example_bash_decorator' retrieved from /home/airflow/.local/lib/python3.12/site-packages/airflow/example_dags/example_bash_decorator.py
[2025-02-22T17:18:25.762+0000] {logging_mixin.py:190} INFO - [2025-02-22T17:18:25.762+0000] {dag.py:3239} INFO - Sync 1 DAGs
[2025-02-22T17:18:25.767+0000] {logging_mixin.py:190} INFO - [2025-02-22T17:18:25.767+0000] {dag.py:4180} INFO - Setting next_dagrun for example_bash_decorator to None, run_after=None
[2025-02-22T17:18:25.773+0000] {processor.py:208} INFO - Processing /home/airflow/.local/lib/python3.12/site-packages/airflow/example_dags/example_bash_decorator.py took 0.030 seconds
[2025-02-22T17:18:55.820+0000] {processor.py:186} INFO - Started process (PID=430) to work on /home/airflow/.local/lib/python3.12/site-packages/airflow/example_dags/example_bash_decorator.py
[2025-02-22T17:18:55.821+0000] {processor.py:914} INFO - Processing file /home/airflow/.local/lib/python3.12/site-packages/airflow/example_dags/example_bash_decorator.py for tasks to queue
[2025-02-22T17:18:55.822+0000] {logging_mixin.py:190} INFO - [2025-02-22T17:18:55.822+0000] {dagbag.py:588} INFO - Filling up the DagBag from /home/airflow/.local/lib/python3.12/site-packages/airflow/example_dags/example_bash_decorator.py
[2025-02-22T17:18:55.829+0000] {processor.py:925} INFO - DAG(s) 'example_bash_decorator' retrieved from /home/airflow/.local/lib/python3.12/site-packages/airflow/example_dags/example_bash_decorator.py
[2025-02-22T17:18:55.838+0000] {logging_mixin.py:190} INFO - [2025-02-22T17:18:55.838+0000] {dag.py:3239} INFO - Sync 1 DAGs
[2025-02-22T17:18:55.843+0000] {logging_mixin.py:190} INFO - [2025-02-22T17:18:55.843+0000] {dag.py:4180} INFO - Setting next_dagrun for example_bash_decorator to None, run_after=None
[2025-02-22T17:18:55.853+0000] {processor.py:208} INFO - Processing /home/airflow/.local/lib/python3.12/site-packages/airflow/example_dags/example_bash_decorator.py took 0.035 seconds
[2025-02-22T17:19:25.916+0000] {processor.py:186} INFO - Started process (PID=493) to work on /home/airflow/.local/lib/python3.12/site-packages/airflow/example_dags/example_bash_decorator.py
[2025-02-22T17:19:25.916+0000] {processor.py:914} INFO - Processing file /home/airflow/.local/lib/python3.12/site-packages/airflow/example_dags/example_bash_decorator.py for tasks to queue
[2025-02-22T17:19:25.917+0000] {logging_mixin.py:190} INFO - [2025-02-22T17:19:25.917+0000] {dagbag.py:588} INFO - Filling up the DagBag from /home/airflow/.local/lib/python3.12/site-packages/airflow/example_dags/example_bash_decorator.py
[2025-02-22T17:19:25.923+0000] {processor.py:925} INFO - DAG(s) 'example_bash_decorator' retrieved from /home/airflow/.local/lib/python3.12/site-packages/airflow/example_dags/example_bash_decorator.py
[2025-02-22T17:19:25.932+0000] {logging_mixin.py:190} INFO - [2025-02-22T17:19:25.931+0000] {dag.py:3239} INFO - Sync 1 DAGs
[2025-02-22T17:19:25.937+0000] {logging_mixin.py:190} INFO - [2025-02-22T17:19:25.936+0000] {dag.py:4180} INFO - Setting next_dagrun for example_bash_decorator to None, run_after=None
[2025-02-22T17:19:25.945+0000] {processor.py:208} INFO - Processing /home/airflow/.local/lib/python3.12/site-packages/airflow/example_dags/example_bash_decorator.py took 0.031 seconds
[2025-02-22T17:19:56.032+0000] {processor.py:186} INFO - Started process (PID=556) to work on /home/airflow/.local/lib/python3.12/site-packages/airflow/example_dags/example_bash_decorator.py
[2025-02-22T17:19:56.035+0000] {processor.py:914} INFO - Processing file /home/airflow/.local/lib/python3.12/site-packages/airflow/example_dags/example_bash_decorator.py for tasks to queue
[2025-02-22T17:19:56.036+0000] {logging_mixin.py:190} INFO - [2025-02-22T17:19:56.036+0000] {dagbag.py:588} INFO - Filling up the DagBag from /home/airflow/.local/lib/python3.12/site-packages/airflow/example_dags/example_bash_decorator.py
[2025-02-22T17:19:56.042+0000] {processor.py:925} INFO - DAG(s) 'example_bash_decorator' retrieved from /home/airflow/.local/lib/python3.12/site-packages/airflow/example_dags/example_bash_decorator.py
[2025-02-22T17:19:56.052+0000] {logging_mixin.py:190} INFO - [2025-02-22T17:19:56.052+0000] {dag.py:3239} INFO - Sync 1 DAGs
[2025-02-22T17:19:56.057+0000] {logging_mixin.py:190} INFO - [2025-02-22T17:19:56.057+0000] {dag.py:4180} INFO - Setting next_dagrun for example_bash_decorator to None, run_after=None
[2025-02-22T17:19:56.063+0000] {processor.py:208} INFO - Processing /home/airflow/.local/lib/python3.12/site-packages/airflow/example_dags/example_bash_decorator.py took 0.034 seconds
[2025-02-22T17:20:26.174+0000] {processor.py:186} INFO - Started process (PID=619) to work on /home/airflow/.local/lib/python3.12/site-packages/airflow/example_dags/example_bash_decorator.py
[2025-02-22T17:20:26.175+0000] {processor.py:914} INFO - Processing file /home/airflow/.local/lib/python3.12/site-packages/airflow/example_dags/example_bash_decorator.py for tasks to queue
[2025-02-22T17:20:26.176+0000] {logging_mixin.py:190} INFO - [2025-02-22T17:20:26.176+0000] {dagbag.py:588} INFO - Filling up the DagBag from /home/airflow/.local/lib/python3.12/site-packages/airflow/example_dags/example_bash_decorator.py
[2025-02-22T17:20:26.182+0000] {processor.py:925} INFO - DAG(s) 'example_bash_decorator' retrieved from /home/airflow/.local/lib/python3.12/site-packages/airflow/example_dags/example_bash_decorator.py
[2025-02-22T17:20:26.192+0000] {logging_mixin.py:190} INFO - [2025-02-22T17:20:26.192+0000] {dag.py:3239} INFO - Sync 1 DAGs
[2025-02-22T17:20:26.198+0000] {logging_mixin.py:190} INFO - [2025-02-22T17:20:26.198+0000] {dag.py:4180} INFO - Setting next_dagrun for example_bash_decorator to None, run_after=None
[2025-02-22T17:20:26.206+0000] {processor.py:208} INFO - Processing /home/airflow/.local/lib/python3.12/site-packages/airflow/example_dags/example_bash_decorator.py took 0.034 seconds
[2025-02-22T17:20:56.342+0000] {processor.py:186} INFO - Started process (PID=681) to work on /home/airflow/.local/lib/python3.12/site-packages/airflow/example_dags/example_bash_decorator.py
[2025-02-22T17:20:56.343+0000] {processor.py:914} INFO - Processing file /home/airflow/.local/lib/python3.12/site-packages/airflow/example_dags/example_bash_decorator.py for tasks to queue
[2025-02-22T17:20:56.347+0000] {logging_mixin.py:190} INFO - [2025-02-22T17:20:56.347+0000] {dagbag.py:588} INFO - Filling up the DagBag from /home/airflow/.local/lib/python3.12/site-packages/airflow/example_dags/example_bash_decorator.py
[2025-02-22T17:20:56.353+0000] {processor.py:925} INFO - DAG(s) 'example_bash_decorator' retrieved from /home/airflow/.local/lib/python3.12/site-packages/airflow/example_dags/example_bash_decorator.py
[2025-02-22T17:20:56.361+0000] {logging_mixin.py:190} INFO - [2025-02-22T17:20:56.361+0000] {dag.py:3239} INFO - Sync 1 DAGs
[2025-02-22T17:20:56.369+0000] {logging_mixin.py:190} INFO - [2025-02-22T17:20:56.369+0000] {dag.py:4180} INFO - Setting next_dagrun for example_bash_decorator to None, run_after=None
[2025-02-22T17:20:56.377+0000] {processor.py:208} INFO - Processing /home/airflow/.local/lib/python3.12/site-packages/airflow/example_dags/example_bash_decorator.py took 0.037 seconds
[2025-02-22T17:21:26.548+0000] {processor.py:186} INFO - Started process (PID=744) to work on /home/airflow/.local/lib/python3.12/site-packages/airflow/example_dags/example_bash_decorator.py
[2025-02-22T17:21:26.549+0000] {processor.py:914} INFO - Processing file /home/airflow/.local/lib/python3.12/site-packages/airflow/example_dags/example_bash_decorator.py for tasks to queue
[2025-02-22T17:21:26.550+0000] {logging_mixin.py:190} INFO - [2025-02-22T17:21:26.550+0000] {dagbag.py:588} INFO - Filling up the DagBag from /home/airflow/.local/lib/python3.12/site-packages/airflow/example_dags/example_bash_decorator.py
[2025-02-22T17:21:26.556+0000] {processor.py:925} INFO - DAG(s) 'example_bash_decorator' retrieved from /home/airflow/.local/lib/python3.12/site-packages/airflow/example_dags/example_bash_decorator.py
[2025-02-22T17:21:26.565+0000] {logging_mixin.py:190} INFO - [2025-02-22T17:21:26.565+0000] {dag.py:3239} INFO - Sync 1 DAGs
[2025-02-22T17:21:26.571+0000] {logging_mixin.py:190} INFO - [2025-02-22T17:21:26.571+0000] {dag.py:4180} INFO - Setting next_dagrun for example_bash_decorator to None, run_after=None
[2025-02-22T17:21:26.578+0000] {processor.py:208} INFO - Processing /home/airflow/.local/lib/python3.12/site-packages/airflow/example_dags/example_bash_decorator.py took 0.033 seconds
[2025-02-22T17:21:56.792+0000] {processor.py:186} INFO - Started process (PID=807) to work on /home/airflow/.local/lib/python3.12/site-packages/airflow/example_dags/example_bash_decorator.py
[2025-02-22T17:21:56.792+0000] {processor.py:914} INFO - Processing file /home/airflow/.local/lib/python3.12/site-packages/airflow/example_dags/example_bash_decorator.py for tasks to queue
[2025-02-22T17:21:56.793+0000] {logging_mixin.py:190} INFO - [2025-02-22T17:21:56.793+0000] {dagbag.py:588} INFO - Filling up the DagBag from /home/airflow/.local/lib/python3.12/site-packages/airflow/example_dags/example_bash_decorator.py
[2025-02-22T17:21:56.798+0000] {processor.py:925} INFO - DAG(s) 'example_bash_decorator' retrieved from /home/airflow/.local/lib/python3.12/site-packages/airflow/example_dags/example_bash_decorator.py
[2025-02-22T17:21:56.807+0000] {logging_mixin.py:190} INFO - [2025-02-22T17:21:56.807+0000] {dag.py:3239} INFO - Sync 1 DAGs
[2025-02-22T17:21:56.812+0000] {logging_mixin.py:190} INFO - [2025-02-22T17:21:56.812+0000] {dag.py:4180} INFO - Setting next_dagrun for example_bash_decorator to None, run_after=None
[2025-02-22T17:21:56.817+0000] {processor.py:208} INFO - Processing /home/airflow/.local/lib/python3.12/site-packages/airflow/example_dags/example_bash_decorator.py took 0.028 seconds
[2025-02-22T17:22:27.007+0000] {processor.py:186} INFO - Started process (PID=870) to work on /home/airflow/.local/lib/python3.12/site-packages/airflow/example_dags/example_bash_decorator.py
[2025-02-22T17:22:27.009+0000] {processor.py:914} INFO - Processing file /home/airflow/.local/lib/python3.12/site-packages/airflow/example_dags/example_bash_decorator.py for tasks to queue
[2025-02-22T17:22:27.010+0000] {logging_mixin.py:190} INFO - [2025-02-22T17:22:27.010+0000] {dagbag.py:588} INFO - Filling up the DagBag from /home/airflow/.local/lib/python3.12/site-packages/airflow/example_dags/example_bash_decorator.py
[2025-02-22T17:22:27.016+0000] {processor.py:925} INFO - DAG(s) 'example_bash_decorator' retrieved from /home/airflow/.local/lib/python3.12/site-packages/airflow/example_dags/example_bash_decorator.py
[2025-02-22T17:22:27.027+0000] {logging_mixin.py:190} INFO - [2025-02-22T17:22:27.026+0000] {dag.py:3239} INFO - Sync 1 DAGs
[2025-02-22T17:22:27.032+0000] {logging_mixin.py:190} INFO - [2025-02-22T17:22:27.032+0000] {dag.py:4180} INFO - Setting next_dagrun for example_bash_decorator to None, run_after=None
[2025-02-22T17:22:27.037+0000] {processor.py:208} INFO - Processing /home/airflow/.local/lib/python3.12/site-packages/airflow/example_dags/example_bash_decorator.py took 0.033 seconds
[2025-02-22T17:22:57.262+0000] {processor.py:186} INFO - Started process (PID=933) to work on /home/airflow/.local/lib/python3.12/site-packages/airflow/example_dags/example_bash_decorator.py
[2025-02-22T17:22:57.262+0000] {processor.py:914} INFO - Processing file /home/airflow/.local/lib/python3.12/site-packages/airflow/example_dags/example_bash_decorator.py for tasks to queue
[2025-02-22T17:22:57.263+0000] {logging_mixin.py:190} INFO - [2025-02-22T17:22:57.263+0000] {dagbag.py:588} INFO - Filling up the DagBag from /home/airflow/.local/lib/python3.12/site-packages/airflow/example_dags/example_bash_decorator.py
[2025-02-22T17:22:57.268+0000] {processor.py:925} INFO - DAG(s) 'example_bash_decorator' retrieved from /home/airflow/.local/lib/python3.12/site-packages/airflow/example_dags/example_bash_decorator.py
[2025-02-22T17:22:57.277+0000] {logging_mixin.py:190} INFO - [2025-02-22T17:22:57.277+0000] {dag.py:3239} INFO - Sync 1 DAGs
[2025-02-22T17:22:57.282+0000] {logging_mixin.py:190} INFO - [2025-02-22T17:22:57.282+0000] {dag.py:4180} INFO - Setting next_dagrun for example_bash_decorator to None, run_after=None
[2025-02-22T17:22:57.288+0000] {processor.py:208} INFO - Processing /home/airflow/.local/lib/python3.12/site-packages/airflow/example_dags/example_bash_decorator.py took 0.028 seconds
[2025-02-22T17:23:27.456+0000] {processor.py:186} INFO - Started process (PID=996) to work on /home/airflow/.local/lib/python3.12/site-packages/airflow/example_dags/example_bash_decorator.py
[2025-02-22T17:23:27.457+0000] {processor.py:914} INFO - Processing file /home/airflow/.local/lib/python3.12/site-packages/airflow/example_dags/example_bash_decorator.py for tasks to queue
[2025-02-22T17:23:27.458+0000] {logging_mixin.py:190} INFO - [2025-02-22T17:23:27.458+0000] {dagbag.py:588} INFO - Filling up the DagBag from /home/airflow/.local/lib/python3.12/site-packages/airflow/example_dags/example_bash_decorator.py
[2025-02-22T17:23:27.463+0000] {processor.py:925} INFO - DAG(s) 'example_bash_decorator' retrieved from /home/airflow/.local/lib/python3.12/site-packages/airflow/example_dags/example_bash_decorator.py
[2025-02-22T17:23:27.473+0000] {logging_mixin.py:190} INFO - [2025-02-22T17:23:27.473+0000] {dag.py:3239} INFO - Sync 1 DAGs
[2025-02-22T17:23:27.479+0000] {logging_mixin.py:190} INFO - [2025-02-22T17:23:27.479+0000] {dag.py:4180} INFO - Setting next_dagrun for example_bash_decorator to None, run_after=None
[2025-02-22T17:23:27.487+0000] {processor.py:208} INFO - Processing /home/airflow/.local/lib/python3.12/site-packages/airflow/example_dags/example_bash_decorator.py took 0.033 seconds
[2025-02-22T17:23:57.776+0000] {processor.py:186} INFO - Started process (PID=1059) to work on /home/airflow/.local/lib/python3.12/site-packages/airflow/example_dags/example_bash_decorator.py
[2025-02-22T17:23:57.776+0000] {processor.py:914} INFO - Processing file /home/airflow/.local/lib/python3.12/site-packages/airflow/example_dags/example_bash_decorator.py for tasks to queue
[2025-02-22T17:23:57.778+0000] {logging_mixin.py:190} INFO - [2025-02-22T17:23:57.778+0000] {dagbag.py:588} INFO - Filling up the DagBag from /home/airflow/.local/lib/python3.12/site-packages/airflow/example_dags/example_bash_decorator.py
[2025-02-22T17:23:57.786+0000] {processor.py:925} INFO - DAG(s) 'example_bash_decorator' retrieved from /home/airflow/.local/lib/python3.12/site-packages/airflow/example_dags/example_bash_decorator.py
[2025-02-22T17:23:57.795+0000] {logging_mixin.py:190} INFO - [2025-02-22T17:23:57.795+0000] {dag.py:3239} INFO - Sync 1 DAGs
[2025-02-22T17:23:57.800+0000] {logging_mixin.py:190} INFO - [2025-02-22T17:23:57.800+0000] {dag.py:4180} INFO - Setting next_dagrun for example_bash_decorator to None, run_after=None
[2025-02-22T17:23:57.810+0000] {processor.py:208} INFO - Processing /home/airflow/.local/lib/python3.12/site-packages/airflow/example_dags/example_bash_decorator.py took 0.036 seconds
[2025-02-22T17:24:27.972+0000] {processor.py:186} INFO - Started process (PID=1122) to work on /home/airflow/.local/lib/python3.12/site-packages/airflow/example_dags/example_bash_decorator.py
[2025-02-22T17:24:27.973+0000] {processor.py:914} INFO - Processing file /home/airflow/.local/lib/python3.12/site-packages/airflow/example_dags/example_bash_decorator.py for tasks to queue
[2025-02-22T17:24:27.974+0000] {logging_mixin.py:190} INFO - [2025-02-22T17:24:27.974+0000] {dagbag.py:588} INFO - Filling up the DagBag from /home/airflow/.local/lib/python3.12/site-packages/airflow/example_dags/example_bash_decorator.py
[2025-02-22T17:24:27.979+0000] {processor.py:925} INFO - DAG(s) 'example_bash_decorator' retrieved from /home/airflow/.local/lib/python3.12/site-packages/airflow/example_dags/example_bash_decorator.py
[2025-02-22T17:24:27.989+0000] {logging_mixin.py:190} INFO - [2025-02-22T17:24:27.989+0000] {dag.py:3239} INFO - Sync 1 DAGs
[2025-02-22T17:24:27.994+0000] {logging_mixin.py:190} INFO - [2025-02-22T17:24:27.994+0000] {dag.py:4180} INFO - Setting next_dagrun for example_bash_decorator to None, run_after=None
[2025-02-22T17:24:28.003+0000] {processor.py:208} INFO - Processing /home/airflow/.local/lib/python3.12/site-packages/airflow/example_dags/example_bash_decorator.py took 0.032 seconds
[2025-02-22T17:24:58.189+0000] {processor.py:186} INFO - Started process (PID=1184) to work on /home/airflow/.local/lib/python3.12/site-packages/airflow/example_dags/example_bash_decorator.py
[2025-02-22T17:24:58.190+0000] {processor.py:914} INFO - Processing file /home/airflow/.local/lib/python3.12/site-packages/airflow/example_dags/example_bash_decorator.py for tasks to queue
[2025-02-22T17:24:58.191+0000] {logging_mixin.py:190} INFO - [2025-02-22T17:24:58.191+0000] {dagbag.py:588} INFO - Filling up the DagBag from /home/airflow/.local/lib/python3.12/site-packages/airflow/example_dags/example_bash_decorator.py
[2025-02-22T17:24:58.197+0000] {processor.py:925} INFO - DAG(s) 'example_bash_decorator' retrieved from /home/airflow/.local/lib/python3.12/site-packages/airflow/example_dags/example_bash_decorator.py
[2025-02-22T17:24:58.206+0000] {logging_mixin.py:190} INFO - [2025-02-22T17:24:58.206+0000] {dag.py:3239} INFO - Sync 1 DAGs
[2025-02-22T17:24:58.211+0000] {logging_mixin.py:190} INFO - [2025-02-22T17:24:58.211+0000] {dag.py:4180} INFO - Setting next_dagrun for example_bash_decorator to None, run_after=None
[2025-02-22T17:24:58.220+0000] {processor.py:208} INFO - Processing /home/airflow/.local/lib/python3.12/site-packages/airflow/example_dags/example_bash_decorator.py took 0.033 seconds
[2025-02-22T17:25:28.473+0000] {processor.py:186} INFO - Started process (PID=1247) to work on /home/airflow/.local/lib/python3.12/site-packages/airflow/example_dags/example_bash_decorator.py
[2025-02-22T17:25:28.476+0000] {processor.py:914} INFO - Processing file /home/airflow/.local/lib/python3.12/site-packages/airflow/example_dags/example_bash_decorator.py for tasks to queue
[2025-02-22T17:25:28.477+0000] {logging_mixin.py:190} INFO - [2025-02-22T17:25:28.477+0000] {dagbag.py:588} INFO - Filling up the DagBag from /home/airflow/.local/lib/python3.12/site-packages/airflow/example_dags/example_bash_decorator.py
[2025-02-22T17:25:28.482+0000] {processor.py:925} INFO - DAG(s) 'example_bash_decorator' retrieved from /home/airflow/.local/lib/python3.12/site-packages/airflow/example_dags/example_bash_decorator.py
[2025-02-22T17:25:28.493+0000] {logging_mixin.py:190} INFO - [2025-02-22T17:25:28.493+0000] {dag.py:3239} INFO - Sync 1 DAGs
[2025-02-22T17:25:28.499+0000] {logging_mixin.py:190} INFO - [2025-02-22T17:25:28.498+0000] {dag.py:4180} INFO - Setting next_dagrun for example_bash_decorator to None, run_after=None
[2025-02-22T17:25:28.506+0000] {processor.py:208} INFO - Processing /home/airflow/.local/lib/python3.12/site-packages/airflow/example_dags/example_bash_decorator.py took 0.035 seconds
[2025-02-22T17:25:58.733+0000] {processor.py:186} INFO - Started process (PID=1310) to work on /home/airflow/.local/lib/python3.12/site-packages/airflow/example_dags/example_bash_decorator.py
[2025-02-22T17:25:58.733+0000] {processor.py:914} INFO - Processing file /home/airflow/.local/lib/python3.12/site-packages/airflow/example_dags/example_bash_decorator.py for tasks to queue
[2025-02-22T17:25:58.735+0000] {logging_mixin.py:190} INFO - [2025-02-22T17:25:58.735+0000] {dagbag.py:588} INFO - Filling up the DagBag from /home/airflow/.local/lib/python3.12/site-packages/airflow/example_dags/example_bash_decorator.py
[2025-02-22T17:25:58.741+0000] {processor.py:925} INFO - DAG(s) 'example_bash_decorator' retrieved from /home/airflow/.local/lib/python3.12/site-packages/airflow/example_dags/example_bash_decorator.py
[2025-02-22T17:25:58.750+0000] {logging_mixin.py:190} INFO - [2025-02-22T17:25:58.750+0000] {dag.py:3239} INFO - Sync 1 DAGs
[2025-02-22T17:25:58.755+0000] {logging_mixin.py:190} INFO - [2025-02-22T17:25:58.755+0000] {dag.py:4180} INFO - Setting next_dagrun for example_bash_decorator to None, run_after=None
[2025-02-22T17:25:58.761+0000] {processor.py:208} INFO - Processing /home/airflow/.local/lib/python3.12/site-packages/airflow/example_dags/example_bash_decorator.py took 0.030 seconds
[2025-02-22T17:26:28.896+0000] {processor.py:186} INFO - Started process (PID=1373) to work on /home/airflow/.local/lib/python3.12/site-packages/airflow/example_dags/example_bash_decorator.py
[2025-02-22T17:26:28.898+0000] {processor.py:914} INFO - Processing file /home/airflow/.local/lib/python3.12/site-packages/airflow/example_dags/example_bash_decorator.py for tasks to queue
[2025-02-22T17:26:28.900+0000] {logging_mixin.py:190} INFO - [2025-02-22T17:26:28.900+0000] {dagbag.py:588} INFO - Filling up the DagBag from /home/airflow/.local/lib/python3.12/site-packages/airflow/example_dags/example_bash_decorator.py
[2025-02-22T17:26:28.906+0000] {processor.py:925} INFO - DAG(s) 'example_bash_decorator' retrieved from /home/airflow/.local/lib/python3.12/site-packages/airflow/example_dags/example_bash_decorator.py
[2025-02-22T17:26:28.915+0000] {logging_mixin.py:190} INFO - [2025-02-22T17:26:28.915+0000] {dag.py:3239} INFO - Sync 1 DAGs
[2025-02-22T17:26:28.920+0000] {logging_mixin.py:190} INFO - [2025-02-22T17:26:28.920+0000] {dag.py:4180} INFO - Setting next_dagrun for example_bash_decorator to None, run_after=None
[2025-02-22T17:26:28.933+0000] {processor.py:208} INFO - Processing /home/airflow/.local/lib/python3.12/site-packages/airflow/example_dags/example_bash_decorator.py took 0.039 seconds
