[2025-02-22T17:05:28.223+0000] {processor.py:186} INFO - Started process (PID=92) to work on /home/airflow/.local/lib/python3.12/site-packages/airflow/example_dags/example_latest_only_with_trigger.py
[2025-02-22T17:05:28.224+0000] {processor.py:914} INFO - Processing file /home/airflow/.local/lib/python3.12/site-packages/airflow/example_dags/example_latest_only_with_trigger.py for tasks to queue
[2025-02-22T17:05:28.225+0000] {logging_mixin.py:190} INFO - [2025-02-22T17:05:28.224+0000] {dagbag.py:588} INFO - Filling up the DagBag from /home/airflow/.local/lib/python3.12/site-packages/airflow/example_dags/example_latest_only_with_trigger.py
[2025-02-22T17:05:28.228+0000] {processor.py:925} INFO - DAG(s) 'latest_only_with_trigger' retrieved from /home/airflow/.local/lib/python3.12/site-packages/airflow/example_dags/example_latest_only_with_trigger.py
[2025-02-22T17:05:28.268+0000] {logging_mixin.py:190} INFO - [2025-02-22T17:05:28.268+0000] {override.py:1912} INFO - Created Permission View: can edit on DAG:latest_only_with_trigger
[2025-02-22T17:05:28.271+0000] {logging_mixin.py:190} INFO - [2025-02-22T17:05:28.271+0000] {override.py:1912} INFO - Created Permission View: can delete on DAG:latest_only_with_trigger
[2025-02-22T17:05:28.273+0000] {logging_mixin.py:190} INFO - [2025-02-22T17:05:28.273+0000] {override.py:1912} INFO - Created Permission View: can read on DAG:latest_only_with_trigger
[2025-02-22T17:05:28.275+0000] {logging_mixin.py:190} INFO - [2025-02-22T17:05:28.275+0000] {override.py:1912} INFO - Created Permission View: menu access on DAG Run:latest_only_with_trigger
[2025-02-22T17:05:28.278+0000] {logging_mixin.py:190} INFO - [2025-02-22T17:05:28.278+0000] {override.py:1912} INFO - Created Permission View: can create on DAG Run:latest_only_with_trigger
[2025-02-22T17:05:28.280+0000] {logging_mixin.py:190} INFO - [2025-02-22T17:05:28.280+0000] {override.py:1912} INFO - Created Permission View: can delete on DAG Run:latest_only_with_trigger
[2025-02-22T17:05:28.282+0000] {logging_mixin.py:190} INFO - [2025-02-22T17:05:28.282+0000] {override.py:1912} INFO - Created Permission View: can read on DAG Run:latest_only_with_trigger
[2025-02-22T17:05:28.282+0000] {logging_mixin.py:190} INFO - [2025-02-22T17:05:28.282+0000] {dag.py:3239} INFO - Sync 1 DAGs
[2025-02-22T17:05:28.286+0000] {logging_mixin.py:190} INFO - [2025-02-22T17:05:28.286+0000] {dag.py:3262} INFO - Creating ORM DAG for latest_only_with_trigger
[2025-02-22T17:05:28.289+0000] {logging_mixin.py:190} INFO - [2025-02-22T17:05:28.289+0000] {dag.py:4180} INFO - Setting next_dagrun for latest_only_with_trigger to 2025-02-22 12:00:00+00:00, run_after=2025-02-22 16:00:00+00:00
[2025-02-22T17:05:28.295+0000] {processor.py:208} INFO - Processing /home/airflow/.local/lib/python3.12/site-packages/airflow/example_dags/example_latest_only_with_trigger.py took 0.074 seconds
[2025-02-22T17:05:58.408+0000] {processor.py:186} INFO - Started process (PID=155) to work on /home/airflow/.local/lib/python3.12/site-packages/airflow/example_dags/example_latest_only_with_trigger.py
[2025-02-22T17:05:58.408+0000] {processor.py:914} INFO - Processing file /home/airflow/.local/lib/python3.12/site-packages/airflow/example_dags/example_latest_only_with_trigger.py for tasks to queue
[2025-02-22T17:05:58.409+0000] {logging_mixin.py:190} INFO - [2025-02-22T17:05:58.409+0000] {dagbag.py:588} INFO - Filling up the DagBag from /home/airflow/.local/lib/python3.12/site-packages/airflow/example_dags/example_latest_only_with_trigger.py
[2025-02-22T17:05:58.412+0000] {processor.py:925} INFO - DAG(s) 'latest_only_with_trigger' retrieved from /home/airflow/.local/lib/python3.12/site-packages/airflow/example_dags/example_latest_only_with_trigger.py
[2025-02-22T17:05:58.420+0000] {logging_mixin.py:190} INFO - [2025-02-22T17:05:58.420+0000] {dag.py:3239} INFO - Sync 1 DAGs
[2025-02-22T17:05:58.428+0000] {logging_mixin.py:190} INFO - [2025-02-22T17:05:58.428+0000] {dag.py:4180} INFO - Setting next_dagrun for latest_only_with_trigger to 2025-02-22 12:00:00+00:00, run_after=2025-02-22 16:00:00+00:00
[2025-02-22T17:05:58.434+0000] {processor.py:208} INFO - Processing /home/airflow/.local/lib/python3.12/site-packages/airflow/example_dags/example_latest_only_with_trigger.py took 0.029 seconds
[2025-02-22T17:06:28.686+0000] {processor.py:186} INFO - Started process (PID=218) to work on /home/airflow/.local/lib/python3.12/site-packages/airflow/example_dags/example_latest_only_with_trigger.py
[2025-02-22T17:06:28.687+0000] {processor.py:914} INFO - Processing file /home/airflow/.local/lib/python3.12/site-packages/airflow/example_dags/example_latest_only_with_trigger.py for tasks to queue
[2025-02-22T17:06:28.688+0000] {logging_mixin.py:190} INFO - [2025-02-22T17:06:28.688+0000] {dagbag.py:588} INFO - Filling up the DagBag from /home/airflow/.local/lib/python3.12/site-packages/airflow/example_dags/example_latest_only_with_trigger.py
[2025-02-22T17:06:28.691+0000] {processor.py:925} INFO - DAG(s) 'latest_only_with_trigger' retrieved from /home/airflow/.local/lib/python3.12/site-packages/airflow/example_dags/example_latest_only_with_trigger.py
[2025-02-22T17:06:28.699+0000] {logging_mixin.py:190} INFO - [2025-02-22T17:06:28.699+0000] {dag.py:3239} INFO - Sync 1 DAGs
[2025-02-22T17:06:28.707+0000] {logging_mixin.py:190} INFO - [2025-02-22T17:06:28.707+0000] {dag.py:4180} INFO - Setting next_dagrun for latest_only_with_trigger to 2025-02-22 12:00:00+00:00, run_after=2025-02-22 16:00:00+00:00
[2025-02-22T17:06:28.713+0000] {processor.py:208} INFO - Processing /home/airflow/.local/lib/python3.12/site-packages/airflow/example_dags/example_latest_only_with_trigger.py took 0.029 seconds
[2025-02-22T17:06:59.773+0000] {processor.py:186} INFO - Started process (PID=280) to work on /home/airflow/.local/lib/python3.12/site-packages/airflow/example_dags/example_latest_only_with_trigger.py
[2025-02-22T17:06:59.774+0000] {processor.py:914} INFO - Processing file /home/airflow/.local/lib/python3.12/site-packages/airflow/example_dags/example_latest_only_with_trigger.py for tasks to queue
[2025-02-22T17:06:59.775+0000] {logging_mixin.py:190} INFO - [2025-02-22T17:06:59.775+0000] {dagbag.py:588} INFO - Filling up the DagBag from /home/airflow/.local/lib/python3.12/site-packages/airflow/example_dags/example_latest_only_with_trigger.py
[2025-02-22T17:06:59.778+0000] {processor.py:925} INFO - DAG(s) 'latest_only_with_trigger' retrieved from /home/airflow/.local/lib/python3.12/site-packages/airflow/example_dags/example_latest_only_with_trigger.py
[2025-02-22T17:06:59.786+0000] {logging_mixin.py:190} INFO - [2025-02-22T17:06:59.786+0000] {dag.py:3239} INFO - Sync 1 DAGs
[2025-02-22T17:06:59.794+0000] {logging_mixin.py:190} INFO - [2025-02-22T17:06:59.794+0000] {dag.py:4180} INFO - Setting next_dagrun for latest_only_with_trigger to 2025-02-22 12:00:00+00:00, run_after=2025-02-22 16:00:00+00:00
[2025-02-22T17:06:59.800+0000] {processor.py:208} INFO - Processing /home/airflow/.local/lib/python3.12/site-packages/airflow/example_dags/example_latest_only_with_trigger.py took 0.029 seconds
[2025-02-22T17:07:30.855+0000] {processor.py:186} INFO - Started process (PID=343) to work on /home/airflow/.local/lib/python3.12/site-packages/airflow/example_dags/example_latest_only_with_trigger.py
[2025-02-22T17:07:30.856+0000] {processor.py:914} INFO - Processing file /home/airflow/.local/lib/python3.12/site-packages/airflow/example_dags/example_latest_only_with_trigger.py for tasks to queue
[2025-02-22T17:07:30.857+0000] {logging_mixin.py:190} INFO - [2025-02-22T17:07:30.857+0000] {dagbag.py:588} INFO - Filling up the DagBag from /home/airflow/.local/lib/python3.12/site-packages/airflow/example_dags/example_latest_only_with_trigger.py
[2025-02-22T17:07:30.861+0000] {processor.py:925} INFO - DAG(s) 'latest_only_with_trigger' retrieved from /home/airflow/.local/lib/python3.12/site-packages/airflow/example_dags/example_latest_only_with_trigger.py
[2025-02-22T17:07:30.869+0000] {logging_mixin.py:190} INFO - [2025-02-22T17:07:30.869+0000] {dag.py:3239} INFO - Sync 1 DAGs
[2025-02-22T17:07:30.879+0000] {logging_mixin.py:190} INFO - [2025-02-22T17:07:30.879+0000] {dag.py:4180} INFO - Setting next_dagrun for latest_only_with_trigger to 2025-02-22 12:00:00+00:00, run_after=2025-02-22 16:00:00+00:00
[2025-02-22T17:07:30.888+0000] {processor.py:208} INFO - Processing /home/airflow/.local/lib/python3.12/site-packages/airflow/example_dags/example_latest_only_with_trigger.py took 0.036 seconds
[2025-02-22T17:08:01.815+0000] {processor.py:186} INFO - Started process (PID=405) to work on /home/airflow/.local/lib/python3.12/site-packages/airflow/example_dags/example_latest_only_with_trigger.py
[2025-02-22T17:08:01.816+0000] {processor.py:914} INFO - Processing file /home/airflow/.local/lib/python3.12/site-packages/airflow/example_dags/example_latest_only_with_trigger.py for tasks to queue
[2025-02-22T17:08:01.817+0000] {logging_mixin.py:190} INFO - [2025-02-22T17:08:01.817+0000] {dagbag.py:588} INFO - Filling up the DagBag from /home/airflow/.local/lib/python3.12/site-packages/airflow/example_dags/example_latest_only_with_trigger.py
[2025-02-22T17:08:01.820+0000] {processor.py:925} INFO - DAG(s) 'latest_only_with_trigger' retrieved from /home/airflow/.local/lib/python3.12/site-packages/airflow/example_dags/example_latest_only_with_trigger.py
[2025-02-22T17:08:01.828+0000] {logging_mixin.py:190} INFO - [2025-02-22T17:08:01.828+0000] {dag.py:3239} INFO - Sync 1 DAGs
[2025-02-22T17:08:01.838+0000] {logging_mixin.py:190} INFO - [2025-02-22T17:08:01.838+0000] {dag.py:4180} INFO - Setting next_dagrun for latest_only_with_trigger to 2025-02-22 12:00:00+00:00, run_after=2025-02-22 16:00:00+00:00
[2025-02-22T17:08:01.846+0000] {processor.py:208} INFO - Processing /home/airflow/.local/lib/python3.12/site-packages/airflow/example_dags/example_latest_only_with_trigger.py took 0.033 seconds
[2025-02-22T17:08:32.832+0000] {processor.py:186} INFO - Started process (PID=467) to work on /home/airflow/.local/lib/python3.12/site-packages/airflow/example_dags/example_latest_only_with_trigger.py
[2025-02-22T17:08:32.832+0000] {processor.py:914} INFO - Processing file /home/airflow/.local/lib/python3.12/site-packages/airflow/example_dags/example_latest_only_with_trigger.py for tasks to queue
[2025-02-22T17:08:32.833+0000] {logging_mixin.py:190} INFO - [2025-02-22T17:08:32.833+0000] {dagbag.py:588} INFO - Filling up the DagBag from /home/airflow/.local/lib/python3.12/site-packages/airflow/example_dags/example_latest_only_with_trigger.py
[2025-02-22T17:08:32.836+0000] {processor.py:925} INFO - DAG(s) 'latest_only_with_trigger' retrieved from /home/airflow/.local/lib/python3.12/site-packages/airflow/example_dags/example_latest_only_with_trigger.py
[2025-02-22T17:08:32.846+0000] {logging_mixin.py:190} INFO - [2025-02-22T17:08:32.845+0000] {dag.py:3239} INFO - Sync 1 DAGs
[2025-02-22T17:08:32.854+0000] {logging_mixin.py:190} INFO - [2025-02-22T17:08:32.854+0000] {dag.py:4180} INFO - Setting next_dagrun for latest_only_with_trigger to 2025-02-22 12:00:00+00:00, run_after=2025-02-22 16:00:00+00:00
[2025-02-22T17:08:32.859+0000] {processor.py:208} INFO - Processing /home/airflow/.local/lib/python3.12/site-packages/airflow/example_dags/example_latest_only_with_trigger.py took 0.030 seconds
[2025-02-22T17:09:03.802+0000] {processor.py:186} INFO - Started process (PID=530) to work on /home/airflow/.local/lib/python3.12/site-packages/airflow/example_dags/example_latest_only_with_trigger.py
[2025-02-22T17:09:03.803+0000] {processor.py:914} INFO - Processing file /home/airflow/.local/lib/python3.12/site-packages/airflow/example_dags/example_latest_only_with_trigger.py for tasks to queue
[2025-02-22T17:09:03.804+0000] {logging_mixin.py:190} INFO - [2025-02-22T17:09:03.804+0000] {dagbag.py:588} INFO - Filling up the DagBag from /home/airflow/.local/lib/python3.12/site-packages/airflow/example_dags/example_latest_only_with_trigger.py
[2025-02-22T17:09:03.807+0000] {processor.py:925} INFO - DAG(s) 'latest_only_with_trigger' retrieved from /home/airflow/.local/lib/python3.12/site-packages/airflow/example_dags/example_latest_only_with_trigger.py
[2025-02-22T17:09:03.815+0000] {logging_mixin.py:190} INFO - [2025-02-22T17:09:03.815+0000] {dag.py:3239} INFO - Sync 1 DAGs
[2025-02-22T17:09:03.823+0000] {logging_mixin.py:190} INFO - [2025-02-22T17:09:03.823+0000] {dag.py:4180} INFO - Setting next_dagrun for latest_only_with_trigger to 2025-02-22 12:00:00+00:00, run_after=2025-02-22 16:00:00+00:00
[2025-02-22T17:09:03.829+0000] {processor.py:208} INFO - Processing /home/airflow/.local/lib/python3.12/site-packages/airflow/example_dags/example_latest_only_with_trigger.py took 0.029 seconds
[2025-02-22T17:09:34.832+0000] {processor.py:186} INFO - Started process (PID=593) to work on /home/airflow/.local/lib/python3.12/site-packages/airflow/example_dags/example_latest_only_with_trigger.py
[2025-02-22T17:09:34.832+0000] {processor.py:914} INFO - Processing file /home/airflow/.local/lib/python3.12/site-packages/airflow/example_dags/example_latest_only_with_trigger.py for tasks to queue
[2025-02-22T17:09:34.833+0000] {logging_mixin.py:190} INFO - [2025-02-22T17:09:34.833+0000] {dagbag.py:588} INFO - Filling up the DagBag from /home/airflow/.local/lib/python3.12/site-packages/airflow/example_dags/example_latest_only_with_trigger.py
[2025-02-22T17:09:34.836+0000] {processor.py:925} INFO - DAG(s) 'latest_only_with_trigger' retrieved from /home/airflow/.local/lib/python3.12/site-packages/airflow/example_dags/example_latest_only_with_trigger.py
[2025-02-22T17:09:34.845+0000] {logging_mixin.py:190} INFO - [2025-02-22T17:09:34.845+0000] {dag.py:3239} INFO - Sync 1 DAGs
[2025-02-22T17:09:34.853+0000] {logging_mixin.py:190} INFO - [2025-02-22T17:09:34.853+0000] {dag.py:4180} INFO - Setting next_dagrun for latest_only_with_trigger to 2025-02-22 12:00:00+00:00, run_after=2025-02-22 16:00:00+00:00
[2025-02-22T17:09:34.859+0000] {processor.py:208} INFO - Processing /home/airflow/.local/lib/python3.12/site-packages/airflow/example_dags/example_latest_only_with_trigger.py took 0.030 seconds
[2025-02-22T17:10:05.803+0000] {processor.py:186} INFO - Started process (PID=656) to work on /home/airflow/.local/lib/python3.12/site-packages/airflow/example_dags/example_latest_only_with_trigger.py
[2025-02-22T17:10:05.804+0000] {processor.py:914} INFO - Processing file /home/airflow/.local/lib/python3.12/site-packages/airflow/example_dags/example_latest_only_with_trigger.py for tasks to queue
[2025-02-22T17:10:05.805+0000] {logging_mixin.py:190} INFO - [2025-02-22T17:10:05.804+0000] {dagbag.py:588} INFO - Filling up the DagBag from /home/airflow/.local/lib/python3.12/site-packages/airflow/example_dags/example_latest_only_with_trigger.py
[2025-02-22T17:10:05.809+0000] {processor.py:925} INFO - DAG(s) 'latest_only_with_trigger' retrieved from /home/airflow/.local/lib/python3.12/site-packages/airflow/example_dags/example_latest_only_with_trigger.py
[2025-02-22T17:10:05.817+0000] {logging_mixin.py:190} INFO - [2025-02-22T17:10:05.817+0000] {dag.py:3239} INFO - Sync 1 DAGs
[2025-02-22T17:10:05.826+0000] {logging_mixin.py:190} INFO - [2025-02-22T17:10:05.826+0000] {dag.py:4180} INFO - Setting next_dagrun for latest_only_with_trigger to 2025-02-22 12:00:00+00:00, run_after=2025-02-22 16:00:00+00:00
[2025-02-22T17:10:05.832+0000] {processor.py:208} INFO - Processing /home/airflow/.local/lib/python3.12/site-packages/airflow/example_dags/example_latest_only_with_trigger.py took 0.031 seconds
[2025-02-22T17:10:36.854+0000] {processor.py:186} INFO - Started process (PID=719) to work on /home/airflow/.local/lib/python3.12/site-packages/airflow/example_dags/example_latest_only_with_trigger.py
[2025-02-22T17:10:36.857+0000] {processor.py:914} INFO - Processing file /home/airflow/.local/lib/python3.12/site-packages/airflow/example_dags/example_latest_only_with_trigger.py for tasks to queue
[2025-02-22T17:10:36.858+0000] {logging_mixin.py:190} INFO - [2025-02-22T17:10:36.858+0000] {dagbag.py:588} INFO - Filling up the DagBag from /home/airflow/.local/lib/python3.12/site-packages/airflow/example_dags/example_latest_only_with_trigger.py
[2025-02-22T17:10:36.861+0000] {processor.py:925} INFO - DAG(s) 'latest_only_with_trigger' retrieved from /home/airflow/.local/lib/python3.12/site-packages/airflow/example_dags/example_latest_only_with_trigger.py
[2025-02-22T17:10:36.869+0000] {logging_mixin.py:190} INFO - [2025-02-22T17:10:36.868+0000] {dag.py:3239} INFO - Sync 1 DAGs
[2025-02-22T17:10:36.876+0000] {logging_mixin.py:190} INFO - [2025-02-22T17:10:36.876+0000] {dag.py:4180} INFO - Setting next_dagrun for latest_only_with_trigger to 2025-02-22 12:00:00+00:00, run_after=2025-02-22 16:00:00+00:00
[2025-02-22T17:10:36.882+0000] {processor.py:208} INFO - Processing /home/airflow/.local/lib/python3.12/site-packages/airflow/example_dags/example_latest_only_with_trigger.py took 0.031 seconds
[2025-02-22T17:11:07.846+0000] {processor.py:186} INFO - Started process (PID=782) to work on /home/airflow/.local/lib/python3.12/site-packages/airflow/example_dags/example_latest_only_with_trigger.py
[2025-02-22T17:11:07.847+0000] {processor.py:914} INFO - Processing file /home/airflow/.local/lib/python3.12/site-packages/airflow/example_dags/example_latest_only_with_trigger.py for tasks to queue
[2025-02-22T17:11:07.849+0000] {logging_mixin.py:190} INFO - [2025-02-22T17:11:07.849+0000] {dagbag.py:588} INFO - Filling up the DagBag from /home/airflow/.local/lib/python3.12/site-packages/airflow/example_dags/example_latest_only_with_trigger.py
[2025-02-22T17:11:07.853+0000] {processor.py:925} INFO - DAG(s) 'latest_only_with_trigger' retrieved from /home/airflow/.local/lib/python3.12/site-packages/airflow/example_dags/example_latest_only_with_trigger.py
[2025-02-22T17:11:07.860+0000] {logging_mixin.py:190} INFO - [2025-02-22T17:11:07.860+0000] {dag.py:3239} INFO - Sync 1 DAGs
[2025-02-22T17:11:07.867+0000] {logging_mixin.py:190} INFO - [2025-02-22T17:11:07.867+0000] {dag.py:4180} INFO - Setting next_dagrun for latest_only_with_trigger to 2025-02-22 12:00:00+00:00, run_after=2025-02-22 16:00:00+00:00
[2025-02-22T17:11:07.873+0000] {processor.py:208} INFO - Processing /home/airflow/.local/lib/python3.12/site-packages/airflow/example_dags/example_latest_only_with_trigger.py took 0.029 seconds
[2025-02-22T17:11:38.822+0000] {processor.py:186} INFO - Started process (PID=845) to work on /home/airflow/.local/lib/python3.12/site-packages/airflow/example_dags/example_latest_only_with_trigger.py
[2025-02-22T17:11:38.825+0000] {processor.py:914} INFO - Processing file /home/airflow/.local/lib/python3.12/site-packages/airflow/example_dags/example_latest_only_with_trigger.py for tasks to queue
[2025-02-22T17:11:38.826+0000] {logging_mixin.py:190} INFO - [2025-02-22T17:11:38.825+0000] {dagbag.py:588} INFO - Filling up the DagBag from /home/airflow/.local/lib/python3.12/site-packages/airflow/example_dags/example_latest_only_with_trigger.py
[2025-02-22T17:11:38.828+0000] {processor.py:925} INFO - DAG(s) 'latest_only_with_trigger' retrieved from /home/airflow/.local/lib/python3.12/site-packages/airflow/example_dags/example_latest_only_with_trigger.py
[2025-02-22T17:11:38.836+0000] {logging_mixin.py:190} INFO - [2025-02-22T17:11:38.836+0000] {dag.py:3239} INFO - Sync 1 DAGs
[2025-02-22T17:11:38.844+0000] {logging_mixin.py:190} INFO - [2025-02-22T17:11:38.844+0000] {dag.py:4180} INFO - Setting next_dagrun for latest_only_with_trigger to 2025-02-22 12:00:00+00:00, run_after=2025-02-22 16:00:00+00:00
[2025-02-22T17:11:38.850+0000] {processor.py:208} INFO - Processing /home/airflow/.local/lib/python3.12/site-packages/airflow/example_dags/example_latest_only_with_trigger.py took 0.030 seconds
[2025-02-22T17:12:09.816+0000] {processor.py:186} INFO - Started process (PID=908) to work on /home/airflow/.local/lib/python3.12/site-packages/airflow/example_dags/example_latest_only_with_trigger.py
[2025-02-22T17:12:09.819+0000] {processor.py:914} INFO - Processing file /home/airflow/.local/lib/python3.12/site-packages/airflow/example_dags/example_latest_only_with_trigger.py for tasks to queue
[2025-02-22T17:12:09.820+0000] {logging_mixin.py:190} INFO - [2025-02-22T17:12:09.820+0000] {dagbag.py:588} INFO - Filling up the DagBag from /home/airflow/.local/lib/python3.12/site-packages/airflow/example_dags/example_latest_only_with_trigger.py
[2025-02-22T17:12:09.824+0000] {processor.py:925} INFO - DAG(s) 'latest_only_with_trigger' retrieved from /home/airflow/.local/lib/python3.12/site-packages/airflow/example_dags/example_latest_only_with_trigger.py
[2025-02-22T17:12:09.832+0000] {logging_mixin.py:190} INFO - [2025-02-22T17:12:09.832+0000] {dag.py:3239} INFO - Sync 1 DAGs
[2025-02-22T17:12:09.840+0000] {logging_mixin.py:190} INFO - [2025-02-22T17:12:09.840+0000] {dag.py:4180} INFO - Setting next_dagrun for latest_only_with_trigger to 2025-02-22 12:00:00+00:00, run_after=2025-02-22 16:00:00+00:00
[2025-02-22T17:12:09.846+0000] {processor.py:208} INFO - Processing /home/airflow/.local/lib/python3.12/site-packages/airflow/example_dags/example_latest_only_with_trigger.py took 0.033 seconds
[2025-02-22T17:12:40.880+0000] {processor.py:186} INFO - Started process (PID=971) to work on /home/airflow/.local/lib/python3.12/site-packages/airflow/example_dags/example_latest_only_with_trigger.py
[2025-02-22T17:12:40.882+0000] {processor.py:914} INFO - Processing file /home/airflow/.local/lib/python3.12/site-packages/airflow/example_dags/example_latest_only_with_trigger.py for tasks to queue
[2025-02-22T17:12:40.883+0000] {logging_mixin.py:190} INFO - [2025-02-22T17:12:40.883+0000] {dagbag.py:588} INFO - Filling up the DagBag from /home/airflow/.local/lib/python3.12/site-packages/airflow/example_dags/example_latest_only_with_trigger.py
[2025-02-22T17:12:40.887+0000] {processor.py:925} INFO - DAG(s) 'latest_only_with_trigger' retrieved from /home/airflow/.local/lib/python3.12/site-packages/airflow/example_dags/example_latest_only_with_trigger.py
[2025-02-22T17:12:40.895+0000] {logging_mixin.py:190} INFO - [2025-02-22T17:12:40.895+0000] {dag.py:3239} INFO - Sync 1 DAGs
[2025-02-22T17:12:40.902+0000] {logging_mixin.py:190} INFO - [2025-02-22T17:12:40.902+0000] {dag.py:4180} INFO - Setting next_dagrun for latest_only_with_trigger to 2025-02-22 12:00:00+00:00, run_after=2025-02-22 16:00:00+00:00
[2025-02-22T17:12:40.908+0000] {processor.py:208} INFO - Processing /home/airflow/.local/lib/python3.12/site-packages/airflow/example_dags/example_latest_only_with_trigger.py took 0.030 seconds
[2025-02-22T17:13:11.868+0000] {processor.py:186} INFO - Started process (PID=1035) to work on /home/airflow/.local/lib/python3.12/site-packages/airflow/example_dags/example_latest_only_with_trigger.py
[2025-02-22T17:13:11.869+0000] {processor.py:914} INFO - Processing file /home/airflow/.local/lib/python3.12/site-packages/airflow/example_dags/example_latest_only_with_trigger.py for tasks to queue
[2025-02-22T17:13:11.870+0000] {logging_mixin.py:190} INFO - [2025-02-22T17:13:11.870+0000] {dagbag.py:588} INFO - Filling up the DagBag from /home/airflow/.local/lib/python3.12/site-packages/airflow/example_dags/example_latest_only_with_trigger.py
[2025-02-22T17:13:11.873+0000] {processor.py:925} INFO - DAG(s) 'latest_only_with_trigger' retrieved from /home/airflow/.local/lib/python3.12/site-packages/airflow/example_dags/example_latest_only_with_trigger.py
[2025-02-22T17:13:11.880+0000] {logging_mixin.py:190} INFO - [2025-02-22T17:13:11.880+0000] {dag.py:3239} INFO - Sync 1 DAGs
[2025-02-22T17:13:11.888+0000] {logging_mixin.py:190} INFO - [2025-02-22T17:13:11.888+0000] {dag.py:4180} INFO - Setting next_dagrun for latest_only_with_trigger to 2025-02-22 12:00:00+00:00, run_after=2025-02-22 16:00:00+00:00
[2025-02-22T17:13:11.894+0000] {processor.py:208} INFO - Processing /home/airflow/.local/lib/python3.12/site-packages/airflow/example_dags/example_latest_only_with_trigger.py took 0.027 seconds
[2025-02-22T17:15:56.076+0000] {processor.py:186} INFO - Started process (PID=86) to work on /home/airflow/.local/lib/python3.12/site-packages/airflow/example_dags/example_latest_only_with_trigger.py
[2025-02-22T17:15:56.076+0000] {processor.py:914} INFO - Processing file /home/airflow/.local/lib/python3.12/site-packages/airflow/example_dags/example_latest_only_with_trigger.py for tasks to queue
[2025-02-22T17:15:56.077+0000] {logging_mixin.py:190} INFO - [2025-02-22T17:15:56.077+0000] {dagbag.py:588} INFO - Filling up the DagBag from /home/airflow/.local/lib/python3.12/site-packages/airflow/example_dags/example_latest_only_with_trigger.py
[2025-02-22T17:15:56.081+0000] {processor.py:925} INFO - DAG(s) 'latest_only_with_trigger' retrieved from /home/airflow/.local/lib/python3.12/site-packages/airflow/example_dags/example_latest_only_with_trigger.py
[2025-02-22T17:15:56.090+0000] {logging_mixin.py:190} INFO - [2025-02-22T17:15:56.090+0000] {dag.py:3239} INFO - Sync 1 DAGs
[2025-02-22T17:15:56.099+0000] {logging_mixin.py:190} INFO - [2025-02-22T17:15:56.099+0000] {dag.py:4180} INFO - Setting next_dagrun for latest_only_with_trigger to 2025-02-22 12:00:00+00:00, run_after=2025-02-22 16:00:00+00:00
[2025-02-22T17:15:56.107+0000] {processor.py:208} INFO - Processing /home/airflow/.local/lib/python3.12/site-packages/airflow/example_dags/example_latest_only_with_trigger.py took 0.034 seconds
[2025-02-22T17:16:26.364+0000] {processor.py:186} INFO - Started process (PID=149) to work on /home/airflow/.local/lib/python3.12/site-packages/airflow/example_dags/example_latest_only_with_trigger.py
[2025-02-22T17:16:26.365+0000] {processor.py:914} INFO - Processing file /home/airflow/.local/lib/python3.12/site-packages/airflow/example_dags/example_latest_only_with_trigger.py for tasks to queue
[2025-02-22T17:16:26.366+0000] {logging_mixin.py:190} INFO - [2025-02-22T17:16:26.366+0000] {dagbag.py:588} INFO - Filling up the DagBag from /home/airflow/.local/lib/python3.12/site-packages/airflow/example_dags/example_latest_only_with_trigger.py
[2025-02-22T17:16:26.369+0000] {processor.py:925} INFO - DAG(s) 'latest_only_with_trigger' retrieved from /home/airflow/.local/lib/python3.12/site-packages/airflow/example_dags/example_latest_only_with_trigger.py
[2025-02-22T17:16:26.379+0000] {logging_mixin.py:190} INFO - [2025-02-22T17:16:26.379+0000] {dag.py:3239} INFO - Sync 1 DAGs
[2025-02-22T17:16:26.390+0000] {logging_mixin.py:190} INFO - [2025-02-22T17:16:26.390+0000] {dag.py:4180} INFO - Setting next_dagrun for latest_only_with_trigger to 2025-02-22 12:00:00+00:00, run_after=2025-02-22 16:00:00+00:00
[2025-02-22T17:16:26.397+0000] {processor.py:208} INFO - Processing /home/airflow/.local/lib/python3.12/site-packages/airflow/example_dags/example_latest_only_with_trigger.py took 0.035 seconds
[2025-02-22T17:16:57.470+0000] {processor.py:186} INFO - Started process (PID=212) to work on /home/airflow/.local/lib/python3.12/site-packages/airflow/example_dags/example_latest_only_with_trigger.py
[2025-02-22T17:16:57.474+0000] {processor.py:914} INFO - Processing file /home/airflow/.local/lib/python3.12/site-packages/airflow/example_dags/example_latest_only_with_trigger.py for tasks to queue
[2025-02-22T17:16:57.475+0000] {logging_mixin.py:190} INFO - [2025-02-22T17:16:57.475+0000] {dagbag.py:588} INFO - Filling up the DagBag from /home/airflow/.local/lib/python3.12/site-packages/airflow/example_dags/example_latest_only_with_trigger.py
[2025-02-22T17:16:57.478+0000] {processor.py:925} INFO - DAG(s) 'latest_only_with_trigger' retrieved from /home/airflow/.local/lib/python3.12/site-packages/airflow/example_dags/example_latest_only_with_trigger.py
[2025-02-22T17:16:57.485+0000] {logging_mixin.py:190} INFO - [2025-02-22T17:16:57.485+0000] {dag.py:3239} INFO - Sync 1 DAGs
[2025-02-22T17:16:57.492+0000] {logging_mixin.py:190} INFO - [2025-02-22T17:16:57.492+0000] {dag.py:4180} INFO - Setting next_dagrun for latest_only_with_trigger to 2025-02-22 12:00:00+00:00, run_after=2025-02-22 16:00:00+00:00
[2025-02-22T17:16:57.500+0000] {processor.py:208} INFO - Processing /home/airflow/.local/lib/python3.12/site-packages/airflow/example_dags/example_latest_only_with_trigger.py took 0.033 seconds
[2025-02-22T17:17:28.664+0000] {processor.py:186} INFO - Started process (PID=281) to work on /home/airflow/.local/lib/python3.12/site-packages/airflow/example_dags/example_latest_only_with_trigger.py
[2025-02-22T17:17:28.665+0000] {processor.py:914} INFO - Processing file /home/airflow/.local/lib/python3.12/site-packages/airflow/example_dags/example_latest_only_with_trigger.py for tasks to queue
[2025-02-22T17:17:28.666+0000] {logging_mixin.py:190} INFO - [2025-02-22T17:17:28.666+0000] {dagbag.py:588} INFO - Filling up the DagBag from /home/airflow/.local/lib/python3.12/site-packages/airflow/example_dags/example_latest_only_with_trigger.py
[2025-02-22T17:17:28.671+0000] {processor.py:925} INFO - DAG(s) 'latest_only_with_trigger' retrieved from /home/airflow/.local/lib/python3.12/site-packages/airflow/example_dags/example_latest_only_with_trigger.py
[2025-02-22T17:17:28.682+0000] {logging_mixin.py:190} INFO - [2025-02-22T17:17:28.682+0000] {dag.py:3239} INFO - Sync 1 DAGs
[2025-02-22T17:17:28.692+0000] {logging_mixin.py:190} INFO - [2025-02-22T17:17:28.692+0000] {dag.py:4180} INFO - Setting next_dagrun for latest_only_with_trigger to 2025-02-22 12:00:00+00:00, run_after=2025-02-22 16:00:00+00:00
[2025-02-22T17:17:28.703+0000] {processor.py:208} INFO - Processing /home/airflow/.local/lib/python3.12/site-packages/airflow/example_dags/example_latest_only_with_trigger.py took 0.041 seconds
[2025-02-22T17:17:58.921+0000] {processor.py:186} INFO - Started process (PID=344) to work on /home/airflow/.local/lib/python3.12/site-packages/airflow/example_dags/example_latest_only_with_trigger.py
[2025-02-22T17:17:58.922+0000] {processor.py:914} INFO - Processing file /home/airflow/.local/lib/python3.12/site-packages/airflow/example_dags/example_latest_only_with_trigger.py for tasks to queue
[2025-02-22T17:17:58.923+0000] {logging_mixin.py:190} INFO - [2025-02-22T17:17:58.923+0000] {dagbag.py:588} INFO - Filling up the DagBag from /home/airflow/.local/lib/python3.12/site-packages/airflow/example_dags/example_latest_only_with_trigger.py
[2025-02-22T17:17:58.926+0000] {processor.py:925} INFO - DAG(s) 'latest_only_with_trigger' retrieved from /home/airflow/.local/lib/python3.12/site-packages/airflow/example_dags/example_latest_only_with_trigger.py
[2025-02-22T17:17:58.934+0000] {logging_mixin.py:190} INFO - [2025-02-22T17:17:58.934+0000] {dag.py:3239} INFO - Sync 1 DAGs
[2025-02-22T17:17:58.944+0000] {logging_mixin.py:190} INFO - [2025-02-22T17:17:58.943+0000] {dag.py:4180} INFO - Setting next_dagrun for latest_only_with_trigger to 2025-02-22 12:00:00+00:00, run_after=2025-02-22 16:00:00+00:00
[2025-02-22T17:17:58.950+0000] {processor.py:208} INFO - Processing /home/airflow/.local/lib/python3.12/site-packages/airflow/example_dags/example_latest_only_with_trigger.py took 0.031 seconds
[2025-02-22T17:18:30.017+0000] {processor.py:186} INFO - Started process (PID=407) to work on /home/airflow/.local/lib/python3.12/site-packages/airflow/example_dags/example_latest_only_with_trigger.py
[2025-02-22T17:18:30.017+0000] {processor.py:914} INFO - Processing file /home/airflow/.local/lib/python3.12/site-packages/airflow/example_dags/example_latest_only_with_trigger.py for tasks to queue
[2025-02-22T17:18:30.018+0000] {logging_mixin.py:190} INFO - [2025-02-22T17:18:30.018+0000] {dagbag.py:588} INFO - Filling up the DagBag from /home/airflow/.local/lib/python3.12/site-packages/airflow/example_dags/example_latest_only_with_trigger.py
[2025-02-22T17:18:30.021+0000] {processor.py:925} INFO - DAG(s) 'latest_only_with_trigger' retrieved from /home/airflow/.local/lib/python3.12/site-packages/airflow/example_dags/example_latest_only_with_trigger.py
[2025-02-22T17:18:30.030+0000] {logging_mixin.py:190} INFO - [2025-02-22T17:18:30.030+0000] {dag.py:3239} INFO - Sync 1 DAGs
[2025-02-22T17:18:30.039+0000] {logging_mixin.py:190} INFO - [2025-02-22T17:18:30.039+0000] {dag.py:4180} INFO - Setting next_dagrun for latest_only_with_trigger to 2025-02-22 12:00:00+00:00, run_after=2025-02-22 16:00:00+00:00
[2025-02-22T17:18:30.045+0000] {processor.py:208} INFO - Processing /home/airflow/.local/lib/python3.12/site-packages/airflow/example_dags/example_latest_only_with_trigger.py took 0.031 seconds
[2025-02-22T17:19:01.219+0000] {processor.py:186} INFO - Started process (PID=470) to work on /home/airflow/.local/lib/python3.12/site-packages/airflow/example_dags/example_latest_only_with_trigger.py
[2025-02-22T17:19:01.222+0000] {processor.py:914} INFO - Processing file /home/airflow/.local/lib/python3.12/site-packages/airflow/example_dags/example_latest_only_with_trigger.py for tasks to queue
[2025-02-22T17:19:01.223+0000] {logging_mixin.py:190} INFO - [2025-02-22T17:19:01.223+0000] {dagbag.py:588} INFO - Filling up the DagBag from /home/airflow/.local/lib/python3.12/site-packages/airflow/example_dags/example_latest_only_with_trigger.py
[2025-02-22T17:19:01.227+0000] {processor.py:925} INFO - DAG(s) 'latest_only_with_trigger' retrieved from /home/airflow/.local/lib/python3.12/site-packages/airflow/example_dags/example_latest_only_with_trigger.py
[2025-02-22T17:19:01.234+0000] {logging_mixin.py:190} INFO - [2025-02-22T17:19:01.234+0000] {dag.py:3239} INFO - Sync 1 DAGs
[2025-02-22T17:19:01.244+0000] {logging_mixin.py:190} INFO - [2025-02-22T17:19:01.244+0000] {dag.py:4180} INFO - Setting next_dagrun for latest_only_with_trigger to 2025-02-22 12:00:00+00:00, run_after=2025-02-22 16:00:00+00:00
[2025-02-22T17:19:01.251+0000] {processor.py:208} INFO - Processing /home/airflow/.local/lib/python3.12/site-packages/airflow/example_dags/example_latest_only_with_trigger.py took 0.035 seconds
[2025-02-22T17:19:32.266+0000] {processor.py:186} INFO - Started process (PID=533) to work on /home/airflow/.local/lib/python3.12/site-packages/airflow/example_dags/example_latest_only_with_trigger.py
[2025-02-22T17:19:32.267+0000] {processor.py:914} INFO - Processing file /home/airflow/.local/lib/python3.12/site-packages/airflow/example_dags/example_latest_only_with_trigger.py for tasks to queue
[2025-02-22T17:19:32.268+0000] {logging_mixin.py:190} INFO - [2025-02-22T17:19:32.268+0000] {dagbag.py:588} INFO - Filling up the DagBag from /home/airflow/.local/lib/python3.12/site-packages/airflow/example_dags/example_latest_only_with_trigger.py
[2025-02-22T17:19:32.273+0000] {processor.py:925} INFO - DAG(s) 'latest_only_with_trigger' retrieved from /home/airflow/.local/lib/python3.12/site-packages/airflow/example_dags/example_latest_only_with_trigger.py
[2025-02-22T17:19:32.282+0000] {logging_mixin.py:190} INFO - [2025-02-22T17:19:32.282+0000] {dag.py:3239} INFO - Sync 1 DAGs
[2025-02-22T17:19:32.291+0000] {logging_mixin.py:190} INFO - [2025-02-22T17:19:32.291+0000] {dag.py:4180} INFO - Setting next_dagrun for latest_only_with_trigger to 2025-02-22 12:00:00+00:00, run_after=2025-02-22 16:00:00+00:00
[2025-02-22T17:19:32.300+0000] {processor.py:208} INFO - Processing /home/airflow/.local/lib/python3.12/site-packages/airflow/example_dags/example_latest_only_with_trigger.py took 0.036 seconds
[2025-02-22T17:20:03.469+0000] {processor.py:186} INFO - Started process (PID=596) to work on /home/airflow/.local/lib/python3.12/site-packages/airflow/example_dags/example_latest_only_with_trigger.py
[2025-02-22T17:20:03.471+0000] {processor.py:914} INFO - Processing file /home/airflow/.local/lib/python3.12/site-packages/airflow/example_dags/example_latest_only_with_trigger.py for tasks to queue
[2025-02-22T17:20:03.472+0000] {logging_mixin.py:190} INFO - [2025-02-22T17:20:03.472+0000] {dagbag.py:588} INFO - Filling up the DagBag from /home/airflow/.local/lib/python3.12/site-packages/airflow/example_dags/example_latest_only_with_trigger.py
[2025-02-22T17:20:03.475+0000] {processor.py:925} INFO - DAG(s) 'latest_only_with_trigger' retrieved from /home/airflow/.local/lib/python3.12/site-packages/airflow/example_dags/example_latest_only_with_trigger.py
[2025-02-22T17:20:03.483+0000] {logging_mixin.py:190} INFO - [2025-02-22T17:20:03.483+0000] {dag.py:3239} INFO - Sync 1 DAGs
[2025-02-22T17:20:03.492+0000] {logging_mixin.py:190} INFO - [2025-02-22T17:20:03.492+0000] {dag.py:4180} INFO - Setting next_dagrun for latest_only_with_trigger to 2025-02-22 12:00:00+00:00, run_after=2025-02-22 16:00:00+00:00
[2025-02-22T17:20:03.499+0000] {processor.py:208} INFO - Processing /home/airflow/.local/lib/python3.12/site-packages/airflow/example_dags/example_latest_only_with_trigger.py took 0.032 seconds
[2025-02-22T17:20:34.599+0000] {processor.py:186} INFO - Started process (PID=658) to work on /home/airflow/.local/lib/python3.12/site-packages/airflow/example_dags/example_latest_only_with_trigger.py
[2025-02-22T17:20:34.599+0000] {processor.py:914} INFO - Processing file /home/airflow/.local/lib/python3.12/site-packages/airflow/example_dags/example_latest_only_with_trigger.py for tasks to queue
[2025-02-22T17:20:34.601+0000] {logging_mixin.py:190} INFO - [2025-02-22T17:20:34.601+0000] {dagbag.py:588} INFO - Filling up the DagBag from /home/airflow/.local/lib/python3.12/site-packages/airflow/example_dags/example_latest_only_with_trigger.py
[2025-02-22T17:20:34.604+0000] {processor.py:925} INFO - DAG(s) 'latest_only_with_trigger' retrieved from /home/airflow/.local/lib/python3.12/site-packages/airflow/example_dags/example_latest_only_with_trigger.py
[2025-02-22T17:20:34.616+0000] {logging_mixin.py:190} INFO - [2025-02-22T17:20:34.616+0000] {dag.py:3239} INFO - Sync 1 DAGs
[2025-02-22T17:20:34.625+0000] {logging_mixin.py:190} INFO - [2025-02-22T17:20:34.625+0000] {dag.py:4180} INFO - Setting next_dagrun for latest_only_with_trigger to 2025-02-22 12:00:00+00:00, run_after=2025-02-22 16:00:00+00:00
[2025-02-22T17:20:34.632+0000] {processor.py:208} INFO - Processing /home/airflow/.local/lib/python3.12/site-packages/airflow/example_dags/example_latest_only_with_trigger.py took 0.036 seconds
[2025-02-22T17:21:05.787+0000] {processor.py:186} INFO - Started process (PID=721) to work on /home/airflow/.local/lib/python3.12/site-packages/airflow/example_dags/example_latest_only_with_trigger.py
[2025-02-22T17:21:05.788+0000] {processor.py:914} INFO - Processing file /home/airflow/.local/lib/python3.12/site-packages/airflow/example_dags/example_latest_only_with_trigger.py for tasks to queue
[2025-02-22T17:21:05.789+0000] {logging_mixin.py:190} INFO - [2025-02-22T17:21:05.789+0000] {dagbag.py:588} INFO - Filling up the DagBag from /home/airflow/.local/lib/python3.12/site-packages/airflow/example_dags/example_latest_only_with_trigger.py
[2025-02-22T17:21:05.793+0000] {processor.py:925} INFO - DAG(s) 'latest_only_with_trigger' retrieved from /home/airflow/.local/lib/python3.12/site-packages/airflow/example_dags/example_latest_only_with_trigger.py
[2025-02-22T17:21:05.804+0000] {logging_mixin.py:190} INFO - [2025-02-22T17:21:05.804+0000] {dag.py:3239} INFO - Sync 1 DAGs
[2025-02-22T17:21:05.813+0000] {logging_mixin.py:190} INFO - [2025-02-22T17:21:05.812+0000] {dag.py:4180} INFO - Setting next_dagrun for latest_only_with_trigger to 2025-02-22 12:00:00+00:00, run_after=2025-02-22 16:00:00+00:00
[2025-02-22T17:21:05.822+0000] {processor.py:208} INFO - Processing /home/airflow/.local/lib/python3.12/site-packages/airflow/example_dags/example_latest_only_with_trigger.py took 0.037 seconds
[2025-02-22T17:21:37.023+0000] {processor.py:186} INFO - Started process (PID=784) to work on /home/airflow/.local/lib/python3.12/site-packages/airflow/example_dags/example_latest_only_with_trigger.py
[2025-02-22T17:21:37.023+0000] {processor.py:914} INFO - Processing file /home/airflow/.local/lib/python3.12/site-packages/airflow/example_dags/example_latest_only_with_trigger.py for tasks to queue
[2025-02-22T17:21:37.024+0000] {logging_mixin.py:190} INFO - [2025-02-22T17:21:37.024+0000] {dagbag.py:588} INFO - Filling up the DagBag from /home/airflow/.local/lib/python3.12/site-packages/airflow/example_dags/example_latest_only_with_trigger.py
[2025-02-22T17:21:37.028+0000] {processor.py:925} INFO - DAG(s) 'latest_only_with_trigger' retrieved from /home/airflow/.local/lib/python3.12/site-packages/airflow/example_dags/example_latest_only_with_trigger.py
[2025-02-22T17:21:37.054+0000] {logging_mixin.py:190} INFO - [2025-02-22T17:21:37.054+0000] {dag.py:3239} INFO - Sync 1 DAGs
[2025-02-22T17:21:37.073+0000] {logging_mixin.py:190} INFO - [2025-02-22T17:21:37.073+0000] {dag.py:4180} INFO - Setting next_dagrun for latest_only_with_trigger to 2025-02-22 12:00:00+00:00, run_after=2025-02-22 16:00:00+00:00
[2025-02-22T17:21:37.089+0000] {processor.py:208} INFO - Processing /home/airflow/.local/lib/python3.12/site-packages/airflow/example_dags/example_latest_only_with_trigger.py took 0.069 seconds
[2025-02-22T17:22:08.287+0000] {processor.py:186} INFO - Started process (PID=847) to work on /home/airflow/.local/lib/python3.12/site-packages/airflow/example_dags/example_latest_only_with_trigger.py
[2025-02-22T17:22:08.288+0000] {processor.py:914} INFO - Processing file /home/airflow/.local/lib/python3.12/site-packages/airflow/example_dags/example_latest_only_with_trigger.py for tasks to queue
[2025-02-22T17:22:08.289+0000] {logging_mixin.py:190} INFO - [2025-02-22T17:22:08.289+0000] {dagbag.py:588} INFO - Filling up the DagBag from /home/airflow/.local/lib/python3.12/site-packages/airflow/example_dags/example_latest_only_with_trigger.py
[2025-02-22T17:22:08.293+0000] {processor.py:925} INFO - DAG(s) 'latest_only_with_trigger' retrieved from /home/airflow/.local/lib/python3.12/site-packages/airflow/example_dags/example_latest_only_with_trigger.py
[2025-02-22T17:22:08.303+0000] {logging_mixin.py:190} INFO - [2025-02-22T17:22:08.303+0000] {dag.py:3239} INFO - Sync 1 DAGs
[2025-02-22T17:22:08.313+0000] {logging_mixin.py:190} INFO - [2025-02-22T17:22:08.313+0000] {dag.py:4180} INFO - Setting next_dagrun for latest_only_with_trigger to 2025-02-22 12:00:00+00:00, run_after=2025-02-22 16:00:00+00:00
[2025-02-22T17:22:08.323+0000] {processor.py:208} INFO - Processing /home/airflow/.local/lib/python3.12/site-packages/airflow/example_dags/example_latest_only_with_trigger.py took 0.038 seconds
[2025-02-22T17:22:39.527+0000] {processor.py:186} INFO - Started process (PID=910) to work on /home/airflow/.local/lib/python3.12/site-packages/airflow/example_dags/example_latest_only_with_trigger.py
[2025-02-22T17:22:39.528+0000] {processor.py:914} INFO - Processing file /home/airflow/.local/lib/python3.12/site-packages/airflow/example_dags/example_latest_only_with_trigger.py for tasks to queue
[2025-02-22T17:22:39.529+0000] {logging_mixin.py:190} INFO - [2025-02-22T17:22:39.529+0000] {dagbag.py:588} INFO - Filling up the DagBag from /home/airflow/.local/lib/python3.12/site-packages/airflow/example_dags/example_latest_only_with_trigger.py
[2025-02-22T17:22:39.532+0000] {processor.py:925} INFO - DAG(s) 'latest_only_with_trigger' retrieved from /home/airflow/.local/lib/python3.12/site-packages/airflow/example_dags/example_latest_only_with_trigger.py
[2025-02-22T17:22:39.543+0000] {logging_mixin.py:190} INFO - [2025-02-22T17:22:39.543+0000] {dag.py:3239} INFO - Sync 1 DAGs
[2025-02-22T17:22:39.552+0000] {logging_mixin.py:190} INFO - [2025-02-22T17:22:39.552+0000] {dag.py:4180} INFO - Setting next_dagrun for latest_only_with_trigger to 2025-02-22 12:00:00+00:00, run_after=2025-02-22 16:00:00+00:00
[2025-02-22T17:22:39.562+0000] {processor.py:208} INFO - Processing /home/airflow/.local/lib/python3.12/site-packages/airflow/example_dags/example_latest_only_with_trigger.py took 0.037 seconds
[2025-02-22T17:23:10.779+0000] {processor.py:186} INFO - Started process (PID=973) to work on /home/airflow/.local/lib/python3.12/site-packages/airflow/example_dags/example_latest_only_with_trigger.py
[2025-02-22T17:23:10.779+0000] {processor.py:914} INFO - Processing file /home/airflow/.local/lib/python3.12/site-packages/airflow/example_dags/example_latest_only_with_trigger.py for tasks to queue
[2025-02-22T17:23:10.780+0000] {logging_mixin.py:190} INFO - [2025-02-22T17:23:10.780+0000] {dagbag.py:588} INFO - Filling up the DagBag from /home/airflow/.local/lib/python3.12/site-packages/airflow/example_dags/example_latest_only_with_trigger.py
[2025-02-22T17:23:10.784+0000] {processor.py:925} INFO - DAG(s) 'latest_only_with_trigger' retrieved from /home/airflow/.local/lib/python3.12/site-packages/airflow/example_dags/example_latest_only_with_trigger.py
[2025-02-22T17:23:10.794+0000] {logging_mixin.py:190} INFO - [2025-02-22T17:23:10.794+0000] {dag.py:3239} INFO - Sync 1 DAGs
[2025-02-22T17:23:10.804+0000] {logging_mixin.py:190} INFO - [2025-02-22T17:23:10.804+0000] {dag.py:4180} INFO - Setting next_dagrun for latest_only_with_trigger to 2025-02-22 12:00:00+00:00, run_after=2025-02-22 16:00:00+00:00
[2025-02-22T17:23:10.814+0000] {processor.py:208} INFO - Processing /home/airflow/.local/lib/python3.12/site-packages/airflow/example_dags/example_latest_only_with_trigger.py took 0.038 seconds
[2025-02-22T17:23:42.082+0000] {processor.py:186} INFO - Started process (PID=1036) to work on /home/airflow/.local/lib/python3.12/site-packages/airflow/example_dags/example_latest_only_with_trigger.py
[2025-02-22T17:23:42.083+0000] {processor.py:914} INFO - Processing file /home/airflow/.local/lib/python3.12/site-packages/airflow/example_dags/example_latest_only_with_trigger.py for tasks to queue
[2025-02-22T17:23:42.084+0000] {logging_mixin.py:190} INFO - [2025-02-22T17:23:42.084+0000] {dagbag.py:588} INFO - Filling up the DagBag from /home/airflow/.local/lib/python3.12/site-packages/airflow/example_dags/example_latest_only_with_trigger.py
[2025-02-22T17:23:42.089+0000] {processor.py:925} INFO - DAG(s) 'latest_only_with_trigger' retrieved from /home/airflow/.local/lib/python3.12/site-packages/airflow/example_dags/example_latest_only_with_trigger.py
[2025-02-22T17:23:42.101+0000] {logging_mixin.py:190} INFO - [2025-02-22T17:23:42.100+0000] {dag.py:3239} INFO - Sync 1 DAGs
[2025-02-22T17:23:42.111+0000] {logging_mixin.py:190} INFO - [2025-02-22T17:23:42.111+0000] {dag.py:4180} INFO - Setting next_dagrun for latest_only_with_trigger to 2025-02-22 12:00:00+00:00, run_after=2025-02-22 16:00:00+00:00
[2025-02-22T17:23:42.122+0000] {processor.py:208} INFO - Processing /home/airflow/.local/lib/python3.12/site-packages/airflow/example_dags/example_latest_only_with_trigger.py took 0.042 seconds
[2025-02-22T17:24:13.311+0000] {processor.py:186} INFO - Started process (PID=1099) to work on /home/airflow/.local/lib/python3.12/site-packages/airflow/example_dags/example_latest_only_with_trigger.py
[2025-02-22T17:24:13.314+0000] {processor.py:914} INFO - Processing file /home/airflow/.local/lib/python3.12/site-packages/airflow/example_dags/example_latest_only_with_trigger.py for tasks to queue
[2025-02-22T17:24:13.315+0000] {logging_mixin.py:190} INFO - [2025-02-22T17:24:13.315+0000] {dagbag.py:588} INFO - Filling up the DagBag from /home/airflow/.local/lib/python3.12/site-packages/airflow/example_dags/example_latest_only_with_trigger.py
[2025-02-22T17:24:13.319+0000] {processor.py:925} INFO - DAG(s) 'latest_only_with_trigger' retrieved from /home/airflow/.local/lib/python3.12/site-packages/airflow/example_dags/example_latest_only_with_trigger.py
[2025-02-22T17:24:13.328+0000] {logging_mixin.py:190} INFO - [2025-02-22T17:24:13.328+0000] {dag.py:3239} INFO - Sync 1 DAGs
[2025-02-22T17:24:13.339+0000] {logging_mixin.py:190} INFO - [2025-02-22T17:24:13.339+0000] {dag.py:4180} INFO - Setting next_dagrun for latest_only_with_trigger to 2025-02-22 12:00:00+00:00, run_after=2025-02-22 16:00:00+00:00
[2025-02-22T17:24:13.349+0000] {processor.py:208} INFO - Processing /home/airflow/.local/lib/python3.12/site-packages/airflow/example_dags/example_latest_only_with_trigger.py took 0.041 seconds
[2025-02-22T17:24:44.551+0000] {processor.py:186} INFO - Started process (PID=1161) to work on /home/airflow/.local/lib/python3.12/site-packages/airflow/example_dags/example_latest_only_with_trigger.py
[2025-02-22T17:24:44.551+0000] {processor.py:914} INFO - Processing file /home/airflow/.local/lib/python3.12/site-packages/airflow/example_dags/example_latest_only_with_trigger.py for tasks to queue
[2025-02-22T17:24:44.552+0000] {logging_mixin.py:190} INFO - [2025-02-22T17:24:44.552+0000] {dagbag.py:588} INFO - Filling up the DagBag from /home/airflow/.local/lib/python3.12/site-packages/airflow/example_dags/example_latest_only_with_trigger.py
[2025-02-22T17:24:44.556+0000] {processor.py:925} INFO - DAG(s) 'latest_only_with_trigger' retrieved from /home/airflow/.local/lib/python3.12/site-packages/airflow/example_dags/example_latest_only_with_trigger.py
[2025-02-22T17:24:44.565+0000] {logging_mixin.py:190} INFO - [2025-02-22T17:24:44.565+0000] {dag.py:3239} INFO - Sync 1 DAGs
[2025-02-22T17:24:44.576+0000] {logging_mixin.py:190} INFO - [2025-02-22T17:24:44.576+0000] {dag.py:4180} INFO - Setting next_dagrun for latest_only_with_trigger to 2025-02-22 12:00:00+00:00, run_after=2025-02-22 16:00:00+00:00
[2025-02-22T17:24:44.586+0000] {processor.py:208} INFO - Processing /home/airflow/.local/lib/python3.12/site-packages/airflow/example_dags/example_latest_only_with_trigger.py took 0.038 seconds
[2025-02-22T17:25:15.804+0000] {processor.py:186} INFO - Started process (PID=1224) to work on /home/airflow/.local/lib/python3.12/site-packages/airflow/example_dags/example_latest_only_with_trigger.py
[2025-02-22T17:25:15.805+0000] {processor.py:914} INFO - Processing file /home/airflow/.local/lib/python3.12/site-packages/airflow/example_dags/example_latest_only_with_trigger.py for tasks to queue
[2025-02-22T17:25:15.808+0000] {logging_mixin.py:190} INFO - [2025-02-22T17:25:15.807+0000] {dagbag.py:588} INFO - Filling up the DagBag from /home/airflow/.local/lib/python3.12/site-packages/airflow/example_dags/example_latest_only_with_trigger.py
[2025-02-22T17:25:15.813+0000] {processor.py:925} INFO - DAG(s) 'latest_only_with_trigger' retrieved from /home/airflow/.local/lib/python3.12/site-packages/airflow/example_dags/example_latest_only_with_trigger.py
[2025-02-22T17:25:15.823+0000] {logging_mixin.py:190} INFO - [2025-02-22T17:25:15.823+0000] {dag.py:3239} INFO - Sync 1 DAGs
[2025-02-22T17:25:15.832+0000] {logging_mixin.py:190} INFO - [2025-02-22T17:25:15.832+0000] {dag.py:4180} INFO - Setting next_dagrun for latest_only_with_trigger to 2025-02-22 12:00:00+00:00, run_after=2025-02-22 16:00:00+00:00
[2025-02-22T17:25:15.841+0000] {processor.py:208} INFO - Processing /home/airflow/.local/lib/python3.12/site-packages/airflow/example_dags/example_latest_only_with_trigger.py took 0.040 seconds
[2025-02-22T17:25:47.083+0000] {processor.py:186} INFO - Started process (PID=1287) to work on /home/airflow/.local/lib/python3.12/site-packages/airflow/example_dags/example_latest_only_with_trigger.py
[2025-02-22T17:25:47.085+0000] {processor.py:914} INFO - Processing file /home/airflow/.local/lib/python3.12/site-packages/airflow/example_dags/example_latest_only_with_trigger.py for tasks to queue
[2025-02-22T17:25:47.086+0000] {logging_mixin.py:190} INFO - [2025-02-22T17:25:47.086+0000] {dagbag.py:588} INFO - Filling up the DagBag from /home/airflow/.local/lib/python3.12/site-packages/airflow/example_dags/example_latest_only_with_trigger.py
[2025-02-22T17:25:47.089+0000] {processor.py:925} INFO - DAG(s) 'latest_only_with_trigger' retrieved from /home/airflow/.local/lib/python3.12/site-packages/airflow/example_dags/example_latest_only_with_trigger.py
[2025-02-22T17:25:47.101+0000] {logging_mixin.py:190} INFO - [2025-02-22T17:25:47.100+0000] {dag.py:3239} INFO - Sync 1 DAGs
[2025-02-22T17:25:47.110+0000] {logging_mixin.py:190} INFO - [2025-02-22T17:25:47.110+0000] {dag.py:4180} INFO - Setting next_dagrun for latest_only_with_trigger to 2025-02-22 12:00:00+00:00, run_after=2025-02-22 16:00:00+00:00
[2025-02-22T17:25:47.120+0000] {processor.py:208} INFO - Processing /home/airflow/.local/lib/python3.12/site-packages/airflow/example_dags/example_latest_only_with_trigger.py took 0.039 seconds
[2025-02-22T17:26:17.226+0000] {processor.py:186} INFO - Started process (PID=1350) to work on /home/airflow/.local/lib/python3.12/site-packages/airflow/example_dags/example_latest_only_with_trigger.py
[2025-02-22T17:26:17.227+0000] {processor.py:914} INFO - Processing file /home/airflow/.local/lib/python3.12/site-packages/airflow/example_dags/example_latest_only_with_trigger.py for tasks to queue
[2025-02-22T17:26:17.227+0000] {logging_mixin.py:190} INFO - [2025-02-22T17:26:17.227+0000] {dagbag.py:588} INFO - Filling up the DagBag from /home/airflow/.local/lib/python3.12/site-packages/airflow/example_dags/example_latest_only_with_trigger.py
[2025-02-22T17:26:17.231+0000] {processor.py:925} INFO - DAG(s) 'latest_only_with_trigger' retrieved from /home/airflow/.local/lib/python3.12/site-packages/airflow/example_dags/example_latest_only_with_trigger.py
[2025-02-22T17:26:17.240+0000] {logging_mixin.py:190} INFO - [2025-02-22T17:26:17.240+0000] {dag.py:3239} INFO - Sync 1 DAGs
[2025-02-22T17:26:17.251+0000] {logging_mixin.py:190} INFO - [2025-02-22T17:26:17.251+0000] {dag.py:4180} INFO - Setting next_dagrun for latest_only_with_trigger to 2025-02-22 12:00:00+00:00, run_after=2025-02-22 16:00:00+00:00
[2025-02-22T17:26:17.257+0000] {processor.py:208} INFO - Processing /home/airflow/.local/lib/python3.12/site-packages/airflow/example_dags/example_latest_only_with_trigger.py took 0.033 seconds
