[2025-02-22T17:05:28.001+0000] {processor.py:186} INFO - Started process (PID=88) to work on /home/airflow/.local/lib/python3.12/site-packages/airflow/example_dags/tutorial_taskflow_api_virtualenv.py
[2025-02-22T17:05:28.002+0000] {processor.py:914} INFO - Processing file /home/airflow/.local/lib/python3.12/site-packages/airflow/example_dags/tutorial_taskflow_api_virtualenv.py for tasks to queue
[2025-02-22T17:05:28.003+0000] {logging_mixin.py:190} INFO - [2025-02-22T17:05:28.003+0000] {dagbag.py:588} INFO - Filling up the DagBag from /home/airflow/.local/lib/python3.12/site-packages/airflow/example_dags/tutorial_taskflow_api_virtualenv.py
[2025-02-22T17:05:28.008+0000] {processor.py:925} INFO - DAG(s) 'tutorial_taskflow_api_virtualenv' retrieved from /home/airflow/.local/lib/python3.12/site-packages/airflow/example_dags/tutorial_taskflow_api_virtualenv.py
[2025-02-22T17:05:28.048+0000] {logging_mixin.py:190} INFO - [2025-02-22T17:05:28.048+0000] {override.py:1912} INFO - Created Permission View: can edit on DAG:tutorial_taskflow_api_virtualenv
[2025-02-22T17:05:28.052+0000] {logging_mixin.py:190} INFO - [2025-02-22T17:05:28.051+0000] {override.py:1912} INFO - Created Permission View: can delete on DAG:tutorial_taskflow_api_virtualenv
[2025-02-22T17:05:28.054+0000] {logging_mixin.py:190} INFO - [2025-02-22T17:05:28.053+0000] {override.py:1912} INFO - Created Permission View: can read on DAG:tutorial_taskflow_api_virtualenv
[2025-02-22T17:05:28.055+0000] {logging_mixin.py:190} INFO - [2025-02-22T17:05:28.055+0000] {override.py:1912} INFO - Created Permission View: menu access on DAG Run:tutorial_taskflow_api_virtualenv
[2025-02-22T17:05:28.057+0000] {logging_mixin.py:190} INFO - [2025-02-22T17:05:28.057+0000] {override.py:1912} INFO - Created Permission View: can create on DAG Run:tutorial_taskflow_api_virtualenv
[2025-02-22T17:05:28.059+0000] {logging_mixin.py:190} INFO - [2025-02-22T17:05:28.059+0000] {override.py:1912} INFO - Created Permission View: can delete on DAG Run:tutorial_taskflow_api_virtualenv
[2025-02-22T17:05:28.061+0000] {logging_mixin.py:190} INFO - [2025-02-22T17:05:28.061+0000] {override.py:1912} INFO - Created Permission View: can read on DAG Run:tutorial_taskflow_api_virtualenv
[2025-02-22T17:05:28.061+0000] {logging_mixin.py:190} INFO - [2025-02-22T17:05:28.061+0000] {dag.py:3239} INFO - Sync 1 DAGs
[2025-02-22T17:05:28.065+0000] {logging_mixin.py:190} INFO - [2025-02-22T17:05:28.065+0000] {dag.py:3262} INFO - Creating ORM DAG for tutorial_taskflow_api_virtualenv
[2025-02-22T17:05:28.065+0000] {logging_mixin.py:190} INFO - [2025-02-22T17:05:28.065+0000] {dag.py:4180} INFO - Setting next_dagrun for tutorial_taskflow_api_virtualenv to None, run_after=None
[2025-02-22T17:05:28.070+0000] {processor.py:208} INFO - Processing /home/airflow/.local/lib/python3.12/site-packages/airflow/example_dags/tutorial_taskflow_api_virtualenv.py took 0.071 seconds
[2025-02-22T17:05:58.200+0000] {processor.py:186} INFO - Started process (PID=150) to work on /home/airflow/.local/lib/python3.12/site-packages/airflow/example_dags/tutorial_taskflow_api_virtualenv.py
[2025-02-22T17:05:58.200+0000] {processor.py:914} INFO - Processing file /home/airflow/.local/lib/python3.12/site-packages/airflow/example_dags/tutorial_taskflow_api_virtualenv.py for tasks to queue
[2025-02-22T17:05:58.201+0000] {logging_mixin.py:190} INFO - [2025-02-22T17:05:58.201+0000] {dagbag.py:588} INFO - Filling up the DagBag from /home/airflow/.local/lib/python3.12/site-packages/airflow/example_dags/tutorial_taskflow_api_virtualenv.py
[2025-02-22T17:05:58.206+0000] {processor.py:925} INFO - DAG(s) 'tutorial_taskflow_api_virtualenv' retrieved from /home/airflow/.local/lib/python3.12/site-packages/airflow/example_dags/tutorial_taskflow_api_virtualenv.py
[2025-02-22T17:05:58.213+0000] {logging_mixin.py:190} INFO - [2025-02-22T17:05:58.213+0000] {dag.py:3239} INFO - Sync 1 DAGs
[2025-02-22T17:05:58.218+0000] {logging_mixin.py:190} INFO - [2025-02-22T17:05:58.218+0000] {dag.py:4180} INFO - Setting next_dagrun for tutorial_taskflow_api_virtualenv to None, run_after=None
[2025-02-22T17:05:58.224+0000] {processor.py:208} INFO - Processing /home/airflow/.local/lib/python3.12/site-packages/airflow/example_dags/tutorial_taskflow_api_virtualenv.py took 0.026 seconds
[2025-02-22T17:06:28.486+0000] {processor.py:186} INFO - Started process (PID=213) to work on /home/airflow/.local/lib/python3.12/site-packages/airflow/example_dags/tutorial_taskflow_api_virtualenv.py
[2025-02-22T17:06:28.486+0000] {processor.py:914} INFO - Processing file /home/airflow/.local/lib/python3.12/site-packages/airflow/example_dags/tutorial_taskflow_api_virtualenv.py for tasks to queue
[2025-02-22T17:06:28.487+0000] {logging_mixin.py:190} INFO - [2025-02-22T17:06:28.487+0000] {dagbag.py:588} INFO - Filling up the DagBag from /home/airflow/.local/lib/python3.12/site-packages/airflow/example_dags/tutorial_taskflow_api_virtualenv.py
[2025-02-22T17:06:28.492+0000] {processor.py:925} INFO - DAG(s) 'tutorial_taskflow_api_virtualenv' retrieved from /home/airflow/.local/lib/python3.12/site-packages/airflow/example_dags/tutorial_taskflow_api_virtualenv.py
[2025-02-22T17:06:28.500+0000] {logging_mixin.py:190} INFO - [2025-02-22T17:06:28.500+0000] {dag.py:3239} INFO - Sync 1 DAGs
[2025-02-22T17:06:28.506+0000] {logging_mixin.py:190} INFO - [2025-02-22T17:06:28.506+0000] {dag.py:4180} INFO - Setting next_dagrun for tutorial_taskflow_api_virtualenv to None, run_after=None
[2025-02-22T17:06:28.512+0000] {processor.py:208} INFO - Processing /home/airflow/.local/lib/python3.12/site-packages/airflow/example_dags/tutorial_taskflow_api_virtualenv.py took 0.028 seconds
[2025-02-22T17:06:59.446+0000] {processor.py:186} INFO - Started process (PID=275) to work on /home/airflow/.local/lib/python3.12/site-packages/airflow/example_dags/tutorial_taskflow_api_virtualenv.py
[2025-02-22T17:06:59.446+0000] {processor.py:914} INFO - Processing file /home/airflow/.local/lib/python3.12/site-packages/airflow/example_dags/tutorial_taskflow_api_virtualenv.py for tasks to queue
[2025-02-22T17:06:59.447+0000] {logging_mixin.py:190} INFO - [2025-02-22T17:06:59.447+0000] {dagbag.py:588} INFO - Filling up the DagBag from /home/airflow/.local/lib/python3.12/site-packages/airflow/example_dags/tutorial_taskflow_api_virtualenv.py
[2025-02-22T17:06:59.451+0000] {processor.py:925} INFO - DAG(s) 'tutorial_taskflow_api_virtualenv' retrieved from /home/airflow/.local/lib/python3.12/site-packages/airflow/example_dags/tutorial_taskflow_api_virtualenv.py
[2025-02-22T17:06:59.459+0000] {logging_mixin.py:190} INFO - [2025-02-22T17:06:59.459+0000] {dag.py:3239} INFO - Sync 1 DAGs
[2025-02-22T17:06:59.464+0000] {logging_mixin.py:190} INFO - [2025-02-22T17:06:59.464+0000] {dag.py:4180} INFO - Setting next_dagrun for tutorial_taskflow_api_virtualenv to None, run_after=None
[2025-02-22T17:06:59.470+0000] {processor.py:208} INFO - Processing /home/airflow/.local/lib/python3.12/site-packages/airflow/example_dags/tutorial_taskflow_api_virtualenv.py took 0.027 seconds
[2025-02-22T17:07:30.687+0000] {processor.py:186} INFO - Started process (PID=339) to work on /home/airflow/.local/lib/python3.12/site-packages/airflow/example_dags/tutorial_taskflow_api_virtualenv.py
[2025-02-22T17:07:30.687+0000] {processor.py:914} INFO - Processing file /home/airflow/.local/lib/python3.12/site-packages/airflow/example_dags/tutorial_taskflow_api_virtualenv.py for tasks to queue
[2025-02-22T17:07:30.688+0000] {logging_mixin.py:190} INFO - [2025-02-22T17:07:30.688+0000] {dagbag.py:588} INFO - Filling up the DagBag from /home/airflow/.local/lib/python3.12/site-packages/airflow/example_dags/tutorial_taskflow_api_virtualenv.py
[2025-02-22T17:07:30.693+0000] {processor.py:925} INFO - DAG(s) 'tutorial_taskflow_api_virtualenv' retrieved from /home/airflow/.local/lib/python3.12/site-packages/airflow/example_dags/tutorial_taskflow_api_virtualenv.py
[2025-02-22T17:07:30.701+0000] {logging_mixin.py:190} INFO - [2025-02-22T17:07:30.701+0000] {dag.py:3239} INFO - Sync 1 DAGs
[2025-02-22T17:07:30.706+0000] {logging_mixin.py:190} INFO - [2025-02-22T17:07:30.706+0000] {dag.py:4180} INFO - Setting next_dagrun for tutorial_taskflow_api_virtualenv to None, run_after=None
[2025-02-22T17:07:30.713+0000] {processor.py:208} INFO - Processing /home/airflow/.local/lib/python3.12/site-packages/airflow/example_dags/tutorial_taskflow_api_virtualenv.py took 0.028 seconds
[2025-02-22T17:08:01.668+0000] {processor.py:186} INFO - Started process (PID=400) to work on /home/airflow/.local/lib/python3.12/site-packages/airflow/example_dags/tutorial_taskflow_api_virtualenv.py
[2025-02-22T17:08:01.668+0000] {processor.py:914} INFO - Processing file /home/airflow/.local/lib/python3.12/site-packages/airflow/example_dags/tutorial_taskflow_api_virtualenv.py for tasks to queue
[2025-02-22T17:08:01.669+0000] {logging_mixin.py:190} INFO - [2025-02-22T17:08:01.669+0000] {dagbag.py:588} INFO - Filling up the DagBag from /home/airflow/.local/lib/python3.12/site-packages/airflow/example_dags/tutorial_taskflow_api_virtualenv.py
[2025-02-22T17:08:01.674+0000] {processor.py:925} INFO - DAG(s) 'tutorial_taskflow_api_virtualenv' retrieved from /home/airflow/.local/lib/python3.12/site-packages/airflow/example_dags/tutorial_taskflow_api_virtualenv.py
[2025-02-22T17:08:01.681+0000] {logging_mixin.py:190} INFO - [2025-02-22T17:08:01.681+0000] {dag.py:3239} INFO - Sync 1 DAGs
[2025-02-22T17:08:01.686+0000] {logging_mixin.py:190} INFO - [2025-02-22T17:08:01.686+0000] {dag.py:4180} INFO - Setting next_dagrun for tutorial_taskflow_api_virtualenv to None, run_after=None
[2025-02-22T17:08:01.692+0000] {processor.py:208} INFO - Processing /home/airflow/.local/lib/python3.12/site-packages/airflow/example_dags/tutorial_taskflow_api_virtualenv.py took 0.026 seconds
[2025-02-22T17:08:32.730+0000] {processor.py:186} INFO - Started process (PID=463) to work on /home/airflow/.local/lib/python3.12/site-packages/airflow/example_dags/tutorial_taskflow_api_virtualenv.py
[2025-02-22T17:08:32.730+0000] {processor.py:914} INFO - Processing file /home/airflow/.local/lib/python3.12/site-packages/airflow/example_dags/tutorial_taskflow_api_virtualenv.py for tasks to queue
[2025-02-22T17:08:32.731+0000] {logging_mixin.py:190} INFO - [2025-02-22T17:08:32.731+0000] {dagbag.py:588} INFO - Filling up the DagBag from /home/airflow/.local/lib/python3.12/site-packages/airflow/example_dags/tutorial_taskflow_api_virtualenv.py
[2025-02-22T17:08:32.736+0000] {processor.py:925} INFO - DAG(s) 'tutorial_taskflow_api_virtualenv' retrieved from /home/airflow/.local/lib/python3.12/site-packages/airflow/example_dags/tutorial_taskflow_api_virtualenv.py
[2025-02-22T17:08:32.742+0000] {logging_mixin.py:190} INFO - [2025-02-22T17:08:32.742+0000] {dag.py:3239} INFO - Sync 1 DAGs
[2025-02-22T17:08:32.747+0000] {logging_mixin.py:190} INFO - [2025-02-22T17:08:32.747+0000] {dag.py:4180} INFO - Setting next_dagrun for tutorial_taskflow_api_virtualenv to None, run_after=None
[2025-02-22T17:08:32.753+0000] {processor.py:208} INFO - Processing /home/airflow/.local/lib/python3.12/site-packages/airflow/example_dags/tutorial_taskflow_api_virtualenv.py took 0.025 seconds
[2025-02-22T17:09:03.689+0000] {processor.py:186} INFO - Started process (PID=526) to work on /home/airflow/.local/lib/python3.12/site-packages/airflow/example_dags/tutorial_taskflow_api_virtualenv.py
[2025-02-22T17:09:03.690+0000] {processor.py:914} INFO - Processing file /home/airflow/.local/lib/python3.12/site-packages/airflow/example_dags/tutorial_taskflow_api_virtualenv.py for tasks to queue
[2025-02-22T17:09:03.690+0000] {logging_mixin.py:190} INFO - [2025-02-22T17:09:03.690+0000] {dagbag.py:588} INFO - Filling up the DagBag from /home/airflow/.local/lib/python3.12/site-packages/airflow/example_dags/tutorial_taskflow_api_virtualenv.py
[2025-02-22T17:09:03.695+0000] {processor.py:925} INFO - DAG(s) 'tutorial_taskflow_api_virtualenv' retrieved from /home/airflow/.local/lib/python3.12/site-packages/airflow/example_dags/tutorial_taskflow_api_virtualenv.py
[2025-02-22T17:09:03.703+0000] {logging_mixin.py:190} INFO - [2025-02-22T17:09:03.702+0000] {dag.py:3239} INFO - Sync 1 DAGs
[2025-02-22T17:09:03.707+0000] {logging_mixin.py:190} INFO - [2025-02-22T17:09:03.707+0000] {dag.py:4180} INFO - Setting next_dagrun for tutorial_taskflow_api_virtualenv to None, run_after=None
[2025-02-22T17:09:03.714+0000] {processor.py:208} INFO - Processing /home/airflow/.local/lib/python3.12/site-packages/airflow/example_dags/tutorial_taskflow_api_virtualenv.py took 0.027 seconds
[2025-02-22T17:09:34.718+0000] {processor.py:186} INFO - Started process (PID=589) to work on /home/airflow/.local/lib/python3.12/site-packages/airflow/example_dags/tutorial_taskflow_api_virtualenv.py
[2025-02-22T17:09:34.719+0000] {processor.py:914} INFO - Processing file /home/airflow/.local/lib/python3.12/site-packages/airflow/example_dags/tutorial_taskflow_api_virtualenv.py for tasks to queue
[2025-02-22T17:09:34.719+0000] {logging_mixin.py:190} INFO - [2025-02-22T17:09:34.719+0000] {dagbag.py:588} INFO - Filling up the DagBag from /home/airflow/.local/lib/python3.12/site-packages/airflow/example_dags/tutorial_taskflow_api_virtualenv.py
[2025-02-22T17:09:34.724+0000] {processor.py:925} INFO - DAG(s) 'tutorial_taskflow_api_virtualenv' retrieved from /home/airflow/.local/lib/python3.12/site-packages/airflow/example_dags/tutorial_taskflow_api_virtualenv.py
[2025-02-22T17:09:34.731+0000] {logging_mixin.py:190} INFO - [2025-02-22T17:09:34.731+0000] {dag.py:3239} INFO - Sync 1 DAGs
[2025-02-22T17:09:34.736+0000] {logging_mixin.py:190} INFO - [2025-02-22T17:09:34.736+0000] {dag.py:4180} INFO - Setting next_dagrun for tutorial_taskflow_api_virtualenv to None, run_after=None
[2025-02-22T17:09:34.742+0000] {processor.py:208} INFO - Processing /home/airflow/.local/lib/python3.12/site-packages/airflow/example_dags/tutorial_taskflow_api_virtualenv.py took 0.026 seconds
[2025-02-22T17:10:05.697+0000] {processor.py:186} INFO - Started process (PID=652) to work on /home/airflow/.local/lib/python3.12/site-packages/airflow/example_dags/tutorial_taskflow_api_virtualenv.py
[2025-02-22T17:10:05.697+0000] {processor.py:914} INFO - Processing file /home/airflow/.local/lib/python3.12/site-packages/airflow/example_dags/tutorial_taskflow_api_virtualenv.py for tasks to queue
[2025-02-22T17:10:05.698+0000] {logging_mixin.py:190} INFO - [2025-02-22T17:10:05.698+0000] {dagbag.py:588} INFO - Filling up the DagBag from /home/airflow/.local/lib/python3.12/site-packages/airflow/example_dags/tutorial_taskflow_api_virtualenv.py
[2025-02-22T17:10:05.703+0000] {processor.py:925} INFO - DAG(s) 'tutorial_taskflow_api_virtualenv' retrieved from /home/airflow/.local/lib/python3.12/site-packages/airflow/example_dags/tutorial_taskflow_api_virtualenv.py
[2025-02-22T17:10:05.710+0000] {logging_mixin.py:190} INFO - [2025-02-22T17:10:05.710+0000] {dag.py:3239} INFO - Sync 1 DAGs
[2025-02-22T17:10:05.715+0000] {logging_mixin.py:190} INFO - [2025-02-22T17:10:05.715+0000] {dag.py:4180} INFO - Setting next_dagrun for tutorial_taskflow_api_virtualenv to None, run_after=None
[2025-02-22T17:10:05.721+0000] {processor.py:208} INFO - Processing /home/airflow/.local/lib/python3.12/site-packages/airflow/example_dags/tutorial_taskflow_api_virtualenv.py took 0.027 seconds
[2025-02-22T17:10:36.747+0000] {processor.py:186} INFO - Started process (PID=715) to work on /home/airflow/.local/lib/python3.12/site-packages/airflow/example_dags/tutorial_taskflow_api_virtualenv.py
[2025-02-22T17:10:36.747+0000] {processor.py:914} INFO - Processing file /home/airflow/.local/lib/python3.12/site-packages/airflow/example_dags/tutorial_taskflow_api_virtualenv.py for tasks to queue
[2025-02-22T17:10:36.748+0000] {logging_mixin.py:190} INFO - [2025-02-22T17:10:36.748+0000] {dagbag.py:588} INFO - Filling up the DagBag from /home/airflow/.local/lib/python3.12/site-packages/airflow/example_dags/tutorial_taskflow_api_virtualenv.py
[2025-02-22T17:10:36.753+0000] {processor.py:925} INFO - DAG(s) 'tutorial_taskflow_api_virtualenv' retrieved from /home/airflow/.local/lib/python3.12/site-packages/airflow/example_dags/tutorial_taskflow_api_virtualenv.py
[2025-02-22T17:10:36.760+0000] {logging_mixin.py:190} INFO - [2025-02-22T17:10:36.760+0000] {dag.py:3239} INFO - Sync 1 DAGs
[2025-02-22T17:10:36.765+0000] {logging_mixin.py:190} INFO - [2025-02-22T17:10:36.765+0000] {dag.py:4180} INFO - Setting next_dagrun for tutorial_taskflow_api_virtualenv to None, run_after=None
[2025-02-22T17:10:36.772+0000] {processor.py:208} INFO - Processing /home/airflow/.local/lib/python3.12/site-packages/airflow/example_dags/tutorial_taskflow_api_virtualenv.py took 0.027 seconds
[2025-02-22T17:11:07.733+0000] {processor.py:186} INFO - Started process (PID=778) to work on /home/airflow/.local/lib/python3.12/site-packages/airflow/example_dags/tutorial_taskflow_api_virtualenv.py
[2025-02-22T17:11:07.733+0000] {processor.py:914} INFO - Processing file /home/airflow/.local/lib/python3.12/site-packages/airflow/example_dags/tutorial_taskflow_api_virtualenv.py for tasks to queue
[2025-02-22T17:11:07.734+0000] {logging_mixin.py:190} INFO - [2025-02-22T17:11:07.734+0000] {dagbag.py:588} INFO - Filling up the DagBag from /home/airflow/.local/lib/python3.12/site-packages/airflow/example_dags/tutorial_taskflow_api_virtualenv.py
[2025-02-22T17:11:07.739+0000] {processor.py:925} INFO - DAG(s) 'tutorial_taskflow_api_virtualenv' retrieved from /home/airflow/.local/lib/python3.12/site-packages/airflow/example_dags/tutorial_taskflow_api_virtualenv.py
[2025-02-22T17:11:07.746+0000] {logging_mixin.py:190} INFO - [2025-02-22T17:11:07.746+0000] {dag.py:3239} INFO - Sync 1 DAGs
[2025-02-22T17:11:07.751+0000] {logging_mixin.py:190} INFO - [2025-02-22T17:11:07.751+0000] {dag.py:4180} INFO - Setting next_dagrun for tutorial_taskflow_api_virtualenv to None, run_after=None
[2025-02-22T17:11:07.757+0000] {processor.py:208} INFO - Processing /home/airflow/.local/lib/python3.12/site-packages/airflow/example_dags/tutorial_taskflow_api_virtualenv.py took 0.026 seconds
[2025-02-22T17:11:38.713+0000] {processor.py:186} INFO - Started process (PID=841) to work on /home/airflow/.local/lib/python3.12/site-packages/airflow/example_dags/tutorial_taskflow_api_virtualenv.py
[2025-02-22T17:11:38.714+0000] {processor.py:914} INFO - Processing file /home/airflow/.local/lib/python3.12/site-packages/airflow/example_dags/tutorial_taskflow_api_virtualenv.py for tasks to queue
[2025-02-22T17:11:38.714+0000] {logging_mixin.py:190} INFO - [2025-02-22T17:11:38.714+0000] {dagbag.py:588} INFO - Filling up the DagBag from /home/airflow/.local/lib/python3.12/site-packages/airflow/example_dags/tutorial_taskflow_api_virtualenv.py
[2025-02-22T17:11:38.719+0000] {processor.py:925} INFO - DAG(s) 'tutorial_taskflow_api_virtualenv' retrieved from /home/airflow/.local/lib/python3.12/site-packages/airflow/example_dags/tutorial_taskflow_api_virtualenv.py
[2025-02-22T17:11:38.727+0000] {logging_mixin.py:190} INFO - [2025-02-22T17:11:38.727+0000] {dag.py:3239} INFO - Sync 1 DAGs
[2025-02-22T17:11:38.732+0000] {logging_mixin.py:190} INFO - [2025-02-22T17:11:38.732+0000] {dag.py:4180} INFO - Setting next_dagrun for tutorial_taskflow_api_virtualenv to None, run_after=None
[2025-02-22T17:11:38.737+0000] {processor.py:208} INFO - Processing /home/airflow/.local/lib/python3.12/site-packages/airflow/example_dags/tutorial_taskflow_api_virtualenv.py took 0.026 seconds
[2025-02-22T17:12:09.705+0000] {processor.py:186} INFO - Started process (PID=904) to work on /home/airflow/.local/lib/python3.12/site-packages/airflow/example_dags/tutorial_taskflow_api_virtualenv.py
[2025-02-22T17:12:09.705+0000] {processor.py:914} INFO - Processing file /home/airflow/.local/lib/python3.12/site-packages/airflow/example_dags/tutorial_taskflow_api_virtualenv.py for tasks to queue
[2025-02-22T17:12:09.706+0000] {logging_mixin.py:190} INFO - [2025-02-22T17:12:09.706+0000] {dagbag.py:588} INFO - Filling up the DagBag from /home/airflow/.local/lib/python3.12/site-packages/airflow/example_dags/tutorial_taskflow_api_virtualenv.py
[2025-02-22T17:12:09.711+0000] {processor.py:925} INFO - DAG(s) 'tutorial_taskflow_api_virtualenv' retrieved from /home/airflow/.local/lib/python3.12/site-packages/airflow/example_dags/tutorial_taskflow_api_virtualenv.py
[2025-02-22T17:12:09.719+0000] {logging_mixin.py:190} INFO - [2025-02-22T17:12:09.719+0000] {dag.py:3239} INFO - Sync 1 DAGs
[2025-02-22T17:12:09.724+0000] {logging_mixin.py:190} INFO - [2025-02-22T17:12:09.724+0000] {dag.py:4180} INFO - Setting next_dagrun for tutorial_taskflow_api_virtualenv to None, run_after=None
[2025-02-22T17:12:09.731+0000] {processor.py:208} INFO - Processing /home/airflow/.local/lib/python3.12/site-packages/airflow/example_dags/tutorial_taskflow_api_virtualenv.py took 0.028 seconds
[2025-02-22T17:12:40.768+0000] {processor.py:186} INFO - Started process (PID=967) to work on /home/airflow/.local/lib/python3.12/site-packages/airflow/example_dags/tutorial_taskflow_api_virtualenv.py
[2025-02-22T17:12:40.769+0000] {processor.py:914} INFO - Processing file /home/airflow/.local/lib/python3.12/site-packages/airflow/example_dags/tutorial_taskflow_api_virtualenv.py for tasks to queue
[2025-02-22T17:12:40.769+0000] {logging_mixin.py:190} INFO - [2025-02-22T17:12:40.769+0000] {dagbag.py:588} INFO - Filling up the DagBag from /home/airflow/.local/lib/python3.12/site-packages/airflow/example_dags/tutorial_taskflow_api_virtualenv.py
[2025-02-22T17:12:40.774+0000] {processor.py:925} INFO - DAG(s) 'tutorial_taskflow_api_virtualenv' retrieved from /home/airflow/.local/lib/python3.12/site-packages/airflow/example_dags/tutorial_taskflow_api_virtualenv.py
[2025-02-22T17:12:40.782+0000] {logging_mixin.py:190} INFO - [2025-02-22T17:12:40.782+0000] {dag.py:3239} INFO - Sync 1 DAGs
[2025-02-22T17:12:40.787+0000] {logging_mixin.py:190} INFO - [2025-02-22T17:12:40.787+0000] {dag.py:4180} INFO - Setting next_dagrun for tutorial_taskflow_api_virtualenv to None, run_after=None
[2025-02-22T17:12:40.794+0000] {processor.py:208} INFO - Processing /home/airflow/.local/lib/python3.12/site-packages/airflow/example_dags/tutorial_taskflow_api_virtualenv.py took 0.027 seconds
[2025-02-22T17:13:11.742+0000] {processor.py:186} INFO - Started process (PID=1030) to work on /home/airflow/.local/lib/python3.12/site-packages/airflow/example_dags/tutorial_taskflow_api_virtualenv.py
[2025-02-22T17:13:11.742+0000] {processor.py:914} INFO - Processing file /home/airflow/.local/lib/python3.12/site-packages/airflow/example_dags/tutorial_taskflow_api_virtualenv.py for tasks to queue
[2025-02-22T17:13:11.743+0000] {logging_mixin.py:190} INFO - [2025-02-22T17:13:11.743+0000] {dagbag.py:588} INFO - Filling up the DagBag from /home/airflow/.local/lib/python3.12/site-packages/airflow/example_dags/tutorial_taskflow_api_virtualenv.py
[2025-02-22T17:13:11.747+0000] {processor.py:925} INFO - DAG(s) 'tutorial_taskflow_api_virtualenv' retrieved from /home/airflow/.local/lib/python3.12/site-packages/airflow/example_dags/tutorial_taskflow_api_virtualenv.py
[2025-02-22T17:13:11.754+0000] {logging_mixin.py:190} INFO - [2025-02-22T17:13:11.754+0000] {dag.py:3239} INFO - Sync 1 DAGs
[2025-02-22T17:13:11.760+0000] {logging_mixin.py:190} INFO - [2025-02-22T17:13:11.760+0000] {dag.py:4180} INFO - Setting next_dagrun for tutorial_taskflow_api_virtualenv to None, run_after=None
[2025-02-22T17:13:11.768+0000] {processor.py:208} INFO - Processing /home/airflow/.local/lib/python3.12/site-packages/airflow/example_dags/tutorial_taskflow_api_virtualenv.py took 0.029 seconds
[2025-02-22T17:15:55.886+0000] {processor.py:186} INFO - Started process (PID=82) to work on /home/airflow/.local/lib/python3.12/site-packages/airflow/example_dags/tutorial_taskflow_api_virtualenv.py
[2025-02-22T17:15:55.886+0000] {processor.py:914} INFO - Processing file /home/airflow/.local/lib/python3.12/site-packages/airflow/example_dags/tutorial_taskflow_api_virtualenv.py for tasks to queue
[2025-02-22T17:15:55.887+0000] {logging_mixin.py:190} INFO - [2025-02-22T17:15:55.887+0000] {dagbag.py:588} INFO - Filling up the DagBag from /home/airflow/.local/lib/python3.12/site-packages/airflow/example_dags/tutorial_taskflow_api_virtualenv.py
[2025-02-22T17:15:55.893+0000] {processor.py:925} INFO - DAG(s) 'tutorial_taskflow_api_virtualenv' retrieved from /home/airflow/.local/lib/python3.12/site-packages/airflow/example_dags/tutorial_taskflow_api_virtualenv.py
[2025-02-22T17:15:55.932+0000] {logging_mixin.py:190} INFO - [2025-02-22T17:15:55.932+0000] {dag.py:3239} INFO - Sync 1 DAGs
[2025-02-22T17:15:55.937+0000] {logging_mixin.py:190} INFO - [2025-02-22T17:15:55.936+0000] {dag.py:4180} INFO - Setting next_dagrun for tutorial_taskflow_api_virtualenv to None, run_after=None
[2025-02-22T17:15:55.943+0000] {processor.py:208} INFO - Processing /home/airflow/.local/lib/python3.12/site-packages/airflow/example_dags/tutorial_taskflow_api_virtualenv.py took 0.060 seconds
[2025-02-22T17:16:26.210+0000] {processor.py:186} INFO - Started process (PID=145) to work on /home/airflow/.local/lib/python3.12/site-packages/airflow/example_dags/tutorial_taskflow_api_virtualenv.py
[2025-02-22T17:16:26.211+0000] {processor.py:914} INFO - Processing file /home/airflow/.local/lib/python3.12/site-packages/airflow/example_dags/tutorial_taskflow_api_virtualenv.py for tasks to queue
[2025-02-22T17:16:26.212+0000] {logging_mixin.py:190} INFO - [2025-02-22T17:16:26.212+0000] {dagbag.py:588} INFO - Filling up the DagBag from /home/airflow/.local/lib/python3.12/site-packages/airflow/example_dags/tutorial_taskflow_api_virtualenv.py
[2025-02-22T17:16:26.217+0000] {processor.py:925} INFO - DAG(s) 'tutorial_taskflow_api_virtualenv' retrieved from /home/airflow/.local/lib/python3.12/site-packages/airflow/example_dags/tutorial_taskflow_api_virtualenv.py
[2025-02-22T17:16:26.225+0000] {logging_mixin.py:190} INFO - [2025-02-22T17:16:26.225+0000] {dag.py:3239} INFO - Sync 1 DAGs
[2025-02-22T17:16:26.231+0000] {logging_mixin.py:190} INFO - [2025-02-22T17:16:26.231+0000] {dag.py:4180} INFO - Setting next_dagrun for tutorial_taskflow_api_virtualenv to None, run_after=None
[2025-02-22T17:16:26.237+0000] {processor.py:208} INFO - Processing /home/airflow/.local/lib/python3.12/site-packages/airflow/example_dags/tutorial_taskflow_api_virtualenv.py took 0.029 seconds
[2025-02-22T17:16:57.305+0000] {processor.py:186} INFO - Started process (PID=208) to work on /home/airflow/.local/lib/python3.12/site-packages/airflow/example_dags/tutorial_taskflow_api_virtualenv.py
[2025-02-22T17:16:57.305+0000] {processor.py:914} INFO - Processing file /home/airflow/.local/lib/python3.12/site-packages/airflow/example_dags/tutorial_taskflow_api_virtualenv.py for tasks to queue
[2025-02-22T17:16:57.306+0000] {logging_mixin.py:190} INFO - [2025-02-22T17:16:57.306+0000] {dagbag.py:588} INFO - Filling up the DagBag from /home/airflow/.local/lib/python3.12/site-packages/airflow/example_dags/tutorial_taskflow_api_virtualenv.py
[2025-02-22T17:16:57.312+0000] {processor.py:925} INFO - DAG(s) 'tutorial_taskflow_api_virtualenv' retrieved from /home/airflow/.local/lib/python3.12/site-packages/airflow/example_dags/tutorial_taskflow_api_virtualenv.py
[2025-02-22T17:16:57.321+0000] {logging_mixin.py:190} INFO - [2025-02-22T17:16:57.320+0000] {dag.py:3239} INFO - Sync 1 DAGs
[2025-02-22T17:16:57.326+0000] {logging_mixin.py:190} INFO - [2025-02-22T17:16:57.326+0000] {dag.py:4180} INFO - Setting next_dagrun for tutorial_taskflow_api_virtualenv to None, run_after=None
[2025-02-22T17:16:57.333+0000] {processor.py:208} INFO - Processing /home/airflow/.local/lib/python3.12/site-packages/airflow/example_dags/tutorial_taskflow_api_virtualenv.py took 0.031 seconds
[2025-02-22T17:17:28.480+0000] {processor.py:186} INFO - Started process (PID=277) to work on /home/airflow/.local/lib/python3.12/site-packages/airflow/example_dags/tutorial_taskflow_api_virtualenv.py
[2025-02-22T17:17:28.481+0000] {processor.py:914} INFO - Processing file /home/airflow/.local/lib/python3.12/site-packages/airflow/example_dags/tutorial_taskflow_api_virtualenv.py for tasks to queue
[2025-02-22T17:17:28.482+0000] {logging_mixin.py:190} INFO - [2025-02-22T17:17:28.482+0000] {dagbag.py:588} INFO - Filling up the DagBag from /home/airflow/.local/lib/python3.12/site-packages/airflow/example_dags/tutorial_taskflow_api_virtualenv.py
[2025-02-22T17:17:28.488+0000] {processor.py:925} INFO - DAG(s) 'tutorial_taskflow_api_virtualenv' retrieved from /home/airflow/.local/lib/python3.12/site-packages/airflow/example_dags/tutorial_taskflow_api_virtualenv.py
[2025-02-22T17:17:28.497+0000] {logging_mixin.py:190} INFO - [2025-02-22T17:17:28.497+0000] {dag.py:3239} INFO - Sync 1 DAGs
[2025-02-22T17:17:28.503+0000] {logging_mixin.py:190} INFO - [2025-02-22T17:17:28.503+0000] {dag.py:4180} INFO - Setting next_dagrun for tutorial_taskflow_api_virtualenv to None, run_after=None
[2025-02-22T17:17:28.510+0000] {processor.py:208} INFO - Processing /home/airflow/.local/lib/python3.12/site-packages/airflow/example_dags/tutorial_taskflow_api_virtualenv.py took 0.033 seconds
[2025-02-22T17:17:58.716+0000] {processor.py:186} INFO - Started process (PID=339) to work on /home/airflow/.local/lib/python3.12/site-packages/airflow/example_dags/tutorial_taskflow_api_virtualenv.py
[2025-02-22T17:17:58.716+0000] {processor.py:914} INFO - Processing file /home/airflow/.local/lib/python3.12/site-packages/airflow/example_dags/tutorial_taskflow_api_virtualenv.py for tasks to queue
[2025-02-22T17:17:58.717+0000] {logging_mixin.py:190} INFO - [2025-02-22T17:17:58.717+0000] {dagbag.py:588} INFO - Filling up the DagBag from /home/airflow/.local/lib/python3.12/site-packages/airflow/example_dags/tutorial_taskflow_api_virtualenv.py
[2025-02-22T17:17:58.722+0000] {processor.py:925} INFO - DAG(s) 'tutorial_taskflow_api_virtualenv' retrieved from /home/airflow/.local/lib/python3.12/site-packages/airflow/example_dags/tutorial_taskflow_api_virtualenv.py
[2025-02-22T17:17:58.733+0000] {logging_mixin.py:190} INFO - [2025-02-22T17:17:58.733+0000] {dag.py:3239} INFO - Sync 1 DAGs
[2025-02-22T17:17:58.738+0000] {logging_mixin.py:190} INFO - [2025-02-22T17:17:58.738+0000] {dag.py:4180} INFO - Setting next_dagrun for tutorial_taskflow_api_virtualenv to None, run_after=None
[2025-02-22T17:17:58.745+0000] {processor.py:208} INFO - Processing /home/airflow/.local/lib/python3.12/site-packages/airflow/example_dags/tutorial_taskflow_api_virtualenv.py took 0.031 seconds
[2025-02-22T17:18:29.844+0000] {processor.py:186} INFO - Started process (PID=403) to work on /home/airflow/.local/lib/python3.12/site-packages/airflow/example_dags/tutorial_taskflow_api_virtualenv.py
[2025-02-22T17:18:29.849+0000] {processor.py:914} INFO - Processing file /home/airflow/.local/lib/python3.12/site-packages/airflow/example_dags/tutorial_taskflow_api_virtualenv.py for tasks to queue
[2025-02-22T17:18:29.850+0000] {logging_mixin.py:190} INFO - [2025-02-22T17:18:29.850+0000] {dagbag.py:588} INFO - Filling up the DagBag from /home/airflow/.local/lib/python3.12/site-packages/airflow/example_dags/tutorial_taskflow_api_virtualenv.py
[2025-02-22T17:18:29.855+0000] {processor.py:925} INFO - DAG(s) 'tutorial_taskflow_api_virtualenv' retrieved from /home/airflow/.local/lib/python3.12/site-packages/airflow/example_dags/tutorial_taskflow_api_virtualenv.py
[2025-02-22T17:18:29.863+0000] {logging_mixin.py:190} INFO - [2025-02-22T17:18:29.863+0000] {dag.py:3239} INFO - Sync 1 DAGs
[2025-02-22T17:18:29.869+0000] {logging_mixin.py:190} INFO - [2025-02-22T17:18:29.868+0000] {dag.py:4180} INFO - Setting next_dagrun for tutorial_taskflow_api_virtualenv to None, run_after=None
[2025-02-22T17:18:29.876+0000] {processor.py:208} INFO - Processing /home/airflow/.local/lib/python3.12/site-packages/airflow/example_dags/tutorial_taskflow_api_virtualenv.py took 0.034 seconds
[2025-02-22T17:19:01.050+0000] {processor.py:186} INFO - Started process (PID=466) to work on /home/airflow/.local/lib/python3.12/site-packages/airflow/example_dags/tutorial_taskflow_api_virtualenv.py
[2025-02-22T17:19:01.050+0000] {processor.py:914} INFO - Processing file /home/airflow/.local/lib/python3.12/site-packages/airflow/example_dags/tutorial_taskflow_api_virtualenv.py for tasks to queue
[2025-02-22T17:19:01.051+0000] {logging_mixin.py:190} INFO - [2025-02-22T17:19:01.051+0000] {dagbag.py:588} INFO - Filling up the DagBag from /home/airflow/.local/lib/python3.12/site-packages/airflow/example_dags/tutorial_taskflow_api_virtualenv.py
[2025-02-22T17:19:01.059+0000] {processor.py:925} INFO - DAG(s) 'tutorial_taskflow_api_virtualenv' retrieved from /home/airflow/.local/lib/python3.12/site-packages/airflow/example_dags/tutorial_taskflow_api_virtualenv.py
[2025-02-22T17:19:01.068+0000] {logging_mixin.py:190} INFO - [2025-02-22T17:19:01.068+0000] {dag.py:3239} INFO - Sync 1 DAGs
[2025-02-22T17:19:01.074+0000] {logging_mixin.py:190} INFO - [2025-02-22T17:19:01.074+0000] {dag.py:4180} INFO - Setting next_dagrun for tutorial_taskflow_api_virtualenv to None, run_after=None
[2025-02-22T17:19:01.080+0000] {processor.py:208} INFO - Processing /home/airflow/.local/lib/python3.12/site-packages/airflow/example_dags/tutorial_taskflow_api_virtualenv.py took 0.032 seconds
[2025-02-22T17:19:32.111+0000] {processor.py:186} INFO - Started process (PID=529) to work on /home/airflow/.local/lib/python3.12/site-packages/airflow/example_dags/tutorial_taskflow_api_virtualenv.py
[2025-02-22T17:19:32.111+0000] {processor.py:914} INFO - Processing file /home/airflow/.local/lib/python3.12/site-packages/airflow/example_dags/tutorial_taskflow_api_virtualenv.py for tasks to queue
[2025-02-22T17:19:32.112+0000] {logging_mixin.py:190} INFO - [2025-02-22T17:19:32.112+0000] {dagbag.py:588} INFO - Filling up the DagBag from /home/airflow/.local/lib/python3.12/site-packages/airflow/example_dags/tutorial_taskflow_api_virtualenv.py
[2025-02-22T17:19:32.117+0000] {processor.py:925} INFO - DAG(s) 'tutorial_taskflow_api_virtualenv' retrieved from /home/airflow/.local/lib/python3.12/site-packages/airflow/example_dags/tutorial_taskflow_api_virtualenv.py
[2025-02-22T17:19:32.124+0000] {logging_mixin.py:190} INFO - [2025-02-22T17:19:32.124+0000] {dag.py:3239} INFO - Sync 1 DAGs
[2025-02-22T17:19:32.129+0000] {logging_mixin.py:190} INFO - [2025-02-22T17:19:32.129+0000] {dag.py:4180} INFO - Setting next_dagrun for tutorial_taskflow_api_virtualenv to None, run_after=None
[2025-02-22T17:19:32.135+0000] {processor.py:208} INFO - Processing /home/airflow/.local/lib/python3.12/site-packages/airflow/example_dags/tutorial_taskflow_api_virtualenv.py took 0.026 seconds
[2025-02-22T17:20:03.304+0000] {processor.py:186} INFO - Started process (PID=592) to work on /home/airflow/.local/lib/python3.12/site-packages/airflow/example_dags/tutorial_taskflow_api_virtualenv.py
[2025-02-22T17:20:03.306+0000] {processor.py:914} INFO - Processing file /home/airflow/.local/lib/python3.12/site-packages/airflow/example_dags/tutorial_taskflow_api_virtualenv.py for tasks to queue
[2025-02-22T17:20:03.307+0000] {logging_mixin.py:190} INFO - [2025-02-22T17:20:03.307+0000] {dagbag.py:588} INFO - Filling up the DagBag from /home/airflow/.local/lib/python3.12/site-packages/airflow/example_dags/tutorial_taskflow_api_virtualenv.py
[2025-02-22T17:20:03.312+0000] {processor.py:925} INFO - DAG(s) 'tutorial_taskflow_api_virtualenv' retrieved from /home/airflow/.local/lib/python3.12/site-packages/airflow/example_dags/tutorial_taskflow_api_virtualenv.py
[2025-02-22T17:20:03.321+0000] {logging_mixin.py:190} INFO - [2025-02-22T17:20:03.321+0000] {dag.py:3239} INFO - Sync 1 DAGs
[2025-02-22T17:20:03.327+0000] {logging_mixin.py:190} INFO - [2025-02-22T17:20:03.327+0000] {dag.py:4180} INFO - Setting next_dagrun for tutorial_taskflow_api_virtualenv to None, run_after=None
[2025-02-22T17:20:03.334+0000] {processor.py:208} INFO - Processing /home/airflow/.local/lib/python3.12/site-packages/airflow/example_dags/tutorial_taskflow_api_virtualenv.py took 0.032 seconds
[2025-02-22T17:20:34.436+0000] {processor.py:186} INFO - Started process (PID=654) to work on /home/airflow/.local/lib/python3.12/site-packages/airflow/example_dags/tutorial_taskflow_api_virtualenv.py
[2025-02-22T17:20:34.437+0000] {processor.py:914} INFO - Processing file /home/airflow/.local/lib/python3.12/site-packages/airflow/example_dags/tutorial_taskflow_api_virtualenv.py for tasks to queue
[2025-02-22T17:20:34.438+0000] {logging_mixin.py:190} INFO - [2025-02-22T17:20:34.438+0000] {dagbag.py:588} INFO - Filling up the DagBag from /home/airflow/.local/lib/python3.12/site-packages/airflow/example_dags/tutorial_taskflow_api_virtualenv.py
[2025-02-22T17:20:34.443+0000] {processor.py:925} INFO - DAG(s) 'tutorial_taskflow_api_virtualenv' retrieved from /home/airflow/.local/lib/python3.12/site-packages/airflow/example_dags/tutorial_taskflow_api_virtualenv.py
[2025-02-22T17:20:34.450+0000] {logging_mixin.py:190} INFO - [2025-02-22T17:20:34.450+0000] {dag.py:3239} INFO - Sync 1 DAGs
[2025-02-22T17:20:34.455+0000] {logging_mixin.py:190} INFO - [2025-02-22T17:20:34.455+0000] {dag.py:4180} INFO - Setting next_dagrun for tutorial_taskflow_api_virtualenv to None, run_after=None
[2025-02-22T17:20:34.461+0000] {processor.py:208} INFO - Processing /home/airflow/.local/lib/python3.12/site-packages/airflow/example_dags/tutorial_taskflow_api_virtualenv.py took 0.027 seconds
[2025-02-22T17:21:05.634+0000] {processor.py:186} INFO - Started process (PID=717) to work on /home/airflow/.local/lib/python3.12/site-packages/airflow/example_dags/tutorial_taskflow_api_virtualenv.py
[2025-02-22T17:21:05.635+0000] {processor.py:914} INFO - Processing file /home/airflow/.local/lib/python3.12/site-packages/airflow/example_dags/tutorial_taskflow_api_virtualenv.py for tasks to queue
[2025-02-22T17:21:05.635+0000] {logging_mixin.py:190} INFO - [2025-02-22T17:21:05.635+0000] {dagbag.py:588} INFO - Filling up the DagBag from /home/airflow/.local/lib/python3.12/site-packages/airflow/example_dags/tutorial_taskflow_api_virtualenv.py
[2025-02-22T17:21:05.641+0000] {processor.py:925} INFO - DAG(s) 'tutorial_taskflow_api_virtualenv' retrieved from /home/airflow/.local/lib/python3.12/site-packages/airflow/example_dags/tutorial_taskflow_api_virtualenv.py
[2025-02-22T17:21:05.648+0000] {logging_mixin.py:190} INFO - [2025-02-22T17:21:05.648+0000] {dag.py:3239} INFO - Sync 1 DAGs
[2025-02-22T17:21:05.653+0000] {logging_mixin.py:190} INFO - [2025-02-22T17:21:05.653+0000] {dag.py:4180} INFO - Setting next_dagrun for tutorial_taskflow_api_virtualenv to None, run_after=None
[2025-02-22T17:21:05.659+0000] {processor.py:208} INFO - Processing /home/airflow/.local/lib/python3.12/site-packages/airflow/example_dags/tutorial_taskflow_api_virtualenv.py took 0.027 seconds
[2025-02-22T17:21:36.855+0000] {processor.py:186} INFO - Started process (PID=780) to work on /home/airflow/.local/lib/python3.12/site-packages/airflow/example_dags/tutorial_taskflow_api_virtualenv.py
[2025-02-22T17:21:36.855+0000] {processor.py:914} INFO - Processing file /home/airflow/.local/lib/python3.12/site-packages/airflow/example_dags/tutorial_taskflow_api_virtualenv.py for tasks to queue
[2025-02-22T17:21:36.856+0000] {logging_mixin.py:190} INFO - [2025-02-22T17:21:36.856+0000] {dagbag.py:588} INFO - Filling up the DagBag from /home/airflow/.local/lib/python3.12/site-packages/airflow/example_dags/tutorial_taskflow_api_virtualenv.py
[2025-02-22T17:21:36.861+0000] {processor.py:925} INFO - DAG(s) 'tutorial_taskflow_api_virtualenv' retrieved from /home/airflow/.local/lib/python3.12/site-packages/airflow/example_dags/tutorial_taskflow_api_virtualenv.py
[2025-02-22T17:21:36.872+0000] {logging_mixin.py:190} INFO - [2025-02-22T17:21:36.872+0000] {dag.py:3239} INFO - Sync 1 DAGs
[2025-02-22T17:21:36.877+0000] {logging_mixin.py:190} INFO - [2025-02-22T17:21:36.877+0000] {dag.py:4180} INFO - Setting next_dagrun for tutorial_taskflow_api_virtualenv to None, run_after=None
[2025-02-22T17:21:36.883+0000] {processor.py:208} INFO - Processing /home/airflow/.local/lib/python3.12/site-packages/airflow/example_dags/tutorial_taskflow_api_virtualenv.py took 0.031 seconds
[2025-02-22T17:22:08.122+0000] {processor.py:186} INFO - Started process (PID=843) to work on /home/airflow/.local/lib/python3.12/site-packages/airflow/example_dags/tutorial_taskflow_api_virtualenv.py
[2025-02-22T17:22:08.122+0000] {processor.py:914} INFO - Processing file /home/airflow/.local/lib/python3.12/site-packages/airflow/example_dags/tutorial_taskflow_api_virtualenv.py for tasks to queue
[2025-02-22T17:22:08.123+0000] {logging_mixin.py:190} INFO - [2025-02-22T17:22:08.123+0000] {dagbag.py:588} INFO - Filling up the DagBag from /home/airflow/.local/lib/python3.12/site-packages/airflow/example_dags/tutorial_taskflow_api_virtualenv.py
[2025-02-22T17:22:08.128+0000] {processor.py:925} INFO - DAG(s) 'tutorial_taskflow_api_virtualenv' retrieved from /home/airflow/.local/lib/python3.12/site-packages/airflow/example_dags/tutorial_taskflow_api_virtualenv.py
[2025-02-22T17:22:08.136+0000] {logging_mixin.py:190} INFO - [2025-02-22T17:22:08.136+0000] {dag.py:3239} INFO - Sync 1 DAGs
[2025-02-22T17:22:08.141+0000] {logging_mixin.py:190} INFO - [2025-02-22T17:22:08.141+0000] {dag.py:4180} INFO - Setting next_dagrun for tutorial_taskflow_api_virtualenv to None, run_after=None
[2025-02-22T17:22:08.148+0000] {processor.py:208} INFO - Processing /home/airflow/.local/lib/python3.12/site-packages/airflow/example_dags/tutorial_taskflow_api_virtualenv.py took 0.029 seconds
[2025-02-22T17:22:39.364+0000] {processor.py:186} INFO - Started process (PID=906) to work on /home/airflow/.local/lib/python3.12/site-packages/airflow/example_dags/tutorial_taskflow_api_virtualenv.py
[2025-02-22T17:22:39.364+0000] {processor.py:914} INFO - Processing file /home/airflow/.local/lib/python3.12/site-packages/airflow/example_dags/tutorial_taskflow_api_virtualenv.py for tasks to queue
[2025-02-22T17:22:39.365+0000] {logging_mixin.py:190} INFO - [2025-02-22T17:22:39.365+0000] {dagbag.py:588} INFO - Filling up the DagBag from /home/airflow/.local/lib/python3.12/site-packages/airflow/example_dags/tutorial_taskflow_api_virtualenv.py
[2025-02-22T17:22:39.370+0000] {processor.py:925} INFO - DAG(s) 'tutorial_taskflow_api_virtualenv' retrieved from /home/airflow/.local/lib/python3.12/site-packages/airflow/example_dags/tutorial_taskflow_api_virtualenv.py
[2025-02-22T17:22:39.378+0000] {logging_mixin.py:190} INFO - [2025-02-22T17:22:39.378+0000] {dag.py:3239} INFO - Sync 1 DAGs
[2025-02-22T17:22:39.383+0000] {logging_mixin.py:190} INFO - [2025-02-22T17:22:39.383+0000] {dag.py:4180} INFO - Setting next_dagrun for tutorial_taskflow_api_virtualenv to None, run_after=None
[2025-02-22T17:22:39.389+0000] {processor.py:208} INFO - Processing /home/airflow/.local/lib/python3.12/site-packages/airflow/example_dags/tutorial_taskflow_api_virtualenv.py took 0.028 seconds
[2025-02-22T17:23:10.597+0000] {processor.py:186} INFO - Started process (PID=969) to work on /home/airflow/.local/lib/python3.12/site-packages/airflow/example_dags/tutorial_taskflow_api_virtualenv.py
[2025-02-22T17:23:10.597+0000] {processor.py:914} INFO - Processing file /home/airflow/.local/lib/python3.12/site-packages/airflow/example_dags/tutorial_taskflow_api_virtualenv.py for tasks to queue
[2025-02-22T17:23:10.598+0000] {logging_mixin.py:190} INFO - [2025-02-22T17:23:10.598+0000] {dagbag.py:588} INFO - Filling up the DagBag from /home/airflow/.local/lib/python3.12/site-packages/airflow/example_dags/tutorial_taskflow_api_virtualenv.py
[2025-02-22T17:23:10.603+0000] {processor.py:925} INFO - DAG(s) 'tutorial_taskflow_api_virtualenv' retrieved from /home/airflow/.local/lib/python3.12/site-packages/airflow/example_dags/tutorial_taskflow_api_virtualenv.py
[2025-02-22T17:23:10.611+0000] {logging_mixin.py:190} INFO - [2025-02-22T17:23:10.611+0000] {dag.py:3239} INFO - Sync 1 DAGs
[2025-02-22T17:23:10.617+0000] {logging_mixin.py:190} INFO - [2025-02-22T17:23:10.617+0000] {dag.py:4180} INFO - Setting next_dagrun for tutorial_taskflow_api_virtualenv to None, run_after=None
[2025-02-22T17:23:10.624+0000] {processor.py:208} INFO - Processing /home/airflow/.local/lib/python3.12/site-packages/airflow/example_dags/tutorial_taskflow_api_virtualenv.py took 0.029 seconds
[2025-02-22T17:23:41.902+0000] {processor.py:186} INFO - Started process (PID=1032) to work on /home/airflow/.local/lib/python3.12/site-packages/airflow/example_dags/tutorial_taskflow_api_virtualenv.py
[2025-02-22T17:23:41.903+0000] {processor.py:914} INFO - Processing file /home/airflow/.local/lib/python3.12/site-packages/airflow/example_dags/tutorial_taskflow_api_virtualenv.py for tasks to queue
[2025-02-22T17:23:41.904+0000] {logging_mixin.py:190} INFO - [2025-02-22T17:23:41.904+0000] {dagbag.py:588} INFO - Filling up the DagBag from /home/airflow/.local/lib/python3.12/site-packages/airflow/example_dags/tutorial_taskflow_api_virtualenv.py
[2025-02-22T17:23:41.910+0000] {processor.py:925} INFO - DAG(s) 'tutorial_taskflow_api_virtualenv' retrieved from /home/airflow/.local/lib/python3.12/site-packages/airflow/example_dags/tutorial_taskflow_api_virtualenv.py
[2025-02-22T17:23:41.920+0000] {logging_mixin.py:190} INFO - [2025-02-22T17:23:41.920+0000] {dag.py:3239} INFO - Sync 1 DAGs
[2025-02-22T17:23:41.926+0000] {logging_mixin.py:190} INFO - [2025-02-22T17:23:41.926+0000] {dag.py:4180} INFO - Setting next_dagrun for tutorial_taskflow_api_virtualenv to None, run_after=None
[2025-02-22T17:23:41.934+0000] {processor.py:208} INFO - Processing /home/airflow/.local/lib/python3.12/site-packages/airflow/example_dags/tutorial_taskflow_api_virtualenv.py took 0.035 seconds
[2025-02-22T17:24:13.129+0000] {processor.py:186} INFO - Started process (PID=1095) to work on /home/airflow/.local/lib/python3.12/site-packages/airflow/example_dags/tutorial_taskflow_api_virtualenv.py
[2025-02-22T17:24:13.129+0000] {processor.py:914} INFO - Processing file /home/airflow/.local/lib/python3.12/site-packages/airflow/example_dags/tutorial_taskflow_api_virtualenv.py for tasks to queue
[2025-02-22T17:24:13.130+0000] {logging_mixin.py:190} INFO - [2025-02-22T17:24:13.130+0000] {dagbag.py:588} INFO - Filling up the DagBag from /home/airflow/.local/lib/python3.12/site-packages/airflow/example_dags/tutorial_taskflow_api_virtualenv.py
[2025-02-22T17:24:13.136+0000] {processor.py:925} INFO - DAG(s) 'tutorial_taskflow_api_virtualenv' retrieved from /home/airflow/.local/lib/python3.12/site-packages/airflow/example_dags/tutorial_taskflow_api_virtualenv.py
[2025-02-22T17:24:13.144+0000] {logging_mixin.py:190} INFO - [2025-02-22T17:24:13.144+0000] {dag.py:3239} INFO - Sync 1 DAGs
[2025-02-22T17:24:13.150+0000] {logging_mixin.py:190} INFO - [2025-02-22T17:24:13.150+0000] {dag.py:4180} INFO - Setting next_dagrun for tutorial_taskflow_api_virtualenv to None, run_after=None
[2025-02-22T17:24:13.157+0000] {processor.py:208} INFO - Processing /home/airflow/.local/lib/python3.12/site-packages/airflow/example_dags/tutorial_taskflow_api_virtualenv.py took 0.031 seconds
[2025-02-22T17:24:44.368+0000] {processor.py:186} INFO - Started process (PID=1157) to work on /home/airflow/.local/lib/python3.12/site-packages/airflow/example_dags/tutorial_taskflow_api_virtualenv.py
[2025-02-22T17:24:44.369+0000] {processor.py:914} INFO - Processing file /home/airflow/.local/lib/python3.12/site-packages/airflow/example_dags/tutorial_taskflow_api_virtualenv.py for tasks to queue
[2025-02-22T17:24:44.370+0000] {logging_mixin.py:190} INFO - [2025-02-22T17:24:44.370+0000] {dagbag.py:588} INFO - Filling up the DagBag from /home/airflow/.local/lib/python3.12/site-packages/airflow/example_dags/tutorial_taskflow_api_virtualenv.py
[2025-02-22T17:24:44.375+0000] {processor.py:925} INFO - DAG(s) 'tutorial_taskflow_api_virtualenv' retrieved from /home/airflow/.local/lib/python3.12/site-packages/airflow/example_dags/tutorial_taskflow_api_virtualenv.py
[2025-02-22T17:24:44.385+0000] {logging_mixin.py:190} INFO - [2025-02-22T17:24:44.385+0000] {dag.py:3239} INFO - Sync 1 DAGs
[2025-02-22T17:24:44.391+0000] {logging_mixin.py:190} INFO - [2025-02-22T17:24:44.391+0000] {dag.py:4180} INFO - Setting next_dagrun for tutorial_taskflow_api_virtualenv to None, run_after=None
[2025-02-22T17:24:44.398+0000] {processor.py:208} INFO - Processing /home/airflow/.local/lib/python3.12/site-packages/airflow/example_dags/tutorial_taskflow_api_virtualenv.py took 0.032 seconds
[2025-02-22T17:25:15.618+0000] {processor.py:186} INFO - Started process (PID=1220) to work on /home/airflow/.local/lib/python3.12/site-packages/airflow/example_dags/tutorial_taskflow_api_virtualenv.py
[2025-02-22T17:25:15.618+0000] {processor.py:914} INFO - Processing file /home/airflow/.local/lib/python3.12/site-packages/airflow/example_dags/tutorial_taskflow_api_virtualenv.py for tasks to queue
[2025-02-22T17:25:15.619+0000] {logging_mixin.py:190} INFO - [2025-02-22T17:25:15.619+0000] {dagbag.py:588} INFO - Filling up the DagBag from /home/airflow/.local/lib/python3.12/site-packages/airflow/example_dags/tutorial_taskflow_api_virtualenv.py
[2025-02-22T17:25:15.625+0000] {processor.py:925} INFO - DAG(s) 'tutorial_taskflow_api_virtualenv' retrieved from /home/airflow/.local/lib/python3.12/site-packages/airflow/example_dags/tutorial_taskflow_api_virtualenv.py
[2025-02-22T17:25:15.635+0000] {logging_mixin.py:190} INFO - [2025-02-22T17:25:15.634+0000] {dag.py:3239} INFO - Sync 1 DAGs
[2025-02-22T17:25:15.640+0000] {logging_mixin.py:190} INFO - [2025-02-22T17:25:15.640+0000] {dag.py:4180} INFO - Setting next_dagrun for tutorial_taskflow_api_virtualenv to None, run_after=None
[2025-02-22T17:25:15.648+0000] {processor.py:208} INFO - Processing /home/airflow/.local/lib/python3.12/site-packages/airflow/example_dags/tutorial_taskflow_api_virtualenv.py took 0.033 seconds
[2025-02-22T17:25:46.890+0000] {processor.py:186} INFO - Started process (PID=1283) to work on /home/airflow/.local/lib/python3.12/site-packages/airflow/example_dags/tutorial_taskflow_api_virtualenv.py
[2025-02-22T17:25:46.891+0000] {processor.py:914} INFO - Processing file /home/airflow/.local/lib/python3.12/site-packages/airflow/example_dags/tutorial_taskflow_api_virtualenv.py for tasks to queue
[2025-02-22T17:25:46.893+0000] {logging_mixin.py:190} INFO - [2025-02-22T17:25:46.892+0000] {dagbag.py:588} INFO - Filling up the DagBag from /home/airflow/.local/lib/python3.12/site-packages/airflow/example_dags/tutorial_taskflow_api_virtualenv.py
[2025-02-22T17:25:46.898+0000] {processor.py:925} INFO - DAG(s) 'tutorial_taskflow_api_virtualenv' retrieved from /home/airflow/.local/lib/python3.12/site-packages/airflow/example_dags/tutorial_taskflow_api_virtualenv.py
[2025-02-22T17:25:46.908+0000] {logging_mixin.py:190} INFO - [2025-02-22T17:25:46.908+0000] {dag.py:3239} INFO - Sync 1 DAGs
[2025-02-22T17:25:46.914+0000] {logging_mixin.py:190} INFO - [2025-02-22T17:25:46.913+0000] {dag.py:4180} INFO - Setting next_dagrun for tutorial_taskflow_api_virtualenv to None, run_after=None
[2025-02-22T17:25:46.921+0000] {processor.py:208} INFO - Processing /home/airflow/.local/lib/python3.12/site-packages/airflow/example_dags/tutorial_taskflow_api_virtualenv.py took 0.034 seconds
[2025-02-22T17:26:17.057+0000] {processor.py:186} INFO - Started process (PID=1345) to work on /home/airflow/.local/lib/python3.12/site-packages/airflow/example_dags/tutorial_taskflow_api_virtualenv.py
[2025-02-22T17:26:17.059+0000] {processor.py:914} INFO - Processing file /home/airflow/.local/lib/python3.12/site-packages/airflow/example_dags/tutorial_taskflow_api_virtualenv.py for tasks to queue
[2025-02-22T17:26:17.060+0000] {logging_mixin.py:190} INFO - [2025-02-22T17:26:17.060+0000] {dagbag.py:588} INFO - Filling up the DagBag from /home/airflow/.local/lib/python3.12/site-packages/airflow/example_dags/tutorial_taskflow_api_virtualenv.py
[2025-02-22T17:26:17.066+0000] {processor.py:925} INFO - DAG(s) 'tutorial_taskflow_api_virtualenv' retrieved from /home/airflow/.local/lib/python3.12/site-packages/airflow/example_dags/tutorial_taskflow_api_virtualenv.py
[2025-02-22T17:26:17.073+0000] {logging_mixin.py:190} INFO - [2025-02-22T17:26:17.073+0000] {dag.py:3239} INFO - Sync 1 DAGs
[2025-02-22T17:26:17.080+0000] {logging_mixin.py:190} INFO - [2025-02-22T17:26:17.080+0000] {dag.py:4180} INFO - Setting next_dagrun for tutorial_taskflow_api_virtualenv to None, run_after=None
[2025-02-22T17:26:17.089+0000] {processor.py:208} INFO - Processing /home/airflow/.local/lib/python3.12/site-packages/airflow/example_dags/tutorial_taskflow_api_virtualenv.py took 0.034 seconds
