[2025-02-22T17:05:28.309+0000] {processor.py:186} INFO - Started process (PID=94) to work on /home/airflow/.local/lib/python3.12/site-packages/airflow/example_dags/tutorial.py
[2025-02-22T17:05:28.309+0000] {processor.py:914} INFO - Processing file /home/airflow/.local/lib/python3.12/site-packages/airflow/example_dags/tutorial.py for tasks to queue
[2025-02-22T17:05:28.310+0000] {logging_mixin.py:190} INFO - [2025-02-22T17:05:28.310+0000] {dagbag.py:588} INFO - Filling up the DagBag from /home/airflow/.local/lib/python3.12/site-packages/airflow/example_dags/tutorial.py
[2025-02-22T17:05:28.314+0000] {processor.py:925} INFO - DAG(s) 'tutorial' retrieved from /home/airflow/.local/lib/python3.12/site-packages/airflow/example_dags/tutorial.py
[2025-02-22T17:05:28.353+0000] {logging_mixin.py:190} INFO - [2025-02-22T17:05:28.353+0000] {override.py:1912} INFO - Created Permission View: can edit on DAG:tutorial
[2025-02-22T17:05:28.357+0000] {logging_mixin.py:190} INFO - [2025-02-22T17:05:28.357+0000] {override.py:1912} INFO - Created Permission View: can delete on DAG:tutorial
[2025-02-22T17:05:28.359+0000] {logging_mixin.py:190} INFO - [2025-02-22T17:05:28.359+0000] {override.py:1912} INFO - Created Permission View: can read on DAG:tutorial
[2025-02-22T17:05:28.361+0000] {logging_mixin.py:190} INFO - [2025-02-22T17:05:28.361+0000] {override.py:1912} INFO - Created Permission View: menu access on DAG Run:tutorial
[2025-02-22T17:05:28.363+0000] {logging_mixin.py:190} INFO - [2025-02-22T17:05:28.363+0000] {override.py:1912} INFO - Created Permission View: can create on DAG Run:tutorial
[2025-02-22T17:05:28.365+0000] {logging_mixin.py:190} INFO - [2025-02-22T17:05:28.365+0000] {override.py:1912} INFO - Created Permission View: can delete on DAG Run:tutorial
[2025-02-22T17:05:28.371+0000] {logging_mixin.py:190} INFO - [2025-02-22T17:05:28.371+0000] {override.py:1912} INFO - Created Permission View: can read on DAG Run:tutorial
[2025-02-22T17:05:28.371+0000] {logging_mixin.py:190} INFO - [2025-02-22T17:05:28.371+0000] {dag.py:3239} INFO - Sync 1 DAGs
[2025-02-22T17:05:28.376+0000] {logging_mixin.py:190} INFO - [2025-02-22T17:05:28.376+0000] {dag.py:3262} INFO - Creating ORM DAG for tutorial
[2025-02-22T17:05:28.380+0000] {logging_mixin.py:190} INFO - [2025-02-22T17:05:28.379+0000] {dag.py:4180} INFO - Setting next_dagrun for tutorial to 2025-02-21 00:00:00+00:00, run_after=2025-02-22 00:00:00+00:00
[2025-02-22T17:05:28.385+0000] {processor.py:208} INFO - Processing /home/airflow/.local/lib/python3.12/site-packages/airflow/example_dags/tutorial.py took 0.079 seconds
[2025-02-22T17:05:58.479+0000] {processor.py:186} INFO - Started process (PID=157) to work on /home/airflow/.local/lib/python3.12/site-packages/airflow/example_dags/tutorial.py
[2025-02-22T17:05:58.480+0000] {processor.py:914} INFO - Processing file /home/airflow/.local/lib/python3.12/site-packages/airflow/example_dags/tutorial.py for tasks to queue
[2025-02-22T17:05:58.481+0000] {logging_mixin.py:190} INFO - [2025-02-22T17:05:58.481+0000] {dagbag.py:588} INFO - Filling up the DagBag from /home/airflow/.local/lib/python3.12/site-packages/airflow/example_dags/tutorial.py
[2025-02-22T17:05:58.484+0000] {processor.py:925} INFO - DAG(s) 'tutorial' retrieved from /home/airflow/.local/lib/python3.12/site-packages/airflow/example_dags/tutorial.py
[2025-02-22T17:05:58.492+0000] {logging_mixin.py:190} INFO - [2025-02-22T17:05:58.492+0000] {dag.py:3239} INFO - Sync 1 DAGs
[2025-02-22T17:05:58.500+0000] {logging_mixin.py:190} INFO - [2025-02-22T17:05:58.500+0000] {dag.py:4180} INFO - Setting next_dagrun for tutorial to 2025-02-21 00:00:00+00:00, run_after=2025-02-22 00:00:00+00:00
[2025-02-22T17:05:58.510+0000] {processor.py:208} INFO - Processing /home/airflow/.local/lib/python3.12/site-packages/airflow/example_dags/tutorial.py took 0.032 seconds
[2025-02-22T17:06:28.759+0000] {processor.py:186} INFO - Started process (PID=220) to work on /home/airflow/.local/lib/python3.12/site-packages/airflow/example_dags/tutorial.py
[2025-02-22T17:06:28.762+0000] {processor.py:914} INFO - Processing file /home/airflow/.local/lib/python3.12/site-packages/airflow/example_dags/tutorial.py for tasks to queue
[2025-02-22T17:06:28.763+0000] {logging_mixin.py:190} INFO - [2025-02-22T17:06:28.762+0000] {dagbag.py:588} INFO - Filling up the DagBag from /home/airflow/.local/lib/python3.12/site-packages/airflow/example_dags/tutorial.py
[2025-02-22T17:06:28.766+0000] {processor.py:925} INFO - DAG(s) 'tutorial' retrieved from /home/airflow/.local/lib/python3.12/site-packages/airflow/example_dags/tutorial.py
[2025-02-22T17:06:28.773+0000] {logging_mixin.py:190} INFO - [2025-02-22T17:06:28.773+0000] {dag.py:3239} INFO - Sync 1 DAGs
[2025-02-22T17:06:28.782+0000] {logging_mixin.py:190} INFO - [2025-02-22T17:06:28.781+0000] {dag.py:4180} INFO - Setting next_dagrun for tutorial to 2025-02-21 00:00:00+00:00, run_after=2025-02-22 00:00:00+00:00
[2025-02-22T17:06:28.790+0000] {processor.py:208} INFO - Processing /home/airflow/.local/lib/python3.12/site-packages/airflow/example_dags/tutorial.py took 0.034 seconds
[2025-02-22T17:06:59.809+0000] {processor.py:186} INFO - Started process (PID=282) to work on /home/airflow/.local/lib/python3.12/site-packages/airflow/example_dags/tutorial.py
[2025-02-22T17:06:59.810+0000] {processor.py:914} INFO - Processing file /home/airflow/.local/lib/python3.12/site-packages/airflow/example_dags/tutorial.py for tasks to queue
[2025-02-22T17:06:59.811+0000] {logging_mixin.py:190} INFO - [2025-02-22T17:06:59.811+0000] {dagbag.py:588} INFO - Filling up the DagBag from /home/airflow/.local/lib/python3.12/site-packages/airflow/example_dags/tutorial.py
[2025-02-22T17:06:59.814+0000] {processor.py:925} INFO - DAG(s) 'tutorial' retrieved from /home/airflow/.local/lib/python3.12/site-packages/airflow/example_dags/tutorial.py
[2025-02-22T17:06:59.825+0000] {logging_mixin.py:190} INFO - [2025-02-22T17:06:59.825+0000] {dag.py:3239} INFO - Sync 1 DAGs
[2025-02-22T17:06:59.833+0000] {logging_mixin.py:190} INFO - [2025-02-22T17:06:59.833+0000] {dag.py:4180} INFO - Setting next_dagrun for tutorial to 2025-02-21 00:00:00+00:00, run_after=2025-02-22 00:00:00+00:00
[2025-02-22T17:06:59.840+0000] {processor.py:208} INFO - Processing /home/airflow/.local/lib/python3.12/site-packages/airflow/example_dags/tutorial.py took 0.033 seconds
[2025-02-22T17:07:30.908+0000] {processor.py:186} INFO - Started process (PID=345) to work on /home/airflow/.local/lib/python3.12/site-packages/airflow/example_dags/tutorial.py
[2025-02-22T17:07:30.909+0000] {processor.py:914} INFO - Processing file /home/airflow/.local/lib/python3.12/site-packages/airflow/example_dags/tutorial.py for tasks to queue
[2025-02-22T17:07:30.909+0000] {logging_mixin.py:190} INFO - [2025-02-22T17:07:30.909+0000] {dagbag.py:588} INFO - Filling up the DagBag from /home/airflow/.local/lib/python3.12/site-packages/airflow/example_dags/tutorial.py
[2025-02-22T17:07:30.913+0000] {processor.py:925} INFO - DAG(s) 'tutorial' retrieved from /home/airflow/.local/lib/python3.12/site-packages/airflow/example_dags/tutorial.py
[2025-02-22T17:07:30.921+0000] {logging_mixin.py:190} INFO - [2025-02-22T17:07:30.921+0000] {dag.py:3239} INFO - Sync 1 DAGs
[2025-02-22T17:07:30.932+0000] {logging_mixin.py:190} INFO - [2025-02-22T17:07:30.932+0000] {dag.py:4180} INFO - Setting next_dagrun for tutorial to 2025-02-21 00:00:00+00:00, run_after=2025-02-22 00:00:00+00:00
[2025-02-22T17:07:30.940+0000] {processor.py:208} INFO - Processing /home/airflow/.local/lib/python3.12/site-packages/airflow/example_dags/tutorial.py took 0.036 seconds
[2025-02-22T17:08:01.892+0000] {processor.py:186} INFO - Started process (PID=407) to work on /home/airflow/.local/lib/python3.12/site-packages/airflow/example_dags/tutorial.py
[2025-02-22T17:08:01.892+0000] {processor.py:914} INFO - Processing file /home/airflow/.local/lib/python3.12/site-packages/airflow/example_dags/tutorial.py for tasks to queue
[2025-02-22T17:08:01.893+0000] {logging_mixin.py:190} INFO - [2025-02-22T17:08:01.893+0000] {dagbag.py:588} INFO - Filling up the DagBag from /home/airflow/.local/lib/python3.12/site-packages/airflow/example_dags/tutorial.py
[2025-02-22T17:08:01.896+0000] {processor.py:925} INFO - DAG(s) 'tutorial' retrieved from /home/airflow/.local/lib/python3.12/site-packages/airflow/example_dags/tutorial.py
[2025-02-22T17:08:01.904+0000] {logging_mixin.py:190} INFO - [2025-02-22T17:08:01.904+0000] {dag.py:3239} INFO - Sync 1 DAGs
[2025-02-22T17:08:01.913+0000] {logging_mixin.py:190} INFO - [2025-02-22T17:08:01.913+0000] {dag.py:4180} INFO - Setting next_dagrun for tutorial to 2025-02-21 00:00:00+00:00, run_after=2025-02-22 00:00:00+00:00
[2025-02-22T17:08:01.918+0000] {processor.py:208} INFO - Processing /home/airflow/.local/lib/python3.12/site-packages/airflow/example_dags/tutorial.py took 0.029 seconds
[2025-02-22T17:08:32.905+0000] {processor.py:186} INFO - Started process (PID=470) to work on /home/airflow/.local/lib/python3.12/site-packages/airflow/example_dags/tutorial.py
[2025-02-22T17:08:32.905+0000] {processor.py:914} INFO - Processing file /home/airflow/.local/lib/python3.12/site-packages/airflow/example_dags/tutorial.py for tasks to queue
[2025-02-22T17:08:32.906+0000] {logging_mixin.py:190} INFO - [2025-02-22T17:08:32.906+0000] {dagbag.py:588} INFO - Filling up the DagBag from /home/airflow/.local/lib/python3.12/site-packages/airflow/example_dags/tutorial.py
[2025-02-22T17:08:32.909+0000] {processor.py:925} INFO - DAG(s) 'tutorial' retrieved from /home/airflow/.local/lib/python3.12/site-packages/airflow/example_dags/tutorial.py
[2025-02-22T17:08:32.917+0000] {logging_mixin.py:190} INFO - [2025-02-22T17:08:32.917+0000] {dag.py:3239} INFO - Sync 1 DAGs
[2025-02-22T17:08:32.926+0000] {logging_mixin.py:190} INFO - [2025-02-22T17:08:32.926+0000] {dag.py:4180} INFO - Setting next_dagrun for tutorial to 2025-02-21 00:00:00+00:00, run_after=2025-02-22 00:00:00+00:00
[2025-02-22T17:08:32.932+0000] {processor.py:208} INFO - Processing /home/airflow/.local/lib/python3.12/site-packages/airflow/example_dags/tutorial.py took 0.030 seconds
[2025-02-22T17:09:03.875+0000] {processor.py:186} INFO - Started process (PID=533) to work on /home/airflow/.local/lib/python3.12/site-packages/airflow/example_dags/tutorial.py
[2025-02-22T17:09:03.875+0000] {processor.py:914} INFO - Processing file /home/airflow/.local/lib/python3.12/site-packages/airflow/example_dags/tutorial.py for tasks to queue
[2025-02-22T17:09:03.876+0000] {logging_mixin.py:190} INFO - [2025-02-22T17:09:03.876+0000] {dagbag.py:588} INFO - Filling up the DagBag from /home/airflow/.local/lib/python3.12/site-packages/airflow/example_dags/tutorial.py
[2025-02-22T17:09:03.879+0000] {processor.py:925} INFO - DAG(s) 'tutorial' retrieved from /home/airflow/.local/lib/python3.12/site-packages/airflow/example_dags/tutorial.py
[2025-02-22T17:09:03.886+0000] {logging_mixin.py:190} INFO - [2025-02-22T17:09:03.886+0000] {dag.py:3239} INFO - Sync 1 DAGs
[2025-02-22T17:09:03.895+0000] {logging_mixin.py:190} INFO - [2025-02-22T17:09:03.895+0000] {dag.py:4180} INFO - Setting next_dagrun for tutorial to 2025-02-21 00:00:00+00:00, run_after=2025-02-22 00:00:00+00:00
[2025-02-22T17:09:03.901+0000] {processor.py:208} INFO - Processing /home/airflow/.local/lib/python3.12/site-packages/airflow/example_dags/tutorial.py took 0.028 seconds
[2025-02-22T17:09:34.875+0000] {processor.py:186} INFO - Started process (PID=595) to work on /home/airflow/.local/lib/python3.12/site-packages/airflow/example_dags/tutorial.py
[2025-02-22T17:09:34.875+0000] {processor.py:914} INFO - Processing file /home/airflow/.local/lib/python3.12/site-packages/airflow/example_dags/tutorial.py for tasks to queue
[2025-02-22T17:09:34.877+0000] {logging_mixin.py:190} INFO - [2025-02-22T17:09:34.877+0000] {dagbag.py:588} INFO - Filling up the DagBag from /home/airflow/.local/lib/python3.12/site-packages/airflow/example_dags/tutorial.py
[2025-02-22T17:09:34.881+0000] {processor.py:925} INFO - DAG(s) 'tutorial' retrieved from /home/airflow/.local/lib/python3.12/site-packages/airflow/example_dags/tutorial.py
[2025-02-22T17:09:34.888+0000] {logging_mixin.py:190} INFO - [2025-02-22T17:09:34.888+0000] {dag.py:3239} INFO - Sync 1 DAGs
[2025-02-22T17:09:34.896+0000] {logging_mixin.py:190} INFO - [2025-02-22T17:09:34.896+0000] {dag.py:4180} INFO - Setting next_dagrun for tutorial to 2025-02-21 00:00:00+00:00, run_after=2025-02-22 00:00:00+00:00
[2025-02-22T17:09:34.902+0000] {processor.py:208} INFO - Processing /home/airflow/.local/lib/python3.12/site-packages/airflow/example_dags/tutorial.py took 0.030 seconds
[2025-02-22T17:10:05.856+0000] {processor.py:186} INFO - Started process (PID=659) to work on /home/airflow/.local/lib/python3.12/site-packages/airflow/example_dags/tutorial.py
[2025-02-22T17:10:05.856+0000] {processor.py:914} INFO - Processing file /home/airflow/.local/lib/python3.12/site-packages/airflow/example_dags/tutorial.py for tasks to queue
[2025-02-22T17:10:05.857+0000] {logging_mixin.py:190} INFO - [2025-02-22T17:10:05.857+0000] {dagbag.py:588} INFO - Filling up the DagBag from /home/airflow/.local/lib/python3.12/site-packages/airflow/example_dags/tutorial.py
[2025-02-22T17:10:05.860+0000] {processor.py:925} INFO - DAG(s) 'tutorial' retrieved from /home/airflow/.local/lib/python3.12/site-packages/airflow/example_dags/tutorial.py
[2025-02-22T17:10:05.868+0000] {logging_mixin.py:190} INFO - [2025-02-22T17:10:05.868+0000] {dag.py:3239} INFO - Sync 1 DAGs
[2025-02-22T17:10:05.876+0000] {logging_mixin.py:190} INFO - [2025-02-22T17:10:05.876+0000] {dag.py:4180} INFO - Setting next_dagrun for tutorial to 2025-02-21 00:00:00+00:00, run_after=2025-02-22 00:00:00+00:00
[2025-02-22T17:10:05.881+0000] {processor.py:208} INFO - Processing /home/airflow/.local/lib/python3.12/site-packages/airflow/example_dags/tutorial.py took 0.027 seconds
[2025-02-22T17:10:36.922+0000] {processor.py:186} INFO - Started process (PID=721) to work on /home/airflow/.local/lib/python3.12/site-packages/airflow/example_dags/tutorial.py
[2025-02-22T17:10:36.923+0000] {processor.py:914} INFO - Processing file /home/airflow/.local/lib/python3.12/site-packages/airflow/example_dags/tutorial.py for tasks to queue
[2025-02-22T17:10:36.923+0000] {logging_mixin.py:190} INFO - [2025-02-22T17:10:36.923+0000] {dagbag.py:588} INFO - Filling up the DagBag from /home/airflow/.local/lib/python3.12/site-packages/airflow/example_dags/tutorial.py
[2025-02-22T17:10:36.926+0000] {processor.py:925} INFO - DAG(s) 'tutorial' retrieved from /home/airflow/.local/lib/python3.12/site-packages/airflow/example_dags/tutorial.py
[2025-02-22T17:10:36.933+0000] {logging_mixin.py:190} INFO - [2025-02-22T17:10:36.933+0000] {dag.py:3239} INFO - Sync 1 DAGs
[2025-02-22T17:10:36.940+0000] {logging_mixin.py:190} INFO - [2025-02-22T17:10:36.940+0000] {dag.py:4180} INFO - Setting next_dagrun for tutorial to 2025-02-21 00:00:00+00:00, run_after=2025-02-22 00:00:00+00:00
[2025-02-22T17:10:36.945+0000] {processor.py:208} INFO - Processing /home/airflow/.local/lib/python3.12/site-packages/airflow/example_dags/tutorial.py took 0.025 seconds
[2025-02-22T17:11:07.903+0000] {processor.py:186} INFO - Started process (PID=785) to work on /home/airflow/.local/lib/python3.12/site-packages/airflow/example_dags/tutorial.py
[2025-02-22T17:11:07.903+0000] {processor.py:914} INFO - Processing file /home/airflow/.local/lib/python3.12/site-packages/airflow/example_dags/tutorial.py for tasks to queue
[2025-02-22T17:11:07.904+0000] {logging_mixin.py:190} INFO - [2025-02-22T17:11:07.904+0000] {dagbag.py:588} INFO - Filling up the DagBag from /home/airflow/.local/lib/python3.12/site-packages/airflow/example_dags/tutorial.py
[2025-02-22T17:11:07.907+0000] {processor.py:925} INFO - DAG(s) 'tutorial' retrieved from /home/airflow/.local/lib/python3.12/site-packages/airflow/example_dags/tutorial.py
[2025-02-22T17:11:07.915+0000] {logging_mixin.py:190} INFO - [2025-02-22T17:11:07.915+0000] {dag.py:3239} INFO - Sync 1 DAGs
[2025-02-22T17:11:07.922+0000] {logging_mixin.py:190} INFO - [2025-02-22T17:11:07.922+0000] {dag.py:4180} INFO - Setting next_dagrun for tutorial to 2025-02-21 00:00:00+00:00, run_after=2025-02-22 00:00:00+00:00
[2025-02-22T17:11:07.928+0000] {processor.py:208} INFO - Processing /home/airflow/.local/lib/python3.12/site-packages/airflow/example_dags/tutorial.py took 0.027 seconds
[2025-02-22T17:11:38.886+0000] {processor.py:186} INFO - Started process (PID=848) to work on /home/airflow/.local/lib/python3.12/site-packages/airflow/example_dags/tutorial.py
[2025-02-22T17:11:38.887+0000] {processor.py:914} INFO - Processing file /home/airflow/.local/lib/python3.12/site-packages/airflow/example_dags/tutorial.py for tasks to queue
[2025-02-22T17:11:38.887+0000] {logging_mixin.py:190} INFO - [2025-02-22T17:11:38.887+0000] {dagbag.py:588} INFO - Filling up the DagBag from /home/airflow/.local/lib/python3.12/site-packages/airflow/example_dags/tutorial.py
[2025-02-22T17:11:38.891+0000] {processor.py:925} INFO - DAG(s) 'tutorial' retrieved from /home/airflow/.local/lib/python3.12/site-packages/airflow/example_dags/tutorial.py
[2025-02-22T17:11:38.898+0000] {logging_mixin.py:190} INFO - [2025-02-22T17:11:38.898+0000] {dag.py:3239} INFO - Sync 1 DAGs
[2025-02-22T17:11:38.906+0000] {logging_mixin.py:190} INFO - [2025-02-22T17:11:38.906+0000] {dag.py:4180} INFO - Setting next_dagrun for tutorial to 2025-02-21 00:00:00+00:00, run_after=2025-02-22 00:00:00+00:00
[2025-02-22T17:11:38.911+0000] {processor.py:208} INFO - Processing /home/airflow/.local/lib/python3.12/site-packages/airflow/example_dags/tutorial.py took 0.028 seconds
[2025-02-22T17:12:09.888+0000] {processor.py:186} INFO - Started process (PID=911) to work on /home/airflow/.local/lib/python3.12/site-packages/airflow/example_dags/tutorial.py
[2025-02-22T17:12:09.891+0000] {processor.py:914} INFO - Processing file /home/airflow/.local/lib/python3.12/site-packages/airflow/example_dags/tutorial.py for tasks to queue
[2025-02-22T17:12:09.892+0000] {logging_mixin.py:190} INFO - [2025-02-22T17:12:09.892+0000] {dagbag.py:588} INFO - Filling up the DagBag from /home/airflow/.local/lib/python3.12/site-packages/airflow/example_dags/tutorial.py
[2025-02-22T17:12:09.895+0000] {processor.py:925} INFO - DAG(s) 'tutorial' retrieved from /home/airflow/.local/lib/python3.12/site-packages/airflow/example_dags/tutorial.py
[2025-02-22T17:12:09.903+0000] {logging_mixin.py:190} INFO - [2025-02-22T17:12:09.903+0000] {dag.py:3239} INFO - Sync 1 DAGs
[2025-02-22T17:12:09.911+0000] {logging_mixin.py:190} INFO - [2025-02-22T17:12:09.911+0000] {dag.py:4180} INFO - Setting next_dagrun for tutorial to 2025-02-21 00:00:00+00:00, run_after=2025-02-22 00:00:00+00:00
[2025-02-22T17:12:09.917+0000] {processor.py:208} INFO - Processing /home/airflow/.local/lib/python3.12/site-packages/airflow/example_dags/tutorial.py took 0.031 seconds
[2025-02-22T17:12:40.920+0000] {processor.py:186} INFO - Started process (PID=973) to work on /home/airflow/.local/lib/python3.12/site-packages/airflow/example_dags/tutorial.py
[2025-02-22T17:12:40.920+0000] {processor.py:914} INFO - Processing file /home/airflow/.local/lib/python3.12/site-packages/airflow/example_dags/tutorial.py for tasks to queue
[2025-02-22T17:12:40.921+0000] {logging_mixin.py:190} INFO - [2025-02-22T17:12:40.921+0000] {dagbag.py:588} INFO - Filling up the DagBag from /home/airflow/.local/lib/python3.12/site-packages/airflow/example_dags/tutorial.py
[2025-02-22T17:12:40.925+0000] {processor.py:925} INFO - DAG(s) 'tutorial' retrieved from /home/airflow/.local/lib/python3.12/site-packages/airflow/example_dags/tutorial.py
[2025-02-22T17:12:40.934+0000] {logging_mixin.py:190} INFO - [2025-02-22T17:12:40.933+0000] {dag.py:3239} INFO - Sync 1 DAGs
[2025-02-22T17:12:40.942+0000] {logging_mixin.py:190} INFO - [2025-02-22T17:12:40.941+0000] {dag.py:4180} INFO - Setting next_dagrun for tutorial to 2025-02-21 00:00:00+00:00, run_after=2025-02-22 00:00:00+00:00
[2025-02-22T17:12:40.948+0000] {processor.py:208} INFO - Processing /home/airflow/.local/lib/python3.12/site-packages/airflow/example_dags/tutorial.py took 0.030 seconds
[2025-02-22T17:13:11.939+0000] {processor.py:186} INFO - Started process (PID=1037) to work on /home/airflow/.local/lib/python3.12/site-packages/airflow/example_dags/tutorial.py
[2025-02-22T17:13:11.939+0000] {processor.py:914} INFO - Processing file /home/airflow/.local/lib/python3.12/site-packages/airflow/example_dags/tutorial.py for tasks to queue
[2025-02-22T17:13:11.940+0000] {logging_mixin.py:190} INFO - [2025-02-22T17:13:11.940+0000] {dagbag.py:588} INFO - Filling up the DagBag from /home/airflow/.local/lib/python3.12/site-packages/airflow/example_dags/tutorial.py
[2025-02-22T17:13:11.944+0000] {processor.py:925} INFO - DAG(s) 'tutorial' retrieved from /home/airflow/.local/lib/python3.12/site-packages/airflow/example_dags/tutorial.py
[2025-02-22T17:13:11.951+0000] {logging_mixin.py:190} INFO - [2025-02-22T17:13:11.951+0000] {dag.py:3239} INFO - Sync 1 DAGs
[2025-02-22T17:13:11.961+0000] {logging_mixin.py:190} INFO - [2025-02-22T17:13:11.961+0000] {dag.py:4180} INFO - Setting next_dagrun for tutorial to 2025-02-21 00:00:00+00:00, run_after=2025-02-22 00:00:00+00:00
[2025-02-22T17:13:11.969+0000] {processor.py:208} INFO - Processing /home/airflow/.local/lib/python3.12/site-packages/airflow/example_dags/tutorial.py took 0.032 seconds
[2025-02-22T17:15:56.124+0000] {processor.py:186} INFO - Started process (PID=88) to work on /home/airflow/.local/lib/python3.12/site-packages/airflow/example_dags/tutorial.py
[2025-02-22T17:15:56.127+0000] {processor.py:914} INFO - Processing file /home/airflow/.local/lib/python3.12/site-packages/airflow/example_dags/tutorial.py for tasks to queue
[2025-02-22T17:15:56.128+0000] {logging_mixin.py:190} INFO - [2025-02-22T17:15:56.128+0000] {dagbag.py:588} INFO - Filling up the DagBag from /home/airflow/.local/lib/python3.12/site-packages/airflow/example_dags/tutorial.py
[2025-02-22T17:15:56.131+0000] {processor.py:925} INFO - DAG(s) 'tutorial' retrieved from /home/airflow/.local/lib/python3.12/site-packages/airflow/example_dags/tutorial.py
[2025-02-22T17:15:56.139+0000] {logging_mixin.py:190} INFO - [2025-02-22T17:15:56.139+0000] {dag.py:3239} INFO - Sync 1 DAGs
[2025-02-22T17:15:56.150+0000] {logging_mixin.py:190} INFO - [2025-02-22T17:15:56.150+0000] {dag.py:4180} INFO - Setting next_dagrun for tutorial to 2025-02-21 00:00:00+00:00, run_after=2025-02-22 00:00:00+00:00
[2025-02-22T17:15:56.161+0000] {processor.py:208} INFO - Processing /home/airflow/.local/lib/python3.12/site-packages/airflow/example_dags/tutorial.py took 0.039 seconds
[2025-02-22T17:16:26.439+0000] {processor.py:186} INFO - Started process (PID=151) to work on /home/airflow/.local/lib/python3.12/site-packages/airflow/example_dags/tutorial.py
[2025-02-22T17:16:26.439+0000] {processor.py:914} INFO - Processing file /home/airflow/.local/lib/python3.12/site-packages/airflow/example_dags/tutorial.py for tasks to queue
[2025-02-22T17:16:26.440+0000] {logging_mixin.py:190} INFO - [2025-02-22T17:16:26.440+0000] {dagbag.py:588} INFO - Filling up the DagBag from /home/airflow/.local/lib/python3.12/site-packages/airflow/example_dags/tutorial.py
[2025-02-22T17:16:26.443+0000] {processor.py:925} INFO - DAG(s) 'tutorial' retrieved from /home/airflow/.local/lib/python3.12/site-packages/airflow/example_dags/tutorial.py
[2025-02-22T17:16:26.452+0000] {logging_mixin.py:190} INFO - [2025-02-22T17:16:26.451+0000] {dag.py:3239} INFO - Sync 1 DAGs
[2025-02-22T17:16:26.459+0000] {logging_mixin.py:190} INFO - [2025-02-22T17:16:26.459+0000] {dag.py:4180} INFO - Setting next_dagrun for tutorial to 2025-02-21 00:00:00+00:00, run_after=2025-02-22 00:00:00+00:00
[2025-02-22T17:16:26.469+0000] {processor.py:208} INFO - Processing /home/airflow/.local/lib/python3.12/site-packages/airflow/example_dags/tutorial.py took 0.033 seconds
[2025-02-22T17:16:57.512+0000] {processor.py:186} INFO - Started process (PID=214) to work on /home/airflow/.local/lib/python3.12/site-packages/airflow/example_dags/tutorial.py
[2025-02-22T17:16:57.512+0000] {processor.py:914} INFO - Processing file /home/airflow/.local/lib/python3.12/site-packages/airflow/example_dags/tutorial.py for tasks to queue
[2025-02-22T17:16:57.513+0000] {logging_mixin.py:190} INFO - [2025-02-22T17:16:57.513+0000] {dagbag.py:588} INFO - Filling up the DagBag from /home/airflow/.local/lib/python3.12/site-packages/airflow/example_dags/tutorial.py
[2025-02-22T17:16:57.516+0000] {processor.py:925} INFO - DAG(s) 'tutorial' retrieved from /home/airflow/.local/lib/python3.12/site-packages/airflow/example_dags/tutorial.py
[2025-02-22T17:16:57.524+0000] {logging_mixin.py:190} INFO - [2025-02-22T17:16:57.524+0000] {dag.py:3239} INFO - Sync 1 DAGs
[2025-02-22T17:16:57.532+0000] {logging_mixin.py:190} INFO - [2025-02-22T17:16:57.532+0000] {dag.py:4180} INFO - Setting next_dagrun for tutorial to 2025-02-21 00:00:00+00:00, run_after=2025-02-22 00:00:00+00:00
[2025-02-22T17:16:57.540+0000] {processor.py:208} INFO - Processing /home/airflow/.local/lib/python3.12/site-packages/airflow/example_dags/tutorial.py took 0.030 seconds
[2025-02-22T17:17:28.752+0000] {processor.py:186} INFO - Started process (PID=283) to work on /home/airflow/.local/lib/python3.12/site-packages/airflow/example_dags/tutorial.py
[2025-02-22T17:17:28.752+0000] {processor.py:914} INFO - Processing file /home/airflow/.local/lib/python3.12/site-packages/airflow/example_dags/tutorial.py for tasks to queue
[2025-02-22T17:17:28.753+0000] {logging_mixin.py:190} INFO - [2025-02-22T17:17:28.753+0000] {dagbag.py:588} INFO - Filling up the DagBag from /home/airflow/.local/lib/python3.12/site-packages/airflow/example_dags/tutorial.py
[2025-02-22T17:17:28.756+0000] {processor.py:925} INFO - DAG(s) 'tutorial' retrieved from /home/airflow/.local/lib/python3.12/site-packages/airflow/example_dags/tutorial.py
[2025-02-22T17:17:28.768+0000] {logging_mixin.py:190} INFO - [2025-02-22T17:17:28.768+0000] {dag.py:3239} INFO - Sync 1 DAGs
[2025-02-22T17:17:28.776+0000] {logging_mixin.py:190} INFO - [2025-02-22T17:17:28.776+0000] {dag.py:4180} INFO - Setting next_dagrun for tutorial to 2025-02-21 00:00:00+00:00, run_after=2025-02-22 00:00:00+00:00
[2025-02-22T17:17:28.785+0000] {processor.py:208} INFO - Processing /home/airflow/.local/lib/python3.12/site-packages/airflow/example_dags/tutorial.py took 0.035 seconds
[2025-02-22T17:17:59.000+0000] {processor.py:186} INFO - Started process (PID=346) to work on /home/airflow/.local/lib/python3.12/site-packages/airflow/example_dags/tutorial.py
[2025-02-22T17:17:59.002+0000] {processor.py:914} INFO - Processing file /home/airflow/.local/lib/python3.12/site-packages/airflow/example_dags/tutorial.py for tasks to queue
[2025-02-22T17:17:59.002+0000] {logging_mixin.py:190} INFO - [2025-02-22T17:17:59.002+0000] {dagbag.py:588} INFO - Filling up the DagBag from /home/airflow/.local/lib/python3.12/site-packages/airflow/example_dags/tutorial.py
[2025-02-22T17:17:59.006+0000] {processor.py:925} INFO - DAG(s) 'tutorial' retrieved from /home/airflow/.local/lib/python3.12/site-packages/airflow/example_dags/tutorial.py
[2025-02-22T17:17:59.015+0000] {logging_mixin.py:190} INFO - [2025-02-22T17:17:59.015+0000] {dag.py:3239} INFO - Sync 1 DAGs
[2025-02-22T17:17:59.024+0000] {logging_mixin.py:190} INFO - [2025-02-22T17:17:59.024+0000] {dag.py:4180} INFO - Setting next_dagrun for tutorial to 2025-02-21 00:00:00+00:00, run_after=2025-02-22 00:00:00+00:00
[2025-02-22T17:17:59.030+0000] {processor.py:208} INFO - Processing /home/airflow/.local/lib/python3.12/site-packages/airflow/example_dags/tutorial.py took 0.033 seconds
[2025-02-22T17:18:30.096+0000] {processor.py:186} INFO - Started process (PID=409) to work on /home/airflow/.local/lib/python3.12/site-packages/airflow/example_dags/tutorial.py
[2025-02-22T17:18:30.097+0000] {processor.py:914} INFO - Processing file /home/airflow/.local/lib/python3.12/site-packages/airflow/example_dags/tutorial.py for tasks to queue
[2025-02-22T17:18:30.098+0000] {logging_mixin.py:190} INFO - [2025-02-22T17:18:30.098+0000] {dagbag.py:588} INFO - Filling up the DagBag from /home/airflow/.local/lib/python3.12/site-packages/airflow/example_dags/tutorial.py
[2025-02-22T17:18:30.102+0000] {processor.py:925} INFO - DAG(s) 'tutorial' retrieved from /home/airflow/.local/lib/python3.12/site-packages/airflow/example_dags/tutorial.py
[2025-02-22T17:18:30.110+0000] {logging_mixin.py:190} INFO - [2025-02-22T17:18:30.110+0000] {dag.py:3239} INFO - Sync 1 DAGs
[2025-02-22T17:18:30.119+0000] {logging_mixin.py:190} INFO - [2025-02-22T17:18:30.119+0000] {dag.py:4180} INFO - Setting next_dagrun for tutorial to 2025-02-21 00:00:00+00:00, run_after=2025-02-22 00:00:00+00:00
[2025-02-22T17:18:30.128+0000] {processor.py:208} INFO - Processing /home/airflow/.local/lib/python3.12/site-packages/airflow/example_dags/tutorial.py took 0.034 seconds
[2025-02-22T17:19:01.265+0000] {processor.py:186} INFO - Started process (PID=472) to work on /home/airflow/.local/lib/python3.12/site-packages/airflow/example_dags/tutorial.py
[2025-02-22T17:19:01.267+0000] {processor.py:914} INFO - Processing file /home/airflow/.local/lib/python3.12/site-packages/airflow/example_dags/tutorial.py for tasks to queue
[2025-02-22T17:19:01.268+0000] {logging_mixin.py:190} INFO - [2025-02-22T17:19:01.268+0000] {dagbag.py:588} INFO - Filling up the DagBag from /home/airflow/.local/lib/python3.12/site-packages/airflow/example_dags/tutorial.py
[2025-02-22T17:19:01.272+0000] {processor.py:925} INFO - DAG(s) 'tutorial' retrieved from /home/airflow/.local/lib/python3.12/site-packages/airflow/example_dags/tutorial.py
[2025-02-22T17:19:01.279+0000] {logging_mixin.py:190} INFO - [2025-02-22T17:19:01.279+0000] {dag.py:3239} INFO - Sync 1 DAGs
[2025-02-22T17:19:01.288+0000] {logging_mixin.py:190} INFO - [2025-02-22T17:19:01.288+0000] {dag.py:4180} INFO - Setting next_dagrun for tutorial to 2025-02-21 00:00:00+00:00, run_after=2025-02-22 00:00:00+00:00
[2025-02-22T17:19:01.297+0000] {processor.py:208} INFO - Processing /home/airflow/.local/lib/python3.12/site-packages/airflow/example_dags/tutorial.py took 0.034 seconds
[2025-02-22T17:19:32.344+0000] {processor.py:186} INFO - Started process (PID=535) to work on /home/airflow/.local/lib/python3.12/site-packages/airflow/example_dags/tutorial.py
[2025-02-22T17:19:32.344+0000] {processor.py:914} INFO - Processing file /home/airflow/.local/lib/python3.12/site-packages/airflow/example_dags/tutorial.py for tasks to queue
[2025-02-22T17:19:32.345+0000] {logging_mixin.py:190} INFO - [2025-02-22T17:19:32.345+0000] {dagbag.py:588} INFO - Filling up the DagBag from /home/airflow/.local/lib/python3.12/site-packages/airflow/example_dags/tutorial.py
[2025-02-22T17:19:32.348+0000] {processor.py:925} INFO - DAG(s) 'tutorial' retrieved from /home/airflow/.local/lib/python3.12/site-packages/airflow/example_dags/tutorial.py
[2025-02-22T17:19:32.357+0000] {logging_mixin.py:190} INFO - [2025-02-22T17:19:32.357+0000] {dag.py:3239} INFO - Sync 1 DAGs
[2025-02-22T17:19:32.366+0000] {logging_mixin.py:190} INFO - [2025-02-22T17:19:32.365+0000] {dag.py:4180} INFO - Setting next_dagrun for tutorial to 2025-02-21 00:00:00+00:00, run_after=2025-02-22 00:00:00+00:00
[2025-02-22T17:19:32.373+0000] {processor.py:208} INFO - Processing /home/airflow/.local/lib/python3.12/site-packages/airflow/example_dags/tutorial.py took 0.031 seconds
[2025-02-22T17:20:03.510+0000] {processor.py:186} INFO - Started process (PID=598) to work on /home/airflow/.local/lib/python3.12/site-packages/airflow/example_dags/tutorial.py
[2025-02-22T17:20:03.510+0000] {processor.py:914} INFO - Processing file /home/airflow/.local/lib/python3.12/site-packages/airflow/example_dags/tutorial.py for tasks to queue
[2025-02-22T17:20:03.511+0000] {logging_mixin.py:190} INFO - [2025-02-22T17:20:03.511+0000] {dagbag.py:588} INFO - Filling up the DagBag from /home/airflow/.local/lib/python3.12/site-packages/airflow/example_dags/tutorial.py
[2025-02-22T17:20:03.514+0000] {processor.py:925} INFO - DAG(s) 'tutorial' retrieved from /home/airflow/.local/lib/python3.12/site-packages/airflow/example_dags/tutorial.py
[2025-02-22T17:20:03.522+0000] {logging_mixin.py:190} INFO - [2025-02-22T17:20:03.522+0000] {dag.py:3239} INFO - Sync 1 DAGs
[2025-02-22T17:20:03.531+0000] {logging_mixin.py:190} INFO - [2025-02-22T17:20:03.531+0000] {dag.py:4180} INFO - Setting next_dagrun for tutorial to 2025-02-21 00:00:00+00:00, run_after=2025-02-22 00:00:00+00:00
[2025-02-22T17:20:03.540+0000] {processor.py:208} INFO - Processing /home/airflow/.local/lib/python3.12/site-packages/airflow/example_dags/tutorial.py took 0.033 seconds
[2025-02-22T17:20:34.642+0000] {processor.py:186} INFO - Started process (PID=660) to work on /home/airflow/.local/lib/python3.12/site-packages/airflow/example_dags/tutorial.py
[2025-02-22T17:20:34.643+0000] {processor.py:914} INFO - Processing file /home/airflow/.local/lib/python3.12/site-packages/airflow/example_dags/tutorial.py for tasks to queue
[2025-02-22T17:20:34.644+0000] {logging_mixin.py:190} INFO - [2025-02-22T17:20:34.644+0000] {dagbag.py:588} INFO - Filling up the DagBag from /home/airflow/.local/lib/python3.12/site-packages/airflow/example_dags/tutorial.py
[2025-02-22T17:20:34.649+0000] {processor.py:925} INFO - DAG(s) 'tutorial' retrieved from /home/airflow/.local/lib/python3.12/site-packages/airflow/example_dags/tutorial.py
[2025-02-22T17:20:34.657+0000] {logging_mixin.py:190} INFO - [2025-02-22T17:20:34.657+0000] {dag.py:3239} INFO - Sync 1 DAGs
[2025-02-22T17:20:34.666+0000] {logging_mixin.py:190} INFO - [2025-02-22T17:20:34.665+0000] {dag.py:4180} INFO - Setting next_dagrun for tutorial to 2025-02-21 00:00:00+00:00, run_after=2025-02-22 00:00:00+00:00
[2025-02-22T17:20:34.672+0000] {processor.py:208} INFO - Processing /home/airflow/.local/lib/python3.12/site-packages/airflow/example_dags/tutorial.py took 0.033 seconds
[2025-02-22T17:21:05.833+0000] {processor.py:186} INFO - Started process (PID=723) to work on /home/airflow/.local/lib/python3.12/site-packages/airflow/example_dags/tutorial.py
[2025-02-22T17:21:05.834+0000] {processor.py:914} INFO - Processing file /home/airflow/.local/lib/python3.12/site-packages/airflow/example_dags/tutorial.py for tasks to queue
[2025-02-22T17:21:05.835+0000] {logging_mixin.py:190} INFO - [2025-02-22T17:21:05.835+0000] {dagbag.py:588} INFO - Filling up the DagBag from /home/airflow/.local/lib/python3.12/site-packages/airflow/example_dags/tutorial.py
[2025-02-22T17:21:05.842+0000] {processor.py:925} INFO - DAG(s) 'tutorial' retrieved from /home/airflow/.local/lib/python3.12/site-packages/airflow/example_dags/tutorial.py
[2025-02-22T17:21:05.852+0000] {logging_mixin.py:190} INFO - [2025-02-22T17:21:05.852+0000] {dag.py:3239} INFO - Sync 1 DAGs
[2025-02-22T17:21:05.860+0000] {logging_mixin.py:190} INFO - [2025-02-22T17:21:05.860+0000] {dag.py:4180} INFO - Setting next_dagrun for tutorial to 2025-02-21 00:00:00+00:00, run_after=2025-02-22 00:00:00+00:00
[2025-02-22T17:21:05.869+0000] {processor.py:208} INFO - Processing /home/airflow/.local/lib/python3.12/site-packages/airflow/example_dags/tutorial.py took 0.038 seconds
[2025-02-22T17:21:37.109+0000] {processor.py:186} INFO - Started process (PID=786) to work on /home/airflow/.local/lib/python3.12/site-packages/airflow/example_dags/tutorial.py
[2025-02-22T17:21:37.110+0000] {processor.py:914} INFO - Processing file /home/airflow/.local/lib/python3.12/site-packages/airflow/example_dags/tutorial.py for tasks to queue
[2025-02-22T17:21:37.111+0000] {logging_mixin.py:190} INFO - [2025-02-22T17:21:37.111+0000] {dagbag.py:588} INFO - Filling up the DagBag from /home/airflow/.local/lib/python3.12/site-packages/airflow/example_dags/tutorial.py
[2025-02-22T17:21:37.116+0000] {processor.py:925} INFO - DAG(s) 'tutorial' retrieved from /home/airflow/.local/lib/python3.12/site-packages/airflow/example_dags/tutorial.py
[2025-02-22T17:21:37.128+0000] {logging_mixin.py:190} INFO - [2025-02-22T17:21:37.127+0000] {dag.py:3239} INFO - Sync 1 DAGs
[2025-02-22T17:21:37.143+0000] {logging_mixin.py:190} INFO - [2025-02-22T17:21:37.143+0000] {dag.py:4180} INFO - Setting next_dagrun for tutorial to 2025-02-21 00:00:00+00:00, run_after=2025-02-22 00:00:00+00:00
[2025-02-22T17:21:37.159+0000] {processor.py:208} INFO - Processing /home/airflow/.local/lib/python3.12/site-packages/airflow/example_dags/tutorial.py took 0.053 seconds
[2025-02-22T17:22:08.372+0000] {processor.py:186} INFO - Started process (PID=849) to work on /home/airflow/.local/lib/python3.12/site-packages/airflow/example_dags/tutorial.py
[2025-02-22T17:22:08.372+0000] {processor.py:914} INFO - Processing file /home/airflow/.local/lib/python3.12/site-packages/airflow/example_dags/tutorial.py for tasks to queue
[2025-02-22T17:22:08.373+0000] {logging_mixin.py:190} INFO - [2025-02-22T17:22:08.373+0000] {dagbag.py:588} INFO - Filling up the DagBag from /home/airflow/.local/lib/python3.12/site-packages/airflow/example_dags/tutorial.py
[2025-02-22T17:22:08.377+0000] {processor.py:925} INFO - DAG(s) 'tutorial' retrieved from /home/airflow/.local/lib/python3.12/site-packages/airflow/example_dags/tutorial.py
[2025-02-22T17:22:08.386+0000] {logging_mixin.py:190} INFO - [2025-02-22T17:22:08.386+0000] {dag.py:3239} INFO - Sync 1 DAGs
[2025-02-22T17:22:08.395+0000] {logging_mixin.py:190} INFO - [2025-02-22T17:22:08.395+0000] {dag.py:4180} INFO - Setting next_dagrun for tutorial to 2025-02-21 00:00:00+00:00, run_after=2025-02-22 00:00:00+00:00
[2025-02-22T17:22:08.402+0000] {processor.py:208} INFO - Processing /home/airflow/.local/lib/python3.12/site-packages/airflow/example_dags/tutorial.py took 0.033 seconds
[2025-02-22T17:22:39.609+0000] {processor.py:186} INFO - Started process (PID=912) to work on /home/airflow/.local/lib/python3.12/site-packages/airflow/example_dags/tutorial.py
[2025-02-22T17:22:39.611+0000] {processor.py:914} INFO - Processing file /home/airflow/.local/lib/python3.12/site-packages/airflow/example_dags/tutorial.py for tasks to queue
[2025-02-22T17:22:39.612+0000] {logging_mixin.py:190} INFO - [2025-02-22T17:22:39.612+0000] {dagbag.py:588} INFO - Filling up the DagBag from /home/airflow/.local/lib/python3.12/site-packages/airflow/example_dags/tutorial.py
[2025-02-22T17:22:39.616+0000] {processor.py:925} INFO - DAG(s) 'tutorial' retrieved from /home/airflow/.local/lib/python3.12/site-packages/airflow/example_dags/tutorial.py
[2025-02-22T17:22:39.626+0000] {logging_mixin.py:190} INFO - [2025-02-22T17:22:39.626+0000] {dag.py:3239} INFO - Sync 1 DAGs
[2025-02-22T17:22:39.637+0000] {logging_mixin.py:190} INFO - [2025-02-22T17:22:39.637+0000] {dag.py:4180} INFO - Setting next_dagrun for tutorial to 2025-02-21 00:00:00+00:00, run_after=2025-02-22 00:00:00+00:00
[2025-02-22T17:22:39.648+0000] {processor.py:208} INFO - Processing /home/airflow/.local/lib/python3.12/site-packages/airflow/example_dags/tutorial.py took 0.041 seconds
[2025-02-22T17:23:10.826+0000] {processor.py:186} INFO - Started process (PID=975) to work on /home/airflow/.local/lib/python3.12/site-packages/airflow/example_dags/tutorial.py
[2025-02-22T17:23:10.828+0000] {processor.py:914} INFO - Processing file /home/airflow/.local/lib/python3.12/site-packages/airflow/example_dags/tutorial.py for tasks to queue
[2025-02-22T17:23:10.829+0000] {logging_mixin.py:190} INFO - [2025-02-22T17:23:10.829+0000] {dagbag.py:588} INFO - Filling up the DagBag from /home/airflow/.local/lib/python3.12/site-packages/airflow/example_dags/tutorial.py
[2025-02-22T17:23:10.833+0000] {processor.py:925} INFO - DAG(s) 'tutorial' retrieved from /home/airflow/.local/lib/python3.12/site-packages/airflow/example_dags/tutorial.py
[2025-02-22T17:23:10.843+0000] {logging_mixin.py:190} INFO - [2025-02-22T17:23:10.843+0000] {dag.py:3239} INFO - Sync 1 DAGs
[2025-02-22T17:23:10.853+0000] {logging_mixin.py:190} INFO - [2025-02-22T17:23:10.853+0000] {dag.py:4180} INFO - Setting next_dagrun for tutorial to 2025-02-21 00:00:00+00:00, run_after=2025-02-22 00:00:00+00:00
[2025-02-22T17:23:10.862+0000] {processor.py:208} INFO - Processing /home/airflow/.local/lib/python3.12/site-packages/airflow/example_dags/tutorial.py took 0.039 seconds
[2025-02-22T17:23:42.169+0000] {processor.py:186} INFO - Started process (PID=1038) to work on /home/airflow/.local/lib/python3.12/site-packages/airflow/example_dags/tutorial.py
[2025-02-22T17:23:42.170+0000] {processor.py:914} INFO - Processing file /home/airflow/.local/lib/python3.12/site-packages/airflow/example_dags/tutorial.py for tasks to queue
[2025-02-22T17:23:42.171+0000] {logging_mixin.py:190} INFO - [2025-02-22T17:23:42.171+0000] {dagbag.py:588} INFO - Filling up the DagBag from /home/airflow/.local/lib/python3.12/site-packages/airflow/example_dags/tutorial.py
[2025-02-22T17:23:42.175+0000] {processor.py:925} INFO - DAG(s) 'tutorial' retrieved from /home/airflow/.local/lib/python3.12/site-packages/airflow/example_dags/tutorial.py
[2025-02-22T17:23:42.184+0000] {logging_mixin.py:190} INFO - [2025-02-22T17:23:42.184+0000] {dag.py:3239} INFO - Sync 1 DAGs
[2025-02-22T17:23:42.193+0000] {logging_mixin.py:190} INFO - [2025-02-22T17:23:42.193+0000] {dag.py:4180} INFO - Setting next_dagrun for tutorial to 2025-02-21 00:00:00+00:00, run_after=2025-02-22 00:00:00+00:00
[2025-02-22T17:23:42.202+0000] {processor.py:208} INFO - Processing /home/airflow/.local/lib/python3.12/site-packages/airflow/example_dags/tutorial.py took 0.035 seconds
[2025-02-22T17:24:13.364+0000] {processor.py:186} INFO - Started process (PID=1101) to work on /home/airflow/.local/lib/python3.12/site-packages/airflow/example_dags/tutorial.py
[2025-02-22T17:24:13.364+0000] {processor.py:914} INFO - Processing file /home/airflow/.local/lib/python3.12/site-packages/airflow/example_dags/tutorial.py for tasks to queue
[2025-02-22T17:24:13.365+0000] {logging_mixin.py:190} INFO - [2025-02-22T17:24:13.365+0000] {dagbag.py:588} INFO - Filling up the DagBag from /home/airflow/.local/lib/python3.12/site-packages/airflow/example_dags/tutorial.py
[2025-02-22T17:24:13.369+0000] {processor.py:925} INFO - DAG(s) 'tutorial' retrieved from /home/airflow/.local/lib/python3.12/site-packages/airflow/example_dags/tutorial.py
[2025-02-22T17:24:13.378+0000] {logging_mixin.py:190} INFO - [2025-02-22T17:24:13.378+0000] {dag.py:3239} INFO - Sync 1 DAGs
[2025-02-22T17:24:13.388+0000] {logging_mixin.py:190} INFO - [2025-02-22T17:24:13.388+0000] {dag.py:4180} INFO - Setting next_dagrun for tutorial to 2025-02-21 00:00:00+00:00, run_after=2025-02-22 00:00:00+00:00
[2025-02-22T17:24:13.399+0000] {processor.py:208} INFO - Processing /home/airflow/.local/lib/python3.12/site-packages/airflow/example_dags/tutorial.py took 0.038 seconds
[2025-02-22T17:24:44.599+0000] {processor.py:186} INFO - Started process (PID=1163) to work on /home/airflow/.local/lib/python3.12/site-packages/airflow/example_dags/tutorial.py
[2025-02-22T17:24:44.601+0000] {processor.py:914} INFO - Processing file /home/airflow/.local/lib/python3.12/site-packages/airflow/example_dags/tutorial.py for tasks to queue
[2025-02-22T17:24:44.602+0000] {logging_mixin.py:190} INFO - [2025-02-22T17:24:44.602+0000] {dagbag.py:588} INFO - Filling up the DagBag from /home/airflow/.local/lib/python3.12/site-packages/airflow/example_dags/tutorial.py
[2025-02-22T17:24:44.605+0000] {processor.py:925} INFO - DAG(s) 'tutorial' retrieved from /home/airflow/.local/lib/python3.12/site-packages/airflow/example_dags/tutorial.py
[2025-02-22T17:24:44.614+0000] {logging_mixin.py:190} INFO - [2025-02-22T17:24:44.614+0000] {dag.py:3239} INFO - Sync 1 DAGs
[2025-02-22T17:24:44.624+0000] {logging_mixin.py:190} INFO - [2025-02-22T17:24:44.624+0000] {dag.py:4180} INFO - Setting next_dagrun for tutorial to 2025-02-21 00:00:00+00:00, run_after=2025-02-22 00:00:00+00:00
[2025-02-22T17:24:44.634+0000] {processor.py:208} INFO - Processing /home/airflow/.local/lib/python3.12/site-packages/airflow/example_dags/tutorial.py took 0.038 seconds
[2025-02-22T17:25:15.855+0000] {processor.py:186} INFO - Started process (PID=1226) to work on /home/airflow/.local/lib/python3.12/site-packages/airflow/example_dags/tutorial.py
[2025-02-22T17:25:15.857+0000] {processor.py:914} INFO - Processing file /home/airflow/.local/lib/python3.12/site-packages/airflow/example_dags/tutorial.py for tasks to queue
[2025-02-22T17:25:15.859+0000] {logging_mixin.py:190} INFO - [2025-02-22T17:25:15.858+0000] {dagbag.py:588} INFO - Filling up the DagBag from /home/airflow/.local/lib/python3.12/site-packages/airflow/example_dags/tutorial.py
[2025-02-22T17:25:15.863+0000] {processor.py:925} INFO - DAG(s) 'tutorial' retrieved from /home/airflow/.local/lib/python3.12/site-packages/airflow/example_dags/tutorial.py
[2025-02-22T17:25:15.873+0000] {logging_mixin.py:190} INFO - [2025-02-22T17:25:15.872+0000] {dag.py:3239} INFO - Sync 1 DAGs
[2025-02-22T17:25:15.886+0000] {logging_mixin.py:190} INFO - [2025-02-22T17:25:15.886+0000] {dag.py:4180} INFO - Setting next_dagrun for tutorial to 2025-02-21 00:00:00+00:00, run_after=2025-02-22 00:00:00+00:00
[2025-02-22T17:25:15.897+0000] {processor.py:208} INFO - Processing /home/airflow/.local/lib/python3.12/site-packages/airflow/example_dags/tutorial.py took 0.044 seconds
[2025-02-22T17:25:47.134+0000] {processor.py:186} INFO - Started process (PID=1289) to work on /home/airflow/.local/lib/python3.12/site-packages/airflow/example_dags/tutorial.py
[2025-02-22T17:25:47.136+0000] {processor.py:914} INFO - Processing file /home/airflow/.local/lib/python3.12/site-packages/airflow/example_dags/tutorial.py for tasks to queue
[2025-02-22T17:25:47.137+0000] {logging_mixin.py:190} INFO - [2025-02-22T17:25:47.137+0000] {dagbag.py:588} INFO - Filling up the DagBag from /home/airflow/.local/lib/python3.12/site-packages/airflow/example_dags/tutorial.py
[2025-02-22T17:25:47.141+0000] {processor.py:925} INFO - DAG(s) 'tutorial' retrieved from /home/airflow/.local/lib/python3.12/site-packages/airflow/example_dags/tutorial.py
[2025-02-22T17:25:47.151+0000] {logging_mixin.py:190} INFO - [2025-02-22T17:25:47.151+0000] {dag.py:3239} INFO - Sync 1 DAGs
[2025-02-22T17:25:47.161+0000] {logging_mixin.py:190} INFO - [2025-02-22T17:25:47.161+0000] {dag.py:4180} INFO - Setting next_dagrun for tutorial to 2025-02-21 00:00:00+00:00, run_after=2025-02-22 00:00:00+00:00
[2025-02-22T17:25:47.169+0000] {processor.py:208} INFO - Processing /home/airflow/.local/lib/python3.12/site-packages/airflow/example_dags/tutorial.py took 0.038 seconds
[2025-02-22T17:26:17.305+0000] {processor.py:186} INFO - Started process (PID=1352) to work on /home/airflow/.local/lib/python3.12/site-packages/airflow/example_dags/tutorial.py
[2025-02-22T17:26:17.305+0000] {processor.py:914} INFO - Processing file /home/airflow/.local/lib/python3.12/site-packages/airflow/example_dags/tutorial.py for tasks to queue
[2025-02-22T17:26:17.306+0000] {logging_mixin.py:190} INFO - [2025-02-22T17:26:17.306+0000] {dagbag.py:588} INFO - Filling up the DagBag from /home/airflow/.local/lib/python3.12/site-packages/airflow/example_dags/tutorial.py
[2025-02-22T17:26:17.309+0000] {processor.py:925} INFO - DAG(s) 'tutorial' retrieved from /home/airflow/.local/lib/python3.12/site-packages/airflow/example_dags/tutorial.py
[2025-02-22T17:26:17.318+0000] {logging_mixin.py:190} INFO - [2025-02-22T17:26:17.318+0000] {dag.py:3239} INFO - Sync 1 DAGs
[2025-02-22T17:26:17.326+0000] {logging_mixin.py:190} INFO - [2025-02-22T17:26:17.326+0000] {dag.py:4180} INFO - Setting next_dagrun for tutorial to 2025-02-21 00:00:00+00:00, run_after=2025-02-22 00:00:00+00:00
[2025-02-22T17:26:17.332+0000] {processor.py:208} INFO - Processing /home/airflow/.local/lib/python3.12/site-packages/airflow/example_dags/tutorial.py took 0.029 seconds
