[2025-02-22T17:05:27.361+0000] {processor.py:186} INFO - Started process (PID=77) to work on /home/airflow/.local/lib/python3.12/site-packages/airflow/example_dags/tutorial_taskflow_templates.py
[2025-02-22T17:05:27.363+0000] {processor.py:914} INFO - Processing file /home/airflow/.local/lib/python3.12/site-packages/airflow/example_dags/tutorial_taskflow_templates.py for tasks to queue
[2025-02-22T17:05:27.364+0000] {logging_mixin.py:190} INFO - [2025-02-22T17:05:27.364+0000] {dagbag.py:588} INFO - Filling up the DagBag from /home/airflow/.local/lib/python3.12/site-packages/airflow/example_dags/tutorial_taskflow_templates.py
[2025-02-22T17:05:27.370+0000] {processor.py:925} INFO - DAG(s) 'tutorial_taskflow_templates' retrieved from /home/airflow/.local/lib/python3.12/site-packages/airflow/example_dags/tutorial_taskflow_templates.py
[2025-02-22T17:05:27.413+0000] {logging_mixin.py:190} INFO - [2025-02-22T17:05:27.412+0000] {override.py:1912} INFO - Created Permission View: can edit on DAG:tutorial_taskflow_templates
[2025-02-22T17:05:27.417+0000] {logging_mixin.py:190} INFO - [2025-02-22T17:05:27.416+0000] {override.py:1912} INFO - Created Permission View: can delete on DAG:tutorial_taskflow_templates
[2025-02-22T17:05:27.418+0000] {logging_mixin.py:190} INFO - [2025-02-22T17:05:27.418+0000] {override.py:1912} INFO - Created Permission View: can read on DAG:tutorial_taskflow_templates
[2025-02-22T17:05:27.421+0000] {logging_mixin.py:190} INFO - [2025-02-22T17:05:27.421+0000] {override.py:1912} INFO - Created Permission View: menu access on DAG Run:tutorial_taskflow_templates
[2025-02-22T17:05:27.423+0000] {logging_mixin.py:190} INFO - [2025-02-22T17:05:27.423+0000] {override.py:1912} INFO - Created Permission View: can create on DAG Run:tutorial_taskflow_templates
[2025-02-22T17:05:27.425+0000] {logging_mixin.py:190} INFO - [2025-02-22T17:05:27.425+0000] {override.py:1912} INFO - Created Permission View: can delete on DAG Run:tutorial_taskflow_templates
[2025-02-22T17:05:27.427+0000] {logging_mixin.py:190} INFO - [2025-02-22T17:05:27.427+0000] {override.py:1912} INFO - Created Permission View: can read on DAG Run:tutorial_taskflow_templates
[2025-02-22T17:05:27.427+0000] {logging_mixin.py:190} INFO - [2025-02-22T17:05:27.427+0000] {dag.py:3239} INFO - Sync 1 DAGs
[2025-02-22T17:05:27.432+0000] {logging_mixin.py:190} INFO - [2025-02-22T17:05:27.432+0000] {dag.py:3262} INFO - Creating ORM DAG for tutorial_taskflow_templates
[2025-02-22T17:05:27.435+0000] {logging_mixin.py:190} INFO - [2025-02-22T17:05:27.435+0000] {dag.py:4180} INFO - Setting next_dagrun for tutorial_taskflow_templates to 2025-02-21 00:00:00+00:00, run_after=2025-02-22 00:00:00+00:00
[2025-02-22T17:05:27.441+0000] {processor.py:208} INFO - Processing /home/airflow/.local/lib/python3.12/site-packages/airflow/example_dags/tutorial_taskflow_templates.py took 0.082 seconds
[2025-02-22T17:05:57.974+0000] {processor.py:186} INFO - Started process (PID=140) to work on /home/airflow/.local/lib/python3.12/site-packages/airflow/example_dags/tutorial_taskflow_templates.py
[2025-02-22T17:05:57.975+0000] {processor.py:914} INFO - Processing file /home/airflow/.local/lib/python3.12/site-packages/airflow/example_dags/tutorial_taskflow_templates.py for tasks to queue
[2025-02-22T17:05:57.976+0000] {logging_mixin.py:190} INFO - [2025-02-22T17:05:57.975+0000] {dagbag.py:588} INFO - Filling up the DagBag from /home/airflow/.local/lib/python3.12/site-packages/airflow/example_dags/tutorial_taskflow_templates.py
[2025-02-22T17:05:57.981+0000] {processor.py:925} INFO - DAG(s) 'tutorial_taskflow_templates' retrieved from /home/airflow/.local/lib/python3.12/site-packages/airflow/example_dags/tutorial_taskflow_templates.py
[2025-02-22T17:05:57.989+0000] {logging_mixin.py:190} INFO - [2025-02-22T17:05:57.989+0000] {dag.py:3239} INFO - Sync 1 DAGs
[2025-02-22T17:05:57.997+0000] {logging_mixin.py:190} INFO - [2025-02-22T17:05:57.997+0000] {dag.py:4180} INFO - Setting next_dagrun for tutorial_taskflow_templates to 2025-02-21 00:00:00+00:00, run_after=2025-02-22 00:00:00+00:00
[2025-02-22T17:05:58.003+0000] {processor.py:208} INFO - Processing /home/airflow/.local/lib/python3.12/site-packages/airflow/example_dags/tutorial_taskflow_templates.py took 0.031 seconds
[2025-02-22T17:06:28.039+0000] {processor.py:186} INFO - Started process (PID=202) to work on /home/airflow/.local/lib/python3.12/site-packages/airflow/example_dags/tutorial_taskflow_templates.py
[2025-02-22T17:06:28.040+0000] {processor.py:914} INFO - Processing file /home/airflow/.local/lib/python3.12/site-packages/airflow/example_dags/tutorial_taskflow_templates.py for tasks to queue
[2025-02-22T17:06:28.041+0000] {logging_mixin.py:190} INFO - [2025-02-22T17:06:28.041+0000] {dagbag.py:588} INFO - Filling up the DagBag from /home/airflow/.local/lib/python3.12/site-packages/airflow/example_dags/tutorial_taskflow_templates.py
[2025-02-22T17:06:28.046+0000] {processor.py:925} INFO - DAG(s) 'tutorial_taskflow_templates' retrieved from /home/airflow/.local/lib/python3.12/site-packages/airflow/example_dags/tutorial_taskflow_templates.py
[2025-02-22T17:06:28.054+0000] {logging_mixin.py:190} INFO - [2025-02-22T17:06:28.054+0000] {dag.py:3239} INFO - Sync 1 DAGs
[2025-02-22T17:06:28.062+0000] {logging_mixin.py:190} INFO - [2025-02-22T17:06:28.062+0000] {dag.py:4180} INFO - Setting next_dagrun for tutorial_taskflow_templates to 2025-02-21 00:00:00+00:00, run_after=2025-02-22 00:00:00+00:00
[2025-02-22T17:06:28.069+0000] {processor.py:208} INFO - Processing /home/airflow/.local/lib/python3.12/site-packages/airflow/example_dags/tutorial_taskflow_templates.py took 0.032 seconds
[2025-02-22T17:06:59.238+0000] {processor.py:186} INFO - Started process (PID=265) to work on /home/airflow/.local/lib/python3.12/site-packages/airflow/example_dags/tutorial_taskflow_templates.py
[2025-02-22T17:06:59.241+0000] {processor.py:914} INFO - Processing file /home/airflow/.local/lib/python3.12/site-packages/airflow/example_dags/tutorial_taskflow_templates.py for tasks to queue
[2025-02-22T17:06:59.242+0000] {logging_mixin.py:190} INFO - [2025-02-22T17:06:59.242+0000] {dagbag.py:588} INFO - Filling up the DagBag from /home/airflow/.local/lib/python3.12/site-packages/airflow/example_dags/tutorial_taskflow_templates.py
[2025-02-22T17:06:59.247+0000] {processor.py:925} INFO - DAG(s) 'tutorial_taskflow_templates' retrieved from /home/airflow/.local/lib/python3.12/site-packages/airflow/example_dags/tutorial_taskflow_templates.py
[2025-02-22T17:06:59.255+0000] {logging_mixin.py:190} INFO - [2025-02-22T17:06:59.255+0000] {dag.py:3239} INFO - Sync 1 DAGs
[2025-02-22T17:06:59.263+0000] {logging_mixin.py:190} INFO - [2025-02-22T17:06:59.263+0000] {dag.py:4180} INFO - Setting next_dagrun for tutorial_taskflow_templates to 2025-02-21 00:00:00+00:00, run_after=2025-02-22 00:00:00+00:00
[2025-02-22T17:06:59.270+0000] {processor.py:208} INFO - Processing /home/airflow/.local/lib/python3.12/site-packages/airflow/example_dags/tutorial_taskflow_templates.py took 0.034 seconds
[2025-02-22T17:07:30.420+0000] {processor.py:186} INFO - Started process (PID=328) to work on /home/airflow/.local/lib/python3.12/site-packages/airflow/example_dags/tutorial_taskflow_templates.py
[2025-02-22T17:07:30.420+0000] {processor.py:914} INFO - Processing file /home/airflow/.local/lib/python3.12/site-packages/airflow/example_dags/tutorial_taskflow_templates.py for tasks to queue
[2025-02-22T17:07:30.421+0000] {logging_mixin.py:190} INFO - [2025-02-22T17:07:30.421+0000] {dagbag.py:588} INFO - Filling up the DagBag from /home/airflow/.local/lib/python3.12/site-packages/airflow/example_dags/tutorial_taskflow_templates.py
[2025-02-22T17:07:30.427+0000] {processor.py:925} INFO - DAG(s) 'tutorial_taskflow_templates' retrieved from /home/airflow/.local/lib/python3.12/site-packages/airflow/example_dags/tutorial_taskflow_templates.py
[2025-02-22T17:07:30.436+0000] {logging_mixin.py:190} INFO - [2025-02-22T17:07:30.436+0000] {dag.py:3239} INFO - Sync 1 DAGs
[2025-02-22T17:07:30.445+0000] {logging_mixin.py:190} INFO - [2025-02-22T17:07:30.444+0000] {dag.py:4180} INFO - Setting next_dagrun for tutorial_taskflow_templates to 2025-02-21 00:00:00+00:00, run_after=2025-02-22 00:00:00+00:00
[2025-02-22T17:07:30.451+0000] {processor.py:208} INFO - Processing /home/airflow/.local/lib/python3.12/site-packages/airflow/example_dags/tutorial_taskflow_templates.py took 0.033 seconds
[2025-02-22T17:08:01.466+0000] {processor.py:186} INFO - Started process (PID=390) to work on /home/airflow/.local/lib/python3.12/site-packages/airflow/example_dags/tutorial_taskflow_templates.py
[2025-02-22T17:08:01.468+0000] {processor.py:914} INFO - Processing file /home/airflow/.local/lib/python3.12/site-packages/airflow/example_dags/tutorial_taskflow_templates.py for tasks to queue
[2025-02-22T17:08:01.469+0000] {logging_mixin.py:190} INFO - [2025-02-22T17:08:01.469+0000] {dagbag.py:588} INFO - Filling up the DagBag from /home/airflow/.local/lib/python3.12/site-packages/airflow/example_dags/tutorial_taskflow_templates.py
[2025-02-22T17:08:01.474+0000] {processor.py:925} INFO - DAG(s) 'tutorial_taskflow_templates' retrieved from /home/airflow/.local/lib/python3.12/site-packages/airflow/example_dags/tutorial_taskflow_templates.py
[2025-02-22T17:08:01.481+0000] {logging_mixin.py:190} INFO - [2025-02-22T17:08:01.481+0000] {dag.py:3239} INFO - Sync 1 DAGs
[2025-02-22T17:08:01.490+0000] {logging_mixin.py:190} INFO - [2025-02-22T17:08:01.489+0000] {dag.py:4180} INFO - Setting next_dagrun for tutorial_taskflow_templates to 2025-02-21 00:00:00+00:00, run_after=2025-02-22 00:00:00+00:00
[2025-02-22T17:08:01.495+0000] {processor.py:208} INFO - Processing /home/airflow/.local/lib/python3.12/site-packages/airflow/example_dags/tutorial_taskflow_templates.py took 0.031 seconds
[2025-02-22T17:08:32.520+0000] {processor.py:186} INFO - Started process (PID=453) to work on /home/airflow/.local/lib/python3.12/site-packages/airflow/example_dags/tutorial_taskflow_templates.py
[2025-02-22T17:08:32.520+0000] {processor.py:914} INFO - Processing file /home/airflow/.local/lib/python3.12/site-packages/airflow/example_dags/tutorial_taskflow_templates.py for tasks to queue
[2025-02-22T17:08:32.521+0000] {logging_mixin.py:190} INFO - [2025-02-22T17:08:32.521+0000] {dagbag.py:588} INFO - Filling up the DagBag from /home/airflow/.local/lib/python3.12/site-packages/airflow/example_dags/tutorial_taskflow_templates.py
[2025-02-22T17:08:32.526+0000] {processor.py:925} INFO - DAG(s) 'tutorial_taskflow_templates' retrieved from /home/airflow/.local/lib/python3.12/site-packages/airflow/example_dags/tutorial_taskflow_templates.py
[2025-02-22T17:08:32.535+0000] {logging_mixin.py:190} INFO - [2025-02-22T17:08:32.535+0000] {dag.py:3239} INFO - Sync 1 DAGs
[2025-02-22T17:08:32.544+0000] {logging_mixin.py:190} INFO - [2025-02-22T17:08:32.543+0000] {dag.py:4180} INFO - Setting next_dagrun for tutorial_taskflow_templates to 2025-02-21 00:00:00+00:00, run_after=2025-02-22 00:00:00+00:00
[2025-02-22T17:08:32.550+0000] {processor.py:208} INFO - Processing /home/airflow/.local/lib/python3.12/site-packages/airflow/example_dags/tutorial_taskflow_templates.py took 0.032 seconds
[2025-02-22T17:09:03.489+0000] {processor.py:186} INFO - Started process (PID=516) to work on /home/airflow/.local/lib/python3.12/site-packages/airflow/example_dags/tutorial_taskflow_templates.py
[2025-02-22T17:09:03.491+0000] {processor.py:914} INFO - Processing file /home/airflow/.local/lib/python3.12/site-packages/airflow/example_dags/tutorial_taskflow_templates.py for tasks to queue
[2025-02-22T17:09:03.492+0000] {logging_mixin.py:190} INFO - [2025-02-22T17:09:03.492+0000] {dagbag.py:588} INFO - Filling up the DagBag from /home/airflow/.local/lib/python3.12/site-packages/airflow/example_dags/tutorial_taskflow_templates.py
[2025-02-22T17:09:03.497+0000] {processor.py:925} INFO - DAG(s) 'tutorial_taskflow_templates' retrieved from /home/airflow/.local/lib/python3.12/site-packages/airflow/example_dags/tutorial_taskflow_templates.py
[2025-02-22T17:09:03.506+0000] {logging_mixin.py:190} INFO - [2025-02-22T17:09:03.506+0000] {dag.py:3239} INFO - Sync 1 DAGs
[2025-02-22T17:09:03.515+0000] {logging_mixin.py:190} INFO - [2025-02-22T17:09:03.515+0000] {dag.py:4180} INFO - Setting next_dagrun for tutorial_taskflow_templates to 2025-02-21 00:00:00+00:00, run_after=2025-02-22 00:00:00+00:00
[2025-02-22T17:09:03.521+0000] {processor.py:208} INFO - Processing /home/airflow/.local/lib/python3.12/site-packages/airflow/example_dags/tutorial_taskflow_templates.py took 0.035 seconds
[2025-02-22T17:09:34.541+0000] {processor.py:186} INFO - Started process (PID=579) to work on /home/airflow/.local/lib/python3.12/site-packages/airflow/example_dags/tutorial_taskflow_templates.py
[2025-02-22T17:09:34.542+0000] {processor.py:914} INFO - Processing file /home/airflow/.local/lib/python3.12/site-packages/airflow/example_dags/tutorial_taskflow_templates.py for tasks to queue
[2025-02-22T17:09:34.543+0000] {logging_mixin.py:190} INFO - [2025-02-22T17:09:34.543+0000] {dagbag.py:588} INFO - Filling up the DagBag from /home/airflow/.local/lib/python3.12/site-packages/airflow/example_dags/tutorial_taskflow_templates.py
[2025-02-22T17:09:34.549+0000] {processor.py:925} INFO - DAG(s) 'tutorial_taskflow_templates' retrieved from /home/airflow/.local/lib/python3.12/site-packages/airflow/example_dags/tutorial_taskflow_templates.py
[2025-02-22T17:09:34.558+0000] {logging_mixin.py:190} INFO - [2025-02-22T17:09:34.558+0000] {dag.py:3239} INFO - Sync 1 DAGs
[2025-02-22T17:09:34.566+0000] {logging_mixin.py:190} INFO - [2025-02-22T17:09:34.566+0000] {dag.py:4180} INFO - Setting next_dagrun for tutorial_taskflow_templates to 2025-02-21 00:00:00+00:00, run_after=2025-02-22 00:00:00+00:00
[2025-02-22T17:09:34.572+0000] {processor.py:208} INFO - Processing /home/airflow/.local/lib/python3.12/site-packages/airflow/example_dags/tutorial_taskflow_templates.py took 0.034 seconds
[2025-02-22T17:10:05.499+0000] {processor.py:186} INFO - Started process (PID=642) to work on /home/airflow/.local/lib/python3.12/site-packages/airflow/example_dags/tutorial_taskflow_templates.py
[2025-02-22T17:10:05.500+0000] {processor.py:914} INFO - Processing file /home/airflow/.local/lib/python3.12/site-packages/airflow/example_dags/tutorial_taskflow_templates.py for tasks to queue
[2025-02-22T17:10:05.501+0000] {logging_mixin.py:190} INFO - [2025-02-22T17:10:05.501+0000] {dagbag.py:588} INFO - Filling up the DagBag from /home/airflow/.local/lib/python3.12/site-packages/airflow/example_dags/tutorial_taskflow_templates.py
[2025-02-22T17:10:05.506+0000] {processor.py:925} INFO - DAG(s) 'tutorial_taskflow_templates' retrieved from /home/airflow/.local/lib/python3.12/site-packages/airflow/example_dags/tutorial_taskflow_templates.py
[2025-02-22T17:10:05.515+0000] {logging_mixin.py:190} INFO - [2025-02-22T17:10:05.514+0000] {dag.py:3239} INFO - Sync 1 DAGs
[2025-02-22T17:10:05.522+0000] {logging_mixin.py:190} INFO - [2025-02-22T17:10:05.522+0000] {dag.py:4180} INFO - Setting next_dagrun for tutorial_taskflow_templates to 2025-02-21 00:00:00+00:00, run_after=2025-02-22 00:00:00+00:00
[2025-02-22T17:10:05.529+0000] {processor.py:208} INFO - Processing /home/airflow/.local/lib/python3.12/site-packages/airflow/example_dags/tutorial_taskflow_templates.py took 0.032 seconds
[2025-02-22T17:10:36.561+0000] {processor.py:186} INFO - Started process (PID=705) to work on /home/airflow/.local/lib/python3.12/site-packages/airflow/example_dags/tutorial_taskflow_templates.py
[2025-02-22T17:10:36.562+0000] {processor.py:914} INFO - Processing file /home/airflow/.local/lib/python3.12/site-packages/airflow/example_dags/tutorial_taskflow_templates.py for tasks to queue
[2025-02-22T17:10:36.563+0000] {logging_mixin.py:190} INFO - [2025-02-22T17:10:36.563+0000] {dagbag.py:588} INFO - Filling up the DagBag from /home/airflow/.local/lib/python3.12/site-packages/airflow/example_dags/tutorial_taskflow_templates.py
[2025-02-22T17:10:36.568+0000] {processor.py:925} INFO - DAG(s) 'tutorial_taskflow_templates' retrieved from /home/airflow/.local/lib/python3.12/site-packages/airflow/example_dags/tutorial_taskflow_templates.py
[2025-02-22T17:10:36.575+0000] {logging_mixin.py:190} INFO - [2025-02-22T17:10:36.575+0000] {dag.py:3239} INFO - Sync 1 DAGs
[2025-02-22T17:10:36.583+0000] {logging_mixin.py:190} INFO - [2025-02-22T17:10:36.583+0000] {dag.py:4180} INFO - Setting next_dagrun for tutorial_taskflow_templates to 2025-02-21 00:00:00+00:00, run_after=2025-02-22 00:00:00+00:00
[2025-02-22T17:10:36.589+0000] {processor.py:208} INFO - Processing /home/airflow/.local/lib/python3.12/site-packages/airflow/example_dags/tutorial_taskflow_templates.py took 0.030 seconds
[2025-02-22T17:11:07.547+0000] {processor.py:186} INFO - Started process (PID=768) to work on /home/airflow/.local/lib/python3.12/site-packages/airflow/example_dags/tutorial_taskflow_templates.py
[2025-02-22T17:11:07.548+0000] {processor.py:914} INFO - Processing file /home/airflow/.local/lib/python3.12/site-packages/airflow/example_dags/tutorial_taskflow_templates.py for tasks to queue
[2025-02-22T17:11:07.549+0000] {logging_mixin.py:190} INFO - [2025-02-22T17:11:07.549+0000] {dagbag.py:588} INFO - Filling up the DagBag from /home/airflow/.local/lib/python3.12/site-packages/airflow/example_dags/tutorial_taskflow_templates.py
[2025-02-22T17:11:07.554+0000] {processor.py:925} INFO - DAG(s) 'tutorial_taskflow_templates' retrieved from /home/airflow/.local/lib/python3.12/site-packages/airflow/example_dags/tutorial_taskflow_templates.py
[2025-02-22T17:11:07.561+0000] {logging_mixin.py:190} INFO - [2025-02-22T17:11:07.561+0000] {dag.py:3239} INFO - Sync 1 DAGs
[2025-02-22T17:11:07.569+0000] {logging_mixin.py:190} INFO - [2025-02-22T17:11:07.569+0000] {dag.py:4180} INFO - Setting next_dagrun for tutorial_taskflow_templates to 2025-02-21 00:00:00+00:00, run_after=2025-02-22 00:00:00+00:00
[2025-02-22T17:11:07.575+0000] {processor.py:208} INFO - Processing /home/airflow/.local/lib/python3.12/site-packages/airflow/example_dags/tutorial_taskflow_templates.py took 0.031 seconds
[2025-02-22T17:11:38.525+0000] {processor.py:186} INFO - Started process (PID=831) to work on /home/airflow/.local/lib/python3.12/site-packages/airflow/example_dags/tutorial_taskflow_templates.py
[2025-02-22T17:11:38.525+0000] {processor.py:914} INFO - Processing file /home/airflow/.local/lib/python3.12/site-packages/airflow/example_dags/tutorial_taskflow_templates.py for tasks to queue
[2025-02-22T17:11:38.526+0000] {logging_mixin.py:190} INFO - [2025-02-22T17:11:38.526+0000] {dagbag.py:588} INFO - Filling up the DagBag from /home/airflow/.local/lib/python3.12/site-packages/airflow/example_dags/tutorial_taskflow_templates.py
[2025-02-22T17:11:38.531+0000] {processor.py:925} INFO - DAG(s) 'tutorial_taskflow_templates' retrieved from /home/airflow/.local/lib/python3.12/site-packages/airflow/example_dags/tutorial_taskflow_templates.py
[2025-02-22T17:11:38.541+0000] {logging_mixin.py:190} INFO - [2025-02-22T17:11:38.540+0000] {dag.py:3239} INFO - Sync 1 DAGs
[2025-02-22T17:11:38.548+0000] {logging_mixin.py:190} INFO - [2025-02-22T17:11:38.548+0000] {dag.py:4180} INFO - Setting next_dagrun for tutorial_taskflow_templates to 2025-02-21 00:00:00+00:00, run_after=2025-02-22 00:00:00+00:00
[2025-02-22T17:11:38.555+0000] {processor.py:208} INFO - Processing /home/airflow/.local/lib/python3.12/site-packages/airflow/example_dags/tutorial_taskflow_templates.py took 0.032 seconds
[2025-02-22T17:12:09.507+0000] {processor.py:186} INFO - Started process (PID=894) to work on /home/airflow/.local/lib/python3.12/site-packages/airflow/example_dags/tutorial_taskflow_templates.py
[2025-02-22T17:12:09.508+0000] {processor.py:914} INFO - Processing file /home/airflow/.local/lib/python3.12/site-packages/airflow/example_dags/tutorial_taskflow_templates.py for tasks to queue
[2025-02-22T17:12:09.509+0000] {logging_mixin.py:190} INFO - [2025-02-22T17:12:09.508+0000] {dagbag.py:588} INFO - Filling up the DagBag from /home/airflow/.local/lib/python3.12/site-packages/airflow/example_dags/tutorial_taskflow_templates.py
[2025-02-22T17:12:09.514+0000] {processor.py:925} INFO - DAG(s) 'tutorial_taskflow_templates' retrieved from /home/airflow/.local/lib/python3.12/site-packages/airflow/example_dags/tutorial_taskflow_templates.py
[2025-02-22T17:12:09.523+0000] {logging_mixin.py:190} INFO - [2025-02-22T17:12:09.523+0000] {dag.py:3239} INFO - Sync 1 DAGs
[2025-02-22T17:12:09.531+0000] {logging_mixin.py:190} INFO - [2025-02-22T17:12:09.531+0000] {dag.py:4180} INFO - Setting next_dagrun for tutorial_taskflow_templates to 2025-02-21 00:00:00+00:00, run_after=2025-02-22 00:00:00+00:00
[2025-02-22T17:12:09.537+0000] {processor.py:208} INFO - Processing /home/airflow/.local/lib/python3.12/site-packages/airflow/example_dags/tutorial_taskflow_templates.py took 0.033 seconds
[2025-02-22T17:12:40.573+0000] {processor.py:186} INFO - Started process (PID=957) to work on /home/airflow/.local/lib/python3.12/site-packages/airflow/example_dags/tutorial_taskflow_templates.py
[2025-02-22T17:12:40.575+0000] {processor.py:914} INFO - Processing file /home/airflow/.local/lib/python3.12/site-packages/airflow/example_dags/tutorial_taskflow_templates.py for tasks to queue
[2025-02-22T17:12:40.576+0000] {logging_mixin.py:190} INFO - [2025-02-22T17:12:40.575+0000] {dagbag.py:588} INFO - Filling up the DagBag from /home/airflow/.local/lib/python3.12/site-packages/airflow/example_dags/tutorial_taskflow_templates.py
[2025-02-22T17:12:40.581+0000] {processor.py:925} INFO - DAG(s) 'tutorial_taskflow_templates' retrieved from /home/airflow/.local/lib/python3.12/site-packages/airflow/example_dags/tutorial_taskflow_templates.py
[2025-02-22T17:12:40.588+0000] {logging_mixin.py:190} INFO - [2025-02-22T17:12:40.588+0000] {dag.py:3239} INFO - Sync 1 DAGs
[2025-02-22T17:12:40.596+0000] {logging_mixin.py:190} INFO - [2025-02-22T17:12:40.596+0000] {dag.py:4180} INFO - Setting next_dagrun for tutorial_taskflow_templates to 2025-02-21 00:00:00+00:00, run_after=2025-02-22 00:00:00+00:00
[2025-02-22T17:12:40.602+0000] {processor.py:208} INFO - Processing /home/airflow/.local/lib/python3.12/site-packages/airflow/example_dags/tutorial_taskflow_templates.py took 0.031 seconds
[2025-02-22T17:13:11.545+0000] {processor.py:186} INFO - Started process (PID=1020) to work on /home/airflow/.local/lib/python3.12/site-packages/airflow/example_dags/tutorial_taskflow_templates.py
[2025-02-22T17:13:11.546+0000] {processor.py:914} INFO - Processing file /home/airflow/.local/lib/python3.12/site-packages/airflow/example_dags/tutorial_taskflow_templates.py for tasks to queue
[2025-02-22T17:13:11.547+0000] {logging_mixin.py:190} INFO - [2025-02-22T17:13:11.547+0000] {dagbag.py:588} INFO - Filling up the DagBag from /home/airflow/.local/lib/python3.12/site-packages/airflow/example_dags/tutorial_taskflow_templates.py
[2025-02-22T17:13:11.553+0000] {processor.py:925} INFO - DAG(s) 'tutorial_taskflow_templates' retrieved from /home/airflow/.local/lib/python3.12/site-packages/airflow/example_dags/tutorial_taskflow_templates.py
[2025-02-22T17:13:11.562+0000] {logging_mixin.py:190} INFO - [2025-02-22T17:13:11.562+0000] {dag.py:3239} INFO - Sync 1 DAGs
[2025-02-22T17:13:11.570+0000] {logging_mixin.py:190} INFO - [2025-02-22T17:13:11.569+0000] {dag.py:4180} INFO - Setting next_dagrun for tutorial_taskflow_templates to 2025-02-21 00:00:00+00:00, run_after=2025-02-22 00:00:00+00:00
[2025-02-22T17:13:11.576+0000] {processor.py:208} INFO - Processing /home/airflow/.local/lib/python3.12/site-packages/airflow/example_dags/tutorial_taskflow_templates.py took 0.033 seconds
[2025-02-22T17:15:55.555+0000] {processor.py:186} INFO - Started process (PID=71) to work on /home/airflow/.local/lib/python3.12/site-packages/airflow/example_dags/tutorial_taskflow_templates.py
[2025-02-22T17:15:55.556+0000] {processor.py:914} INFO - Processing file /home/airflow/.local/lib/python3.12/site-packages/airflow/example_dags/tutorial_taskflow_templates.py for tasks to queue
[2025-02-22T17:15:55.557+0000] {logging_mixin.py:190} INFO - [2025-02-22T17:15:55.556+0000] {dagbag.py:588} INFO - Filling up the DagBag from /home/airflow/.local/lib/python3.12/site-packages/airflow/example_dags/tutorial_taskflow_templates.py
[2025-02-22T17:15:55.562+0000] {processor.py:925} INFO - DAG(s) 'tutorial_taskflow_templates' retrieved from /home/airflow/.local/lib/python3.12/site-packages/airflow/example_dags/tutorial_taskflow_templates.py
[2025-02-22T17:15:55.571+0000] {logging_mixin.py:190} INFO - [2025-02-22T17:15:55.571+0000] {dag.py:3239} INFO - Sync 1 DAGs
[2025-02-22T17:15:55.579+0000] {logging_mixin.py:190} INFO - [2025-02-22T17:15:55.579+0000] {dag.py:4180} INFO - Setting next_dagrun for tutorial_taskflow_templates to 2025-02-21 00:00:00+00:00, run_after=2025-02-22 00:00:00+00:00
[2025-02-22T17:15:55.588+0000] {processor.py:208} INFO - Processing /home/airflow/.local/lib/python3.12/site-packages/airflow/example_dags/tutorial_taskflow_templates.py took 0.035 seconds
[2025-02-22T17:16:25.616+0000] {processor.py:186} INFO - Started process (PID=133) to work on /home/airflow/.local/lib/python3.12/site-packages/airflow/example_dags/tutorial_taskflow_templates.py
[2025-02-22T17:16:25.617+0000] {processor.py:914} INFO - Processing file /home/airflow/.local/lib/python3.12/site-packages/airflow/example_dags/tutorial_taskflow_templates.py for tasks to queue
[2025-02-22T17:16:25.618+0000] {logging_mixin.py:190} INFO - [2025-02-22T17:16:25.618+0000] {dagbag.py:588} INFO - Filling up the DagBag from /home/airflow/.local/lib/python3.12/site-packages/airflow/example_dags/tutorial_taskflow_templates.py
[2025-02-22T17:16:25.624+0000] {processor.py:925} INFO - DAG(s) 'tutorial_taskflow_templates' retrieved from /home/airflow/.local/lib/python3.12/site-packages/airflow/example_dags/tutorial_taskflow_templates.py
[2025-02-22T17:16:25.634+0000] {logging_mixin.py:190} INFO - [2025-02-22T17:16:25.634+0000] {dag.py:3239} INFO - Sync 1 DAGs
[2025-02-22T17:16:25.643+0000] {logging_mixin.py:190} INFO - [2025-02-22T17:16:25.643+0000] {dag.py:4180} INFO - Setting next_dagrun for tutorial_taskflow_templates to 2025-02-21 00:00:00+00:00, run_after=2025-02-22 00:00:00+00:00
[2025-02-22T17:16:25.649+0000] {processor.py:208} INFO - Processing /home/airflow/.local/lib/python3.12/site-packages/airflow/example_dags/tutorial_taskflow_templates.py took 0.035 seconds
[2025-02-22T17:16:55.673+0000] {processor.py:186} INFO - Started process (PID=195) to work on /home/airflow/.local/lib/python3.12/site-packages/airflow/example_dags/tutorial_taskflow_templates.py
[2025-02-22T17:16:55.673+0000] {processor.py:914} INFO - Processing file /home/airflow/.local/lib/python3.12/site-packages/airflow/example_dags/tutorial_taskflow_templates.py for tasks to queue
[2025-02-22T17:16:55.674+0000] {logging_mixin.py:190} INFO - [2025-02-22T17:16:55.674+0000] {dagbag.py:588} INFO - Filling up the DagBag from /home/airflow/.local/lib/python3.12/site-packages/airflow/example_dags/tutorial_taskflow_templates.py
[2025-02-22T17:16:55.680+0000] {processor.py:925} INFO - DAG(s) 'tutorial_taskflow_templates' retrieved from /home/airflow/.local/lib/python3.12/site-packages/airflow/example_dags/tutorial_taskflow_templates.py
[2025-02-22T17:16:55.687+0000] {logging_mixin.py:190} INFO - [2025-02-22T17:16:55.687+0000] {dag.py:3239} INFO - Sync 1 DAGs
[2025-02-22T17:16:55.695+0000] {logging_mixin.py:190} INFO - [2025-02-22T17:16:55.695+0000] {dag.py:4180} INFO - Setting next_dagrun for tutorial_taskflow_templates to 2025-02-21 00:00:00+00:00, run_after=2025-02-22 00:00:00+00:00
[2025-02-22T17:16:55.704+0000] {processor.py:208} INFO - Processing /home/airflow/.local/lib/python3.12/site-packages/airflow/example_dags/tutorial_taskflow_templates.py took 0.033 seconds
[2025-02-22T17:17:26.849+0000] {processor.py:186} INFO - Started process (PID=258) to work on /home/airflow/.local/lib/python3.12/site-packages/airflow/example_dags/tutorial_taskflow_templates.py
[2025-02-22T17:17:26.850+0000] {processor.py:914} INFO - Processing file /home/airflow/.local/lib/python3.12/site-packages/airflow/example_dags/tutorial_taskflow_templates.py for tasks to queue
[2025-02-22T17:17:26.850+0000] {logging_mixin.py:190} INFO - [2025-02-22T17:17:26.850+0000] {dagbag.py:588} INFO - Filling up the DagBag from /home/airflow/.local/lib/python3.12/site-packages/airflow/example_dags/tutorial_taskflow_templates.py
[2025-02-22T17:17:26.855+0000] {processor.py:925} INFO - DAG(s) 'tutorial_taskflow_templates' retrieved from /home/airflow/.local/lib/python3.12/site-packages/airflow/example_dags/tutorial_taskflow_templates.py
[2025-02-22T17:17:26.863+0000] {logging_mixin.py:190} INFO - [2025-02-22T17:17:26.863+0000] {dag.py:3239} INFO - Sync 1 DAGs
[2025-02-22T17:17:26.872+0000] {logging_mixin.py:190} INFO - [2025-02-22T17:17:26.872+0000] {dag.py:4180} INFO - Setting next_dagrun for tutorial_taskflow_templates to 2025-02-21 00:00:00+00:00, run_after=2025-02-22 00:00:00+00:00
[2025-02-22T17:17:26.879+0000] {processor.py:208} INFO - Processing /home/airflow/.local/lib/python3.12/site-packages/airflow/example_dags/tutorial_taskflow_templates.py took 0.032 seconds
[2025-02-22T17:17:57.037+0000] {processor.py:186} INFO - Started process (PID=321) to work on /home/airflow/.local/lib/python3.12/site-packages/airflow/example_dags/tutorial_taskflow_templates.py
[2025-02-22T17:17:57.037+0000] {processor.py:914} INFO - Processing file /home/airflow/.local/lib/python3.12/site-packages/airflow/example_dags/tutorial_taskflow_templates.py for tasks to queue
[2025-02-22T17:17:57.038+0000] {logging_mixin.py:190} INFO - [2025-02-22T17:17:57.038+0000] {dagbag.py:588} INFO - Filling up the DagBag from /home/airflow/.local/lib/python3.12/site-packages/airflow/example_dags/tutorial_taskflow_templates.py
[2025-02-22T17:17:57.043+0000] {processor.py:925} INFO - DAG(s) 'tutorial_taskflow_templates' retrieved from /home/airflow/.local/lib/python3.12/site-packages/airflow/example_dags/tutorial_taskflow_templates.py
[2025-02-22T17:17:57.051+0000] {logging_mixin.py:190} INFO - [2025-02-22T17:17:57.051+0000] {dag.py:3239} INFO - Sync 1 DAGs
[2025-02-22T17:17:57.059+0000] {logging_mixin.py:190} INFO - [2025-02-22T17:17:57.059+0000] {dag.py:4180} INFO - Setting next_dagrun for tutorial_taskflow_templates to 2025-02-21 00:00:00+00:00, run_after=2025-02-22 00:00:00+00:00
[2025-02-22T17:17:57.065+0000] {processor.py:208} INFO - Processing /home/airflow/.local/lib/python3.12/site-packages/airflow/example_dags/tutorial_taskflow_templates.py took 0.030 seconds
[2025-02-22T17:18:27.139+0000] {processor.py:186} INFO - Started process (PID=383) to work on /home/airflow/.local/lib/python3.12/site-packages/airflow/example_dags/tutorial_taskflow_templates.py
[2025-02-22T17:18:27.139+0000] {processor.py:914} INFO - Processing file /home/airflow/.local/lib/python3.12/site-packages/airflow/example_dags/tutorial_taskflow_templates.py for tasks to queue
[2025-02-22T17:18:27.140+0000] {logging_mixin.py:190} INFO - [2025-02-22T17:18:27.140+0000] {dagbag.py:588} INFO - Filling up the DagBag from /home/airflow/.local/lib/python3.12/site-packages/airflow/example_dags/tutorial_taskflow_templates.py
[2025-02-22T17:18:27.145+0000] {processor.py:925} INFO - DAG(s) 'tutorial_taskflow_templates' retrieved from /home/airflow/.local/lib/python3.12/site-packages/airflow/example_dags/tutorial_taskflow_templates.py
[2025-02-22T17:18:27.152+0000] {logging_mixin.py:190} INFO - [2025-02-22T17:18:27.152+0000] {dag.py:3239} INFO - Sync 1 DAGs
[2025-02-22T17:18:27.161+0000] {logging_mixin.py:190} INFO - [2025-02-22T17:18:27.160+0000] {dag.py:4180} INFO - Setting next_dagrun for tutorial_taskflow_templates to 2025-02-21 00:00:00+00:00, run_after=2025-02-22 00:00:00+00:00
[2025-02-22T17:18:27.166+0000] {processor.py:208} INFO - Processing /home/airflow/.local/lib/python3.12/site-packages/airflow/example_dags/tutorial_taskflow_templates.py took 0.030 seconds
[2025-02-22T17:18:57.185+0000] {processor.py:186} INFO - Started process (PID=445) to work on /home/airflow/.local/lib/python3.12/site-packages/airflow/example_dags/tutorial_taskflow_templates.py
[2025-02-22T17:18:57.185+0000] {processor.py:914} INFO - Processing file /home/airflow/.local/lib/python3.12/site-packages/airflow/example_dags/tutorial_taskflow_templates.py for tasks to queue
[2025-02-22T17:18:57.186+0000] {logging_mixin.py:190} INFO - [2025-02-22T17:18:57.186+0000] {dagbag.py:588} INFO - Filling up the DagBag from /home/airflow/.local/lib/python3.12/site-packages/airflow/example_dags/tutorial_taskflow_templates.py
[2025-02-22T17:18:57.190+0000] {processor.py:925} INFO - DAG(s) 'tutorial_taskflow_templates' retrieved from /home/airflow/.local/lib/python3.12/site-packages/airflow/example_dags/tutorial_taskflow_templates.py
[2025-02-22T17:18:57.197+0000] {logging_mixin.py:190} INFO - [2025-02-22T17:18:57.197+0000] {dag.py:3239} INFO - Sync 1 DAGs
[2025-02-22T17:18:57.204+0000] {logging_mixin.py:190} INFO - [2025-02-22T17:18:57.204+0000] {dag.py:4180} INFO - Setting next_dagrun for tutorial_taskflow_templates to 2025-02-21 00:00:00+00:00, run_after=2025-02-22 00:00:00+00:00
[2025-02-22T17:18:57.210+0000] {processor.py:208} INFO - Processing /home/airflow/.local/lib/python3.12/site-packages/airflow/example_dags/tutorial_taskflow_templates.py took 0.027 seconds
[2025-02-22T17:19:27.260+0000] {processor.py:186} INFO - Started process (PID=508) to work on /home/airflow/.local/lib/python3.12/site-packages/airflow/example_dags/tutorial_taskflow_templates.py
[2025-02-22T17:19:27.261+0000] {processor.py:914} INFO - Processing file /home/airflow/.local/lib/python3.12/site-packages/airflow/example_dags/tutorial_taskflow_templates.py for tasks to queue
[2025-02-22T17:19:27.262+0000] {logging_mixin.py:190} INFO - [2025-02-22T17:19:27.262+0000] {dagbag.py:588} INFO - Filling up the DagBag from /home/airflow/.local/lib/python3.12/site-packages/airflow/example_dags/tutorial_taskflow_templates.py
[2025-02-22T17:19:27.268+0000] {processor.py:925} INFO - DAG(s) 'tutorial_taskflow_templates' retrieved from /home/airflow/.local/lib/python3.12/site-packages/airflow/example_dags/tutorial_taskflow_templates.py
[2025-02-22T17:19:27.277+0000] {logging_mixin.py:190} INFO - [2025-02-22T17:19:27.277+0000] {dag.py:3239} INFO - Sync 1 DAGs
[2025-02-22T17:19:27.286+0000] {logging_mixin.py:190} INFO - [2025-02-22T17:19:27.286+0000] {dag.py:4180} INFO - Setting next_dagrun for tutorial_taskflow_templates to 2025-02-21 00:00:00+00:00, run_after=2025-02-22 00:00:00+00:00
[2025-02-22T17:19:27.291+0000] {processor.py:208} INFO - Processing /home/airflow/.local/lib/python3.12/site-packages/airflow/example_dags/tutorial_taskflow_templates.py took 0.033 seconds
[2025-02-22T17:19:57.420+0000] {processor.py:186} INFO - Started process (PID=571) to work on /home/airflow/.local/lib/python3.12/site-packages/airflow/example_dags/tutorial_taskflow_templates.py
[2025-02-22T17:19:57.421+0000] {processor.py:914} INFO - Processing file /home/airflow/.local/lib/python3.12/site-packages/airflow/example_dags/tutorial_taskflow_templates.py for tasks to queue
[2025-02-22T17:19:57.422+0000] {logging_mixin.py:190} INFO - [2025-02-22T17:19:57.422+0000] {dagbag.py:588} INFO - Filling up the DagBag from /home/airflow/.local/lib/python3.12/site-packages/airflow/example_dags/tutorial_taskflow_templates.py
[2025-02-22T17:19:57.427+0000] {processor.py:925} INFO - DAG(s) 'tutorial_taskflow_templates' retrieved from /home/airflow/.local/lib/python3.12/site-packages/airflow/example_dags/tutorial_taskflow_templates.py
[2025-02-22T17:19:57.437+0000] {logging_mixin.py:190} INFO - [2025-02-22T17:19:57.437+0000] {dag.py:3239} INFO - Sync 1 DAGs
[2025-02-22T17:19:57.445+0000] {logging_mixin.py:190} INFO - [2025-02-22T17:19:57.445+0000] {dag.py:4180} INFO - Setting next_dagrun for tutorial_taskflow_templates to 2025-02-21 00:00:00+00:00, run_after=2025-02-22 00:00:00+00:00
[2025-02-22T17:19:57.454+0000] {processor.py:208} INFO - Processing /home/airflow/.local/lib/python3.12/site-packages/airflow/example_dags/tutorial_taskflow_templates.py took 0.036 seconds
[2025-02-22T17:20:27.545+0000] {processor.py:186} INFO - Started process (PID=634) to work on /home/airflow/.local/lib/python3.12/site-packages/airflow/example_dags/tutorial_taskflow_templates.py
[2025-02-22T17:20:27.546+0000] {processor.py:914} INFO - Processing file /home/airflow/.local/lib/python3.12/site-packages/airflow/example_dags/tutorial_taskflow_templates.py for tasks to queue
[2025-02-22T17:20:27.546+0000] {logging_mixin.py:190} INFO - [2025-02-22T17:20:27.546+0000] {dagbag.py:588} INFO - Filling up the DagBag from /home/airflow/.local/lib/python3.12/site-packages/airflow/example_dags/tutorial_taskflow_templates.py
[2025-02-22T17:20:27.551+0000] {processor.py:925} INFO - DAG(s) 'tutorial_taskflow_templates' retrieved from /home/airflow/.local/lib/python3.12/site-packages/airflow/example_dags/tutorial_taskflow_templates.py
[2025-02-22T17:20:27.558+0000] {logging_mixin.py:190} INFO - [2025-02-22T17:20:27.558+0000] {dag.py:3239} INFO - Sync 1 DAGs
[2025-02-22T17:20:27.565+0000] {logging_mixin.py:190} INFO - [2025-02-22T17:20:27.565+0000] {dag.py:4180} INFO - Setting next_dagrun for tutorial_taskflow_templates to 2025-02-21 00:00:00+00:00, run_after=2025-02-22 00:00:00+00:00
[2025-02-22T17:20:27.570+0000] {processor.py:208} INFO - Processing /home/airflow/.local/lib/python3.12/site-packages/airflow/example_dags/tutorial_taskflow_templates.py took 0.027 seconds
[2025-02-22T17:20:57.694+0000] {processor.py:186} INFO - Started process (PID=696) to work on /home/airflow/.local/lib/python3.12/site-packages/airflow/example_dags/tutorial_taskflow_templates.py
[2025-02-22T17:20:57.695+0000] {processor.py:914} INFO - Processing file /home/airflow/.local/lib/python3.12/site-packages/airflow/example_dags/tutorial_taskflow_templates.py for tasks to queue
[2025-02-22T17:20:57.696+0000] {logging_mixin.py:190} INFO - [2025-02-22T17:20:57.695+0000] {dagbag.py:588} INFO - Filling up the DagBag from /home/airflow/.local/lib/python3.12/site-packages/airflow/example_dags/tutorial_taskflow_templates.py
[2025-02-22T17:20:57.700+0000] {processor.py:925} INFO - DAG(s) 'tutorial_taskflow_templates' retrieved from /home/airflow/.local/lib/python3.12/site-packages/airflow/example_dags/tutorial_taskflow_templates.py
[2025-02-22T17:20:57.706+0000] {logging_mixin.py:190} INFO - [2025-02-22T17:20:57.706+0000] {dag.py:3239} INFO - Sync 1 DAGs
[2025-02-22T17:20:57.713+0000] {logging_mixin.py:190} INFO - [2025-02-22T17:20:57.713+0000] {dag.py:4180} INFO - Setting next_dagrun for tutorial_taskflow_templates to 2025-02-21 00:00:00+00:00, run_after=2025-02-22 00:00:00+00:00
[2025-02-22T17:20:57.718+0000] {processor.py:208} INFO - Processing /home/airflow/.local/lib/python3.12/site-packages/airflow/example_dags/tutorial_taskflow_templates.py took 0.027 seconds
[2025-02-22T17:21:27.898+0000] {processor.py:186} INFO - Started process (PID=759) to work on /home/airflow/.local/lib/python3.12/site-packages/airflow/example_dags/tutorial_taskflow_templates.py
[2025-02-22T17:21:27.899+0000] {processor.py:914} INFO - Processing file /home/airflow/.local/lib/python3.12/site-packages/airflow/example_dags/tutorial_taskflow_templates.py for tasks to queue
[2025-02-22T17:21:27.900+0000] {logging_mixin.py:190} INFO - [2025-02-22T17:21:27.900+0000] {dagbag.py:588} INFO - Filling up the DagBag from /home/airflow/.local/lib/python3.12/site-packages/airflow/example_dags/tutorial_taskflow_templates.py
[2025-02-22T17:21:27.905+0000] {processor.py:925} INFO - DAG(s) 'tutorial_taskflow_templates' retrieved from /home/airflow/.local/lib/python3.12/site-packages/airflow/example_dags/tutorial_taskflow_templates.py
[2025-02-22T17:21:27.914+0000] {logging_mixin.py:190} INFO - [2025-02-22T17:21:27.914+0000] {dag.py:3239} INFO - Sync 1 DAGs
[2025-02-22T17:21:27.922+0000] {logging_mixin.py:190} INFO - [2025-02-22T17:21:27.922+0000] {dag.py:4180} INFO - Setting next_dagrun for tutorial_taskflow_templates to 2025-02-21 00:00:00+00:00, run_after=2025-02-22 00:00:00+00:00
[2025-02-22T17:21:27.927+0000] {processor.py:208} INFO - Processing /home/airflow/.local/lib/python3.12/site-packages/airflow/example_dags/tutorial_taskflow_templates.py took 0.031 seconds
[2025-02-22T17:21:58.164+0000] {processor.py:186} INFO - Started process (PID=822) to work on /home/airflow/.local/lib/python3.12/site-packages/airflow/example_dags/tutorial_taskflow_templates.py
[2025-02-22T17:21:58.165+0000] {processor.py:914} INFO - Processing file /home/airflow/.local/lib/python3.12/site-packages/airflow/example_dags/tutorial_taskflow_templates.py for tasks to queue
[2025-02-22T17:21:58.166+0000] {logging_mixin.py:190} INFO - [2025-02-22T17:21:58.166+0000] {dagbag.py:588} INFO - Filling up the DagBag from /home/airflow/.local/lib/python3.12/site-packages/airflow/example_dags/tutorial_taskflow_templates.py
[2025-02-22T17:21:58.171+0000] {processor.py:925} INFO - DAG(s) 'tutorial_taskflow_templates' retrieved from /home/airflow/.local/lib/python3.12/site-packages/airflow/example_dags/tutorial_taskflow_templates.py
[2025-02-22T17:21:58.179+0000] {logging_mixin.py:190} INFO - [2025-02-22T17:21:58.179+0000] {dag.py:3239} INFO - Sync 1 DAGs
[2025-02-22T17:21:58.187+0000] {logging_mixin.py:190} INFO - [2025-02-22T17:21:58.187+0000] {dag.py:4180} INFO - Setting next_dagrun for tutorial_taskflow_templates to 2025-02-21 00:00:00+00:00, run_after=2025-02-22 00:00:00+00:00
[2025-02-22T17:21:58.193+0000] {processor.py:208} INFO - Processing /home/airflow/.local/lib/python3.12/site-packages/airflow/example_dags/tutorial_taskflow_templates.py took 0.031 seconds
[2025-02-22T17:22:28.397+0000] {processor.py:186} INFO - Started process (PID=885) to work on /home/airflow/.local/lib/python3.12/site-packages/airflow/example_dags/tutorial_taskflow_templates.py
[2025-02-22T17:22:28.398+0000] {processor.py:914} INFO - Processing file /home/airflow/.local/lib/python3.12/site-packages/airflow/example_dags/tutorial_taskflow_templates.py for tasks to queue
[2025-02-22T17:22:28.398+0000] {logging_mixin.py:190} INFO - [2025-02-22T17:22:28.398+0000] {dagbag.py:588} INFO - Filling up the DagBag from /home/airflow/.local/lib/python3.12/site-packages/airflow/example_dags/tutorial_taskflow_templates.py
[2025-02-22T17:22:28.403+0000] {processor.py:925} INFO - DAG(s) 'tutorial_taskflow_templates' retrieved from /home/airflow/.local/lib/python3.12/site-packages/airflow/example_dags/tutorial_taskflow_templates.py
[2025-02-22T17:22:28.409+0000] {logging_mixin.py:190} INFO - [2025-02-22T17:22:28.409+0000] {dag.py:3239} INFO - Sync 1 DAGs
[2025-02-22T17:22:28.417+0000] {logging_mixin.py:190} INFO - [2025-02-22T17:22:28.416+0000] {dag.py:4180} INFO - Setting next_dagrun for tutorial_taskflow_templates to 2025-02-21 00:00:00+00:00, run_after=2025-02-22 00:00:00+00:00
[2025-02-22T17:22:28.422+0000] {processor.py:208} INFO - Processing /home/airflow/.local/lib/python3.12/site-packages/airflow/example_dags/tutorial_taskflow_templates.py took 0.027 seconds
[2025-02-22T17:22:58.614+0000] {processor.py:186} INFO - Started process (PID=954) to work on /home/airflow/.local/lib/python3.12/site-packages/airflow/example_dags/tutorial_taskflow_templates.py
[2025-02-22T17:22:58.614+0000] {processor.py:914} INFO - Processing file /home/airflow/.local/lib/python3.12/site-packages/airflow/example_dags/tutorial_taskflow_templates.py for tasks to queue
[2025-02-22T17:22:58.615+0000] {logging_mixin.py:190} INFO - [2025-02-22T17:22:58.615+0000] {dagbag.py:588} INFO - Filling up the DagBag from /home/airflow/.local/lib/python3.12/site-packages/airflow/example_dags/tutorial_taskflow_templates.py
[2025-02-22T17:22:58.620+0000] {processor.py:925} INFO - DAG(s) 'tutorial_taskflow_templates' retrieved from /home/airflow/.local/lib/python3.12/site-packages/airflow/example_dags/tutorial_taskflow_templates.py
[2025-02-22T17:22:58.627+0000] {logging_mixin.py:190} INFO - [2025-02-22T17:22:58.627+0000] {dag.py:3239} INFO - Sync 1 DAGs
[2025-02-22T17:22:58.639+0000] {logging_mixin.py:190} INFO - [2025-02-22T17:22:58.639+0000] {dag.py:4180} INFO - Setting next_dagrun for tutorial_taskflow_templates to 2025-02-21 00:00:00+00:00, run_after=2025-02-22 00:00:00+00:00
[2025-02-22T17:22:58.646+0000] {processor.py:208} INFO - Processing /home/airflow/.local/lib/python3.12/site-packages/airflow/example_dags/tutorial_taskflow_templates.py took 0.034 seconds
[2025-02-22T17:23:28.845+0000] {processor.py:186} INFO - Started process (PID=1017) to work on /home/airflow/.local/lib/python3.12/site-packages/airflow/example_dags/tutorial_taskflow_templates.py
[2025-02-22T17:23:28.846+0000] {processor.py:914} INFO - Processing file /home/airflow/.local/lib/python3.12/site-packages/airflow/example_dags/tutorial_taskflow_templates.py for tasks to queue
[2025-02-22T17:23:28.847+0000] {logging_mixin.py:190} INFO - [2025-02-22T17:23:28.847+0000] {dagbag.py:588} INFO - Filling up the DagBag from /home/airflow/.local/lib/python3.12/site-packages/airflow/example_dags/tutorial_taskflow_templates.py
[2025-02-22T17:23:28.853+0000] {processor.py:925} INFO - DAG(s) 'tutorial_taskflow_templates' retrieved from /home/airflow/.local/lib/python3.12/site-packages/airflow/example_dags/tutorial_taskflow_templates.py
[2025-02-22T17:23:28.862+0000] {logging_mixin.py:190} INFO - [2025-02-22T17:23:28.862+0000] {dag.py:3239} INFO - Sync 1 DAGs
[2025-02-22T17:23:28.870+0000] {logging_mixin.py:190} INFO - [2025-02-22T17:23:28.870+0000] {dag.py:4180} INFO - Setting next_dagrun for tutorial_taskflow_templates to 2025-02-21 00:00:00+00:00, run_after=2025-02-22 00:00:00+00:00
[2025-02-22T17:23:28.878+0000] {processor.py:208} INFO - Processing /home/airflow/.local/lib/python3.12/site-packages/airflow/example_dags/tutorial_taskflow_templates.py took 0.035 seconds
[2025-02-22T17:23:59.102+0000] {processor.py:186} INFO - Started process (PID=1080) to work on /home/airflow/.local/lib/python3.12/site-packages/airflow/example_dags/tutorial_taskflow_templates.py
[2025-02-22T17:23:59.103+0000] {processor.py:914} INFO - Processing file /home/airflow/.local/lib/python3.12/site-packages/airflow/example_dags/tutorial_taskflow_templates.py for tasks to queue
[2025-02-22T17:23:59.104+0000] {logging_mixin.py:190} INFO - [2025-02-22T17:23:59.104+0000] {dagbag.py:588} INFO - Filling up the DagBag from /home/airflow/.local/lib/python3.12/site-packages/airflow/example_dags/tutorial_taskflow_templates.py
[2025-02-22T17:23:59.110+0000] {processor.py:925} INFO - DAG(s) 'tutorial_taskflow_templates' retrieved from /home/airflow/.local/lib/python3.12/site-packages/airflow/example_dags/tutorial_taskflow_templates.py
[2025-02-22T17:23:59.117+0000] {logging_mixin.py:190} INFO - [2025-02-22T17:23:59.117+0000] {dag.py:3239} INFO - Sync 1 DAGs
[2025-02-22T17:23:59.124+0000] {logging_mixin.py:190} INFO - [2025-02-22T17:23:59.124+0000] {dag.py:4180} INFO - Setting next_dagrun for tutorial_taskflow_templates to 2025-02-21 00:00:00+00:00, run_after=2025-02-22 00:00:00+00:00
[2025-02-22T17:23:59.130+0000] {processor.py:208} INFO - Processing /home/airflow/.local/lib/python3.12/site-packages/airflow/example_dags/tutorial_taskflow_templates.py took 0.030 seconds
[2025-02-22T17:24:29.311+0000] {processor.py:186} INFO - Started process (PID=1142) to work on /home/airflow/.local/lib/python3.12/site-packages/airflow/example_dags/tutorial_taskflow_templates.py
[2025-02-22T17:24:29.312+0000] {processor.py:914} INFO - Processing file /home/airflow/.local/lib/python3.12/site-packages/airflow/example_dags/tutorial_taskflow_templates.py for tasks to queue
[2025-02-22T17:24:29.313+0000] {logging_mixin.py:190} INFO - [2025-02-22T17:24:29.313+0000] {dagbag.py:588} INFO - Filling up the DagBag from /home/airflow/.local/lib/python3.12/site-packages/airflow/example_dags/tutorial_taskflow_templates.py
[2025-02-22T17:24:29.318+0000] {processor.py:925} INFO - DAG(s) 'tutorial_taskflow_templates' retrieved from /home/airflow/.local/lib/python3.12/site-packages/airflow/example_dags/tutorial_taskflow_templates.py
[2025-02-22T17:24:29.327+0000] {logging_mixin.py:190} INFO - [2025-02-22T17:24:29.327+0000] {dag.py:3239} INFO - Sync 1 DAGs
[2025-02-22T17:24:29.335+0000] {logging_mixin.py:190} INFO - [2025-02-22T17:24:29.335+0000] {dag.py:4180} INFO - Setting next_dagrun for tutorial_taskflow_templates to 2025-02-21 00:00:00+00:00, run_after=2025-02-22 00:00:00+00:00
[2025-02-22T17:24:29.340+0000] {processor.py:208} INFO - Processing /home/airflow/.local/lib/python3.12/site-packages/airflow/example_dags/tutorial_taskflow_templates.py took 0.031 seconds
[2025-02-22T17:24:59.547+0000] {processor.py:186} INFO - Started process (PID=1205) to work on /home/airflow/.local/lib/python3.12/site-packages/airflow/example_dags/tutorial_taskflow_templates.py
[2025-02-22T17:24:59.547+0000] {processor.py:914} INFO - Processing file /home/airflow/.local/lib/python3.12/site-packages/airflow/example_dags/tutorial_taskflow_templates.py for tasks to queue
[2025-02-22T17:24:59.549+0000] {logging_mixin.py:190} INFO - [2025-02-22T17:24:59.549+0000] {dagbag.py:588} INFO - Filling up the DagBag from /home/airflow/.local/lib/python3.12/site-packages/airflow/example_dags/tutorial_taskflow_templates.py
[2025-02-22T17:24:59.555+0000] {processor.py:925} INFO - DAG(s) 'tutorial_taskflow_templates' retrieved from /home/airflow/.local/lib/python3.12/site-packages/airflow/example_dags/tutorial_taskflow_templates.py
[2025-02-22T17:24:59.566+0000] {logging_mixin.py:190} INFO - [2025-02-22T17:24:59.566+0000] {dag.py:3239} INFO - Sync 1 DAGs
[2025-02-22T17:24:59.575+0000] {logging_mixin.py:190} INFO - [2025-02-22T17:24:59.575+0000] {dag.py:4180} INFO - Setting next_dagrun for tutorial_taskflow_templates to 2025-02-21 00:00:00+00:00, run_after=2025-02-22 00:00:00+00:00
[2025-02-22T17:24:59.580+0000] {processor.py:208} INFO - Processing /home/airflow/.local/lib/python3.12/site-packages/airflow/example_dags/tutorial_taskflow_templates.py took 0.036 seconds
[2025-02-22T17:25:29.845+0000] {processor.py:186} INFO - Started process (PID=1268) to work on /home/airflow/.local/lib/python3.12/site-packages/airflow/example_dags/tutorial_taskflow_templates.py
[2025-02-22T17:25:29.845+0000] {processor.py:914} INFO - Processing file /home/airflow/.local/lib/python3.12/site-packages/airflow/example_dags/tutorial_taskflow_templates.py for tasks to queue
[2025-02-22T17:25:29.846+0000] {logging_mixin.py:190} INFO - [2025-02-22T17:25:29.846+0000] {dagbag.py:588} INFO - Filling up the DagBag from /home/airflow/.local/lib/python3.12/site-packages/airflow/example_dags/tutorial_taskflow_templates.py
[2025-02-22T17:25:29.850+0000] {processor.py:925} INFO - DAG(s) 'tutorial_taskflow_templates' retrieved from /home/airflow/.local/lib/python3.12/site-packages/airflow/example_dags/tutorial_taskflow_templates.py
[2025-02-22T17:25:29.857+0000] {logging_mixin.py:190} INFO - [2025-02-22T17:25:29.857+0000] {dag.py:3239} INFO - Sync 1 DAGs
[2025-02-22T17:25:29.864+0000] {logging_mixin.py:190} INFO - [2025-02-22T17:25:29.864+0000] {dag.py:4180} INFO - Setting next_dagrun for tutorial_taskflow_templates to 2025-02-21 00:00:00+00:00, run_after=2025-02-22 00:00:00+00:00
[2025-02-22T17:25:29.870+0000] {processor.py:208} INFO - Processing /home/airflow/.local/lib/python3.12/site-packages/airflow/example_dags/tutorial_taskflow_templates.py took 0.027 seconds
[2025-02-22T17:26:00.108+0000] {processor.py:186} INFO - Started process (PID=1331) to work on /home/airflow/.local/lib/python3.12/site-packages/airflow/example_dags/tutorial_taskflow_templates.py
[2025-02-22T17:26:00.109+0000] {processor.py:914} INFO - Processing file /home/airflow/.local/lib/python3.12/site-packages/airflow/example_dags/tutorial_taskflow_templates.py for tasks to queue
[2025-02-22T17:26:00.111+0000] {logging_mixin.py:190} INFO - [2025-02-22T17:26:00.111+0000] {dagbag.py:588} INFO - Filling up the DagBag from /home/airflow/.local/lib/python3.12/site-packages/airflow/example_dags/tutorial_taskflow_templates.py
[2025-02-22T17:26:00.115+0000] {processor.py:925} INFO - DAG(s) 'tutorial_taskflow_templates' retrieved from /home/airflow/.local/lib/python3.12/site-packages/airflow/example_dags/tutorial_taskflow_templates.py
[2025-02-22T17:26:00.123+0000] {logging_mixin.py:190} INFO - [2025-02-22T17:26:00.123+0000] {dag.py:3239} INFO - Sync 1 DAGs
[2025-02-22T17:26:00.131+0000] {logging_mixin.py:190} INFO - [2025-02-22T17:26:00.131+0000] {dag.py:4180} INFO - Setting next_dagrun for tutorial_taskflow_templates to 2025-02-21 00:00:00+00:00, run_after=2025-02-22 00:00:00+00:00
[2025-02-22T17:26:00.136+0000] {processor.py:208} INFO - Processing /home/airflow/.local/lib/python3.12/site-packages/airflow/example_dags/tutorial_taskflow_templates.py took 0.030 seconds
[2025-02-22T17:26:30.257+0000] {processor.py:186} INFO - Started process (PID=1394) to work on /home/airflow/.local/lib/python3.12/site-packages/airflow/example_dags/tutorial_taskflow_templates.py
[2025-02-22T17:26:30.257+0000] {processor.py:914} INFO - Processing file /home/airflow/.local/lib/python3.12/site-packages/airflow/example_dags/tutorial_taskflow_templates.py for tasks to queue
[2025-02-22T17:26:30.258+0000] {logging_mixin.py:190} INFO - [2025-02-22T17:26:30.258+0000] {dagbag.py:588} INFO - Filling up the DagBag from /home/airflow/.local/lib/python3.12/site-packages/airflow/example_dags/tutorial_taskflow_templates.py
[2025-02-22T17:26:30.263+0000] {processor.py:925} INFO - DAG(s) 'tutorial_taskflow_templates' retrieved from /home/airflow/.local/lib/python3.12/site-packages/airflow/example_dags/tutorial_taskflow_templates.py
[2025-02-22T17:26:30.271+0000] {logging_mixin.py:190} INFO - [2025-02-22T17:26:30.271+0000] {dag.py:3239} INFO - Sync 1 DAGs
[2025-02-22T17:26:30.278+0000] {logging_mixin.py:190} INFO - [2025-02-22T17:26:30.278+0000] {dag.py:4180} INFO - Setting next_dagrun for tutorial_taskflow_templates to 2025-02-21 00:00:00+00:00, run_after=2025-02-22 00:00:00+00:00
[2025-02-22T17:26:30.284+0000] {processor.py:208} INFO - Processing /home/airflow/.local/lib/python3.12/site-packages/airflow/example_dags/tutorial_taskflow_templates.py took 0.029 seconds
