[2025-02-22T17:05:27.598+0000] {processor.py:186} INFO - Started process (PID=82) to work on /home/airflow/.local/lib/python3.12/site-packages/airflow/example_dags/tutorial_dag.py
[2025-02-22T17:05:27.600+0000] {processor.py:914} INFO - Processing file /home/airflow/.local/lib/python3.12/site-packages/airflow/example_dags/tutorial_dag.py for tasks to queue
[2025-02-22T17:05:27.602+0000] {logging_mixin.py:190} INFO - [2025-02-22T17:05:27.602+0000] {dagbag.py:588} INFO - Filling up the DagBag from /home/airflow/.local/lib/python3.12/site-packages/airflow/example_dags/tutorial_dag.py
[2025-02-22T17:05:27.605+0000] {processor.py:925} INFO - DAG(s) 'tutorial_dag' retrieved from /home/airflow/.local/lib/python3.12/site-packages/airflow/example_dags/tutorial_dag.py
[2025-02-22T17:05:27.645+0000] {logging_mixin.py:190} INFO - [2025-02-22T17:05:27.645+0000] {override.py:1912} INFO - Created Permission View: can edit on DAG:tutorial_dag
[2025-02-22T17:05:27.648+0000] {logging_mixin.py:190} INFO - [2025-02-22T17:05:27.648+0000] {override.py:1912} INFO - Created Permission View: can delete on DAG:tutorial_dag
[2025-02-22T17:05:27.650+0000] {logging_mixin.py:190} INFO - [2025-02-22T17:05:27.650+0000] {override.py:1912} INFO - Created Permission View: can read on DAG:tutorial_dag
[2025-02-22T17:05:27.652+0000] {logging_mixin.py:190} INFO - [2025-02-22T17:05:27.652+0000] {override.py:1912} INFO - Created Permission View: menu access on DAG Run:tutorial_dag
[2025-02-22T17:05:27.653+0000] {logging_mixin.py:190} INFO - [2025-02-22T17:05:27.653+0000] {override.py:1912} INFO - Created Permission View: can create on DAG Run:tutorial_dag
[2025-02-22T17:05:27.655+0000] {logging_mixin.py:190} INFO - [2025-02-22T17:05:27.655+0000] {override.py:1912} INFO - Created Permission View: can delete on DAG Run:tutorial_dag
[2025-02-22T17:05:27.656+0000] {logging_mixin.py:190} INFO - [2025-02-22T17:05:27.656+0000] {override.py:1912} INFO - Created Permission View: can read on DAG Run:tutorial_dag
[2025-02-22T17:05:27.657+0000] {logging_mixin.py:190} INFO - [2025-02-22T17:05:27.657+0000] {dag.py:3239} INFO - Sync 1 DAGs
[2025-02-22T17:05:27.661+0000] {logging_mixin.py:190} INFO - [2025-02-22T17:05:27.661+0000] {dag.py:3262} INFO - Creating ORM DAG for tutorial_dag
[2025-02-22T17:05:27.662+0000] {logging_mixin.py:190} INFO - [2025-02-22T17:05:27.662+0000] {dag.py:4180} INFO - Setting next_dagrun for tutorial_dag to None, run_after=None
[2025-02-22T17:05:27.667+0000] {processor.py:208} INFO - Processing /home/airflow/.local/lib/python3.12/site-packages/airflow/example_dags/tutorial_dag.py took 0.072 seconds
[2025-02-22T17:05:58.099+0000] {processor.py:186} INFO - Started process (PID=145) to work on /home/airflow/.local/lib/python3.12/site-packages/airflow/example_dags/tutorial_dag.py
[2025-02-22T17:05:58.100+0000] {processor.py:914} INFO - Processing file /home/airflow/.local/lib/python3.12/site-packages/airflow/example_dags/tutorial_dag.py for tasks to queue
[2025-02-22T17:05:58.104+0000] {logging_mixin.py:190} INFO - [2025-02-22T17:05:58.104+0000] {dagbag.py:588} INFO - Filling up the DagBag from /home/airflow/.local/lib/python3.12/site-packages/airflow/example_dags/tutorial_dag.py
[2025-02-22T17:05:58.107+0000] {processor.py:925} INFO - DAG(s) 'tutorial_dag' retrieved from /home/airflow/.local/lib/python3.12/site-packages/airflow/example_dags/tutorial_dag.py
[2025-02-22T17:05:58.114+0000] {logging_mixin.py:190} INFO - [2025-02-22T17:05:58.114+0000] {dag.py:3239} INFO - Sync 1 DAGs
[2025-02-22T17:05:58.120+0000] {logging_mixin.py:190} INFO - [2025-02-22T17:05:58.120+0000] {dag.py:4180} INFO - Setting next_dagrun for tutorial_dag to None, run_after=None
[2025-02-22T17:05:58.126+0000] {processor.py:208} INFO - Processing /home/airflow/.local/lib/python3.12/site-packages/airflow/example_dags/tutorial_dag.py took 0.030 seconds
[2025-02-22T17:06:28.383+0000] {processor.py:186} INFO - Started process (PID=208) to work on /home/airflow/.local/lib/python3.12/site-packages/airflow/example_dags/tutorial_dag.py
[2025-02-22T17:06:28.385+0000] {processor.py:914} INFO - Processing file /home/airflow/.local/lib/python3.12/site-packages/airflow/example_dags/tutorial_dag.py for tasks to queue
[2025-02-22T17:06:28.386+0000] {logging_mixin.py:190} INFO - [2025-02-22T17:06:28.386+0000] {dagbag.py:588} INFO - Filling up the DagBag from /home/airflow/.local/lib/python3.12/site-packages/airflow/example_dags/tutorial_dag.py
[2025-02-22T17:06:28.389+0000] {processor.py:925} INFO - DAG(s) 'tutorial_dag' retrieved from /home/airflow/.local/lib/python3.12/site-packages/airflow/example_dags/tutorial_dag.py
[2025-02-22T17:06:28.398+0000] {logging_mixin.py:190} INFO - [2025-02-22T17:06:28.398+0000] {dag.py:3239} INFO - Sync 1 DAGs
[2025-02-22T17:06:28.404+0000] {logging_mixin.py:190} INFO - [2025-02-22T17:06:28.404+0000] {dag.py:4180} INFO - Setting next_dagrun for tutorial_dag to None, run_after=None
[2025-02-22T17:06:28.412+0000] {processor.py:208} INFO - Processing /home/airflow/.local/lib/python3.12/site-packages/airflow/example_dags/tutorial_dag.py took 0.031 seconds
[2025-02-22T17:06:59.349+0000] {processor.py:186} INFO - Started process (PID=270) to work on /home/airflow/.local/lib/python3.12/site-packages/airflow/example_dags/tutorial_dag.py
[2025-02-22T17:06:59.349+0000] {processor.py:914} INFO - Processing file /home/airflow/.local/lib/python3.12/site-packages/airflow/example_dags/tutorial_dag.py for tasks to queue
[2025-02-22T17:06:59.350+0000] {logging_mixin.py:190} INFO - [2025-02-22T17:06:59.350+0000] {dagbag.py:588} INFO - Filling up the DagBag from /home/airflow/.local/lib/python3.12/site-packages/airflow/example_dags/tutorial_dag.py
[2025-02-22T17:06:59.352+0000] {processor.py:925} INFO - DAG(s) 'tutorial_dag' retrieved from /home/airflow/.local/lib/python3.12/site-packages/airflow/example_dags/tutorial_dag.py
[2025-02-22T17:06:59.359+0000] {logging_mixin.py:190} INFO - [2025-02-22T17:06:59.359+0000] {dag.py:3239} INFO - Sync 1 DAGs
[2025-02-22T17:06:59.363+0000] {logging_mixin.py:190} INFO - [2025-02-22T17:06:59.363+0000] {dag.py:4180} INFO - Setting next_dagrun for tutorial_dag to None, run_after=None
[2025-02-22T17:06:59.368+0000] {processor.py:208} INFO - Processing /home/airflow/.local/lib/python3.12/site-packages/airflow/example_dags/tutorial_dag.py took 0.021 seconds
[2025-02-22T17:07:30.516+0000] {processor.py:186} INFO - Started process (PID=333) to work on /home/airflow/.local/lib/python3.12/site-packages/airflow/example_dags/tutorial_dag.py
[2025-02-22T17:07:30.518+0000] {processor.py:914} INFO - Processing file /home/airflow/.local/lib/python3.12/site-packages/airflow/example_dags/tutorial_dag.py for tasks to queue
[2025-02-22T17:07:30.519+0000] {logging_mixin.py:190} INFO - [2025-02-22T17:07:30.519+0000] {dagbag.py:588} INFO - Filling up the DagBag from /home/airflow/.local/lib/python3.12/site-packages/airflow/example_dags/tutorial_dag.py
[2025-02-22T17:07:30.523+0000] {processor.py:925} INFO - DAG(s) 'tutorial_dag' retrieved from /home/airflow/.local/lib/python3.12/site-packages/airflow/example_dags/tutorial_dag.py
[2025-02-22T17:07:30.531+0000] {logging_mixin.py:190} INFO - [2025-02-22T17:07:30.531+0000] {dag.py:3239} INFO - Sync 1 DAGs
[2025-02-22T17:07:30.535+0000] {logging_mixin.py:190} INFO - [2025-02-22T17:07:30.535+0000] {dag.py:4180} INFO - Setting next_dagrun for tutorial_dag to None, run_after=None
[2025-02-22T17:07:30.542+0000] {processor.py:208} INFO - Processing /home/airflow/.local/lib/python3.12/site-packages/airflow/example_dags/tutorial_dag.py took 0.029 seconds
[2025-02-22T17:08:01.571+0000] {processor.py:186} INFO - Started process (PID=395) to work on /home/airflow/.local/lib/python3.12/site-packages/airflow/example_dags/tutorial_dag.py
[2025-02-22T17:08:01.572+0000] {processor.py:914} INFO - Processing file /home/airflow/.local/lib/python3.12/site-packages/airflow/example_dags/tutorial_dag.py for tasks to queue
[2025-02-22T17:08:01.572+0000] {logging_mixin.py:190} INFO - [2025-02-22T17:08:01.572+0000] {dagbag.py:588} INFO - Filling up the DagBag from /home/airflow/.local/lib/python3.12/site-packages/airflow/example_dags/tutorial_dag.py
[2025-02-22T17:08:01.575+0000] {processor.py:925} INFO - DAG(s) 'tutorial_dag' retrieved from /home/airflow/.local/lib/python3.12/site-packages/airflow/example_dags/tutorial_dag.py
[2025-02-22T17:08:01.581+0000] {logging_mixin.py:190} INFO - [2025-02-22T17:08:01.581+0000] {dag.py:3239} INFO - Sync 1 DAGs
[2025-02-22T17:08:01.586+0000] {logging_mixin.py:190} INFO - [2025-02-22T17:08:01.586+0000] {dag.py:4180} INFO - Setting next_dagrun for tutorial_dag to None, run_after=None
[2025-02-22T17:08:01.591+0000] {processor.py:208} INFO - Processing /home/airflow/.local/lib/python3.12/site-packages/airflow/example_dags/tutorial_dag.py took 0.022 seconds
[2025-02-22T17:08:32.625+0000] {processor.py:186} INFO - Started process (PID=458) to work on /home/airflow/.local/lib/python3.12/site-packages/airflow/example_dags/tutorial_dag.py
[2025-02-22T17:08:32.625+0000] {processor.py:914} INFO - Processing file /home/airflow/.local/lib/python3.12/site-packages/airflow/example_dags/tutorial_dag.py for tasks to queue
[2025-02-22T17:08:32.626+0000] {logging_mixin.py:190} INFO - [2025-02-22T17:08:32.626+0000] {dagbag.py:588} INFO - Filling up the DagBag from /home/airflow/.local/lib/python3.12/site-packages/airflow/example_dags/tutorial_dag.py
[2025-02-22T17:08:32.628+0000] {processor.py:925} INFO - DAG(s) 'tutorial_dag' retrieved from /home/airflow/.local/lib/python3.12/site-packages/airflow/example_dags/tutorial_dag.py
[2025-02-22T17:08:32.635+0000] {logging_mixin.py:190} INFO - [2025-02-22T17:08:32.635+0000] {dag.py:3239} INFO - Sync 1 DAGs
[2025-02-22T17:08:32.641+0000] {logging_mixin.py:190} INFO - [2025-02-22T17:08:32.641+0000] {dag.py:4180} INFO - Setting next_dagrun for tutorial_dag to None, run_after=None
[2025-02-22T17:08:32.649+0000] {processor.py:208} INFO - Processing /home/airflow/.local/lib/python3.12/site-packages/airflow/example_dags/tutorial_dag.py took 0.026 seconds
[2025-02-22T17:09:03.601+0000] {processor.py:186} INFO - Started process (PID=521) to work on /home/airflow/.local/lib/python3.12/site-packages/airflow/example_dags/tutorial_dag.py
[2025-02-22T17:09:03.602+0000] {processor.py:914} INFO - Processing file /home/airflow/.local/lib/python3.12/site-packages/airflow/example_dags/tutorial_dag.py for tasks to queue
[2025-02-22T17:09:03.603+0000] {logging_mixin.py:190} INFO - [2025-02-22T17:09:03.602+0000] {dagbag.py:588} INFO - Filling up the DagBag from /home/airflow/.local/lib/python3.12/site-packages/airflow/example_dags/tutorial_dag.py
[2025-02-22T17:09:03.606+0000] {processor.py:925} INFO - DAG(s) 'tutorial_dag' retrieved from /home/airflow/.local/lib/python3.12/site-packages/airflow/example_dags/tutorial_dag.py
[2025-02-22T17:09:03.613+0000] {logging_mixin.py:190} INFO - [2025-02-22T17:09:03.613+0000] {dag.py:3239} INFO - Sync 1 DAGs
[2025-02-22T17:09:03.618+0000] {logging_mixin.py:190} INFO - [2025-02-22T17:09:03.618+0000] {dag.py:4180} INFO - Setting next_dagrun for tutorial_dag to None, run_after=None
[2025-02-22T17:09:03.624+0000] {processor.py:208} INFO - Processing /home/airflow/.local/lib/python3.12/site-packages/airflow/example_dags/tutorial_dag.py took 0.025 seconds
[2025-02-22T17:09:34.626+0000] {processor.py:186} INFO - Started process (PID=584) to work on /home/airflow/.local/lib/python3.12/site-packages/airflow/example_dags/tutorial_dag.py
[2025-02-22T17:09:34.626+0000] {processor.py:914} INFO - Processing file /home/airflow/.local/lib/python3.12/site-packages/airflow/example_dags/tutorial_dag.py for tasks to queue
[2025-02-22T17:09:34.627+0000] {logging_mixin.py:190} INFO - [2025-02-22T17:09:34.627+0000] {dagbag.py:588} INFO - Filling up the DagBag from /home/airflow/.local/lib/python3.12/site-packages/airflow/example_dags/tutorial_dag.py
[2025-02-22T17:09:34.630+0000] {processor.py:925} INFO - DAG(s) 'tutorial_dag' retrieved from /home/airflow/.local/lib/python3.12/site-packages/airflow/example_dags/tutorial_dag.py
[2025-02-22T17:09:34.640+0000] {logging_mixin.py:190} INFO - [2025-02-22T17:09:34.640+0000] {dag.py:3239} INFO - Sync 1 DAGs
[2025-02-22T17:09:34.645+0000] {logging_mixin.py:190} INFO - [2025-02-22T17:09:34.645+0000] {dag.py:4180} INFO - Setting next_dagrun for tutorial_dag to None, run_after=None
[2025-02-22T17:09:34.652+0000] {processor.py:208} INFO - Processing /home/airflow/.local/lib/python3.12/site-packages/airflow/example_dags/tutorial_dag.py took 0.028 seconds
[2025-02-22T17:10:05.602+0000] {processor.py:186} INFO - Started process (PID=647) to work on /home/airflow/.local/lib/python3.12/site-packages/airflow/example_dags/tutorial_dag.py
[2025-02-22T17:10:05.602+0000] {processor.py:914} INFO - Processing file /home/airflow/.local/lib/python3.12/site-packages/airflow/example_dags/tutorial_dag.py for tasks to queue
[2025-02-22T17:10:05.603+0000] {logging_mixin.py:190} INFO - [2025-02-22T17:10:05.603+0000] {dagbag.py:588} INFO - Filling up the DagBag from /home/airflow/.local/lib/python3.12/site-packages/airflow/example_dags/tutorial_dag.py
[2025-02-22T17:10:05.606+0000] {processor.py:925} INFO - DAG(s) 'tutorial_dag' retrieved from /home/airflow/.local/lib/python3.12/site-packages/airflow/example_dags/tutorial_dag.py
[2025-02-22T17:10:05.614+0000] {logging_mixin.py:190} INFO - [2025-02-22T17:10:05.614+0000] {dag.py:3239} INFO - Sync 1 DAGs
[2025-02-22T17:10:05.619+0000] {logging_mixin.py:190} INFO - [2025-02-22T17:10:05.619+0000] {dag.py:4180} INFO - Setting next_dagrun for tutorial_dag to None, run_after=None
[2025-02-22T17:10:05.624+0000] {processor.py:208} INFO - Processing /home/airflow/.local/lib/python3.12/site-packages/airflow/example_dags/tutorial_dag.py took 0.025 seconds
[2025-02-22T17:10:36.649+0000] {processor.py:186} INFO - Started process (PID=710) to work on /home/airflow/.local/lib/python3.12/site-packages/airflow/example_dags/tutorial_dag.py
[2025-02-22T17:10:36.651+0000] {processor.py:914} INFO - Processing file /home/airflow/.local/lib/python3.12/site-packages/airflow/example_dags/tutorial_dag.py for tasks to queue
[2025-02-22T17:10:36.651+0000] {logging_mixin.py:190} INFO - [2025-02-22T17:10:36.651+0000] {dagbag.py:588} INFO - Filling up the DagBag from /home/airflow/.local/lib/python3.12/site-packages/airflow/example_dags/tutorial_dag.py
[2025-02-22T17:10:36.654+0000] {processor.py:925} INFO - DAG(s) 'tutorial_dag' retrieved from /home/airflow/.local/lib/python3.12/site-packages/airflow/example_dags/tutorial_dag.py
[2025-02-22T17:10:36.662+0000] {logging_mixin.py:190} INFO - [2025-02-22T17:10:36.662+0000] {dag.py:3239} INFO - Sync 1 DAGs
[2025-02-22T17:10:36.666+0000] {logging_mixin.py:190} INFO - [2025-02-22T17:10:36.666+0000] {dag.py:4180} INFO - Setting next_dagrun for tutorial_dag to None, run_after=None
[2025-02-22T17:10:36.674+0000] {processor.py:208} INFO - Processing /home/airflow/.local/lib/python3.12/site-packages/airflow/example_dags/tutorial_dag.py took 0.027 seconds
[2025-02-22T17:11:07.652+0000] {processor.py:186} INFO - Started process (PID=773) to work on /home/airflow/.local/lib/python3.12/site-packages/airflow/example_dags/tutorial_dag.py
[2025-02-22T17:11:07.653+0000] {processor.py:914} INFO - Processing file /home/airflow/.local/lib/python3.12/site-packages/airflow/example_dags/tutorial_dag.py for tasks to queue
[2025-02-22T17:11:07.654+0000] {logging_mixin.py:190} INFO - [2025-02-22T17:11:07.654+0000] {dagbag.py:588} INFO - Filling up the DagBag from /home/airflow/.local/lib/python3.12/site-packages/airflow/example_dags/tutorial_dag.py
[2025-02-22T17:11:07.657+0000] {processor.py:925} INFO - DAG(s) 'tutorial_dag' retrieved from /home/airflow/.local/lib/python3.12/site-packages/airflow/example_dags/tutorial_dag.py
[2025-02-22T17:11:07.664+0000] {logging_mixin.py:190} INFO - [2025-02-22T17:11:07.664+0000] {dag.py:3239} INFO - Sync 1 DAGs
[2025-02-22T17:11:07.669+0000] {logging_mixin.py:190} INFO - [2025-02-22T17:11:07.669+0000] {dag.py:4180} INFO - Setting next_dagrun for tutorial_dag to None, run_after=None
[2025-02-22T17:11:07.675+0000] {processor.py:208} INFO - Processing /home/airflow/.local/lib/python3.12/site-packages/airflow/example_dags/tutorial_dag.py took 0.025 seconds
[2025-02-22T17:11:38.626+0000] {processor.py:186} INFO - Started process (PID=836) to work on /home/airflow/.local/lib/python3.12/site-packages/airflow/example_dags/tutorial_dag.py
[2025-02-22T17:11:38.627+0000] {processor.py:914} INFO - Processing file /home/airflow/.local/lib/python3.12/site-packages/airflow/example_dags/tutorial_dag.py for tasks to queue
[2025-02-22T17:11:38.628+0000] {logging_mixin.py:190} INFO - [2025-02-22T17:11:38.628+0000] {dagbag.py:588} INFO - Filling up the DagBag from /home/airflow/.local/lib/python3.12/site-packages/airflow/example_dags/tutorial_dag.py
[2025-02-22T17:11:38.631+0000] {processor.py:925} INFO - DAG(s) 'tutorial_dag' retrieved from /home/airflow/.local/lib/python3.12/site-packages/airflow/example_dags/tutorial_dag.py
[2025-02-22T17:11:38.640+0000] {logging_mixin.py:190} INFO - [2025-02-22T17:11:38.640+0000] {dag.py:3239} INFO - Sync 1 DAGs
[2025-02-22T17:11:38.645+0000] {logging_mixin.py:190} INFO - [2025-02-22T17:11:38.645+0000] {dag.py:4180} INFO - Setting next_dagrun for tutorial_dag to None, run_after=None
[2025-02-22T17:11:38.651+0000] {processor.py:208} INFO - Processing /home/airflow/.local/lib/python3.12/site-packages/airflow/example_dags/tutorial_dag.py took 0.027 seconds
[2025-02-22T17:12:09.607+0000] {processor.py:186} INFO - Started process (PID=899) to work on /home/airflow/.local/lib/python3.12/site-packages/airflow/example_dags/tutorial_dag.py
[2025-02-22T17:12:09.607+0000] {processor.py:914} INFO - Processing file /home/airflow/.local/lib/python3.12/site-packages/airflow/example_dags/tutorial_dag.py for tasks to queue
[2025-02-22T17:12:09.608+0000] {logging_mixin.py:190} INFO - [2025-02-22T17:12:09.608+0000] {dagbag.py:588} INFO - Filling up the DagBag from /home/airflow/.local/lib/python3.12/site-packages/airflow/example_dags/tutorial_dag.py
[2025-02-22T17:12:09.612+0000] {processor.py:925} INFO - DAG(s) 'tutorial_dag' retrieved from /home/airflow/.local/lib/python3.12/site-packages/airflow/example_dags/tutorial_dag.py
[2025-02-22T17:12:09.619+0000] {logging_mixin.py:190} INFO - [2025-02-22T17:12:09.619+0000] {dag.py:3239} INFO - Sync 1 DAGs
[2025-02-22T17:12:09.624+0000] {logging_mixin.py:190} INFO - [2025-02-22T17:12:09.624+0000] {dag.py:4180} INFO - Setting next_dagrun for tutorial_dag to None, run_after=None
[2025-02-22T17:12:09.633+0000] {processor.py:208} INFO - Processing /home/airflow/.local/lib/python3.12/site-packages/airflow/example_dags/tutorial_dag.py took 0.028 seconds
[2025-02-22T17:12:40.682+0000] {processor.py:186} INFO - Started process (PID=962) to work on /home/airflow/.local/lib/python3.12/site-packages/airflow/example_dags/tutorial_dag.py
[2025-02-22T17:12:40.684+0000] {processor.py:914} INFO - Processing file /home/airflow/.local/lib/python3.12/site-packages/airflow/example_dags/tutorial_dag.py for tasks to queue
[2025-02-22T17:12:40.685+0000] {logging_mixin.py:190} INFO - [2025-02-22T17:12:40.684+0000] {dagbag.py:588} INFO - Filling up the DagBag from /home/airflow/.local/lib/python3.12/site-packages/airflow/example_dags/tutorial_dag.py
[2025-02-22T17:12:40.688+0000] {processor.py:925} INFO - DAG(s) 'tutorial_dag' retrieved from /home/airflow/.local/lib/python3.12/site-packages/airflow/example_dags/tutorial_dag.py
[2025-02-22T17:12:40.695+0000] {logging_mixin.py:190} INFO - [2025-02-22T17:12:40.695+0000] {dag.py:3239} INFO - Sync 1 DAGs
[2025-02-22T17:12:40.700+0000] {logging_mixin.py:190} INFO - [2025-02-22T17:12:40.700+0000] {dag.py:4180} INFO - Setting next_dagrun for tutorial_dag to None, run_after=None
[2025-02-22T17:12:40.706+0000] {processor.py:208} INFO - Processing /home/airflow/.local/lib/python3.12/site-packages/airflow/example_dags/tutorial_dag.py took 0.026 seconds
[2025-02-22T17:13:11.648+0000] {processor.py:186} INFO - Started process (PID=1025) to work on /home/airflow/.local/lib/python3.12/site-packages/airflow/example_dags/tutorial_dag.py
[2025-02-22T17:13:11.650+0000] {processor.py:914} INFO - Processing file /home/airflow/.local/lib/python3.12/site-packages/airflow/example_dags/tutorial_dag.py for tasks to queue
[2025-02-22T17:13:11.651+0000] {logging_mixin.py:190} INFO - [2025-02-22T17:13:11.651+0000] {dagbag.py:588} INFO - Filling up the DagBag from /home/airflow/.local/lib/python3.12/site-packages/airflow/example_dags/tutorial_dag.py
[2025-02-22T17:13:11.655+0000] {processor.py:925} INFO - DAG(s) 'tutorial_dag' retrieved from /home/airflow/.local/lib/python3.12/site-packages/airflow/example_dags/tutorial_dag.py
[2025-02-22T17:13:11.661+0000] {logging_mixin.py:190} INFO - [2025-02-22T17:13:11.661+0000] {dag.py:3239} INFO - Sync 1 DAGs
[2025-02-22T17:13:11.666+0000] {logging_mixin.py:190} INFO - [2025-02-22T17:13:11.666+0000] {dag.py:4180} INFO - Setting next_dagrun for tutorial_dag to None, run_after=None
[2025-02-22T17:13:11.672+0000] {processor.py:208} INFO - Processing /home/airflow/.local/lib/python3.12/site-packages/airflow/example_dags/tutorial_dag.py took 0.026 seconds
[2025-02-22T17:15:55.690+0000] {processor.py:186} INFO - Started process (PID=76) to work on /home/airflow/.local/lib/python3.12/site-packages/airflow/example_dags/tutorial_dag.py
[2025-02-22T17:15:55.691+0000] {processor.py:914} INFO - Processing file /home/airflow/.local/lib/python3.12/site-packages/airflow/example_dags/tutorial_dag.py for tasks to queue
[2025-02-22T17:15:55.692+0000] {logging_mixin.py:190} INFO - [2025-02-22T17:15:55.692+0000] {dagbag.py:588} INFO - Filling up the DagBag from /home/airflow/.local/lib/python3.12/site-packages/airflow/example_dags/tutorial_dag.py
[2025-02-22T17:15:55.695+0000] {processor.py:925} INFO - DAG(s) 'tutorial_dag' retrieved from /home/airflow/.local/lib/python3.12/site-packages/airflow/example_dags/tutorial_dag.py
[2025-02-22T17:15:55.705+0000] {logging_mixin.py:190} INFO - [2025-02-22T17:15:55.705+0000] {dag.py:3239} INFO - Sync 1 DAGs
[2025-02-22T17:15:55.711+0000] {logging_mixin.py:190} INFO - [2025-02-22T17:15:55.711+0000] {dag.py:4180} INFO - Setting next_dagrun for tutorial_dag to None, run_after=None
[2025-02-22T17:15:55.717+0000] {processor.py:208} INFO - Processing /home/airflow/.local/lib/python3.12/site-packages/airflow/example_dags/tutorial_dag.py took 0.030 seconds
[2025-02-22T17:16:25.997+0000] {processor.py:186} INFO - Started process (PID=139) to work on /home/airflow/.local/lib/python3.12/site-packages/airflow/example_dags/tutorial_dag.py
[2025-02-22T17:16:25.999+0000] {processor.py:914} INFO - Processing file /home/airflow/.local/lib/python3.12/site-packages/airflow/example_dags/tutorial_dag.py for tasks to queue
[2025-02-22T17:16:26.001+0000] {logging_mixin.py:190} INFO - [2025-02-22T17:16:26.001+0000] {dagbag.py:588} INFO - Filling up the DagBag from /home/airflow/.local/lib/python3.12/site-packages/airflow/example_dags/tutorial_dag.py
[2025-02-22T17:16:26.004+0000] {processor.py:925} INFO - DAG(s) 'tutorial_dag' retrieved from /home/airflow/.local/lib/python3.12/site-packages/airflow/example_dags/tutorial_dag.py
[2025-02-22T17:16:26.017+0000] {logging_mixin.py:190} INFO - [2025-02-22T17:16:26.017+0000] {dag.py:3239} INFO - Sync 1 DAGs
[2025-02-22T17:16:26.023+0000] {logging_mixin.py:190} INFO - [2025-02-22T17:16:26.023+0000] {dag.py:4180} INFO - Setting next_dagrun for tutorial_dag to None, run_after=None
[2025-02-22T17:16:26.033+0000] {processor.py:208} INFO - Processing /home/airflow/.local/lib/python3.12/site-packages/airflow/example_dags/tutorial_dag.py took 0.038 seconds
[2025-02-22T17:16:57.085+0000] {processor.py:186} INFO - Started process (PID=202) to work on /home/airflow/.local/lib/python3.12/site-packages/airflow/example_dags/tutorial_dag.py
[2025-02-22T17:16:57.087+0000] {processor.py:914} INFO - Processing file /home/airflow/.local/lib/python3.12/site-packages/airflow/example_dags/tutorial_dag.py for tasks to queue
[2025-02-22T17:16:57.089+0000] {logging_mixin.py:190} INFO - [2025-02-22T17:16:57.089+0000] {dagbag.py:588} INFO - Filling up the DagBag from /home/airflow/.local/lib/python3.12/site-packages/airflow/example_dags/tutorial_dag.py
[2025-02-22T17:16:57.092+0000] {processor.py:925} INFO - DAG(s) 'tutorial_dag' retrieved from /home/airflow/.local/lib/python3.12/site-packages/airflow/example_dags/tutorial_dag.py
[2025-02-22T17:16:57.102+0000] {logging_mixin.py:190} INFO - [2025-02-22T17:16:57.102+0000] {dag.py:3239} INFO - Sync 1 DAGs
[2025-02-22T17:16:57.107+0000] {logging_mixin.py:190} INFO - [2025-02-22T17:16:57.107+0000] {dag.py:4180} INFO - Setting next_dagrun for tutorial_dag to None, run_after=None
[2025-02-22T17:16:57.116+0000] {processor.py:208} INFO - Processing /home/airflow/.local/lib/python3.12/site-packages/airflow/example_dags/tutorial_dag.py took 0.033 seconds
[2025-02-22T17:17:28.286+0000] {processor.py:186} INFO - Started process (PID=271) to work on /home/airflow/.local/lib/python3.12/site-packages/airflow/example_dags/tutorial_dag.py
[2025-02-22T17:17:28.287+0000] {processor.py:914} INFO - Processing file /home/airflow/.local/lib/python3.12/site-packages/airflow/example_dags/tutorial_dag.py for tasks to queue
[2025-02-22T17:17:28.288+0000] {logging_mixin.py:190} INFO - [2025-02-22T17:17:28.288+0000] {dagbag.py:588} INFO - Filling up the DagBag from /home/airflow/.local/lib/python3.12/site-packages/airflow/example_dags/tutorial_dag.py
[2025-02-22T17:17:28.293+0000] {processor.py:925} INFO - DAG(s) 'tutorial_dag' retrieved from /home/airflow/.local/lib/python3.12/site-packages/airflow/example_dags/tutorial_dag.py
[2025-02-22T17:17:28.303+0000] {logging_mixin.py:190} INFO - [2025-02-22T17:17:28.303+0000] {dag.py:3239} INFO - Sync 1 DAGs
[2025-02-22T17:17:28.309+0000] {logging_mixin.py:190} INFO - [2025-02-22T17:17:28.308+0000] {dag.py:4180} INFO - Setting next_dagrun for tutorial_dag to None, run_after=None
[2025-02-22T17:17:28.315+0000] {processor.py:208} INFO - Processing /home/airflow/.local/lib/python3.12/site-packages/airflow/example_dags/tutorial_dag.py took 0.032 seconds
[2025-02-22T17:17:58.607+0000] {processor.py:186} INFO - Started process (PID=334) to work on /home/airflow/.local/lib/python3.12/site-packages/airflow/example_dags/tutorial_dag.py
[2025-02-22T17:17:58.607+0000] {processor.py:914} INFO - Processing file /home/airflow/.local/lib/python3.12/site-packages/airflow/example_dags/tutorial_dag.py for tasks to queue
[2025-02-22T17:17:58.608+0000] {logging_mixin.py:190} INFO - [2025-02-22T17:17:58.608+0000] {dagbag.py:588} INFO - Filling up the DagBag from /home/airflow/.local/lib/python3.12/site-packages/airflow/example_dags/tutorial_dag.py
[2025-02-22T17:17:58.612+0000] {processor.py:925} INFO - DAG(s) 'tutorial_dag' retrieved from /home/airflow/.local/lib/python3.12/site-packages/airflow/example_dags/tutorial_dag.py
[2025-02-22T17:17:58.620+0000] {logging_mixin.py:190} INFO - [2025-02-22T17:17:58.619+0000] {dag.py:3239} INFO - Sync 1 DAGs
[2025-02-22T17:17:58.625+0000] {logging_mixin.py:190} INFO - [2025-02-22T17:17:58.625+0000] {dag.py:4180} INFO - Setting next_dagrun for tutorial_dag to None, run_after=None
[2025-02-22T17:17:58.632+0000] {processor.py:208} INFO - Processing /home/airflow/.local/lib/python3.12/site-packages/airflow/example_dags/tutorial_dag.py took 0.028 seconds
[2025-02-22T17:18:29.657+0000] {processor.py:186} INFO - Started process (PID=397) to work on /home/airflow/.local/lib/python3.12/site-packages/airflow/example_dags/tutorial_dag.py
[2025-02-22T17:18:29.658+0000] {processor.py:914} INFO - Processing file /home/airflow/.local/lib/python3.12/site-packages/airflow/example_dags/tutorial_dag.py for tasks to queue
[2025-02-22T17:18:29.661+0000] {logging_mixin.py:190} INFO - [2025-02-22T17:18:29.661+0000] {dagbag.py:588} INFO - Filling up the DagBag from /home/airflow/.local/lib/python3.12/site-packages/airflow/example_dags/tutorial_dag.py
[2025-02-22T17:18:29.665+0000] {processor.py:925} INFO - DAG(s) 'tutorial_dag' retrieved from /home/airflow/.local/lib/python3.12/site-packages/airflow/example_dags/tutorial_dag.py
[2025-02-22T17:18:29.673+0000] {logging_mixin.py:190} INFO - [2025-02-22T17:18:29.673+0000] {dag.py:3239} INFO - Sync 1 DAGs
[2025-02-22T17:18:29.677+0000] {logging_mixin.py:190} INFO - [2025-02-22T17:18:29.677+0000] {dag.py:4180} INFO - Setting next_dagrun for tutorial_dag to None, run_after=None
[2025-02-22T17:18:29.685+0000] {processor.py:208} INFO - Processing /home/airflow/.local/lib/python3.12/site-packages/airflow/example_dags/tutorial_dag.py took 0.030 seconds
[2025-02-22T17:19:00.886+0000] {processor.py:186} INFO - Started process (PID=460) to work on /home/airflow/.local/lib/python3.12/site-packages/airflow/example_dags/tutorial_dag.py
[2025-02-22T17:19:00.886+0000] {processor.py:914} INFO - Processing file /home/airflow/.local/lib/python3.12/site-packages/airflow/example_dags/tutorial_dag.py for tasks to queue
[2025-02-22T17:19:00.887+0000] {logging_mixin.py:190} INFO - [2025-02-22T17:19:00.887+0000] {dagbag.py:588} INFO - Filling up the DagBag from /home/airflow/.local/lib/python3.12/site-packages/airflow/example_dags/tutorial_dag.py
[2025-02-22T17:19:00.890+0000] {processor.py:925} INFO - DAG(s) 'tutorial_dag' retrieved from /home/airflow/.local/lib/python3.12/site-packages/airflow/example_dags/tutorial_dag.py
[2025-02-22T17:19:00.898+0000] {logging_mixin.py:190} INFO - [2025-02-22T17:19:00.898+0000] {dag.py:3239} INFO - Sync 1 DAGs
[2025-02-22T17:19:00.903+0000] {logging_mixin.py:190} INFO - [2025-02-22T17:19:00.903+0000] {dag.py:4180} INFO - Setting next_dagrun for tutorial_dag to None, run_after=None
[2025-02-22T17:19:00.910+0000] {processor.py:208} INFO - Processing /home/airflow/.local/lib/python3.12/site-packages/airflow/example_dags/tutorial_dag.py took 0.026 seconds
[2025-02-22T17:19:31.943+0000] {processor.py:186} INFO - Started process (PID=523) to work on /home/airflow/.local/lib/python3.12/site-packages/airflow/example_dags/tutorial_dag.py
[2025-02-22T17:19:31.944+0000] {processor.py:914} INFO - Processing file /home/airflow/.local/lib/python3.12/site-packages/airflow/example_dags/tutorial_dag.py for tasks to queue
[2025-02-22T17:19:31.945+0000] {logging_mixin.py:190} INFO - [2025-02-22T17:19:31.945+0000] {dagbag.py:588} INFO - Filling up the DagBag from /home/airflow/.local/lib/python3.12/site-packages/airflow/example_dags/tutorial_dag.py
[2025-02-22T17:19:31.948+0000] {processor.py:925} INFO - DAG(s) 'tutorial_dag' retrieved from /home/airflow/.local/lib/python3.12/site-packages/airflow/example_dags/tutorial_dag.py
[2025-02-22T17:19:31.956+0000] {logging_mixin.py:190} INFO - [2025-02-22T17:19:31.956+0000] {dag.py:3239} INFO - Sync 1 DAGs
[2025-02-22T17:19:31.963+0000] {logging_mixin.py:190} INFO - [2025-02-22T17:19:31.963+0000] {dag.py:4180} INFO - Setting next_dagrun for tutorial_dag to None, run_after=None
[2025-02-22T17:19:31.970+0000] {processor.py:208} INFO - Processing /home/airflow/.local/lib/python3.12/site-packages/airflow/example_dags/tutorial_dag.py took 0.029 seconds
[2025-02-22T17:20:03.133+0000] {processor.py:186} INFO - Started process (PID=586) to work on /home/airflow/.local/lib/python3.12/site-packages/airflow/example_dags/tutorial_dag.py
[2025-02-22T17:20:03.133+0000] {processor.py:914} INFO - Processing file /home/airflow/.local/lib/python3.12/site-packages/airflow/example_dags/tutorial_dag.py for tasks to queue
[2025-02-22T17:20:03.134+0000] {logging_mixin.py:190} INFO - [2025-02-22T17:20:03.134+0000] {dagbag.py:588} INFO - Filling up the DagBag from /home/airflow/.local/lib/python3.12/site-packages/airflow/example_dags/tutorial_dag.py
[2025-02-22T17:20:03.136+0000] {processor.py:925} INFO - DAG(s) 'tutorial_dag' retrieved from /home/airflow/.local/lib/python3.12/site-packages/airflow/example_dags/tutorial_dag.py
[2025-02-22T17:20:03.143+0000] {logging_mixin.py:190} INFO - [2025-02-22T17:20:03.143+0000] {dag.py:3239} INFO - Sync 1 DAGs
[2025-02-22T17:20:03.148+0000] {logging_mixin.py:190} INFO - [2025-02-22T17:20:03.148+0000] {dag.py:4180} INFO - Setting next_dagrun for tutorial_dag to None, run_after=None
[2025-02-22T17:20:03.153+0000] {processor.py:208} INFO - Processing /home/airflow/.local/lib/python3.12/site-packages/airflow/example_dags/tutorial_dag.py took 0.023 seconds
[2025-02-22T17:20:34.244+0000] {processor.py:186} INFO - Started process (PID=648) to work on /home/airflow/.local/lib/python3.12/site-packages/airflow/example_dags/tutorial_dag.py
[2025-02-22T17:20:34.244+0000] {processor.py:914} INFO - Processing file /home/airflow/.local/lib/python3.12/site-packages/airflow/example_dags/tutorial_dag.py for tasks to queue
[2025-02-22T17:20:34.245+0000] {logging_mixin.py:190} INFO - [2025-02-22T17:20:34.245+0000] {dagbag.py:588} INFO - Filling up the DagBag from /home/airflow/.local/lib/python3.12/site-packages/airflow/example_dags/tutorial_dag.py
[2025-02-22T17:20:34.249+0000] {processor.py:925} INFO - DAG(s) 'tutorial_dag' retrieved from /home/airflow/.local/lib/python3.12/site-packages/airflow/example_dags/tutorial_dag.py
[2025-02-22T17:20:34.257+0000] {logging_mixin.py:190} INFO - [2025-02-22T17:20:34.257+0000] {dag.py:3239} INFO - Sync 1 DAGs
[2025-02-22T17:20:34.262+0000] {logging_mixin.py:190} INFO - [2025-02-22T17:20:34.262+0000] {dag.py:4180} INFO - Setting next_dagrun for tutorial_dag to None, run_after=None
[2025-02-22T17:20:34.272+0000] {processor.py:208} INFO - Processing /home/airflow/.local/lib/python3.12/site-packages/airflow/example_dags/tutorial_dag.py took 0.031 seconds
[2025-02-22T17:21:05.440+0000] {processor.py:186} INFO - Started process (PID=711) to work on /home/airflow/.local/lib/python3.12/site-packages/airflow/example_dags/tutorial_dag.py
[2025-02-22T17:21:05.443+0000] {processor.py:914} INFO - Processing file /home/airflow/.local/lib/python3.12/site-packages/airflow/example_dags/tutorial_dag.py for tasks to queue
[2025-02-22T17:21:05.445+0000] {logging_mixin.py:190} INFO - [2025-02-22T17:21:05.445+0000] {dagbag.py:588} INFO - Filling up the DagBag from /home/airflow/.local/lib/python3.12/site-packages/airflow/example_dags/tutorial_dag.py
[2025-02-22T17:21:05.448+0000] {processor.py:925} INFO - DAG(s) 'tutorial_dag' retrieved from /home/airflow/.local/lib/python3.12/site-packages/airflow/example_dags/tutorial_dag.py
[2025-02-22T17:21:05.456+0000] {logging_mixin.py:190} INFO - [2025-02-22T17:21:05.456+0000] {dag.py:3239} INFO - Sync 1 DAGs
[2025-02-22T17:21:05.461+0000] {logging_mixin.py:190} INFO - [2025-02-22T17:21:05.461+0000] {dag.py:4180} INFO - Setting next_dagrun for tutorial_dag to None, run_after=None
[2025-02-22T17:21:05.468+0000] {processor.py:208} INFO - Processing /home/airflow/.local/lib/python3.12/site-packages/airflow/example_dags/tutorial_dag.py took 0.030 seconds
[2025-02-22T17:21:36.661+0000] {processor.py:186} INFO - Started process (PID=774) to work on /home/airflow/.local/lib/python3.12/site-packages/airflow/example_dags/tutorial_dag.py
[2025-02-22T17:21:36.664+0000] {processor.py:914} INFO - Processing file /home/airflow/.local/lib/python3.12/site-packages/airflow/example_dags/tutorial_dag.py for tasks to queue
[2025-02-22T17:21:36.665+0000] {logging_mixin.py:190} INFO - [2025-02-22T17:21:36.664+0000] {dagbag.py:588} INFO - Filling up the DagBag from /home/airflow/.local/lib/python3.12/site-packages/airflow/example_dags/tutorial_dag.py
[2025-02-22T17:21:36.668+0000] {processor.py:925} INFO - DAG(s) 'tutorial_dag' retrieved from /home/airflow/.local/lib/python3.12/site-packages/airflow/example_dags/tutorial_dag.py
[2025-02-22T17:21:36.676+0000] {logging_mixin.py:190} INFO - [2025-02-22T17:21:36.676+0000] {dag.py:3239} INFO - Sync 1 DAGs
[2025-02-22T17:21:36.680+0000] {logging_mixin.py:190} INFO - [2025-02-22T17:21:36.680+0000] {dag.py:4180} INFO - Setting next_dagrun for tutorial_dag to None, run_after=None
[2025-02-22T17:21:36.687+0000] {processor.py:208} INFO - Processing /home/airflow/.local/lib/python3.12/site-packages/airflow/example_dags/tutorial_dag.py took 0.029 seconds
[2025-02-22T17:22:07.934+0000] {processor.py:186} INFO - Started process (PID=837) to work on /home/airflow/.local/lib/python3.12/site-packages/airflow/example_dags/tutorial_dag.py
[2025-02-22T17:22:07.935+0000] {processor.py:914} INFO - Processing file /home/airflow/.local/lib/python3.12/site-packages/airflow/example_dags/tutorial_dag.py for tasks to queue
[2025-02-22T17:22:07.936+0000] {logging_mixin.py:190} INFO - [2025-02-22T17:22:07.936+0000] {dagbag.py:588} INFO - Filling up the DagBag from /home/airflow/.local/lib/python3.12/site-packages/airflow/example_dags/tutorial_dag.py
[2025-02-22T17:22:07.940+0000] {processor.py:925} INFO - DAG(s) 'tutorial_dag' retrieved from /home/airflow/.local/lib/python3.12/site-packages/airflow/example_dags/tutorial_dag.py
[2025-02-22T17:22:07.951+0000] {logging_mixin.py:190} INFO - [2025-02-22T17:22:07.951+0000] {dag.py:3239} INFO - Sync 1 DAGs
[2025-02-22T17:22:07.957+0000] {logging_mixin.py:190} INFO - [2025-02-22T17:22:07.957+0000] {dag.py:4180} INFO - Setting next_dagrun for tutorial_dag to None, run_after=None
[2025-02-22T17:22:07.963+0000] {processor.py:208} INFO - Processing /home/airflow/.local/lib/python3.12/site-packages/airflow/example_dags/tutorial_dag.py took 0.031 seconds
[2025-02-22T17:22:39.188+0000] {processor.py:186} INFO - Started process (PID=900) to work on /home/airflow/.local/lib/python3.12/site-packages/airflow/example_dags/tutorial_dag.py
[2025-02-22T17:22:39.188+0000] {processor.py:914} INFO - Processing file /home/airflow/.local/lib/python3.12/site-packages/airflow/example_dags/tutorial_dag.py for tasks to queue
[2025-02-22T17:22:39.189+0000] {logging_mixin.py:190} INFO - [2025-02-22T17:22:39.189+0000] {dagbag.py:588} INFO - Filling up the DagBag from /home/airflow/.local/lib/python3.12/site-packages/airflow/example_dags/tutorial_dag.py
[2025-02-22T17:22:39.192+0000] {processor.py:925} INFO - DAG(s) 'tutorial_dag' retrieved from /home/airflow/.local/lib/python3.12/site-packages/airflow/example_dags/tutorial_dag.py
[2025-02-22T17:22:39.202+0000] {logging_mixin.py:190} INFO - [2025-02-22T17:22:39.202+0000] {dag.py:3239} INFO - Sync 1 DAGs
[2025-02-22T17:22:39.207+0000] {logging_mixin.py:190} INFO - [2025-02-22T17:22:39.207+0000] {dag.py:4180} INFO - Setting next_dagrun for tutorial_dag to None, run_after=None
[2025-02-22T17:22:39.217+0000] {processor.py:208} INFO - Processing /home/airflow/.local/lib/python3.12/site-packages/airflow/example_dags/tutorial_dag.py took 0.032 seconds
[2025-02-22T17:23:10.414+0000] {processor.py:186} INFO - Started process (PID=963) to work on /home/airflow/.local/lib/python3.12/site-packages/airflow/example_dags/tutorial_dag.py
[2025-02-22T17:23:10.415+0000] {processor.py:914} INFO - Processing file /home/airflow/.local/lib/python3.12/site-packages/airflow/example_dags/tutorial_dag.py for tasks to queue
[2025-02-22T17:23:10.416+0000] {logging_mixin.py:190} INFO - [2025-02-22T17:23:10.416+0000] {dagbag.py:588} INFO - Filling up the DagBag from /home/airflow/.local/lib/python3.12/site-packages/airflow/example_dags/tutorial_dag.py
[2025-02-22T17:23:10.419+0000] {processor.py:925} INFO - DAG(s) 'tutorial_dag' retrieved from /home/airflow/.local/lib/python3.12/site-packages/airflow/example_dags/tutorial_dag.py
[2025-02-22T17:23:10.427+0000] {logging_mixin.py:190} INFO - [2025-02-22T17:23:10.426+0000] {dag.py:3239} INFO - Sync 1 DAGs
[2025-02-22T17:23:10.432+0000] {logging_mixin.py:190} INFO - [2025-02-22T17:23:10.431+0000] {dag.py:4180} INFO - Setting next_dagrun for tutorial_dag to None, run_after=None
[2025-02-22T17:23:10.437+0000] {processor.py:208} INFO - Processing /home/airflow/.local/lib/python3.12/site-packages/airflow/example_dags/tutorial_dag.py took 0.025 seconds
[2025-02-22T17:23:41.721+0000] {processor.py:186} INFO - Started process (PID=1026) to work on /home/airflow/.local/lib/python3.12/site-packages/airflow/example_dags/tutorial_dag.py
[2025-02-22T17:23:41.721+0000] {processor.py:914} INFO - Processing file /home/airflow/.local/lib/python3.12/site-packages/airflow/example_dags/tutorial_dag.py for tasks to queue
[2025-02-22T17:23:41.722+0000] {logging_mixin.py:190} INFO - [2025-02-22T17:23:41.722+0000] {dagbag.py:588} INFO - Filling up the DagBag from /home/airflow/.local/lib/python3.12/site-packages/airflow/example_dags/tutorial_dag.py
[2025-02-22T17:23:41.726+0000] {processor.py:925} INFO - DAG(s) 'tutorial_dag' retrieved from /home/airflow/.local/lib/python3.12/site-packages/airflow/example_dags/tutorial_dag.py
[2025-02-22T17:23:41.735+0000] {logging_mixin.py:190} INFO - [2025-02-22T17:23:41.735+0000] {dag.py:3239} INFO - Sync 1 DAGs
[2025-02-22T17:23:41.740+0000] {logging_mixin.py:190} INFO - [2025-02-22T17:23:41.740+0000] {dag.py:4180} INFO - Setting next_dagrun for tutorial_dag to None, run_after=None
[2025-02-22T17:23:41.749+0000] {processor.py:208} INFO - Processing /home/airflow/.local/lib/python3.12/site-packages/airflow/example_dags/tutorial_dag.py took 0.030 seconds
[2025-02-22T17:24:12.934+0000] {processor.py:186} INFO - Started process (PID=1089) to work on /home/airflow/.local/lib/python3.12/site-packages/airflow/example_dags/tutorial_dag.py
[2025-02-22T17:24:12.935+0000] {processor.py:914} INFO - Processing file /home/airflow/.local/lib/python3.12/site-packages/airflow/example_dags/tutorial_dag.py for tasks to queue
[2025-02-22T17:24:12.935+0000] {logging_mixin.py:190} INFO - [2025-02-22T17:24:12.935+0000] {dagbag.py:588} INFO - Filling up the DagBag from /home/airflow/.local/lib/python3.12/site-packages/airflow/example_dags/tutorial_dag.py
[2025-02-22T17:24:12.938+0000] {processor.py:925} INFO - DAG(s) 'tutorial_dag' retrieved from /home/airflow/.local/lib/python3.12/site-packages/airflow/example_dags/tutorial_dag.py
[2025-02-22T17:24:12.954+0000] {logging_mixin.py:190} INFO - [2025-02-22T17:24:12.954+0000] {dag.py:3239} INFO - Sync 1 DAGs
[2025-02-22T17:24:12.959+0000] {logging_mixin.py:190} INFO - [2025-02-22T17:24:12.959+0000] {dag.py:4180} INFO - Setting next_dagrun for tutorial_dag to None, run_after=None
[2025-02-22T17:24:12.967+0000] {processor.py:208} INFO - Processing /home/airflow/.local/lib/python3.12/site-packages/airflow/example_dags/tutorial_dag.py took 0.035 seconds
[2025-02-22T17:24:44.149+0000] {processor.py:186} INFO - Started process (PID=1151) to work on /home/airflow/.local/lib/python3.12/site-packages/airflow/example_dags/tutorial_dag.py
[2025-02-22T17:24:44.151+0000] {processor.py:914} INFO - Processing file /home/airflow/.local/lib/python3.12/site-packages/airflow/example_dags/tutorial_dag.py for tasks to queue
[2025-02-22T17:24:44.153+0000] {logging_mixin.py:190} INFO - [2025-02-22T17:24:44.153+0000] {dagbag.py:588} INFO - Filling up the DagBag from /home/airflow/.local/lib/python3.12/site-packages/airflow/example_dags/tutorial_dag.py
[2025-02-22T17:24:44.156+0000] {processor.py:925} INFO - DAG(s) 'tutorial_dag' retrieved from /home/airflow/.local/lib/python3.12/site-packages/airflow/example_dags/tutorial_dag.py
[2025-02-22T17:24:44.166+0000] {logging_mixin.py:190} INFO - [2025-02-22T17:24:44.166+0000] {dag.py:3239} INFO - Sync 1 DAGs
[2025-02-22T17:24:44.171+0000] {logging_mixin.py:190} INFO - [2025-02-22T17:24:44.171+0000] {dag.py:4180} INFO - Setting next_dagrun for tutorial_dag to None, run_after=None
[2025-02-22T17:24:44.179+0000] {processor.py:208} INFO - Processing /home/airflow/.local/lib/python3.12/site-packages/airflow/example_dags/tutorial_dag.py took 0.032 seconds
[2025-02-22T17:25:15.430+0000] {processor.py:186} INFO - Started process (PID=1214) to work on /home/airflow/.local/lib/python3.12/site-packages/airflow/example_dags/tutorial_dag.py
[2025-02-22T17:25:15.431+0000] {processor.py:914} INFO - Processing file /home/airflow/.local/lib/python3.12/site-packages/airflow/example_dags/tutorial_dag.py for tasks to queue
[2025-02-22T17:25:15.432+0000] {logging_mixin.py:190} INFO - [2025-02-22T17:25:15.432+0000] {dagbag.py:588} INFO - Filling up the DagBag from /home/airflow/.local/lib/python3.12/site-packages/airflow/example_dags/tutorial_dag.py
[2025-02-22T17:25:15.435+0000] {processor.py:925} INFO - DAG(s) 'tutorial_dag' retrieved from /home/airflow/.local/lib/python3.12/site-packages/airflow/example_dags/tutorial_dag.py
[2025-02-22T17:25:15.445+0000] {logging_mixin.py:190} INFO - [2025-02-22T17:25:15.445+0000] {dag.py:3239} INFO - Sync 1 DAGs
[2025-02-22T17:25:15.450+0000] {logging_mixin.py:190} INFO - [2025-02-22T17:25:15.450+0000] {dag.py:4180} INFO - Setting next_dagrun for tutorial_dag to None, run_after=None
[2025-02-22T17:25:15.458+0000] {processor.py:208} INFO - Processing /home/airflow/.local/lib/python3.12/site-packages/airflow/example_dags/tutorial_dag.py took 0.030 seconds
[2025-02-22T17:25:46.699+0000] {processor.py:186} INFO - Started process (PID=1277) to work on /home/airflow/.local/lib/python3.12/site-packages/airflow/example_dags/tutorial_dag.py
[2025-02-22T17:25:46.700+0000] {processor.py:914} INFO - Processing file /home/airflow/.local/lib/python3.12/site-packages/airflow/example_dags/tutorial_dag.py for tasks to queue
[2025-02-22T17:25:46.700+0000] {logging_mixin.py:190} INFO - [2025-02-22T17:25:46.700+0000] {dagbag.py:588} INFO - Filling up the DagBag from /home/airflow/.local/lib/python3.12/site-packages/airflow/example_dags/tutorial_dag.py
[2025-02-22T17:25:46.704+0000] {processor.py:925} INFO - DAG(s) 'tutorial_dag' retrieved from /home/airflow/.local/lib/python3.12/site-packages/airflow/example_dags/tutorial_dag.py
[2025-02-22T17:25:46.713+0000] {logging_mixin.py:190} INFO - [2025-02-22T17:25:46.713+0000] {dag.py:3239} INFO - Sync 1 DAGs
[2025-02-22T17:25:46.719+0000] {logging_mixin.py:190} INFO - [2025-02-22T17:25:46.719+0000] {dag.py:4180} INFO - Setting next_dagrun for tutorial_dag to None, run_after=None
[2025-02-22T17:25:46.730+0000] {processor.py:208} INFO - Processing /home/airflow/.local/lib/python3.12/site-packages/airflow/example_dags/tutorial_dag.py took 0.034 seconds
[2025-02-22T17:26:16.954+0000] {processor.py:186} INFO - Started process (PID=1340) to work on /home/airflow/.local/lib/python3.12/site-packages/airflow/example_dags/tutorial_dag.py
[2025-02-22T17:26:16.955+0000] {processor.py:914} INFO - Processing file /home/airflow/.local/lib/python3.12/site-packages/airflow/example_dags/tutorial_dag.py for tasks to queue
[2025-02-22T17:26:16.955+0000] {logging_mixin.py:190} INFO - [2025-02-22T17:26:16.955+0000] {dagbag.py:588} INFO - Filling up the DagBag from /home/airflow/.local/lib/python3.12/site-packages/airflow/example_dags/tutorial_dag.py
[2025-02-22T17:26:16.958+0000] {processor.py:925} INFO - DAG(s) 'tutorial_dag' retrieved from /home/airflow/.local/lib/python3.12/site-packages/airflow/example_dags/tutorial_dag.py
[2025-02-22T17:26:16.965+0000] {logging_mixin.py:190} INFO - [2025-02-22T17:26:16.965+0000] {dag.py:3239} INFO - Sync 1 DAGs
[2025-02-22T17:26:16.969+0000] {logging_mixin.py:190} INFO - [2025-02-22T17:26:16.969+0000] {dag.py:4180} INFO - Setting next_dagrun for tutorial_dag to None, run_after=None
[2025-02-22T17:26:16.975+0000] {processor.py:208} INFO - Processing /home/airflow/.local/lib/python3.12/site-packages/airflow/example_dags/tutorial_dag.py took 0.023 seconds
